  0.00000000    -0.00000245
  0.00000050    -0.00000240
  0.00000100    -0.00000235
  0.00000150    -0.00000230
  0.00000200    -0.00000226
  0.00000250    -0.00000221
  0.00000300    -0.00000216
  0.00000350    -0.00000211
  0.00000400    -0.00000207
  0.00000450    -0.00000202
  0.00000501    -0.00000197
  0.00000551    -0.00000193
  0.00000601    -0.00000188
  0.00000651    -0.00000184
  0.00000701    -0.00000179
  0.00000751    -0.00000175
  0.00000801    -0.00000171
  0.00000851    -0.00000167
  0.00000901    -0.00000162
  0.00000951    -0.00000158
  0.00001001    -0.00000154
  0.00001051    -0.00000150
  0.00001101    -0.00000146
  0.00001151    -0.00000142
  0.00001201    -0.00000138
  0.00001251    -0.00000134
  0.00001301    -0.00000130
  0.00001351    -0.00000127
  0.00001401    -0.00000123
  0.00001451    -0.00000119
  0.00001502    -0.00000115
  0.00001552    -0.00000112
  0.00001602    -0.00000108
  0.00001652    -0.00000105
  0.00001702    -0.00000101
  0.00001752    -0.00000098
  0.00001802    -0.00000094
  0.00001852    -0.00000091
  0.00001902    -0.00000088
  0.00001952    -0.00000084
  0.00002002    -0.00000081
  0.00002052    -0.00000078
  0.00002102    -0.00000075
  0.00002152    -0.00000072
  0.00002202    -0.00000069
  0.00002252    -0.00000066
  0.00002302    -0.00000063
  0.00002352    -0.00000060
  0.00002402    -0.00000057
  0.00002452    -0.00000054
  0.00002503    -0.00000051
  0.00002553    -0.00000048
  0.00002603    -0.00000046
  0.00002653    -0.00000043
  0.00002703    -0.00000040
  0.00002753    -0.00000038
  0.00002803    -0.00000035
  0.00002853    -0.00000033
  0.00002903    -0.00000030
  0.00002953    -0.00000028
  0.00003003    -0.00000026
  0.00003053    -0.00000023
  0.00003103    -0.00000021
  0.00003153    -0.00000019
  0.00003203    -0.00000016
  0.00003253    -0.00000014
  0.00003303    -0.00000012
  0.00003353    -0.00000010
  0.00003403    -0.00000008
  0.00003453    -0.00000006
  0.00003504    -0.00000004
  0.00003554    -0.00000002
  0.00003604     0.00000000
  0.00003654     0.00000002
  0.00003704     0.00000004
  0.00003754     0.00000006
  0.00003804     0.00000007
  0.00003854     0.00000009
  0.00003904     0.00000011
  0.00003954     0.00000013
  0.00004004     0.00000014
  0.00004054     0.00000016
  0.00004104     0.00000017
  0.00004154     0.00000019
  0.00004204     0.00000020
  0.00004254     0.00000022
  0.00004304     0.00000023
  0.00004354     0.00000025
  0.00004404     0.00000026
  0.00004454     0.00000027
  0.00004505     0.00000029
  0.00004555     0.00000030
  0.00004605     0.00000031
  0.00004655     0.00000032
  0.00004705     0.00000034
  0.00004755     0.00000035
  0.00004805     0.00000036
  0.00004855     0.00000037
  0.00004905     0.00000038
  0.00004955     0.00000039
  0.00005005     0.00000040
  0.00005055     0.00000041
  0.00005105     0.00000042
  0.00005155     0.00000043
  0.00005205     0.00000044
  0.00005255     0.00000045
  0.00005305     0.00000045
  0.00005355     0.00000046
  0.00005405     0.00000047
  0.00005455     0.00000048
  0.00005506     0.00000048
  0.00005556     0.00000049
  0.00005606     0.00000050
  0.00005656     0.00000050
  0.00005706     0.00000051
  0.00005756     0.00000052
  0.00005806     0.00000052
  0.00005856     0.00000053
  0.00005906     0.00000053
  0.00005956     0.00000054
  0.00006006     0.00000054
  0.00006056     0.00000055
  0.00006106     0.00000055
  0.00006156     0.00000055
  0.00006206     0.00000056
  0.00006256     0.00000056
  0.00006306     0.00000056
  0.00006356     0.00000057
  0.00006406     0.00000057
  0.00006456     0.00000057
  0.00006507     0.00000058
  0.00006557     0.00000058
  0.00006607     0.00000058
  0.00006657     0.00000058
  0.00006707     0.00000058
  0.00006757     0.00000059
  0.00006807     0.00000059
  0.00006857     0.00000059
  0.00006907     0.00000059
  0.00006957     0.00000059
  0.00007007     0.00000059
  0.00007057     0.00000059
  0.00007107     0.00000059
  0.00007157     0.00000059
  0.00007207     0.00000059
  0.00007257     0.00000059
  0.00007307     0.00000059
  0.00007357     0.00000059
  0.00007407     0.00000059
  0.00007457     0.00000059
  0.00007508     0.00000059
  0.00007558     0.00000059
  0.00007608     0.00000058
  0.00007658     0.00000058
  0.00007708     0.00000058
  0.00007758     0.00000058
  0.00007808     0.00000058
  0.00007858     0.00000058
  0.00007908     0.00000057
  0.00007958     0.00000057
  0.00008008     0.00000057
  0.00008058     0.00000057
  0.00008108     0.00000056
  0.00008158     0.00000056
  0.00008208     0.00000056
  0.00008258     0.00000056
  0.00008308     0.00000055
  0.00008358     0.00000055
  0.00008408     0.00000055
  0.00008458     0.00000054
  0.00008509     0.00000054
  0.00008559     0.00000054
  0.00008609     0.00000053
  0.00008659     0.00000053
  0.00008709     0.00000053
  0.00008759     0.00000052
  0.00008809     0.00000052
  0.00008859     0.00000052
  0.00008909     0.00000051
  0.00008959     0.00000051
  0.00009009     0.00000050
  0.00009059     0.00000050
  0.00009109     0.00000049
  0.00009159     0.00000049
  0.00009209     0.00000049
  0.00009259     0.00000048
  0.00009309     0.00000048
  0.00009359     0.00000047
  0.00009409     0.00000047
  0.00009459     0.00000046
  0.00009510     0.00000046
  0.00009560     0.00000045
  0.00009610     0.00000045
  0.00009660     0.00000044
  0.00009710     0.00000044
  0.00009760     0.00000044
  0.00009810     0.00000043
  0.00009860     0.00000043
  0.00009910     0.00000042
  0.00009960     0.00000042
  0.00010010     0.00000041
  0.00010060     0.00000041
  0.00010110     0.00000040
  0.00010160     0.00000040
  0.00010210     0.00000039
  0.00010260     0.00000039
  0.00010310     0.00000038
  0.00010360     0.00000038
  0.00010410     0.00000037
  0.00010460     0.00000036
  0.00010511     0.00000036
  0.00010561     0.00000035
  0.00010611     0.00000035
  0.00010661     0.00000034
  0.00010711     0.00000034
  0.00010761     0.00000033
  0.00010811     0.00000033
  0.00010861     0.00000032
  0.00010911     0.00000032
  0.00010961     0.00000031
  0.00011011     0.00000031
  0.00011061     0.00000030
  0.00011111     0.00000030
  0.00011161     0.00000029
  0.00011211     0.00000029
  0.00011261     0.00000028
  0.00011311     0.00000028
  0.00011361     0.00000027
  0.00011411     0.00000027
  0.00011461     0.00000026
  0.00011512     0.00000026
  0.00011562     0.00000025
  0.00011612     0.00000025
  0.00011662     0.00000024
  0.00011712     0.00000024
  0.00011762     0.00000023
  0.00011812     0.00000023
  0.00011862     0.00000022
  0.00011912     0.00000022
  0.00011962     0.00000021
  0.00012012     0.00000021
  0.00012062     0.00000020
  0.00012112     0.00000020
  0.00012162     0.00000019
  0.00012212     0.00000019
  0.00012262     0.00000019
  0.00012312     0.00000018
  0.00012362     0.00000018
  0.00012412     0.00000017
  0.00012462     0.00000017
  0.00012513     0.00000016
  0.00012563     0.00000016
  0.00012613     0.00000015
  0.00012663     0.00000015
  0.00012713     0.00000015
  0.00012763     0.00000014
  0.00012813     0.00000014
  0.00012863     0.00000013
  0.00012913     0.00000013
  0.00012963     0.00000013
  0.00013013     0.00000012
  0.00013063     0.00000012
  0.00013113     0.00000011
  0.00013163     0.00000011
  0.00013213     0.00000011
  0.00013263     0.00000010
  0.00013313     0.00000010
  0.00013363     0.00000009
  0.00013413     0.00000009
  0.00013463     0.00000009
  0.00013514     0.00000008
  0.00013564     0.00000008
  0.00013614     0.00000008
  0.00013664     0.00000007
  0.00013714     0.00000007
  0.00013764     0.00000007
  0.00013814     0.00000006
  0.00013864     0.00000006
  0.00013914     0.00000006
  0.00013964     0.00000005
  0.00014014     0.00000005
  0.00014064     0.00000005
  0.00014114     0.00000004
  0.00014164     0.00000004
  0.00014214     0.00000004
  0.00014264     0.00000004
  0.00014314     0.00000003
  0.00014364     0.00000003
  0.00014414     0.00000003
  0.00014464     0.00000002
  0.00014515     0.00000002
  0.00014565     0.00000002
  0.00014615     0.00000002
  0.00014665     0.00000001
  0.00014715     0.00000001
  0.00014765     0.00000001
  0.00014815     0.00000001
  0.00014865     0.00000001
  0.00014915     0.00000000
  0.00014965     0.00000000
  0.00015015    -0.00000000
  0.00015065    -0.00000000
  0.00015115    -0.00000001
  0.00015165    -0.00000001
  0.00015215    -0.00000001
  0.00015265    -0.00000001
  0.00015315    -0.00000001
  0.00015365    -0.00000002
  0.00015415    -0.00000002
  0.00015465    -0.00000002
  0.00015516    -0.00000002
  0.00015566    -0.00000002
  0.00015616    -0.00000002
  0.00015666    -0.00000003
  0.00015716    -0.00000003
  0.00015766    -0.00000003
  0.00015816    -0.00000003
  0.00015866    -0.00000003
  0.00015916    -0.00000003
  0.00015966    -0.00000003
  0.00016016    -0.00000003
  0.00016066    -0.00000004
  0.00016116    -0.00000004
  0.00016166    -0.00000004
  0.00016216    -0.00000004
  0.00016266    -0.00000004
  0.00016316    -0.00000004
  0.00016366    -0.00000004
  0.00016416    -0.00000004
  0.00016466    -0.00000004
  0.00016517    -0.00000005
  0.00016567    -0.00000005
  0.00016617    -0.00000005
  0.00016667    -0.00000005
  0.00016717    -0.00000005
  0.00016767    -0.00000005
  0.00016817    -0.00000005
  0.00016867    -0.00000005
  0.00016917    -0.00000005
  0.00016967    -0.00000005
  0.00017017    -0.00000005
  0.00017067    -0.00000005
  0.00017117    -0.00000005
  0.00017167    -0.00000005
  0.00017217    -0.00000005
  0.00017267    -0.00000005
  0.00017317    -0.00000006
  0.00017367    -0.00000006
  0.00017417    -0.00000006
  0.00017467    -0.00000006
  0.00017518    -0.00000006
  0.00017568    -0.00000006
  0.00017618    -0.00000006
  0.00017668    -0.00000006
  0.00017718    -0.00000006
  0.00017768    -0.00000006
  0.00017818    -0.00000006
  0.00017868    -0.00000006
  0.00017918    -0.00000006
  0.00017968    -0.00000006
  0.00018018    -0.00000006
  0.00018068    -0.00000006
  0.00018118    -0.00000006
  0.00018168    -0.00000006
  0.00018218    -0.00000006
  0.00018268    -0.00000006
  0.00018318    -0.00000006
  0.00018368    -0.00000006
  0.00018418    -0.00000006
  0.00018468    -0.00000006
  0.00018519    -0.00000006
  0.00018569    -0.00000006
  0.00018619    -0.00000006
  0.00018669    -0.00000006
  0.00018719    -0.00000006
  0.00018769    -0.00000005
  0.00018819    -0.00000005
  0.00018869    -0.00000005
  0.00018919    -0.00000005
  0.00018969    -0.00000005
  0.00019019    -0.00000005
  0.00019069    -0.00000005
  0.00019119    -0.00000005
  0.00019169    -0.00000005
  0.00019219    -0.00000005
  0.00019269    -0.00000005
  0.00019319    -0.00000005
  0.00019369    -0.00000005
  0.00019419    -0.00000005
  0.00019469    -0.00000005
  0.00019520    -0.00000005
  0.00019570    -0.00000005
  0.00019620    -0.00000005
  0.00019670    -0.00000005
  0.00019720    -0.00000005
  0.00019770    -0.00000005
  0.00019820    -0.00000005
  0.00019870    -0.00000005
  0.00019920    -0.00000004
  0.00019970    -0.00000004
  0.00020020    -0.00000004
  0.00020070    -0.00000004
  0.00020120    -0.00000004
  0.00020170    -0.00000004
  0.00020220    -0.00000004
  0.00020270    -0.00000004
  0.00020320    -0.00000004
  0.00020370    -0.00000004
  0.00020420    -0.00000004
  0.00020470    -0.00000004
  0.00020521    -0.00000004
  0.00020571    -0.00000004
  0.00020621    -0.00000004
  0.00020671    -0.00000004
  0.00020721    -0.00000004
  0.00020771    -0.00000003
  0.00020821    -0.00000003
  0.00020871    -0.00000003
  0.00020921    -0.00000003
  0.00020971    -0.00000003
  0.00021021    -0.00000003
  0.00021071    -0.00000003
  0.00021121    -0.00000003
  0.00021171    -0.00000003
  0.00021221    -0.00000003
  0.00021271    -0.00000003
  0.00021321    -0.00000003
  0.00021371    -0.00000003
  0.00021421    -0.00000003
  0.00021471    -0.00000003
  0.00021522    -0.00000003
  0.00021572    -0.00000003
  0.00021622    -0.00000002
  0.00021672    -0.00000002
  0.00021722    -0.00000002
  0.00021772    -0.00000002
  0.00021822    -0.00000002
  0.00021872    -0.00000002
  0.00021922    -0.00000002
  0.00021972    -0.00000002
  0.00022022    -0.00000002
  0.00022072    -0.00000002
  0.00022122    -0.00000002
  0.00022172    -0.00000002
  0.00022222    -0.00000002
  0.00022272    -0.00000002
  0.00022322    -0.00000002
  0.00022372    -0.00000002
  0.00022422    -0.00000002
  0.00022472    -0.00000002
  0.00022523    -0.00000001
  0.00022573    -0.00000001
  0.00022623    -0.00000001
  0.00022673    -0.00000001
  0.00022723    -0.00000001
  0.00022773    -0.00000001
  0.00022823    -0.00000001
  0.00022873    -0.00000001
  0.00022923    -0.00000001
  0.00022973    -0.00000001
  0.00023023    -0.00000001
  0.00023073    -0.00000001
  0.00023123    -0.00000001
  0.00023173    -0.00000001
  0.00023223    -0.00000001
  0.00023273    -0.00000001
  0.00023323    -0.00000001
  0.00023373    -0.00000001
  0.00023423    -0.00000001
  0.00023473    -0.00000001
  0.00023524    -0.00000001
  0.00023574    -0.00000001
  0.00023624    -0.00000000
  0.00023674    -0.00000000
  0.00023724    -0.00000000
  0.00023774    -0.00000000
  0.00023824    -0.00000000
  0.00023874    -0.00000000
  0.00023924    -0.00000000
  0.00023974    -0.00000000
  0.00024024    -0.00000000
  0.00024074    -0.00000000
  0.00024124    -0.00000000
  0.00024174    -0.00000000
  0.00024224    -0.00000000
  0.00024274    -0.00000000
  0.00024324    -0.00000000
  0.00024374     0.00000000
  0.00024424     0.00000000
  0.00024474     0.00000000
  0.00024525     0.00000000
  0.00024575     0.00000000
  0.00024625     0.00000000
  0.00024675     0.00000000
  0.00024725     0.00000000
  0.00024775     0.00000000
  0.00024825     0.00000000
  0.00024875     0.00000000
  0.00024925     0.00000000
  0.00024975     0.00000000
  0.00025025     0.00000000
  0.00025075     0.00000000
  0.00025125     0.00000000
  0.00025175     0.00000000
  0.00025225     0.00000000
  0.00025275     0.00000000
  0.00025325     0.00000000
  0.00025375     0.00000000
  0.00025425     0.00000000
  0.00025475     0.00000000
  0.00025526     0.00000000
  0.00025576     0.00000000
  0.00025626     0.00000001
  0.00025676     0.00000001
  0.00025726     0.00000001
  0.00025776     0.00000001
  0.00025826     0.00000001
  0.00025876     0.00000001
  0.00025926     0.00000001
  0.00025976     0.00000001
  0.00026026     0.00000001
  0.00026076     0.00000001
  0.00026126     0.00000001
  0.00026176     0.00000001
  0.00026226     0.00000001
  0.00026276     0.00000001
  0.00026326     0.00000001
  0.00026376     0.00000001
  0.00026426     0.00000001
  0.00026476     0.00000001
  0.00026527     0.00000001
  0.00026577     0.00000001
  0.00026627     0.00000001
  0.00026677     0.00000001
  0.00026727     0.00000001
  0.00026777     0.00000001
  0.00026827     0.00000001
  0.00026877     0.00000001
  0.00026927     0.00000001
  0.00026977     0.00000001
  0.00027027     0.00000001
  0.00027077     0.00000001
  0.00027127     0.00000001
  0.00027177     0.00000001
  0.00027227     0.00000001
  0.00027277     0.00000001
  0.00027327     0.00000001
  0.00027377     0.00000001
  0.00027427     0.00000001
  0.00027477     0.00000001
  0.00027528     0.00000001
  0.00027578     0.00000001
  0.00027628     0.00000001
  0.00027678     0.00000001
  0.00027728     0.00000001
  0.00027778     0.00000001
  0.00027828     0.00000001
  0.00027878     0.00000001
  0.00027928     0.00000001
  0.00027978     0.00000001
  0.00028028     0.00000001
  0.00028078     0.00000001
  0.00028128     0.00000001
  0.00028178     0.00000001
  0.00028228     0.00000001
  0.00028278     0.00000001
  0.00028328     0.00000001
  0.00028378     0.00000001
  0.00028428     0.00000001
  0.00028478     0.00000001
  0.00028529     0.00000001
  0.00028579     0.00000001
  0.00028629     0.00000001
  0.00028679     0.00000001
  0.00028729     0.00000001
  0.00028779     0.00000001
  0.00028829     0.00000001
  0.00028879     0.00000001
  0.00028929     0.00000001
  0.00028979     0.00000001
  0.00029029     0.00000001
  0.00029079     0.00000000
  0.00029129     0.00000000
  0.00029179     0.00000000
  0.00029229     0.00000000
  0.00029279     0.00000000
  0.00029329     0.00000000
  0.00029379     0.00000000
  0.00029429     0.00000000
  0.00029479     0.00000000
  0.00029530     0.00000000
  0.00029580     0.00000000
  0.00029630     0.00000000
  0.00029680     0.00000000
  0.00029730     0.00000000
  0.00029780     0.00000000
  0.00029830     0.00000000
  0.00029880     0.00000000
  0.00029930     0.00000000
  0.00029980     0.00000000
  0.00030030     0.00000000
  0.00030080     0.00000000
  0.00030130     0.00000000
  0.00030180     0.00000000
  0.00030230     0.00000000
  0.00030280     0.00000000
  0.00030330     0.00000000
  0.00030380     0.00000000
  0.00030430     0.00000000
  0.00030480     0.00000000
  0.00030531     0.00000000
  0.00030581     0.00000000
  0.00030631     0.00000000
  0.00030681     0.00000000
  0.00030731     0.00000000
  0.00030781     0.00000000
  0.00030831     0.00000000
  0.00030881     0.00000000
  0.00030931     0.00000000
  0.00030981     0.00000000
  0.00031031     0.00000000
  0.00031081     0.00000000
  0.00031131     0.00000000
  0.00031181     0.00000000
  0.00031231     0.00000000
  0.00031281     0.00000000
  0.00031331     0.00000000
  0.00031381     0.00000000
  0.00031431     0.00000000
  0.00031481     0.00000000
  0.00031532     0.00000000
  0.00031582     0.00000000
  0.00031632     0.00000000
  0.00031682     0.00000000
  0.00031732     0.00000000
  0.00031782     0.00000000
  0.00031832     0.00000000
  0.00031882     0.00000000
  0.00031932     0.00000000
  0.00031982     0.00000000
  0.00032032     0.00000000
  0.00032082     0.00000000
  0.00032132     0.00000000
  0.00032182     0.00000000
  0.00032232     0.00000000
  0.00032282     0.00000000
  0.00032332     0.00000000
  0.00032382     0.00000000
  0.00032432     0.00000000
  0.00032482     0.00000000
  0.00032533     0.00000000
  0.00032583     0.00000000
  0.00032633     0.00000000
  0.00032683     0.00000000
  0.00032733     0.00000000
  0.00032783    -0.00000000
  0.00032833    -0.00000000
  0.00032883    -0.00000000
  0.00032933    -0.00000000
  0.00032983    -0.00000000
  0.00033033    -0.00000000
  0.00033083    -0.00000000
  0.00033133    -0.00000000
  0.00033183    -0.00000000
  0.00033233    -0.00000000
  0.00033283    -0.00000000
  0.00033333    -0.00000000
  0.00033383    -0.00000000
  0.00033433    -0.00000000
  0.00033483    -0.00000000
  0.00033534    -0.00000000
  0.00033584    -0.00000000
  0.00033634    -0.00000000
  0.00033684    -0.00000000
  0.00033734    -0.00000000
  0.00033784    -0.00000000
  0.00033834    -0.00000000
  0.00033884    -0.00000000
  0.00033934    -0.00000000
  0.00033984    -0.00000000
  0.00034034    -0.00000000
  0.00034084    -0.00000000
  0.00034134    -0.00000000
  0.00034184    -0.00000000
  0.00034234    -0.00000000
  0.00034284    -0.00000000
  0.00034334    -0.00000000
  0.00034384    -0.00000000
  0.00034434    -0.00000000
  0.00034484    -0.00000000
  0.00034535    -0.00000000
  0.00034585    -0.00000000
  0.00034635    -0.00000000
  0.00034685    -0.00000000
  0.00034735    -0.00000000
  0.00034785    -0.00000000
  0.00034835    -0.00000000
  0.00034885    -0.00000000
  0.00034935    -0.00000000
  0.00034985    -0.00000000
  0.00035035    -0.00000000
  0.00035085    -0.00000000
  0.00035135    -0.00000000
  0.00035185    -0.00000000
  0.00035235    -0.00000000
  0.00035285    -0.00000000
  0.00035335    -0.00000000
  0.00035385    -0.00000000
  0.00035435    -0.00000000
  0.00035485    -0.00000000
  0.00035536    -0.00000000
  0.00035586    -0.00000000
  0.00035636    -0.00000000
  0.00035686    -0.00000000
  0.00035736    -0.00000000
  0.00035786    -0.00000000
  0.00035836    -0.00000000
  0.00035886    -0.00000000
  0.00035936    -0.00000000
  0.00035986    -0.00000000
  0.00036036    -0.00000000
  0.00036086    -0.00000000
  0.00036136    -0.00000000
  0.00036186    -0.00000000
  0.00036236    -0.00000000
  0.00036286    -0.00000000
  0.00036336    -0.00000000
  0.00036386    -0.00000000
  0.00036436    -0.00000000
  0.00036486    -0.00000000
  0.00036537    -0.00000000
  0.00036587    -0.00000000
  0.00036637    -0.00000000
  0.00036687    -0.00000000
  0.00036737    -0.00000000
  0.00036787    -0.00000000
  0.00036837    -0.00000000
  0.00036887    -0.00000000
  0.00036937    -0.00000000
  0.00036987    -0.00000000
  0.00037037    -0.00000000
  0.00037087    -0.00000000
  0.00037137    -0.00000000
  0.00037187    -0.00000000
  0.00037237    -0.00000000
  0.00037287    -0.00000000
  0.00037337    -0.00000000
  0.00037387    -0.00000000
  0.00037437    -0.00000000
  0.00037487    -0.00000000
  0.00037538    -0.00000000
  0.00037588    -0.00000000
  0.00037638    -0.00000000
  0.00037688    -0.00000000
  0.00037738    -0.00000000
  0.00037788    -0.00000000
  0.00037838    -0.00000000
  0.00037888    -0.00000000
  0.00037938    -0.00000000
  0.00037988    -0.00000000
  0.00038038    -0.00000000
  0.00038088    -0.00000000
  0.00038138    -0.00000000
  0.00038188    -0.00000000
  0.00038238    -0.00000000
  0.00038288    -0.00000000
  0.00038338    -0.00000000
  0.00038388    -0.00000000
  0.00038438    -0.00000000
  0.00038488    -0.00000000
  0.00038539    -0.00000000
  0.00038589    -0.00000000
  0.00038639    -0.00000000
  0.00038689    -0.00000000
  0.00038739    -0.00000000
  0.00038789    -0.00000000
  0.00038839    -0.00000000
  0.00038889    -0.00000000
  0.00038939    -0.00000000
  0.00038989    -0.00000000
  0.00039039    -0.00000000
  0.00039089    -0.00000000
  0.00039139    -0.00000000
  0.00039189    -0.00000000
  0.00039239    -0.00000000
  0.00039289    -0.00000000
  0.00039339    -0.00000000
  0.00039389    -0.00000000
  0.00039439    -0.00000000
  0.00039489    -0.00000000
  0.00039540    -0.00000000
  0.00039590    -0.00000000
  0.00039640    -0.00000000
  0.00039690    -0.00000000
  0.00039740    -0.00000000
  0.00039790    -0.00000000
  0.00039840    -0.00000000
  0.00039890    -0.00000000
  0.00039940    -0.00000000
  0.00039990    -0.00000000
  0.00040040    -0.00000000
  0.00040090    -0.00000000
  0.00040140    -0.00000000
  0.00040190    -0.00000000
  0.00040240    -0.00000000
  0.00040290    -0.00000000
  0.00040340    -0.00000000
  0.00040390    -0.00000000
  0.00040440    -0.00000000
  0.00040490    -0.00000000
  0.00040541     0.00000000
  0.00040591     0.00000000
  0.00040641     0.00000000
  0.00040691     0.00000000
  0.00040741     0.00000000
  0.00040791     0.00000000
  0.00040841     0.00000000
  0.00040891     0.00000000
  0.00040941     0.00000000
  0.00040991     0.00000000
  0.00041041     0.00000000
  0.00041091     0.00000000
  0.00041141     0.00000000
  0.00041191     0.00000000
  0.00041241     0.00000000
  0.00041291     0.00000000
  0.00041341     0.00000000
  0.00041391     0.00000000
  0.00041441     0.00000000
  0.00041491     0.00000000
  0.00041542     0.00000000
  0.00041592     0.00000000
  0.00041642     0.00000000
  0.00041692     0.00000000
  0.00041742     0.00000000
  0.00041792     0.00000000
  0.00041842     0.00000000
  0.00041892     0.00000000
  0.00041942     0.00000000
  0.00041992     0.00000000
  0.00042042     0.00000000
  0.00042092     0.00000000
  0.00042142     0.00000000
  0.00042192     0.00000000
  0.00042242     0.00000000
  0.00042292     0.00000000
  0.00042342     0.00000000
  0.00042392     0.00000000
  0.00042442     0.00000000
  0.00042492     0.00000000
  0.00042543     0.00000000
  0.00042593     0.00000000
  0.00042643     0.00000000
  0.00042693     0.00000000
  0.00042743     0.00000000
  0.00042793     0.00000000
  0.00042843     0.00000000
  0.00042893     0.00000000
  0.00042943     0.00000000
  0.00042993     0.00000000
  0.00043043     0.00000000
  0.00043093     0.00000000
  0.00043143     0.00000000
  0.00043193     0.00000000
  0.00043243     0.00000000
  0.00043293     0.00000000
  0.00043343     0.00000000
  0.00043393     0.00000000
  0.00043443     0.00000000
  0.00043493     0.00000000
  0.00043544     0.00000000
  0.00043594     0.00000000
  0.00043644     0.00000000
  0.00043694     0.00000000
  0.00043744     0.00000000
  0.00043794     0.00000000
  0.00043844     0.00000000
  0.00043894     0.00000000
  0.00043944     0.00000000
  0.00043994     0.00000000
  0.00044044     0.00000000
  0.00044094     0.00000000
  0.00044144     0.00000000
  0.00044194     0.00000000
  0.00044244     0.00000000
  0.00044294     0.00000000
  0.00044344     0.00000000
  0.00044394     0.00000000
  0.00044444     0.00000000
  0.00044494     0.00000000
  0.00044545     0.00000000
  0.00044595     0.00000000
  0.00044645     0.00000000
  0.00044695     0.00000000
  0.00044745     0.00000000
  0.00044795     0.00000000
  0.00044845     0.00000000
  0.00044895     0.00000000
  0.00044945     0.00000000
  0.00044995     0.00000000
  0.00045045     0.00000000
  0.00045095     0.00000000
  0.00045145     0.00000000
  0.00045195     0.00000000
  0.00045245     0.00000000
  0.00045295     0.00000000
  0.00045345     0.00000000
  0.00045395     0.00000000
  0.00045445     0.00000000
  0.00045495     0.00000000
  0.00045546     0.00000000
  0.00045596     0.00000000
  0.00045646     0.00000000
  0.00045696     0.00000000
  0.00045746     0.00000000
  0.00045796     0.00000000
  0.00045846     0.00000000
  0.00045896     0.00000000
  0.00045946     0.00000000
  0.00045996     0.00000000
  0.00046046     0.00000000
  0.00046096     0.00000000
  0.00046146     0.00000000
  0.00046196     0.00000000
  0.00046246     0.00000000
  0.00046296     0.00000000
  0.00046346     0.00000000
  0.00046396     0.00000000
  0.00046446     0.00000000
  0.00046496     0.00000000
  0.00046547     0.00000000
  0.00046597     0.00000000
  0.00046647     0.00000000
  0.00046697     0.00000000
  0.00046747     0.00000000
  0.00046797     0.00000000
  0.00046847     0.00000000
  0.00046897     0.00000000
  0.00046947     0.00000000
  0.00046997     0.00000000
  0.00047047     0.00000000
  0.00047097     0.00000000
  0.00047147     0.00000000
  0.00047197     0.00000000
  0.00047247     0.00000000
  0.00047297     0.00000000
  0.00047347     0.00000000
  0.00047397     0.00000000
  0.00047447     0.00000000
  0.00047497     0.00000000
  0.00047548     0.00000000
  0.00047598     0.00000000
  0.00047648     0.00000000
  0.00047698     0.00000000
  0.00047748     0.00000000
  0.00047798     0.00000000
  0.00047848     0.00000000
  0.00047898     0.00000000
  0.00047948     0.00000000
  0.00047998     0.00000000
  0.00048048     0.00000000
  0.00048098     0.00000000
  0.00048148     0.00000000
  0.00048198     0.00000000
  0.00048248     0.00000000
  0.00048298     0.00000000
  0.00048348     0.00000000
  0.00048398     0.00000000
  0.00048448     0.00000000
  0.00048498     0.00000000
  0.00048549     0.00000000
  0.00048599     0.00000000
  0.00048649     0.00000000
  0.00048699     0.00000000
  0.00048749     0.00000000
  0.00048799     0.00000000
  0.00048849     0.00000000
  0.00048899     0.00000000
  0.00048949     0.00000000
  0.00048999     0.00000000
  0.00049049     0.00000000
  0.00049099     0.00000000
  0.00049149     0.00000000
  0.00049199     0.00000000
  0.00049249     0.00000000
  0.00049299     0.00000000
  0.00049349     0.00000000
  0.00049399     0.00000000
  0.00049449     0.00000000
  0.00049499     0.00000000
  0.00049550     0.00000000
  0.00049600     0.00000000
  0.00049650     0.00000000
  0.00049700     0.00000000
  0.00049750     0.00000000
  0.00049800     0.00000000
  0.00049850     0.00000000
  0.00049900    -0.00000000
  0.00049950    -0.00000000
  0.00050000     0.00000000
