0.000000000E+00   -4.751148597E-02
2.512562814E-02   -4.501148597E-02
5.025125628E-02   -4.257323475E-02
7.537688442E-02   -4.019673232E-02
1.005025126E-01   -3.788193886E-02
1.256281407E-01   -3.562877564E-02
1.507537688E-01   -3.343712496E-02
1.758793970E-01   -3.130683021E-02
2.010050251E-01   -2.923769596E-02
2.261306533E-01   -2.722948813E-02
2.512562814E-01   -2.528193420E-02
2.763819095E-01   -2.339472345E-02
3.015075377E-01   -2.156750730E-02
3.266331658E-01   -1.979989970E-02
3.517587940E-01   -1.809147754E-02
3.768844221E-01   -1.644178118E-02
4.020100503E-01   -1.485031495E-02
4.271356784E-01   -1.331654777E-02
4.522613065E-01   -1.183991383E-02
4.773869347E-01   -1.041981324E-02
5.025125628E-01   -9.055612854E-03
5.276381910E-01   -7.746647005E-03
5.527638191E-01   -6.492218419E-03
5.778894472E-01   -5.291599086E-03
6.030150754E-01   -4.144031221E-03
6.281407035E-01   -3.048728249E-03
6.532663317E-01   -2.004875839E-03
6.783919598E-01   -1.011632979E-03
7.035175879E-01   -6.813308466E-05
7.286432161E-01   8.265148578E-04
7.537688442E-01   1.673225109E-03
7.788944724E-01   2.472933968E-03
8.040201005E-01   3.226598539E-03
8.291457286E-01   3.935195461E-03
8.542713568E-01   4.599719627E-03
8.793969849E-01   5.221182873E-03
9.045226131E-01   5.800612656E-03
9.296482412E-01   6.339050711E-03
9.547738693E-01   6.837551700E-03
9.798994975E-01   7.297181845E-03
1.005025126E+00   7.719017565E-03
1.030150754E+00   8.104144092E-03
1.055276382E+00   8.453654103E-03
1.080402010E+00   8.768646342E-03
1.105527638E+00   9.050224245E-03
1.130653266E+00   9.299494580E-03
1.155778894E+00   9.517566087E-03
1.180904523E+00   9.705548137E-03
1.206030151E+00   9.864549395E-03
1.231155779E+00   9.995676513E-03
1.256281407E+00   1.010003283E-02
1.281407035E+00   1.017871710E-02
1.306532663E+00   1.023282225E-02
1.331658291E+00   1.026343412E-02
1.356783920E+00   1.027163033E-02
1.381909548E+00   1.025847905E-02
1.407035176E+00   1.022503789E-02
1.432160804E+00   1.017235281E-02
1.457286432E+00   1.010145704E-02
1.482412060E+00   1.001337003E-02
1.507537688E+00   9.909096524E-03
1.532663317E+00   9.789625521E-03
1.557788945E+00   9.655929429E-03
1.582914573E+00   9.508963171E-03
1.608040201E+00   9.349663364E-03
1.633165829E+00   9.178947537E-03
1.658291457E+00   8.997713396E-03
1.683417085E+00   8.806838133E-03
1.708542714E+00   8.607177782E-03
1.733668342E+00   8.399566622E-03
1.758793970E+00   8.184816626E-03
1.783919598E+00   7.963716960E-03
1.809045226E+00   7.737033524E-03
1.834170854E+00   7.505508551E-03
1.859296482E+00   7.269860240E-03
1.884422111E+00   7.030782449E-03
1.909547739E+00   6.788944424E-03
1.934673367E+00   6.544990584E-03
1.959798995E+00   6.299540349E-03
1.984924623E+00   6.053188008E-03
2.010050251E+00   5.806502641E-03
2.035175879E+00   5.560028077E-03
2.060301508E+00   5.314282906E-03
2.085427136E+00   5.069760519E-03
2.110552764E+00   4.826929200E-03
2.135678392E+00   4.586232259E-03
2.160804020E+00   4.348088193E-03
2.185929648E+00   4.112890900E-03
2.211055276E+00   3.881009919E-03
2.236180905E+00   3.652790707E-03
2.261306533E+00   3.428554954E-03
2.286432161E+00   3.208600931E-03
2.311557789E+00   2.993203859E-03
2.336683417E+00   2.782616323E-03
2.361809045E+00   2.577068702E-03
2.386934673E+00   2.376769631E-03
2.412060302E+00   2.181906489E-03
2.437185930E+00   1.992645903E-03
2.462311558E+00   1.809134287E-03
2.487437186E+00   1.631498384E-03
2.512562814E+00   1.459845846E-03
2.537688442E+00   1.294265814E-03
2.562814070E+00   1.134829522E-03
2.587939698E+00   9.815909126E-04
2.613065327E+00   8.345872678E-04
2.638190955E+00   6.938398433E-04
2.663316583E+00   5.593545186E-04
2.688442211E+00   4.311224506E-04
2.713567839E+00   3.091207345E-04
2.738693467E+00   1.933130686E-04
2.763819095E+00   8.365042167E-05
2.788944724E+00   -1.992829761E-05
2.814070352E+00   -1.174955721E-04
2.839195980E+00   -2.091346085E-04
2.864321608E+00   -2.949386724E-04
2.889447236E+00   -3.750104280E-04
2.914572864E+00   -4.494612819E-04
2.939698492E+00   -5.184107349E-04
2.964824121E+00   -5.819857402E-04
2.989949749E+00   -6.403200709E-04
3.015075377E+00   -6.935536974E-04
3.040201005E+00   -7.418321754E-04
3.065326633E+00   -7.853060456E-04
3.090452261E+00   -8.241302465E-04
3.115577889E+00   -8.584635401E-04
3.140703518E+00   -8.884679528E-04
3.165829146E+00   -9.143082301E-04
3.190954774E+00   -9.361513085E-04
3.216080402E+00   -9.541658024E-04
3.241206030E+00   -9.685215093E-04
3.266331658E+00   -9.793889313E-04
3.291457286E+00   -9.869388152E-04
3.316582915E+00   -9.913417109E-04
3.341708543E+00   -9.927675485E-04
3.366834171E+00   -9.913852342E-04
3.391959799E+00   -9.873622660E-04
3.417085427E+00   -9.808643685E-04
3.442211055E+00   -9.720551477E-04
3.467336683E+00   -9.610957650E-04
3.492462312E+00   -9.481446321E-04
3.517587940E+00   -9.333571248E-04
3.542713568E+00   -9.168853172E-04
3.567839196E+00   -8.988777353E-04
3.592964824E+00   -8.794791309E-04
3.618090452E+00   -8.588302743E-04
3.643216080E+00   -8.370677669E-04
3.668341709E+00   -8.143238723E-04
3.693467337E+00   -7.907263674E-04
3.718592965E+00   -7.663984104E-04
3.743718593E+00   -7.414584285E-04
3.768844221E+00   -7.160200224E-04
3.793969849E+00   -6.901918891E-04
3.819095477E+00   -6.640777611E-04
3.844221106E+00   -6.377763620E-04
3.869346734E+00   -6.113813794E-04
3.894472362E+00   -5.849814518E-04
3.919597990E+00   -5.586601717E-04
3.944723618E+00   -5.324961028E-04
3.969849246E+00   -5.065628113E-04
3.994974874E+00   -4.809289103E-04
4.020100503E+00   -4.556581174E-04
4.045226131E+00   -4.308093240E-04
4.070351759E+00   -4.064366768E-04
4.095477387E+00   -3.825896692E-04
4.120603015E+00   -3.593132440E-04
4.145728643E+00   -3.366479050E-04
4.170854271E+00   -3.146298375E-04
4.195979899E+00   -2.932910378E-04
4.221105528E+00   -2.726594487E-04
4.246231156E+00   -2.527591035E-04
4.271356784E+00   -2.336102753E-04
4.296482412E+00   -2.152296314E-04
4.321608040E+00   -1.976303933E-04
4.346733668E+00   -1.808224998E-04
4.371859296E+00   -1.648127741E-04
4.396984925E+00   -1.496050932E-04
4.422110553E+00   -1.352005588E-04
4.447236181E+00   -1.215976697E-04
4.472361809E+00   -1.087924947E-04
4.497487437E+00   -9.677884503E-05
4.522613065E+00   -8.554844543E-05
4.547738693E+00   -7.509110392E-05
4.572864322E+00   -6.539487889E-05
4.597989950E+00   -5.644624296E-05
4.623115578E+00   -4.823024297E-05
4.648241206E+00   -4.073065527E-05
4.673366834E+00   -3.393013571E-05
4.698492462E+00   -2.781036352E-05
4.723618090E+00   -2.235217835E-05
4.748743719E+00   -1.753570988E-05
4.773869347E+00   -1.334049917E-05
4.798994975E+00   -9.745611033E-06
4.824120603E+00   -6.729736850E-06
4.849246231E+00   -4.271286944E-06
4.874371859E+00   -2.348471921E-06
4.899497487E+00   -9.393722242E-07
4.924623116E+00   -2.199519509E-08
4.949748744E+00   4.256810655E-07
4.974874372E+00   4.256777472E-07
5.000000000E+00   0.000000000E+00
