#iteration 3
#x(nm)          y(nm)   chemical_potential  chemical_potential_gradient matter_increment
0.000000000E+00    -2.202401380E+01    -2.781862451E+02    -9.545418798E+08    1.006905467E+09
-5.207179887E+00    3.909996704E+00    2.267872091E+02    -8.251679369E+07    1.093948909E+09
4.748209903E+00    -8.135021312E-01    1.437830735E+02    -4.017132257E+08    5.107935694E+08
7.561153931E+00    -4.242199631E-01    3.168224671E+01    3.683029081E+08    3.524311729E+07
1.000366937E+01    -4.271949058E-02    1.215698750E+02    -4.862795001E+08    1.244484690E+08
1.250149828E+01    -1.752335016E-01    0.000000000E+00    0.000000000E+00    5.129554791E+08
1.500000000E+01    0.000000000E+00    0.000000000E+00    0.000000000E+00    -0.000000000E+00
1.750000000E+01    0.000000000E+00    0.000000000E+00    0.000000000E+00    -0.000000000E+00
2.000000000E+01    0.000000000E+00    0.000000000E+00    0.000000000E+00    -0.000000000E+00
2.250000000E+01    0.000000000E+00    0.000000000E+00    0.000000000E+00    -0.000000000E+00
2.500000000E+01    0.000000000E+00    0.000000000E+00    0.000000000E+00    -0.000000000E+00
2.750000000E+01    0.000000000E+00    0.000000000E+00    0.000000000E+00    -0.000000000E+00
3.000000000E+01    0.000000000E+00    0.000000000E+00    0.000000000E+00    -0.000000000E+00
3.250000000E+01    0.000000000E+00    0.000000000E+00    0.000000000E+00    -0.000000000E+00
3.500000000E+01    0.000000000E+00    0.000000000E+00    0.000000000E+00    -0.000000000E+00
3.750000000E+01    0.000000000E+00    0.000000000E+00    0.000000000E+00    -0.000000000E+00
4.000000000E+01    0.000000000E+00    0.000000000E+00    0.000000000E+00    -0.000000000E+00
4.250000000E+01    0.000000000E+00    0.000000000E+00    0.000000000E+00    -0.000000000E+00
4.500000000E+01    0.000000000E+00    0.000000000E+00    0.000000000E+00    -0.000000000E+00
4.750000000E+01    0.000000000E+00    0.000000000E+00    0.000000000E+00    -0.000000000E+00
5.000000000E+01    0.000000000E+00    0.000000000E+00    0.000000000E+00    -0.000000000E+00
5.250000000E+01    0.000000000E+00    0.000000000E+00    0.000000000E+00    -0.000000000E+00
5.500000000E+01    0.000000000E+00    0.000000000E+00    0.000000000E+00    -0.000000000E+00
5.750000000E+01    0.000000000E+00    0.000000000E+00    0.000000000E+00    -0.000000000E+00
6.000000000E+01    0.000000000E+00    0.000000000E+00    0.000000000E+00    -0.000000000E+00
6.250000000E+01    0.000000000E+00    0.000000000E+00    0.000000000E+00    -0.000000000E+00
6.500000000E+01    0.000000000E+00    0.000000000E+00    0.000000000E+00    -0.000000000E+00
6.750000000E+01    0.000000000E+00    0.000000000E+00    0.000000000E+00    -0.000000000E+00
7.000000000E+01    0.000000000E+00    0.000000000E+00    0.000000000E+00    -0.000000000E+00
7.250000000E+01    0.000000000E+00    0.000000000E+00    0.000000000E+00    -0.000000000E+00
7.500000000E+01    0.000000000E+00    0.000000000E+00    0.000000000E+00    -0.000000000E+00
7.750000000E+01    0.000000000E+00    0.000000000E+00    0.000000000E+00    -0.000000000E+00
8.000000000E+01    0.000000000E+00    0.000000000E+00    0.000000000E+00    -0.000000000E+00
8.250000000E+01    0.000000000E+00    0.000000000E+00    0.000000000E+00    -0.000000000E+00
8.500000000E+01    0.000000000E+00    0.000000000E+00    0.000000000E+00    -0.000000000E+00
8.750000000E+01    0.000000000E+00    0.000000000E+00    0.000000000E+00    -0.000000000E+00
9.000000000E+01    0.000000000E+00    0.000000000E+00    0.000000000E+00    -0.000000000E+00
9.250000000E+01    0.000000000E+00    0.000000000E+00    0.000000000E+00    -0.000000000E+00
9.500000000E+01    0.000000000E+00    0.000000000E+00    0.000000000E+00    -0.000000000E+00
9.750000000E+01    0.000000000E+00    0.000000000E+00    0.000000000E+00    -0.000000000E+00
1.000000000E+02    0.000000000E+00    0.000000000E+00    0.000000000E+00    -0.000000000E+00
1.025000000E+02    0.000000000E+00    0.000000000E+00    0.000000000E+00    -0.000000000E+00
1.050000000E+02    0.000000000E+00    0.000000000E+00    0.000000000E+00    -0.000000000E+00
1.075000000E+02    0.000000000E+00    0.000000000E+00    0.000000000E+00    -0.000000000E+00
1.100000000E+02    0.000000000E+00    0.000000000E+00    0.000000000E+00    -0.000000000E+00
1.125000000E+02    0.000000000E+00    0.000000000E+00    0.000000000E+00    -0.000000000E+00
1.150000000E+02    0.000000000E+00    0.000000000E+00    0.000000000E+00    -0.000000000E+00
1.175000000E+02    0.000000000E+00    0.000000000E+00    0.000000000E+00    -0.000000000E+00
1.200000000E+02    0.000000000E+00    0.000000000E+00    0.000000000E+00    -0.000000000E+00
1.225000000E+02    0.000000000E+00    0.000000000E+00    0.000000000E+00    -0.000000000E+00
1.250000000E+02    0.000000000E+00    0.000000000E+00    0.000000000E+00    -0.000000000E+00
1.275000000E+02    0.000000000E+00    0.000000000E+00    0.000000000E+00    -0.000000000E+00
1.300000000E+02    0.000000000E+00    0.000000000E+00    0.000000000E+00    -0.000000000E+00
1.325000000E+02    0.000000000E+00    0.000000000E+00    0.000000000E+00    -0.000000000E+00
1.350000000E+02    0.000000000E+00    0.000000000E+00    0.000000000E+00    -0.000000000E+00
1.375000000E+02    0.000000000E+00    0.000000000E+00    0.000000000E+00    -0.000000000E+00
1.400000000E+02    0.000000000E+00    0.000000000E+00    0.000000000E+00    -0.000000000E+00
1.425000000E+02    0.000000000E+00    0.000000000E+00    0.000000000E+00    -0.000000000E+00
1.450000000E+02    0.000000000E+00    0.000000000E+00    0.000000000E+00    -0.000000000E+00
1.475000000E+02    0.000000000E+00    0.000000000E+00    0.000000000E+00    -0.000000000E+00
1.500000000E+02    0.000000000E+00    0.000000000E+00    0.000000000E+00    -0.000000000E+00
1.525000000E+02    0.000000000E+00    0.000000000E+00    0.000000000E+00    -0.000000000E+00
1.550000000E+02    0.000000000E+00    0.000000000E+00    0.000000000E+00    -0.000000000E+00
1.575000000E+02    0.000000000E+00    0.000000000E+00    0.000000000E+00    -0.000000000E+00
1.600000000E+02    0.000000000E+00    0.000000000E+00    0.000000000E+00    -0.000000000E+00
1.625000000E+02    0.000000000E+00    0.000000000E+00    0.000000000E+00    -0.000000000E+00
1.650000000E+02    0.000000000E+00    0.000000000E+00    0.000000000E+00    -0.000000000E+00
1.675000000E+02    0.000000000E+00    0.000000000E+00    0.000000000E+00    -0.000000000E+00
1.700000000E+02    0.000000000E+00    0.000000000E+00    0.000000000E+00    -0.000000000E+00
1.725000000E+02    0.000000000E+00    0.000000000E+00    0.000000000E+00    -0.000000000E+00
1.750000000E+02    0.000000000E+00    0.000000000E+00    0.000000000E+00    -0.000000000E+00
1.775000000E+02    0.000000000E+00    0.000000000E+00    0.000000000E+00    -0.000000000E+00
1.800000000E+02    0.000000000E+00    0.000000000E+00    0.000000000E+00    -0.000000000E+00
1.825000000E+02    0.000000000E+00    0.000000000E+00    0.000000000E+00    -0.000000000E+00
1.850000000E+02    0.000000000E+00    0.000000000E+00    0.000000000E+00    -0.000000000E+00
1.875000000E+02    0.000000000E+00    0.000000000E+00    0.000000000E+00    -0.000000000E+00
1.900000000E+02    0.000000000E+00    0.000000000E+00    0.000000000E+00    -0.000000000E+00
1.925000000E+02    0.000000000E+00    0.000000000E+00    0.000000000E+00    -0.000000000E+00
1.950000000E+02    0.000000000E+00    0.000000000E+00    0.000000000E+00    -0.000000000E+00
1.975000000E+02    0.000000000E+00    0.000000000E+00    0.000000000E+00    -0.000000000E+00
2.000000000E+02    0.000000000E+00    0.000000000E+00    0.000000000E+00    -0.000000000E+00
2.025000000E+02    0.000000000E+00    0.000000000E+00    0.000000000E+00    -0.000000000E+00
2.050000000E+02    0.000000000E+00    0.000000000E+00    0.000000000E+00    -0.000000000E+00
2.075000000E+02    0.000000000E+00    0.000000000E+00    0.000000000E+00    -0.000000000E+00
2.100000000E+02    0.000000000E+00    0.000000000E+00    0.000000000E+00    -0.000000000E+00
2.125000000E+02    0.000000000E+00    0.000000000E+00    0.000000000E+00    -0.000000000E+00
2.150000000E+02    0.000000000E+00    0.000000000E+00    0.000000000E+00    -0.000000000E+00
2.175000000E+02    0.000000000E+00    0.000000000E+00    0.000000000E+00    -0.000000000E+00
2.200000000E+02    0.000000000E+00    0.000000000E+00    0.000000000E+00    -0.000000000E+00
2.225000000E+02    0.000000000E+00    0.000000000E+00    0.000000000E+00    -0.000000000E+00
2.250000000E+02    0.000000000E+00    0.000000000E+00    0.000000000E+00    -0.000000000E+00
2.275000000E+02    0.000000000E+00    0.000000000E+00    0.000000000E+00    -0.000000000E+00
2.300000000E+02    0.000000000E+00    0.000000000E+00    0.000000000E+00    -0.000000000E+00
2.325000000E+02    0.000000000E+00    0.000000000E+00    0.000000000E+00    -0.000000000E+00
2.350000000E+02    0.000000000E+00    0.000000000E+00    0.000000000E+00    -0.000000000E+00
2.375000000E+02    0.000000000E+00    0.000000000E+00    0.000000000E+00    -0.000000000E+00
2.400000000E+02    0.000000000E+00    0.000000000E+00    0.000000000E+00    -0.000000000E+00
2.425000000E+02    0.000000000E+00    0.000000000E+00    0.000000000E+00    -0.000000000E+00
2.450000000E+02    0.000000000E+00    0.000000000E+00    0.000000000E+00    -0.000000000E+00
2.475000000E+02    0.000000000E+00    0.000000000E+00    0.000000000E+00    -0.000000000E+00
2.500000000E+02    0.000000000E+00    0.000000000E+00    0.000000000E+00    -0.000000000E+00
2.525000000E+02    0.000000000E+00    0.000000000E+00    0.000000000E+00    -0.000000000E+00
2.550000000E+02    0.000000000E+00    0.000000000E+00    0.000000000E+00    -0.000000000E+00
2.575000000E+02    0.000000000E+00    0.000000000E+00    0.000000000E+00    -0.000000000E+00
2.600000000E+02    0.000000000E+00    0.000000000E+00    0.000000000E+00    -0.000000000E+00
2.625000000E+02    0.000000000E+00    0.000000000E+00    0.000000000E+00    -0.000000000E+00
2.650000000E+02    0.000000000E+00    0.000000000E+00    0.000000000E+00    -0.000000000E+00
2.675000000E+02    0.000000000E+00    0.000000000E+00    0.000000000E+00    -0.000000000E+00
2.700000000E+02    0.000000000E+00    0.000000000E+00    0.000000000E+00    -0.000000000E+00
2.725000000E+02    0.000000000E+00    0.000000000E+00    0.000000000E+00    -0.000000000E+00
2.750000000E+02    0.000000000E+00    0.000000000E+00    0.000000000E+00    -0.000000000E+00
2.775000000E+02    0.000000000E+00    0.000000000E+00    0.000000000E+00    -0.000000000E+00
2.800000000E+02    0.000000000E+00    0.000000000E+00    0.000000000E+00    -0.000000000E+00
2.825000000E+02    0.000000000E+00    0.000000000E+00    0.000000000E+00    -0.000000000E+00
2.850000000E+02    0.000000000E+00    0.000000000E+00    0.000000000E+00    -0.000000000E+00
2.875000000E+02    0.000000000E+00    0.000000000E+00    0.000000000E+00    -0.000000000E+00
2.900000000E+02    0.000000000E+00    0.000000000E+00    0.000000000E+00    -0.000000000E+00
2.925000000E+02    0.000000000E+00    0.000000000E+00    0.000000000E+00    -0.000000000E+00
2.950000000E+02    0.000000000E+00    0.000000000E+00    0.000000000E+00    -0.000000000E+00
2.975000000E+02    0.000000000E+00    0.000000000E+00    0.000000000E+00    -0.000000000E+00
3.000000000E+02    0.000000000E+00    0.000000000E+00    0.000000000E+00    -0.000000000E+00
3.025000000E+02    0.000000000E+00    0.000000000E+00    0.000000000E+00    -0.000000000E+00
3.050000000E+02    0.000000000E+00    0.000000000E+00    0.000000000E+00    -0.000000000E+00
3.075000000E+02    0.000000000E+00    0.000000000E+00    0.000000000E+00    -0.000000000E+00
3.100000000E+02    0.000000000E+00    0.000000000E+00    0.000000000E+00    -0.000000000E+00
3.125000000E+02    0.000000000E+00    0.000000000E+00    0.000000000E+00    -0.000000000E+00
3.150000000E+02    0.000000000E+00    0.000000000E+00    0.000000000E+00    -0.000000000E+00
3.175000000E+02    0.000000000E+00    0.000000000E+00    0.000000000E+00    -0.000000000E+00
3.200000000E+02    0.000000000E+00    0.000000000E+00    0.000000000E+00    -0.000000000E+00
3.225000000E+02    0.000000000E+00    0.000000000E+00    0.000000000E+00    -0.000000000E+00
3.250000000E+02    0.000000000E+00    0.000000000E+00    0.000000000E+00    -0.000000000E+00
3.275000000E+02    0.000000000E+00    0.000000000E+00    0.000000000E+00    -0.000000000E+00
3.300000000E+02    0.000000000E+00    0.000000000E+00    0.000000000E+00    -0.000000000E+00
3.325000000E+02    0.000000000E+00    0.000000000E+00    0.000000000E+00    -0.000000000E+00
3.350000000E+02    0.000000000E+00    0.000000000E+00    0.000000000E+00    -0.000000000E+00
3.375000000E+02    0.000000000E+00    0.000000000E+00    0.000000000E+00    -0.000000000E+00
3.400000000E+02    0.000000000E+00    0.000000000E+00    0.000000000E+00    -0.000000000E+00
3.425000000E+02    0.000000000E+00    0.000000000E+00    0.000000000E+00    -0.000000000E+00
3.450000000E+02    0.000000000E+00    0.000000000E+00    0.000000000E+00    -0.000000000E+00
3.475000000E+02    0.000000000E+00    0.000000000E+00    0.000000000E+00    -0.000000000E+00
3.500000000E+02    0.000000000E+00    0.000000000E+00    0.000000000E+00    -0.000000000E+00
3.525000000E+02    0.000000000E+00    0.000000000E+00    0.000000000E+00    -0.000000000E+00
3.550000000E+02    0.000000000E+00    0.000000000E+00    0.000000000E+00    -0.000000000E+00
3.575000000E+02    0.000000000E+00    0.000000000E+00    0.000000000E+00    -0.000000000E+00
3.600000000E+02    0.000000000E+00    0.000000000E+00    0.000000000E+00    -0.000000000E+00
3.625000000E+02    0.000000000E+00    0.000000000E+00    0.000000000E+00    -0.000000000E+00
3.650000000E+02    0.000000000E+00    0.000000000E+00    0.000000000E+00    -0.000000000E+00
3.675000000E+02    0.000000000E+00    0.000000000E+00    0.000000000E+00    -0.000000000E+00
3.700000000E+02    0.000000000E+00    0.000000000E+00    0.000000000E+00    -0.000000000E+00
3.725000000E+02    0.000000000E+00    0.000000000E+00    0.000000000E+00    -0.000000000E+00
3.750000000E+02    0.000000000E+00    0.000000000E+00    0.000000000E+00    -0.000000000E+00
3.775000000E+02    0.000000000E+00    0.000000000E+00    0.000000000E+00    -0.000000000E+00
3.800000000E+02    0.000000000E+00    0.000000000E+00    0.000000000E+00    -0.000000000E+00
3.825000000E+02    0.000000000E+00    0.000000000E+00    0.000000000E+00    -0.000000000E+00
3.850000000E+02    0.000000000E+00    0.000000000E+00    0.000000000E+00    -0.000000000E+00
3.875000000E+02    0.000000000E+00    0.000000000E+00    0.000000000E+00    -0.000000000E+00
3.900000000E+02    0.000000000E+00    0.000000000E+00    0.000000000E+00    -0.000000000E+00
3.925000000E+02    0.000000000E+00    0.000000000E+00    0.000000000E+00    -0.000000000E+00
3.950000000E+02    0.000000000E+00    0.000000000E+00    0.000000000E+00    -0.000000000E+00
3.975000000E+02    0.000000000E+00    0.000000000E+00    0.000000000E+00    -0.000000000E+00
4.000000000E+02    0.000000000E+00    0.000000000E+00    0.000000000E+00    -0.000000000E+00
4.025000000E+02    0.000000000E+00    0.000000000E+00    0.000000000E+00    -0.000000000E+00
4.050000000E+02    0.000000000E+00    0.000000000E+00    0.000000000E+00    -0.000000000E+00
4.075000000E+02    0.000000000E+00    0.000000000E+00    0.000000000E+00    -0.000000000E+00
4.100000000E+02    0.000000000E+00    0.000000000E+00    0.000000000E+00    -0.000000000E+00
4.125000000E+02    0.000000000E+00    0.000000000E+00    0.000000000E+00    -0.000000000E+00
4.150000000E+02    0.000000000E+00    0.000000000E+00    0.000000000E+00    -0.000000000E+00
4.175000000E+02    0.000000000E+00    0.000000000E+00    0.000000000E+00    -0.000000000E+00
4.200000000E+02    0.000000000E+00    0.000000000E+00    0.000000000E+00    -0.000000000E+00
4.225000000E+02    0.000000000E+00    0.000000000E+00    0.000000000E+00    -0.000000000E+00
4.250000000E+02    0.000000000E+00    0.000000000E+00    0.000000000E+00    -0.000000000E+00
4.275000000E+02    0.000000000E+00    0.000000000E+00    0.000000000E+00    -0.000000000E+00
4.300000000E+02    0.000000000E+00    0.000000000E+00    0.000000000E+00    -0.000000000E+00
4.325000000E+02    0.000000000E+00    0.000000000E+00    0.000000000E+00    -0.000000000E+00
4.350000000E+02    0.000000000E+00    0.000000000E+00    0.000000000E+00    -0.000000000E+00
4.375000000E+02    0.000000000E+00    0.000000000E+00    0.000000000E+00    -0.000000000E+00
4.400000000E+02    0.000000000E+00    0.000000000E+00    0.000000000E+00    -0.000000000E+00
4.425000000E+02    0.000000000E+00    0.000000000E+00    0.000000000E+00    -0.000000000E+00
4.450000000E+02    0.000000000E+00    0.000000000E+00    0.000000000E+00    -0.000000000E+00
4.475000000E+02    0.000000000E+00    0.000000000E+00    0.000000000E+00    -0.000000000E+00
4.500000000E+02    0.000000000E+00    0.000000000E+00    0.000000000E+00    -0.000000000E+00
4.525000000E+02    0.000000000E+00    0.000000000E+00    0.000000000E+00    -0.000000000E+00
4.550000000E+02    0.000000000E+00    0.000000000E+00    0.000000000E+00    -0.000000000E+00
4.575000000E+02    0.000000000E+00    0.000000000E+00    0.000000000E+00    -0.000000000E+00
4.600000000E+02    0.000000000E+00    0.000000000E+00    0.000000000E+00    -0.000000000E+00
4.625000000E+02    0.000000000E+00    0.000000000E+00    0.000000000E+00    -0.000000000E+00
4.650000000E+02    0.000000000E+00    0.000000000E+00    0.000000000E+00    -0.000000000E+00
4.675000000E+02    0.000000000E+00    0.000000000E+00    0.000000000E+00    -0.000000000E+00
4.700000000E+02    0.000000000E+00    0.000000000E+00    0.000000000E+00    -0.000000000E+00
4.725000000E+02    0.000000000E+00    0.000000000E+00    0.000000000E+00    -0.000000000E+00
4.750000000E+02    0.000000000E+00    0.000000000E+00    0.000000000E+00    -0.000000000E+00
4.775000000E+02    0.000000000E+00    0.000000000E+00    0.000000000E+00    -0.000000000E+00
4.800000000E+02    0.000000000E+00    0.000000000E+00    0.000000000E+00    -0.000000000E+00
4.825000000E+02    0.000000000E+00    0.000000000E+00    0.000000000E+00    -0.000000000E+00
4.850000000E+02    0.000000000E+00    0.000000000E+00    0.000000000E+00    -0.000000000E+00
4.875000000E+02    0.000000000E+00    0.000000000E+00    0.000000000E+00    -0.000000000E+00
4.900000000E+02    0.000000000E+00    0.000000000E+00    0.000000000E+00    -0.000000000E+00
4.925000000E+02    0.000000000E+00    0.000000000E+00    0.000000000E+00    -0.000000000E+00
4.950000000E+02    0.000000000E+00    0.000000000E+00    0.000000000E+00    0.000000000E+00
4.975000000E+02    0.000000000E+00    0.000000000E+00    0.000000000E+00    0.000000000E+00
