  0.00000000    -0.44763155
  0.10010010    -0.43363155
  0.20020020    -0.41983254
  0.30030030    -0.40623453
  0.40040040    -0.39283747
  0.50050050    -0.37964127
  0.60060060    -0.36664580
  0.70070070    -0.35385089
  0.80080080    -0.34125633
  0.90090090    -0.32886184
  1.00100100    -0.31666713
  1.10110110    -0.30467185
  1.20120120    -0.29287561
  1.30130130    -0.28127797
  1.40140140    -0.26987847
  1.50150150    -0.25867659
  1.60160160    -0.24767177
  1.70170170    -0.23686341
  1.80180180    -0.22625087
  1.90190190    -0.21583346
  2.00200200    -0.20561047
  2.10210210    -0.19558113
  2.20220220    -0.18574464
  2.30230230    -0.17610015
  2.40240240    -0.16664679
  2.50250250    -0.15738364
  2.60260260    -0.14830973
  2.70270270    -0.13942408
  2.80280280    -0.13072564
  2.90290290    -0.12221334
  3.00300300    -0.11388609
  3.10310310    -0.10574274
  3.20320320    -0.09778211
  3.30330330    -0.09000298
  3.40340340    -0.08240412
  3.50350350    -0.07498423
  3.60360360    -0.06774202
  3.70370370    -0.06067612
  3.80380380    -0.05378518
  3.90390390    -0.04706776
  4.00400400    -0.04052244
  4.10410410    -0.03414775
  4.20420420    -0.02794219
  4.30430430    -0.02190424
  4.40440440    -0.01603233
  4.50450450    -0.01032488
  4.60460460    -0.00478030
  4.70470470     0.00060307
  4.80480480     0.00582686
  4.90490490     0.01089278
  5.00500501     0.01580252
  5.10510511     0.02055781
  5.20520521     0.02516041
  5.30530531     0.02961209
  5.40540541     0.03391464
  5.50550551     0.03806987
  5.60560561     0.04207962
  5.70570571     0.04594573
  5.80580581     0.04967008
  5.90590591     0.05325454
  6.00600601     0.05670102
  6.10610611     0.06001143
  6.20620621     0.06318769
  6.30630631     0.06623176
  6.40640641     0.06914557
  6.50650651     0.07193111
  6.60660661     0.07459034
  6.70670671     0.07712526
  6.80680681     0.07953786
  6.90690691     0.08183014
  7.00700701     0.08400411
  7.10710711     0.08606180
  7.20720721     0.08800522
  7.30730731     0.08983642
  7.40740741     0.09155742
  7.50750751     0.09317026
  7.60760761     0.09467699
  7.70770771     0.09607963
  7.80780781     0.09738025
  7.90790791     0.09858088
  8.00800801     0.09968357
  8.10810811     0.10069036
  8.20820821     0.10160330
  8.30830831     0.10242441
  8.40840841     0.10315574
  8.50850851     0.10379932
  8.60860861     0.10435717
  8.70870871     0.10483132
  8.80880881     0.10522378
  8.90890891     0.10553655
  9.00900901     0.10577164
  9.10910911     0.10593103
  9.20920921     0.10601672
  9.30930931     0.10603066
  9.40940941     0.10597484
  9.50950951     0.10585118
  9.60960961     0.10566165
  9.70970971     0.10540815
  9.80980981     0.10509261
  9.90990991     0.10471693
 10.01001001     0.10428299
 10.11011011     0.10379267
 10.21021021     0.10324782
 10.31031031     0.10265028
 10.41041041     0.10200188
 10.51051051     0.10130442
 10.61061061     0.10055970
 10.71071071     0.09976948
 10.81081081     0.09893553
 10.91091091     0.09805957
 11.01101101     0.09714332
 11.11111111     0.09618849
 11.21121121     0.09519673
 11.31131131     0.09416971
 11.41141141     0.09310907
 11.51151151     0.09201641
 11.61161161     0.09089333
 11.71171171     0.08974140
 11.81181181     0.08856216
 11.91191191     0.08735713
 12.01201201     0.08612783
 12.11211211     0.08487571
 12.21221221     0.08360225
 12.31231231     0.08230886
 12.41241241     0.08099696
 12.51251251     0.07966793
 12.61261261     0.07832312
 12.71271271     0.07696386
 12.81281281     0.07559147
 12.91291291     0.07420722
 13.01301301     0.07281237
 13.11311311     0.07140815
 13.21321321     0.06999577
 13.31331331     0.06857641
 13.41341341     0.06715122
 13.51351351     0.06572133
 13.61361361     0.06428784
 13.71371371     0.06285183
 13.81381381     0.06141435
 13.91391391     0.05997642
 14.01401401     0.05853905
 14.11411411     0.05710320
 14.21421421     0.05566982
 14.31431431     0.05423983
 14.41441441     0.05281412
 14.51451451     0.05139357
 14.61461461     0.04997901
 14.71471471     0.04857127
 14.81481481     0.04717112
 14.91491491     0.04577935
 15.01501502     0.04439668
 15.11511512     0.04302384
 15.21521522     0.04166152
 15.31531532     0.04031037
 15.41541542     0.03897103
 15.51551552     0.03764413
 15.61561562     0.03633026
 15.71571572     0.03502997
 15.81581582     0.03374382
 15.91591592     0.03247232
 16.01601602     0.03121596
 16.11611612     0.02997522
 16.21621622     0.02875055
 16.31631632     0.02754237
 16.41641642     0.02635108
 16.51651652     0.02517706
 16.61661662     0.02402068
 16.71671672     0.02288227
 16.81681682     0.02176215
 16.91691692     0.02066061
 17.01701702     0.01957791
 17.11711712     0.01851433
 17.21721722     0.01747008
 17.31731732     0.01644538
 17.41741742     0.01544043
 17.51751752     0.01445539
 17.61761762     0.01349043
 17.71771772     0.01254568
 17.81781782     0.01162125
 17.91791792     0.01071726
 18.01801802     0.00983377
 18.11811812     0.00897086
 18.21821822     0.00812858
 18.31831832     0.00730696
 18.41841842     0.00650601
 18.51851852     0.00572574
 18.61861862     0.00496614
 18.71871872     0.00422717
 18.81881882     0.00350880
 18.91891892     0.00281096
 19.01901902     0.00213358
 19.11911912     0.00147659
 19.21921922     0.00083988
 19.31931932     0.00022335
 19.41941942    -0.00037313
 19.51951952    -0.00094968
 19.61961962    -0.00150647
 19.71971972    -0.00204363
 19.81981982    -0.00256133
 19.91991992    -0.00305976
 20.02002002    -0.00353910
 20.12012012    -0.00399953
 20.22022022    -0.00444128
 20.32032032    -0.00486454
 20.42042042    -0.00526955
 20.52052052    -0.00565653
 20.62062062    -0.00602571
 20.72072072    -0.00637734
 20.82082082    -0.00671168
 20.92092092    -0.00702898
 21.02102102    -0.00732949
 21.12112112    -0.00761350
 21.22122122    -0.00788127
 21.32132132    -0.00813309
 21.42142142    -0.00836924
 21.52152152    -0.00859000
 21.62162162    -0.00879568
 21.72172172    -0.00898656
 21.82182182    -0.00916294
 21.92192192    -0.00932513
 22.02202202    -0.00947344
 22.12212212    -0.00960817
 22.22222222    -0.00972962
 22.32232232    -0.00983812
 22.42242242    -0.00993398
 22.52252252    -0.01001750
 22.62262262    -0.01008902
 22.72272272    -0.01014883
 22.82282282    -0.01019726
 22.92292292    -0.01023463
 23.02302302    -0.01026126
 23.12312312    -0.01027745
 23.22322322    -0.01028352
 23.32332332    -0.01027980
 23.42342342    -0.01026659
 23.52352352    -0.01024421
 23.62362362    -0.01021297
 23.72372372    -0.01017318
 23.82382382    -0.01012514
 23.92392392    -0.01006916
 24.02402402    -0.01000555
 24.12412412    -0.00993461
 24.22422422    -0.00985663
 24.32432432    -0.00977192
 24.42442442    -0.00968075
 24.52452452    -0.00958343
 24.62462462    -0.00948023
 24.72472472    -0.00937145
 24.82482482    -0.00925736
 24.92492492    -0.00913823
 25.02502503    -0.00901434
 25.12512513    -0.00888596
 25.22522523    -0.00875334
 25.32532533    -0.00861675
 25.42542543    -0.00847644
 25.52552553    -0.00833267
 25.62562563    -0.00818567
 25.72572573    -0.00803570
 25.82582583    -0.00788298
 25.92592593    -0.00772776
 26.02602603    -0.00757025
 26.12612613    -0.00741068
 26.22622623    -0.00724926
 26.32632633    -0.00708622
 26.42642643    -0.00692176
 26.52652653    -0.00675607
 26.62662663    -0.00658936
 26.72672673    -0.00642183
 26.82682683    -0.00625365
 26.92692693    -0.00608501
 27.02702703    -0.00591609
 27.12712713    -0.00574705
 27.22722723    -0.00557808
 27.32732733    -0.00540932
 27.42742743    -0.00524093
 27.52752753    -0.00507306
 27.62762763    -0.00490587
 27.72772773    -0.00473949
 27.82782783    -0.00457406
 27.92792793    -0.00440970
 28.02802803    -0.00424654
 28.12812813    -0.00408471
 28.22822823    -0.00392432
 28.32832833    -0.00376548
 28.42842843    -0.00360830
 28.52852853    -0.00345287
 28.62862863    -0.00329930
 28.72872873    -0.00314767
 28.82882883    -0.00299807
 28.92892893    -0.00285058
 29.02902903    -0.00270528
 29.12912913    -0.00256225
 29.22922923    -0.00242155
 29.32932933    -0.00228324
 29.42942943    -0.00214738
 29.52952953    -0.00201404
 29.62962963    -0.00188326
 29.72972973    -0.00175508
 29.82982983    -0.00162956
 29.92992993    -0.00150672
 30.03003003    -0.00138662
 30.13013013    -0.00126927
 30.23023023    -0.00115470
 30.33033033    -0.00104294
 30.43043043    -0.00093401
 30.53053053    -0.00082793
 30.63063063    -0.00072471
 30.73073073    -0.00062435
 30.83083083    -0.00052688
 30.93093093    -0.00043228
 31.03103103    -0.00034057
 31.13113113    -0.00025174
 31.23123123    -0.00016579
 31.33133133    -0.00008270
 31.43143143    -0.00000248
 31.53153153     0.00007491
 31.63163163     0.00014945
 31.73173173     0.00022119
 31.83183183     0.00029013
 31.93193193     0.00035631
 32.03203203     0.00041973
 32.13213213     0.00048043
 32.23223223     0.00053844
 32.33233233     0.00059379
 32.43243243     0.00064650
 32.53253253     0.00069662
 32.63263263     0.00074417
 32.73273273     0.00078920
 32.83283283     0.00083174
 32.93293293     0.00087183
 33.03303303     0.00090951
 33.13313313     0.00094483
 33.23323323     0.00097782
 33.33333333     0.00100853
 33.43343343     0.00103701
 33.53353353     0.00106330
 33.63363363     0.00108745
 33.73373373     0.00110950
 33.83383383     0.00112951
 33.93393393     0.00114751
 34.03403403     0.00116357
 34.13413413     0.00117773
 34.23423423     0.00119004
 34.33433433     0.00120055
 34.43443443     0.00120931
 34.53453453     0.00121637
 34.63463463     0.00122179
 34.73473473     0.00122561
 34.83483483     0.00122788
 34.93493493     0.00122866
 35.03503504     0.00122800
 35.13513514     0.00122595
 35.23523524     0.00122256
 35.33533534     0.00121787
 35.43543544     0.00121195
 35.53553554     0.00120483
 35.63563564     0.00119658
 35.73573574     0.00118723
 35.83583584     0.00117683
 35.93593594     0.00116545
 36.03603604     0.00115311
 36.13613614     0.00113988
 36.23623624     0.00112579
 36.33633634     0.00111089
 36.43643644     0.00109523
 36.53653654     0.00107886
 36.63663664     0.00106180
 36.73673674     0.00104412
 36.83683684     0.00102585
 36.93693694     0.00100704
 37.03703704     0.00098772
 37.13713714     0.00096793
 37.23723724     0.00094772
 37.33733734     0.00092711
 37.43743744     0.00090616
 37.53753754     0.00088490
 37.63763764     0.00086336
 37.73773774     0.00084157
 37.83783784     0.00081958
 37.93793794     0.00079741
 38.03803804     0.00077509
 38.13813814     0.00075267
 38.23823824     0.00073016
 38.33833834     0.00070760
 38.43843844     0.00068502
 38.53853854     0.00066244
 38.63863864     0.00063989
 38.73873874     0.00061739
 38.83883884     0.00059498
 38.93893894     0.00057267
 39.03903904     0.00055048
 39.13913914     0.00052845
 39.23923924     0.00050658
 39.33933934     0.00048491
 39.43943944     0.00046344
 39.53953954     0.00044220
 39.63963964     0.00042121
 39.73973974     0.00040047
 39.83983984     0.00038002
 39.93993994     0.00035985
 40.04004004     0.00033999
 40.14014014     0.00032045
 40.24024024     0.00030123
 40.34034034     0.00028236
 40.44044044     0.00026385
 40.54054054     0.00024569
 40.64064064     0.00022791
 40.74074074     0.00021051
 40.84084084     0.00019349
 40.94094094     0.00017687
 41.04104104     0.00016064
 41.14114114     0.00014483
 41.24124124     0.00012942
 41.34134134     0.00011443
 41.44144144     0.00009986
 41.54154154     0.00008571
 41.64164164     0.00007198
 41.74174174     0.00005867
 41.84184184     0.00004580
 41.94194194     0.00003334
 42.04204204     0.00002132
 42.14214214     0.00000972
 42.24224224    -0.00000146
 42.34234234    -0.00001221
 42.44244244    -0.00002254
 42.54254254    -0.00003245
 42.64264264    -0.00004194
 42.74274274    -0.00005103
 42.84284284    -0.00005970
 42.94294294    -0.00006797
 43.04304304    -0.00007583
 43.14314314    -0.00008330
 43.24324324    -0.00009038
 43.34334334    -0.00009708
 43.44344344    -0.00010339
 43.54354354    -0.00010933
 43.64364364    -0.00011491
 43.74374374    -0.00012012
 43.84384384    -0.00012497
 43.94394394    -0.00012948
 44.04404404    -0.00013365
 44.14414414    -0.00013748
 44.24424424    -0.00014099
 44.34434434    -0.00014418
 44.44444444    -0.00014705
 44.54454454    -0.00014963
 44.64464464    -0.00015190
 44.74474474    -0.00015389
 44.84484484    -0.00015560
 44.94494494    -0.00015704
 45.04504505    -0.00015822
 45.14514515    -0.00015914
 45.24524525    -0.00015981
 45.34534535    -0.00016025
 45.44544545    -0.00016045
 45.54554555    -0.00016043
 45.64564565    -0.00016020
 45.74574575    -0.00015977
 45.84584585    -0.00015913
 45.94594595    -0.00015831
 46.04604605    -0.00015731
 46.14614615    -0.00015613
 46.24624625    -0.00015479
 46.34634635    -0.00015329
 46.44644645    -0.00015164
 46.54654655    -0.00014985
 46.64664665    -0.00014793
 46.74674675    -0.00014588
 46.84684685    -0.00014371
 46.94694695    -0.00014143
 47.04704705    -0.00013905
 47.14714715    -0.00013657
 47.24724725    -0.00013400
 47.34734735    -0.00013134
 47.44744745    -0.00012861
 47.54754755    -0.00012581
 47.64764765    -0.00012294
 47.74774775    -0.00012002
 47.84784785    -0.00011704
 47.94794795    -0.00011402
 48.04804805    -0.00011096
 48.14814815    -0.00010787
 48.24824825    -0.00010475
 48.34834835    -0.00010160
 48.44844845    -0.00009843
 48.54854855    -0.00009526
 48.64864865    -0.00009207
 48.74874875    -0.00008888
 48.84884885    -0.00008569
 48.94894895    -0.00008251
 49.04904905    -0.00007933
 49.14914915    -0.00007617
 49.24924925    -0.00007303
 49.34934935    -0.00006990
 49.44944945    -0.00006680
 49.54954955    -0.00006373
 49.64964965    -0.00006069
 49.74974975    -0.00005768
 49.84984985    -0.00005471
 49.94994995    -0.00005178
 50.05005005    -0.00004889
 50.15015015    -0.00004604
 50.25025025    -0.00004324
 50.35035035    -0.00004049
 50.45045045    -0.00003779
 50.55055055    -0.00003514
 50.65065065    -0.00003255
 50.75075075    -0.00003001
 50.85085085    -0.00002753
 50.95095095    -0.00002511
 51.05105105    -0.00002275
 51.15115115    -0.00002044
 51.25125125    -0.00001820
 51.35135135    -0.00001603
 51.45145145    -0.00001391
 51.55155155    -0.00001186
 51.65165165    -0.00000987
 51.75175175    -0.00000795
 51.85185185    -0.00000609
 51.95195195    -0.00000429
 52.05205205    -0.00000256
 52.15215215    -0.00000090
 52.25225225     0.00000070
 52.35235235     0.00000224
 52.45245245     0.00000371
 52.55255255     0.00000512
 52.65265265     0.00000646
 52.75275275     0.00000774
 52.85285285     0.00000896
 52.95295295     0.00001012
 53.05305305     0.00001122
 53.15315315     0.00001226
 53.25325325     0.00001324
 53.35335335     0.00001416
 53.45345345     0.00001502
 53.55355355     0.00001582
 53.65365365     0.00001658
 53.75375375     0.00001727
 53.85385385     0.00001792
 53.95395395     0.00001851
 54.05405405     0.00001905
 54.15415415     0.00001954
 54.25425425     0.00001998
 54.35435435     0.00002038
 54.45445445     0.00002072
 54.55455455     0.00002103
 54.65465465     0.00002129
 54.75475475     0.00002151
 54.85485485     0.00002169
 54.95495495     0.00002182
 55.05505506     0.00002192
 55.15515516     0.00002199
 55.25525526     0.00002202
 55.35535536     0.00002201
 55.45545546     0.00002197
 55.55555556     0.00002190
 55.65565566     0.00002180
 55.75575576     0.00002167
 55.85585586     0.00002152
 55.95595596     0.00002133
 56.05605606     0.00002113
 56.15615616     0.00002090
 56.25625626     0.00002064
 56.35635636     0.00002037
 56.45645646     0.00002007
 56.55655656     0.00001976
 56.65665666     0.00001943
 56.75675676     0.00001909
 56.85685686     0.00001873
 56.95695696     0.00001835
 57.05705706     0.00001796
 57.15715716     0.00001756
 57.25725726     0.00001715
 57.35735736     0.00001673
 57.45745746     0.00001630
 57.55755756     0.00001587
 57.65765766     0.00001543
 57.75775776     0.00001498
 57.85785786     0.00001452
 57.95795796     0.00001407
 58.05805806     0.00001361
 58.15815816     0.00001314
 58.25825826     0.00001268
 58.35835836     0.00001222
 58.45845846     0.00001175
 58.55855856     0.00001129
 58.65865866     0.00001082
 58.75875876     0.00001036
 58.85885886     0.00000991
 58.95895896     0.00000945
 59.05905906     0.00000900
 59.15915916     0.00000855
 59.25925926     0.00000811
 59.35935936     0.00000768
 59.45945946     0.00000725
 59.55955956     0.00000682
 59.65965966     0.00000640
 59.75975976     0.00000599
 59.85985986     0.00000559
 59.95995996     0.00000520
 60.06006006     0.00000481
 60.16016016     0.00000443
 60.26026026     0.00000406
 60.36036036     0.00000370
 60.46046046     0.00000335
 60.56056056     0.00000300
 60.66066066     0.00000267
 60.76076076     0.00000234
 60.86086086     0.00000203
 60.96096096     0.00000172
 61.06106106     0.00000143
 61.16116116     0.00000114
 61.26126126     0.00000087
 61.36136136     0.00000060
 61.46146146     0.00000035
 61.56156156     0.00000010
 61.66166166    -0.00000013
 61.76176176    -0.00000036
 61.86186186    -0.00000058
 61.96196196    -0.00000078
 62.06206206    -0.00000098
 62.16216216    -0.00000117
 62.26226226    -0.00000134
 62.36236236    -0.00000151
 62.46246246    -0.00000167
 62.56256256    -0.00000182
 62.66266266    -0.00000196
 62.76276276    -0.00000209
 62.86286286    -0.00000221
 62.96296296    -0.00000232
 63.06306306    -0.00000243
 63.16316316    -0.00000252
 63.26326326    -0.00000261
 63.36336336    -0.00000269
 63.46346346    -0.00000277
 63.56356356    -0.00000283
 63.66366366    -0.00000289
 63.76376376    -0.00000294
 63.86386386    -0.00000298
 63.96396396    -0.00000302
 64.06406406    -0.00000305
 64.16416416    -0.00000308
 64.26426426    -0.00000310
 64.36436436    -0.00000311
 64.46446446    -0.00000312
 64.56456456    -0.00000312
 64.66466466    -0.00000311
 64.76476476    -0.00000310
 64.86486486    -0.00000309
 64.96496496    -0.00000307
 65.06506507    -0.00000305
 65.16516517    -0.00000303
 65.26526527    -0.00000299
 65.36536537    -0.00000296
 65.46546547    -0.00000292
 65.56556557    -0.00000288
 65.66566567    -0.00000284
 65.76576577    -0.00000279
 65.86586587    -0.00000274
 65.96596597    -0.00000269
 66.06606607    -0.00000264
 66.16616617    -0.00000258
 66.26626627    -0.00000252
 66.36636637    -0.00000246
 66.46646647    -0.00000240
 66.56656657    -0.00000234
 66.66666667    -0.00000227
 66.76676677    -0.00000221
 66.86686687    -0.00000214
 66.96696697    -0.00000208
 67.06706707    -0.00000201
 67.16716717    -0.00000194
 67.26726727    -0.00000187
 67.36736737    -0.00000180
 67.46746747    -0.00000173
 67.56756757    -0.00000166
 67.66766767    -0.00000159
 67.76776777    -0.00000153
 67.86786787    -0.00000146
 67.96796797    -0.00000139
 68.06806807    -0.00000132
 68.16816817    -0.00000126
 68.26826827    -0.00000119
 68.36836837    -0.00000112
 68.46846847    -0.00000106
 68.56856857    -0.00000100
 68.66866867    -0.00000093
 68.76876877    -0.00000087
 68.86886887    -0.00000081
 68.96896897    -0.00000075
 69.06906907    -0.00000069
 69.16916917    -0.00000064
 69.26926927    -0.00000058
 69.36936937    -0.00000053
 69.46946947    -0.00000047
 69.56956957    -0.00000042
 69.66966967    -0.00000037
 69.76976977    -0.00000033
 69.86986987    -0.00000028
 69.96996997    -0.00000023
 70.07007007    -0.00000019
 70.17017017    -0.00000015
 70.27027027    -0.00000011
 70.37037037    -0.00000007
 70.47047047    -0.00000003
 70.57057057     0.00000001
 70.67067067     0.00000004
 70.77077077     0.00000007
 70.87087087     0.00000010
 70.97097097     0.00000013
 71.07107107     0.00000016
 71.17117117     0.00000019
 71.27127127     0.00000022
 71.37137137     0.00000024
 71.47147147     0.00000026
 71.57157157     0.00000028
 71.67167167     0.00000030
 71.77177177     0.00000032
 71.87187187     0.00000034
 71.97197197     0.00000035
 72.07207207     0.00000037
 72.17217217     0.00000038
 72.27227227     0.00000039
 72.37237237     0.00000040
 72.47247247     0.00000041
 72.57257257     0.00000042
 72.67267267     0.00000043
 72.77277277     0.00000043
 72.87287287     0.00000044
 72.97297297     0.00000044
 73.07307307     0.00000045
 73.17317317     0.00000045
 73.27327327     0.00000045
 73.37337337     0.00000045
 73.47347347     0.00000045
 73.57357357     0.00000045
 73.67367367     0.00000045
 73.77377377     0.00000044
 73.87387387     0.00000044
 73.97397397     0.00000044
 74.07407407     0.00000043
 74.17417417     0.00000043
 74.27427427     0.00000042
 74.37437437     0.00000042
 74.47447447     0.00000041
 74.57457457     0.00000040
 74.67467467     0.00000040
 74.77477477     0.00000039
 74.87487487     0.00000038
 74.97497497     0.00000037
 75.07507508     0.00000036
 75.17517518     0.00000035
 75.27527528     0.00000034
 75.37537538     0.00000033
 75.47547548     0.00000032
 75.57557558     0.00000031
 75.67567568     0.00000030
 75.77577578     0.00000029
 75.87587588     0.00000028
 75.97597598     0.00000027
 76.07607608     0.00000026
 76.17617618     0.00000025
 76.27627628     0.00000024
 76.37637638     0.00000023
 76.47647648     0.00000022
 76.57657658     0.00000021
 76.67667668     0.00000020
 76.77677678     0.00000019
 76.87687688     0.00000018
 76.97697698     0.00000017
 77.07707708     0.00000016
 77.17717718     0.00000015
 77.27727728     0.00000014
 77.37737738     0.00000013
 77.47747748     0.00000012
 77.57757758     0.00000011
 77.67767768     0.00000010
 77.77777778     0.00000010
 77.87787788     0.00000009
 77.97797798     0.00000008
 78.07807808     0.00000007
 78.17817818     0.00000006
 78.27827828     0.00000006
 78.37837838     0.00000005
 78.47847848     0.00000004
 78.57857858     0.00000003
 78.67867868     0.00000003
 78.77877878     0.00000002
 78.87887888     0.00000002
 78.97897898     0.00000001
 79.07907908     0.00000000
 79.17917918    -0.00000000
 79.27927928    -0.00000001
 79.37937938    -0.00000001
 79.47947948    -0.00000002
 79.57957958    -0.00000002
 79.67967968    -0.00000003
 79.77977978    -0.00000003
 79.87987988    -0.00000003
 79.97997998    -0.00000004
 80.08008008    -0.00000004
 80.18018018    -0.00000004
 80.28028028    -0.00000005
 80.38038038    -0.00000005
 80.48048048    -0.00000005
 80.58058058    -0.00000005
 80.68068068    -0.00000006
 80.78078078    -0.00000006
 80.88088088    -0.00000006
 80.98098098    -0.00000006
 81.08108108    -0.00000006
 81.18118118    -0.00000006
 81.28128128    -0.00000006
 81.38138138    -0.00000006
 81.48148148    -0.00000007
 81.58158158    -0.00000007
 81.68168168    -0.00000007
 81.78178178    -0.00000007
 81.88188188    -0.00000007
 81.98198198    -0.00000007
 82.08208208    -0.00000007
 82.18218218    -0.00000007
 82.28228228    -0.00000007
 82.38238238    -0.00000006
 82.48248248    -0.00000006
 82.58258258    -0.00000006
 82.68268268    -0.00000006
 82.78278278    -0.00000006
 82.88288288    -0.00000006
 82.98298298    -0.00000006
 83.08308308    -0.00000006
 83.18318318    -0.00000006
 83.28328328    -0.00000006
 83.38338338    -0.00000005
 83.48348348    -0.00000005
 83.58358358    -0.00000005
 83.68368368    -0.00000005
 83.78378378    -0.00000005
 83.88388388    -0.00000005
 83.98398398    -0.00000005
 84.08408408    -0.00000004
 84.18418418    -0.00000004
 84.28428428    -0.00000004
 84.38438438    -0.00000004
 84.48448448    -0.00000004
 84.58458458    -0.00000004
 84.68468468    -0.00000004
 84.78478478    -0.00000003
 84.88488488    -0.00000003
 84.98498498    -0.00000003
 85.08508509    -0.00000003
 85.18518519    -0.00000003
 85.28528529    -0.00000003
 85.38538539    -0.00000002
 85.48548549    -0.00000002
 85.58558559    -0.00000002
 85.68568569    -0.00000002
 85.78578579    -0.00000002
 85.88588589    -0.00000002
 85.98598599    -0.00000002
 86.08608609    -0.00000001
 86.18618619    -0.00000001
 86.28628629    -0.00000001
 86.38638639    -0.00000001
 86.48648649    -0.00000001
 86.58658659    -0.00000001
 86.68668669    -0.00000001
 86.78678679    -0.00000001
 86.88688689    -0.00000001
 86.98698699    -0.00000000
 87.08708709    -0.00000000
 87.18718719    -0.00000000
 87.28728729    -0.00000000
 87.38738739    -0.00000000
 87.48748749     0.00000000
 87.58758759     0.00000000
 87.68768769     0.00000000
 87.78778779     0.00000000
 87.88788789     0.00000000
 87.98798799     0.00000000
 88.08808809     0.00000000
 88.18818819     0.00000001
 88.28828829     0.00000001
 88.38838839     0.00000001
 88.48848849     0.00000001
 88.58858859     0.00000001
 88.68868869     0.00000001
 88.78878879     0.00000001
 88.88888889     0.00000001
 88.98898899     0.00000001
 89.08908909     0.00000001
 89.18918919     0.00000001
 89.28928929     0.00000001
 89.38938939     0.00000001
 89.48948949     0.00000001
 89.58958959     0.00000001
 89.68968969     0.00000001
 89.78978979     0.00000001
 89.88988989     0.00000001
 89.98998999     0.00000001
 90.09009009     0.00000001
 90.19019019     0.00000001
 90.29029029     0.00000001
 90.39039039     0.00000001
 90.49049049     0.00000001
 90.59059059     0.00000001
 90.69069069     0.00000001
 90.79079079     0.00000001
 90.89089089     0.00000001
 90.99099099     0.00000001
 91.09109109     0.00000001
 91.19119119     0.00000001
 91.29129129     0.00000001
 91.39139139     0.00000001
 91.49149149     0.00000001
 91.59159159     0.00000001
 91.69169169     0.00000001
 91.79179179     0.00000001
 91.89189189     0.00000001
 91.99199199     0.00000001
 92.09209209     0.00000001
 92.19219219     0.00000001
 92.29229229     0.00000001
 92.39239239     0.00000001
 92.49249249     0.00000001
 92.59259259     0.00000001
 92.69269269     0.00000001
 92.79279279     0.00000001
 92.89289289     0.00000001
 92.99299299     0.00000000
 93.09309309     0.00000000
 93.19319319     0.00000000
 93.29329329     0.00000000
 93.39339339     0.00000000
 93.49349349     0.00000000
 93.59359359     0.00000000
 93.69369369     0.00000000
 93.79379379     0.00000000
 93.89389389     0.00000000
 93.99399399     0.00000000
 94.09409409     0.00000000
 94.19419419     0.00000000
 94.29429429     0.00000000
 94.39439439     0.00000000
 94.49449449     0.00000000
 94.59459459     0.00000000
 94.69469469     0.00000000
 94.79479479     0.00000000
 94.89489489     0.00000000
 94.99499499     0.00000000
 95.09509510     0.00000000
 95.19519520     0.00000000
 95.29529530     0.00000000
 95.39539540     0.00000000
 95.49549550     0.00000000
 95.59559560     0.00000000
 95.69569570     0.00000000
 95.79579580     0.00000000
 95.89589590     0.00000000
 95.99599600     0.00000000
 96.09609610     0.00000000
 96.19619620     0.00000000
 96.29629630     0.00000000
 96.39639640    -0.00000000
 96.49649650    -0.00000000
 96.59659660    -0.00000000
 96.69669670    -0.00000000
 96.79679680    -0.00000000
 96.89689690    -0.00000000
 96.99699700    -0.00000000
 97.09709710    -0.00000000
 97.19719720    -0.00000000
 97.29729730    -0.00000000
 97.39739740    -0.00000000
 97.49749750    -0.00000000
 97.59759760    -0.00000000
 97.69769770    -0.00000000
 97.79779780    -0.00000000
 97.89789790    -0.00000000
 97.99799800    -0.00000000
 98.09809810    -0.00000000
 98.19819820    -0.00000000
 98.29829830    -0.00000000
 98.39839840    -0.00000000
 98.49849850    -0.00000000
 98.59859860    -0.00000000
 98.69869870    -0.00000000
 98.79879880    -0.00000000
 98.89889890    -0.00000000
 98.99899900    -0.00000000
 99.09909910    -0.00000000
 99.19919920    -0.00000000
 99.29929930    -0.00000000
 99.39939940    -0.00000000
 99.49949950    -0.00000000
 99.59959960    -0.00000000
 99.69969970     0.00000000
 99.79979980     0.00000000
 99.89989990     0.00000000
100.00000000     0.00000000
