  0.00000000    -0.28826331
  0.10010010    -0.27426331
  0.20020020    -0.26057887
  0.30030030    -0.24720999
  0.40040040    -0.23415650
  0.50050050    -0.22141805
  0.60060060    -0.20899414
  0.70070070    -0.19688406
  0.80080080    -0.18508698
  0.90090090    -0.17360185
  1.00100100    -0.16242750
  1.10110110    -0.15156256
  1.20120120    -0.14100551
  1.30130130    -0.13075467
  1.40140140    -0.12080821
  1.50150150    -0.11116411
  1.60160160    -0.10182023
  1.70170170    -0.09277425
  1.80180180    -0.08402372
  1.90190190    -0.07556603
  2.00200200    -0.06739844
  2.10210210    -0.05951806
  2.20220220    -0.05192187
  2.30230230    -0.04460670
  2.40240240    -0.03756926
  2.50250250    -0.03080614
  2.60260260    -0.02431381
  2.70270270    -0.01808861
  2.80280280    -0.01212677
  2.90290290    -0.00642441
  3.00300300    -0.00097755
  3.10310310     0.00421789
  3.20320320     0.00916610
  3.30330330     0.01387135
  3.40340340     0.01833799
  3.50350350     0.02257047
  3.60360360     0.02657331
  3.70370370     0.03035109
  3.80380380     0.03390848
  3.90390390     0.03725018
  4.00400400     0.04038100
  4.10410410     0.04330574
  4.20420420     0.04602929
  4.30430430     0.04855657
  4.40440440     0.05089254
  4.50450450     0.05304218
  4.60460460     0.05501051
  4.70470470     0.05680258
  4.80480480     0.05842343
  4.90490490     0.05987813
  5.00500501     0.06117177
  5.10510511     0.06230941
  5.20520521     0.06329613
  5.30530531     0.06413700
  5.40540541     0.06483708
  5.50550551     0.06540140
  5.60560561     0.06583499
  5.70570571     0.06614284
  5.80580581     0.06632990
  5.90590591     0.06640112
  6.00600601     0.06636138
  6.10610611     0.06621553
  6.20620621     0.06596837
  6.30630631     0.06562466
  6.40640641     0.06518909
  6.50650651     0.06466630
  6.60660661     0.06406087
  6.70670671     0.06337732
  6.80680681     0.06262010
  6.90690691     0.06179358
  7.00700701     0.06090206
  7.10710711     0.05994977
  7.20720721     0.05894086
  7.30730731     0.05787940
  7.40740741     0.05676936
  7.50750751     0.05561464
  7.60760761     0.05441905
  7.70770771     0.05318630
  7.80780781     0.05192002
  7.90790791     0.05062373
  8.00800801     0.04930088
  8.10810811     0.04795479
  8.20820821     0.04658872
  8.30830831     0.04520580
  8.40840841     0.04380907
  8.50850851     0.04240148
  8.60860861     0.04098585
  8.70870871     0.03956494
  8.80880881     0.03814137
  8.90890891     0.03671769
  9.00900901     0.03529631
  9.10910911     0.03387957
  9.20920921     0.03246971
  9.30930931     0.03106883
  9.40940941     0.02967897
  9.50950951     0.02830205
  9.60960961     0.02693990
  9.70970971     0.02559423
  9.80980981     0.02426669
  9.90990991     0.02295879
 10.01001001     0.02167197
 10.11011011     0.02040757
 10.21021021     0.01916684
 10.31031031     0.01795093
 10.41041041     0.01676091
 10.51051051     0.01559775
 10.61061061     0.01446234
 10.71071071     0.01335549
 10.81081081     0.01227792
 10.91091091     0.01123026
 11.01101101     0.01021309
 11.11111111     0.00922688
 11.21121121     0.00827204
 11.31131131     0.00734890
 11.41141141     0.00645774
 11.51151151     0.00559875
 11.61161161     0.00477205
 11.71171171     0.00397772
 11.81181181     0.00321577
 11.91191191     0.00248612
 12.01201201     0.00178869
 12.11211211     0.00112330
 12.21221221     0.00048973
 12.31231231    -0.00011228
 12.41241241    -0.00068305
 12.51251251    -0.00122293
 12.61261261    -0.00173233
 12.71271271    -0.00221168
 12.81281281    -0.00266147
 12.91291291    -0.00308221
 13.01301301    -0.00347444
 13.11311311    -0.00383875
 13.21321321    -0.00417574
 13.31331331    -0.00448603
 13.41341341    -0.00477029
 13.51351351    -0.00502919
 13.61361361    -0.00526343
 13.71371371    -0.00547373
 13.81381381    -0.00566080
 13.91391391    -0.00582540
 14.01401401    -0.00596828
 14.11411411    -0.00609020
 14.21421421    -0.00619194
 14.31431431    -0.00627427
 14.41441441    -0.00633797
 14.51451451    -0.00638382
 14.61461461    -0.00641262
 14.71471471    -0.00642514
 14.81481481    -0.00642216
 14.91491491    -0.00640446
 15.01501502    -0.00637282
 15.11511512    -0.00632800
 15.21521522    -0.00627076
 15.31531532    -0.00620184
 15.41541542    -0.00612199
 15.51551552    -0.00603194
 15.61561562    -0.00593239
 15.71571572    -0.00582405
 15.81581582    -0.00570762
 15.91591592    -0.00558376
 16.01601602    -0.00545313
 16.11611612    -0.00531638
 16.21621622    -0.00517412
 16.31631632    -0.00502697
 16.41641642    -0.00487552
 16.51651652    -0.00472034
 16.61661662    -0.00456197
 16.71671672    -0.00440096
 16.81681682    -0.00423781
 16.91691692    -0.00407302
 17.01701702    -0.00390707
 17.11711712    -0.00374040
 17.21721722    -0.00357345
 17.31731732    -0.00340663
 17.41741742    -0.00324034
 17.51751752    -0.00307495
 17.61761762    -0.00291081
 17.71771772    -0.00274825
 17.81781782    -0.00258759
 17.91791792    -0.00242912
 18.01801802    -0.00227311
 18.11811812    -0.00211982
 18.21821822    -0.00196948
 18.31831832    -0.00182231
 18.41841842    -0.00167852
 18.51851852    -0.00153827
 18.61861862    -0.00140174
 18.71871872    -0.00126906
 18.81881882    -0.00114038
 18.91891892    -0.00101581
 19.01901902    -0.00089544
 19.11911912    -0.00077935
 19.21921922    -0.00066763
 19.31931932    -0.00056031
 19.41941942    -0.00045745
 19.51951952    -0.00035906
 19.61961962    -0.00026517
 19.71971972    -0.00017579
 19.81981982    -0.00009089
 19.91991992    -0.00001047
 20.02002002     0.00006551
 20.12012012     0.00013708
 20.22022022     0.00020429
 20.32032032     0.00026720
 20.42042042     0.00032587
 20.52052052     0.00038037
 20.62062062     0.00043078
 20.72072072     0.00047720
 20.82082082     0.00051969
 20.92092092     0.00055838
 21.02102102     0.00059335
 21.12112112     0.00062471
 21.22122122     0.00065258
 21.32132132     0.00067706
 21.42142142     0.00069827
 21.52152152     0.00071634
 21.62162162     0.00073137
 21.72172172     0.00074350
 21.82182182     0.00075285
 21.92192192     0.00075954
 22.02202202     0.00076371
 22.12212212     0.00076546
 22.22222222     0.00076494
 22.32232232     0.00076227
 22.42242242     0.00075757
 22.52252252     0.00075097
 22.62262262     0.00074258
 22.72272272     0.00073253
 22.82282282     0.00072094
 22.92292292     0.00070793
 23.02302302     0.00069361
 23.12312312     0.00067808
 23.22322322     0.00066147
 23.32332332     0.00064388
 23.42342342     0.00062541
 23.52352352     0.00060617
 23.62362362     0.00058624
 23.72372372     0.00056574
 23.82382382     0.00054474
 23.92392392     0.00052333
 24.02402402     0.00050161
 24.12412412     0.00047965
 24.22422422     0.00045752
 24.32432432     0.00043530
 24.42442442     0.00041307
 24.52452452     0.00039088
 24.62462462     0.00036880
 24.72472472     0.00034688
 24.82482482     0.00032519
 24.92492492     0.00030378
 25.02502503     0.00028268
 25.12512513     0.00026196
 25.22522523     0.00024164
 25.32532533     0.00022176
 25.42542543     0.00020237
 25.52552553     0.00018349
 25.62562563     0.00016514
 25.72572573     0.00014736
 25.82582583     0.00013016
 25.92592593     0.00011357
 26.02602603     0.00009760
 26.12612613     0.00008226
 26.22622623     0.00006757
 26.32632633     0.00005353
 26.42642643     0.00004015
 26.52652653     0.00002742
 26.62662663     0.00001537
 26.72672673     0.00000397
 26.82682683    -0.00000676
 26.92692693    -0.00001684
 27.02702703    -0.00002627
 27.12712713    -0.00003506
 27.22722723    -0.00004321
 27.32732733    -0.00005075
 27.42742743    -0.00005767
 27.52752753    -0.00006400
 27.62762763    -0.00006975
 27.72772773    -0.00007493
 27.82782783    -0.00007956
 27.92792793    -0.00008365
 28.02802803    -0.00008723
 28.12812813    -0.00009032
 28.22822823    -0.00009293
 28.32832833    -0.00009507
 28.42842843    -0.00009678
 28.52852853    -0.00009807
 28.62862863    -0.00009896
 28.72872873    -0.00009947
 28.82882883    -0.00009963
 28.92892893    -0.00009944
 29.02902903    -0.00009894
 29.12912913    -0.00009814
 29.22922923    -0.00009706
 29.32932933    -0.00009573
 29.42942943    -0.00009415
 29.52952953    -0.00009236
 29.62962963    -0.00009036
 29.72972973    -0.00008819
 29.82982983    -0.00008585
 29.92992993    -0.00008336
 30.03003003    -0.00008074
 30.13013013    -0.00007800
 30.23023023    -0.00007517
 30.33033033    -0.00007226
 30.43043043    -0.00006927
 30.53053053    -0.00006623
 30.63063063    -0.00006315
 30.73073073    -0.00006005
 30.83083083    -0.00005692
 30.93093093    -0.00005379
 31.03103103    -0.00005067
 31.13113113    -0.00004756
 31.23123123    -0.00004448
 31.33133133    -0.00004144
 31.43143143    -0.00003843
 31.53153153    -0.00003548
 31.63163163    -0.00003258
 31.73173173    -0.00002975
 31.83183183    -0.00002699
 31.93193193    -0.00002431
 32.03203203    -0.00002170
 32.13213213    -0.00001918
 32.23223223    -0.00001674
 32.33233233    -0.00001440
 32.43243243    -0.00001215
 32.53253253    -0.00001000
 32.63263263    -0.00000794
 32.73273273    -0.00000598
 32.83283283    -0.00000413
 32.93293293    -0.00000237
 33.03303303    -0.00000071
 33.13313313     0.00000084
 33.23323323     0.00000230
 33.33333333     0.00000366
 33.43343343     0.00000492
 33.53353353     0.00000609
 33.63363363     0.00000716
 33.73373373     0.00000813
 33.83383383     0.00000902
 33.93393393     0.00000982
 34.03403403     0.00001054
 34.13413413     0.00001117
 34.23423423     0.00001172
 34.33433433     0.00001219
 34.43443443     0.00001259
 34.53453453     0.00001292
 34.63463463     0.00001318
 34.73473473     0.00001338
 34.83483483     0.00001351
 34.93493493     0.00001359
 35.03503504     0.00001361
 35.13513514     0.00001358
 35.23523524     0.00001350
 35.33533534     0.00001338
 35.43543544     0.00001321
 35.53553554     0.00001301
 35.63563564     0.00001277
 35.73573574     0.00001249
 35.83583584     0.00001219
 35.93593594     0.00001186
 36.03603604     0.00001151
 36.13613614     0.00001114
 36.23623624     0.00001075
 36.33633634     0.00001034
 36.43643644     0.00000992
 36.53653654     0.00000948
 36.63663664     0.00000904
 36.73673674     0.00000860
 36.83683684     0.00000815
 36.93693694     0.00000769
 37.03703704     0.00000724
 37.13713714     0.00000679
 37.23723724     0.00000634
 37.33733734     0.00000589
 37.43743744     0.00000545
 37.53753754     0.00000502
 37.63763764     0.00000460
 37.73773774     0.00000418
 37.83783784     0.00000378
 37.93793794     0.00000338
 38.03803804     0.00000300
 38.13813814     0.00000264
 38.23823824     0.00000228
 38.33833834     0.00000194
 38.43843844     0.00000161
 38.53853854     0.00000130
 38.63863864     0.00000100
 38.73873874     0.00000072
 38.83883884     0.00000046
 38.93893894     0.00000020
 39.03903904    -0.00000003
 39.13913914    -0.00000025
 39.23923924    -0.00000046
 39.33933934    -0.00000065
 39.43943944    -0.00000082
 39.53953954    -0.00000098
 39.63963964    -0.00000113
 39.73973974    -0.00000126
 39.83983984    -0.00000138
 39.93993994    -0.00000149
 40.04004004    -0.00000158
 40.14014014    -0.00000166
 40.24024024    -0.00000173
 40.34034034    -0.00000178
 40.44044044    -0.00000183
 40.54054054    -0.00000187
 40.64064064    -0.00000189
 40.74074074    -0.00000191
 40.84084084    -0.00000192
 40.94094094    -0.00000192
 41.04104104    -0.00000191
 41.14114114    -0.00000189
 41.24124124    -0.00000187
 41.34134134    -0.00000184
 41.44144144    -0.00000181
 41.54154154    -0.00000177
 41.64164164    -0.00000172
 41.74174174    -0.00000168
 41.84184184    -0.00000163
 41.94194194    -0.00000157
 42.04204204    -0.00000151
 42.14214214    -0.00000145
 42.24224224    -0.00000139
 42.34234234    -0.00000133
 42.44244244    -0.00000126
 42.54254254    -0.00000119
 42.64264264    -0.00000113
 42.74274274    -0.00000106
 42.84284284    -0.00000099
 42.94294294    -0.00000093
 43.04304304    -0.00000086
 43.14314314    -0.00000079
 43.24324324    -0.00000073
 43.34334334    -0.00000067
 43.44344344    -0.00000061
 43.54354354    -0.00000054
 43.64364364    -0.00000049
 43.74374374    -0.00000043
 43.84384384    -0.00000037
 43.94394394    -0.00000032
 44.04404404    -0.00000027
 44.14414414    -0.00000022
 44.24424424    -0.00000018
 44.34434434    -0.00000013
 44.44444444    -0.00000009
 44.54454454    -0.00000005
 44.64464464    -0.00000002
 44.74474474     0.00000002
 44.84484484     0.00000005
 44.94494494     0.00000008
 45.04504505     0.00000011
 45.14514515     0.00000013
 45.24524525     0.00000015
 45.34534535     0.00000018
 45.44544545     0.00000019
 45.54554555     0.00000021
 45.64564565     0.00000022
 45.74574575     0.00000024
 45.84584585     0.00000025
 45.94594595     0.00000026
 46.04604605     0.00000026
 46.14614615     0.00000027
 46.24624625     0.00000027
 46.34634635     0.00000027
 46.44644645     0.00000028
 46.54654655     0.00000028
 46.64664665     0.00000027
 46.74674675     0.00000027
 46.84684685     0.00000027
 46.94694695     0.00000026
 47.04704705     0.00000026
 47.14714715     0.00000025
 47.24724725     0.00000025
 47.34734735     0.00000024
 47.44744745     0.00000023
 47.54754755     0.00000022
 47.64764765     0.00000021
 47.74774775     0.00000020
 47.84784785     0.00000019
 47.94794795     0.00000018
 48.04804805     0.00000017
 48.14814815     0.00000016
 48.24824825     0.00000015
 48.34834835     0.00000014
 48.44844845     0.00000013
 48.54854855     0.00000012
 48.64864865     0.00000011
 48.74874875     0.00000010
 48.84884885     0.00000010
 48.94894895     0.00000009
 49.04904905     0.00000008
 49.14914915     0.00000007
 49.24924925     0.00000006
 49.34934935     0.00000005
 49.44944945     0.00000004
 49.54954955     0.00000004
 49.64964965     0.00000003
 49.74974975     0.00000002
 49.84984985     0.00000002
 49.94994995     0.00000001
 50.05005005     0.00000000
 50.15015015    -0.00000000
 50.25025025    -0.00000001
 50.35035035    -0.00000001
 50.45045045    -0.00000001
 50.55055055    -0.00000002
 50.65065065    -0.00000002
 50.75075075    -0.00000003
 50.85085085    -0.00000003
 50.95095095    -0.00000003
 51.05105105    -0.00000003
 51.15115115    -0.00000003
 51.25125125    -0.00000004
 51.35135135    -0.00000004
 51.45145145    -0.00000004
 51.55155155    -0.00000004
 51.65165165    -0.00000004
 51.75175175    -0.00000004
 51.85185185    -0.00000004
 51.95195195    -0.00000004
 52.05205205    -0.00000004
 52.15215215    -0.00000004
 52.25225225    -0.00000004
 52.35235235    -0.00000004
 52.45245245    -0.00000004
 52.55255255    -0.00000004
 52.65265265    -0.00000004
 52.75275275    -0.00000003
 52.85285285    -0.00000003
 52.95295295    -0.00000003
 53.05305305    -0.00000003
 53.15315315    -0.00000003
 53.25325325    -0.00000003
 53.35335335    -0.00000003
 53.45345345    -0.00000002
 53.55355355    -0.00000002
 53.65365365    -0.00000002
 53.75375375    -0.00000002
 53.85385385    -0.00000002
 53.95395395    -0.00000002
 54.05405405    -0.00000002
 54.15415415    -0.00000001
 54.25425425    -0.00000001
 54.35435435    -0.00000001
 54.45445445    -0.00000001
 54.55455455    -0.00000001
 54.65465465    -0.00000001
 54.75475475    -0.00000001
 54.85485485    -0.00000000
 54.95495495    -0.00000000
 55.05505506    -0.00000000
 55.15515516    -0.00000000
 55.25525526    -0.00000000
 55.35535536    -0.00000000
 55.45545546     0.00000000
 55.55555556     0.00000000
 55.65565566     0.00000000
 55.75575576     0.00000000
 55.85585586     0.00000000
 55.95595596     0.00000000
 56.05605606     0.00000000
 56.15615616     0.00000000
 56.25625626     0.00000000
 56.35635636     0.00000001
 56.45645646     0.00000001
 56.55655656     0.00000001
 56.65665666     0.00000001
 56.75675676     0.00000001
 56.85685686     0.00000001
 56.95695696     0.00000001
 57.05705706     0.00000001
 57.15715716     0.00000001
 57.25725726     0.00000001
 57.35735736     0.00000001
 57.45745746     0.00000001
 57.55755756     0.00000001
 57.65765766     0.00000001
 57.75775776     0.00000001
 57.85785786     0.00000001
 57.95795796     0.00000000
 58.05805806     0.00000000
 58.15815816     0.00000000
 58.25825826     0.00000000
 58.35835836     0.00000000
 58.45845846     0.00000000
 58.55855856     0.00000000
 58.65865866     0.00000000
 58.75875876     0.00000000
 58.85885886     0.00000000
 58.95895896     0.00000000
 59.05905906     0.00000000
 59.15915916     0.00000000
 59.25925926     0.00000000
 59.35935936     0.00000000
 59.45945946     0.00000000
 59.55955956     0.00000000
 59.65965966     0.00000000
 59.75975976     0.00000000
 59.85985986     0.00000000
 59.95995996     0.00000000
 60.06006006     0.00000000
 60.16016016     0.00000000
 60.26026026     0.00000000
 60.36036036     0.00000000
 60.46046046     0.00000000
 60.56056056    -0.00000000
 60.66066066    -0.00000000
 60.76076076    -0.00000000
 60.86086086    -0.00000000
 60.96096096    -0.00000000
 61.06106106    -0.00000000
 61.16116116    -0.00000000
 61.26126126    -0.00000000
 61.36136136    -0.00000000
 61.46146146    -0.00000000
 61.56156156    -0.00000000
 61.66166166    -0.00000000
 61.76176176    -0.00000000
 61.86186186    -0.00000000
 61.96196196    -0.00000000
 62.06206206    -0.00000000
 62.16216216    -0.00000000
 62.26226226    -0.00000000
 62.36236236    -0.00000000
 62.46246246    -0.00000000
 62.56256256    -0.00000000
 62.66266266    -0.00000000
 62.76276276    -0.00000000
 62.86286286    -0.00000000
 62.96296296    -0.00000000
 63.06306306    -0.00000000
 63.16316316    -0.00000000
 63.26326326    -0.00000000
 63.36336336    -0.00000000
 63.46346346    -0.00000000
 63.56356356    -0.00000000
 63.66366366    -0.00000000
 63.76376376    -0.00000000
 63.86386386    -0.00000000
 63.96396396    -0.00000000
 64.06406406    -0.00000000
 64.16416416    -0.00000000
 64.26426426    -0.00000000
 64.36436436    -0.00000000
 64.46446446    -0.00000000
 64.56456456    -0.00000000
 64.66466466    -0.00000000
 64.76476476    -0.00000000
 64.86486486    -0.00000000
 64.96496496    -0.00000000
 65.06506507    -0.00000000
 65.16516517    -0.00000000
 65.26526527    -0.00000000
 65.36536537    -0.00000000
 65.46546547     0.00000000
 65.56556557     0.00000000
 65.66566567     0.00000000
 65.76576577     0.00000000
 65.86586587     0.00000000
 65.96596597     0.00000000
 66.06606607     0.00000000
 66.16616617     0.00000000
 66.26626627     0.00000000
 66.36636637     0.00000000
 66.46646647     0.00000000
 66.56656657     0.00000000
 66.66666667     0.00000000
 66.76676677     0.00000000
 66.86686687     0.00000000
 66.96696697     0.00000000
 67.06706707     0.00000000
 67.16716717     0.00000000
 67.26726727     0.00000000
 67.36736737     0.00000000
 67.46746747     0.00000000
 67.56756757     0.00000000
 67.66766767     0.00000000
 67.76776777     0.00000000
 67.86786787     0.00000000
 67.96796797     0.00000000
 68.06806807     0.00000000
 68.16816817     0.00000000
 68.26826827     0.00000000
 68.36836837     0.00000000
 68.46846847     0.00000000
 68.56856857     0.00000000
 68.66866867     0.00000000
 68.76876877     0.00000000
 68.86886887     0.00000000
 68.96896897     0.00000000
 69.06906907     0.00000000
 69.16916917     0.00000000
 69.26926927     0.00000000
 69.36936937     0.00000000
 69.46946947     0.00000000
 69.56956957     0.00000000
 69.66966967     0.00000000
 69.76976977     0.00000000
 69.86986987     0.00000000
 69.96996997     0.00000000
 70.07007007     0.00000000
 70.17017017     0.00000000
 70.27027027     0.00000000
 70.37037037    -0.00000000
 70.47047047    -0.00000000
 70.57057057    -0.00000000
 70.67067067    -0.00000000
 70.77077077    -0.00000000
 70.87087087    -0.00000000
 70.97097097    -0.00000000
 71.07107107    -0.00000000
 71.17117117    -0.00000000
 71.27127127    -0.00000000
 71.37137137    -0.00000000
 71.47147147    -0.00000000
 71.57157157    -0.00000000
 71.67167167    -0.00000000
 71.77177177    -0.00000000
 71.87187187    -0.00000000
 71.97197197    -0.00000000
 72.07207207    -0.00000000
 72.17217217    -0.00000000
 72.27227227    -0.00000000
 72.37237237    -0.00000000
 72.47247247    -0.00000000
 72.57257257    -0.00000000
 72.67267267    -0.00000000
 72.77277277    -0.00000000
 72.87287287    -0.00000000
 72.97297297    -0.00000000
 73.07307307    -0.00000000
 73.17317317    -0.00000000
 73.27327327    -0.00000000
 73.37337337    -0.00000000
 73.47347347    -0.00000000
 73.57357357    -0.00000000
 73.67367367    -0.00000000
 73.77377377    -0.00000000
 73.87387387    -0.00000000
 73.97397397    -0.00000000
 74.07407407    -0.00000000
 74.17417417    -0.00000000
 74.27427427    -0.00000000
 74.37437437    -0.00000000
 74.47447447    -0.00000000
 74.57457457    -0.00000000
 74.67467467    -0.00000000
 74.77477477    -0.00000000
 74.87487487    -0.00000000
 74.97497497    -0.00000000
 75.07507508     0.00000000
 75.17517518     0.00000000
 75.27527528     0.00000000
 75.37537538     0.00000000
 75.47547548     0.00000000
 75.57557558     0.00000000
 75.67567568     0.00000000
 75.77577578     0.00000000
 75.87587588     0.00000000
 75.97597598     0.00000000
 76.07607608     0.00000000
 76.17617618     0.00000000
 76.27627628     0.00000000
 76.37637638     0.00000000
 76.47647648     0.00000000
 76.57657658     0.00000000
 76.67667668     0.00000000
 76.77677678     0.00000000
 76.87687688     0.00000000
 76.97697698     0.00000000
 77.07707708     0.00000000
 77.17717718     0.00000000
 77.27727728     0.00000000
 77.37737738     0.00000000
 77.47747748     0.00000000
 77.57757758     0.00000000
 77.67767768     0.00000000
 77.77777778     0.00000000
 77.87787788     0.00000000
 77.97797798     0.00000000
 78.07807808     0.00000000
 78.17817818     0.00000000
 78.27827828     0.00000000
 78.37837838     0.00000000
 78.47847848     0.00000000
 78.57857858     0.00000000
 78.67867868     0.00000000
 78.77877878     0.00000000
 78.87887888     0.00000000
 78.97897898     0.00000000
 79.07907908     0.00000000
 79.17917918     0.00000000
 79.27927928     0.00000000
 79.37937938     0.00000000
 79.47947948     0.00000000
 79.57957958     0.00000000
 79.67967968    -0.00000000
 79.77977978    -0.00000000
 79.87987988    -0.00000000
 79.97997998    -0.00000000
 80.08008008    -0.00000000
 80.18018018    -0.00000000
 80.28028028    -0.00000000
 80.38038038    -0.00000000
 80.48048048    -0.00000000
 80.58058058    -0.00000000
 80.68068068    -0.00000000
 80.78078078    -0.00000000
 80.88088088    -0.00000000
 80.98098098    -0.00000000
 81.08108108    -0.00000000
 81.18118118    -0.00000000
 81.28128128    -0.00000000
 81.38138138    -0.00000000
 81.48148148    -0.00000000
 81.58158158    -0.00000000
 81.68168168    -0.00000000
 81.78178178    -0.00000000
 81.88188188    -0.00000000
 81.98198198    -0.00000000
 82.08208208    -0.00000000
 82.18218218    -0.00000000
 82.28228228    -0.00000000
 82.38238238    -0.00000000
 82.48248248    -0.00000000
 82.58258258    -0.00000000
 82.68268268    -0.00000000
 82.78278278    -0.00000000
 82.88288288    -0.00000000
 82.98298298    -0.00000000
 83.08308308    -0.00000000
 83.18318318    -0.00000000
 83.28328328    -0.00000000
 83.38338338    -0.00000000
 83.48348348    -0.00000000
 83.58358358    -0.00000000
 83.68368368    -0.00000000
 83.78378378    -0.00000000
 83.88388388    -0.00000000
 83.98398398    -0.00000000
 84.08408408    -0.00000000
 84.18418418     0.00000000
 84.28428428     0.00000000
 84.38438438     0.00000000
 84.48448448     0.00000000
 84.58458458     0.00000000
 84.68468468     0.00000000
 84.78478478     0.00000000
 84.88488488     0.00000000
 84.98498498     0.00000000
 85.08508509     0.00000000
 85.18518519     0.00000000
 85.28528529     0.00000000
 85.38538539     0.00000000
 85.48548549     0.00000000
 85.58558559     0.00000000
 85.68568569     0.00000000
 85.78578579     0.00000000
 85.88588589     0.00000000
 85.98598599     0.00000000
 86.08608609     0.00000000
 86.18618619     0.00000000
 86.28628629     0.00000000
 86.38638639     0.00000000
 86.48648649     0.00000000
 86.58658659     0.00000000
 86.68668669     0.00000000
 86.78678679     0.00000000
 86.88688689     0.00000000
 86.98698699     0.00000000
 87.08708709     0.00000000
 87.18718719     0.00000000
 87.28728729     0.00000000
 87.38738739     0.00000000
 87.48748749     0.00000000
 87.58758759     0.00000000
 87.68768769     0.00000000
 87.78778779     0.00000000
 87.88788789     0.00000000
 87.98798799     0.00000000
 88.08808809     0.00000000
 88.18818819     0.00000000
 88.28828829     0.00000000
 88.38838839     0.00000000
 88.48848849     0.00000000
 88.58858859     0.00000000
 88.68868869    -0.00000000
 88.78878879    -0.00000000
 88.88888889    -0.00000000
 88.98898899    -0.00000000
 89.08908909    -0.00000000
 89.18918919    -0.00000000
 89.28928929    -0.00000000
 89.38938939    -0.00000000
 89.48948949    -0.00000000
 89.58958959    -0.00000000
 89.68968969    -0.00000000
 89.78978979    -0.00000000
 89.88988989    -0.00000000
 89.98998999    -0.00000000
 90.09009009    -0.00000000
 90.19019019    -0.00000000
 90.29029029    -0.00000000
 90.39039039    -0.00000000
 90.49049049    -0.00000000
 90.59059059    -0.00000000
 90.69069069    -0.00000000
 90.79079079    -0.00000000
 90.89089089    -0.00000000
 90.99099099    -0.00000000
 91.09109109    -0.00000000
 91.19119119    -0.00000000
 91.29129129    -0.00000000
 91.39139139    -0.00000000
 91.49149149    -0.00000000
 91.59159159    -0.00000000
 91.69169169    -0.00000000
 91.79179179    -0.00000000
 91.89189189    -0.00000000
 91.99199199    -0.00000000
 92.09209209    -0.00000000
 92.19219219    -0.00000000
 92.29229229    -0.00000000
 92.39239239    -0.00000000
 92.49249249    -0.00000000
 92.59259259    -0.00000000
 92.69269269    -0.00000000
 92.79279279    -0.00000000
 92.89289289    -0.00000000
 92.99299299    -0.00000000
 93.09309309     0.00000000
 93.19319319     0.00000000
 93.29329329     0.00000000
 93.39339339     0.00000000
 93.49349349     0.00000000
 93.59359359     0.00000000
 93.69369369     0.00000000
 93.79379379     0.00000000
 93.89389389     0.00000000
 93.99399399     0.00000000
 94.09409409     0.00000000
 94.19419419     0.00000000
 94.29429429     0.00000000
 94.39439439     0.00000000
 94.49449449     0.00000000
 94.59459459     0.00000000
 94.69469469     0.00000000
 94.79479479     0.00000000
 94.89489489     0.00000000
 94.99499499     0.00000000
 95.09509510     0.00000000
 95.19519520     0.00000000
 95.29529530     0.00000000
 95.39539540     0.00000000
 95.49549550     0.00000000
 95.59559560     0.00000000
 95.69569570     0.00000000
 95.79579580     0.00000000
 95.89589590     0.00000000
 95.99599600     0.00000000
 96.09609610     0.00000000
 96.19619620     0.00000000
 96.29629630     0.00000000
 96.39639640     0.00000000
 96.49649650     0.00000000
 96.59659660     0.00000000
 96.69669670     0.00000000
 96.79679680     0.00000000
 96.89689690     0.00000000
 96.99699700     0.00000000
 97.09709710     0.00000000
 97.19719720     0.00000000
 97.29729730     0.00000000
 97.39739740     0.00000000
 97.49749750     0.00000000
 97.59759760     0.00000000
 97.69769770     0.00000000
 97.79779780    -0.00000000
 97.89789790    -0.00000000
 97.99799800    -0.00000000
 98.09809810    -0.00000000
 98.19819820    -0.00000000
 98.29829830    -0.00000000
 98.39839840    -0.00000000
 98.49849850    -0.00000000
 98.59859860    -0.00000000
 98.69869870    -0.00000000
 98.79879880    -0.00000000
 98.89889890    -0.00000000
 98.99899900    -0.00000000
 99.09909910    -0.00000000
 99.19919920    -0.00000000
 99.29929930    -0.00000000
 99.39939940    -0.00000000
 99.49949950    -0.00000000
 99.59959960    -0.00000000
 99.69969970     0.00000000
 99.79979980     0.00000000
 99.89989990     0.00000000
100.00000000     0.00000000
