  0.00000000    -0.20792781
  0.10010010    -0.19392781
  0.20020020    -0.18037063
  0.30030030    -0.16725626
  0.40040040    -0.15458423
  0.50050050    -0.14235354
  0.60060060    -0.13056276
  0.70070070    -0.11920995
  0.80080080    -0.10829271
  0.90090090    -0.09780816
  1.00100100    -0.08775298
  1.10110110    -0.07812338
  1.20120120    -0.06891516
  1.30130130    -0.06012365
  1.40140140    -0.05174380
  1.50150150    -0.04377013
  1.60160160    -0.03619677
  1.70170170    -0.02901747
  1.80180180    -0.02222564
  1.90190190    -0.01581430
  2.00200200    -0.00977617
  2.10210210    -0.00410363
  2.20220220     0.00121122
  2.30230230     0.00617657
  2.40240240     0.01080088
  2.50250250     0.01509283
  2.60260260     0.01906136
  2.70270270     0.02271557
  2.80280280     0.02606480
  2.90290290     0.02911851
  3.00300300     0.03188633
  3.10310310     0.03437801
  3.20320320     0.03660340
  3.30330330     0.03857245
  3.40340340     0.04029515
  3.50350350     0.04178156
  3.60360360     0.04304175
  3.70370370     0.04408582
  3.80380380     0.04492382
  3.90390390     0.04556581
  4.00400400     0.04602176
  4.10410410     0.04630161
  4.20420420     0.04641518
  4.30430430     0.04637222
  4.40440440     0.04618233
  4.50450450     0.04585501
  4.60460460     0.04539959
  4.70470470     0.04482523
  4.80480480     0.04414093
  4.90490490     0.04335549
  5.00500501     0.04247751
  5.10510511     0.04151538
  5.20520521     0.04047727
  5.30530531     0.03937109
  5.40540541     0.03820455
  5.50550551     0.03698506
  5.60560561     0.03571980
  5.70570571     0.03441570
  5.80580581     0.03307938
  5.90590591     0.03171722
  6.00600601     0.03033529
  6.10610611     0.02893940
  6.20620621     0.02753507
  6.30630631     0.02612753
  6.40640641     0.02472173
  6.50650651     0.02332232
  6.60660661     0.02193368
  6.70670671     0.02055989
  6.80680681     0.01920476
  6.90690691     0.01787181
  7.00700701     0.01656430
  7.10710711     0.01528520
  7.20720721     0.01403722
  7.30730731     0.01282281
  7.40740741     0.01164417
  7.50750751     0.01050324
  7.60760761     0.00940172
  7.70770771     0.00834108
  7.80780781     0.00732255
  7.90790791     0.00634717
  8.00800801     0.00541573
  8.10810811     0.00452884
  8.20820821     0.00368691
  8.30830831     0.00289017
  8.40840841     0.00213867
  8.50850851     0.00143230
  8.60860861     0.00077078
  8.70870871     0.00015369
  8.80880881    -0.00041953
  8.90890891    -0.00094956
  9.00900901    -0.00143720
  9.10910911    -0.00188337
  9.20920921    -0.00228909
  9.30930931    -0.00265546
  9.40940941    -0.00298366
  9.50950951    -0.00327495
  9.60960961    -0.00353067
  9.70970971    -0.00375217
  9.80980981    -0.00394090
  9.90990991    -0.00409831
 10.01001001    -0.00422590
 10.11011011    -0.00432519
 10.21021021    -0.00439772
 10.31031031    -0.00444503
 10.41041041    -0.00446866
 10.51051051    -0.00447018
 10.61061061    -0.00445110
 10.71071071    -0.00441296
 10.81081081    -0.00435726
 10.91091091    -0.00428547
 11.01101101    -0.00419905
 11.11111111    -0.00409941
 11.21121121    -0.00398793
 11.31131131    -0.00386595
 11.41141141    -0.00373477
 11.51151151    -0.00359563
 11.61161161    -0.00344974
 11.71171171    -0.00329825
 11.81181181    -0.00314225
 11.91191191    -0.00298280
 12.01201201    -0.00282088
 12.11211211    -0.00265742
 12.21221221    -0.00249331
 12.31231231    -0.00232937
 12.41241241    -0.00216636
 12.51251251    -0.00200499
 12.61261261    -0.00184592
 12.71271271    -0.00168975
 12.81281281    -0.00153701
 12.91291291    -0.00138820
 13.01301301    -0.00124376
 13.11311311    -0.00110408
 13.21321321    -0.00096949
 13.31331331    -0.00084029
 13.41341341    -0.00071671
 13.51351351    -0.00059897
 13.61361361    -0.00048722
 13.71371371    -0.00038158
 13.81381381    -0.00028213
 13.91391391    -0.00018892
 14.01401401    -0.00010196
 14.11411411    -0.00002122
 14.21421421     0.00005333
 14.31431431     0.00012179
 14.41441441     0.00018424
 14.51451451     0.00024082
 14.61461461     0.00029167
 14.71471471     0.00033695
 14.81481481     0.00037685
 14.91491491     0.00041155
 15.01501502     0.00044127
 15.11511512     0.00046622
 15.21521522     0.00048664
 15.31531532     0.00050275
 15.41541542     0.00051480
 15.51551552     0.00052302
 15.61561562     0.00052768
 15.71571572     0.00052900
 15.81581582     0.00052724
 15.91591592     0.00052265
 16.01601602     0.00051546
 16.11611612     0.00050592
 16.21621622     0.00049425
 16.31631632     0.00048069
 16.41641642     0.00046546
 16.51651652     0.00044877
 16.61661662     0.00043083
 16.71671672     0.00041183
 16.81681682     0.00039196
 16.91691692     0.00037142
 17.01701702     0.00035035
 17.11711712     0.00032893
 17.21721722     0.00030731
 17.31731732     0.00028562
 17.41741742     0.00026400
 17.51751752     0.00024256
 17.61761762     0.00022142
 17.71771772     0.00020067
 17.81781782     0.00018041
 17.91791792     0.00016072
 18.01801802     0.00014167
 18.11811812     0.00012331
 18.21821822     0.00010571
 18.31831832     0.00008891
 18.41841842     0.00007294
 18.51851852     0.00005784
 18.61861862     0.00004363
 18.71871872     0.00003031
 18.81881882     0.00001791
 18.91891892     0.00000642
 19.01901902    -0.00000415
 19.11911912    -0.00001383
 19.21921922    -0.00002262
 19.31931932    -0.00003054
 19.41941942    -0.00003760
 19.51951952    -0.00004384
 19.61961962    -0.00004929
 19.71971972    -0.00005396
 19.81981982    -0.00005791
 19.91991992    -0.00006115
 20.02002002    -0.00006373
 20.12012012    -0.00006568
 20.22022022    -0.00006704
 20.32032032    -0.00006786
 20.42042042    -0.00006817
 20.52052052    -0.00006801
 20.62062062    -0.00006742
 20.72072072    -0.00006643
 20.82082082    -0.00006510
 20.92092092    -0.00006345
 21.02102102    -0.00006152
 21.12112112    -0.00005934
 21.22122122    -0.00005696
 21.32132132    -0.00005440
 21.42142142    -0.00005170
 21.52152152    -0.00004888
 21.62162162    -0.00004597
 21.72172172    -0.00004300
 21.82182182    -0.00003999
 21.92192192    -0.00003698
 22.02202202    -0.00003396
 22.12212212    -0.00003098
 22.22222222    -0.00002804
 22.32232232    -0.00002516
 22.42242242    -0.00002236
 22.52252252    -0.00001964
 22.62262262    -0.00001702
 22.72272272    -0.00001451
 22.82282282    -0.00001212
 22.92292292    -0.00000985
 23.02302302    -0.00000770
 23.12312312    -0.00000569
 23.22322322    -0.00000381
 23.32332332    -0.00000207
 23.42342342    -0.00000047
 23.52352352     0.00000100
 23.62362362     0.00000234
 23.72372372     0.00000354
 23.82382382     0.00000461
 23.92392392     0.00000556
 24.02402402     0.00000638
 24.12412412     0.00000709
 24.22422422     0.00000768
 24.32432432     0.00000817
 24.42442442     0.00000855
 24.52452452     0.00000884
 24.62462462     0.00000904
 24.72472472     0.00000916
 24.82482482     0.00000920
 24.92492492     0.00000917
 25.02502503     0.00000907
 25.12512513     0.00000892
 25.22522523     0.00000872
 25.32532533     0.00000847
 25.42542543     0.00000817
 25.52552553     0.00000785
 25.62562563     0.00000749
 25.72572573     0.00000712
 25.82582583     0.00000672
 25.92592593     0.00000631
 26.02602603     0.00000588
 26.12612613     0.00000545
 26.22622623     0.00000502
 26.32632633     0.00000459
 26.42642643     0.00000416
 26.52652653     0.00000374
 26.62662663     0.00000333
 26.72672673     0.00000293
 26.82682683     0.00000255
 26.92692693     0.00000217
 27.02702703     0.00000182
 27.12712713     0.00000148
 27.22722723     0.00000117
 27.32732733     0.00000087
 27.42742743     0.00000059
 27.52752753     0.00000033
 27.62762763     0.00000010
 27.72772773    -0.00000012
 27.82782783    -0.00000031
 27.92792793    -0.00000049
 28.02802803    -0.00000064
 28.12812813    -0.00000078
 28.22822823    -0.00000090
 28.32832833    -0.00000100
 28.42842843    -0.00000108
 28.52852853    -0.00000115
 28.62862863    -0.00000120
 28.72872873    -0.00000124
 28.82882883    -0.00000126
 28.92892893    -0.00000127
 29.02902903    -0.00000127
 29.12912913    -0.00000127
 29.22922923    -0.00000125
 29.32932933    -0.00000122
 29.42942943    -0.00000119
 29.52952953    -0.00000114
 29.62962963    -0.00000110
 29.72972973    -0.00000105
 29.82982983    -0.00000099
 29.92992993    -0.00000094
 30.03003003    -0.00000088
 30.13013013    -0.00000081
 30.23023023    -0.00000075
 30.33033033    -0.00000069
 30.43043043    -0.00000063
 30.53053053    -0.00000056
 30.63063063    -0.00000050
 30.73073073    -0.00000044
 30.83083083    -0.00000039
 30.93093093    -0.00000033
 31.03103103    -0.00000028
 31.13113113    -0.00000023
 31.23123123    -0.00000018
 31.33133133    -0.00000014
 31.43143143    -0.00000009
 31.53153153    -0.00000006
 31.63163163    -0.00000002
 31.73173173     0.00000001
 31.83183183     0.00000004
 31.93193193     0.00000007
 32.03203203     0.00000009
 32.13213213     0.00000011
 32.23223223     0.00000013
 32.33233233     0.00000014
 32.43243243     0.00000015
 32.53253253     0.00000016
 32.63263263     0.00000017
 32.73273273     0.00000018
 32.83283283     0.00000018
 32.93293293     0.00000018
 33.03303303     0.00000018
 33.13313313     0.00000018
 33.23323323     0.00000017
 33.33333333     0.00000017
 33.43343343     0.00000016
 33.53353353     0.00000016
 33.63363363     0.00000015
 33.73373373     0.00000014
 33.83383383     0.00000013
 33.93393393     0.00000013
 34.03403403     0.00000012
 34.13413413     0.00000011
 34.23423423     0.00000010
 34.33433433     0.00000009
 34.43443443     0.00000008
 34.53453453     0.00000007
 34.63463463     0.00000006
 34.73473473     0.00000005
 34.83483483     0.00000005
 34.93493493     0.00000004
 35.03503504     0.00000003
 35.13513514     0.00000002
 35.23523524     0.00000002
 35.33533534     0.00000001
 35.43543544     0.00000001
 35.53553554     0.00000000
 35.63563564    -0.00000000
 35.73573574    -0.00000001
 35.83583584    -0.00000001
 35.93593594    -0.00000001
 36.03603604    -0.00000002
 36.13613614    -0.00000002
 36.23623624    -0.00000002
 36.33633634    -0.00000002
 36.43643644    -0.00000002
 36.53653654    -0.00000002
 36.63663664    -0.00000003
 36.73673674    -0.00000003
 36.83683684    -0.00000003
 36.93693694    -0.00000003
 37.03703704    -0.00000003
 37.13713714    -0.00000002
 37.23723724    -0.00000002
 37.33733734    -0.00000002
 37.43743744    -0.00000002
 37.53753754    -0.00000002
 37.63763764    -0.00000002
 37.73773774    -0.00000002
 37.83783784    -0.00000002
 37.93793794    -0.00000002
 38.03803804    -0.00000001
 38.13813814    -0.00000001
 38.23823824    -0.00000001
 38.33833834    -0.00000001
 38.43843844    -0.00000001
 38.53853854    -0.00000001
 38.63863864    -0.00000001
 38.73873874    -0.00000000
 38.83883884    -0.00000000
 38.93893894    -0.00000000
 39.03903904    -0.00000000
 39.13913914    -0.00000000
 39.23923924    -0.00000000
 39.33933934     0.00000000
 39.43943944     0.00000000
 39.53953954     0.00000000
 39.63963964     0.00000000
 39.73973974     0.00000000
 39.83983984     0.00000000
 39.93993994     0.00000000
 40.04004004     0.00000000
 40.14014014     0.00000000
 40.24024024     0.00000000
 40.34034034     0.00000000
 40.44044044     0.00000000
 40.54054054     0.00000000
 40.64064064     0.00000000
 40.74074074     0.00000000
 40.84084084     0.00000000
 40.94094094     0.00000000
 41.04104104     0.00000000
 41.14114114     0.00000000
 41.24124124     0.00000000
 41.34134134     0.00000000
 41.44144144     0.00000000
 41.54154154     0.00000000
 41.64164164     0.00000000
 41.74174174     0.00000000
 41.84184184     0.00000000
 41.94194194     0.00000000
 42.04204204     0.00000000
 42.14214214     0.00000000
 42.24224224     0.00000000
 42.34234234     0.00000000
 42.44244244     0.00000000
 42.54254254     0.00000000
 42.64264264     0.00000000
 42.74274274     0.00000000
 42.84284284     0.00000000
 42.94294294    -0.00000000
 43.04304304    -0.00000000
 43.14314314    -0.00000000
 43.24324324    -0.00000000
 43.34334334    -0.00000000
 43.44344344    -0.00000000
 43.54354354    -0.00000000
 43.64364364    -0.00000000
 43.74374374    -0.00000000
 43.84384384    -0.00000000
 43.94394394    -0.00000000
 44.04404404    -0.00000000
 44.14414414    -0.00000000
 44.24424424    -0.00000000
 44.34434434    -0.00000000
 44.44444444    -0.00000000
 44.54454454    -0.00000000
 44.64464464    -0.00000000
 44.74474474    -0.00000000
 44.84484484    -0.00000000
 44.94494494    -0.00000000
 45.04504505    -0.00000000
 45.14514515    -0.00000000
 45.24524525    -0.00000000
 45.34534535    -0.00000000
 45.44544545    -0.00000000
 45.54554555    -0.00000000
 45.64564565    -0.00000000
 45.74574575    -0.00000000
 45.84584585    -0.00000000
 45.94594595    -0.00000000
 46.04604605    -0.00000000
 46.14614615    -0.00000000
 46.24624625    -0.00000000
 46.34634635    -0.00000000
 46.44644645     0.00000000
 46.54654655     0.00000000
 46.64664665     0.00000000
 46.74674675     0.00000000
 46.84684685     0.00000000
 46.94694695     0.00000000
 47.04704705     0.00000000
 47.14714715     0.00000000
 47.24724725     0.00000000
 47.34734735     0.00000000
 47.44744745     0.00000000
 47.54754755     0.00000000
 47.64764765     0.00000000
 47.74774775     0.00000000
 47.84784785     0.00000000
 47.94794795     0.00000000
 48.04804805     0.00000000
 48.14814815     0.00000000
 48.24824825     0.00000000
 48.34834835     0.00000000
 48.44844845     0.00000000
 48.54854855     0.00000000
 48.64864865     0.00000000
 48.74874875     0.00000000
 48.84884885     0.00000000
 48.94894895     0.00000000
 49.04904905     0.00000000
 49.14914915     0.00000000
 49.24924925     0.00000000
 49.34934935     0.00000000
 49.44944945     0.00000000
 49.54954955     0.00000000
 49.64964965     0.00000000
 49.74974975     0.00000000
 49.84984985     0.00000000
 49.94994995    -0.00000000
 50.05005005    -0.00000000
 50.15015015    -0.00000000
 50.25025025    -0.00000000
 50.35035035    -0.00000000
 50.45045045    -0.00000000
 50.55055055    -0.00000000
 50.65065065    -0.00000000
 50.75075075    -0.00000000
 50.85085085    -0.00000000
 50.95095095    -0.00000000
 51.05105105    -0.00000000
 51.15115115    -0.00000000
 51.25125125    -0.00000000
 51.35135135    -0.00000000
 51.45145145    -0.00000000
 51.55155155    -0.00000000
 51.65165165    -0.00000000
 51.75175175    -0.00000000
 51.85185185    -0.00000000
 51.95195195    -0.00000000
 52.05205205    -0.00000000
 52.15215215    -0.00000000
 52.25225225    -0.00000000
 52.35235235    -0.00000000
 52.45245245    -0.00000000
 52.55255255    -0.00000000
 52.65265265    -0.00000000
 52.75275275    -0.00000000
 52.85285285    -0.00000000
 52.95295295    -0.00000000
 53.05305305    -0.00000000
 53.15315315    -0.00000000
 53.25325325     0.00000000
 53.35335335     0.00000000
 53.45345345     0.00000000
 53.55355355     0.00000000
 53.65365365     0.00000000
 53.75375375     0.00000000
 53.85385385     0.00000000
 53.95395395     0.00000000
 54.05405405     0.00000000
 54.15415415     0.00000000
 54.25425425     0.00000000
 54.35435435     0.00000000
 54.45445445     0.00000000
 54.55455455     0.00000000
 54.65465465     0.00000000
 54.75475475     0.00000000
 54.85485485     0.00000000
 54.95495495     0.00000000
 55.05505506     0.00000000
 55.15515516     0.00000000
 55.25525526     0.00000000
 55.35535536     0.00000000
 55.45545546     0.00000000
 55.55555556     0.00000000
 55.65565566     0.00000000
 55.75575576     0.00000000
 55.85585586     0.00000000
 55.95595596     0.00000000
 56.05605606     0.00000000
 56.15615616     0.00000000
 56.25625626     0.00000000
 56.35635636     0.00000000
 56.45645646     0.00000000
 56.55655656     0.00000000
 56.65665666    -0.00000000
 56.75675676    -0.00000000
 56.85685686    -0.00000000
 56.95695696    -0.00000000
 57.05705706    -0.00000000
 57.15715716    -0.00000000
 57.25725726    -0.00000000
 57.35735736    -0.00000000
 57.45745746    -0.00000000
 57.55755756    -0.00000000
 57.65765766    -0.00000000
 57.75775776    -0.00000000
 57.85785786    -0.00000000
 57.95795796    -0.00000000
 58.05805806    -0.00000000
 58.15815816    -0.00000000
 58.25825826    -0.00000000
 58.35835836    -0.00000000
 58.45845846    -0.00000000
 58.55855856    -0.00000000
 58.65865866    -0.00000000
 58.75875876    -0.00000000
 58.85885886    -0.00000000
 58.95895896    -0.00000000
 59.05905906    -0.00000000
 59.15915916    -0.00000000
 59.25925926    -0.00000000
 59.35935936    -0.00000000
 59.45945946    -0.00000000
 59.55955956    -0.00000000
 59.65965966    -0.00000000
 59.75975976    -0.00000000
 59.85985986     0.00000000
 59.95995996     0.00000000
 60.06006006     0.00000000
 60.16016016     0.00000000
 60.26026026     0.00000000
 60.36036036     0.00000000
 60.46046046     0.00000000
 60.56056056     0.00000000
 60.66066066     0.00000000
 60.76076076     0.00000000
 60.86086086     0.00000000
 60.96096096     0.00000000
 61.06106106     0.00000000
 61.16116116     0.00000000
 61.26126126     0.00000000
 61.36136136     0.00000000
 61.46146146     0.00000000
 61.56156156     0.00000000
 61.66166166     0.00000000
 61.76176176     0.00000000
 61.86186186     0.00000000
 61.96196196     0.00000000
 62.06206206     0.00000000
 62.16216216     0.00000000
 62.26226226     0.00000000
 62.36236236     0.00000000
 62.46246246     0.00000000
 62.56256256     0.00000000
 62.66266266     0.00000000
 62.76276276     0.00000000
 62.86286286     0.00000000
 62.96296296     0.00000000
 63.06306306    -0.00000000
 63.16316316    -0.00000000
 63.26326326    -0.00000000
 63.36336336    -0.00000000
 63.46346346    -0.00000000
 63.56356356    -0.00000000
 63.66366366    -0.00000000
 63.76376376    -0.00000000
 63.86386386    -0.00000000
 63.96396396    -0.00000000
 64.06406406    -0.00000000
 64.16416416    -0.00000000
 64.26426426    -0.00000000
 64.36436436    -0.00000000
 64.46446446    -0.00000000
 64.56456456    -0.00000000
 64.66466466    -0.00000000
 64.76476476    -0.00000000
 64.86486486    -0.00000000
 64.96496496    -0.00000000
 65.06506507    -0.00000000
 65.16516517    -0.00000000
 65.26526527    -0.00000000
 65.36536537    -0.00000000
 65.46546547    -0.00000000
 65.56556557    -0.00000000
 65.66566567    -0.00000000
 65.76576577    -0.00000000
 65.86586587    -0.00000000
 65.96596597    -0.00000000
 66.06606607    -0.00000000
 66.16616617     0.00000000
 66.26626627     0.00000000
 66.36636637     0.00000000
 66.46646647     0.00000000
 66.56656657     0.00000000
 66.66666667     0.00000000
 66.76676677     0.00000000
 66.86686687     0.00000000
 66.96696697     0.00000000
 67.06706707     0.00000000
 67.16716717     0.00000000
 67.26726727     0.00000000
 67.36736737     0.00000000
 67.46746747     0.00000000
 67.56756757     0.00000000
 67.66766767     0.00000000
 67.76776777     0.00000000
 67.86786787     0.00000000
 67.96796797     0.00000000
 68.06806807     0.00000000
 68.16816817     0.00000000
 68.26826827     0.00000000
 68.36836837     0.00000000
 68.46846847     0.00000000
 68.56856857     0.00000000
 68.66866867     0.00000000
 68.76876877     0.00000000
 68.86886887     0.00000000
 68.96896897     0.00000000
 69.06906907     0.00000000
 69.16916917     0.00000000
 69.26926927    -0.00000000
 69.36936937    -0.00000000
 69.46946947    -0.00000000
 69.56956957    -0.00000000
 69.66966967    -0.00000000
 69.76976977    -0.00000000
 69.86986987    -0.00000000
 69.96996997    -0.00000000
 70.07007007    -0.00000000
 70.17017017    -0.00000000
 70.27027027    -0.00000000
 70.37037037    -0.00000000
 70.47047047    -0.00000000
 70.57057057    -0.00000000
 70.67067067    -0.00000000
 70.77077077    -0.00000000
 70.87087087    -0.00000000
 70.97097097    -0.00000000
 71.07107107    -0.00000000
 71.17117117    -0.00000000
 71.27127127    -0.00000000
 71.37137137    -0.00000000
 71.47147147    -0.00000000
 71.57157157    -0.00000000
 71.67167167    -0.00000000
 71.77177177    -0.00000000
 71.87187187    -0.00000000
 71.97197197    -0.00000000
 72.07207207    -0.00000000
 72.17217217    -0.00000000
 72.27227227    -0.00000000
 72.37237237     0.00000000
 72.47247247     0.00000000
 72.57257257     0.00000000
 72.67267267     0.00000000
 72.77277277     0.00000000
 72.87287287     0.00000000
 72.97297297     0.00000000
 73.07307307     0.00000000
 73.17317317     0.00000000
 73.27327327     0.00000000
 73.37337337     0.00000000
 73.47347347     0.00000000
 73.57357357     0.00000000
 73.67367367     0.00000000
 73.77377377     0.00000000
 73.87387387     0.00000000
 73.97397397     0.00000000
 74.07407407     0.00000000
 74.17417417     0.00000000
 74.27427427     0.00000000
 74.37437437     0.00000000
 74.47447447     0.00000000
 74.57457457     0.00000000
 74.67467467     0.00000000
 74.77477477     0.00000000
 74.87487487     0.00000000
 74.97497497     0.00000000
 75.07507508     0.00000000
 75.17517518     0.00000000
 75.27527528     0.00000000
 75.37537538    -0.00000000
 75.47547548    -0.00000000
 75.57557558    -0.00000000
 75.67567568    -0.00000000
 75.77577578    -0.00000000
 75.87587588    -0.00000000
 75.97597598    -0.00000000
 76.07607608    -0.00000000
 76.17617618    -0.00000000
 76.27627628    -0.00000000
 76.37637638    -0.00000000
 76.47647648    -0.00000000
 76.57657658    -0.00000000
 76.67667668    -0.00000000
 76.77677678    -0.00000000
 76.87687688    -0.00000000
 76.97697698    -0.00000000
 77.07707708    -0.00000000
 77.17717718    -0.00000000
 77.27727728    -0.00000000
 77.37737738    -0.00000000
 77.47747748    -0.00000000
 77.57757758    -0.00000000
 77.67767768    -0.00000000
 77.77777778    -0.00000000
 77.87787788    -0.00000000
 77.97797798    -0.00000000
 78.07807808    -0.00000000
 78.17817818    -0.00000000
 78.27827828     0.00000000
 78.37837838     0.00000000
 78.47847848     0.00000000
 78.57857858     0.00000000
 78.67867868     0.00000000
 78.77877878     0.00000000
 78.87887888     0.00000000
 78.97897898     0.00000000
 79.07907908     0.00000000
 79.17917918     0.00000000
 79.27927928     0.00000000
 79.37937938     0.00000000
 79.47947948     0.00000000
 79.57957958     0.00000000
 79.67967968     0.00000000
 79.77977978     0.00000000
 79.87987988     0.00000000
 79.97997998     0.00000000
 80.08008008     0.00000000
 80.18018018     0.00000000
 80.28028028     0.00000000
 80.38038038     0.00000000
 80.48048048     0.00000000
 80.58058058     0.00000000
 80.68068068     0.00000000
 80.78078078     0.00000000
 80.88088088     0.00000000
 80.98098098     0.00000000
 81.08108108     0.00000000
 81.18118118     0.00000000
 81.28128128    -0.00000000
 81.38138138    -0.00000000
 81.48148148    -0.00000000
 81.58158158    -0.00000000
 81.68168168    -0.00000000
 81.78178178    -0.00000000
 81.88188188    -0.00000000
 81.98198198    -0.00000000
 82.08208208    -0.00000000
 82.18218218    -0.00000000
 82.28228228    -0.00000000
 82.38238238    -0.00000000
 82.48248248    -0.00000000
 82.58258258    -0.00000000
 82.68268268    -0.00000000
 82.78278278    -0.00000000
 82.88288288    -0.00000000
 82.98298298    -0.00000000
 83.08308308    -0.00000000
 83.18318318    -0.00000000
 83.28328328    -0.00000000
 83.38338338    -0.00000000
 83.48348348    -0.00000000
 83.58358358    -0.00000000
 83.68368368    -0.00000000
 83.78378378    -0.00000000
 83.88388388    -0.00000000
 83.98398398    -0.00000000
 84.08408408    -0.00000000
 84.18418418     0.00000000
 84.28428428     0.00000000
 84.38438438     0.00000000
 84.48448448     0.00000000
 84.58458458     0.00000000
 84.68468468     0.00000000
 84.78478478     0.00000000
 84.88488488     0.00000000
 84.98498498     0.00000000
 85.08508509     0.00000000
 85.18518519     0.00000000
 85.28528529     0.00000000
 85.38538539     0.00000000
 85.48548549     0.00000000
 85.58558559     0.00000000
 85.68568569     0.00000000
 85.78578579     0.00000000
 85.88588589     0.00000000
 85.98598599     0.00000000
 86.08608609     0.00000000
 86.18618619     0.00000000
 86.28628629     0.00000000
 86.38638639     0.00000000
 86.48648649     0.00000000
 86.58658659     0.00000000
 86.68668669     0.00000000
 86.78678679     0.00000000
 86.88688689     0.00000000
 86.98698699     0.00000000
 87.08708709    -0.00000000
 87.18718719    -0.00000000
 87.28728729    -0.00000000
 87.38738739    -0.00000000
 87.48748749    -0.00000000
 87.58758759    -0.00000000
 87.68768769    -0.00000000
 87.78778779    -0.00000000
 87.88788789    -0.00000000
 87.98798799    -0.00000000
 88.08808809    -0.00000000
 88.18818819    -0.00000000
 88.28828829    -0.00000000
 88.38838839    -0.00000000
 88.48848849    -0.00000000
 88.58858859    -0.00000000
 88.68868869    -0.00000000
 88.78878879    -0.00000000
 88.88888889    -0.00000000
 88.98898899    -0.00000000
 89.08908909    -0.00000000
 89.18918919    -0.00000000
 89.28928929    -0.00000000
 89.38938939    -0.00000000
 89.48948949    -0.00000000
 89.58958959    -0.00000000
 89.68968969    -0.00000000
 89.78978979    -0.00000000
 89.88988989     0.00000000
 89.98998999     0.00000000
 90.09009009     0.00000000
 90.19019019     0.00000000
 90.29029029     0.00000000
 90.39039039     0.00000000
 90.49049049     0.00000000
 90.59059059     0.00000000
 90.69069069     0.00000000
 90.79079079     0.00000000
 90.89089089     0.00000000
 90.99099099     0.00000000
 91.09109109     0.00000000
 91.19119119     0.00000000
 91.29129129     0.00000000
 91.39139139     0.00000000
 91.49149149     0.00000000
 91.59159159     0.00000000
 91.69169169     0.00000000
 91.79179179     0.00000000
 91.89189189     0.00000000
 91.99199199     0.00000000
 92.09209209     0.00000000
 92.19219219     0.00000000
 92.29229229     0.00000000
 92.39239239     0.00000000
 92.49249249     0.00000000
 92.59259259     0.00000000
 92.69269269    -0.00000000
 92.79279279    -0.00000000
 92.89289289    -0.00000000
 92.99299299    -0.00000000
 93.09309309    -0.00000000
 93.19319319    -0.00000000
 93.29329329    -0.00000000
 93.39339339    -0.00000000
 93.49349349    -0.00000000
 93.59359359    -0.00000000
 93.69369369    -0.00000000
 93.79379379    -0.00000000
 93.89389389    -0.00000000
 93.99399399    -0.00000000
 94.09409409    -0.00000000
 94.19419419    -0.00000000
 94.29429429    -0.00000000
 94.39439439    -0.00000000
 94.49449449    -0.00000000
 94.59459459    -0.00000000
 94.69469469    -0.00000000
 94.79479479    -0.00000000
 94.89489489    -0.00000000
 94.99499499    -0.00000000
 95.09509510    -0.00000000
 95.19519520    -0.00000000
 95.29529530    -0.00000000
 95.39539540    -0.00000000
 95.49549550     0.00000000
 95.59559560     0.00000000
 95.69569570     0.00000000
 95.79579580     0.00000000
 95.89589590     0.00000000
 95.99599600     0.00000000
 96.09609610     0.00000000
 96.19619620     0.00000000
 96.29629630     0.00000000
 96.39639640     0.00000000
 96.49649650     0.00000000
 96.59659660     0.00000000
 96.69669670     0.00000000
 96.79679680     0.00000000
 96.89689690     0.00000000
 96.99699700     0.00000000
 97.09709710     0.00000000
 97.19719720     0.00000000
 97.29729730     0.00000000
 97.39739740     0.00000000
 97.49749750     0.00000000
 97.59759760     0.00000000
 97.69769770     0.00000000
 97.79779780     0.00000000
 97.89789790     0.00000000
 97.99799800     0.00000000
 98.09809810     0.00000000
 98.19819820     0.00000000
 98.29829830     0.00000000
 98.39839840     0.00000000
 98.49849850    -0.00000000
 98.59859860    -0.00000000
 98.69869870    -0.00000000
 98.79879880    -0.00000000
 98.89889890    -0.00000000
 98.99899900    -0.00000000
 99.09909910    -0.00000000
 99.19919920    -0.00000000
 99.29929930    -0.00000000
 99.39939940    -0.00000000
 99.49949950    -0.00000000
 99.59959960    -0.00000000
 99.69969970     0.00000000
 99.79979980     0.00000000
 99.89989990     0.00000000
100.00000000     0.00000000
