  0.00000000    -0.35886138
  0.10010010    -0.34486138
  0.20020020    -0.33111333
  0.30030030    -0.31761721
  0.40040040    -0.30437296
  0.50050050    -0.29138038
  0.60060060    -0.27863923
  0.70070070    -0.26614916
  0.80080080    -0.25390973
  0.90090090    -0.24192043
  1.00100100    -0.23018066
  1.10110110    -0.21868973
  1.20120120    -0.20744687
  1.30130130    -0.19645122
  1.40140140    -0.18570186
  1.50150150    -0.17519775
  1.60160160    -0.16493781
  1.70170170    -0.15492085
  1.80180180    -0.14514561
  1.90190190    -0.13561076
  2.00200200    -0.12631487
  2.10210210    -0.11725646
  2.20220220    -0.10843397
  2.30230230    -0.09984574
  2.40240240    -0.09149007
  2.50250250    -0.08336518
  2.60260260    -0.07546920
  2.70270270    -0.06780021
  2.80280280    -0.06035623
  2.90290290    -0.05313519
  3.00300300    -0.04613497
  3.10310310    -0.03935339
  3.20320320    -0.03278820
  3.30330330    -0.02643709
  3.40340340    -0.02029771
  3.50350350    -0.01436762
  3.60360360    -0.00864437
  3.70370370    -0.00312541
  3.80380380     0.00219183
  3.90390390     0.00730997
  4.00400400     0.01223170
  4.10410410     0.01695973
  4.20420420     0.02149684
  4.30430430     0.02584582
  4.40440440     0.03000952
  4.50450450     0.03399083
  4.60460460     0.03779266
  4.70470470     0.04141798
  4.80480480     0.04486976
  4.90490490     0.04815102
  5.00500501     0.05126481
  5.10510511     0.05421419
  5.20520521     0.05700226
  5.30530531     0.05963214
  5.40540541     0.06210695
  5.50550551     0.06442986
  5.60560561     0.06660402
  5.70570571     0.06863263
  5.80580581     0.07051888
  5.90590591     0.07226597
  6.00600601     0.07387711
  6.10610611     0.07535552
  6.20620621     0.07670442
  6.30630631     0.07792703
  6.40640641     0.07902658
  6.50650651     0.08000629
  6.60660661     0.08086938
  6.70670671     0.08161905
  6.80680681     0.08225851
  6.90690691     0.08279095
  7.00700701     0.08321955
  7.10710711     0.08354749
  7.20720721     0.08377792
  7.30730731     0.08391398
  7.40740741     0.08395878
  7.50750751     0.08391543
  7.60760761     0.08378701
  7.70770771     0.08357656
  7.80780781     0.08328712
  7.90790791     0.08292170
  8.00800801     0.08248327
  8.10810811     0.08197477
  8.20820821     0.08139913
  8.30830831     0.08075922
  8.40840841     0.08005791
  8.50850851     0.07929800
  8.60860861     0.07848227
  8.70870871     0.07761348
  8.80880881     0.07669433
  8.90890891     0.07572748
  9.00900901     0.07471555
  9.10910911     0.07366115
  9.20920921     0.07256680
  9.30930931     0.07143501
  9.40940941     0.07026824
  9.50950951     0.06906889
  9.60960961     0.06783932
  9.70970971     0.06658187
  9.80980981     0.06529880
  9.90990991     0.06399233
 10.01001001     0.06266464
 10.11011011     0.06131786
 10.21021021     0.05995407
 10.31031031     0.05857528
 10.41041041     0.05718349
 10.51051051     0.05578062
 10.61061061     0.05436854
 10.71071071     0.05294908
 10.81081081     0.05152402
 10.91091091     0.05009507
 11.01101101     0.04866391
 11.11111111     0.04723216
 11.21121121     0.04580138
 11.31131131     0.04437310
 11.41141141     0.04294878
 11.51151151     0.04152983
 11.61161161     0.04011761
 11.71171171     0.03871343
 11.81181181     0.03731856
 11.91191191     0.03593420
 12.01201201     0.03456151
 12.11211211     0.03320161
 12.21221221     0.03185554
 12.31231231     0.03052433
 12.41241241     0.02920893
 12.51251251     0.02791025
 12.61261261     0.02662916
 12.71271271     0.02536648
 12.81281281     0.02412297
 12.91291291     0.02289937
 13.01301301     0.02169635
 13.11311311     0.02051454
 13.21321321     0.01935455
 13.31331331     0.01821690
 13.41341341     0.01710212
 13.51351351     0.01601065
 13.61361361     0.01494292
 13.71371371     0.01389931
 13.81381381     0.01288017
 13.91391391     0.01188579
 14.01401401     0.01091644
 14.11411411     0.00997234
 14.21421421     0.00905369
 14.31431431     0.00816064
 14.41441441     0.00729331
 14.51451451     0.00645180
 14.61461461     0.00563615
 14.71471471     0.00484639
 14.81481481     0.00408251
 14.91491491     0.00334448
 15.01501502     0.00263223
 15.11511512     0.00194567
 15.21521522     0.00128468
 15.31531532     0.00064911
 15.41541542     0.00003879
 15.51551552    -0.00054648
 15.61561562    -0.00110690
 15.71571572    -0.00164273
 15.81581582    -0.00215421
 15.91591592    -0.00264164
 16.01601602    -0.00310531
 16.11611612    -0.00354554
 16.21621622    -0.00396266
 16.31631632    -0.00435703
 16.41641642    -0.00472902
 16.51651652    -0.00507900
 16.61661662    -0.00540737
 16.71671672    -0.00571453
 16.81681682    -0.00600091
 16.91691692    -0.00626694
 17.01701702    -0.00651306
 17.11711712    -0.00673971
 17.21721722    -0.00694735
 17.31731732    -0.00713646
 17.41741742    -0.00730749
 17.51751752    -0.00746094
 17.61761762    -0.00759727
 17.71771772    -0.00771699
 17.81781782    -0.00782057
 17.91791792    -0.00790852
 18.01801802    -0.00798133
 18.11811812    -0.00803950
 18.21821822    -0.00808352
 18.31831832    -0.00811390
 18.41841842    -0.00813114
 18.51851852    -0.00813572
 18.61861862    -0.00812816
 18.71871872    -0.00810893
 18.81881882    -0.00807854
 18.91891892    -0.00803747
 19.01901902    -0.00798620
 19.11911912    -0.00792522
 19.21921922    -0.00785499
 19.31931932    -0.00777599
 19.41941942    -0.00768868
 19.51951952    -0.00759353
 19.61961962    -0.00749098
 19.71971972    -0.00738147
 19.81981982    -0.00726545
 19.91991992    -0.00714334
 20.02002002    -0.00701557
 20.12012012    -0.00688256
 20.22022022    -0.00674470
 20.32032032    -0.00660239
 20.42042042    -0.00645604
 20.52052052    -0.00630600
 20.62062062    -0.00615267
 20.72072072    -0.00599638
 20.82082082    -0.00583751
 20.92092092    -0.00567638
 21.02102102    -0.00551334
 21.12112112    -0.00534870
 21.22122122    -0.00518278
 21.32132132    -0.00501587
 21.42142142    -0.00484827
 21.52152152    -0.00468026
 21.62162162    -0.00451212
 21.72172172    -0.00434410
 21.82182182    -0.00417645
 21.92192192    -0.00400942
 22.02202202    -0.00384323
 22.12212212    -0.00367811
 22.22222222    -0.00351426
 22.32232232    -0.00335189
 22.42242242    -0.00319119
 22.52252252    -0.00303233
 22.62262262    -0.00287549
 22.72272272    -0.00272082
 22.82282282    -0.00256849
 22.92292292    -0.00241862
 23.02302302    -0.00227136
 23.12312312    -0.00212683
 23.22322322    -0.00198514
 23.32332332    -0.00184639
 23.42342342    -0.00171069
 23.52352352    -0.00157812
 23.62362362    -0.00144876
 23.72372372    -0.00132269
 23.82382382    -0.00119997
 23.92392392    -0.00108065
 24.02402402    -0.00096479
 24.12412412    -0.00085242
 24.22422422    -0.00074359
 24.32432432    -0.00063831
 24.42442442    -0.00053662
 24.52452452    -0.00043852
 24.62462462    -0.00034402
 24.72472472    -0.00025313
 24.82482482    -0.00016584
 24.92492492    -0.00008214
 25.02502503    -0.00000202
 25.12512513     0.00007454
 25.22522523     0.00014757
 25.32532533     0.00021709
 25.42542543     0.00028314
 25.52552553     0.00034575
 25.62562563     0.00040498
 25.72572573     0.00046085
 25.82582583     0.00051343
 25.92592593     0.00056276
 26.02602603     0.00060890
 26.12612613     0.00065191
 26.22622623     0.00069185
 26.32632633     0.00072878
 26.42642643     0.00076278
 26.52652653     0.00079390
 26.62662663     0.00082222
 26.72672673     0.00084782
 26.82682683     0.00087075
 26.92692693     0.00089111
 27.02702703     0.00090896
 27.12712713     0.00092439
 27.22722723     0.00093746
 27.32732733     0.00094827
 27.42742743     0.00095689
 27.52752753     0.00096339
 27.62762763     0.00096787
 27.72772773     0.00097039
 27.82782783     0.00097105
 27.92792793     0.00096992
 28.02802803     0.00096707
 28.12812813     0.00096260
 28.22822823     0.00095657
 28.32832833     0.00094908
 28.42842843     0.00094018
 28.52852853     0.00092997
 28.62862863     0.00091852
 28.72872873     0.00090590
 28.82882883     0.00089218
 28.92892893     0.00087744
 29.02902903     0.00086175
 29.12912913     0.00084519
 29.22922923     0.00082781
 29.32932933     0.00080968
 29.42942943     0.00079088
 29.52952953     0.00077146
 29.62962963     0.00075149
 29.72972973     0.00073103
 29.82982983     0.00071013
 29.92992993     0.00068886
 30.03003003     0.00066727
 30.13013013     0.00064542
 30.23023023     0.00062335
 30.33033033     0.00060111
 30.43043043     0.00057876
 30.53053053     0.00055635
 30.63063063     0.00053390
 30.73073073     0.00051148
 30.83083083     0.00048912
 30.93093093     0.00046685
 31.03103103     0.00044472
 31.13113113     0.00042276
 31.23123123     0.00040101
 31.33133133     0.00037949
 31.43143143     0.00035824
 31.53153153     0.00033728
 31.63163163     0.00031665
 31.73173173     0.00029636
 31.83183183     0.00027644
 31.93193193     0.00025691
 32.03203203     0.00023778
 32.13213213     0.00021909
 32.23223223     0.00020084
 32.33233233     0.00018305
 32.43243243     0.00016573
 32.53253253     0.00014889
 32.63263263     0.00013255
 32.73273273     0.00011672
 32.83283283     0.00010139
 32.93293293     0.00008659
 33.03303303     0.00007231
 33.13313313     0.00005855
 33.23323323     0.00004533
 33.33333333     0.00003264
 33.43343343     0.00002048
 33.53353353     0.00000885
 33.63363363    -0.00000225
 33.73373373    -0.00001281
 33.83383383    -0.00002286
 33.93393393    -0.00003238
 34.03403403    -0.00004138
 34.13413413    -0.00004988
 34.23423423    -0.00005787
 34.33433433    -0.00006536
 34.43443443    -0.00007237
 34.53453453    -0.00007890
 34.63463463    -0.00008495
 34.73473473    -0.00009054
 34.83483483    -0.00009568
 34.93493493    -0.00010038
 35.03503504    -0.00010465
 35.13513514    -0.00010850
 35.23523524    -0.00011195
 35.33533534    -0.00011499
 35.43543544    -0.00011766
 35.53553554    -0.00011995
 35.63563564    -0.00012188
 35.73573574    -0.00012347
 35.83583584    -0.00012472
 35.93593594    -0.00012566
 36.03603604    -0.00012628
 36.13613614    -0.00012661
 36.23623624    -0.00012666
 36.33633634    -0.00012644
 36.43643644    -0.00012597
 36.53653654    -0.00012525
 36.63663664    -0.00012430
 36.73673674    -0.00012314
 36.83683684    -0.00012177
 36.93693694    -0.00012020
 37.03703704    -0.00011846
 37.13713714    -0.00011655
 37.23723724    -0.00011449
 37.33733734    -0.00011227
 37.43743744    -0.00010993
 37.53753754    -0.00010746
 37.63763764    -0.00010489
 37.73773774    -0.00010221
 37.83783784    -0.00009944
 37.93793794    -0.00009659
 38.03803804    -0.00009367
 38.13813814    -0.00009069
 38.23823824    -0.00008766
 38.33833834    -0.00008459
 38.43843844    -0.00008148
 38.53853854    -0.00007835
 38.63863864    -0.00007519
 38.73873874    -0.00007203
 38.83883884    -0.00006886
 38.93893894    -0.00006570
 39.03903904    -0.00006255
 39.13913914    -0.00005942
 39.23923924    -0.00005630
 39.33933934    -0.00005322
 39.43943944    -0.00005017
 39.53953954    -0.00004716
 39.63963964    -0.00004419
 39.73973974    -0.00004127
 39.83983984    -0.00003840
 39.93993994    -0.00003558
 40.04004004    -0.00003283
 40.14014014    -0.00003014
 40.24024024    -0.00002751
 40.34034034    -0.00002495
 40.44044044    -0.00002246
 40.54054054    -0.00002004
 40.64064064    -0.00001770
 40.74074074    -0.00001543
 40.84084084    -0.00001324
 40.94094094    -0.00001113
 41.04104104    -0.00000910
 41.14114114    -0.00000714
 41.24124124    -0.00000527
 41.34134134    -0.00000348
 41.44144144    -0.00000177
 41.54154154    -0.00000014
 41.64164164     0.00000141
 41.74174174     0.00000288
 41.84184184     0.00000427
 41.94194194     0.00000558
 42.04204204     0.00000682
 42.14214214     0.00000797
 42.24224224     0.00000905
 42.34234234     0.00001006
 42.44244244     0.00001099
 42.54254254     0.00001186
 42.64264264     0.00001265
 42.74274274     0.00001337
 42.84284284     0.00001402
 42.94294294     0.00001461
 43.04304304     0.00001514
 43.14314314     0.00001561
 43.24324324     0.00001601
 43.34334334     0.00001636
 43.44344344     0.00001665
 43.54354354     0.00001689
 43.64364364     0.00001708
 43.74374374     0.00001721
 43.84384384     0.00001730
 43.94394394     0.00001735
 44.04404404     0.00001735
 44.14414414     0.00001731
 44.24424424     0.00001724
 44.34434434     0.00001712
 44.44444444     0.00001697
 44.54454454     0.00001679
 44.64464464     0.00001658
 44.74474474     0.00001634
 44.84484484     0.00001607
 44.94494494     0.00001578
 45.04504505     0.00001546
 45.14514515     0.00001512
 45.24524525     0.00001477
 45.34534535     0.00001440
 45.44544545     0.00001401
 45.54554555     0.00001360
 45.64564565     0.00001319
 45.74574575     0.00001276
 45.84584585     0.00001233
 45.94594595     0.00001189
 46.04604605     0.00001144
 46.14614615     0.00001098
 46.24624625     0.00001053
 46.34634635     0.00001007
 46.44644645     0.00000961
 46.54654655     0.00000915
 46.64664665     0.00000869
 46.74674675     0.00000823
 46.84684685     0.00000778
 46.94694695     0.00000733
 47.04704705     0.00000688
 47.14714715     0.00000644
 47.24724725     0.00000601
 47.34734735     0.00000559
 47.44744745     0.00000517
 47.54754755     0.00000476
 47.64764765     0.00000436
 47.74774775     0.00000397
 47.84784785     0.00000359
 47.94794795     0.00000322
 48.04804805     0.00000287
 48.14814815     0.00000252
 48.24824825     0.00000219
 48.34834835     0.00000186
 48.44844845     0.00000155
 48.54854855     0.00000125
 48.64864865     0.00000097
 48.74874875     0.00000069
 48.84884885     0.00000043
 48.94894895     0.00000018
 49.04904905    -0.00000006
 49.14914915    -0.00000028
 49.24924925    -0.00000049
 49.34934935    -0.00000070
 49.44944945    -0.00000088
 49.54954955    -0.00000106
 49.64964965    -0.00000122
 49.74974975    -0.00000138
 49.84984985    -0.00000152
 49.94994995    -0.00000165
 50.05005005    -0.00000177
 50.15015015    -0.00000188
 50.25025025    -0.00000197
 50.35035035    -0.00000206
 50.45045045    -0.00000214
 50.55055055    -0.00000221
 50.65065065    -0.00000227
 50.75075075    -0.00000232
 50.85085085    -0.00000236
 50.95095095    -0.00000239
 51.05105105    -0.00000242
 51.15115115    -0.00000244
 51.25125125    -0.00000245
 51.35135135    -0.00000245
 51.45145145    -0.00000245
 51.55155155    -0.00000244
 51.65165165    -0.00000243
 51.75175175    -0.00000241
 51.85185185    -0.00000238
 51.95195195    -0.00000235
 52.05205205    -0.00000232
 52.15215215    -0.00000228
 52.25225225    -0.00000224
 52.35235235    -0.00000219
 52.45245245    -0.00000214
 52.55255255    -0.00000209
 52.65265265    -0.00000203
 52.75275275    -0.00000197
 52.85285285    -0.00000191
 52.95295295    -0.00000185
 53.05305305    -0.00000179
 53.15315315    -0.00000172
 53.25325325    -0.00000166
 53.35335335    -0.00000159
 53.45345345    -0.00000152
 53.55355355    -0.00000146
 53.65365365    -0.00000139
 53.75375375    -0.00000132
 53.85385385    -0.00000125
 53.95395395    -0.00000118
 54.05405405    -0.00000111
 54.15415415    -0.00000105
 54.25425425    -0.00000098
 54.35435435    -0.00000092
 54.45445445    -0.00000085
 54.55455455    -0.00000079
 54.65465465    -0.00000073
 54.75475475    -0.00000067
 54.85485485    -0.00000061
 54.95495495    -0.00000055
 55.05505506    -0.00000049
 55.15515516    -0.00000044
 55.25525526    -0.00000039
 55.35535536    -0.00000034
 55.45545546    -0.00000029
 55.55555556    -0.00000024
 55.65565566    -0.00000019
 55.75575576    -0.00000015
 55.85585586    -0.00000011
 55.95595596    -0.00000007
 56.05605606    -0.00000003
 56.15615616     0.00000000
 56.25625626     0.00000004
 56.35635636     0.00000007
 56.45645646     0.00000010
 56.55655656     0.00000013
 56.65665666     0.00000015
 56.75675676     0.00000018
 56.85685686     0.00000020
 56.95695696     0.00000022
 57.05705706     0.00000024
 57.15715716     0.00000026
 57.25725726     0.00000028
 57.35735736     0.00000029
 57.45745746     0.00000030
 57.55755756     0.00000031
 57.65765766     0.00000032
 57.75775776     0.00000033
 57.85785786     0.00000034
 57.95795796     0.00000034
 58.05805806     0.00000035
 58.15815816     0.00000035
 58.25825826     0.00000035
 58.35835836     0.00000035
 58.45845846     0.00000035
 58.55855856     0.00000035
 58.65865866     0.00000035
 58.75875876     0.00000035
 58.85885886     0.00000034
 58.95895896     0.00000034
 59.05905906     0.00000033
 59.15915916     0.00000033
 59.25925926     0.00000032
 59.35935936     0.00000031
 59.45945946     0.00000031
 59.55955956     0.00000030
 59.65965966     0.00000029
 59.75975976     0.00000028
 59.85985986     0.00000027
 59.95995996     0.00000026
 60.06006006     0.00000025
 60.16016016     0.00000024
 60.26026026     0.00000023
 60.36036036     0.00000022
 60.46046046     0.00000021
 60.56056056     0.00000020
 60.66066066     0.00000019
 60.76076076     0.00000018
 60.86086086     0.00000017
 60.96096096     0.00000016
 61.06106106     0.00000015
 61.16116116     0.00000014
 61.26126126     0.00000013
 61.36136136     0.00000012
 61.46146146     0.00000011
 61.56156156     0.00000010
 61.66166166     0.00000010
 61.76176176     0.00000009
 61.86186186     0.00000008
 61.96196196     0.00000007
 62.06206206     0.00000006
 62.16216216     0.00000005
 62.26226226     0.00000005
 62.36236236     0.00000004
 62.46246246     0.00000003
 62.56256256     0.00000002
 62.66266266     0.00000002
 62.76276276     0.00000001
 62.86286286     0.00000001
 62.96296296     0.00000000
 63.06306306    -0.00000000
 63.16316316    -0.00000001
 63.26326326    -0.00000001
 63.36336336    -0.00000002
 63.46346346    -0.00000002
 63.56356356    -0.00000003
 63.66366366    -0.00000003
 63.76376376    -0.00000003
 63.86386386    -0.00000004
 63.96396396    -0.00000004
 64.06406406    -0.00000004
 64.16416416    -0.00000004
 64.26426426    -0.00000004
 64.36436436    -0.00000005
 64.46446446    -0.00000005
 64.56456456    -0.00000005
 64.66466466    -0.00000005
 64.76476476    -0.00000005
 64.86486486    -0.00000005
 64.96496496    -0.00000005
 65.06506507    -0.00000005
 65.16516517    -0.00000005
 65.26526527    -0.00000005
 65.36536537    -0.00000005
 65.46546547    -0.00000005
 65.56556557    -0.00000005
 65.66566567    -0.00000005
 65.76576577    -0.00000005
 65.86586587    -0.00000005
 65.96596597    -0.00000005
 66.06606607    -0.00000005
 66.16616617    -0.00000005
 66.26626627    -0.00000004
 66.36636637    -0.00000004
 66.46646647    -0.00000004
 66.56656657    -0.00000004
 66.66666667    -0.00000004
 66.76676677    -0.00000004
 66.86686687    -0.00000004
 66.96696697    -0.00000003
 67.06706707    -0.00000003
 67.16716717    -0.00000003
 67.26726727    -0.00000003
 67.36736737    -0.00000003
 67.46746747    -0.00000003
 67.56756757    -0.00000002
 67.66766767    -0.00000002
 67.76776777    -0.00000002
 67.86786787    -0.00000002
 67.96796797    -0.00000002
 68.06806807    -0.00000002
 68.16816817    -0.00000002
 68.26826827    -0.00000001
 68.36836837    -0.00000001
 68.46846847    -0.00000001
 68.56856857    -0.00000001
 68.66866867    -0.00000001
 68.76876877    -0.00000001
 68.86886887    -0.00000001
 68.96896897    -0.00000001
 69.06906907    -0.00000000
 69.16916917    -0.00000000
 69.26926927    -0.00000000
 69.36936937    -0.00000000
 69.46946947    -0.00000000
 69.56956957    -0.00000000
 69.66966967     0.00000000
 69.76976977     0.00000000
 69.86986987     0.00000000
 69.96996997     0.00000000
 70.07007007     0.00000000
 70.17017017     0.00000000
 70.27027027     0.00000000
 70.37037037     0.00000000
 70.47047047     0.00000001
 70.57057057     0.00000001
 70.67067067     0.00000001
 70.77077077     0.00000001
 70.87087087     0.00000001
 70.97097097     0.00000001
 71.07107107     0.00000001
 71.17117117     0.00000001
 71.27127127     0.00000001
 71.37137137     0.00000001
 71.47147147     0.00000001
 71.57157157     0.00000001
 71.67167167     0.00000001
 71.77177177     0.00000001
 71.87187187     0.00000001
 71.97197197     0.00000001
 72.07207207     0.00000001
 72.17217217     0.00000001
 72.27227227     0.00000001
 72.37237237     0.00000001
 72.47247247     0.00000001
 72.57257257     0.00000001
 72.67267267     0.00000001
 72.77277277     0.00000001
 72.87287287     0.00000001
 72.97297297     0.00000001
 73.07307307     0.00000001
 73.17317317     0.00000001
 73.27327327     0.00000001
 73.37337337     0.00000001
 73.47347347     0.00000001
 73.57357357     0.00000000
 73.67367367     0.00000000
 73.77377377     0.00000000
 73.87387387     0.00000000
 73.97397397     0.00000000
 74.07407407     0.00000000
 74.17417417     0.00000000
 74.27427427     0.00000000
 74.37437437     0.00000000
 74.47447447     0.00000000
 74.57457457     0.00000000
 74.67467467     0.00000000
 74.77477477     0.00000000
 74.87487487     0.00000000
 74.97497497     0.00000000
 75.07507508     0.00000000
 75.17517518     0.00000000
 75.27527528     0.00000000
 75.37537538     0.00000000
 75.47547548     0.00000000
 75.57557558     0.00000000
 75.67567568     0.00000000
 75.77577578     0.00000000
 75.87587588     0.00000000
 75.97597598    -0.00000000
 76.07607608    -0.00000000
 76.17617618    -0.00000000
 76.27627628    -0.00000000
 76.37637638    -0.00000000
 76.47647648    -0.00000000
 76.57657658    -0.00000000
 76.67667668    -0.00000000
 76.77677678    -0.00000000
 76.87687688    -0.00000000
 76.97697698    -0.00000000
 77.07707708    -0.00000000
 77.17717718    -0.00000000
 77.27727728    -0.00000000
 77.37737738    -0.00000000
 77.47747748    -0.00000000
 77.57757758    -0.00000000
 77.67767768    -0.00000000
 77.77777778    -0.00000000
 77.87787788    -0.00000000
 77.97797798    -0.00000000
 78.07807808    -0.00000000
 78.17817818    -0.00000000
 78.27827828    -0.00000000
 78.37837838    -0.00000000
 78.47847848    -0.00000000
 78.57857858    -0.00000000
 78.67867868    -0.00000000
 78.77877878    -0.00000000
 78.87887888    -0.00000000
 78.97897898    -0.00000000
 79.07907908    -0.00000000
 79.17917918    -0.00000000
 79.27927928    -0.00000000
 79.37937938    -0.00000000
 79.47947948    -0.00000000
 79.57957958    -0.00000000
 79.67967968    -0.00000000
 79.77977978    -0.00000000
 79.87987988    -0.00000000
 79.97997998    -0.00000000
 80.08008008    -0.00000000
 80.18018018    -0.00000000
 80.28028028    -0.00000000
 80.38038038    -0.00000000
 80.48048048    -0.00000000
 80.58058058    -0.00000000
 80.68068068    -0.00000000
 80.78078078    -0.00000000
 80.88088088    -0.00000000
 80.98098098    -0.00000000
 81.08108108    -0.00000000
 81.18118118    -0.00000000
 81.28128128    -0.00000000
 81.38138138    -0.00000000
 81.48148148    -0.00000000
 81.58158158    -0.00000000
 81.68168168    -0.00000000
 81.78178178    -0.00000000
 81.88188188    -0.00000000
 81.98198198    -0.00000000
 82.08208208    -0.00000000
 82.18218218    -0.00000000
 82.28228228     0.00000000
 82.38238238     0.00000000
 82.48248248     0.00000000
 82.58258258     0.00000000
 82.68268268     0.00000000
 82.78278278     0.00000000
 82.88288288     0.00000000
 82.98298298     0.00000000
 83.08308308     0.00000000
 83.18318318     0.00000000
 83.28328328     0.00000000
 83.38338338     0.00000000
 83.48348348     0.00000000
 83.58358358     0.00000000
 83.68368368     0.00000000
 83.78378378     0.00000000
 83.88388388     0.00000000
 83.98398398     0.00000000
 84.08408408     0.00000000
 84.18418418     0.00000000
 84.28428428     0.00000000
 84.38438438     0.00000000
 84.48448448     0.00000000
 84.58458458     0.00000000
 84.68468468     0.00000000
 84.78478478     0.00000000
 84.88488488     0.00000000
 84.98498498     0.00000000
 85.08508509     0.00000000
 85.18518519     0.00000000
 85.28528529     0.00000000
 85.38538539     0.00000000
 85.48548549     0.00000000
 85.58558559     0.00000000
 85.68568569     0.00000000
 85.78578579     0.00000000
 85.88588589     0.00000000
 85.98598599     0.00000000
 86.08608609     0.00000000
 86.18618619     0.00000000
 86.28628629     0.00000000
 86.38638639     0.00000000
 86.48648649     0.00000000
 86.58658659     0.00000000
 86.68668669     0.00000000
 86.78678679     0.00000000
 86.88688689     0.00000000
 86.98698699     0.00000000
 87.08708709     0.00000000
 87.18718719     0.00000000
 87.28728729     0.00000000
 87.38738739     0.00000000
 87.48748749     0.00000000
 87.58758759     0.00000000
 87.68768769     0.00000000
 87.78778779     0.00000000
 87.88788789     0.00000000
 87.98798799     0.00000000
 88.08808809     0.00000000
 88.18818819     0.00000000
 88.28828829    -0.00000000
 88.38838839    -0.00000000
 88.48848849    -0.00000000
 88.58858859    -0.00000000
 88.68868869    -0.00000000
 88.78878879    -0.00000000
 88.88888889    -0.00000000
 88.98898899    -0.00000000
 89.08908909    -0.00000000
 89.18918919    -0.00000000
 89.28928929    -0.00000000
 89.38938939    -0.00000000
 89.48948949    -0.00000000
 89.58958959    -0.00000000
 89.68968969    -0.00000000
 89.78978979    -0.00000000
 89.88988989    -0.00000000
 89.98998999    -0.00000000
 90.09009009    -0.00000000
 90.19019019    -0.00000000
 90.29029029    -0.00000000
 90.39039039    -0.00000000
 90.49049049    -0.00000000
 90.59059059    -0.00000000
 90.69069069    -0.00000000
 90.79079079    -0.00000000
 90.89089089    -0.00000000
 90.99099099    -0.00000000
 91.09109109    -0.00000000
 91.19119119    -0.00000000
 91.29129129    -0.00000000
 91.39139139    -0.00000000
 91.49149149    -0.00000000
 91.59159159    -0.00000000
 91.69169169    -0.00000000
 91.79179179    -0.00000000
 91.89189189    -0.00000000
 91.99199199    -0.00000000
 92.09209209    -0.00000000
 92.19219219    -0.00000000
 92.29229229    -0.00000000
 92.39239239    -0.00000000
 92.49249249    -0.00000000
 92.59259259    -0.00000000
 92.69269269    -0.00000000
 92.79279279    -0.00000000
 92.89289289    -0.00000000
 92.99299299    -0.00000000
 93.09309309    -0.00000000
 93.19319319    -0.00000000
 93.29329329    -0.00000000
 93.39339339    -0.00000000
 93.49349349    -0.00000000
 93.59359359    -0.00000000
 93.69369369    -0.00000000
 93.79379379    -0.00000000
 93.89389389    -0.00000000
 93.99399399    -0.00000000
 94.09409409    -0.00000000
 94.19419419     0.00000000
 94.29429429     0.00000000
 94.39439439     0.00000000
 94.49449449     0.00000000
 94.59459459     0.00000000
 94.69469469     0.00000000
 94.79479479     0.00000000
 94.89489489     0.00000000
 94.99499499     0.00000000
 95.09509510     0.00000000
 95.19519520     0.00000000
 95.29529530     0.00000000
 95.39539540     0.00000000
 95.49549550     0.00000000
 95.59559560     0.00000000
 95.69569570     0.00000000
 95.79579580     0.00000000
 95.89589590     0.00000000
 95.99599600     0.00000000
 96.09609610     0.00000000
 96.19619620     0.00000000
 96.29629630     0.00000000
 96.39639640     0.00000000
 96.49649650     0.00000000
 96.59659660     0.00000000
 96.69669670     0.00000000
 96.79679680     0.00000000
 96.89689690     0.00000000
 96.99699700     0.00000000
 97.09709710     0.00000000
 97.19719720     0.00000000
 97.29729730     0.00000000
 97.39739740     0.00000000
 97.49749750     0.00000000
 97.59759760     0.00000000
 97.69769770     0.00000000
 97.79779780     0.00000000
 97.89789790     0.00000000
 97.99799800     0.00000000
 98.09809810     0.00000000
 98.19819820     0.00000000
 98.29829830     0.00000000
 98.39839840     0.00000000
 98.49849850     0.00000000
 98.59859860     0.00000000
 98.69869870     0.00000000
 98.79879880     0.00000000
 98.89889890     0.00000000
 98.99899900     0.00000000
 99.09909910     0.00000000
 99.19919920     0.00000000
 99.29929930     0.00000000
 99.39939940     0.00000000
 99.49949950     0.00000000
 99.59959960     0.00000000
 99.69969970    -0.00000000
 99.79979980    -0.00000000
 99.89989990    -0.00000000
100.00000000     0.00000000
