  0.00000000    -0.37112285
  0.10010010    -0.35712285
  0.20020020    -0.34336627
  0.30030030    -0.32985311
  0.40040040    -0.31658329
  0.50050050    -0.30355666
  0.60060060    -0.29077298
  0.70070070    -0.27823194
  0.80080080    -0.26593315
  0.90090090    -0.25387615
  1.00100100    -0.24206039
  1.10110110    -0.23048526
  1.20120120    -0.21915006
  1.30130130    -0.20805402
  1.40140140    -0.19719630
  1.50150150    -0.18657597
  1.60160160    -0.17619205
  1.70170170    -0.16604347
  1.80180180    -0.15612910
  1.90190190    -0.14644772
  2.00200200    -0.13699807
  2.10210210    -0.12777879
  2.20220220    -0.11878846
  2.30230230    -0.11002561
  2.40240240    -0.10148868
  2.50250250    -0.09317607
  2.60260260    -0.08508608
  2.70270270    -0.07721699
  2.80280280    -0.06956698
  2.90290290    -0.06213419
  3.00300300    -0.05491670
  3.10310310    -0.04791253
  3.20320320    -0.04111964
  3.30330330    -0.03453593
  3.40340340    -0.02815927
  3.50350350    -0.02198744
  3.60360360    -0.01601819
  3.70370370    -0.01024924
  3.80380380    -0.00467823
  3.90390390     0.00069724
  4.00400400     0.00587961
  4.10410410     0.01087135
  4.20420420     0.01567499
  4.30430430     0.02029309
  4.40440440     0.02472826
  4.50450450     0.02898314
  4.60460460     0.03306039
  4.70470470     0.03696273
  4.80480480     0.04069290
  4.90490490     0.04425366
  5.00500501     0.04764781
  5.10510511     0.05087818
  5.20520521     0.05394760
  5.30530531     0.05685895
  5.40540541     0.05961513
  5.50550551     0.06221903
  5.60560561     0.06467360
  5.70570571     0.06698176
  5.80580581     0.06914649
  5.90590591     0.07117075
  6.00600601     0.07305752
  6.10610611     0.07480979
  6.20620621     0.07643056
  6.30630631     0.07792282
  6.40640641     0.07928959
  6.50650651     0.08053386
  6.60660661     0.08165865
  6.70670671     0.08266696
  6.80680681     0.08356180
  6.90690691     0.08434616
  7.00700701     0.08502303
  7.10710711     0.08559539
  7.20720721     0.08606622
  7.30730731     0.08643849
  7.40740741     0.08671513
  7.50750751     0.08689909
  7.60760761     0.08699329
  7.70770771     0.08700062
  7.80780781     0.08692398
  7.90790791     0.08676621
  8.00800801     0.08653018
  8.10810811     0.08621869
  8.20820821     0.08583455
  8.30830831     0.08538052
  8.40840841     0.08485934
  8.50850851     0.08427374
  8.60860861     0.08362640
  8.70870871     0.08291997
  8.80880881     0.08215708
  8.90890891     0.08134033
  9.00900901     0.08047228
  9.10910911     0.07955544
  9.20920921     0.07859232
  9.30930931     0.07758537
  9.40940941     0.07653699
  9.50950951     0.07544958
  9.60960961     0.07432547
  9.70970971     0.07316697
  9.80980981     0.07197632
  9.90990991     0.07075577
 10.01001001     0.06950747
 10.11011011     0.06823357
 10.21021021     0.06693617
 10.31031031     0.06561731
 10.41041041     0.06427899
 10.51051051     0.06292318
 10.61061061     0.06155181
 10.71071071     0.06016673
 10.81081081     0.05876978
 10.91091091     0.05736273
 11.01101101     0.05594734
 11.11111111     0.05452527
 11.21121121     0.05309819
 11.31131131     0.05166768
 11.41141141     0.05023530
 11.51151151     0.04880254
 11.61161161     0.04737088
 11.71171171     0.04594171
 11.81181181     0.04451640
 11.91191191     0.04309628
 12.01201201     0.04168261
 12.11211211     0.04027663
 12.21221221     0.03887950
 12.31231231     0.03749237
 12.41241241     0.03611632
 12.51251251     0.03475239
 12.61261261     0.03340160
 12.71271271     0.03206488
 12.81281281     0.03074316
 12.91291291     0.02943729
 13.01301301     0.02814811
 13.11311311     0.02687639
 13.21321321     0.02562286
 13.31331331     0.02438824
 13.41341341     0.02317317
 13.51351351     0.02197826
 13.61361361     0.02080410
 13.71371371     0.01965121
 13.81381381     0.01852009
 13.91391391     0.01741120
 14.01401401     0.01632497
 14.11411411     0.01526176
 14.21421421     0.01422193
 14.31431431     0.01320580
 14.41441441     0.01221363
 14.51451451     0.01124567
 14.61461461     0.01030213
 14.71471471     0.00938319
 14.81481481     0.00848899
 14.91491491     0.00761964
 15.01501502     0.00677522
 15.11511512     0.00595580
 15.21521522     0.00516140
 15.31531532     0.00439202
 15.41541542     0.00364762
 15.51551552     0.00292815
 15.61561562     0.00223353
 15.71571572     0.00156366
 15.81581582     0.00091841
 15.91591592     0.00029763
 16.01601602    -0.00029886
 16.11611612    -0.00087124
 16.21621622    -0.00141974
 16.31631632    -0.00194459
 16.41641642    -0.00244603
 16.51651652    -0.00292435
 16.61661662    -0.00337982
 16.71671672    -0.00381274
 16.81681682    -0.00422344
 16.91691692    -0.00461225
 17.01701702    -0.00497952
 17.11711712    -0.00532559
 17.21721722    -0.00565085
 17.31731732    -0.00595567
 17.41741742    -0.00624046
 17.51751752    -0.00650560
 17.61761762    -0.00675151
 17.71771772    -0.00697862
 17.81781782    -0.00718734
 17.91791792    -0.00737811
 18.01801802    -0.00755138
 18.11811812    -0.00770758
 18.21821822    -0.00784717
 18.31831832    -0.00797060
 18.41841842    -0.00807833
 18.51851852    -0.00817081
 18.61861862    -0.00824852
 18.71871872    -0.00831192
 18.81881882    -0.00836146
 18.91891892    -0.00839762
 19.01901902    -0.00842087
 19.11911912    -0.00843165
 19.21921922    -0.00843045
 19.31931932    -0.00841772
 19.41941942    -0.00839393
 19.51951952    -0.00835952
 19.61961962    -0.00831495
 19.71971972    -0.00826067
 19.81981982    -0.00819714
 19.91991992    -0.00812478
 20.02002002    -0.00804405
 20.12012012    -0.00795536
 20.22022022    -0.00785915
 20.32032032    -0.00775584
 20.42042042    -0.00764584
 20.52052052    -0.00752956
 20.62062062    -0.00740741
 20.72072072    -0.00727977
 20.82082082    -0.00714703
 20.92092092    -0.00700958
 21.02102102    -0.00686778
 21.12112112    -0.00672200
 21.22122122    -0.00657259
 21.32132132    -0.00641991
 21.42142142    -0.00626429
 21.52152152    -0.00610607
 21.62162162    -0.00594555
 21.72172172    -0.00578307
 21.82182182    -0.00561892
 21.92192192    -0.00545339
 22.02202202    -0.00528678
 22.12212212    -0.00511936
 22.22222222    -0.00495139
 22.32232232    -0.00478315
 22.42242242    -0.00461487
 22.52252252    -0.00444679
 22.62262262    -0.00427915
 22.72272272    -0.00411217
 22.82282282    -0.00394607
 22.92292292    -0.00378103
 23.02302302    -0.00361727
 23.12312312    -0.00345496
 23.22322322    -0.00329428
 23.32332332    -0.00313540
 23.42342342    -0.00297847
 23.52352352    -0.00282365
 23.62362362    -0.00267108
 23.72372372    -0.00252089
 23.82382382    -0.00237320
 23.92392392    -0.00222814
 24.02402402    -0.00208580
 24.12412412    -0.00194630
 24.22422422    -0.00180971
 24.32432432    -0.00167613
 24.42442442    -0.00154563
 24.52452452    -0.00141829
 24.62462462    -0.00129416
 24.72472472    -0.00117330
 24.82482482    -0.00105576
 24.92492492    -0.00094159
 25.02502503    -0.00083081
 25.12512513    -0.00072345
 25.22522523    -0.00061955
 25.32532533    -0.00051911
 25.42542543    -0.00042215
 25.52552553    -0.00032867
 25.62562563    -0.00023868
 25.72572573    -0.00015217
 25.82582583    -0.00006912
 25.92592593     0.00001046
 26.02602603     0.00008661
 26.12612613     0.00015935
 26.22622623     0.00022870
 26.32632633     0.00029470
 26.42642643     0.00035738
 26.52652653     0.00041677
 26.62662663     0.00047293
 26.72672673     0.00052590
 26.82682683     0.00057573
 26.92692693     0.00062246
 27.02702703     0.00066616
 27.12712713     0.00070687
 27.22722723     0.00074466
 27.32732733     0.00077959
 27.42742743     0.00081173
 27.52752753     0.00084113
 27.62762763     0.00086787
 27.72772773     0.00089201
 27.82782783     0.00091362
 27.92792793     0.00093277
 28.02802803     0.00094954
 28.12812813     0.00096399
 28.22822823     0.00097620
 28.32832833     0.00098625
 28.42842843     0.00099420
 28.52852853     0.00100014
 28.62862863     0.00100414
 28.72872873     0.00100627
 28.82882883     0.00100660
 28.92892893     0.00100522
 29.02902903     0.00100219
 29.12912913     0.00099760
 29.22922923     0.00099151
 29.32932933     0.00098400
 29.42942943     0.00097514
 29.52952953     0.00096500
 29.62962963     0.00095365
 29.72972973     0.00094116
 29.82982983     0.00092761
 29.92992993     0.00091306
 30.03003003     0.00089757
 30.13013013     0.00088122
 30.23023023     0.00086406
 30.33033033     0.00084616
 30.43043043     0.00082758
 30.53053053     0.00080839
 30.63063063     0.00078863
 30.73073073     0.00076837
 30.83083083     0.00074767
 30.93093093     0.00072657
 31.03103103     0.00070514
 31.13113113     0.00068341
 31.23123123     0.00066145
 31.33133133     0.00063930
 31.43143143     0.00061701
 31.53153153     0.00059461
 31.63163163     0.00057216
 31.73173173     0.00054969
 31.83183183     0.00052725
 31.93193193     0.00050487
 32.03203203     0.00048259
 32.13213213     0.00046044
 32.23223223     0.00043846
 32.33233233     0.00041668
 32.43243243     0.00039512
 32.53253253     0.00037382
 32.63263263     0.00035280
 32.73273273     0.00033208
 32.83283283     0.00031170
 32.93293293     0.00029167
 33.03303303     0.00027201
 33.13313313     0.00025274
 33.23323323     0.00023388
 33.33333333     0.00021544
 33.43343343     0.00019744
 33.53353353     0.00017990
 33.63363363     0.00016281
 33.73373373     0.00014620
 33.83383383     0.00013007
 33.93393393     0.00011443
 34.03403403     0.00009930
 34.13413413     0.00008466
 34.23423423     0.00007053
 34.33433433     0.00005691
 34.43443443     0.00004381
 34.53453453     0.00003122
 34.63463463     0.00001914
 34.73473473     0.00000758
 34.83483483    -0.00000346
 34.93493493    -0.00001400
 35.03503504    -0.00002403
 35.13513514    -0.00003355
 35.23523524    -0.00004258
 35.33533534    -0.00005111
 35.43543544    -0.00005916
 35.53553554    -0.00006672
 35.63563564    -0.00007382
 35.73573574    -0.00008044
 35.83583584    -0.00008661
 35.93593594    -0.00009233
 36.03603604    -0.00009761
 36.13613614    -0.00010246
 36.23623624    -0.00010689
 36.33633634    -0.00011091
 36.43643644    -0.00011453
 36.53653654    -0.00011776
 36.63663664    -0.00012062
 36.73673674    -0.00012311
 36.83683684    -0.00012525
 36.93693694    -0.00012705
 37.03703704    -0.00012851
 37.13713714    -0.00012966
 37.23723724    -0.00013051
 37.33733734    -0.00013105
 37.43743744    -0.00013132
 37.53753754    -0.00013132
 37.63763764    -0.00013106
 37.73773774    -0.00013055
 37.83783784    -0.00012981
 37.93793794    -0.00012885
 38.03803804    -0.00012768
 38.13813814    -0.00012631
 38.23823824    -0.00012476
 38.33833834    -0.00012303
 38.43843844    -0.00012113
 38.53853854    -0.00011909
 38.63863864    -0.00011690
 38.73873874    -0.00011458
 38.83883884    -0.00011214
 38.93893894    -0.00010959
 39.03903904    -0.00010694
 39.13913914    -0.00010420
 39.23923924    -0.00010138
 39.33933934    -0.00009848
 39.43943944    -0.00009553
 39.53953954    -0.00009252
 39.63963964    -0.00008946
 39.73973974    -0.00008637
 39.83983984    -0.00008324
 39.93993994    -0.00008010
 40.04004004    -0.00007694
 40.14014014    -0.00007377
 40.24024024    -0.00007060
 40.34034034    -0.00006743
 40.44044044    -0.00006428
 40.54054054    -0.00006114
 40.64064064    -0.00005803
 40.74074074    -0.00005494
 40.84084084    -0.00005189
 40.94094094    -0.00004888
 41.04104104    -0.00004590
 41.14114114    -0.00004298
 41.24124124    -0.00004010
 41.34134134    -0.00003727
 41.44144144    -0.00003451
 41.54154154    -0.00003180
 41.64164164    -0.00002915
 41.74174174    -0.00002657
 41.84184184    -0.00002406
 41.94194194    -0.00002161
 42.04204204    -0.00001924
 42.14214214    -0.00001694
 42.24224224    -0.00001471
 42.34234234    -0.00001256
 42.44244244    -0.00001049
 42.54254254    -0.00000849
 42.64264264    -0.00000657
 42.74274274    -0.00000473
 42.84284284    -0.00000296
 42.94294294    -0.00000128
 43.04304304     0.00000033
 43.14314314     0.00000186
 43.24324324     0.00000331
 43.34334334     0.00000469
 43.44344344     0.00000599
 43.54354354     0.00000722
 43.64364364     0.00000837
 43.74374374     0.00000944
 43.84384384     0.00001045
 43.94394394     0.00001138
 44.04404404     0.00001225
 44.14414414     0.00001305
 44.24424424     0.00001378
 44.34434434     0.00001444
 44.44444444     0.00001504
 44.54454454     0.00001559
 44.64464464     0.00001607
 44.74474474     0.00001649
 44.84484484     0.00001685
 44.94494494     0.00001717
 45.04504505     0.00001743
 45.14514515     0.00001763
 45.24524525     0.00001779
 45.34534535     0.00001791
 45.44544545     0.00001798
 45.54554555     0.00001800
 45.64564565     0.00001799
 45.74574575     0.00001793
 45.84584585     0.00001784
 45.94594595     0.00001772
 46.04604605     0.00001756
 46.14614615     0.00001737
 46.24624625     0.00001715
 46.34634635     0.00001690
 46.44644645     0.00001663
 46.54654655     0.00001634
 46.64664665     0.00001602
 46.74674675     0.00001568
 46.84684685     0.00001532
 46.94694695     0.00001495
 47.04704705     0.00001456
 47.14714715     0.00001416
 47.24724725     0.00001375
 47.34734735     0.00001332
 47.44744745     0.00001289
 47.54754755     0.00001245
 47.64764765     0.00001200
 47.74774775     0.00001155
 47.84784785     0.00001109
 47.94794795     0.00001063
 48.04804805     0.00001017
 48.14814815     0.00000971
 48.24824825     0.00000925
 48.34834835     0.00000879
 48.44844845     0.00000833
 48.54854855     0.00000788
 48.64864865     0.00000743
 48.74874875     0.00000699
 48.84884885     0.00000655
 48.94894895     0.00000612
 49.04904905     0.00000569
 49.14914915     0.00000528
 49.24924925     0.00000487
 49.34934935     0.00000447
 49.44944945     0.00000408
 49.54954955     0.00000370
 49.64964965     0.00000334
 49.74974975     0.00000298
 49.84984985     0.00000263
 49.94994995     0.00000229
 50.05005005     0.00000197
 50.15015015     0.00000166
 50.25025025     0.00000135
 50.35035035     0.00000106
 50.45045045     0.00000079
 50.55055055     0.00000052
 50.65065065     0.00000027
 50.75075075     0.00000003
 50.85085085    -0.00000020
 50.95095095    -0.00000042
 51.05105105    -0.00000063
 51.15115115    -0.00000082
 51.25125125    -0.00000100
 51.35135135    -0.00000118
 51.45145145    -0.00000134
 51.55155155    -0.00000148
 51.65165165    -0.00000162
 51.75175175    -0.00000175
 51.85185185    -0.00000186
 51.95195195    -0.00000197
 52.05205205    -0.00000207
 52.15215215    -0.00000215
 52.25225225    -0.00000223
 52.35235235    -0.00000230
 52.45245245    -0.00000236
 52.55255255    -0.00000241
 52.65265265    -0.00000245
 52.75275275    -0.00000248
 52.85285285    -0.00000251
 52.95295295    -0.00000253
 53.05305305    -0.00000254
 53.15315315    -0.00000254
 53.25325325    -0.00000254
 53.35335335    -0.00000254
 53.45345345    -0.00000252
 53.55355355    -0.00000250
 53.65365365    -0.00000248
 53.75375375    -0.00000245
 53.85385385    -0.00000242
 53.95395395    -0.00000238
 54.05405405    -0.00000234
 54.15415415    -0.00000230
 54.25425425    -0.00000225
 54.35435435    -0.00000220
 54.45445445    -0.00000214
 54.55455455    -0.00000209
 54.65465465    -0.00000203
 54.75475475    -0.00000197
 54.85485485    -0.00000191
 54.95495495    -0.00000184
 55.05505506    -0.00000178
 55.15515516    -0.00000171
 55.25525526    -0.00000164
 55.35535536    -0.00000158
 55.45545546    -0.00000151
 55.55555556    -0.00000144
 55.65565566    -0.00000137
 55.75575576    -0.00000130
 55.85585586    -0.00000123
 55.95595596    -0.00000117
 56.05605606    -0.00000110
 56.15615616    -0.00000103
 56.25625626    -0.00000097
 56.35635636    -0.00000090
 56.45645646    -0.00000084
 56.55655656    -0.00000078
 56.65665666    -0.00000072
 56.75675676    -0.00000066
 56.85685686    -0.00000060
 56.95695696    -0.00000054
 57.05705706    -0.00000048
 57.15715716    -0.00000043
 57.25725726    -0.00000038
 57.35735736    -0.00000033
 57.45745746    -0.00000028
 57.55755756    -0.00000023
 57.65765766    -0.00000019
 57.75775776    -0.00000015
 57.85785786    -0.00000010
 57.95795796    -0.00000006
 58.05805806    -0.00000003
 58.15815816     0.00000001
 58.25825826     0.00000004
 58.35835836     0.00000007
 58.45845846     0.00000010
 58.55855856     0.00000013
 58.65865866     0.00000016
 58.75875876     0.00000018
 58.85885886     0.00000021
 58.95895896     0.00000023
 59.05905906     0.00000025
 59.15915916     0.00000027
 59.25925926     0.00000028
 59.35935936     0.00000030
 59.45945946     0.00000031
 59.55955956     0.00000032
 59.65965966     0.00000033
 59.75975976     0.00000034
 59.85985986     0.00000035
 59.95995996     0.00000035
 60.06006006     0.00000036
 60.16016016     0.00000036
 60.26026026     0.00000037
 60.36036036     0.00000037
 60.46046046     0.00000037
 60.56056056     0.00000037
 60.66066066     0.00000037
 60.76076076     0.00000036
 60.86086086     0.00000036
 60.96096096     0.00000036
 61.06106106     0.00000035
 61.16116116     0.00000035
 61.26126126     0.00000034
 61.36136136     0.00000033
 61.46146146     0.00000033
 61.56156156     0.00000032
 61.66166166     0.00000031
 61.76176176     0.00000030
 61.86186186     0.00000029
 61.96196196     0.00000029
 62.06206206     0.00000028
 62.16216216     0.00000027
 62.26226226     0.00000026
 62.36236236     0.00000025
 62.46246246     0.00000024
 62.56256256     0.00000023
 62.66266266     0.00000022
 62.76276276     0.00000021
 62.86286286     0.00000020
 62.96296296     0.00000019
 63.06306306     0.00000017
 63.16316316     0.00000016
 63.26326326     0.00000015
 63.36336336     0.00000014
 63.46346346     0.00000013
 63.56356356     0.00000013
 63.66366366     0.00000012
 63.76376376     0.00000011
 63.86386386     0.00000010
 63.96396396     0.00000009
 64.06406406     0.00000008
 64.16416416     0.00000007
 64.26426426     0.00000006
 64.36436436     0.00000006
 64.46446446     0.00000005
 64.56456456     0.00000004
 64.66466466     0.00000003
 64.76476476     0.00000003
 64.86486486     0.00000002
 64.96496496     0.00000001
 65.06506507     0.00000001
 65.16516517     0.00000000
 65.26526527    -0.00000000
 65.36536537    -0.00000001
 65.46546547    -0.00000001
 65.56556557    -0.00000002
 65.66566567    -0.00000002
 65.76576577    -0.00000003
 65.86586587    -0.00000003
 65.96596597    -0.00000003
 66.06606607    -0.00000004
 66.16616617    -0.00000004
 66.26626627    -0.00000004
 66.36636637    -0.00000004
 66.46646647    -0.00000004
 66.56656657    -0.00000005
 66.66666667    -0.00000005
 66.76676677    -0.00000005
 66.86686687    -0.00000005
 66.96696697    -0.00000005
 67.06706707    -0.00000005
 67.16716717    -0.00000005
 67.26726727    -0.00000005
 67.36736737    -0.00000005
 67.46746747    -0.00000005
 67.56756757    -0.00000005
 67.66766767    -0.00000005
 67.76776777    -0.00000005
 67.86786787    -0.00000005
 67.96796797    -0.00000005
 68.06806807    -0.00000005
 68.16816817    -0.00000005
 68.26826827    -0.00000005
 68.36836837    -0.00000005
 68.46846847    -0.00000005
 68.56856857    -0.00000005
 68.66866867    -0.00000005
 68.76876877    -0.00000004
 68.86886887    -0.00000004
 68.96896897    -0.00000004
 69.06906907    -0.00000004
 69.16916917    -0.00000004
 69.26926927    -0.00000004
 69.36936937    -0.00000004
 69.46946947    -0.00000003
 69.56956957    -0.00000003
 69.66966967    -0.00000003
 69.76976977    -0.00000003
 69.86986987    -0.00000003
 69.96996997    -0.00000003
 70.07007007    -0.00000002
 70.17017017    -0.00000002
 70.27027027    -0.00000002
 70.37037037    -0.00000002
 70.47047047    -0.00000002
 70.57057057    -0.00000002
 70.67067067    -0.00000002
 70.77077077    -0.00000001
 70.87087087    -0.00000001
 70.97097097    -0.00000001
 71.07107107    -0.00000001
 71.17117117    -0.00000001
 71.27127127    -0.00000001
 71.37137137    -0.00000001
 71.47147147    -0.00000001
 71.57157157    -0.00000000
 71.67167167    -0.00000000
 71.77177177    -0.00000000
 71.87187187    -0.00000000
 71.97197197    -0.00000000
 72.07207207     0.00000000
 72.17217217     0.00000000
 72.27227227     0.00000000
 72.37237237     0.00000000
 72.47247247     0.00000000
 72.57257257     0.00000000
 72.67267267     0.00000000
 72.77277277     0.00000000
 72.87287287     0.00000001
 72.97297297     0.00000001
 73.07307307     0.00000001
 73.17317317     0.00000001
 73.27327327     0.00000001
 73.37337337     0.00000001
 73.47347347     0.00000001
 73.57357357     0.00000001
 73.67367367     0.00000001
 73.77377377     0.00000001
 73.87387387     0.00000001
 73.97397397     0.00000001
 74.07407407     0.00000001
 74.17417417     0.00000001
 74.27427427     0.00000001
 74.37437437     0.00000001
 74.47447447     0.00000001
 74.57457457     0.00000001
 74.67467467     0.00000001
 74.77477477     0.00000001
 74.87487487     0.00000001
 74.97497497     0.00000001
 75.07507508     0.00000001
 75.17517518     0.00000001
 75.27527528     0.00000001
 75.37537538     0.00000001
 75.47547548     0.00000001
 75.57557558     0.00000001
 75.67567568     0.00000001
 75.77577578     0.00000001
 75.87587588     0.00000001
 75.97597598     0.00000001
 76.07607608     0.00000001
 76.17617618     0.00000000
 76.27627628     0.00000000
 76.37637638     0.00000000
 76.47647648     0.00000000
 76.57657658     0.00000000
 76.67667668     0.00000000
 76.77677678     0.00000000
 76.87687688     0.00000000
 76.97697698     0.00000000
 77.07707708     0.00000000
 77.17717718     0.00000000
 77.27727728     0.00000000
 77.37737738     0.00000000
 77.47747748     0.00000000
 77.57757758     0.00000000
 77.67767768     0.00000000
 77.77777778     0.00000000
 77.87787788     0.00000000
 77.97797798     0.00000000
 78.07807808     0.00000000
 78.17817818     0.00000000
 78.27827828     0.00000000
 78.37837838     0.00000000
 78.47847848     0.00000000
 78.57857858     0.00000000
 78.67867868    -0.00000000
 78.77877878    -0.00000000
 78.87887888    -0.00000000
 78.97897898    -0.00000000
 79.07907908    -0.00000000
 79.17917918    -0.00000000
 79.27927928    -0.00000000
 79.37937938    -0.00000000
 79.47947948    -0.00000000
 79.57957958    -0.00000000
 79.67967968    -0.00000000
 79.77977978    -0.00000000
 79.87987988    -0.00000000
 79.97997998    -0.00000000
 80.08008008    -0.00000000
 80.18018018    -0.00000000
 80.28028028    -0.00000000
 80.38038038    -0.00000000
 80.48048048    -0.00000000
 80.58058058    -0.00000000
 80.68068068    -0.00000000
 80.78078078    -0.00000000
 80.88088088    -0.00000000
 80.98098098    -0.00000000
 81.08108108    -0.00000000
 81.18118118    -0.00000000
 81.28128128    -0.00000000
 81.38138138    -0.00000000
 81.48148148    -0.00000000
 81.58158158    -0.00000000
 81.68168168    -0.00000000
 81.78178178    -0.00000000
 81.88188188    -0.00000000
 81.98198198    -0.00000000
 82.08208208    -0.00000000
 82.18218218    -0.00000000
 82.28228228    -0.00000000
 82.38238238    -0.00000000
 82.48248248    -0.00000000
 82.58258258    -0.00000000
 82.68268268    -0.00000000
 82.78278278    -0.00000000
 82.88288288    -0.00000000
 82.98298298    -0.00000000
 83.08308308    -0.00000000
 83.18318318    -0.00000000
 83.28328328    -0.00000000
 83.38338338    -0.00000000
 83.48348348    -0.00000000
 83.58358358    -0.00000000
 83.68368368    -0.00000000
 83.78378378    -0.00000000
 83.88388388    -0.00000000
 83.98398398    -0.00000000
 84.08408408    -0.00000000
 84.18418418    -0.00000000
 84.28428428    -0.00000000
 84.38438438    -0.00000000
 84.48448448    -0.00000000
 84.58458458    -0.00000000
 84.68468468    -0.00000000
 84.78478478    -0.00000000
 84.88488488    -0.00000000
 84.98498498    -0.00000000
 85.08508509    -0.00000000
 85.18518519     0.00000000
 85.28528529     0.00000000
 85.38538539     0.00000000
 85.48548549     0.00000000
 85.58558559     0.00000000
 85.68568569     0.00000000
 85.78578579     0.00000000
 85.88588589     0.00000000
 85.98598599     0.00000000
 86.08608609     0.00000000
 86.18618619     0.00000000
 86.28628629     0.00000000
 86.38638639     0.00000000
 86.48648649     0.00000000
 86.58658659     0.00000000
 86.68668669     0.00000000
 86.78678679     0.00000000
 86.88688689     0.00000000
 86.98698699     0.00000000
 87.08708709     0.00000000
 87.18718719     0.00000000
 87.28728729     0.00000000
 87.38738739     0.00000000
 87.48748749     0.00000000
 87.58758759     0.00000000
 87.68768769     0.00000000
 87.78778779     0.00000000
 87.88788789     0.00000000
 87.98798799     0.00000000
 88.08808809     0.00000000
 88.18818819     0.00000000
 88.28828829     0.00000000
 88.38838839     0.00000000
 88.48848849     0.00000000
 88.58858859     0.00000000
 88.68868869     0.00000000
 88.78878879     0.00000000
 88.88888889     0.00000000
 88.98898899     0.00000000
 89.08908909     0.00000000
 89.18918919     0.00000000
 89.28928929     0.00000000
 89.38938939     0.00000000
 89.48948949     0.00000000
 89.58958959     0.00000000
 89.68968969     0.00000000
 89.78978979     0.00000000
 89.88988989     0.00000000
 89.98998999     0.00000000
 90.09009009     0.00000000
 90.19019019     0.00000000
 90.29029029     0.00000000
 90.39039039     0.00000000
 90.49049049     0.00000000
 90.59059059     0.00000000
 90.69069069     0.00000000
 90.79079079     0.00000000
 90.89089089     0.00000000
 90.99099099     0.00000000
 91.09109109     0.00000000
 91.19119119     0.00000000
 91.29129129     0.00000000
 91.39139139     0.00000000
 91.49149149    -0.00000000
 91.59159159    -0.00000000
 91.69169169    -0.00000000
 91.79179179    -0.00000000
 91.89189189    -0.00000000
 91.99199199    -0.00000000
 92.09209209    -0.00000000
 92.19219219    -0.00000000
 92.29229229    -0.00000000
 92.39239239    -0.00000000
 92.49249249    -0.00000000
 92.59259259    -0.00000000
 92.69269269    -0.00000000
 92.79279279    -0.00000000
 92.89289289    -0.00000000
 92.99299299    -0.00000000
 93.09309309    -0.00000000
 93.19319319    -0.00000000
 93.29329329    -0.00000000
 93.39339339    -0.00000000
 93.49349349    -0.00000000
 93.59359359    -0.00000000
 93.69369369    -0.00000000
 93.79379379    -0.00000000
 93.89389389    -0.00000000
 93.99399399    -0.00000000
 94.09409409    -0.00000000
 94.19419419    -0.00000000
 94.29429429    -0.00000000
 94.39439439    -0.00000000
 94.49449449    -0.00000000
 94.59459459    -0.00000000
 94.69469469    -0.00000000
 94.79479479    -0.00000000
 94.89489489    -0.00000000
 94.99499499    -0.00000000
 95.09509510    -0.00000000
 95.19519520    -0.00000000
 95.29529530    -0.00000000
 95.39539540    -0.00000000
 95.49549550    -0.00000000
 95.59559560    -0.00000000
 95.69569570    -0.00000000
 95.79579580    -0.00000000
 95.89589590    -0.00000000
 95.99599600    -0.00000000
 96.09609610    -0.00000000
 96.19619620    -0.00000000
 96.29629630    -0.00000000
 96.39639640    -0.00000000
 96.49649650    -0.00000000
 96.59659660    -0.00000000
 96.69669670    -0.00000000
 96.79679680    -0.00000000
 96.89689690    -0.00000000
 96.99699700    -0.00000000
 97.09709710    -0.00000000
 97.19719720    -0.00000000
 97.29729730    -0.00000000
 97.39739740    -0.00000000
 97.49749750    -0.00000000
 97.59759760    -0.00000000
 97.69769770    -0.00000000
 97.79779780    -0.00000000
 97.89789790    -0.00000000
 97.99799800    -0.00000000
 98.09809810    -0.00000000
 98.19819820    -0.00000000
 98.29829830    -0.00000000
 98.39839840    -0.00000000
 98.49849850    -0.00000000
 98.59859860    -0.00000000
 98.69869870    -0.00000000
 98.79879880    -0.00000000
 98.89889890    -0.00000000
 98.99899900    -0.00000000
 99.09909910    -0.00000000
 99.19919920    -0.00000000
 99.29929930    -0.00000000
 99.39939940    -0.00000000
 99.49949950    -0.00000000
 99.59959960    -0.00000000
 99.69969970    -0.00000000
 99.79979980     0.00000000
 99.89989990     0.00000000
100.00000000     0.00000000
