  0.00000000    -0.37494254
  0.10010010    -0.36094254
  0.20020020    -0.34718342
  0.30030030    -0.33366518
  0.40040040    -0.32038775
  0.50050050    -0.30735097
  0.60060060    -0.29455463
  0.70070070    -0.28199841
  0.80080080    -0.26968193
  0.90090090    -0.25760476
  1.00100100    -0.24576636
  1.10110110    -0.23416614
  1.20120120    -0.22280342
  1.30130130    -0.21167745
  1.40140140    -0.20078742
  1.50150150    -0.19013243
  1.60160160    -0.17971154
  1.70170170    -0.16952369
  1.80180180    -0.15956780
  1.90190190    -0.14984270
  2.00200200    -0.14034713
  2.10210210    -0.13107981
  2.20220220    -0.12203935
  2.30230230    -0.11322432
  2.40240240    -0.10463321
  2.50250250    -0.09626446
  2.60260260    -0.08811645
  2.70270270    -0.08018747
  2.80280280    -0.07247579
  2.90290290    -0.06497959
  3.00300300    -0.05769700
  3.10310310    -0.05062611
  3.20320320    -0.04376493
  3.30330330    -0.03711143
  3.40340340    -0.03066353
  3.50350350    -0.02441909
  3.60360360    -0.01837593
  3.70370370    -0.01253180
  3.80380380    -0.00688443
  3.90390390    -0.00143150
  4.00400400     0.00382938
  4.10410410     0.00890061
  4.20420420     0.01378465
  4.30430430     0.01848400
  4.40440440     0.02300117
  4.50450450     0.02733875
  4.60460460     0.03149934
  4.70470470     0.03548556
  4.80480480     0.03930009
  4.90490490     0.04294562
  5.00500501     0.04642488
  5.10510511     0.04974062
  5.20520521     0.05289561
  5.30530531     0.05589266
  5.40540541     0.05873457
  5.50550551     0.06142420
  5.60560561     0.06396440
  5.70570571     0.06635803
  5.80580581     0.06860800
  5.90590591     0.07071720
  6.00600601     0.07268854
  6.10610611     0.07452494
  6.20620621     0.07622934
  6.30630631     0.07780466
  6.40640641     0.07925386
  6.50650651     0.08057986
  6.60660661     0.08178563
  6.70670671     0.08287409
  6.80680681     0.08384819
  6.90690691     0.08471087
  7.00700701     0.08546507
  7.10710711     0.08611371
  7.20720721     0.08665970
  7.30730731     0.08710596
  7.40740741     0.08745538
  7.50750751     0.08771085
  7.60760761     0.08787524
  7.70770771     0.08795140
  7.80780781     0.08794218
  7.90790791     0.08785039
  8.00800801     0.08767882
  8.10810811     0.08743027
  8.20820821     0.08710749
  8.30830831     0.08671321
  8.40840841     0.08625014
  8.50850851     0.08572096
  8.60860861     0.08512833
  8.70870871     0.08447488
  8.80880881     0.08376320
  8.90890891     0.08299586
  9.00900901     0.08217541
  9.10910911     0.08130434
  9.20920921     0.08038512
  9.30930931     0.07942020
  9.40940941     0.07841197
  9.50950951     0.07736280
  9.60960961     0.07627501
  9.70970971     0.07515091
  9.80980981     0.07399274
  9.90990991     0.07280272
 10.01001001     0.07158302
 10.11011011     0.07033577
 10.21021021     0.06906308
 10.31031031     0.06776699
 10.41041041     0.06644951
 10.51051051     0.06511261
 10.61061061     0.06375821
 10.71071071     0.06238820
 10.81081081     0.06100442
 10.91091091     0.05960866
 11.01101101     0.05820266
 11.11111111     0.05678815
 11.21121121     0.05536677
 11.31131131     0.05394015
 11.41141141     0.05250985
 11.51151151     0.05107741
 11.61161161     0.04964430
 11.71171171     0.04821197
 11.81181181     0.04678180
 11.91191191     0.04535514
 12.01201201     0.04393329
 12.11211211     0.04251751
 12.21221221     0.04110901
 12.31231231     0.03970896
 12.41241241     0.03831849
 12.51251251     0.03693866
 12.61261261     0.03557052
 12.71271271     0.03421507
 12.81281281     0.03287323
 12.91291291     0.03154594
 13.01301301     0.03023404
 13.11311311     0.02893836
 13.21321321     0.02765967
 13.31331331     0.02639873
 13.41341341     0.02515621
 13.51351351     0.02393279
 13.61361361     0.02272908
 13.71371371     0.02154566
 13.81381381     0.02038307
 13.91391391     0.01924181
 14.01401401     0.01812235
 14.11411411     0.01702511
 14.21421421     0.01595048
 14.31431431     0.01489884
 14.41441441     0.01387048
 14.51451451     0.01286571
 14.61461461     0.01188478
 14.71471471     0.01092791
 14.81481481     0.00999528
 14.91491491     0.00908707
 15.01501502     0.00820339
 15.11511512     0.00734435
 15.21521522     0.00651001
 15.31531532     0.00570042
 15.41541542     0.00491559
 15.51551552     0.00415551
 15.61561562     0.00342013
 15.71571572     0.00270941
 15.81581582     0.00202325
 15.91591592     0.00136153
 16.01601602     0.00072413
 16.11611612     0.00011090
 16.21621622    -0.00047835
 16.31631632    -0.00104381
 16.41641642    -0.00158570
 16.51651652    -0.00210425
 16.61661662    -0.00259970
 16.71671672    -0.00307234
 16.81681682    -0.00352244
 16.91691692    -0.00395031
 17.01701702    -0.00435625
 17.11711712    -0.00474060
 17.21721722    -0.00510370
 17.31731732    -0.00544590
 17.41741742    -0.00576757
 17.51751752    -0.00606908
 17.61761762    -0.00635082
 17.71771772    -0.00661318
 17.81781782    -0.00685658
 17.91791792    -0.00708141
 18.01801802    -0.00728810
 18.11811812    -0.00747708
 18.21821822    -0.00764878
 18.31831832    -0.00780362
 18.41841842    -0.00794206
 18.51851852    -0.00806454
 18.61861862    -0.00817150
 18.71871872    -0.00826340
 18.81881882    -0.00834070
 18.91891892    -0.00840383
 19.01901902    -0.00845327
 19.11911912    -0.00848946
 19.21921922    -0.00851287
 19.31931932    -0.00852394
 19.41941942    -0.00852314
 19.51951952    -0.00851090
 19.61961962    -0.00848769
 19.71971972    -0.00845395
 19.81981982    -0.00841013
 19.91991992    -0.00835666
 20.02002002    -0.00829399
 20.12012012    -0.00822255
 20.22022022    -0.00814276
 20.32032032    -0.00805505
 20.42042042    -0.00795984
 20.52052052    -0.00785754
 20.62062062    -0.00774856
 20.72072072    -0.00763330
 20.82082082    -0.00751215
 20.92092092    -0.00738550
 21.02102102    -0.00725373
 21.12112112    -0.00711721
 21.22122122    -0.00697632
 21.32132132    -0.00683141
 21.42142142    -0.00668282
 21.52152152    -0.00653090
 21.62162162    -0.00637599
 21.72172172    -0.00621841
 21.82182182    -0.00605848
 21.92192192    -0.00589651
 22.02202202    -0.00573280
 22.12212212    -0.00556764
 22.22222222    -0.00540131
 22.32232232    -0.00523409
 22.42242242    -0.00506624
 22.52252252    -0.00489802
 22.62262262    -0.00472968
 22.72272272    -0.00456145
 22.82282282    -0.00439357
 22.92292292    -0.00422625
 23.02302302    -0.00405971
 23.12312312    -0.00389416
 23.22322322    -0.00372977
 23.32332332    -0.00356675
 23.42342342    -0.00340526
 23.52352352    -0.00324547
 23.62362362    -0.00308755
 23.72372372    -0.00293164
 23.82382382    -0.00277789
 23.92392392    -0.00262642
 24.02402402    -0.00247738
 24.12412412    -0.00233087
 24.22422422    -0.00218700
 24.32432432    -0.00204588
 24.42442442    -0.00190760
 24.52452452    -0.00177225
 24.62462462    -0.00163991
 24.72472472    -0.00151065
 24.82482482    -0.00138453
 24.92492492    -0.00126162
 25.02502503    -0.00114196
 25.12512513    -0.00102561
 25.22522523    -0.00091259
 25.32532533    -0.00080295
 25.42542543    -0.00069671
 25.52552553    -0.00059388
 25.62562563    -0.00049450
 25.72572573    -0.00039855
 25.82582583    -0.00030606
 25.92592593    -0.00021701
 26.02602603    -0.00013141
 26.12612613    -0.00004923
 26.22622623     0.00002953
 26.32632633     0.00010489
 26.42642643     0.00017688
 26.52652653     0.00024553
 26.62662663     0.00031086
 26.72672673     0.00037292
 26.82682683     0.00043174
 26.92692693     0.00048736
 27.02702703     0.00053983
 27.12712713     0.00058919
 27.22722723     0.00063551
 27.32732733     0.00067882
 27.42742743     0.00071920
 27.52752753     0.00075668
 27.62762763     0.00079135
 27.72772773     0.00082325
 27.82782783     0.00085245
 27.92792793     0.00087902
 28.02802803     0.00090302
 28.12812813     0.00092452
 28.22822823     0.00094359
 28.32832833     0.00096031
 28.42842843     0.00097473
 28.52852853     0.00098694
 28.62862863     0.00099700
 28.72872873     0.00100500
 28.82882883     0.00101099
 28.92892893     0.00101506
 29.02902903     0.00101728
 29.12912913     0.00101772
 29.22922923     0.00101646
 29.32932933     0.00101356
 29.42942943     0.00100911
 29.52952953     0.00100317
 29.62962963     0.00099581
 29.72972973     0.00098711
 29.82982983     0.00097713
 29.92992993     0.00096595
 30.03003003     0.00095363
 30.13013013     0.00094025
 30.23023023     0.00092586
 30.33033033     0.00091054
 30.43043043     0.00089435
 30.53053053     0.00087734
 30.63063063     0.00085960
 30.73073073     0.00084116
 30.83083083     0.00082210
 30.93093093     0.00080248
 31.03103103     0.00078234
 31.13113113     0.00076174
 31.23123123     0.00074075
 31.33133133     0.00071940
 31.43143143     0.00069775
 31.53153153     0.00067585
 31.63163163     0.00065375
 31.73173173     0.00063149
 31.83183183     0.00060912
 31.93193193     0.00058667
 32.03203203     0.00056420
 32.13213213     0.00054174
 32.23223223     0.00051932
 32.33233233     0.00049699
 32.43243243     0.00047477
 32.53253253     0.00045271
 32.63263263     0.00043083
 32.73273273     0.00040916
 32.83283283     0.00038774
 32.93293293     0.00036658
 33.03303303     0.00034571
 33.13313313     0.00032515
 33.23323323     0.00030494
 33.33333333     0.00028508
 33.43343343     0.00026560
 33.53353353     0.00024652
 33.63363363     0.00022785
 33.73373373     0.00020960
 33.83383383     0.00019179
 33.93393393     0.00017444
 34.03403403     0.00015755
 34.13413413     0.00014113
 34.23423423     0.00012519
 34.33433433     0.00010974
 34.43443443     0.00009479
 34.53453453     0.00008033
 34.63463463     0.00006638
 34.73473473     0.00005294
 34.83483483     0.00004000
 34.93493493     0.00002758
 35.03503504     0.00001566
 35.13513514     0.00000426
 35.23523524    -0.00000665
 35.33533534    -0.00001704
 35.43543544    -0.00002693
 35.53553554    -0.00003633
 35.63563564    -0.00004524
 35.73573574    -0.00005365
 35.83583584    -0.00006159
 35.93593594    -0.00006905
 36.03603604    -0.00007605
 36.13613614    -0.00008258
 36.23623624    -0.00008867
 36.33633634    -0.00009431
 36.43643644    -0.00009952
 36.53653654    -0.00010430
 36.63663664    -0.00010867
 36.73673674    -0.00011264
 36.83683684    -0.00011621
 36.93693694    -0.00011941
 37.03703704    -0.00012223
 37.13713714    -0.00012468
 37.23723724    -0.00012680
 37.33733734    -0.00012857
 37.43743744    -0.00013001
 37.53753754    -0.00013115
 37.63763764    -0.00013198
 37.73773774    -0.00013252
 37.83783784    -0.00013278
 37.93793794    -0.00013277
 38.03803804    -0.00013251
 38.13813814    -0.00013201
 38.23823824    -0.00013128
 38.33833834    -0.00013032
 38.43843844    -0.00012916
 38.53853854    -0.00012780
 38.63863864    -0.00012626
 38.73873874    -0.00012454
 38.83883884    -0.00012266
 38.93893894    -0.00012062
 39.03903904    -0.00011845
 39.13913914    -0.00011615
 39.23923924    -0.00011372
 39.33933934    -0.00011118
 39.43943944    -0.00010855
 39.53953954    -0.00010582
 39.63963964    -0.00010301
 39.73973974    -0.00010013
 39.83983984    -0.00009718
 39.93993994    -0.00009418
 40.04004004    -0.00009113
 40.14014014    -0.00008804
 40.24024024    -0.00008492
 40.34034034    -0.00008178
 40.44044044    -0.00007862
 40.54054054    -0.00007545
 40.64064064    -0.00007228
 40.74074074    -0.00006911
 40.84084084    -0.00006595
 40.94094094    -0.00006281
 41.04104104    -0.00005969
 41.14114114    -0.00005659
 41.24124124    -0.00005353
 41.34134134    -0.00005050
 41.44144144    -0.00004751
 41.54154154    -0.00004456
 41.64164164    -0.00004166
 41.74174174    -0.00003882
 41.84184184    -0.00003602
 41.94194194    -0.00003329
 42.04204204    -0.00003062
 42.14214214    -0.00002801
 42.24224224    -0.00002546
 42.34234234    -0.00002298
 42.44244244    -0.00002058
 42.54254254    -0.00001824
 42.64264264    -0.00001598
 42.74274274    -0.00001379
 42.84284284    -0.00001167
 42.94294294    -0.00000963
 43.04304304    -0.00000767
 43.14314314    -0.00000579
 43.24324324    -0.00000398
 43.34334334    -0.00000225
 43.44344344    -0.00000060
 43.54354354     0.00000098
 43.64364364     0.00000248
 43.74374374     0.00000390
 43.84384384     0.00000525
 43.94394394     0.00000652
 44.04404404     0.00000772
 44.14414414     0.00000885
 44.24424424     0.00000990
 44.34434434     0.00001088
 44.44444444     0.00001180
 44.54454454     0.00001264
 44.64464464     0.00001342
 44.74474474     0.00001413
 44.84484484     0.00001478
 44.94494494     0.00001536
 45.04504505     0.00001589
 45.14514515     0.00001635
 45.24524525     0.00001676
 45.34534535     0.00001712
 45.44544545     0.00001742
 45.54554555     0.00001767
 45.64564565     0.00001787
 45.74574575     0.00001802
 45.84584585     0.00001812
 45.94594595     0.00001818
 46.04604605     0.00001820
 46.14614615     0.00001818
 46.24624625     0.00001812
 46.34634635     0.00001803
 46.44644645     0.00001790
 46.54654655     0.00001774
 46.64664665     0.00001754
 46.74674675     0.00001732
 46.84684685     0.00001708
 46.94694695     0.00001680
 47.04704705     0.00001650
 47.14714715     0.00001619
 47.24724725     0.00001585
 47.34734735     0.00001549
 47.44744745     0.00001512
 47.54754755     0.00001473
 47.64764765     0.00001433
 47.74774775     0.00001391
 47.84784785     0.00001349
 47.94794795     0.00001306
 48.04804805     0.00001261
 48.14814815     0.00001217
 48.24824825     0.00001171
 48.34834835     0.00001126
 48.44844845     0.00001080
 48.54854855     0.00001034
 48.64864865     0.00000988
 48.74874875     0.00000941
 48.84884885     0.00000895
 48.94894895     0.00000850
 49.04904905     0.00000804
 49.14914915     0.00000759
 49.24924925     0.00000715
 49.34934935     0.00000671
 49.44944945     0.00000628
 49.54954955     0.00000585
 49.64964965     0.00000543
 49.74974975     0.00000503
 49.84984985     0.00000462
 49.94994995     0.00000423
 50.05005005     0.00000385
 50.15015015     0.00000348
 50.25025025     0.00000312
 50.35035035     0.00000277
 50.45045045     0.00000243
 50.55055055     0.00000210
 50.65065065     0.00000178
 50.75075075     0.00000147
 50.85085085     0.00000118
 50.95095095     0.00000090
 51.05105105     0.00000063
 51.15115115     0.00000037
 51.25125125     0.00000012
 51.35135135    -0.00000011
 51.45145145    -0.00000034
 51.55155155    -0.00000055
 51.65165165    -0.00000075
 51.75175175    -0.00000093
 51.85185185    -0.00000111
 51.95195195    -0.00000128
 52.05205205    -0.00000143
 52.15215215    -0.00000157
 52.25225225    -0.00000170
 52.35235235    -0.00000183
 52.45245245    -0.00000194
 52.55255255    -0.00000204
 52.65265265    -0.00000213
 52.75275275    -0.00000221
 52.85285285    -0.00000229
 52.95295295    -0.00000235
 53.05305305    -0.00000241
 53.15315315    -0.00000245
 53.25325325    -0.00000249
 53.35335335    -0.00000252
 53.45345345    -0.00000255
 53.55355355    -0.00000256
 53.65365365    -0.00000257
 53.75375375    -0.00000257
 53.85385385    -0.00000257
 53.95395395    -0.00000256
 54.05405405    -0.00000255
 54.15415415    -0.00000253
 54.25425425    -0.00000250
 54.35435435    -0.00000247
 54.45445445    -0.00000244
 54.55455455    -0.00000240
 54.65465465    -0.00000236
 54.75475475    -0.00000231
 54.85485485    -0.00000226
 54.95495495    -0.00000221
 55.05505506    -0.00000216
 55.15515516    -0.00000210
 55.25525526    -0.00000204
 55.35535536    -0.00000198
 55.45545546    -0.00000192
 55.55555556    -0.00000185
 55.65565566    -0.00000179
 55.75575576    -0.00000172
 55.85585586    -0.00000165
 55.95595596    -0.00000159
 56.05605606    -0.00000152
 56.15615616    -0.00000145
 56.25625626    -0.00000138
 56.35635636    -0.00000131
 56.45645646    -0.00000124
 56.55655656    -0.00000118
 56.65665666    -0.00000111
 56.75675676    -0.00000104
 56.85685686    -0.00000098
 56.95695696    -0.00000091
 57.05705706    -0.00000085
 57.15715716    -0.00000079
 57.25725726    -0.00000073
 57.35735736    -0.00000067
 57.45745746    -0.00000061
 57.55755756    -0.00000055
 57.65765766    -0.00000049
 57.75775776    -0.00000044
 57.85785786    -0.00000039
 57.95795796    -0.00000034
 58.05805806    -0.00000029
 58.15815816    -0.00000024
 58.25825826    -0.00000020
 58.35835836    -0.00000015
 58.45845846    -0.00000011
 58.55855856    -0.00000007
 58.65865866    -0.00000003
 58.75875876     0.00000000
 58.85885886     0.00000004
 58.95895896     0.00000007
 59.05905906     0.00000010
 59.15915916     0.00000013
 59.25925926     0.00000015
 59.35935936     0.00000018
 59.45945946     0.00000020
 59.55955956     0.00000022
 59.65965966     0.00000024
 59.75975976     0.00000026
 59.85985986     0.00000028
 59.95995996     0.00000030
 60.06006006     0.00000031
 60.16016016     0.00000032
 60.26026026     0.00000033
 60.36036036     0.00000034
 60.46046046     0.00000035
 60.56056056     0.00000036
 60.66066066     0.00000036
 60.76076076     0.00000037
 60.86086086     0.00000037
 60.96096096     0.00000037
 61.06106106     0.00000037
 61.16116116     0.00000037
 61.26126126     0.00000037
 61.36136136     0.00000037
 61.46146146     0.00000037
 61.56156156     0.00000036
 61.66166166     0.00000036
 61.76176176     0.00000035
 61.86186186     0.00000035
 61.96196196     0.00000034
 62.06206206     0.00000033
 62.16216216     0.00000033
 62.26226226     0.00000032
 62.36236236     0.00000031
 62.46246246     0.00000030
 62.56256256     0.00000029
 62.66266266     0.00000028
 62.76276276     0.00000028
 62.86286286     0.00000027
 62.96296296     0.00000026
 63.06306306     0.00000025
 63.16316316     0.00000024
 63.26326326     0.00000023
 63.36336336     0.00000022
 63.46346346     0.00000020
 63.56356356     0.00000019
 63.66366366     0.00000018
 63.76376376     0.00000017
 63.86386386     0.00000016
 63.96396396     0.00000015
 64.06406406     0.00000014
 64.16416416     0.00000013
 64.26426426     0.00000012
 64.36436436     0.00000012
 64.46446446     0.00000011
 64.56456456     0.00000010
 64.66466466     0.00000009
 64.76476476     0.00000008
 64.86486486     0.00000007
 64.96496496     0.00000006
 65.06506507     0.00000005
 65.16516517     0.00000005
 65.26526527     0.00000004
 65.36536537     0.00000003
 65.46546547     0.00000003
 65.56556557     0.00000002
 65.66566567     0.00000001
 65.76576577     0.00000001
 65.86586587     0.00000000
 65.96596597    -0.00000000
 66.06606607    -0.00000001
 66.16616617    -0.00000001
 66.26626627    -0.00000002
 66.36636637    -0.00000002
 66.46646647    -0.00000003
 66.56656657    -0.00000003
 66.66666667    -0.00000003
 66.76676677    -0.00000004
 66.86686687    -0.00000004
 66.96696697    -0.00000004
 67.06706707    -0.00000004
 67.16716717    -0.00000005
 67.26726727    -0.00000005
 67.36736737    -0.00000005
 67.46746747    -0.00000005
 67.56756757    -0.00000005
 67.66766767    -0.00000005
 67.76776777    -0.00000005
 67.86786787    -0.00000005
 67.96796797    -0.00000005
 68.06806807    -0.00000005
 68.16816817    -0.00000005
 68.26826827    -0.00000005
 68.36836837    -0.00000005
 68.46846847    -0.00000005
 68.56856857    -0.00000005
 68.66866867    -0.00000005
 68.76876877    -0.00000005
 68.86886887    -0.00000005
 68.96896897    -0.00000005
 69.06906907    -0.00000005
 69.16916917    -0.00000005
 69.26926927    -0.00000005
 69.36936937    -0.00000005
 69.46946947    -0.00000004
 69.56956957    -0.00000004
 69.66966967    -0.00000004
 69.76976977    -0.00000004
 69.86986987    -0.00000004
 69.96996997    -0.00000004
 70.07007007    -0.00000004
 70.17017017    -0.00000003
 70.27027027    -0.00000003
 70.37037037    -0.00000003
 70.47047047    -0.00000003
 70.57057057    -0.00000003
 70.67067067    -0.00000003
 70.77077077    -0.00000003
 70.87087087    -0.00000002
 70.97097097    -0.00000002
 71.07107107    -0.00000002
 71.17117117    -0.00000002
 71.27127127    -0.00000002
 71.37137137    -0.00000002
 71.47147147    -0.00000001
 71.57157157    -0.00000001
 71.67167167    -0.00000001
 71.77177177    -0.00000001
 71.87187187    -0.00000001
 71.97197197    -0.00000001
 72.07207207    -0.00000001
 72.17217217    -0.00000001
 72.27227227    -0.00000001
 72.37237237    -0.00000000
 72.47247247    -0.00000000
 72.57257257    -0.00000000
 72.67267267    -0.00000000
 72.77277277    -0.00000000
 72.87287287     0.00000000
 72.97297297     0.00000000
 73.07307307     0.00000000
 73.17317317     0.00000000
 73.27327327     0.00000000
 73.37337337     0.00000000
 73.47347347     0.00000000
 73.57357357     0.00000000
 73.67367367     0.00000001
 73.77377377     0.00000001
 73.87387387     0.00000001
 73.97397397     0.00000001
 74.07407407     0.00000001
 74.17417417     0.00000001
 74.27427427     0.00000001
 74.37437437     0.00000001
 74.47447447     0.00000001
 74.57457457     0.00000001
 74.67467467     0.00000001
 74.77477477     0.00000001
 74.87487487     0.00000001
 74.97497497     0.00000001
 75.07507508     0.00000001
 75.17517518     0.00000001
 75.27527528     0.00000001
 75.37537538     0.00000001
 75.47547548     0.00000001
 75.57557558     0.00000001
 75.67567568     0.00000001
 75.77577578     0.00000001
 75.87587588     0.00000001
 75.97597598     0.00000001
 76.07607608     0.00000001
 76.17617618     0.00000001
 76.27627628     0.00000001
 76.37637638     0.00000001
 76.47647648     0.00000001
 76.57657658     0.00000001
 76.67667668     0.00000001
 76.77677678     0.00000001
 76.87687688     0.00000001
 76.97697698     0.00000001
 77.07707708     0.00000000
 77.17717718     0.00000000
 77.27727728     0.00000000
 77.37737738     0.00000000
 77.47747748     0.00000000
 77.57757758     0.00000000
 77.67767768     0.00000000
 77.77777778     0.00000000
 77.87787788     0.00000000
 77.97797798     0.00000000
 78.07807808     0.00000000
 78.17817818     0.00000000
 78.27827828     0.00000000
 78.37837838     0.00000000
 78.47847848     0.00000000
 78.57857858     0.00000000
 78.67867868     0.00000000
 78.77877878     0.00000000
 78.87887888     0.00000000
 78.97897898     0.00000000
 79.07907908     0.00000000
 79.17917918     0.00000000
 79.27927928     0.00000000
 79.37937938     0.00000000
 79.47947948     0.00000000
 79.57957958    -0.00000000
 79.67967968    -0.00000000
 79.77977978    -0.00000000
 79.87987988    -0.00000000
 79.97997998    -0.00000000
 80.08008008    -0.00000000
 80.18018018    -0.00000000
 80.28028028    -0.00000000
 80.38038038    -0.00000000
 80.48048048    -0.00000000
 80.58058058    -0.00000000
 80.68068068    -0.00000000
 80.78078078    -0.00000000
 80.88088088    -0.00000000
 80.98098098    -0.00000000
 81.08108108    -0.00000000
 81.18118118    -0.00000000
 81.28128128    -0.00000000
 81.38138138    -0.00000000
 81.48148148    -0.00000000
 81.58158158    -0.00000000
 81.68168168    -0.00000000
 81.78178178    -0.00000000
 81.88188188    -0.00000000
 81.98198198    -0.00000000
 82.08208208    -0.00000000
 82.18218218    -0.00000000
 82.28228228    -0.00000000
 82.38238238    -0.00000000
 82.48248248    -0.00000000
 82.58258258    -0.00000000
 82.68268268    -0.00000000
 82.78278278    -0.00000000
 82.88288288    -0.00000000
 82.98298298    -0.00000000
 83.08308308    -0.00000000
 83.18318318    -0.00000000
 83.28328328    -0.00000000
 83.38338338    -0.00000000
 83.48348348    -0.00000000
 83.58358358    -0.00000000
 83.68368368    -0.00000000
 83.78378378    -0.00000000
 83.88388388    -0.00000000
 83.98398398    -0.00000000
 84.08408408    -0.00000000
 84.18418418    -0.00000000
 84.28428428    -0.00000000
 84.38438438    -0.00000000
 84.48448448    -0.00000000
 84.58458458    -0.00000000
 84.68468468    -0.00000000
 84.78478478    -0.00000000
 84.88488488    -0.00000000
 84.98498498    -0.00000000
 85.08508509    -0.00000000
 85.18518519    -0.00000000
 85.28528529    -0.00000000
 85.38538539    -0.00000000
 85.48548549    -0.00000000
 85.58558559    -0.00000000
 85.68568569    -0.00000000
 85.78578579    -0.00000000
 85.88588589    -0.00000000
 85.98598599    -0.00000000
 86.08608609     0.00000000
 86.18618619     0.00000000
 86.28628629     0.00000000
 86.38638639     0.00000000
 86.48648649     0.00000000
 86.58658659     0.00000000
 86.68668669     0.00000000
 86.78678679     0.00000000
 86.88688689     0.00000000
 86.98698699     0.00000000
 87.08708709     0.00000000
 87.18718719     0.00000000
 87.28728729     0.00000000
 87.38738739     0.00000000
 87.48748749     0.00000000
 87.58758759     0.00000000
 87.68768769     0.00000000
 87.78778779     0.00000000
 87.88788789     0.00000000
 87.98798799     0.00000000
 88.08808809     0.00000000
 88.18818819     0.00000000
 88.28828829     0.00000000
 88.38838839     0.00000000
 88.48848849     0.00000000
 88.58858859     0.00000000
 88.68868869     0.00000000
 88.78878879     0.00000000
 88.88888889     0.00000000
 88.98898899     0.00000000
 89.08908909     0.00000000
 89.18918919     0.00000000
 89.28928929     0.00000000
 89.38938939     0.00000000
 89.48948949     0.00000000
 89.58958959     0.00000000
 89.68968969     0.00000000
 89.78978979     0.00000000
 89.88988989     0.00000000
 89.98998999     0.00000000
 90.09009009     0.00000000
 90.19019019     0.00000000
 90.29029029     0.00000000
 90.39039039     0.00000000
 90.49049049     0.00000000
 90.59059059     0.00000000
 90.69069069     0.00000000
 90.79079079     0.00000000
 90.89089089     0.00000000
 90.99099099     0.00000000
 91.09109109     0.00000000
 91.19119119     0.00000000
 91.29129129     0.00000000
 91.39139139     0.00000000
 91.49149149     0.00000000
 91.59159159     0.00000000
 91.69169169     0.00000000
 91.79179179     0.00000000
 91.89189189     0.00000000
 91.99199199     0.00000000
 92.09209209     0.00000000
 92.19219219     0.00000000
 92.29229229     0.00000000
 92.39239239    -0.00000000
 92.49249249    -0.00000000
 92.59259259    -0.00000000
 92.69269269    -0.00000000
 92.79279279    -0.00000000
 92.89289289    -0.00000000
 92.99299299    -0.00000000
 93.09309309    -0.00000000
 93.19319319    -0.00000000
 93.29329329    -0.00000000
 93.39339339    -0.00000000
 93.49349349    -0.00000000
 93.59359359    -0.00000000
 93.69369369    -0.00000000
 93.79379379    -0.00000000
 93.89389389    -0.00000000
 93.99399399    -0.00000000
 94.09409409    -0.00000000
 94.19419419    -0.00000000
 94.29429429    -0.00000000
 94.39439439    -0.00000000
 94.49449449    -0.00000000
 94.59459459    -0.00000000
 94.69469469    -0.00000000
 94.79479479    -0.00000000
 94.89489489    -0.00000000
 94.99499499    -0.00000000
 95.09509510    -0.00000000
 95.19519520    -0.00000000
 95.29529530    -0.00000000
 95.39539540    -0.00000000
 95.49549550    -0.00000000
 95.59559560    -0.00000000
 95.69569570    -0.00000000
 95.79579580    -0.00000000
 95.89589590    -0.00000000
 95.99599600    -0.00000000
 96.09609610    -0.00000000
 96.19619620    -0.00000000
 96.29629630    -0.00000000
 96.39639640    -0.00000000
 96.49649650    -0.00000000
 96.59659660    -0.00000000
 96.69669670    -0.00000000
 96.79679680    -0.00000000
 96.89689690    -0.00000000
 96.99699700    -0.00000000
 97.09709710    -0.00000000
 97.19719720    -0.00000000
 97.29729730    -0.00000000
 97.39739740    -0.00000000
 97.49749750    -0.00000000
 97.59759760    -0.00000000
 97.69769770    -0.00000000
 97.79779780    -0.00000000
 97.89789790    -0.00000000
 97.99799800    -0.00000000
 98.09809810    -0.00000000
 98.19819820    -0.00000000
 98.29829830    -0.00000000
 98.39839840    -0.00000000
 98.49849850    -0.00000000
 98.59859860    -0.00000000
 98.69869870    -0.00000000
 98.79879880    -0.00000000
 98.89889890    -0.00000000
 98.99899900    -0.00000000
 99.09909910    -0.00000000
 99.19919920    -0.00000000
 99.29929930    -0.00000000
 99.39939940    -0.00000000
 99.49949950    -0.00000000
 99.59959960    -0.00000000
 99.69969970     0.00000000
 99.79979980     0.00000000
 99.89989990     0.00000000
100.00000000     0.00000000
