  0.00000000    -0.37864466
  0.10010010    -0.36464466
  0.20020020    -0.35088313
  0.30030030    -0.33736007
  0.40040040    -0.32407541
  0.50050050    -0.31102900
  0.60060060    -0.29822063
  0.70070070    -0.28564999
  0.80080080    -0.27331672
  0.90090090    -0.26122040
  1.00100100    -0.24936050
  1.10110110    -0.23773644
  1.20120120    -0.22634758
  1.30130130    -0.21519318
  1.40140140    -0.20427246
  1.50150150    -0.19358455
  1.60160160    -0.18312852
  1.70170170    -0.17290337
  1.80180180    -0.16290803
  1.90190190    -0.15314136
  2.00200200    -0.14360216
  2.10210210    -0.13428917
  2.20220220    -0.12520104
  2.30230230    -0.11633640
  2.40240240    -0.10769376
  2.50250250    -0.09927163
  2.60260260    -0.09106840
  2.70270270    -0.08308245
  2.80280280    -0.07531208
  2.90290290    -0.06775552
  3.00300300    -0.06041096
  3.10310310    -0.05327654
  3.20320320    -0.04635033
  3.30330330    -0.03963035
  3.40340340    -0.03311458
  3.50350350    -0.02680094
  3.60360360    -0.02068731
  3.70370370    -0.01477150
  3.80380380    -0.00905131
  3.90390390    -0.00352447
  4.00400400     0.00181133
  4.10410410     0.00695844
  4.20420420     0.01191925
  4.30430430     0.01669618
  4.40440440     0.02129171
  4.50450450     0.02570833
  4.60460460     0.02994858
  4.70470470     0.03401502
  4.80480480     0.03791027
  4.90490490     0.04163693
  5.00500501     0.04519768
  5.10510511     0.04859520
  5.20520521     0.05183219
  5.30530531     0.05491138
  5.40540541     0.05783552
  5.50550551     0.06060740
  5.60560561     0.06322980
  5.70570571     0.06570552
  5.80580581     0.06803739
  5.90590591     0.07022825
  6.00600601     0.07228093
  6.10610611     0.07419831
  6.20620621     0.07598324
  6.30630631     0.07763860
  6.40640641     0.07916727
  6.50650651     0.08057213
  6.60660661     0.08185606
  6.70670671     0.08302195
  6.80680681     0.08407268
  6.90690691     0.08501114
  7.00700701     0.08584020
  7.10710711     0.08656273
  7.20720721     0.08718161
  7.30730731     0.08769968
  7.40740741     0.08811980
  7.50750751     0.08844480
  7.60760761     0.08867751
  7.70770771     0.08882073
  7.80780781     0.08887725
  7.90790791     0.08884986
  8.00800801     0.08874132
  8.10810811     0.08855436
  8.20820821     0.08829170
  8.30830831     0.08795604
  8.40840841     0.08755006
  8.50850851     0.08707641
  8.60860861     0.08653770
  8.70870871     0.08593655
  8.80880881     0.08527551
  8.90890891     0.08455714
  9.00900901     0.08378394
  9.10910911     0.08295841
  9.20920921     0.08208298
  9.30930931     0.08116008
  9.40940941     0.08019210
  9.50950951     0.07918138
  9.60960961     0.07813024
  9.70970971     0.07704097
  9.80980981     0.07591580
  9.90990991     0.07475694
 10.01001001     0.07356657
 10.11011011     0.07234682
 10.21021021     0.07109977
 10.31031031     0.06982747
 10.41041041     0.06853195
 10.51051051     0.06721517
 10.61061061     0.06587906
 10.71071071     0.06452552
 10.81081081     0.06315638
 10.91091091     0.06177345
 11.01101101     0.06037850
 11.11111111     0.05897325
 11.21121121     0.05755937
 11.31131131     0.05613849
 11.41141141     0.05471221
 11.51151151     0.05328208
 11.61161161     0.05184958
 11.71171171     0.05041619
 11.81181181     0.04898332
 11.91191191     0.04755234
 12.01201201     0.04612459
 12.11211211     0.04470133
 12.21221221     0.04328382
 12.31231231     0.04187325
 12.41241241     0.04047078
 12.51251251     0.03907752
 12.61261261     0.03769453
 12.71271271     0.03632285
 12.81281281     0.03496345
 12.91291291     0.03361728
 13.01301301     0.03228523
 13.11311311     0.03096817
 13.21321321     0.02966692
 13.31331331     0.02838225
 13.41341341     0.02711489
 13.51351351     0.02586556
 13.61361361     0.02463489
 13.71371371     0.02342352
 13.81381381     0.02223202
 13.91391391     0.02106095
 14.01401401     0.01991079
 14.11411411     0.01878204
 14.21421421     0.01767511
 14.31431431     0.01659042
 14.41441441     0.01552832
 14.51451451     0.01448914
 14.61461461     0.01347319
 14.71471471     0.01248072
 14.81481481     0.01151197
 14.91491491     0.01056714
 15.01501502     0.00964640
 15.11511512     0.00874989
 15.21521522     0.00787773
 15.31531532     0.00702999
 15.41541542     0.00620673
 15.51551552     0.00540799
 15.61561562     0.00463375
 15.71571572     0.00388401
 15.81581582     0.00315870
 15.91591592     0.00245777
 16.01601602     0.00178111
 16.11611612     0.00112861
 16.21621622     0.00050013
 16.31631632    -0.00010450
 16.41641642    -0.00068544
 16.51651652    -0.00124290
 16.61661662    -0.00177710
 16.71671672    -0.00228827
 16.81681682    -0.00277666
 16.91691692    -0.00324255
 17.01701702    -0.00368621
 17.11711712    -0.00410794
 17.21721722    -0.00450806
 17.31731732    -0.00488689
 17.41741742    -0.00524476
 17.51751752    -0.00558204
 17.61761762    -0.00589907
 17.71771772    -0.00619624
 17.81781782    -0.00647391
 17.91791792    -0.00673248
 18.01801802    -0.00697235
 18.11811812    -0.00719392
 18.21821822    -0.00739760
 18.31831832    -0.00758381
 18.41841842    -0.00775298
 18.51851852    -0.00790553
 18.61861862    -0.00804190
 18.71871872    -0.00816252
 18.81881882    -0.00826783
 18.91891892    -0.00835827
 19.01901902    -0.00843429
 19.11911912    -0.00849634
 19.21921922    -0.00854486
 19.31931932    -0.00858029
 19.41941942    -0.00860308
 19.51951952    -0.00861369
 19.61961962    -0.00861255
 19.71971972    -0.00860010
 19.81981982    -0.00857679
 19.91991992    -0.00854306
 20.02002002    -0.00849935
 20.12012012    -0.00844608
 20.22022022    -0.00838368
 20.32032032    -0.00831258
 20.42042042    -0.00823320
 20.52052052    -0.00814595
 20.62062062    -0.00805125
 20.72072072    -0.00794950
 20.82082082    -0.00784110
 20.92092092    -0.00772644
 21.02102102    -0.00760590
 21.12112112    -0.00747988
 21.22122122    -0.00734874
 21.32132132    -0.00721286
 21.42142142    -0.00707258
 21.52152152    -0.00692826
 21.62162162    -0.00678026
 21.72172172    -0.00662889
 21.82182182    -0.00647450
 21.92192192    -0.00631740
 22.02202202    -0.00615791
 22.12212212    -0.00599633
 22.22222222    -0.00583296
 22.32232232    -0.00566809
 22.42242242    -0.00550199
 22.52252252    -0.00533494
 22.62262262    -0.00516719
 22.72272272    -0.00499901
 22.82282282    -0.00483064
 22.92292292    -0.00466231
 23.02302302    -0.00449425
 23.12312312    -0.00432668
 23.22322322    -0.00415982
 23.32332332    -0.00399385
 23.42342342    -0.00382899
 23.52352352    -0.00366540
 23.62362362    -0.00350327
 23.72372372    -0.00334276
 23.82382382    -0.00318404
 23.92392392    -0.00302725
 24.02402402    -0.00287254
 24.12412412    -0.00272004
 24.22422422    -0.00256988
 24.32432432    -0.00242218
 24.42442442    -0.00227705
 24.52452452    -0.00213459
 24.62462462    -0.00199491
 24.72472472    -0.00185808
 24.82482482    -0.00172419
 24.92492492    -0.00159331
 25.02502503    -0.00146552
 25.12512513    -0.00134087
 25.22522523    -0.00121942
 25.32532533    -0.00110121
 25.42542543    -0.00098629
 25.52552553    -0.00087470
 25.62562563    -0.00076645
 25.72572573    -0.00066158
 25.82582583    -0.00056010
 25.92592593    -0.00046202
 26.02602603    -0.00036736
 26.12612613    -0.00027611
 26.22622623    -0.00018828
 26.32632633    -0.00010385
 26.42642643    -0.00002281
 26.52652653     0.00005486
 26.62662663     0.00012916
 26.72672673     0.00020014
 26.82682683     0.00026782
 26.92692693     0.00033222
 27.02702703     0.00039339
 27.12712713     0.00045137
 27.22722723     0.00050619
 27.32732733     0.00055790
 27.42742743     0.00060655
 27.52752753     0.00065219
 27.62762763     0.00069488
 27.72772773     0.00073466
 27.82782783     0.00077160
 27.92792793     0.00080575
 28.02802803     0.00083718
 28.12812813     0.00086595
 28.22822823     0.00089212
 28.32832833     0.00091576
 28.42842843     0.00093694
 28.52852853     0.00095571
 28.62862863     0.00097217
 28.72872873     0.00098636
 28.82882883     0.00099836
 28.92892893     0.00100825
 29.02902903     0.00101610
 29.12912913     0.00102197
 29.22922923     0.00102594
 29.32932933     0.00102808
 29.42942943     0.00102846
 29.52952953     0.00102716
 29.62962963     0.00102424
 29.72972973     0.00101977
 29.82982983     0.00101384
 29.92992993     0.00100650
 30.03003003     0.00099783
 30.13013013     0.00098790
 30.23023023     0.00097677
 30.33033033     0.00096452
 30.43043043     0.00095120
 30.53053053     0.00093688
 30.63063063     0.00092163
 30.73073073     0.00090552
 30.83083083     0.00088860
 30.93093093     0.00087093
 31.03103103     0.00085257
 31.13113113     0.00083359
 31.23123123     0.00081404
 31.33133133     0.00079397
 31.43143143     0.00077344
 31.53153153     0.00075251
 31.63163163     0.00073122
 31.73173173     0.00070962
 31.83183183     0.00068776
 31.93193193     0.00066569
 32.03203203     0.00064346
 32.13213213     0.00062110
 32.23223223     0.00059866
 32.33233233     0.00057619
 32.43243243     0.00055371
 32.53253253     0.00053127
 32.63263263     0.00050890
 32.73273273     0.00048664
 32.83283283     0.00046452
 32.93293293     0.00044258
 33.03303303     0.00042083
 33.13313313     0.00039931
 33.23323323     0.00037804
 33.33333333     0.00035706
 33.43343343     0.00033638
 33.53353353     0.00031603
 33.63363363     0.00029602
 33.73373373     0.00027638
 33.83383383     0.00025713
 33.93393393     0.00023827
 34.03403403     0.00021984
 34.13413413     0.00020183
 34.23423423     0.00018426
 34.33433433     0.00016715
 34.43443443     0.00015050
 34.53453453     0.00013432
 34.63463463     0.00011863
 34.73473473     0.00010342
 34.83483483     0.00008870
 34.93493493     0.00007448
 35.03503504     0.00006076
 35.13513514     0.00004754
 35.23523524     0.00003483
 35.33533534     0.00002262
 35.43543544     0.00001092
 35.53553554    -0.00000028
 35.63563564    -0.00001098
 35.73573574    -0.00002118
 35.83583584    -0.00003089
 35.93593594    -0.00004010
 36.03603604    -0.00004883
 36.13613614    -0.00005708
 36.23623624    -0.00006486
 36.33633634    -0.00007216
 36.43643644    -0.00007901
 36.53653654    -0.00008541
 36.63663664    -0.00009136
 36.73673674    -0.00009687
 36.83683684    -0.00010196
 36.93693694    -0.00010664
 37.03703704    -0.00011090
 37.13713714    -0.00011477
 37.23723724    -0.00011825
 37.33733734    -0.00012136
 37.43743744    -0.00012409
 37.53753754    -0.00012648
 37.63763764    -0.00012852
 37.73773774    -0.00013023
 37.83783784    -0.00013162
 37.93793794    -0.00013270
 38.03803804    -0.00013348
 38.13813814    -0.00013398
 38.23823824    -0.00013420
 38.33833834    -0.00013416
 38.43843844    -0.00013387
 38.53853854    -0.00013334
 38.63863864    -0.00013259
 38.73873874    -0.00013161
 38.83883884    -0.00013043
 38.93893894    -0.00012906
 39.03903904    -0.00012751
 39.13913914    -0.00012578
 39.23923924    -0.00012389
 39.33933934    -0.00012185
 39.43943944    -0.00011968
 39.53953954    -0.00011737
 39.63963964    -0.00011494
 39.73973974    -0.00011241
 39.83983984    -0.00010977
 39.93993994    -0.00010705
 40.04004004    -0.00010424
 40.14014014    -0.00010136
 40.24024024    -0.00009841
 40.34034034    -0.00009541
 40.44044044    -0.00009237
 40.54054054    -0.00008928
 40.64064064    -0.00008617
 40.74074074    -0.00008302
 40.84084084    -0.00007987
 40.94094094    -0.00007670
 41.04104104    -0.00007352
 41.14114114    -0.00007035
 41.24124124    -0.00006719
 41.34134134    -0.00006405
 41.44144144    -0.00006092
 41.54154154    -0.00005781
 41.64164164    -0.00005474
 41.74174174    -0.00005170
 41.84184184    -0.00004870
 41.94194194    -0.00004574
 42.04204204    -0.00004283
 42.14214214    -0.00003997
 42.24224224    -0.00003716
 42.34234234    -0.00003441
 42.44244244    -0.00003172
 42.54254254    -0.00002909
 42.64264264    -0.00002652
 42.74274274    -0.00002402
 42.84284284    -0.00002159
 42.94294294    -0.00001923
 43.04304304    -0.00001694
 43.14314314    -0.00001472
 43.24324324    -0.00001258
 43.34334334    -0.00001051
 43.44344344    -0.00000852
 43.54354354    -0.00000660
 43.64364364    -0.00000476
 43.74374374    -0.00000300
 43.84384384    -0.00000131
 43.94394394     0.00000030
 44.04404404     0.00000183
 44.14414414     0.00000329
 44.24424424     0.00000467
 44.34434434     0.00000598
 44.44444444     0.00000722
 44.54454454     0.00000838
 44.64464464     0.00000947
 44.74474474     0.00001049
 44.84484484     0.00001144
 44.94494494     0.00001232
 45.04504505     0.00001313
 45.14514515     0.00001388
 45.24524525     0.00001457
 45.34534535     0.00001519
 45.44544545     0.00001575
 45.54554555     0.00001625
 45.64564565     0.00001670
 45.74574575     0.00001708
 45.84584585     0.00001742
 45.94594595     0.00001770
 46.04604605     0.00001793
 46.14614615     0.00001811
 46.24624625     0.00001825
 46.34634635     0.00001834
 46.44644645     0.00001839
 46.54654655     0.00001840
 46.64664665     0.00001836
 46.74674675     0.00001830
 46.84684685     0.00001819
 46.94694695     0.00001805
 47.04704705     0.00001788
 47.14714715     0.00001768
 47.24724725     0.00001746
 47.34734735     0.00001720
 47.44744745     0.00001692
 47.54754755     0.00001662
 47.64764765     0.00001630
 47.74774775     0.00001596
 47.84784785     0.00001560
 47.94794795     0.00001522
 48.04804805     0.00001483
 48.14814815     0.00001443
 48.24824825     0.00001401
 48.34834835     0.00001359
 48.44844845     0.00001315
 48.54854855     0.00001271
 48.64864865     0.00001226
 48.74874875     0.00001181
 48.84884885     0.00001135
 48.94894895     0.00001089
 49.04904905     0.00001043
 49.14914915     0.00000997
 49.24924925     0.00000951
 49.34934935     0.00000905
 49.44944945     0.00000859
 49.54954955     0.00000813
 49.64964965     0.00000768
 49.74974975     0.00000724
 49.84984985     0.00000680
 49.94994995     0.00000637
 50.05005005     0.00000594
 50.15015015     0.00000552
 50.25025025     0.00000511
 50.35035035     0.00000471
 50.45045045     0.00000432
 50.55055055     0.00000393
 50.65065065     0.00000356
 50.75075075     0.00000320
 50.85085085     0.00000285
 50.95095095     0.00000250
 51.05105105     0.00000217
 51.15115115     0.00000185
 51.25125125     0.00000155
 51.35135135     0.00000125
 51.45145145     0.00000096
 51.55155155     0.00000069
 51.65165165     0.00000043
 51.75175175     0.00000018
 51.85185185    -0.00000006
 51.95195195    -0.00000028
 52.05205205    -0.00000050
 52.15215215    -0.00000070
 52.25225225    -0.00000089
 52.35235235    -0.00000107
 52.45245245    -0.00000124
 52.55255255    -0.00000140
 52.65265265    -0.00000154
 52.75275275    -0.00000168
 52.85285285    -0.00000180
 52.95295295    -0.00000192
 53.05305305    -0.00000203
 53.15315315    -0.00000212
 53.25325325    -0.00000221
 53.35335335    -0.00000228
 53.45345345    -0.00000235
 53.55355355    -0.00000241
 53.65365365    -0.00000246
 53.75375375    -0.00000250
 53.85385385    -0.00000254
 53.95395395    -0.00000256
 54.05405405    -0.00000258
 54.15415415    -0.00000259
 54.25425425    -0.00000260
 54.35435435    -0.00000260
 54.45445445    -0.00000259
 54.55455455    -0.00000258
 54.65465465    -0.00000257
 54.75475475    -0.00000254
 54.85485485    -0.00000252
 54.95495495    -0.00000248
 55.05505506    -0.00000245
 55.15515516    -0.00000241
 55.25525526    -0.00000236
 55.35535536    -0.00000232
 55.45545546    -0.00000227
 55.55555556    -0.00000221
 55.65565566    -0.00000216
 55.75575576    -0.00000210
 55.85585586    -0.00000204
 55.95595596    -0.00000198
 56.05605606    -0.00000192
 56.15615616    -0.00000185
 56.25625626    -0.00000179
 56.35635636    -0.00000172
 56.45645646    -0.00000165
 56.55655656    -0.00000158
 56.65665666    -0.00000152
 56.75675676    -0.00000145
 56.85685686    -0.00000138
 56.95695696    -0.00000131
 57.05705706    -0.00000124
 57.15715716    -0.00000117
 57.25725726    -0.00000111
 57.35735736    -0.00000104
 57.45745746    -0.00000098
 57.55755756    -0.00000091
 57.65765766    -0.00000085
 57.75775776    -0.00000079
 57.85785786    -0.00000072
 57.95795796    -0.00000066
 58.05805806    -0.00000061
 58.15815816    -0.00000055
 58.25825826    -0.00000049
 58.35835836    -0.00000044
 58.45845846    -0.00000039
 58.55855856    -0.00000034
 58.65865866    -0.00000029
 58.75875876    -0.00000024
 58.85885886    -0.00000020
 58.95895896    -0.00000015
 59.05905906    -0.00000011
 59.15915916    -0.00000007
 59.25925926    -0.00000003
 59.35935936     0.00000000
 59.45945946     0.00000004
 59.55955956     0.00000007
 59.65965966     0.00000010
 59.75975976     0.00000013
 59.85985986     0.00000015
 59.95995996     0.00000018
 60.06006006     0.00000020
 60.16016016     0.00000023
 60.26026026     0.00000025
 60.36036036     0.00000026
 60.46046046     0.00000028
 60.56056056     0.00000030
 60.66066066     0.00000031
 60.76076076     0.00000032
 60.86086086     0.00000033
 60.96096096     0.00000034
 61.06106106     0.00000035
 61.16116116     0.00000036
 61.26126126     0.00000036
 61.36136136     0.00000037
 61.46146146     0.00000037
 61.56156156     0.00000037
 61.66166166     0.00000038
 61.76176176     0.00000038
 61.86186186     0.00000038
 61.96196196     0.00000037
 62.06206206     0.00000037
 62.16216216     0.00000037
 62.26226226     0.00000036
 62.36236236     0.00000036
 62.46246246     0.00000035
 62.56256256     0.00000035
 62.66266266     0.00000034
 62.76276276     0.00000033
 62.86286286     0.00000033
 62.96296296     0.00000032
 63.06306306     0.00000031
 63.16316316     0.00000030
 63.26326326     0.00000029
 63.36336336     0.00000028
 63.46346346     0.00000027
 63.56356356     0.00000026
 63.66366366     0.00000025
 63.76376376     0.00000024
 63.86386386     0.00000023
 63.96396396     0.00000022
 64.06406406     0.00000021
 64.16416416     0.00000020
 64.26426426     0.00000019
 64.36436436     0.00000018
 64.46446446     0.00000017
 64.56456456     0.00000016
 64.66466466     0.00000015
 64.76476476     0.00000014
 64.86486486     0.00000013
 64.96496496     0.00000012
 65.06506507     0.00000011
 65.16516517     0.00000010
 65.26526527     0.00000009
 65.36536537     0.00000009
 65.46546547     0.00000008
 65.56556557     0.00000007
 65.66566567     0.00000006
 65.76576577     0.00000005
 65.86586587     0.00000005
 65.96596597     0.00000004
 66.06606607     0.00000003
 66.16616617     0.00000002
 66.26626627     0.00000002
 66.36636637     0.00000001
 66.46646647     0.00000001
 66.56656657     0.00000000
 66.66666667    -0.00000000
 66.76676677    -0.00000001
 66.86686687    -0.00000001
 66.96696697    -0.00000002
 67.06706707    -0.00000002
 67.16716717    -0.00000003
 67.26726727    -0.00000003
 67.36736737    -0.00000003
 67.46746747    -0.00000004
 67.56756757    -0.00000004
 67.66766767    -0.00000004
 67.76776777    -0.00000004
 67.86786787    -0.00000005
 67.96796797    -0.00000005
 68.06806807    -0.00000005
 68.16816817    -0.00000005
 68.26826827    -0.00000005
 68.36836837    -0.00000005
 68.46846847    -0.00000005
 68.56856857    -0.00000005
 68.66866867    -0.00000005
 68.76876877    -0.00000006
 68.86886887    -0.00000006
 68.96896897    -0.00000006
 69.06906907    -0.00000005
 69.16916917    -0.00000005
 69.26926927    -0.00000005
 69.36936937    -0.00000005
 69.46946947    -0.00000005
 69.56956957    -0.00000005
 69.66966967    -0.00000005
 69.76976977    -0.00000005
 69.86986987    -0.00000005
 69.96996997    -0.00000005
 70.07007007    -0.00000005
 70.17017017    -0.00000005
 70.27027027    -0.00000004
 70.37037037    -0.00000004
 70.47047047    -0.00000004
 70.57057057    -0.00000004
 70.67067067    -0.00000004
 70.77077077    -0.00000004
 70.87087087    -0.00000004
 70.97097097    -0.00000003
 71.07107107    -0.00000003
 71.17117117    -0.00000003
 71.27127127    -0.00000003
 71.37137137    -0.00000003
 71.47147147    -0.00000003
 71.57157157    -0.00000002
 71.67167167    -0.00000002
 71.77177177    -0.00000002
 71.87187187    -0.00000002
 71.97197197    -0.00000002
 72.07207207    -0.00000002
 72.17217217    -0.00000002
 72.27227227    -0.00000001
 72.37237237    -0.00000001
 72.47247247    -0.00000001
 72.57257257    -0.00000001
 72.67267267    -0.00000001
 72.77277277    -0.00000001
 72.87287287    -0.00000001
 72.97297297    -0.00000001
 73.07307307    -0.00000000
 73.17317317    -0.00000000
 73.27327327    -0.00000000
 73.37337337    -0.00000000
 73.47347347    -0.00000000
 73.57357357     0.00000000
 73.67367367     0.00000000
 73.77377377     0.00000000
 73.87387387     0.00000000
 73.97397397     0.00000000
 74.07407407     0.00000000
 74.17417417     0.00000000
 74.27427427     0.00000000
 74.37437437     0.00000001
 74.47447447     0.00000001
 74.57457457     0.00000001
 74.67467467     0.00000001
 74.77477477     0.00000001
 74.87487487     0.00000001
 74.97497497     0.00000001
 75.07507508     0.00000001
 75.17517518     0.00000001
 75.27527528     0.00000001
 75.37537538     0.00000001
 75.47547548     0.00000001
 75.57557558     0.00000001
 75.67567568     0.00000001
 75.77577578     0.00000001
 75.87587588     0.00000001
 75.97597598     0.00000001
 76.07607608     0.00000001
 76.17617618     0.00000001
 76.27627628     0.00000001
 76.37637638     0.00000001
 76.47647648     0.00000001
 76.57657658     0.00000001
 76.67667668     0.00000001
 76.77677678     0.00000001
 76.87687688     0.00000001
 76.97697698     0.00000001
 77.07707708     0.00000001
 77.17717718     0.00000001
 77.27727728     0.00000001
 77.37737738     0.00000001
 77.47747748     0.00000001
 77.57757758     0.00000001
 77.67767768     0.00000001
 77.77777778     0.00000001
 77.87787788     0.00000000
 77.97797798     0.00000000
 78.07807808     0.00000000
 78.17817818     0.00000000
 78.27827828     0.00000000
 78.37837838     0.00000000
 78.47847848     0.00000000
 78.57857858     0.00000000
 78.67867868     0.00000000
 78.77877878     0.00000000
 78.87887888     0.00000000
 78.97897898     0.00000000
 79.07907908     0.00000000
 79.17917918     0.00000000
 79.27927928     0.00000000
 79.37937938     0.00000000
 79.47947948     0.00000000
 79.57957958     0.00000000
 79.67967968     0.00000000
 79.77977978     0.00000000
 79.87987988     0.00000000
 79.97997998     0.00000000
 80.08008008     0.00000000
 80.18018018     0.00000000
 80.28028028     0.00000000
 80.38038038    -0.00000000
 80.48048048    -0.00000000
 80.58058058    -0.00000000
 80.68068068    -0.00000000
 80.78078078    -0.00000000
 80.88088088    -0.00000000
 80.98098098    -0.00000000
 81.08108108    -0.00000000
 81.18118118    -0.00000000
 81.28128128    -0.00000000
 81.38138138    -0.00000000
 81.48148148    -0.00000000
 81.58158158    -0.00000000
 81.68168168    -0.00000000
 81.78178178    -0.00000000
 81.88188188    -0.00000000
 81.98198198    -0.00000000
 82.08208208    -0.00000000
 82.18218218    -0.00000000
 82.28228228    -0.00000000
 82.38238238    -0.00000000
 82.48248248    -0.00000000
 82.58258258    -0.00000000
 82.68268268    -0.00000000
 82.78278278    -0.00000000
 82.88288288    -0.00000000
 82.98298298    -0.00000000
 83.08308308    -0.00000000
 83.18318318    -0.00000000
 83.28328328    -0.00000000
 83.38338338    -0.00000000
 83.48348348    -0.00000000
 83.58358358    -0.00000000
 83.68368368    -0.00000000
 83.78378378    -0.00000000
 83.88388388    -0.00000000
 83.98398398    -0.00000000
 84.08408408    -0.00000000
 84.18418418    -0.00000000
 84.28428428    -0.00000000
 84.38438438    -0.00000000
 84.48448448    -0.00000000
 84.58458458    -0.00000000
 84.68468468    -0.00000000
 84.78478478    -0.00000000
 84.88488488    -0.00000000
 84.98498498    -0.00000000
 85.08508509    -0.00000000
 85.18518519    -0.00000000
 85.28528529    -0.00000000
 85.38538539    -0.00000000
 85.48548549    -0.00000000
 85.58558559    -0.00000000
 85.68568569    -0.00000000
 85.78578579    -0.00000000
 85.88588589    -0.00000000
 85.98598599    -0.00000000
 86.08608609    -0.00000000
 86.18618619    -0.00000000
 86.28628629    -0.00000000
 86.38638639    -0.00000000
 86.48648649    -0.00000000
 86.58658659    -0.00000000
 86.68668669    -0.00000000
 86.78678679    -0.00000000
 86.88688689    -0.00000000
 86.98698699     0.00000000
 87.08708709     0.00000000
 87.18718719     0.00000000
 87.28728729     0.00000000
 87.38738739     0.00000000
 87.48748749     0.00000000
 87.58758759     0.00000000
 87.68768769     0.00000000
 87.78778779     0.00000000
 87.88788789     0.00000000
 87.98798799     0.00000000
 88.08808809     0.00000000
 88.18818819     0.00000000
 88.28828829     0.00000000
 88.38838839     0.00000000
 88.48848849     0.00000000
 88.58858859     0.00000000
 88.68868869     0.00000000
 88.78878879     0.00000000
 88.88888889     0.00000000
 88.98898899     0.00000000
 89.08908909     0.00000000
 89.18918919     0.00000000
 89.28928929     0.00000000
 89.38938939     0.00000000
 89.48948949     0.00000000
 89.58958959     0.00000000
 89.68968969     0.00000000
 89.78978979     0.00000000
 89.88988989     0.00000000
 89.98998999     0.00000000
 90.09009009     0.00000000
 90.19019019     0.00000000
 90.29029029     0.00000000
 90.39039039     0.00000000
 90.49049049     0.00000000
 90.59059059     0.00000000
 90.69069069     0.00000000
 90.79079079     0.00000000
 90.89089089     0.00000000
 90.99099099     0.00000000
 91.09109109     0.00000000
 91.19119119     0.00000000
 91.29129129     0.00000000
 91.39139139     0.00000000
 91.49149149     0.00000000
 91.59159159     0.00000000
 91.69169169     0.00000000
 91.79179179     0.00000000
 91.89189189     0.00000000
 91.99199199     0.00000000
 92.09209209     0.00000000
 92.19219219     0.00000000
 92.29229229     0.00000000
 92.39239239     0.00000000
 92.49249249     0.00000000
 92.59259259     0.00000000
 92.69269269     0.00000000
 92.79279279     0.00000000
 92.89289289     0.00000000
 92.99299299     0.00000000
 93.09309309     0.00000000
 93.19319319     0.00000000
 93.29329329     0.00000000
 93.39339339    -0.00000000
 93.49349349    -0.00000000
 93.59359359    -0.00000000
 93.69369369    -0.00000000
 93.79379379    -0.00000000
 93.89389389    -0.00000000
 93.99399399    -0.00000000
 94.09409409    -0.00000000
 94.19419419    -0.00000000
 94.29429429    -0.00000000
 94.39439439    -0.00000000
 94.49449449    -0.00000000
 94.59459459    -0.00000000
 94.69469469    -0.00000000
 94.79479479    -0.00000000
 94.89489489    -0.00000000
 94.99499499    -0.00000000
 95.09509510    -0.00000000
 95.19519520    -0.00000000
 95.29529530    -0.00000000
 95.39539540    -0.00000000
 95.49549550    -0.00000000
 95.59559560    -0.00000000
 95.69569570    -0.00000000
 95.79579580    -0.00000000
 95.89589590    -0.00000000
 95.99599600    -0.00000000
 96.09609610    -0.00000000
 96.19619620    -0.00000000
 96.29629630    -0.00000000
 96.39639640    -0.00000000
 96.49649650    -0.00000000
 96.59659660    -0.00000000
 96.69669670    -0.00000000
 96.79679680    -0.00000000
 96.89689690    -0.00000000
 96.99699700    -0.00000000
 97.09709710    -0.00000000
 97.19719720    -0.00000000
 97.29729730    -0.00000000
 97.39739740    -0.00000000
 97.49749750    -0.00000000
 97.59759760    -0.00000000
 97.69769770    -0.00000000
 97.79779780    -0.00000000
 97.89789790    -0.00000000
 97.99799800    -0.00000000
 98.09809810    -0.00000000
 98.19819820    -0.00000000
 98.29829830    -0.00000000
 98.39839840    -0.00000000
 98.49849850    -0.00000000
 98.59859860    -0.00000000
 98.69869870    -0.00000000
 98.79879880    -0.00000000
 98.89889890    -0.00000000
 98.99899900    -0.00000000
 99.09909910    -0.00000000
 99.19919920    -0.00000000
 99.29929930    -0.00000000
 99.39939940    -0.00000000
 99.49949950    -0.00000000
 99.59959960    -0.00000000
 99.69969970     0.00000000
 99.79979980     0.00000000
 99.89989990     0.00000000
100.00000000     0.00000000
