  0.00000000    -0.38223732
  0.10010010    -0.36823732
  0.20020020    -0.35447350
  0.30030030    -0.34094585
  0.40040040    -0.32765432
  0.50050050    -0.31459874
  0.60060060    -0.30177892
  0.70070070    -0.28919457
  0.80080080    -0.27684532
  0.90090090    -0.26473077
  1.00100100    -0.25285040
  1.10110110    -0.24120367
  1.20120120    -0.22978992
  1.30130130    -0.21860847
  1.40140140    -0.20765854
  1.50150150    -0.19693929
  1.60160160    -0.18644981
  1.70170170    -0.17618914
  1.80180180    -0.16615623
  1.90190190    -0.15634998
  2.00200200    -0.14676922
  2.10210210    -0.13741273
  2.20220220    -0.12827920
  2.30230230    -0.11936727
  2.40240240    -0.11067554
  2.50250250    -0.10220252
  2.60260260    -0.09394668
  2.70270270    -0.08590642
  2.80280280    -0.07808008
  2.90290290    -0.07046596
  3.00300300    -0.06306229
  3.10310310    -0.05586726
  3.20320320    -0.04887899
  3.30330330    -0.04209557
  3.40340340    -0.03551501
  3.50350350    -0.02913531
  3.60360360    -0.02295438
  3.70370370    -0.01697011
  3.80380380    -0.01118034
  3.90390390    -0.00558287
  4.00400400    -0.00017545
  4.10410410     0.00504422
  4.20420420     0.01007845
  4.30430430     0.01492962
  4.40440440     0.01960013
  4.50450450     0.02409242
  4.60460460     0.02840896
  4.70470470     0.03255225
  4.80480480     0.03652484
  4.90490490     0.04032928
  5.00500501     0.04396818
  5.10510511     0.04744414
  5.20520521     0.05075982
  5.30530531     0.05391788
  5.40540541     0.05692100
  5.50550551     0.05977191
  5.60560561     0.06247332
  5.70570571     0.06502799
  5.80580581     0.06743867
  5.90590591     0.06970813
  6.00600601     0.07183916
  6.10610611     0.07383457
  6.20620621     0.07569714
  6.30630631     0.07742971
  6.40640641     0.07903508
  6.50650651     0.08051609
  6.60660661     0.08187556
  6.70670671     0.08311632
  6.80680681     0.08424119
  6.90690691     0.08525302
  7.00700701     0.08615462
  7.10710711     0.08694881
  7.20720721     0.08763840
  7.30730731     0.08822622
  7.40740741     0.08871505
  7.50750751     0.08910768
  7.60760761     0.08940690
  7.70770771     0.08961546
  7.80780781     0.08973613
  7.90790791     0.08977162
  8.00800801     0.08972467
  8.10810811     0.08959798
  8.20820821     0.08939423
  8.30830831     0.08911607
  8.40840841     0.08876616
  8.50850851     0.08834711
  8.60860861     0.08786151
  8.70870871     0.08731194
  8.80880881     0.08670094
  8.90890891     0.08603102
  9.00900901     0.08530468
  9.10910911     0.08452437
  9.20920921     0.08369253
  9.30930931     0.08281156
  9.40940941     0.08188382
  9.50950951     0.08091165
  9.60960961     0.07989736
  9.70970971     0.07884321
  9.80980981     0.07775143
  9.90990991     0.07662424
 10.01001001     0.07546378
 10.11011011     0.07427219
 10.21021021     0.07305155
 10.31031031     0.07180391
 10.41041041     0.07053129
 10.51051051     0.06923566
 10.61061061     0.06791896
 10.71071071     0.06658307
 10.81081081     0.06522985
 10.91091091     0.06386112
 11.01101101     0.06247865
 11.11111111     0.06108416
 11.21121121     0.05967934
 11.31131131     0.05826585
 11.41141141     0.05684530
 11.51151151     0.05541923
 11.61161161     0.05398918
 11.71171171     0.05255662
 11.81181181     0.05112299
 11.91191191     0.04968968
 12.01201201     0.04825805
 12.11211211     0.04682940
 12.21221221     0.04540500
 12.31231231     0.04398607
 12.41241241     0.04257381
 12.51251251     0.04116934
 12.61261261     0.03977376
 12.71271271     0.03838814
 12.81281281     0.03701349
 12.91291291     0.03565078
 13.01301301     0.03430094
 13.11311311     0.03296488
 13.21321321     0.03164343
 13.31331331     0.03033742
 13.41341341     0.02904762
 13.51351351     0.02777475
 13.61361361     0.02651953
 13.71371371     0.02528260
 13.81381381     0.02406458
 13.91391391     0.02286606
 14.01401401     0.02168758
 14.11411411     0.02052965
 14.21421421     0.01939276
 14.31431431     0.01827732
 14.41441441     0.01718376
 14.51451451     0.01611244
 14.61461461     0.01506369
 14.71471471     0.01403783
 14.81481481     0.01303512
 14.91491491     0.01205581
 15.01501502     0.01110010
 15.11511512     0.01016819
 15.21521522     0.00926021
 15.31531532     0.00837630
 15.41541542     0.00751654
 15.51551552     0.00668100
 15.61561562     0.00586973
 15.71571572     0.00508274
 15.81581582     0.00432002
 15.91591592     0.00358153
 16.01601602     0.00286723
 16.11611612     0.00217702
 16.21621622     0.00151080
 16.31631632     0.00086845
 16.41641642     0.00024983
 16.51651652    -0.00034523
 16.61661662    -0.00091691
 16.71671672    -0.00146542
 16.81681682    -0.00199098
 16.91691692    -0.00249382
 17.01701702    -0.00297419
 17.11711712    -0.00343237
 17.21721722    -0.00386864
 17.31731732    -0.00428329
 17.41741742    -0.00467664
 17.51751752    -0.00504900
 17.61761762    -0.00540072
 17.71771772    -0.00573214
 17.81781782    -0.00604361
 17.91791792    -0.00633551
 18.01801802    -0.00660820
 18.11811812    -0.00686208
 18.21821822    -0.00709752
 18.31831832    -0.00731494
 18.41841842    -0.00751474
 18.51851852    -0.00769733
 18.61861862    -0.00786312
 18.71871872    -0.00801254
 18.81881882    -0.00814601
 18.91891892    -0.00826396
 19.01901902    -0.00836682
 19.11911912    -0.00845503
 19.21921922    -0.00852901
 19.31931932    -0.00858922
 19.41941942    -0.00863609
 19.51951952    -0.00867004
 19.61961962    -0.00869153
 19.71971972    -0.00870099
 19.81981982    -0.00869886
 19.91991992    -0.00868557
 20.02002002    -0.00866155
 20.12012012    -0.00862723
 20.22022022    -0.00858304
 20.32032032    -0.00852941
 20.42042042    -0.00846675
 20.52052052    -0.00839548
 20.62062062    -0.00831602
 20.72072072    -0.00822877
 20.82082082    -0.00813412
 20.92092092    -0.00803249
 21.02102102    -0.00792427
 21.12112112    -0.00780983
 21.22122122    -0.00768955
 21.32132132    -0.00756382
 21.42142142    -0.00743300
 21.52152152    -0.00729745
 21.62162162    -0.00715751
 21.72172172    -0.00701355
 21.82182182    -0.00686589
 21.92192192    -0.00671487
 22.02202202    -0.00656082
 22.12212212    -0.00640404
 22.22222222    -0.00624484
 22.32232232    -0.00608354
 22.42242242    -0.00592041
 22.52252252    -0.00575574
 22.62262262    -0.00558981
 22.72272272    -0.00542288
 22.82282282    -0.00525522
 22.92292292    -0.00508707
 23.02302302    -0.00491868
 23.12312312    -0.00475028
 23.22322322    -0.00458210
 23.32332332    -0.00441434
 23.42342342    -0.00424723
 23.52352352    -0.00408096
 23.62362362    -0.00391572
 23.72372372    -0.00375169
 23.82382382    -0.00358906
 23.92392392    -0.00342799
 24.02402402    -0.00326863
 24.12412412    -0.00311115
 24.22422422    -0.00295567
 24.32432432    -0.00280234
 24.42442442    -0.00265128
 24.52452452    -0.00250261
 24.62462462    -0.00235645
 24.72472472    -0.00221290
 24.82482482    -0.00207205
 24.92492492    -0.00193400
 25.02502503    -0.00179883
 25.12512513    -0.00166662
 25.22522523    -0.00153743
 25.32532533    -0.00141132
 25.42542543    -0.00128836
 25.52552553    -0.00116860
 25.62562563    -0.00105207
 25.72572573    -0.00093881
 25.82582583    -0.00082886
 25.92592593    -0.00072224
 26.02602603    -0.00061897
 26.12612613    -0.00051907
 26.22622623    -0.00042255
 26.32632633    -0.00032940
 26.42642643    -0.00023964
 26.52652653    -0.00015326
 26.62662663    -0.00007024
 26.72672673     0.00000942
 26.82682683     0.00008575
 26.92692693     0.00015876
 27.02702703     0.00022848
 27.12712713     0.00029495
 27.22722723     0.00035819
 27.32732733     0.00041824
 27.42742743     0.00047513
 27.52752753     0.00052892
 27.62762763     0.00057965
 27.72772773     0.00062736
 27.82782783     0.00067210
 27.92792793     0.00071393
 28.02802803     0.00075291
 28.12812813     0.00078908
 28.22822823     0.00082251
 28.32832833     0.00085325
 28.42842843     0.00088138
 28.52852853     0.00090695
 28.62862863     0.00093003
 28.72872873     0.00095068
 28.82882883     0.00096898
 28.92892893     0.00098498
 29.02902903     0.00099876
 29.12912913     0.00101038
 29.22922923     0.00101992
 29.32932933     0.00102745
 29.42942943     0.00103303
 29.52952953     0.00103674
 29.62962963     0.00103865
 29.72972973     0.00103882
 29.82982983     0.00103734
 29.92992993     0.00103426
 30.03003003     0.00102966
 30.13013013     0.00102360
 30.23023023     0.00101617
 30.33033033     0.00100742
 30.43043043     0.00099742
 30.53053053     0.00098623
 30.63063063     0.00097394
 30.73073073     0.00096059
 30.83083083     0.00094626
 30.93093093     0.00093101
 31.03103103     0.00091489
 31.13113113     0.00089798
 31.23123123     0.00088032
 31.33133133     0.00086198
 31.43143143     0.00084302
 31.53153153     0.00082350
 31.63163163     0.00080345
 31.73173173     0.00078295
 31.83183183     0.00076204
 31.93193193     0.00074078
 32.03203203     0.00071920
 32.13213213     0.00069737
 32.23223223     0.00067531
 32.33233233     0.00065309
 32.43243243     0.00063074
 32.53253253     0.00060831
 32.63263263     0.00058583
 32.73273273     0.00056335
 32.83283283     0.00054089
 32.93293293     0.00051850
 33.03303303     0.00049621
 33.13313313     0.00047405
 33.23323323     0.00045205
 33.33333333     0.00043025
 33.43343343     0.00040867
 33.53353353     0.00038733
 33.63363363     0.00036627
 33.73373373     0.00034550
 33.83383383     0.00032504
 33.93393393     0.00030493
 34.03403403     0.00028517
 34.13413413     0.00026579
 34.23423423     0.00024680
 34.33433433     0.00022822
 34.43443443     0.00021006
 34.53453453     0.00019233
 34.63463463     0.00017505
 34.73473473     0.00015822
 34.83483483     0.00014186
 34.93493493     0.00012598
 35.03503504     0.00011057
 35.13513514     0.00009565
 35.23523524     0.00008122
 35.33533534     0.00006728
 35.43543544     0.00005384
 35.53553554     0.00004090
 35.63563564     0.00002846
 35.73573574     0.00001651
 35.83583584     0.00000507
 35.93593594    -0.00000587
 36.03603604    -0.00001632
 36.13613614    -0.00002628
 36.23623624    -0.00003575
 36.33633634    -0.00004474
 36.43643644    -0.00005324
 36.53653654    -0.00006128
 36.63663664    -0.00006885
 36.73673674    -0.00007595
 36.83683684    -0.00008261
 36.93693694    -0.00008882
 37.03703704    -0.00009459
 37.13713714    -0.00009994
 37.23723724    -0.00010487
 37.33733734    -0.00010939
 37.43743744    -0.00011350
 37.53753754    -0.00011723
 37.63763764    -0.00012058
 37.73773774    -0.00012356
 37.83783784    -0.00012618
 37.93793794    -0.00012846
 38.03803804    -0.00013040
 38.13813814    -0.00013201
 38.23823824    -0.00013331
 38.33833834    -0.00013430
 38.43843844    -0.00013501
 38.53853854    -0.00013543
 38.63863864    -0.00013559
 38.73873874    -0.00013549
 38.83883884    -0.00013514
 38.93893894    -0.00013456
 39.03903904    -0.00013375
 39.13913914    -0.00013274
 39.23923924    -0.00013152
 39.33933934    -0.00013011
 39.43943944    -0.00012852
 39.53953954    -0.00012677
 39.63963964    -0.00012486
 39.73973974    -0.00012280
 39.83983984    -0.00012060
 39.93993994    -0.00011828
 40.04004004    -0.00011584
 40.14014014    -0.00011329
 40.24024024    -0.00011064
 40.34034034    -0.00010791
 40.44044044    -0.00010509
 40.54054054    -0.00010221
 40.64064064    -0.00009926
 40.74074074    -0.00009626
 40.84084084    -0.00009321
 40.94094094    -0.00009012
 41.04104104    -0.00008700
 41.14114114    -0.00008386
 41.24124124    -0.00008070
 41.34134134    -0.00007753
 41.44144144    -0.00007436
 41.54154154    -0.00007118
 41.64164164    -0.00006802
 41.74174174    -0.00006487
 41.84184184    -0.00006174
 41.94194194    -0.00005864
 42.04204204    -0.00005556
 42.14214214    -0.00005251
 42.24224224    -0.00004951
 42.34234234    -0.00004654
 42.44244244    -0.00004363
 42.54254254    -0.00004076
 42.64264264    -0.00003794
 42.74274274    -0.00003518
 42.84284284    -0.00003248
 42.94294294    -0.00002984
 43.04304304    -0.00002726
 43.14314314    -0.00002474
 43.24324324    -0.00002230
 43.34334334    -0.00001992
 43.44344344    -0.00001762
 43.54354354    -0.00001538
 43.64364364    -0.00001322
 43.74374374    -0.00001113
 43.84384384    -0.00000912
 43.94394394    -0.00000718
 44.04404404    -0.00000532
 44.14414414    -0.00000354
 44.24424424    -0.00000183
 44.34434434    -0.00000019
 44.44444444     0.00000137
 44.54454454     0.00000285
 44.64464464     0.00000426
 44.74474474     0.00000559
 44.84484484     0.00000686
 44.94494494     0.00000804
 45.04504505     0.00000916
 45.14514515     0.00001021
 45.24524525     0.00001119
 45.34534535     0.00001209
 45.44544545     0.00001294
 45.54554555     0.00001371
 45.64564565     0.00001442
 45.74574575     0.00001507
 45.84584585     0.00001566
 45.94594595     0.00001619
 46.04604605     0.00001666
 46.14614615     0.00001708
 46.24624625     0.00001744
 46.34634635     0.00001774
 46.44644645     0.00001800
 46.54654655     0.00001821
 46.64664665     0.00001837
 46.74674675     0.00001848
 46.84684685     0.00001856
 46.94694695     0.00001859
 47.04704705     0.00001858
 47.14714715     0.00001853
 47.24724725     0.00001844
 47.34734735     0.00001833
 47.44744745     0.00001817
 47.54754755     0.00001799
 47.64764765     0.00001778
 47.74774775     0.00001754
 47.84784785     0.00001728
 47.94794795     0.00001699
 48.04804805     0.00001669
 48.14814815     0.00001636
 48.24824825     0.00001601
 48.34834835     0.00001564
 48.44844845     0.00001526
 48.54854855     0.00001487
 48.64864865     0.00001446
 48.74874875     0.00001404
 48.84884885     0.00001361
 48.94894895     0.00001318
 49.04904905     0.00001273
 49.14914915     0.00001228
 49.24924925     0.00001183
 49.34934935     0.00001137
 49.44944945     0.00001091
 49.54954955     0.00001045
 49.64964965     0.00000999
 49.74974975     0.00000953
 49.84984985     0.00000907
 49.94994995     0.00000861
 50.05005005     0.00000816
 50.15015015     0.00000771
 50.25025025     0.00000726
 50.35035035     0.00000682
 50.45045045     0.00000639
 50.55055055     0.00000596
 50.65065065     0.00000555
 50.75075075     0.00000514
 50.85085085     0.00000474
 50.95095095     0.00000434
 51.05105105     0.00000396
 51.15115115     0.00000359
 51.25125125     0.00000322
 51.35135135     0.00000287
 51.45145145     0.00000253
 51.55155155     0.00000220
 51.65165165     0.00000188
 51.75175175     0.00000157
 51.85185185     0.00000127
 51.95195195     0.00000099
 52.05205205     0.00000071
 52.15215215     0.00000045
 52.25225225     0.00000020
 52.35235235    -0.00000004
 52.45245245    -0.00000026
 52.55255255    -0.00000048
 52.65265265    -0.00000068
 52.75275275    -0.00000088
 52.85285285    -0.00000106
 52.95295295    -0.00000123
 53.05305305    -0.00000139
 53.15315315    -0.00000154
 53.25325325    -0.00000167
 53.35335335    -0.00000180
 53.45345345    -0.00000192
 53.55355355    -0.00000203
 53.65365365    -0.00000212
 53.75375375    -0.00000221
 53.85385385    -0.00000229
 53.95395395    -0.00000236
 54.05405405    -0.00000242
 54.15415415    -0.00000247
 54.25425425    -0.00000252
 54.35435435    -0.00000255
 54.45445445    -0.00000258
 54.55455455    -0.00000260
 54.65465465    -0.00000262
 54.75475475    -0.00000263
 54.85485485    -0.00000263
 54.95495495    -0.00000262
 55.05505506    -0.00000261
 55.15515516    -0.00000260
 55.25525526    -0.00000258
 55.35535536    -0.00000255
 55.45545546    -0.00000252
 55.55555556    -0.00000249
 55.65565566    -0.00000245
 55.75575576    -0.00000241
 55.85585586    -0.00000236
 55.95595596    -0.00000231
 56.05605606    -0.00000226
 56.15615616    -0.00000221
 56.25625626    -0.00000215
 56.35635636    -0.00000209
 56.45645646    -0.00000203
 56.55655656    -0.00000197
 56.65665666    -0.00000190
 56.75675676    -0.00000184
 56.85685686    -0.00000177
 56.95695696    -0.00000171
 57.05705706    -0.00000164
 57.15715716    -0.00000157
 57.25725726    -0.00000150
 57.35735736    -0.00000143
 57.45745746    -0.00000136
 57.55755756    -0.00000130
 57.65765766    -0.00000123
 57.75775776    -0.00000116
 57.85785786    -0.00000109
 57.95795796    -0.00000103
 58.05805806    -0.00000096
 58.15815816    -0.00000090
 58.25825826    -0.00000083
 58.35835836    -0.00000077
 58.45845846    -0.00000071
 58.55855856    -0.00000065
 58.65865866    -0.00000059
 58.75875876    -0.00000054
 58.85885886    -0.00000048
 58.95895896    -0.00000043
 59.05905906    -0.00000038
 59.15915916    -0.00000033
 59.25925926    -0.00000028
 59.35935936    -0.00000023
 59.45945946    -0.00000019
 59.55955956    -0.00000015
 59.65965966    -0.00000010
 59.75975976    -0.00000007
 59.85985986    -0.00000003
 59.95995996     0.00000001
 60.06006006     0.00000004
 60.16016016     0.00000007
 60.26026026     0.00000010
 60.36036036     0.00000013
 60.46046046     0.00000016
 60.56056056     0.00000018
 60.66066066     0.00000021
 60.76076076     0.00000023
 60.86086086     0.00000025
 60.96096096     0.00000027
 61.06106106     0.00000029
 61.16116116     0.00000030
 61.26126126     0.00000031
 61.36136136     0.00000033
 61.46146146     0.00000034
 61.56156156     0.00000035
 61.66166166     0.00000036
 61.76176176     0.00000036
 61.86186186     0.00000037
 61.96196196     0.00000037
 62.06206206     0.00000038
 62.16216216     0.00000038
 62.26226226     0.00000038
 62.36236236     0.00000038
 62.46246246     0.00000038
 62.56256256     0.00000038
 62.66266266     0.00000038
 62.76276276     0.00000037
 62.86286286     0.00000037
 62.96296296     0.00000036
 63.06306306     0.00000036
 63.16316316     0.00000035
 63.26326326     0.00000035
 63.36336336     0.00000034
 63.46346346     0.00000033
 63.56356356     0.00000032
 63.66366366     0.00000031
 63.76376376     0.00000031
 63.86386386     0.00000030
 63.96396396     0.00000029
 64.06406406     0.00000028
 64.16416416     0.00000027
 64.26426426     0.00000026
 64.36436436     0.00000025
 64.46446446     0.00000024
 64.56456456     0.00000023
 64.66466466     0.00000022
 64.76476476     0.00000021
 64.86486486     0.00000020
 64.96496496     0.00000019
 65.06506507     0.00000018
 65.16516517     0.00000017
 65.26526527     0.00000016
 65.36536537     0.00000015
 65.46546547     0.00000014
 65.56556557     0.00000013
 65.66566567     0.00000012
 65.76576577     0.00000011
 65.86586587     0.00000010
 65.96596597     0.00000009
 66.06606607     0.00000008
 66.16616617     0.00000007
 66.26626627     0.00000006
 66.36636637     0.00000006
 66.46646647     0.00000005
 66.56656657     0.00000004
 66.66666667     0.00000003
 66.76676677     0.00000003
 66.86686687     0.00000002
 66.96696697     0.00000002
 67.06706707     0.00000001
 67.16716717     0.00000000
 67.26726727    -0.00000000
 67.36736737    -0.00000001
 67.46746747    -0.00000001
 67.56756757    -0.00000002
 67.66766767    -0.00000002
 67.76776777    -0.00000002
 67.86786787    -0.00000003
 67.96796797    -0.00000003
 68.06806807    -0.00000003
 68.16816817    -0.00000004
 68.26826827    -0.00000004
 68.36836837    -0.00000004
 68.46846847    -0.00000005
 68.56856857    -0.00000005
 68.66866867    -0.00000005
 68.76876877    -0.00000005
 68.86886887    -0.00000005
 68.96896897    -0.00000005
 69.06906907    -0.00000005
 69.16916917    -0.00000005
 69.26926927    -0.00000006
 69.36936937    -0.00000006
 69.46946947    -0.00000006
 69.56956957    -0.00000006
 69.66966967    -0.00000006
 69.76976977    -0.00000006
 69.86986987    -0.00000006
 69.96996997    -0.00000005
 70.07007007    -0.00000005
 70.17017017    -0.00000005
 70.27027027    -0.00000005
 70.37037037    -0.00000005
 70.47047047    -0.00000005
 70.57057057    -0.00000005
 70.67067067    -0.00000005
 70.77077077    -0.00000005
 70.87087087    -0.00000005
 70.97097097    -0.00000004
 71.07107107    -0.00000004
 71.17117117    -0.00000004
 71.27127127    -0.00000004
 71.37137137    -0.00000004
 71.47147147    -0.00000004
 71.57157157    -0.00000004
 71.67167167    -0.00000003
 71.77177177    -0.00000003
 71.87187187    -0.00000003
 71.97197197    -0.00000003
 72.07207207    -0.00000003
 72.17217217    -0.00000003
 72.27227227    -0.00000002
 72.37237237    -0.00000002
 72.47247247    -0.00000002
 72.57257257    -0.00000002
 72.67267267    -0.00000002
 72.77277277    -0.00000002
 72.87287287    -0.00000002
 72.97297297    -0.00000001
 73.07307307    -0.00000001
 73.17317317    -0.00000001
 73.27327327    -0.00000001
 73.37337337    -0.00000001
 73.47347347    -0.00000001
 73.57357357    -0.00000001
 73.67367367    -0.00000001
 73.77377377    -0.00000000
 73.87387387    -0.00000000
 73.97397397    -0.00000000
 74.07407407    -0.00000000
 74.17417417    -0.00000000
 74.27427427    -0.00000000
 74.37437437     0.00000000
 74.47447447     0.00000000
 74.57457457     0.00000000
 74.67467467     0.00000000
 74.77477477     0.00000000
 74.87487487     0.00000000
 74.97497497     0.00000000
 75.07507508     0.00000001
 75.17517518     0.00000001
 75.27527528     0.00000001
 75.37537538     0.00000001
 75.47547548     0.00000001
 75.57557558     0.00000001
 75.67567568     0.00000001
 75.77577578     0.00000001
 75.87587588     0.00000001
 75.97597598     0.00000001
 76.07607608     0.00000001
 76.17617618     0.00000001
 76.27627628     0.00000001
 76.37637638     0.00000001
 76.47647648     0.00000001
 76.57657658     0.00000001
 76.67667668     0.00000001
 76.77677678     0.00000001
 76.87687688     0.00000001
 76.97697698     0.00000001
 77.07707708     0.00000001
 77.17717718     0.00000001
 77.27727728     0.00000001
 77.37737738     0.00000001
 77.47747748     0.00000001
 77.57757758     0.00000001
 77.67767768     0.00000001
 77.77777778     0.00000001
 77.87787788     0.00000001
 77.97797798     0.00000001
 78.07807808     0.00000001
 78.17817818     0.00000001
 78.27827828     0.00000001
 78.37837838     0.00000001
 78.47847848     0.00000001
 78.57857858     0.00000001
 78.67867868     0.00000000
 78.77877878     0.00000000
 78.87887888     0.00000000
 78.97897898     0.00000000
 79.07907908     0.00000000
 79.17917918     0.00000000
 79.27927928     0.00000000
 79.37937938     0.00000000
 79.47947948     0.00000000
 79.57957958     0.00000000
 79.67967968     0.00000000
 79.77977978     0.00000000
 79.87987988     0.00000000
 79.97997998     0.00000000
 80.08008008     0.00000000
 80.18018018     0.00000000
 80.28028028     0.00000000
 80.38038038     0.00000000
 80.48048048     0.00000000
 80.58058058     0.00000000
 80.68068068     0.00000000
 80.78078078     0.00000000
 80.88088088     0.00000000
 80.98098098     0.00000000
 81.08108108     0.00000000
 81.18118118    -0.00000000
 81.28128128    -0.00000000
 81.38138138    -0.00000000
 81.48148148    -0.00000000
 81.58158158    -0.00000000
 81.68168168    -0.00000000
 81.78178178    -0.00000000
 81.88188188    -0.00000000
 81.98198198    -0.00000000
 82.08208208    -0.00000000
 82.18218218    -0.00000000
 82.28228228    -0.00000000
 82.38238238    -0.00000000
 82.48248248    -0.00000000
 82.58258258    -0.00000000
 82.68268268    -0.00000000
 82.78278278    -0.00000000
 82.88288288    -0.00000000
 82.98298298    -0.00000000
 83.08308308    -0.00000000
 83.18318318    -0.00000000
 83.28328328    -0.00000000
 83.38338338    -0.00000000
 83.48348348    -0.00000000
 83.58358358    -0.00000000
 83.68368368    -0.00000000
 83.78378378    -0.00000000
 83.88388388    -0.00000000
 83.98398398    -0.00000000
 84.08408408    -0.00000000
 84.18418418    -0.00000000
 84.28428428    -0.00000000
 84.38438438    -0.00000000
 84.48448448    -0.00000000
 84.58458458    -0.00000000
 84.68468468    -0.00000000
 84.78478478    -0.00000000
 84.88488488    -0.00000000
 84.98498498    -0.00000000
 85.08508509    -0.00000000
 85.18518519    -0.00000000
 85.28528529    -0.00000000
 85.38538539    -0.00000000
 85.48548549    -0.00000000
 85.58558559    -0.00000000
 85.68568569    -0.00000000
 85.78578579    -0.00000000
 85.88588589    -0.00000000
 85.98598599    -0.00000000
 86.08608609    -0.00000000
 86.18618619    -0.00000000
 86.28628629    -0.00000000
 86.38638639    -0.00000000
 86.48648649    -0.00000000
 86.58658659    -0.00000000
 86.68668669    -0.00000000
 86.78678679    -0.00000000
 86.88688689    -0.00000000
 86.98698699    -0.00000000
 87.08708709    -0.00000000
 87.18718719    -0.00000000
 87.28728729    -0.00000000
 87.38738739    -0.00000000
 87.48748749    -0.00000000
 87.58758759    -0.00000000
 87.68768769    -0.00000000
 87.78778779     0.00000000
 87.88788789     0.00000000
 87.98798799     0.00000000
 88.08808809     0.00000000
 88.18818819     0.00000000
 88.28828829     0.00000000
 88.38838839     0.00000000
 88.48848849     0.00000000
 88.58858859     0.00000000
 88.68868869     0.00000000
 88.78878879     0.00000000
 88.88888889     0.00000000
 88.98898899     0.00000000
 89.08908909     0.00000000
 89.18918919     0.00000000
 89.28928929     0.00000000
 89.38938939     0.00000000
 89.48948949     0.00000000
 89.58958959     0.00000000
 89.68968969     0.00000000
 89.78978979     0.00000000
 89.88988989     0.00000000
 89.98998999     0.00000000
 90.09009009     0.00000000
 90.19019019     0.00000000
 90.29029029     0.00000000
 90.39039039     0.00000000
 90.49049049     0.00000000
 90.59059059     0.00000000
 90.69069069     0.00000000
 90.79079079     0.00000000
 90.89089089     0.00000000
 90.99099099     0.00000000
 91.09109109     0.00000000
 91.19119119     0.00000000
 91.29129129     0.00000000
 91.39139139     0.00000000
 91.49149149     0.00000000
 91.59159159     0.00000000
 91.69169169     0.00000000
 91.79179179     0.00000000
 91.89189189     0.00000000
 91.99199199     0.00000000
 92.09209209     0.00000000
 92.19219219     0.00000000
 92.29229229     0.00000000
 92.39239239     0.00000000
 92.49249249     0.00000000
 92.59259259     0.00000000
 92.69269269     0.00000000
 92.79279279     0.00000000
 92.89289289     0.00000000
 92.99299299     0.00000000
 93.09309309     0.00000000
 93.19319319     0.00000000
 93.29329329     0.00000000
 93.39339339     0.00000000
 93.49349349     0.00000000
 93.59359359     0.00000000
 93.69369369     0.00000000
 93.79379379     0.00000000
 93.89389389     0.00000000
 93.99399399     0.00000000
 94.09409409     0.00000000
 94.19419419     0.00000000
 94.29429429    -0.00000000
 94.39439439    -0.00000000
 94.49449449    -0.00000000
 94.59459459    -0.00000000
 94.69469469    -0.00000000
 94.79479479    -0.00000000
 94.89489489    -0.00000000
 94.99499499    -0.00000000
 95.09509510    -0.00000000
 95.19519520    -0.00000000
 95.29529530    -0.00000000
 95.39539540    -0.00000000
 95.49549550    -0.00000000
 95.59559560    -0.00000000
 95.69569570    -0.00000000
 95.79579580    -0.00000000
 95.89589590    -0.00000000
 95.99599600    -0.00000000
 96.09609610    -0.00000000
 96.19619620    -0.00000000
 96.29629630    -0.00000000
 96.39639640    -0.00000000
 96.49649650    -0.00000000
 96.59659660    -0.00000000
 96.69669670    -0.00000000
 96.79679680    -0.00000000
 96.89689690    -0.00000000
 96.99699700    -0.00000000
 97.09709710    -0.00000000
 97.19719720    -0.00000000
 97.29729730    -0.00000000
 97.39739740    -0.00000000
 97.49749750    -0.00000000
 97.59759760    -0.00000000
 97.69769770    -0.00000000
 97.79779780    -0.00000000
 97.89789790    -0.00000000
 97.99799800    -0.00000000
 98.09809810    -0.00000000
 98.19819820    -0.00000000
 98.29829830    -0.00000000
 98.39839840    -0.00000000
 98.49849850    -0.00000000
 98.59859860    -0.00000000
 98.69869870    -0.00000000
 98.79879880    -0.00000000
 98.89889890    -0.00000000
 98.99899900    -0.00000000
 99.09909910    -0.00000000
 99.19919920    -0.00000000
 99.29929930    -0.00000000
 99.39939940    -0.00000000
 99.49949950    -0.00000000
 99.59959960    -0.00000000
 99.69969970     0.00000000
 99.79979980     0.00000000
 99.89989990     0.00000000
100.00000000     0.00000000
