  0.00000000    -0.38572779
  0.10010010    -0.37172779
  0.20020020    -0.35796179
  0.30030030    -0.34442977
  0.40040040    -0.33113167
  0.50050050    -0.31806736
  0.60060060    -0.30523663
  0.70070070    -0.29263920
  0.80080080    -0.28027472
  0.90090090    -0.26814278
  1.00100100    -0.25624291
  1.10110110    -0.24457455
  1.20120120    -0.23313708
  1.30130130    -0.22192982
  1.40140140    -0.21095203
  1.50150150    -0.20020289
  1.60160160    -0.18968151
  1.70170170    -0.17938695
  1.80180180    -0.16931820
  1.90190190    -0.15947419
  2.00200200    -0.14985378
  2.10210210    -0.14045577
  2.20220220    -0.13127891
  2.30230230    -0.12232186
  2.40240240    -0.11358326
  2.50250250    -0.10506166
  2.60260260    -0.09675557
  2.70270270    -0.08866343
  2.80280280    -0.08078364
  2.90290290    -0.07311453
  3.00300300    -0.06565439
  3.10310310    -0.05840143
  3.20320320    -0.05135385
  3.30330330    -0.04450977
  3.40340340    -0.03786727
  3.50350350    -0.03142437
  3.60360360    -0.02517906
  3.70370370    -0.01912928
  3.80380380    -0.01327293
  3.90390390    -0.00760784
  4.00400400    -0.00213184
  4.10410410     0.00315731
  4.20420420     0.00826189
  4.30430430     0.01318420
  4.40440440     0.01792658
  4.50450450     0.02249142
  4.60460460     0.02688113
  4.70470470     0.03109815
  4.80480480     0.03514496
  4.90490490     0.03902407
  5.00500501     0.04273801
  5.10510511     0.04628934
  5.20520521     0.04968063
  5.30530531     0.05291451
  5.40540541     0.05599360
  5.50550551     0.05892054
  5.60560561     0.06169801
  5.70570571     0.06432870
  5.80580581     0.06681529
  5.90590591     0.06916051
  6.00600601     0.07136709
  6.10610611     0.07343776
  6.20620621     0.07537528
  6.30630631     0.07718240
  6.40640641     0.07886189
  6.50650651     0.08041651
  6.60660661     0.08184904
  6.70670671     0.08316226
  6.80680681     0.08435894
  6.90690691     0.08544186
  7.00700701     0.08641380
  7.10710711     0.08727751
  7.20720721     0.08803578
  7.30730731     0.08869136
  7.40740741     0.08924701
  7.50750751     0.08970546
  7.60760761     0.09006946
  7.70770771     0.09034173
  7.80780781     0.09052497
  7.90790791     0.09062188
  8.00800801     0.09063515
  8.10810811     0.09056743
  8.20820821     0.09042137
  8.30830831     0.09019961
  8.40840841     0.08990475
  8.50850851     0.08953938
  8.60860861     0.08910606
  8.70870871     0.08860733
  8.80880881     0.08804571
  8.90890891     0.08742369
  9.00900901     0.08674375
  9.10910911     0.08600831
  9.20920921     0.08521978
  9.30930931     0.08438055
  9.40940941     0.08349298
  9.50950951     0.08255937
  9.60960961     0.08158202
  9.70970971     0.08056318
  9.80980981     0.07950508
  9.90990991     0.07840991
 10.01001001     0.07727982
 10.11011011     0.07611694
 10.21021021     0.07492334
 10.31031031     0.07370107
 10.41041041     0.07245215
 10.51051051     0.07117854
 10.61061061     0.06988219
 10.71071071     0.06856499
 10.81081081     0.06722880
 10.91091091     0.06587544
 11.01101101     0.06450668
 11.11111111     0.06312427
 11.21121121     0.06172991
 11.31131131     0.06032526
 11.41141141     0.05891193
 11.51151151     0.05749150
 11.61161161     0.05606552
 11.71171171     0.05463547
 11.81181181     0.05320282
 11.91191191     0.05176896
 12.01201201     0.05033529
 12.11211211     0.04890312
 12.21221221     0.04747375
 12.31231231     0.04604843
 12.41241241     0.04462836
 12.51251251     0.04321472
 12.61261261     0.04180862
 12.71271271     0.04041114
 12.81281281     0.03902335
 12.91291291     0.03764623
 13.01301301     0.03628076
 13.11311311     0.03492786
 13.21321321     0.03358840
 13.31331331     0.03226325
 13.41341341     0.03095320
 13.51351351     0.02965902
 13.61361361     0.02838145
 13.71371371     0.02712117
 13.81381381     0.02587884
 13.91391391     0.02465509
 14.01401401     0.02345048
 14.11411411     0.02226557
 14.21421421     0.02110088
 14.31431431     0.01995687
 14.41441441     0.01883398
 14.51451451     0.01773263
 14.61461461     0.01665320
 14.71471471     0.01559601
 14.81481481     0.01456140
 14.91491491     0.01354962
 15.01501502     0.01256094
 15.11511512     0.01159557
 15.21521522     0.01065369
 15.31531532     0.00973548
 15.41541542     0.00884106
 15.51551552     0.00797054
 15.61561562     0.00712399
 15.71571572     0.00630146
 15.81581582     0.00550299
 15.91591592     0.00472858
 16.01601602     0.00397819
 16.11611612     0.00325179
 16.21621622     0.00254931
 16.31631632     0.00187066
 16.41641642     0.00121573
 16.51651652     0.00058437
 16.61661662    -0.00002354
 16.71671672    -0.00060820
 16.81681682    -0.00116978
 16.91691692    -0.00170849
 17.01701702    -0.00222456
 17.11711712    -0.00271822
 17.21721722    -0.00318973
 17.31731732    -0.00363936
 17.41741742    -0.00406739
 17.51751752    -0.00447411
 17.61761762    -0.00485985
 17.71771772    -0.00522492
 17.81781782    -0.00556964
 17.91791792    -0.00589438
 18.01801802    -0.00619947
 18.11811812    -0.00648528
 18.21821822    -0.00675219
 18.31831832    -0.00700057
 18.41841842    -0.00723080
 18.51851852    -0.00744329
 18.61861862    -0.00763843
 18.71871872    -0.00781662
 18.81881882    -0.00797828
 18.91891892    -0.00812382
 19.01901902    -0.00825366
 19.11911912    -0.00836822
 19.21921922    -0.00846792
 19.31931932    -0.00855320
 19.41941942    -0.00862447
 19.51951952    -0.00868217
 19.61961962    -0.00872673
 19.71971972    -0.00875858
 19.81981982    -0.00877814
 19.91991992    -0.00878585
 20.02002002    -0.00878214
 20.12012012    -0.00876742
 20.22022022    -0.00874213
 20.32032032    -0.00870669
 20.42042042    -0.00866151
 20.52052052    -0.00860702
 20.62062062    -0.00854361
 20.72072072    -0.00847171
 20.82082082    -0.00839172
 20.92092092    -0.00830403
 21.02102102    -0.00820905
 21.12112112    -0.00810715
 21.22122122    -0.00799873
 21.32132132    -0.00788416
 21.42142142    -0.00776381
 21.52152152    -0.00763806
 21.62162162    -0.00750727
 21.72172172    -0.00737178
 21.82182182    -0.00723194
 21.92192192    -0.00708809
 22.02202202    -0.00694057
 22.12212212    -0.00678971
 22.22222222    -0.00663581
 22.32232232    -0.00647919
 22.42242242    -0.00632016
 22.52252252    -0.00615900
 22.62262262    -0.00599602
 22.72272272    -0.00583147
 22.82282282    -0.00566565
 22.92292292    -0.00549880
 23.02302302    -0.00533119
 23.12312312    -0.00516306
 23.22322322    -0.00499465
 23.32332332    -0.00482620
 23.42342342    -0.00465792
 23.52352352    -0.00449003
 23.62362362    -0.00432274
 23.72372372    -0.00415623
 23.82382382    -0.00399072
 23.92392392    -0.00382636
 24.02402402    -0.00366335
 24.12412412    -0.00350184
 24.22422422    -0.00334200
 24.32432432    -0.00318396
 24.42442442    -0.00302788
 24.52452452    -0.00287389
 24.62462462    -0.00272212
 24.72472472    -0.00257269
 24.82482482    -0.00242570
 24.92492492    -0.00228127
 25.02502503    -0.00213948
 25.12512513    -0.00200044
 25.22522523    -0.00186422
 25.32532533    -0.00173091
 25.42542543    -0.00160057
 25.52552553    -0.00147326
 25.62562563    -0.00134905
 25.72572573    -0.00122799
 25.82582583    -0.00111011
 25.92592593    -0.00099547
 26.02602603    -0.00088408
 26.12612613    -0.00077599
 26.22622623    -0.00067121
 26.32632633    -0.00056976
 26.42642643    -0.00047165
 26.52652653    -0.00037690
 26.62662663    -0.00028549
 26.72672673    -0.00019743
 26.82682683    -0.00011271
 26.92692693    -0.00003133
 27.02702703     0.00004674
 27.12712713     0.00012152
 27.22722723     0.00019302
 27.32732733     0.00026128
 27.42742743     0.00032632
 27.52752753     0.00038819
 27.62762763     0.00044690
 27.72772773     0.00050251
 27.82782783     0.00055506
 27.92792793     0.00060460
 28.02802803     0.00065116
 28.12812813     0.00069481
 28.22822823     0.00073558
 28.32832833     0.00077355
 28.42842843     0.00080876
 28.52852853     0.00084128
 28.62862863     0.00087116
 28.72872873     0.00089846
 28.82882883     0.00092325
 28.92892893     0.00094559
 29.02902903     0.00096555
 29.12912913     0.00098318
 29.22922923     0.00099857
 29.32932933     0.00101177
 29.42942943     0.00102286
 29.52952953     0.00103190
 29.62962963     0.00103896
 29.72972973     0.00104411
 29.82982983     0.00104742
 29.92992993     0.00104895
 30.03003003     0.00104879
 30.13013013     0.00104699
 30.23023023     0.00104363
 30.33033033     0.00103878
 30.43043043     0.00103249
 30.53053053     0.00102485
 30.63063063     0.00101591
 30.73073073     0.00100574
 30.83083083     0.00099441
 30.93093093     0.00098199
 31.03103103     0.00096853
 31.13113113     0.00095410
 31.23123123     0.00093877
 31.33133133     0.00092258
 31.43143143     0.00090561
 31.53153153     0.00088791
 31.63163163     0.00086953
 31.73173173     0.00085054
 31.83183183     0.00083099
 31.93193193     0.00081094
 32.03203203     0.00079042
 32.13213213     0.00076951
 32.23223223     0.00074824
 32.33233233     0.00072666
 32.43243243     0.00070482
 32.53253253     0.00068277
 32.63263263     0.00066055
 32.73273273     0.00063820
 32.83283283     0.00061577
 32.93293293     0.00059328
 33.03303303     0.00057079
 33.13313313     0.00054832
 33.23323323     0.00052592
 33.33333333     0.00050361
 33.43343343     0.00048143
 33.53353353     0.00045940
 33.63363363     0.00043757
 33.73373373     0.00041594
 33.83383383     0.00039456
 33.93393393     0.00037344
 34.03403403     0.00035261
 34.13413413     0.00033209
 34.23423423     0.00031191
 34.33433433     0.00029207
 34.43443443     0.00027260
 34.53453453     0.00025352
 34.63463463     0.00023484
 34.73473473     0.00021657
 34.83483483     0.00019873
 34.93493493     0.00018132
 35.03503504     0.00016437
 35.13513514     0.00014787
 35.23523524     0.00013184
 35.33533534     0.00011629
 35.43543544     0.00010121
 35.53553554     0.00008662
 35.63563564     0.00007252
 35.73573574     0.00005891
 35.83583584     0.00004579
 35.93593594     0.00003317
 36.03603604     0.00002104
 36.13613614     0.00000941
 36.23623624    -0.00000173
 36.33633634    -0.00001237
 36.43643644    -0.00002253
 36.53653654    -0.00003220
 36.63663664    -0.00004139
 36.73673674    -0.00005011
 36.83683684    -0.00005835
 36.93693694    -0.00006613
 37.03703704    -0.00007345
 37.13713714    -0.00008031
 37.23723724    -0.00008674
 37.33733734    -0.00009272
 37.43743744    -0.00009828
 37.53753754    -0.00010342
 37.63763764    -0.00010815
 37.73773774    -0.00011248
 37.83783784    -0.00011641
 37.93793794    -0.00011997
 38.03803804    -0.00012315
 38.13813814    -0.00012597
 38.23823824    -0.00012844
 38.33833834    -0.00013057
 38.43843844    -0.00013238
 38.53853854    -0.00013386
 38.63863864    -0.00013504
 38.73873874    -0.00013592
 38.83883884    -0.00013652
 38.93893894    -0.00013685
 39.03903904    -0.00013691
 39.13913914    -0.00013672
 39.23923924    -0.00013629
 39.33933934    -0.00013564
 39.43943944    -0.00013476
 39.53953954    -0.00013368
 39.63963964    -0.00013241
 39.73973974    -0.00013095
 39.83983984    -0.00012931
 39.93993994    -0.00012751
 40.04004004    -0.00012556
 40.14014014    -0.00012346
 40.24024024    -0.00012124
 40.34034034    -0.00011888
 40.44044044    -0.00011642
 40.54054054    -0.00011385
 40.64064064    -0.00011118
 40.74074074    -0.00010843
 40.84084084    -0.00010560
 40.94094094    -0.00010270
 41.04104104    -0.00009974
 41.14114114    -0.00009673
 41.24124124    -0.00009367
 41.34134134    -0.00009058
 41.44144144    -0.00008746
 41.54154154    -0.00008431
 41.64164164    -0.00008115
 41.74174174    -0.00007798
 41.84184184    -0.00007480
 41.94194194    -0.00007163
 42.04204204    -0.00006847
 42.14214214    -0.00006532
 42.24224224    -0.00006219
 42.34234234    -0.00005908
 42.44244244    -0.00005600
 42.54254254    -0.00005296
 42.64264264    -0.00004995
 42.74274274    -0.00004699
 42.84284284    -0.00004407
 42.94294294    -0.00004120
 43.04304304    -0.00003838
 43.14314314    -0.00003562
 43.24324324    -0.00003291
 43.34334334    -0.00003027
 43.44344344    -0.00002768
 43.54354354    -0.00002517
 43.64364364    -0.00002271
 43.74374374    -0.00002033
 43.84384384    -0.00001802
 43.94394394    -0.00001578
 44.04404404    -0.00001360
 44.14414414    -0.00001151
 44.24424424    -0.00000948
 44.34434434    -0.00000754
 44.44444444    -0.00000566
 44.54454454    -0.00000386
 44.64464464    -0.00000214
 44.74474474    -0.00000049
 44.84484484     0.00000108
 44.94494494     0.00000258
 45.04504505     0.00000401
 45.14514515     0.00000536
 45.24524525     0.00000664
 45.34534535     0.00000784
 45.44544545     0.00000898
 45.54554555     0.00001004
 45.64564565     0.00001104
 45.74574575     0.00001197
 45.84584585     0.00001283
 45.94594595     0.00001362
 46.04604605     0.00001435
 46.14614615     0.00001502
 46.24624625     0.00001563
 46.34634635     0.00001618
 46.44644645     0.00001667
 46.54654655     0.00001710
 46.64664665     0.00001748
 46.74674675     0.00001781
 46.84684685     0.00001809
 46.94694695     0.00001831
 47.04704705     0.00001849
 47.14714715     0.00001863
 47.24724725     0.00001871
 47.34734735     0.00001876
 47.44744745     0.00001877
 47.54754755     0.00001874
 47.64764765     0.00001867
 47.74774775     0.00001857
 47.84784785     0.00001843
 47.94794795     0.00001826
 48.04804805     0.00001807
 48.14814815     0.00001784
 48.24824825     0.00001759
 48.34834835     0.00001732
 48.44844845     0.00001702
 48.54854855     0.00001670
 48.64864865     0.00001636
 48.74874875     0.00001601
 48.84884885     0.00001563
 48.94894895     0.00001525
 49.04904905     0.00001485
 49.14914915     0.00001443
 49.24924925     0.00001401
 49.34934935     0.00001358
 49.44944945     0.00001314
 49.54954955     0.00001269
 49.64964965     0.00001224
 49.74974975     0.00001179
 49.84984985     0.00001133
 49.94994995     0.00001087
 50.05005005     0.00001040
 50.15015015     0.00000994
 50.25025025     0.00000948
 50.35035035     0.00000902
 50.45045045     0.00000857
 50.55055055     0.00000811
 50.65065065     0.00000766
 50.75075075     0.00000722
 50.85085085     0.00000678
 50.95095095     0.00000635
 51.05105105     0.00000593
 51.15115115     0.00000551
 51.25125125     0.00000510
 51.35135135     0.00000470
 51.45145145     0.00000431
 51.55155155     0.00000393
 51.65165165     0.00000356
 51.75175175     0.00000320
 51.85185185     0.00000285
 51.95195195     0.00000251
 52.05205205     0.00000218
 52.15215215     0.00000186
 52.25225225     0.00000155
 52.35235235     0.00000126
 52.45245245     0.00000097
 52.55255255     0.00000070
 52.65265265     0.00000044
 52.75275275     0.00000019
 52.85285285    -0.00000005
 52.95295295    -0.00000028
 53.05305305    -0.00000049
 53.15315315    -0.00000070
 53.25325325    -0.00000089
 53.35335335    -0.00000107
 53.45345345    -0.00000124
 53.55355355    -0.00000140
 53.65365365    -0.00000155
 53.75375375    -0.00000169
 53.85385385    -0.00000181
 53.95395395    -0.00000193
 54.05405405    -0.00000204
 54.15415415    -0.00000214
 54.25425425    -0.00000223
 54.35435435    -0.00000231
 54.45445445    -0.00000238
 54.55455455    -0.00000244
 54.65465465    -0.00000249
 54.75475475    -0.00000254
 54.85485485    -0.00000257
 54.95495495    -0.00000260
 55.05505506    -0.00000263
 55.15515516    -0.00000264
 55.25525526    -0.00000265
 55.35535536    -0.00000265
 55.45545546    -0.00000265
 55.55555556    -0.00000264
 55.65565566    -0.00000263
 55.75575576    -0.00000261
 55.85585586    -0.00000258
 55.95595596    -0.00000256
 56.05605606    -0.00000252
 56.15615616    -0.00000248
 56.25625626    -0.00000244
 56.35635636    -0.00000240
 56.45645646    -0.00000235
 56.55655656    -0.00000230
 56.65665666    -0.00000225
 56.75675676    -0.00000219
 56.85685686    -0.00000213
 56.95695696    -0.00000207
 57.05705706    -0.00000201
 57.15715716    -0.00000195
 57.25725726    -0.00000188
 57.35735736    -0.00000182
 57.45745746    -0.00000175
 57.55755756    -0.00000168
 57.65765766    -0.00000161
 57.75775776    -0.00000154
 57.85785786    -0.00000148
 57.95795796    -0.00000141
 58.05805806    -0.00000134
 58.15815816    -0.00000127
 58.25825826    -0.00000120
 58.35835836    -0.00000114
 58.45845846    -0.00000107
 58.55855856    -0.00000100
 58.65865866    -0.00000094
 58.75875876    -0.00000087
 58.85885886    -0.00000081
 58.95895896    -0.00000075
 59.05905906    -0.00000069
 59.15915916    -0.00000063
 59.25925926    -0.00000057
 59.35935936    -0.00000052
 59.45945946    -0.00000046
 59.55955956    -0.00000041
 59.65965966    -0.00000036
 59.75975976    -0.00000031
 59.85985986    -0.00000026
 59.95995996    -0.00000022
 60.06006006    -0.00000017
 60.16016016    -0.00000013
 60.26026026    -0.00000009
 60.36036036    -0.00000005
 60.46046046    -0.00000002
 60.56056056     0.00000002
 60.66066066     0.00000005
 60.76076076     0.00000008
 60.86086086     0.00000011
 60.96096096     0.00000014
 61.06106106     0.00000017
 61.16116116     0.00000019
 61.26126126     0.00000022
 61.36136136     0.00000024
 61.46146146     0.00000026
 61.56156156     0.00000028
 61.66166166     0.00000029
 61.76176176     0.00000031
 61.86186186     0.00000032
 61.96196196     0.00000033
 62.06206206     0.00000034
 62.16216216     0.00000035
 62.26226226     0.00000036
 62.36236236     0.00000037
 62.46246246     0.00000037
 62.56256256     0.00000038
 62.66266266     0.00000038
 62.76276276     0.00000038
 62.86286286     0.00000038
 62.96296296     0.00000038
 63.06306306     0.00000038
 63.16316316     0.00000038
 63.26326326     0.00000038
 63.36336336     0.00000038
 63.46346346     0.00000037
 63.56356356     0.00000037
 63.66366366     0.00000036
 63.76376376     0.00000036
 63.86386386     0.00000035
 63.96396396     0.00000034
 64.06406406     0.00000033
 64.16416416     0.00000033
 64.26426426     0.00000032
 64.36436436     0.00000031
 64.46446446     0.00000030
 64.56456456     0.00000029
 64.66466466     0.00000028
 64.76476476     0.00000027
 64.86486486     0.00000026
 64.96496496     0.00000025
 65.06506507     0.00000024
 65.16516517     0.00000023
 65.26526527     0.00000022
 65.36536537     0.00000021
 65.46546547     0.00000020
 65.56556557     0.00000019
 65.66566567     0.00000018
 65.76576577     0.00000017
 65.86586587     0.00000016
 65.96596597     0.00000015
 66.06606607     0.00000014
 66.16616617     0.00000013
 66.26626627     0.00000012
 66.36636637     0.00000011
 66.46646647     0.00000010
 66.56656657     0.00000009
 66.66666667     0.00000008
 66.76676677     0.00000008
 66.86686687     0.00000007
 66.96696697     0.00000006
 67.06706707     0.00000005
 67.16716717     0.00000004
 67.26726727     0.00000004
 67.36736737     0.00000003
 67.46746747     0.00000002
 67.56756757     0.00000002
 67.66766767     0.00000001
 67.76776777     0.00000001
 67.86786787     0.00000000
 67.96796797    -0.00000001
 68.06806807    -0.00000001
 68.16816817    -0.00000001
 68.26826827    -0.00000002
 68.36836837    -0.00000002
 68.46846847    -0.00000003
 68.56856857    -0.00000003
 68.66866867    -0.00000003
 68.76876877    -0.00000004
 68.86886887    -0.00000004
 68.96896897    -0.00000004
 69.06906907    -0.00000004
 69.16916917    -0.00000005
 69.26926927    -0.00000005
 69.36936937    -0.00000005
 69.46946947    -0.00000005
 69.56956957    -0.00000005
 69.66966967    -0.00000005
 69.76976977    -0.00000005
 69.86986987    -0.00000006
 69.96996997    -0.00000006
 70.07007007    -0.00000006
 70.17017017    -0.00000006
 70.27027027    -0.00000006
 70.37037037    -0.00000006
 70.47047047    -0.00000006
 70.57057057    -0.00000006
 70.67067067    -0.00000005
 70.77077077    -0.00000005
 70.87087087    -0.00000005
 70.97097097    -0.00000005
 71.07107107    -0.00000005
 71.17117117    -0.00000005
 71.27127127    -0.00000005
 71.37137137    -0.00000005
 71.47147147    -0.00000005
 71.57157157    -0.00000005
 71.67167167    -0.00000004
 71.77177177    -0.00000004
 71.87187187    -0.00000004
 71.97197197    -0.00000004
 72.07207207    -0.00000004
 72.17217217    -0.00000004
 72.27227227    -0.00000004
 72.37237237    -0.00000003
 72.47247247    -0.00000003
 72.57257257    -0.00000003
 72.67267267    -0.00000003
 72.77277277    -0.00000003
 72.87287287    -0.00000003
 72.97297297    -0.00000002
 73.07307307    -0.00000002
 73.17317317    -0.00000002
 73.27327327    -0.00000002
 73.37337337    -0.00000002
 73.47347347    -0.00000002
 73.57357357    -0.00000002
 73.67367367    -0.00000001
 73.77377377    -0.00000001
 73.87387387    -0.00000001
 73.97397397    -0.00000001
 74.07407407    -0.00000001
 74.17417417    -0.00000001
 74.27427427    -0.00000001
 74.37437437    -0.00000001
 74.47447447    -0.00000000
 74.57457457    -0.00000000
 74.67467467    -0.00000000
 74.77477477    -0.00000000
 74.87487487    -0.00000000
 74.97497497    -0.00000000
 75.07507508     0.00000000
 75.17517518     0.00000000
 75.27527528     0.00000000
 75.37537538     0.00000000
 75.47547548     0.00000000
 75.57557558     0.00000000
 75.67567568     0.00000000
 75.77577578     0.00000001
 75.87587588     0.00000001
 75.97597598     0.00000001
 76.07607608     0.00000001
 76.17617618     0.00000001
 76.27627628     0.00000001
 76.37637638     0.00000001
 76.47647648     0.00000001
 76.57657658     0.00000001
 76.67667668     0.00000001
 76.77677678     0.00000001
 76.87687688     0.00000001
 76.97697698     0.00000001
 77.07707708     0.00000001
 77.17717718     0.00000001
 77.27727728     0.00000001
 77.37737738     0.00000001
 77.47747748     0.00000001
 77.57757758     0.00000001
 77.67767768     0.00000001
 77.77777778     0.00000001
 77.87787788     0.00000001
 77.97797798     0.00000001
 78.07807808     0.00000001
 78.17817818     0.00000001
 78.27827828     0.00000001
 78.37837838     0.00000001
 78.47847848     0.00000001
 78.57857858     0.00000001
 78.67867868     0.00000001
 78.77877878     0.00000001
 78.87887888     0.00000001
 78.97897898     0.00000001
 79.07907908     0.00000001
 79.17917918     0.00000001
 79.27927928     0.00000001
 79.37937938     0.00000000
 79.47947948     0.00000000
 79.57957958     0.00000000
 79.67967968     0.00000000
 79.77977978     0.00000000
 79.87987988     0.00000000
 79.97997998     0.00000000
 80.08008008     0.00000000
 80.18018018     0.00000000
 80.28028028     0.00000000
 80.38038038     0.00000000
 80.48048048     0.00000000
 80.58058058     0.00000000
 80.68068068     0.00000000
 80.78078078     0.00000000
 80.88088088     0.00000000
 80.98098098     0.00000000
 81.08108108     0.00000000
 81.18118118     0.00000000
 81.28128128     0.00000000
 81.38138138     0.00000000
 81.48148148     0.00000000
 81.58158158     0.00000000
 81.68168168     0.00000000
 81.78178178     0.00000000
 81.88188188    -0.00000000
 81.98198198    -0.00000000
 82.08208208    -0.00000000
 82.18218218    -0.00000000
 82.28228228    -0.00000000
 82.38238238    -0.00000000
 82.48248248    -0.00000000
 82.58258258    -0.00000000
 82.68268268    -0.00000000
 82.78278278    -0.00000000
 82.88288288    -0.00000000
 82.98298298    -0.00000000
 83.08308308    -0.00000000
 83.18318318    -0.00000000
 83.28328328    -0.00000000
 83.38338338    -0.00000000
 83.48348348    -0.00000000
 83.58358358    -0.00000000
 83.68368368    -0.00000000
 83.78378378    -0.00000000
 83.88388388    -0.00000000
 83.98398398    -0.00000000
 84.08408408    -0.00000000
 84.18418418    -0.00000000
 84.28428428    -0.00000000
 84.38438438    -0.00000000
 84.48448448    -0.00000000
 84.58458458    -0.00000000
 84.68468468    -0.00000000
 84.78478478    -0.00000000
 84.88488488    -0.00000000
 84.98498498    -0.00000000
 85.08508509    -0.00000000
 85.18518519    -0.00000000
 85.28528529    -0.00000000
 85.38538539    -0.00000000
 85.48548549    -0.00000000
 85.58558559    -0.00000000
 85.68568569    -0.00000000
 85.78578579    -0.00000000
 85.88588589    -0.00000000
 85.98598599    -0.00000000
 86.08608609    -0.00000000
 86.18618619    -0.00000000
 86.28628629    -0.00000000
 86.38638639    -0.00000000
 86.48648649    -0.00000000
 86.58658659    -0.00000000
 86.68668669    -0.00000000
 86.78678679    -0.00000000
 86.88688689    -0.00000000
 86.98698699    -0.00000000
 87.08708709    -0.00000000
 87.18718719    -0.00000000
 87.28728729    -0.00000000
 87.38738739    -0.00000000
 87.48748749    -0.00000000
 87.58758759    -0.00000000
 87.68768769    -0.00000000
 87.78778779    -0.00000000
 87.88788789    -0.00000000
 87.98798799    -0.00000000
 88.08808809    -0.00000000
 88.18818819    -0.00000000
 88.28828829    -0.00000000
 88.38838839    -0.00000000
 88.48848849    -0.00000000
 88.58858859     0.00000000
 88.68868869     0.00000000
 88.78878879     0.00000000
 88.88888889     0.00000000
 88.98898899     0.00000000
 89.08908909     0.00000000
 89.18918919     0.00000000
 89.28928929     0.00000000
 89.38938939     0.00000000
 89.48948949     0.00000000
 89.58958959     0.00000000
 89.68968969     0.00000000
 89.78978979     0.00000000
 89.88988989     0.00000000
 89.98998999     0.00000000
 90.09009009     0.00000000
 90.19019019     0.00000000
 90.29029029     0.00000000
 90.39039039     0.00000000
 90.49049049     0.00000000
 90.59059059     0.00000000
 90.69069069     0.00000000
 90.79079079     0.00000000
 90.89089089     0.00000000
 90.99099099     0.00000000
 91.09109109     0.00000000
 91.19119119     0.00000000
 91.29129129     0.00000000
 91.39139139     0.00000000
 91.49149149     0.00000000
 91.59159159     0.00000000
 91.69169169     0.00000000
 91.79179179     0.00000000
 91.89189189     0.00000000
 91.99199199     0.00000000
 92.09209209     0.00000000
 92.19219219     0.00000000
 92.29229229     0.00000000
 92.39239239     0.00000000
 92.49249249     0.00000000
 92.59259259     0.00000000
 92.69269269     0.00000000
 92.79279279     0.00000000
 92.89289289     0.00000000
 92.99299299     0.00000000
 93.09309309     0.00000000
 93.19319319     0.00000000
 93.29329329     0.00000000
 93.39339339     0.00000000
 93.49349349     0.00000000
 93.59359359     0.00000000
 93.69369369     0.00000000
 93.79379379     0.00000000
 93.89389389     0.00000000
 93.99399399     0.00000000
 94.09409409     0.00000000
 94.19419419     0.00000000
 94.29429429     0.00000000
 94.39439439     0.00000000
 94.49449449     0.00000000
 94.59459459     0.00000000
 94.69469469     0.00000000
 94.79479479     0.00000000
 94.89489489     0.00000000
 94.99499499     0.00000000
 95.09509510     0.00000000
 95.19519520     0.00000000
 95.29529530    -0.00000000
 95.39539540    -0.00000000
 95.49549550    -0.00000000
 95.59559560    -0.00000000
 95.69569570    -0.00000000
 95.79579580    -0.00000000
 95.89589590    -0.00000000
 95.99599600    -0.00000000
 96.09609610    -0.00000000
 96.19619620    -0.00000000
 96.29629630    -0.00000000
 96.39639640    -0.00000000
 96.49649650    -0.00000000
 96.59659660    -0.00000000
 96.69669670    -0.00000000
 96.79679680    -0.00000000
 96.89689690    -0.00000000
 96.99699700    -0.00000000
 97.09709710    -0.00000000
 97.19719720    -0.00000000
 97.29729730    -0.00000000
 97.39739740    -0.00000000
 97.49749750    -0.00000000
 97.59759760    -0.00000000
 97.69769770    -0.00000000
 97.79779780    -0.00000000
 97.89789790    -0.00000000
 97.99799800    -0.00000000
 98.09809810    -0.00000000
 98.19819820    -0.00000000
 98.29829830    -0.00000000
 98.39839840    -0.00000000
 98.49849850    -0.00000000
 98.59859860    -0.00000000
 98.69869870    -0.00000000
 98.79879880    -0.00000000
 98.89889890    -0.00000000
 98.99899900    -0.00000000
 99.09909910    -0.00000000
 99.19919920    -0.00000000
 99.29929930    -0.00000000
 99.39939940    -0.00000000
 99.49949950    -0.00000000
 99.59959960    -0.00000000
 99.69969970     0.00000000
 99.79979980     0.00000000
 99.89989990     0.00000000
100.00000000     0.00000000
