  0.00000000    -0.38912261
  0.10010010    -0.37512261
  0.20020020    -0.36135452
  0.30030030    -0.34781833
  0.40040040    -0.33451397
  0.50050050    -0.32144131
  0.60060060    -0.30860016
  0.70070070    -0.29599024
  0.80080080    -0.28361121
  0.90090090    -0.27146267
  1.00100100    -0.25954416
  1.10110110    -0.24785514
  1.20120120    -0.23639501
  1.30130130    -0.22516311
  1.40140140    -0.21415870
  1.50150150    -0.20338100
  1.60160160    -0.19282914
  1.70170170    -0.18250220
  1.80180180    -0.17239921
  1.90190190    -0.16251910
  2.00200200    -0.15286079
  2.10210210    -0.14342310
  2.20220220    -0.13420480
  2.30230230    -0.12520461
  2.40240240    -0.11642119
  2.50250250    -0.10785313
  2.60260260    -0.09949898
  2.70270270    -0.09135722
  2.80280280    -0.08342629
  2.90290290    -0.07570455
  3.00300300    -0.06819035
  3.10310310    -0.06088196
  3.20320320    -0.05377759
  3.30330330    -0.04687542
  3.40340340    -0.04017359
  3.50350350    -0.03367016
  3.60360360    -0.02736317
  3.70370370    -0.02125061
  3.80380380    -0.01533043
  3.90390390    -0.00960052
  4.00400400    -0.00405875
  4.10410410     0.00129706
  4.20420420     0.00646912
  4.30430430     0.01145970
  4.40440440     0.01627107
  4.50450450     0.02090557
  4.60460460     0.02536556
  4.70470470     0.02965341
  4.80480480     0.03377156
  4.90490490     0.03772245
  5.00500501     0.04150855
  5.10510511     0.04513237
  5.20520521     0.04859644
  5.30530531     0.05190331
  5.40540541     0.05505554
  5.50550551     0.05805573
  5.60560561     0.06090650
  5.70570571     0.06361046
  5.80580581     0.06617028
  5.90590591     0.06858860
  6.00600601     0.07086810
  6.10610611     0.07301146
  6.20620621     0.07502139
  6.30630631     0.07690057
  6.40640641     0.07865174
  6.50650651     0.08027759
  6.60660661     0.08178086
  6.70670671     0.08316427
  6.80680681     0.08443054
  6.90690691     0.08558240
  7.00700701     0.08662259
  7.10710711     0.08755382
  7.20720721     0.08837881
  7.30730731     0.08910028
  7.40740741     0.08972093
  7.50750751     0.09024347
  7.60760761     0.09067060
  7.70770771     0.09100498
  7.80780781     0.09124929
  7.90790791     0.09140620
  8.00800801     0.09147833
  8.10810811     0.09146833
  8.20820821     0.09137880
  8.30830831     0.09121234
  8.40840841     0.09097151
  8.50850851     0.09065889
  8.60860861     0.09027700
  8.70870871     0.08982836
  8.80880881     0.08931546
  8.90890891     0.08874076
  9.00900901     0.08810671
  9.10910911     0.08741573
  9.20920921     0.08667019
  9.30930931     0.08587248
  9.40940941     0.08502491
  9.50950951     0.08412979
  9.60960961     0.08318940
  9.70970971     0.08220598
  9.80980981     0.08118174
  9.90990991     0.08011886
 10.01001001     0.07901949
 10.11011011     0.07788574
 10.21021021     0.07671968
 10.31031031     0.07552337
 10.41041041     0.07429880
 10.51051051     0.07304796
 10.61061061     0.07177278
 10.71071071     0.07047515
 10.81081081     0.06915693
 10.91091091     0.06781996
 11.01101101     0.06646602
 11.11111111     0.06509684
 11.21121121     0.06371415
 11.31131131     0.06231962
 11.41141141     0.06091486
 11.51151151     0.05950147
 11.61161161     0.05808101
 11.71171171     0.05665497
 11.81181181     0.05522485
 11.91191191     0.05379206
 12.01201201     0.05235799
 12.11211211     0.05092400
 12.21221221     0.04949139
 12.31231231     0.04806145
 12.41241241     0.04663539
 12.51251251     0.04521441
 12.61261261     0.04379965
 12.71271271     0.04239224
 12.81281281     0.04099323
 12.91291291     0.03960366
 13.01301301     0.03822453
 13.11311311     0.03685678
 13.21321321     0.03550133
 13.31331331     0.03415905
 13.41341341     0.03283079
 13.51351351     0.03151735
 13.61361361     0.03021947
 13.71371371     0.02893790
 13.81381381     0.02767332
 13.91391391     0.02642638
 14.01401401     0.02519769
 14.11411411     0.02398784
 14.21421421     0.02279738
 14.31431431     0.02162681
 14.41441441     0.02047662
 14.51451451     0.01934724
 14.61461461     0.01823909
 14.71471471     0.01715254
 14.81481481     0.01608794
 14.91491491     0.01504561
 15.01501502     0.01402583
 15.11511512     0.01302886
 15.21521522     0.01205492
 15.31531532     0.01110420
 15.41541542     0.01017688
 15.51551552     0.00927309
 15.61561562     0.00839295
 15.71571572     0.00753654
 15.81581582     0.00670393
 15.91591592     0.00589515
 16.01601602     0.00511021
 16.11611612     0.00434910
 16.21621622     0.00361179
 16.31631632     0.00289822
 16.41641642     0.00220831
 16.51651652     0.00154196
 16.61661662     0.00089905
 16.71671672     0.00027944
 16.81681682    -0.00031703
 16.91691692    -0.00089052
 17.01701702    -0.00144125
 17.11711712    -0.00196941
 17.21721722    -0.00247523
 17.31731732    -0.00295897
 17.41741742    -0.00342086
 17.51751752    -0.00386119
 17.61761762    -0.00428023
 17.71771772    -0.00467829
 17.81781782    -0.00505568
 17.91791792    -0.00541270
 18.01801802    -0.00574971
 18.11811812    -0.00606702
 18.21821822    -0.00636501
 18.31831832    -0.00664402
 18.41841842    -0.00690442
 18.51851852    -0.00714659
 18.61861862    -0.00737091
 18.71871872    -0.00757776
 18.81881882    -0.00776755
 18.91891892    -0.00794068
 19.01901902    -0.00809753
 19.11911912    -0.00823854
 19.21921922    -0.00836409
 19.31931932    -0.00847462
 19.41941942    -0.00857054
 19.51951952    -0.00865226
 19.61961962    -0.00872021
 19.71971972    -0.00877481
 19.81981982    -0.00881649
 19.91991992    -0.00884565
 20.02002002    -0.00886274
 20.12012012    -0.00886816
 20.22022022    -0.00886233
 20.32032032    -0.00884569
 20.42042042    -0.00881863
 20.52052052    -0.00878158
 20.62062062    -0.00873495
 20.72072072    -0.00867914
 20.82082082    -0.00861456
 20.92092092    -0.00854161
 21.02102102    -0.00846068
 21.12112112    -0.00837218
 21.22122122    -0.00827647
 21.32132132    -0.00817396
 21.42142142    -0.00806501
 21.52152152    -0.00794999
 21.62162162    -0.00782928
 21.72172172    -0.00770323
 21.82182182    -0.00757219
 21.92192192    -0.00743651
 22.02202202    -0.00729654
 22.12212212    -0.00715260
 22.22222222    -0.00700502
 22.32232232    -0.00685413
 22.42242242    -0.00670023
 22.52252252    -0.00654363
 22.62262262    -0.00638463
 22.72272272    -0.00622351
 22.82282282    -0.00606057
 22.92292292    -0.00589607
 23.02302302    -0.00573028
 23.12312312    -0.00556347
 23.22322322    -0.00539587
 23.32332332    -0.00522775
 23.42342342    -0.00505932
 23.52352352    -0.00489082
 23.62362362    -0.00472247
 23.72372372    -0.00455449
 23.82382382    -0.00438706
 23.92392392    -0.00422039
 24.02402402    -0.00405468
 24.12412412    -0.00389008
 24.22422422    -0.00372679
 24.32432432    -0.00356496
 24.42442442    -0.00340475
 24.52452452    -0.00324630
 24.62462462    -0.00308977
 24.72472472    -0.00293528
 24.82482482    -0.00278296
 24.92492492    -0.00263292
 25.02502503    -0.00248529
 25.12512513    -0.00234016
 25.22522523    -0.00219764
 25.32532533    -0.00205781
 25.42542543    -0.00192076
 25.52552553    -0.00178656
 25.62562563    -0.00165529
 25.72572573    -0.00152701
 25.82582583    -0.00140178
 25.92592593    -0.00127965
 26.02602603    -0.00116067
 26.12612613    -0.00104488
 26.22622623    -0.00093231
 26.32632633    -0.00082299
 26.42642643    -0.00071695
 26.52652653    -0.00061421
 26.62662663    -0.00051477
 26.72672673    -0.00041865
 26.82682683    -0.00032585
 26.92692693    -0.00023638
 27.02702703    -0.00015021
 27.12712713    -0.00006736
 27.22722723     0.00001220
 27.32732733     0.00008849
 27.42742743     0.00016152
 27.52752753     0.00023133
 27.62762763     0.00029793
 27.72772773     0.00036136
 27.82782783     0.00042165
 27.92792793     0.00047885
 28.02802803     0.00053299
 28.12812813     0.00058412
 28.22822823     0.00063228
 28.32832833     0.00067752
 28.42842843     0.00071989
 28.52852853     0.00075944
 28.62862863     0.00079623
 28.72872873     0.00083031
 28.82882883     0.00086174
 28.92892893     0.00089059
 29.02902903     0.00091690
 29.12912913     0.00094075
 29.22922923     0.00096220
 29.32932933     0.00098130
 29.42942943     0.00099814
 29.52952953     0.00101276
 29.62962963     0.00102524
 29.72972973     0.00103565
 29.82982983     0.00104405
 29.92992993     0.00105051
 30.03003003     0.00105510
 30.13013013     0.00105788
 30.23023023     0.00105893
 30.33033033     0.00105831
 30.43043043     0.00105609
 30.53053053     0.00105234
 30.63063063     0.00104712
 30.73073073     0.00104050
 30.83083083     0.00103255
 30.93093093     0.00102334
 31.03103103     0.00101292
 31.13113113     0.00100136
 31.23123123     0.00098873
 31.33133133     0.00097508
 31.43143143     0.00096049
 31.53153153     0.00094500
 31.63163163     0.00092869
 31.73173173     0.00091160
 31.83183183     0.00089379
 31.93193193     0.00087533
 32.03203203     0.00085627
 32.13213213     0.00083665
 32.23223223     0.00081654
 32.33233233     0.00079598
 32.43243243     0.00077503
 32.53253253     0.00075373
 32.63263263     0.00073213
 32.73273273     0.00071027
 32.83283283     0.00068821
 32.93293293     0.00066597
 33.03303303     0.00064361
 33.13313313     0.00062117
 33.23323323     0.00059868
 33.33333333     0.00057618
 33.43343343     0.00055371
 33.53353353     0.00053130
 33.63363363     0.00050898
 33.73373373     0.00048679
 33.83383383     0.00046475
 33.93393393     0.00044290
 34.03403403     0.00042125
 34.13413413     0.00039985
 34.23423423     0.00037870
 34.33433433     0.00035784
 34.43443443     0.00033729
 34.53453453     0.00031706
 34.63463463     0.00029718
 34.73473473     0.00027766
 34.83483483     0.00025852
 34.93493493     0.00023977
 35.03503504     0.00022143
 35.13513514     0.00020352
 35.23523524     0.00018603
 35.33533534     0.00016899
 35.43543544     0.00015241
 35.53553554     0.00013628
 35.63563564     0.00012063
 35.73573574     0.00010544
 35.83583584     0.00009074
 35.93593594     0.00007652
 36.03603604     0.00006279
 36.13613614     0.00004954
 36.23623624     0.00003679
 36.33633634     0.00002452
 36.43643644     0.00001275
 36.53653654     0.00000147
 36.63663664    -0.00000932
 36.73673674    -0.00001963
 36.83683684    -0.00002946
 36.93693694    -0.00003881
 37.03703704    -0.00004768
 37.13713714    -0.00005609
 37.23723724    -0.00006403
 37.33733734    -0.00007151
 37.43743744    -0.00007855
 37.53753754    -0.00008514
 37.63763764    -0.00009129
 37.73773774    -0.00009702
 37.83783784    -0.00010233
 37.93793794    -0.00010723
 38.03803804    -0.00011172
 38.13813814    -0.00011583
 38.23823824    -0.00011955
 38.33833834    -0.00012290
 38.43843844    -0.00012589
 38.53853854    -0.00012852
 38.63863864    -0.00013082
 38.73873874    -0.00013278
 38.83883884    -0.00013442
 38.93893894    -0.00013575
 39.03903904    -0.00013678
 39.13913914    -0.00013753
 39.23923924    -0.00013800
 39.33933934    -0.00013820
 39.43943944    -0.00013815
 39.53953954    -0.00013785
 39.63963964    -0.00013733
 39.73973974    -0.00013658
 39.83983984    -0.00013561
 39.93993994    -0.00013445
 40.04004004    -0.00013310
 40.14014014    -0.00013157
 40.24024024    -0.00012987
 40.34034034    -0.00012801
 40.44044044    -0.00012601
 40.54054054    -0.00012386
 40.64064064    -0.00012159
 40.74074074    -0.00011920
 40.84084084    -0.00011670
 40.94094094    -0.00011409
 41.04104104    -0.00011140
 41.14114114    -0.00010862
 41.24124124    -0.00010577
 41.34134134    -0.00010285
 41.44144144    -0.00009988
 41.54154154    -0.00009685
 41.64164164    -0.00009379
 41.74174174    -0.00009068
 41.84184184    -0.00008755
 41.94194194    -0.00008440
 42.04204204    -0.00008124
 42.14214214    -0.00007806
 42.24224224    -0.00007489
 42.34234234    -0.00007172
 42.44244244    -0.00006855
 42.54254254    -0.00006541
 42.64264264    -0.00006228
 42.74274274    -0.00005918
 42.84284284    -0.00005610
 42.94294294    -0.00005306
 43.04304304    -0.00005006
 43.14314314    -0.00004710
 43.24324324    -0.00004419
 43.34334334    -0.00004132
 43.44344344    -0.00003850
 43.54354354    -0.00003574
 43.64364364    -0.00003304
 43.74374374    -0.00003040
 43.84384384    -0.00002782
 43.94394394    -0.00002530
 44.04404404    -0.00002285
 44.14414414    -0.00002047
 44.24424424    -0.00001816
 44.34434434    -0.00001592
 44.44444444    -0.00001374
 44.54454454    -0.00001165
 44.64464464    -0.00000962
 44.74474474    -0.00000767
 44.84484484    -0.00000579
 44.94494494    -0.00000399
 45.04504505    -0.00000226
 45.14514515    -0.00000061
 45.24524525     0.00000097
 45.34534535     0.00000248
 45.44544545     0.00000391
 45.54554555     0.00000527
 45.64564565     0.00000656
 45.74574575     0.00000777
 45.84584585     0.00000892
 45.94594595     0.00000999
 46.04604605     0.00001100
 46.14614615     0.00001194
 46.24624625     0.00001281
 46.34634635     0.00001361
 46.44644645     0.00001436
 46.54654655     0.00001504
 46.64664665     0.00001566
 46.74674675     0.00001622
 46.84684685     0.00001672
 46.94694695     0.00001717
 47.04704705     0.00001756
 47.14714715     0.00001790
 47.24724725     0.00001819
 47.34734735     0.00001843
 47.44744745     0.00001862
 47.54754755     0.00001877
 47.64764765     0.00001887
 47.74774775     0.00001893
 47.84784785     0.00001895
 47.94794795     0.00001893
 48.04804805     0.00001887
 48.14814815     0.00001878
 48.24824825     0.00001866
 48.34834835     0.00001850
 48.44844845     0.00001831
 48.54854855     0.00001810
 48.64864865     0.00001786
 48.74874875     0.00001759
 48.84884885     0.00001730
 48.94894895     0.00001699
 49.04904905     0.00001666
 49.14914915     0.00001632
 49.24924925     0.00001595
 49.34934935     0.00001557
 49.44944945     0.00001517
 49.54954955     0.00001477
 49.64964965     0.00001435
 49.74974975     0.00001392
 49.84984985     0.00001349
 49.94994995     0.00001304
 50.05005005     0.00001259
 50.15015015     0.00001214
 50.25025025     0.00001168
 50.35035035     0.00001122
 50.45045045     0.00001076
 50.55055055     0.00001030
 50.65065065     0.00000983
 50.75075075     0.00000937
 50.85085085     0.00000892
 50.95095095     0.00000846
 51.05105105     0.00000801
 51.15115115     0.00000756
 51.25125125     0.00000712
 51.35135135     0.00000669
 51.45145145     0.00000626
 51.55155155     0.00000584
 51.65165165     0.00000542
 51.75175175     0.00000502
 51.85185185     0.00000462
 51.95195195     0.00000423
 52.05205205     0.00000385
 52.15215215     0.00000348
 52.25225225     0.00000312
 52.35235235     0.00000278
 52.45245245     0.00000244
 52.55255255     0.00000211
 52.65265265     0.00000180
 52.75275275     0.00000149
 52.85285285     0.00000120
 52.95295295     0.00000092
 53.05305305     0.00000065
 53.15315315     0.00000039
 53.25325325     0.00000014
 53.35335335    -0.00000010
 53.45345345    -0.00000032
 53.55355355    -0.00000053
 53.65365365    -0.00000074
 53.75375375    -0.00000093
 53.85385385    -0.00000111
 53.95395395    -0.00000127
 54.05405405    -0.00000143
 54.15415415    -0.00000158
 54.25425425    -0.00000172
 54.35435435    -0.00000184
 54.45445445    -0.00000196
 54.55455455    -0.00000207
 54.65465465    -0.00000216
 54.75475475    -0.00000225
 54.85485485    -0.00000233
 54.95495495    -0.00000240
 55.05505506    -0.00000246
 55.15515516    -0.00000252
 55.25525526    -0.00000256
 55.35535536    -0.00000260
 55.45545546    -0.00000263
 55.55555556    -0.00000265
 55.65565566    -0.00000267
 55.75575576    -0.00000268
 55.85585586    -0.00000268
 55.95595596    -0.00000268
 56.05605606    -0.00000267
 56.15615616    -0.00000265
 56.25625626    -0.00000264
 56.35635636    -0.00000261
 56.45645646    -0.00000258
 56.55655656    -0.00000255
 56.65665666    -0.00000251
 56.75675676    -0.00000247
 56.85685686    -0.00000243
 56.95695696    -0.00000238
 57.05705706    -0.00000233
 57.15715716    -0.00000228
 57.25725726    -0.00000222
 57.35735736    -0.00000216
 57.45745746    -0.00000210
 57.55755756    -0.00000204
 57.65765766    -0.00000198
 57.75775776    -0.00000191
 57.85785786    -0.00000185
 57.95795796    -0.00000178
 58.05805806    -0.00000171
 58.15815816    -0.00000164
 58.25825826    -0.00000158
 58.35835836    -0.00000151
 58.45845846    -0.00000144
 58.55855856    -0.00000137
 58.65865866    -0.00000130
 58.75875876    -0.00000123
 58.85885886    -0.00000117
 58.95895896    -0.00000110
 59.05905906    -0.00000103
 59.15915916    -0.00000097
 59.25925926    -0.00000091
 59.35935936    -0.00000084
 59.45945946    -0.00000078
 59.55955956    -0.00000072
 59.65965966    -0.00000066
 59.75975976    -0.00000060
 59.85985986    -0.00000055
 59.95995996    -0.00000049
 60.06006006    -0.00000044
 60.16016016    -0.00000039
 60.26026026    -0.00000034
 60.36036036    -0.00000029
 60.46046046    -0.00000024
 60.56056056    -0.00000020
 60.66066066    -0.00000015
 60.76076076    -0.00000011
 60.86086086    -0.00000007
 60.96096096    -0.00000003
 61.06106106     0.00000000
 61.16116116     0.00000004
 61.26126126     0.00000007
 61.36136136     0.00000010
 61.46146146     0.00000013
 61.56156156     0.00000016
 61.66166166     0.00000018
 61.76176176     0.00000021
 61.86186186     0.00000023
 61.96196196     0.00000025
 62.06206206     0.00000027
 62.16216216     0.00000028
 62.26226226     0.00000030
 62.36236236     0.00000031
 62.46246246     0.00000033
 62.56256256     0.00000034
 62.66266266     0.00000035
 62.76276276     0.00000036
 62.86286286     0.00000037
 62.96296296     0.00000037
 63.06306306     0.00000038
 63.16316316     0.00000038
 63.26326326     0.00000038
 63.36336336     0.00000039
 63.46346346     0.00000039
 63.56356356     0.00000039
 63.66366366     0.00000039
 63.76376376     0.00000038
 63.86386386     0.00000038
 63.96396396     0.00000038
 64.06406406     0.00000037
 64.16416416     0.00000037
 64.26426426     0.00000036
 64.36436436     0.00000036
 64.46446446     0.00000035
 64.56456456     0.00000034
 64.66466466     0.00000034
 64.76476476     0.00000033
 64.86486486     0.00000032
 64.96496496     0.00000031
 65.06506507     0.00000030
 65.16516517     0.00000029
 65.26526527     0.00000028
 65.36536537     0.00000027
 65.46546547     0.00000026
 65.56556557     0.00000025
 65.66566567     0.00000024
 65.76576577     0.00000023
 65.86586587     0.00000022
 65.96596597     0.00000021
 66.06606607     0.00000020
 66.16616617     0.00000019
 66.26626627     0.00000018
 66.36636637     0.00000017
 66.46646647     0.00000016
 66.56656657     0.00000015
 66.66666667     0.00000014
 66.76676677     0.00000013
 66.86686687     0.00000012
 66.96696697     0.00000011
 67.06706707     0.00000010
 67.16716717     0.00000009
 67.26726727     0.00000009
 67.36736737     0.00000008
 67.46746747     0.00000007
 67.56756757     0.00000006
 67.66766767     0.00000005
 67.76776777     0.00000005
 67.86786787     0.00000004
 67.96796797     0.00000003
 68.06806807     0.00000002
 68.16816817     0.00000002
 68.26826827     0.00000001
 68.36836837     0.00000001
 68.46846847     0.00000000
 68.56856857    -0.00000000
 68.66866867    -0.00000001
 68.76876877    -0.00000001
 68.86886887    -0.00000002
 68.96896897    -0.00000002
 69.06906907    -0.00000003
 69.16916917    -0.00000003
 69.26926927    -0.00000003
 69.36936937    -0.00000004
 69.46946947    -0.00000004
 69.56956957    -0.00000004
 69.66966967    -0.00000004
 69.76976977    -0.00000005
 69.86986987    -0.00000005
 69.96996997    -0.00000005
 70.07007007    -0.00000005
 70.17017017    -0.00000005
 70.27027027    -0.00000005
 70.37037037    -0.00000005
 70.47047047    -0.00000006
 70.57057057    -0.00000006
 70.67067067    -0.00000006
 70.77077077    -0.00000006
 70.87087087    -0.00000006
 70.97097097    -0.00000006
 71.07107107    -0.00000006
 71.17117117    -0.00000006
 71.27127127    -0.00000006
 71.37137137    -0.00000006
 71.47147147    -0.00000005
 71.57157157    -0.00000005
 71.67167167    -0.00000005
 71.77177177    -0.00000005
 71.87187187    -0.00000005
 71.97197197    -0.00000005
 72.07207207    -0.00000005
 72.17217217    -0.00000005
 72.27227227    -0.00000005
 72.37237237    -0.00000004
 72.47247247    -0.00000004
 72.57257257    -0.00000004
 72.67267267    -0.00000004
 72.77277277    -0.00000004
 72.87287287    -0.00000004
 72.97297297    -0.00000004
 73.07307307    -0.00000003
 73.17317317    -0.00000003
 73.27327327    -0.00000003
 73.37337337    -0.00000003
 73.47347347    -0.00000003
 73.57357357    -0.00000003
 73.67367367    -0.00000002
 73.77377377    -0.00000002
 73.87387387    -0.00000002
 73.97397397    -0.00000002
 74.07407407    -0.00000002
 74.17417417    -0.00000002
 74.27427427    -0.00000002
 74.37437437    -0.00000001
 74.47447447    -0.00000001
 74.57457457    -0.00000001
 74.67467467    -0.00000001
 74.77477477    -0.00000001
 74.87487487    -0.00000001
 74.97497497    -0.00000001
 75.07507508    -0.00000001
 75.17517518    -0.00000000
 75.27527528    -0.00000000
 75.37537538    -0.00000000
 75.47547548    -0.00000000
 75.57557558    -0.00000000
 75.67567568     0.00000000
 75.77577578     0.00000000
 75.87587588     0.00000000
 75.97597598     0.00000000
 76.07607608     0.00000000
 76.17617618     0.00000000
 76.27627628     0.00000000
 76.37637638     0.00000000
 76.47647648     0.00000001
 76.57657658     0.00000001
 76.67667668     0.00000001
 76.77677678     0.00000001
 76.87687688     0.00000001
 76.97697698     0.00000001
 77.07707708     0.00000001
 77.17717718     0.00000001
 77.27727728     0.00000001
 77.37737738     0.00000001
 77.47747748     0.00000001
 77.57757758     0.00000001
 77.67767768     0.00000001
 77.77777778     0.00000001
 77.87787788     0.00000001
 77.97797798     0.00000001
 78.07807808     0.00000001
 78.17817818     0.00000001
 78.27827828     0.00000001
 78.37837838     0.00000001
 78.47847848     0.00000001
 78.57857858     0.00000001
 78.67867868     0.00000001
 78.77877878     0.00000001
 78.87887888     0.00000001
 78.97897898     0.00000001
 79.07907908     0.00000001
 79.17917918     0.00000001
 79.27927928     0.00000001
 79.37937938     0.00000001
 79.47947948     0.00000001
 79.57957958     0.00000001
 79.67967968     0.00000001
 79.77977978     0.00000001
 79.87987988     0.00000001
 79.97997998     0.00000001
 80.08008008     0.00000001
 80.18018018     0.00000000
 80.28028028     0.00000000
 80.38038038     0.00000000
 80.48048048     0.00000000
 80.58058058     0.00000000
 80.68068068     0.00000000
 80.78078078     0.00000000
 80.88088088     0.00000000
 80.98098098     0.00000000
 81.08108108     0.00000000
 81.18118118     0.00000000
 81.28128128     0.00000000
 81.38138138     0.00000000
 81.48148148     0.00000000
 81.58158158     0.00000000
 81.68168168     0.00000000
 81.78178178     0.00000000
 81.88188188     0.00000000
 81.98198198     0.00000000
 82.08208208     0.00000000
 82.18218218     0.00000000
 82.28228228     0.00000000
 82.38238238     0.00000000
 82.48248248     0.00000000
 82.58258258     0.00000000
 82.68268268    -0.00000000
 82.78278278    -0.00000000
 82.88288288    -0.00000000
 82.98298298    -0.00000000
 83.08308308    -0.00000000
 83.18318318    -0.00000000
 83.28328328    -0.00000000
 83.38338338    -0.00000000
 83.48348348    -0.00000000
 83.58358358    -0.00000000
 83.68368368    -0.00000000
 83.78378378    -0.00000000
 83.88388388    -0.00000000
 83.98398398    -0.00000000
 84.08408408    -0.00000000
 84.18418418    -0.00000000
 84.28428428    -0.00000000
 84.38438438    -0.00000000
 84.48448448    -0.00000000
 84.58458458    -0.00000000
 84.68468468    -0.00000000
 84.78478478    -0.00000000
 84.88488488    -0.00000000
 84.98498498    -0.00000000
 85.08508509    -0.00000000
 85.18518519    -0.00000000
 85.28528529    -0.00000000
 85.38538539    -0.00000000
 85.48548549    -0.00000000
 85.58558559    -0.00000000
 85.68568569    -0.00000000
 85.78578579    -0.00000000
 85.88588589    -0.00000000
 85.98598599    -0.00000000
 86.08608609    -0.00000000
 86.18618619    -0.00000000
 86.28628629    -0.00000000
 86.38638639    -0.00000000
 86.48648649    -0.00000000
 86.58658659    -0.00000000
 86.68668669    -0.00000000
 86.78678679    -0.00000000
 86.88688689    -0.00000000
 86.98698699    -0.00000000
 87.08708709    -0.00000000
 87.18718719    -0.00000000
 87.28728729    -0.00000000
 87.38738739    -0.00000000
 87.48748749    -0.00000000
 87.58758759    -0.00000000
 87.68768769    -0.00000000
 87.78778779    -0.00000000
 87.88788789    -0.00000000
 87.98798799    -0.00000000
 88.08808809    -0.00000000
 88.18818819    -0.00000000
 88.28828829    -0.00000000
 88.38838839    -0.00000000
 88.48848849    -0.00000000
 88.58858859    -0.00000000
 88.68868869    -0.00000000
 88.78878879    -0.00000000
 88.88888889    -0.00000000
 88.98898899    -0.00000000
 89.08908909    -0.00000000
 89.18918919    -0.00000000
 89.28928929    -0.00000000
 89.38938939    -0.00000000
 89.48948949     0.00000000
 89.58958959     0.00000000
 89.68968969     0.00000000
 89.78978979     0.00000000
 89.88988989     0.00000000
 89.98998999     0.00000000
 90.09009009     0.00000000
 90.19019019     0.00000000
 90.29029029     0.00000000
 90.39039039     0.00000000
 90.49049049     0.00000000
 90.59059059     0.00000000
 90.69069069     0.00000000
 90.79079079     0.00000000
 90.89089089     0.00000000
 90.99099099     0.00000000
 91.09109109     0.00000000
 91.19119119     0.00000000
 91.29129129     0.00000000
 91.39139139     0.00000000
 91.49149149     0.00000000
 91.59159159     0.00000000
 91.69169169     0.00000000
 91.79179179     0.00000000
 91.89189189     0.00000000
 91.99199199     0.00000000
 92.09209209     0.00000000
 92.19219219     0.00000000
 92.29229229     0.00000000
 92.39239239     0.00000000
 92.49249249     0.00000000
 92.59259259     0.00000000
 92.69269269     0.00000000
 92.79279279     0.00000000
 92.89289289     0.00000000
 92.99299299     0.00000000
 93.09309309     0.00000000
 93.19319319     0.00000000
 93.29329329     0.00000000
 93.39339339     0.00000000
 93.49349349     0.00000000
 93.59359359     0.00000000
 93.69369369     0.00000000
 93.79379379     0.00000000
 93.89389389     0.00000000
 93.99399399     0.00000000
 94.09409409     0.00000000
 94.19419419     0.00000000
 94.29429429     0.00000000
 94.39439439     0.00000000
 94.49449449     0.00000000
 94.59459459     0.00000000
 94.69469469     0.00000000
 94.79479479     0.00000000
 94.89489489     0.00000000
 94.99499499     0.00000000
 95.09509510     0.00000000
 95.19519520     0.00000000
 95.29529530     0.00000000
 95.39539540     0.00000000
 95.49549550     0.00000000
 95.59559560     0.00000000
 95.69569570     0.00000000
 95.79579580     0.00000000
 95.89589590     0.00000000
 95.99599600     0.00000000
 96.09609610     0.00000000
 96.19619620     0.00000000
 96.29629630     0.00000000
 96.39639640     0.00000000
 96.49649650    -0.00000000
 96.59659660    -0.00000000
 96.69669670    -0.00000000
 96.79679680    -0.00000000
 96.89689690    -0.00000000
 96.99699700    -0.00000000
 97.09709710    -0.00000000
 97.19719720    -0.00000000
 97.29729730    -0.00000000
 97.39739740    -0.00000000
 97.49749750    -0.00000000
 97.59759760    -0.00000000
 97.69769770    -0.00000000
 97.79779780    -0.00000000
 97.89789790    -0.00000000
 97.99799800    -0.00000000
 98.09809810    -0.00000000
 98.19819820    -0.00000000
 98.29829830    -0.00000000
 98.39839840    -0.00000000
 98.49849850    -0.00000000
 98.59859860    -0.00000000
 98.69869870    -0.00000000
 98.79879880    -0.00000000
 98.89889890    -0.00000000
 98.99899900    -0.00000000
 99.09909910    -0.00000000
 99.19919920    -0.00000000
 99.29929930    -0.00000000
 99.39939940    -0.00000000
 99.49949950    -0.00000000
 99.59959960    -0.00000000
 99.69969970     0.00000000
 99.79979980     0.00000000
 99.89989990     0.00000000
100.00000000     0.00000000
