  0.00000000    -0.39242768
  0.10010010    -0.37842768
  0.20020020    -0.36465759
  0.30030030    -0.35111740
  0.40040040    -0.33780705
  0.50050050    -0.32472642
  0.60060060    -0.31187529
  0.70070070    -0.29925342
  0.80080080    -0.28686047
  0.90090090    -0.27469606
  1.00100100    -0.26275972
  1.10110110    -0.25105094
  1.20120120    -0.23956913
  1.30130130    -0.22831364
  1.40140140    -0.21728376
  1.50150150    -0.20647873
  1.60160160    -0.19589769
  1.70170170    -0.18553977
  1.80180180    -0.17540399
  1.90190190    -0.16548934
  2.00200200    -0.15579474
  2.10210210    -0.14631905
  2.20220220    -0.13706109
  2.30230230    -0.12801958
  2.40240240    -0.11919323
  2.50250250    -0.11058067
  2.60260260    -0.10218048
  2.70270270    -0.09399117
  2.80280280    -0.08601123
  2.90290290    -0.07823907
  3.00300300    -0.07067305
  3.10310310    -0.06331150
  3.20320320    -0.05615268
  3.30330330    -0.04919481
  3.40340340    -0.04243607
  3.50350350    -0.03587457
  3.60360360    -0.02950840
  3.70370370    -0.02333559
  3.80380380    -0.01735413
  3.90390390    -0.01156199
  4.00400400    -0.00595706
  4.10410410    -0.00053723
  4.20420420     0.00469967
  4.30430430     0.00975586
  4.40440440     0.01463355
  4.50450450     0.01933503
  4.60460460     0.02386260
  4.70470470     0.02821860
  4.80480480     0.03240539
  4.90490490     0.03642537
  5.00500501     0.04028096
  5.10510511     0.04397460
  5.20520521     0.04750878
  5.30530531     0.05088599
  5.40540541     0.05410874
  5.50550551     0.05717957
  5.60560561     0.06010105
  5.70570571     0.06287575
  5.80580581     0.06550626
  5.90590591     0.06799519
  6.00600601     0.07034515
  6.10610611     0.07255879
  6.20620621     0.07463874
  6.30630631     0.07658765
  6.40640641     0.07840820
  6.50650651     0.08010304
  6.60660661     0.08167485
  6.70670671     0.08312630
  6.80680681     0.08446007
  6.90690691     0.08567885
  7.00700701     0.08678531
  7.10710711     0.08778213
  7.20720721     0.08867199
  7.30730731     0.08945756
  7.40740741     0.09014150
  7.50750751     0.09072647
  7.60760761     0.09121513
  7.70770771     0.09161011
  7.80780781     0.09191405
  7.90790791     0.09212957
  8.00800801     0.09225928
  8.10810811     0.09230576
  8.20820821     0.09227160
  8.30830831     0.09215935
  8.40840841     0.09197157
  8.50850851     0.09171078
  8.60860861     0.09137948
  8.70870871     0.09098016
  8.80880881     0.09051529
  8.90890891     0.08998731
  9.00900901     0.08939863
  9.10910911     0.08875166
  9.20920921     0.08804875
  9.30930931     0.08729225
  9.40940941     0.08648448
  9.50950951     0.08562772
  9.60960961     0.08472424
  9.70970971     0.08377626
  9.80980981     0.08278598
  9.90990991     0.08175558
 10.01001001     0.08068718
 10.11011011     0.07958289
 10.21021021     0.07844478
 10.31031031     0.07727490
 10.41041041     0.07607524
 10.51051051     0.07484778
 10.61061061     0.07359445
 10.71071071     0.07231715
 10.81081081     0.07101774
 10.91091091     0.06969805
 11.01101101     0.06835987
 11.11111111     0.06700495
 11.21121121     0.06563500
 11.31131131     0.06425171
 11.41141141     0.06285671
 11.51151151     0.06145161
 11.61161161     0.06003796
 11.71171171     0.05861729
 11.81181181     0.05719109
 11.91191191     0.05576080
 12.01201201     0.05432783
 12.11211211     0.05289355
 12.21221221     0.05145928
 12.31231231     0.05002632
 12.41241241     0.04859592
 12.51251251     0.04716928
 12.61261261     0.04574759
 12.71271271     0.04433196
 12.81281281     0.04292351
 12.91291291     0.04152328
 13.01301301     0.04013230
 13.11311311     0.03875154
 13.21321321     0.03738195
 13.31331331     0.03602442
 13.41341341     0.03467983
 13.51351351     0.03334900
 13.61361361     0.03203272
 13.71371371     0.03073176
 13.81381381     0.02944683
 13.91391391     0.02817861
 14.01401401     0.02692776
 14.11411411     0.02569488
 14.21421421     0.02448055
 14.31431431     0.02328532
 14.41441441     0.02210969
 14.51451451     0.02095415
 14.61461461     0.01981914
 14.71471471     0.01870507
 14.81481481     0.01761232
 14.91491491     0.01654124
 15.01501502     0.01549215
 15.11511512     0.01446534
 15.21521522     0.01346106
 15.31531532     0.01247955
 15.41541542     0.01152100
 15.51551552     0.01058559
 15.61561562     0.00967348
 15.71571572     0.00878477
 15.81581582     0.00791956
 15.91591592     0.00707793
 16.01601602     0.00625991
 16.11611612     0.00546553
 16.21621622     0.00469478
 16.31631632     0.00394764
 16.41641642     0.00322407
 16.51651652     0.00252398
 16.61661662     0.00184730
 16.71671672     0.00119392
 16.81681682     0.00056370
 16.91691692    -0.00004350
 17.01701702    -0.00062784
 17.11711712    -0.00118952
 17.21721722    -0.00172872
 17.31731732    -0.00224566
 17.41741742    -0.00274058
 17.51751752    -0.00321372
 17.61761762    -0.00366533
 17.71771772    -0.00409570
 17.81781782    -0.00450510
 17.91791792    -0.00489383
 18.01801802    -0.00526220
 18.11811812    -0.00561054
 18.21821822    -0.00593916
 18.31831832    -0.00624842
 18.41841842    -0.00653865
 18.51851852    -0.00681022
 18.61861862    -0.00706348
 18.71871872    -0.00729882
 18.81881882    -0.00751660
 18.91891892    -0.00771721
 19.01901902    -0.00790104
 19.11911912    -0.00806849
 19.21921922    -0.00821996
 19.31931932    -0.00835584
 19.41941942    -0.00847654
 19.51951952    -0.00858247
 19.61961962    -0.00867404
 19.71971972    -0.00875166
 19.81981982    -0.00881575
 19.91991992    -0.00886673
 20.02002002    -0.00890500
 20.12012012    -0.00893098
 20.22022022    -0.00894509
 20.32032032    -0.00894774
 20.42042042    -0.00893934
 20.52052052    -0.00892030
 20.62062062    -0.00889104
 20.72072072    -0.00885195
 20.82082082    -0.00880345
 20.92092092    -0.00874592
 21.02102102    -0.00867978
 21.12112112    -0.00860540
 21.22122122    -0.00852319
 21.32132132    -0.00843352
 21.42142142    -0.00833677
 21.52152152    -0.00823332
 21.62162162    -0.00812354
 21.72172172    -0.00800780
 21.82182182    -0.00788644
 21.92192192    -0.00775983
 22.02202202    -0.00762832
 22.12212212    -0.00749223
 22.22222222    -0.00735191
 22.32232232    -0.00720768
 22.42242242    -0.00705987
 22.52252252    -0.00690878
 22.62262262    -0.00675473
 22.72272272    -0.00659801
 22.82282282    -0.00643892
 22.92292292    -0.00627774
 23.02302302    -0.00611475
 23.12312312    -0.00595022
 23.22322322    -0.00578441
 23.32332332    -0.00561758
 23.42342342    -0.00544997
 23.52352352    -0.00528182
 23.62362362    -0.00511337
 23.72372372    -0.00494484
 23.82382382    -0.00477644
 23.92392392    -0.00460838
 24.02402402    -0.00444087
 24.12412412    -0.00427409
 24.22422422    -0.00410824
 24.32432432    -0.00394348
 24.42442442    -0.00378000
 24.52452452    -0.00361794
 24.62462462    -0.00345747
 24.72472472    -0.00329874
 24.82482482    -0.00314187
 24.92492492    -0.00298702
 25.02502503    -0.00283429
 25.12512513    -0.00268382
 25.22522523    -0.00253570
 25.32532533    -0.00239005
 25.42542543    -0.00224696
 25.52552553    -0.00210652
 25.62562563    -0.00196883
 25.72572573    -0.00183394
 25.82582583    -0.00170194
 25.92592593    -0.00157289
 26.02602603    -0.00144685
 26.12612613    -0.00132388
 26.22622623    -0.00120401
 26.32632633    -0.00108729
 26.42642643    -0.00097376
 26.52652653    -0.00086345
 26.62662663    -0.00075638
 26.72672673    -0.00065257
 26.82682683    -0.00055203
 26.92692693    -0.00045478
 27.02702703    -0.00036083
 27.12712713    -0.00027017
 27.22722723    -0.00018280
 27.32732733    -0.00009871
 27.42742743    -0.00001789
 27.52752753     0.00005968
 27.62762763     0.00013401
 27.72772773     0.00020513
 27.82782783     0.00027306
 27.92792793     0.00033783
 28.02802803     0.00039948
 28.12812813     0.00045805
 28.22822823     0.00051356
 28.32832833     0.00056607
 28.42842843     0.00061561
 28.52852853     0.00066223
 28.62862863     0.00070599
 28.72872873     0.00074693
 28.82882883     0.00078510
 28.92892893     0.00082055
 29.02902903     0.00085336
 29.12912913     0.00088356
 29.22922923     0.00091122
 29.32932933     0.00093641
 29.42942943     0.00095918
 29.52952953     0.00097959
 29.62962963     0.00099772
 29.72972973     0.00101361
 29.82982983     0.00102734
 29.92992993     0.00103898
 30.03003003     0.00104859
 30.13013013     0.00105623
 30.23023023     0.00106198
 30.33033033     0.00106589
 30.43043043     0.00106804
 30.53053053     0.00106849
 30.63063063     0.00106732
 30.73073073     0.00106457
 30.83083083     0.00106034
 30.93093093     0.00105467
 31.03103103     0.00104763
 31.13113113     0.00103929
 31.23123123     0.00102971
 31.33133133     0.00101896
 31.43143143     0.00100710
 31.53153153     0.00099419
 31.63163163     0.00098029
 31.73173173     0.00096547
 31.83183183     0.00094978
 31.93193193     0.00093327
 32.03203203     0.00091602
 32.13213213     0.00089806
 32.23223223     0.00087947
 32.33233233     0.00086029
 32.43243243     0.00084057
 32.53253253     0.00082037
 32.63263263     0.00079974
 32.73273273     0.00077872
 32.83283283     0.00075737
 32.93293293     0.00073572
 33.03303303     0.00071383
 33.13313313     0.00069173
 33.23323323     0.00066948
 33.33333333     0.00064711
 33.43343343     0.00062465
 33.53353353     0.00060215
 33.63363363     0.00057965
 33.73373373     0.00055717
 33.83383383     0.00053476
 33.93393393     0.00051244
 34.03403403     0.00049025
 34.13413413     0.00046821
 34.23423423     0.00044636
 34.33433433     0.00042472
 34.43443443     0.00040331
 34.53453453     0.00038216
 34.63463463     0.00036129
 34.73473473     0.00034073
 34.83483483     0.00032049
 34.93493493     0.00030059
 35.03503504     0.00028105
 35.13513514     0.00026188
 35.23523524     0.00024311
 35.33533534     0.00022474
 35.43543544     0.00020679
 35.53553554     0.00018926
 35.63563564     0.00017218
 35.73573574     0.00015554
 35.83583584     0.00013936
 35.93593594     0.00012364
 36.03603604     0.00010839
 36.13613614     0.00009362
 36.23623624     0.00007932
 36.33633634     0.00006551
 36.43643644     0.00005219
 36.53653654     0.00003934
 36.63663664     0.00002699
 36.73673674     0.00001512
 36.83683684     0.00000374
 36.93693694    -0.00000716
 37.03703704    -0.00001757
 37.13713714    -0.00002751
 37.23723724    -0.00003697
 37.33733734    -0.00004596
 37.43743744    -0.00005449
 37.53753754    -0.00006255
 37.63763764    -0.00007016
 37.73773774    -0.00007732
 37.83783784    -0.00008404
 37.93793794    -0.00009032
 38.03803804    -0.00009618
 38.13813814    -0.00010162
 38.23823824    -0.00010665
 38.33833834    -0.00011128
 38.43843844    -0.00011551
 38.53853854    -0.00011937
 38.63863864    -0.00012285
 38.73873874    -0.00012597
 38.83883884    -0.00012873
 38.93893894    -0.00013116
 39.03903904    -0.00013325
 39.13913914    -0.00013501
 39.23923924    -0.00013647
 39.33933934    -0.00013763
 39.43943944    -0.00013849
 39.53953954    -0.00013908
 39.63963964    -0.00013940
 39.73973974    -0.00013946
 39.83983984    -0.00013928
 39.93993994    -0.00013886
 40.04004004    -0.00013821
 40.14014014    -0.00013735
 40.24024024    -0.00013629
 40.34034034    -0.00013503
 40.44044044    -0.00013359
 40.54054054    -0.00013198
 40.64064064    -0.00013020
 40.74074074    -0.00012827
 40.84084084    -0.00012620
 40.94094094    -0.00012400
 41.04104104    -0.00012167
 41.14114114    -0.00011923
 41.24124124    -0.00011668
 41.34134134    -0.00011404
 41.44144144    -0.00011131
 41.54154154    -0.00010850
 41.64164164    -0.00010563
 41.74174174    -0.00010269
 41.84184184    -0.00009969
 41.94194194    -0.00009665
 42.04204204    -0.00009357
 42.14214214    -0.00009045
 42.24224224    -0.00008732
 42.34234234    -0.00008416
 42.44244244    -0.00008099
 42.54254254    -0.00007781
 42.64264264    -0.00007464
 42.74274274    -0.00007147
 42.84284284    -0.00006831
 42.94294294    -0.00006516
 43.04304304    -0.00006204
 43.14314314    -0.00005894
 43.24324324    -0.00005588
 43.34334334    -0.00005284
 43.44344344    -0.00004985
 43.54354354    -0.00004690
 43.64364364    -0.00004399
 43.74374374    -0.00004113
 43.84384384    -0.00003833
 43.94394394    -0.00003558
 44.04404404    -0.00003289
 44.14414414    -0.00003025
 44.24424424    -0.00002768
 44.34434434    -0.00002517
 44.44444444    -0.00002273
 44.54454454    -0.00002036
 44.64464464    -0.00001805
 44.74474474    -0.00001582
 44.84484484    -0.00001365
 44.94494494    -0.00001156
 45.04504505    -0.00000954
 45.14514515    -0.00000760
 45.24524525    -0.00000572
 45.34534535    -0.00000392
 45.44544545    -0.00000220
 45.54554555    -0.00000055
 45.64564565     0.00000103
 45.74574575     0.00000253
 45.84584585     0.00000397
 45.94594595     0.00000532
 46.04604605     0.00000661
 46.14614615     0.00000783
 46.24624625     0.00000897
 46.34634635     0.00001005
 46.44644645     0.00001106
 46.54654655     0.00001200
 46.64664665     0.00001288
 46.74674675     0.00001369
 46.84684685     0.00001444
 46.94694695     0.00001512
 47.04704705     0.00001575
 47.14714715     0.00001631
 47.24724725     0.00001682
 47.34734735     0.00001728
 47.44744745     0.00001768
 47.54754755     0.00001802
 47.64764765     0.00001832
 47.74774775     0.00001857
 47.84784785     0.00001876
 47.94794795     0.00001892
 48.04804805     0.00001903
 48.14814815     0.00001910
 48.24824825     0.00001912
 48.34834835     0.00001911
 48.44844845     0.00001906
 48.54854855     0.00001898
 48.64864865     0.00001886
 48.74874875     0.00001871
 48.84884885     0.00001853
 48.94894895     0.00001832
 49.04904905     0.00001809
 49.14914915     0.00001783
 49.24924925     0.00001755
 49.34934935     0.00001724
 49.44944945     0.00001692
 49.54954955     0.00001658
 49.64964965     0.00001622
 49.74974975     0.00001584
 49.84984985     0.00001545
 49.94994995     0.00001505
 50.05005005     0.00001463
 50.15015015     0.00001421
 50.25025025     0.00001377
 50.35035035     0.00001333
 50.45045045     0.00001288
 50.55055055     0.00001243
 50.65065065     0.00001198
 50.75075075     0.00001152
 50.85085085     0.00001105
 50.95095095     0.00001059
 51.05105105     0.00001013
 51.15115115     0.00000967
 51.25125125     0.00000921
 51.35135135     0.00000875
 51.45145145     0.00000830
 51.55155155     0.00000785
 51.65165165     0.00000741
 51.75175175     0.00000697
 51.85185185     0.00000653
 51.95195195     0.00000611
 52.05205205     0.00000569
 52.15215215     0.00000528
 52.25225225     0.00000488
 52.35235235     0.00000449
 52.45245245     0.00000410
 52.55255255     0.00000373
 52.65265265     0.00000336
 52.75275275     0.00000301
 52.85285285     0.00000266
 52.95295295     0.00000233
 53.05305305     0.00000201
 53.15315315     0.00000170
 53.25325325     0.00000140
 53.35335335     0.00000111
 53.45345345     0.00000083
 53.55355355     0.00000056
 53.65365365     0.00000031
 53.75375375     0.00000006
 53.85385385    -0.00000017
 53.95395395    -0.00000039
 54.05405405    -0.00000060
 54.15415415    -0.00000080
 54.25425425    -0.00000099
 54.35435435    -0.00000116
 54.45445445    -0.00000133
 54.55455455    -0.00000148
 54.65465465    -0.00000163
 54.75475475    -0.00000176
 54.85485485    -0.00000189
 54.95495495    -0.00000200
 55.05505506    -0.00000211
 55.15515516    -0.00000220
 55.25525526    -0.00000229
 55.35535536    -0.00000237
 55.45545546    -0.00000244
 55.55555556    -0.00000250
 55.65565566    -0.00000255
 55.75575576    -0.00000259
 55.85585586    -0.00000263
 55.95595596    -0.00000266
 56.05605606    -0.00000268
 56.15615616    -0.00000269
 56.25625626    -0.00000270
 56.35635636    -0.00000270
 56.45645646    -0.00000270
 56.55655656    -0.00000269
 56.65665666    -0.00000268
 56.75675676    -0.00000266
 56.85685686    -0.00000263
 56.95695696    -0.00000260
 57.05705706    -0.00000257
 57.15715716    -0.00000253
 57.25725726    -0.00000249
 57.35735736    -0.00000245
 57.45745746    -0.00000240
 57.55755756    -0.00000235
 57.65765766    -0.00000230
 57.75775776    -0.00000224
 57.85785786    -0.00000218
 57.95795796    -0.00000212
 58.05805806    -0.00000206
 58.15815816    -0.00000200
 58.25825826    -0.00000193
 58.35835836    -0.00000187
 58.45845846    -0.00000180
 58.55855856    -0.00000174
 58.65865866    -0.00000167
 58.75875876    -0.00000160
 58.85885886    -0.00000153
 58.95895896    -0.00000146
 59.05905906    -0.00000139
 59.15915916    -0.00000132
 59.25925926    -0.00000126
 59.35935936    -0.00000119
 59.45945946    -0.00000112
 59.55955956    -0.00000106
 59.65965966    -0.00000099
 59.75975976    -0.00000093
 59.85985986    -0.00000086
 59.95995996    -0.00000080
 60.06006006    -0.00000074
 60.16016016    -0.00000068
 60.26026026    -0.00000062
 60.36036036    -0.00000057
 60.46046046    -0.00000051
 60.56056056    -0.00000046
 60.66066066    -0.00000040
 60.76076076    -0.00000035
 60.86086086    -0.00000030
 60.96096096    -0.00000026
 61.06106106    -0.00000021
 61.16116116    -0.00000017
 61.26126126    -0.00000013
 61.36136136    -0.00000009
 61.46146146    -0.00000005
 61.56156156    -0.00000001
 61.66166166     0.00000002
 61.76176176     0.00000006
 61.86186186     0.00000009
 61.96196196     0.00000012
 62.06206206     0.00000015
 62.16216216     0.00000017
 62.26226226     0.00000020
 62.36236236     0.00000022
 62.46246246     0.00000024
 62.56256256     0.00000026
 62.66266266     0.00000028
 62.76276276     0.00000030
 62.86286286     0.00000031
 62.96296296     0.00000032
 63.06306306     0.00000034
 63.16316316     0.00000035
 63.26326326     0.00000036
 63.36336336     0.00000037
 63.46346346     0.00000037
 63.56356356     0.00000038
 63.66366366     0.00000038
 63.76376376     0.00000039
 63.86386386     0.00000039
 63.96396396     0.00000039
 64.06406406     0.00000039
 64.16416416     0.00000039
 64.26426426     0.00000039
 64.36436436     0.00000039
 64.46446446     0.00000038
 64.56456456     0.00000038
 64.66466466     0.00000038
 64.76476476     0.00000037
 64.86486486     0.00000036
 64.96496496     0.00000036
 65.06506507     0.00000035
 65.16516517     0.00000034
 65.26526527     0.00000034
 65.36536537     0.00000033
 65.46546547     0.00000032
 65.56556557     0.00000031
 65.66566567     0.00000030
 65.76576577     0.00000029
 65.86586587     0.00000028
 65.96596597     0.00000027
 66.06606607     0.00000026
 66.16616617     0.00000025
 66.26626627     0.00000024
 66.36636637     0.00000023
 66.46646647     0.00000022
 66.56656657     0.00000021
 66.66666667     0.00000020
 66.76676677     0.00000019
 66.86686687     0.00000018
 66.96696697     0.00000017
 67.06706707     0.00000016
 67.16716717     0.00000015
 67.26726727     0.00000014
 67.36736737     0.00000013
 67.46746747     0.00000012
 67.56756757     0.00000011
 67.66766767     0.00000010
 67.76776777     0.00000009
 67.86786787     0.00000009
 67.96796797     0.00000008
 68.06806807     0.00000007
 68.16816817     0.00000006
 68.26826827     0.00000005
 68.36836837     0.00000005
 68.46846847     0.00000004
 68.56856857     0.00000003
 68.66866867     0.00000002
 68.76876877     0.00000002
 68.86886887     0.00000001
 68.96896897     0.00000001
 69.06906907     0.00000000
 69.16916917    -0.00000000
 69.26926927    -0.00000001
 69.36936937    -0.00000001
 69.46946947    -0.00000002
 69.56956957    -0.00000002
 69.66966967    -0.00000003
 69.76976977    -0.00000003
 69.86986987    -0.00000003
 69.96996997    -0.00000004
 70.07007007    -0.00000004
 70.17017017    -0.00000004
 70.27027027    -0.00000004
 70.37037037    -0.00000005
 70.47047047    -0.00000005
 70.57057057    -0.00000005
 70.67067067    -0.00000005
 70.77077077    -0.00000005
 70.87087087    -0.00000005
 70.97097097    -0.00000006
 71.07107107    -0.00000006
 71.17117117    -0.00000006
 71.27127127    -0.00000006
 71.37137137    -0.00000006
 71.47147147    -0.00000006
 71.57157157    -0.00000006
 71.67167167    -0.00000006
 71.77177177    -0.00000006
 71.87187187    -0.00000006
 71.97197197    -0.00000006
 72.07207207    -0.00000006
 72.17217217    -0.00000005
 72.27227227    -0.00000005
 72.37237237    -0.00000005
 72.47247247    -0.00000005
 72.57257257    -0.00000005
 72.67267267    -0.00000005
 72.77277277    -0.00000005
 72.87287287    -0.00000005
 72.97297297    -0.00000005
 73.07307307    -0.00000004
 73.17317317    -0.00000004
 73.27327327    -0.00000004
 73.37337337    -0.00000004
 73.47347347    -0.00000004
 73.57357357    -0.00000004
 73.67367367    -0.00000003
 73.77377377    -0.00000003
 73.87387387    -0.00000003
 73.97397397    -0.00000003
 74.07407407    -0.00000003
 74.17417417    -0.00000003
 74.27427427    -0.00000003
 74.37437437    -0.00000002
 74.47447447    -0.00000002
 74.57457457    -0.00000002
 74.67467467    -0.00000002
 74.77477477    -0.00000002
 74.87487487    -0.00000002
 74.97497497    -0.00000001
 75.07507508    -0.00000001
 75.17517518    -0.00000001
 75.27527528    -0.00000001
 75.37537538    -0.00000001
 75.47547548    -0.00000001
 75.57557558    -0.00000001
 75.67567568    -0.00000001
 75.77577578    -0.00000001
 75.87587588    -0.00000000
 75.97597598    -0.00000000
 76.07607608    -0.00000000
 76.17617618    -0.00000000
 76.27627628    -0.00000000
 76.37637638     0.00000000
 76.47647648     0.00000000
 76.57657658     0.00000000
 76.67667668     0.00000000
 76.77677678     0.00000000
 76.87687688     0.00000000
 76.97697698     0.00000000
 77.07707708     0.00000000
 77.17717718     0.00000001
 77.27727728     0.00000001
 77.37737738     0.00000001
 77.47747748     0.00000001
 77.57757758     0.00000001
 77.67767768     0.00000001
 77.77777778     0.00000001
 77.87787788     0.00000001
 77.97797798     0.00000001
 78.07807808     0.00000001
 78.17817818     0.00000001
 78.27827828     0.00000001
 78.37837838     0.00000001
 78.47847848     0.00000001
 78.57857858     0.00000001
 78.67867868     0.00000001
 78.77877878     0.00000001
 78.87887888     0.00000001
 78.97897898     0.00000001
 79.07907908     0.00000001
 79.17917918     0.00000001
 79.27927928     0.00000001
 79.37937938     0.00000001
 79.47947948     0.00000001
 79.57957958     0.00000001
 79.67967968     0.00000001
 79.77977978     0.00000001
 79.87987988     0.00000001
 79.97997998     0.00000001
 80.08008008     0.00000001
 80.18018018     0.00000001
 80.28028028     0.00000001
 80.38038038     0.00000001
 80.48048048     0.00000001
 80.58058058     0.00000001
 80.68068068     0.00000001
 80.78078078     0.00000001
 80.88088088     0.00000000
 80.98098098     0.00000000
 81.08108108     0.00000000
 81.18118118     0.00000000
 81.28128128     0.00000000
 81.38138138     0.00000000
 81.48148148     0.00000000
 81.58158158     0.00000000
 81.68168168     0.00000000
 81.78178178     0.00000000
 81.88188188     0.00000000
 81.98198198     0.00000000
 82.08208208     0.00000000
 82.18218218     0.00000000
 82.28228228     0.00000000
 82.38238238     0.00000000
 82.48248248     0.00000000
 82.58258258     0.00000000
 82.68268268     0.00000000
 82.78278278     0.00000000
 82.88288288     0.00000000
 82.98298298     0.00000000
 83.08308308     0.00000000
 83.18318318     0.00000000
 83.28328328     0.00000000
 83.38338338    -0.00000000
 83.48348348    -0.00000000
 83.58358358    -0.00000000
 83.68368368    -0.00000000
 83.78378378    -0.00000000
 83.88388388    -0.00000000
 83.98398398    -0.00000000
 84.08408408    -0.00000000
 84.18418418    -0.00000000
 84.28428428    -0.00000000
 84.38438438    -0.00000000
 84.48448448    -0.00000000
 84.58458458    -0.00000000
 84.68468468    -0.00000000
 84.78478478    -0.00000000
 84.88488488    -0.00000000
 84.98498498    -0.00000000
 85.08508509    -0.00000000
 85.18518519    -0.00000000
 85.28528529    -0.00000000
 85.38538539    -0.00000000
 85.48548549    -0.00000000
 85.58558559    -0.00000000
 85.68568569    -0.00000000
 85.78578579    -0.00000000
 85.88588589    -0.00000000
 85.98598599    -0.00000000
 86.08608609    -0.00000000
 86.18618619    -0.00000000
 86.28628629    -0.00000000
 86.38638639    -0.00000000
 86.48648649    -0.00000000
 86.58658659    -0.00000000
 86.68668669    -0.00000000
 86.78678679    -0.00000000
 86.88688689    -0.00000000
 86.98698699    -0.00000000
 87.08708709    -0.00000000
 87.18718719    -0.00000000
 87.28728729    -0.00000000
 87.38738739    -0.00000000
 87.48748749    -0.00000000
 87.58758759    -0.00000000
 87.68768769    -0.00000000
 87.78778779    -0.00000000
 87.88788789    -0.00000000
 87.98798799    -0.00000000
 88.08808809    -0.00000000
 88.18818819    -0.00000000
 88.28828829    -0.00000000
 88.38838839    -0.00000000
 88.48848849    -0.00000000
 88.58858859    -0.00000000
 88.68868869    -0.00000000
 88.78878879    -0.00000000
 88.88888889    -0.00000000
 88.98898899    -0.00000000
 89.08908909    -0.00000000
 89.18918919    -0.00000000
 89.28928929    -0.00000000
 89.38938939    -0.00000000
 89.48948949    -0.00000000
 89.58958959    -0.00000000
 89.68968969    -0.00000000
 89.78978979    -0.00000000
 89.88988989    -0.00000000
 89.98998999    -0.00000000
 90.09009009    -0.00000000
 90.19019019     0.00000000
 90.29029029     0.00000000
 90.39039039     0.00000000
 90.49049049     0.00000000
 90.59059059     0.00000000
 90.69069069     0.00000000
 90.79079079     0.00000000
 90.89089089     0.00000000
 90.99099099     0.00000000
 91.09109109     0.00000000
 91.19119119     0.00000000
 91.29129129     0.00000000
 91.39139139     0.00000000
 91.49149149     0.00000000
 91.59159159     0.00000000
 91.69169169     0.00000000
 91.79179179     0.00000000
 91.89189189     0.00000000
 91.99199199     0.00000000
 92.09209209     0.00000000
 92.19219219     0.00000000
 92.29229229     0.00000000
 92.39239239     0.00000000
 92.49249249     0.00000000
 92.59259259     0.00000000
 92.69269269     0.00000000
 92.79279279     0.00000000
 92.89289289     0.00000000
 92.99299299     0.00000000
 93.09309309     0.00000000
 93.19319319     0.00000000
 93.29329329     0.00000000
 93.39339339     0.00000000
 93.49349349     0.00000000
 93.59359359     0.00000000
 93.69369369     0.00000000
 93.79379379     0.00000000
 93.89389389     0.00000000
 93.99399399     0.00000000
 94.09409409     0.00000000
 94.19419419     0.00000000
 94.29429429     0.00000000
 94.39439439     0.00000000
 94.49449449     0.00000000
 94.59459459     0.00000000
 94.69469469     0.00000000
 94.79479479     0.00000000
 94.89489489     0.00000000
 94.99499499     0.00000000
 95.09509510     0.00000000
 95.19519520     0.00000000
 95.29529530     0.00000000
 95.39539540     0.00000000
 95.49549550     0.00000000
 95.59559560     0.00000000
 95.69569570     0.00000000
 95.79579580     0.00000000
 95.89589590     0.00000000
 95.99599600     0.00000000
 96.09609610     0.00000000
 96.19619620     0.00000000
 96.29629630     0.00000000
 96.39639640     0.00000000
 96.49649650     0.00000000
 96.59659660     0.00000000
 96.69669670     0.00000000
 96.79679680     0.00000000
 96.89689690     0.00000000
 96.99699700     0.00000000
 97.09709710     0.00000000
 97.19719720     0.00000000
 97.29729730     0.00000000
 97.39739740     0.00000000
 97.49749750     0.00000000
 97.59759760     0.00000000
 97.69769770     0.00000000
 97.79779780     0.00000000
 97.89789790     0.00000000
 97.99799800     0.00000000
 98.09809810     0.00000000
 98.19819820     0.00000000
 98.29829830     0.00000000
 98.39839840     0.00000000
 98.49849850     0.00000000
 98.59859860    -0.00000000
 98.69869870    -0.00000000
 98.79879880    -0.00000000
 98.89889890    -0.00000000
 98.99899900    -0.00000000
 99.09909910    -0.00000000
 99.19919920    -0.00000000
 99.29929930    -0.00000000
 99.39939940    -0.00000000
 99.49949950    -0.00000000
 99.59959960    -0.00000000
 99.69969970     0.00000000
 99.79979980     0.00000000
 99.89989990     0.00000000
100.00000000     0.00000000
