  0.00000000    -0.00000005
  0.00000010    -0.00000004
  0.00000020    -0.00000003
  0.00000030    -0.00000002
  0.00000040    -0.00000001
  0.00000050    -0.00000000
  0.00000060     0.00000000
  0.00000070     0.00000001
  0.00000080     0.00000001
  0.00000090     0.00000001
  0.00000100     0.00000001
  0.00000110     0.00000001
  0.00000120     0.00000001
  0.00000130     0.00000001
  0.00000140     0.00000000
  0.00000150     0.00000000
  0.00000160     0.00000000
  0.00000170     0.00000000
  0.00000180     0.00000000
  0.00000190    -0.00000000
  0.00000200    -0.00000000
  0.00000210    -0.00000000
  0.00000220    -0.00000000
  0.00000230    -0.00000000
  0.00000240    -0.00000000
  0.00000250    -0.00000000
  0.00000260    -0.00000000
  0.00000270    -0.00000000
  0.00000280    -0.00000000
  0.00000290     0.00000000
  0.00000300     0.00000000
  0.00000310     0.00000000
  0.00000320     0.00000000
  0.00000330     0.00000000
  0.00000340     0.00000000
  0.00000350     0.00000000
  0.00000360     0.00000000
  0.00000370     0.00000000
  0.00000380     0.00000000
  0.00000390    -0.00000000
  0.00000400    -0.00000000
  0.00000410    -0.00000000
  0.00000420    -0.00000000
  0.00000430    -0.00000000
  0.00000440    -0.00000000
  0.00000450    -0.00000000
  0.00000460    -0.00000000
  0.00000470    -0.00000000
  0.00000480     0.00000000
  0.00000490     0.00000000
  0.00000501     0.00000000
  0.00000511     0.00000000
  0.00000521     0.00000000
  0.00000531     0.00000000
  0.00000541     0.00000000
  0.00000551     0.00000000
  0.00000561    -0.00000000
  0.00000571    -0.00000000
  0.00000581    -0.00000000
  0.00000591    -0.00000000
  0.00000601    -0.00000000
  0.00000611    -0.00000000
  0.00000621    -0.00000000
  0.00000631    -0.00000000
  0.00000641     0.00000000
  0.00000651     0.00000000
  0.00000661     0.00000000
  0.00000671     0.00000000
  0.00000681     0.00000000
  0.00000691     0.00000000
  0.00000701     0.00000000
  0.00000711    -0.00000000
  0.00000721    -0.00000000
  0.00000731    -0.00000000
  0.00000741    -0.00000000
  0.00000751    -0.00000000
  0.00000761    -0.00000000
  0.00000771    -0.00000000
  0.00000781    -0.00000000
  0.00000791     0.00000000
  0.00000801     0.00000000
  0.00000811     0.00000000
  0.00000821     0.00000000
  0.00000831     0.00000000
  0.00000841     0.00000000
  0.00000851     0.00000000
  0.00000861    -0.00000000
  0.00000871    -0.00000000
  0.00000881    -0.00000000
  0.00000891    -0.00000000
  0.00000901    -0.00000000
  0.00000911    -0.00000000
  0.00000921    -0.00000000
  0.00000931     0.00000000
  0.00000941     0.00000000
  0.00000951     0.00000000
  0.00000961     0.00000000
  0.00000971     0.00000000
  0.00000981     0.00000000
  0.00000991    -0.00000000
  0.00001001    -0.00000000
  0.00001011    -0.00000000
  0.00001021    -0.00000000
  0.00001031    -0.00000000
  0.00001041    -0.00000000
  0.00001051    -0.00000000
  0.00001061     0.00000000
  0.00001071     0.00000000
  0.00001081     0.00000000
  0.00001091     0.00000000
  0.00001101     0.00000000
  0.00001111     0.00000000
  0.00001121    -0.00000000
  0.00001131    -0.00000000
  0.00001141    -0.00000000
  0.00001151    -0.00000000
  0.00001161    -0.00000000
  0.00001171    -0.00000000
  0.00001181    -0.00000000
  0.00001191     0.00000000
  0.00001201     0.00000000
  0.00001211     0.00000000
  0.00001221     0.00000000
  0.00001231     0.00000000
  0.00001241     0.00000000
  0.00001251    -0.00000000
  0.00001261    -0.00000000
  0.00001271    -0.00000000
  0.00001281    -0.00000000
  0.00001291    -0.00000000
  0.00001301    -0.00000000
  0.00001311     0.00000000
  0.00001321     0.00000000
  0.00001331     0.00000000
  0.00001341     0.00000000
  0.00001351     0.00000000
  0.00001361     0.00000000
  0.00001371    -0.00000000
  0.00001381    -0.00000000
  0.00001391    -0.00000000
  0.00001401    -0.00000000
  0.00001411    -0.00000000
  0.00001421    -0.00000000
  0.00001431     0.00000000
  0.00001441     0.00000000
  0.00001451     0.00000000
  0.00001461     0.00000000
  0.00001471     0.00000000
  0.00001481     0.00000000
  0.00001491    -0.00000000
  0.00001502    -0.00000000
  0.00001512    -0.00000000
  0.00001522    -0.00000000
  0.00001532    -0.00000000
  0.00001542    -0.00000000
  0.00001552     0.00000000
  0.00001562     0.00000000
  0.00001572     0.00000000
  0.00001582     0.00000000
  0.00001592     0.00000000
  0.00001602    -0.00000000
  0.00001612    -0.00000000
  0.00001622    -0.00000000
  0.00001632    -0.00000000
  0.00001642    -0.00000000
  0.00001652    -0.00000000
  0.00001662     0.00000000
  0.00001672     0.00000000
  0.00001682     0.00000000
  0.00001692     0.00000000
  0.00001702     0.00000000
  0.00001712     0.00000000
  0.00001722    -0.00000000
  0.00001732    -0.00000000
  0.00001742    -0.00000000
  0.00001752    -0.00000000
  0.00001762    -0.00000000
  0.00001772     0.00000000
  0.00001782     0.00000000
  0.00001792     0.00000000
  0.00001802     0.00000000
  0.00001812     0.00000000
  0.00001822     0.00000000
  0.00001832    -0.00000000
  0.00001842    -0.00000000
  0.00001852    -0.00000000
  0.00001862    -0.00000000
  0.00001872    -0.00000000
  0.00001882     0.00000000
  0.00001892     0.00000000
  0.00001902     0.00000000
  0.00001912     0.00000000
  0.00001922     0.00000000
  0.00001932    -0.00000000
  0.00001942    -0.00000000
  0.00001952    -0.00000000
  0.00001962    -0.00000000
  0.00001972    -0.00000000
  0.00001982    -0.00000000
  0.00001992     0.00000000
  0.00002002     0.00000000
  0.00002012     0.00000000
  0.00002022     0.00000000
  0.00002032     0.00000000
  0.00002042    -0.00000000
  0.00002052    -0.00000000
  0.00002062    -0.00000000
  0.00002072    -0.00000000
  0.00002082    -0.00000000
  0.00002092     0.00000000
  0.00002102     0.00000000
  0.00002112     0.00000000
  0.00002122     0.00000000
  0.00002132     0.00000000
  0.00002142    -0.00000000
  0.00002152    -0.00000000
  0.00002162    -0.00000000
  0.00002172    -0.00000000
  0.00002182    -0.00000000
  0.00002192     0.00000000
  0.00002202     0.00000000
  0.00002212     0.00000000
  0.00002222     0.00000000
  0.00002232     0.00000000
  0.00002242     0.00000000
  0.00002252    -0.00000000
  0.00002262    -0.00000000
  0.00002272    -0.00000000
  0.00002282    -0.00000000
  0.00002292    -0.00000000
  0.00002302     0.00000000
  0.00002312     0.00000000
  0.00002322     0.00000000
  0.00002332     0.00000000
  0.00002342     0.00000000
  0.00002352    -0.00000000
  0.00002362    -0.00000000
  0.00002372    -0.00000000
  0.00002382    -0.00000000
  0.00002392    -0.00000000
  0.00002402     0.00000000
  0.00002412     0.00000000
  0.00002422     0.00000000
  0.00002432     0.00000000
  0.00002442     0.00000000
  0.00002452    -0.00000000
  0.00002462    -0.00000000
  0.00002472    -0.00000000
  0.00002482    -0.00000000
  0.00002492    -0.00000000
  0.00002503     0.00000000
  0.00002513     0.00000000
  0.00002523     0.00000000
  0.00002533     0.00000000
  0.00002543    -0.00000000
  0.00002553    -0.00000000
  0.00002563    -0.00000000
  0.00002573    -0.00000000
  0.00002583    -0.00000000
  0.00002593     0.00000000
  0.00002603     0.00000000
  0.00002613     0.00000000
  0.00002623     0.00000000
  0.00002633     0.00000000
  0.00002643    -0.00000000
  0.00002653    -0.00000000
  0.00002663    -0.00000000
  0.00002673    -0.00000000
  0.00002683    -0.00000000
  0.00002693     0.00000000
  0.00002703     0.00000000
  0.00002713     0.00000000
  0.00002723     0.00000000
  0.00002733     0.00000000
  0.00002743    -0.00000000
  0.00002753    -0.00000000
  0.00002763    -0.00000000
  0.00002773    -0.00000000
  0.00002783    -0.00000000
  0.00002793     0.00000000
  0.00002803     0.00000000
  0.00002813     0.00000000
  0.00002823     0.00000000
  0.00002833    -0.00000000
  0.00002843    -0.00000000
  0.00002853    -0.00000000
  0.00002863    -0.00000000
  0.00002873    -0.00000000
  0.00002883     0.00000000
  0.00002893     0.00000000
  0.00002903     0.00000000
  0.00002913     0.00000000
  0.00002923     0.00000000
  0.00002933    -0.00000000
  0.00002943    -0.00000000
  0.00002953    -0.00000000
  0.00002963    -0.00000000
  0.00002973     0.00000000
  0.00002983     0.00000000
  0.00002993     0.00000000
  0.00003003     0.00000000
  0.00003013     0.00000000
  0.00003023    -0.00000000
  0.00003033    -0.00000000
  0.00003043    -0.00000000
  0.00003053    -0.00000000
  0.00003063    -0.00000000
  0.00003073     0.00000000
  0.00003083     0.00000000
  0.00003093     0.00000000
  0.00003103     0.00000000
  0.00003113    -0.00000000
  0.00003123    -0.00000000
  0.00003133    -0.00000000
  0.00003143    -0.00000000
  0.00003153    -0.00000000
  0.00003163     0.00000000
  0.00003173     0.00000000
  0.00003183     0.00000000
  0.00003193     0.00000000
  0.00003203    -0.00000000
  0.00003213    -0.00000000
  0.00003223    -0.00000000
  0.00003233    -0.00000000
  0.00003243    -0.00000000
  0.00003253     0.00000000
  0.00003263     0.00000000
  0.00003273     0.00000000
  0.00003283     0.00000000
  0.00003293    -0.00000000
  0.00003303    -0.00000000
  0.00003313    -0.00000000
  0.00003323    -0.00000000
  0.00003333    -0.00000000
  0.00003343     0.00000000
  0.00003353     0.00000000
  0.00003363     0.00000000
  0.00003373     0.00000000
  0.00003383    -0.00000000
  0.00003393    -0.00000000
  0.00003403    -0.00000000
  0.00003413    -0.00000000
  0.00003423    -0.00000000
  0.00003433     0.00000000
  0.00003443     0.00000000
  0.00003453     0.00000000
  0.00003463     0.00000000
  0.00003473    -0.00000000
  0.00003483    -0.00000000
  0.00003493    -0.00000000
  0.00003504    -0.00000000
  0.00003514    -0.00000000
  0.00003524     0.00000000
  0.00003534     0.00000000
  0.00003544     0.00000000
  0.00003554     0.00000000
  0.00003564    -0.00000000
  0.00003574    -0.00000000
  0.00003584    -0.00000000
  0.00003594    -0.00000000
  0.00003604     0.00000000
  0.00003614     0.00000000
  0.00003624     0.00000000
  0.00003634     0.00000000
  0.00003644     0.00000000
  0.00003654    -0.00000000
  0.00003664    -0.00000000
  0.00003674    -0.00000000
  0.00003684    -0.00000000
  0.00003694     0.00000000
  0.00003704     0.00000000
  0.00003714     0.00000000
  0.00003724     0.00000000
  0.00003734    -0.00000000
  0.00003744    -0.00000000
  0.00003754    -0.00000000
  0.00003764    -0.00000000
  0.00003774    -0.00000000
  0.00003784     0.00000000
  0.00003794     0.00000000
  0.00003804     0.00000000
  0.00003814     0.00000000
  0.00003824    -0.00000000
  0.00003834    -0.00000000
  0.00003844    -0.00000000
  0.00003854    -0.00000000
  0.00003864     0.00000000
  0.00003874     0.00000000
  0.00003884     0.00000000
  0.00003894     0.00000000
  0.00003904     0.00000000
  0.00003914    -0.00000000
  0.00003924    -0.00000000
  0.00003934    -0.00000000
  0.00003944    -0.00000000
  0.00003954     0.00000000
  0.00003964     0.00000000
  0.00003974     0.00000000
  0.00003984     0.00000000
  0.00003994    -0.00000000
  0.00004004    -0.00000000
  0.00004014    -0.00000000
  0.00004024    -0.00000000
  0.00004034     0.00000000
  0.00004044     0.00000000
  0.00004054     0.00000000
  0.00004064     0.00000000
  0.00004074     0.00000000
  0.00004084    -0.00000000
  0.00004094    -0.00000000
  0.00004104    -0.00000000
  0.00004114    -0.00000000
  0.00004124     0.00000000
  0.00004134     0.00000000
  0.00004144     0.00000000
  0.00004154     0.00000000
  0.00004164    -0.00000000
  0.00004174    -0.00000000
  0.00004184    -0.00000000
  0.00004194    -0.00000000
  0.00004204     0.00000000
  0.00004214     0.00000000
  0.00004224     0.00000000
  0.00004234     0.00000000
  0.00004244    -0.00000000
  0.00004254    -0.00000000
  0.00004264    -0.00000000
  0.00004274    -0.00000000
  0.00004284     0.00000000
  0.00004294     0.00000000
  0.00004304     0.00000000
  0.00004314     0.00000000
  0.00004324     0.00000000
  0.00004334    -0.00000000
  0.00004344    -0.00000000
  0.00004354    -0.00000000
  0.00004364    -0.00000000
  0.00004374     0.00000000
  0.00004384     0.00000000
  0.00004394     0.00000000
  0.00004404     0.00000000
  0.00004414    -0.00000000
  0.00004424    -0.00000000
  0.00004434    -0.00000000
  0.00004444    -0.00000000
  0.00004454     0.00000000
  0.00004464     0.00000000
  0.00004474     0.00000000
  0.00004484     0.00000000
  0.00004494    -0.00000000
  0.00004505    -0.00000000
  0.00004515    -0.00000000
  0.00004525    -0.00000000
  0.00004535     0.00000000
  0.00004545     0.00000000
  0.00004555     0.00000000
  0.00004565     0.00000000
  0.00004575    -0.00000000
  0.00004585    -0.00000000
  0.00004595    -0.00000000
  0.00004605    -0.00000000
  0.00004615     0.00000000
  0.00004625     0.00000000
  0.00004635     0.00000000
  0.00004645     0.00000000
  0.00004655    -0.00000000
  0.00004665    -0.00000000
  0.00004675    -0.00000000
  0.00004685    -0.00000000
  0.00004695     0.00000000
  0.00004705     0.00000000
  0.00004715     0.00000000
  0.00004725     0.00000000
  0.00004735    -0.00000000
  0.00004745    -0.00000000
  0.00004755    -0.00000000
  0.00004765    -0.00000000
  0.00004775     0.00000000
  0.00004785     0.00000000
  0.00004795     0.00000000
  0.00004805     0.00000000
  0.00004815    -0.00000000
  0.00004825    -0.00000000
  0.00004835    -0.00000000
  0.00004845    -0.00000000
  0.00004855     0.00000000
  0.00004865     0.00000000
  0.00004875     0.00000000
  0.00004885     0.00000000
  0.00004895    -0.00000000
  0.00004905    -0.00000000
  0.00004915    -0.00000000
  0.00004925    -0.00000000
  0.00004935     0.00000000
  0.00004945     0.00000000
  0.00004955     0.00000000
  0.00004965     0.00000000
  0.00004975    -0.00000000
  0.00004985    -0.00000000
  0.00004995    -0.00000000
  0.00005005    -0.00000000
  0.00005015     0.00000000
  0.00005025     0.00000000
  0.00005035     0.00000000
  0.00005045     0.00000000
  0.00005055    -0.00000000
  0.00005065    -0.00000000
  0.00005075    -0.00000000
  0.00005085    -0.00000000
  0.00005095     0.00000000
  0.00005105     0.00000000
  0.00005115     0.00000000
  0.00005125     0.00000000
  0.00005135    -0.00000000
  0.00005145    -0.00000000
  0.00005155    -0.00000000
  0.00005165    -0.00000000
  0.00005175     0.00000000
  0.00005185     0.00000000
  0.00005195     0.00000000
  0.00005205     0.00000000
  0.00005215    -0.00000000
  0.00005225    -0.00000000
  0.00005235    -0.00000000
  0.00005245    -0.00000000
  0.00005255     0.00000000
  0.00005265     0.00000000
  0.00005275     0.00000000
  0.00005285     0.00000000
  0.00005295    -0.00000000
  0.00005305    -0.00000000
  0.00005315    -0.00000000
  0.00005325    -0.00000000
  0.00005335     0.00000000
  0.00005345     0.00000000
  0.00005355     0.00000000
  0.00005365     0.00000000
  0.00005375    -0.00000000
  0.00005385    -0.00000000
  0.00005395    -0.00000000
  0.00005405     0.00000000
  0.00005415     0.00000000
  0.00005425     0.00000000
  0.00005435     0.00000000
  0.00005445    -0.00000000
  0.00005455    -0.00000000
  0.00005465    -0.00000000
  0.00005475    -0.00000000
  0.00005485     0.00000000
  0.00005495     0.00000000
  0.00005506     0.00000000
  0.00005516     0.00000000
  0.00005526    -0.00000000
  0.00005536    -0.00000000
  0.00005546    -0.00000000
  0.00005556    -0.00000000
  0.00005566     0.00000000
  0.00005576     0.00000000
  0.00005586     0.00000000
  0.00005596     0.00000000
  0.00005606    -0.00000000
  0.00005616    -0.00000000
  0.00005626    -0.00000000
  0.00005636     0.00000000
  0.00005646     0.00000000
  0.00005656     0.00000000
  0.00005666     0.00000000
  0.00005676    -0.00000000
  0.00005686    -0.00000000
  0.00005696    -0.00000000
  0.00005706    -0.00000000
  0.00005716     0.00000000
  0.00005726     0.00000000
  0.00005736     0.00000000
  0.00005746     0.00000000
  0.00005756    -0.00000000
  0.00005766    -0.00000000
  0.00005776    -0.00000000
  0.00005786    -0.00000000
  0.00005796     0.00000000
  0.00005806     0.00000000
  0.00005816     0.00000000
  0.00005826     0.00000000
  0.00005836    -0.00000000
  0.00005846    -0.00000000
  0.00005856    -0.00000000
  0.00005866     0.00000000
  0.00005876     0.00000000
  0.00005886     0.00000000
  0.00005896     0.00000000
  0.00005906    -0.00000000
  0.00005916    -0.00000000
  0.00005926    -0.00000000
  0.00005936    -0.00000000
  0.00005946     0.00000000
  0.00005956     0.00000000
  0.00005966     0.00000000
  0.00005976     0.00000000
  0.00005986    -0.00000000
  0.00005996    -0.00000000
  0.00006006    -0.00000000
  0.00006016     0.00000000
  0.00006026     0.00000000
  0.00006036     0.00000000
  0.00006046     0.00000000
  0.00006056    -0.00000000
  0.00006066    -0.00000000
  0.00006076    -0.00000000
  0.00006086    -0.00000000
  0.00006096     0.00000000
  0.00006106     0.00000000
  0.00006116     0.00000000
  0.00006126     0.00000000
  0.00006136    -0.00000000
  0.00006146    -0.00000000
  0.00006156    -0.00000000
  0.00006166     0.00000000
  0.00006176     0.00000000
  0.00006186     0.00000000
  0.00006196     0.00000000
  0.00006206    -0.00000000
  0.00006216    -0.00000000
  0.00006226    -0.00000000
  0.00006236    -0.00000000
  0.00006246     0.00000000
  0.00006256     0.00000000
  0.00006266     0.00000000
  0.00006276    -0.00000000
  0.00006286    -0.00000000
  0.00006296    -0.00000000
  0.00006306    -0.00000000
  0.00006316     0.00000000
  0.00006326     0.00000000
  0.00006336     0.00000000
  0.00006346     0.00000000
  0.00006356    -0.00000000
  0.00006366    -0.00000000
  0.00006376    -0.00000000
  0.00006386    -0.00000000
  0.00006396     0.00000000
  0.00006406     0.00000000
  0.00006416     0.00000000
  0.00006426    -0.00000000
  0.00006436    -0.00000000
  0.00006446    -0.00000000
  0.00006456    -0.00000000
  0.00006466     0.00000000
  0.00006476     0.00000000
  0.00006486     0.00000000
  0.00006496     0.00000000
  0.00006507    -0.00000000
  0.00006517    -0.00000000
  0.00006527    -0.00000000
  0.00006537     0.00000000
  0.00006547     0.00000000
  0.00006557     0.00000000
  0.00006567     0.00000000
  0.00006577    -0.00000000
  0.00006587    -0.00000000
  0.00006597    -0.00000000
  0.00006607    -0.00000000
  0.00006617     0.00000000
  0.00006627     0.00000000
  0.00006637     0.00000000
  0.00006647    -0.00000000
  0.00006657    -0.00000000
  0.00006667    -0.00000000
  0.00006677    -0.00000000
  0.00006687     0.00000000
  0.00006697     0.00000000
  0.00006707     0.00000000
  0.00006717     0.00000000
  0.00006727    -0.00000000
  0.00006737    -0.00000000
  0.00006747    -0.00000000
  0.00006757     0.00000000
  0.00006767     0.00000000
  0.00006777     0.00000000
  0.00006787     0.00000000
  0.00006797    -0.00000000
  0.00006807    -0.00000000
  0.00006817    -0.00000000
  0.00006827     0.00000000
  0.00006837     0.00000000
  0.00006847     0.00000000
  0.00006857     0.00000000
  0.00006867    -0.00000000
  0.00006877    -0.00000000
  0.00006887    -0.00000000
  0.00006897    -0.00000000
  0.00006907     0.00000000
  0.00006917     0.00000000
  0.00006927     0.00000000
  0.00006937    -0.00000000
  0.00006947    -0.00000000
  0.00006957    -0.00000000
  0.00006967    -0.00000000
  0.00006977     0.00000000
  0.00006987     0.00000000
  0.00006997     0.00000000
  0.00007007     0.00000000
  0.00007017    -0.00000000
  0.00007027    -0.00000000
  0.00007037    -0.00000000
  0.00007047     0.00000000
  0.00007057     0.00000000
  0.00007067     0.00000000
  0.00007077     0.00000000
  0.00007087    -0.00000000
  0.00007097    -0.00000000
  0.00007107    -0.00000000
  0.00007117     0.00000000
  0.00007127     0.00000000
  0.00007137     0.00000000
  0.00007147     0.00000000
  0.00007157    -0.00000000
  0.00007167    -0.00000000
  0.00007177    -0.00000000
  0.00007187     0.00000000
  0.00007197     0.00000000
  0.00007207     0.00000000
  0.00007217     0.00000000
  0.00007227    -0.00000000
  0.00007237    -0.00000000
  0.00007247    -0.00000000
  0.00007257    -0.00000000
  0.00007267     0.00000000
  0.00007277     0.00000000
  0.00007287     0.00000000
  0.00007297    -0.00000000
  0.00007307    -0.00000000
  0.00007317    -0.00000000
  0.00007327    -0.00000000
  0.00007337     0.00000000
  0.00007347     0.00000000
  0.00007357     0.00000000
  0.00007367    -0.00000000
  0.00007377    -0.00000000
  0.00007387    -0.00000000
  0.00007397    -0.00000000
  0.00007407     0.00000000
  0.00007417     0.00000000
  0.00007427     0.00000000
  0.00007437    -0.00000000
  0.00007447    -0.00000000
  0.00007457    -0.00000000
  0.00007467    -0.00000000
  0.00007477     0.00000000
  0.00007487     0.00000000
  0.00007497     0.00000000
  0.00007508    -0.00000000
  0.00007518    -0.00000000
  0.00007528    -0.00000000
  0.00007538    -0.00000000
  0.00007548     0.00000000
  0.00007558     0.00000000
  0.00007568     0.00000000
  0.00007578    -0.00000000
  0.00007588    -0.00000000
  0.00007598    -0.00000000
  0.00007608    -0.00000000
  0.00007618     0.00000000
  0.00007628     0.00000000
  0.00007638     0.00000000
  0.00007648     0.00000000
  0.00007658    -0.00000000
  0.00007668    -0.00000000
  0.00007678    -0.00000000
  0.00007688     0.00000000
  0.00007698     0.00000000
  0.00007708     0.00000000
  0.00007718     0.00000000
  0.00007728    -0.00000000
  0.00007738    -0.00000000
  0.00007748    -0.00000000
  0.00007758     0.00000000
  0.00007768     0.00000000
  0.00007778     0.00000000
  0.00007788     0.00000000
  0.00007798    -0.00000000
  0.00007808    -0.00000000
  0.00007818    -0.00000000
  0.00007828     0.00000000
  0.00007838     0.00000000
  0.00007848     0.00000000
  0.00007858     0.00000000
  0.00007868    -0.00000000
  0.00007878    -0.00000000
  0.00007888    -0.00000000
  0.00007898     0.00000000
  0.00007908     0.00000000
  0.00007918     0.00000000
  0.00007928    -0.00000000
  0.00007938    -0.00000000
  0.00007948    -0.00000000
  0.00007958    -0.00000000
  0.00007968     0.00000000
  0.00007978     0.00000000
  0.00007988     0.00000000
  0.00007998    -0.00000000
  0.00008008    -0.00000000
  0.00008018    -0.00000000
  0.00008028    -0.00000000
  0.00008038     0.00000000
  0.00008048     0.00000000
  0.00008058     0.00000000
  0.00008068    -0.00000000
  0.00008078    -0.00000000
  0.00008088    -0.00000000
  0.00008098    -0.00000000
  0.00008108     0.00000000
  0.00008118     0.00000000
  0.00008128     0.00000000
  0.00008138    -0.00000000
  0.00008148    -0.00000000
  0.00008158    -0.00000000
  0.00008168    -0.00000000
  0.00008178     0.00000000
  0.00008188     0.00000000
  0.00008198     0.00000000
  0.00008208    -0.00000000
  0.00008218    -0.00000000
  0.00008228    -0.00000000
  0.00008238    -0.00000000
  0.00008248     0.00000000
  0.00008258     0.00000000
  0.00008268     0.00000000
  0.00008278    -0.00000000
  0.00008288    -0.00000000
  0.00008298    -0.00000000
  0.00008308    -0.00000000
  0.00008318     0.00000000
  0.00008328     0.00000000
  0.00008338     0.00000000
  0.00008348    -0.00000000
  0.00008358    -0.00000000
  0.00008368    -0.00000000
  0.00008378     0.00000000
  0.00008388     0.00000000
  0.00008398     0.00000000
  0.00008408     0.00000000
  0.00008418    -0.00000000
  0.00008428    -0.00000000
  0.00008438    -0.00000000
  0.00008448     0.00000000
  0.00008458     0.00000000
  0.00008468     0.00000000
  0.00008478     0.00000000
  0.00008488    -0.00000000
  0.00008498    -0.00000000
  0.00008509    -0.00000000
  0.00008519     0.00000000
  0.00008529     0.00000000
  0.00008539     0.00000000
  0.00008549     0.00000000
  0.00008559    -0.00000000
  0.00008569    -0.00000000
  0.00008579    -0.00000000
  0.00008589     0.00000000
  0.00008599     0.00000000
  0.00008609     0.00000000
  0.00008619    -0.00000000
  0.00008629    -0.00000000
  0.00008639    -0.00000000
  0.00008649    -0.00000000
  0.00008659     0.00000000
  0.00008669     0.00000000
  0.00008679     0.00000000
  0.00008689    -0.00000000
  0.00008699    -0.00000000
  0.00008709    -0.00000000
  0.00008719    -0.00000000
  0.00008729     0.00000000
  0.00008739     0.00000000
  0.00008749     0.00000000
  0.00008759    -0.00000000
  0.00008769    -0.00000000
  0.00008779    -0.00000000
  0.00008789     0.00000000
  0.00008799     0.00000000
  0.00008809     0.00000000
  0.00008819     0.00000000
  0.00008829    -0.00000000
  0.00008839    -0.00000000
  0.00008849    -0.00000000
  0.00008859     0.00000000
  0.00008869     0.00000000
  0.00008879     0.00000000
  0.00008889     0.00000000
  0.00008899    -0.00000000
  0.00008909    -0.00000000
  0.00008919    -0.00000000
  0.00008929     0.00000000
  0.00008939     0.00000000
  0.00008949     0.00000000
  0.00008959    -0.00000000
  0.00008969    -0.00000000
  0.00008979    -0.00000000
  0.00008989    -0.00000000
  0.00008999     0.00000000
  0.00009009     0.00000000
  0.00009019     0.00000000
  0.00009029    -0.00000000
  0.00009039    -0.00000000
  0.00009049    -0.00000000
  0.00009059     0.00000000
  0.00009069     0.00000000
  0.00009079     0.00000000
  0.00009089     0.00000000
  0.00009099    -0.00000000
  0.00009109    -0.00000000
  0.00009119    -0.00000000
  0.00009129     0.00000000
  0.00009139     0.00000000
  0.00009149     0.00000000
  0.00009159    -0.00000000
  0.00009169    -0.00000000
  0.00009179    -0.00000000
  0.00009189    -0.00000000
  0.00009199     0.00000000
  0.00009209     0.00000000
  0.00009219     0.00000000
  0.00009229    -0.00000000
  0.00009239    -0.00000000
  0.00009249    -0.00000000
  0.00009259    -0.00000000
  0.00009269     0.00000000
  0.00009279     0.00000000
  0.00009289     0.00000000
  0.00009299    -0.00000000
  0.00009309    -0.00000000
  0.00009319    -0.00000000
  0.00009329     0.00000000
  0.00009339     0.00000000
  0.00009349     0.00000000
  0.00009359     0.00000000
  0.00009369    -0.00000000
  0.00009379    -0.00000000
  0.00009389    -0.00000000
  0.00009399     0.00000000
  0.00009409     0.00000000
  0.00009419     0.00000000
  0.00009429    -0.00000000
  0.00009439    -0.00000000
  0.00009449    -0.00000000
  0.00009459    -0.00000000
  0.00009469     0.00000000
  0.00009479     0.00000000
  0.00009489     0.00000000
  0.00009499    -0.00000000
  0.00009510    -0.00000000
  0.00009520    -0.00000000
  0.00009530     0.00000000
  0.00009540     0.00000000
  0.00009550     0.00000000
  0.00009560     0.00000000
  0.00009570    -0.00000000
  0.00009580    -0.00000000
  0.00009590    -0.00000000
  0.00009600     0.00000000
  0.00009610     0.00000000
  0.00009620     0.00000000
  0.00009630    -0.00000000
  0.00009640    -0.00000000
  0.00009650    -0.00000000
  0.00009660     0.00000000
  0.00009670     0.00000000
  0.00009680     0.00000000
  0.00009690     0.00000000
  0.00009700    -0.00000000
  0.00009710    -0.00000000
  0.00009720    -0.00000000
  0.00009730     0.00000000
  0.00009740     0.00000000
  0.00009750     0.00000000
  0.00009760    -0.00000000
  0.00009770    -0.00000000
  0.00009780    -0.00000000
  0.00009790    -0.00000000
  0.00009800     0.00000000
  0.00009810     0.00000000
  0.00009820     0.00000000
  0.00009830    -0.00000000
  0.00009840    -0.00000000
  0.00009850    -0.00000000
  0.00009860     0.00000000
  0.00009870     0.00000000
  0.00009880     0.00000000
  0.00009890     0.00000000
  0.00009900    -0.00000000
  0.00009910    -0.00000000
  0.00009920    -0.00000000
  0.00009930     0.00000000
  0.00009940     0.00000000
  0.00009950     0.00000000
  0.00009960    -0.00000000
  0.00009970    -0.00000000
  0.00009980    -0.00000000
  0.00009990    -0.00000000
  0.00010000     0.00000000
