  0.00000000    -0.39564834
  0.10010010    -0.38164834
  0.20020020    -0.36787634
  0.30030030    -0.35433232
  0.40040040    -0.34101624
  0.50050050    -0.32792796
  0.60060060    -0.31506728
  0.70070070    -0.30243396
  0.80080080    -0.29002768
  0.90090090    -0.27784805
  1.00100100    -0.26589463
  1.10110110    -0.25416691
  1.20120120    -0.24266432
  1.30130130    -0.23138623
  1.40140140    -0.22033194
  1.50150150    -0.20950071
  1.60160160    -0.19889172
  1.70170170    -0.18850409
  1.80180180    -0.17833688
  1.90190190    -0.16838911
  2.00200200    -0.15865973
  2.10210210    -0.14914761
  2.20220220    -0.13985160
  2.30230230    -0.13077047
  2.40240240    -0.12190295
  2.50250250    -0.11324769
  2.60260260    -0.10480333
  2.70270270    -0.09656840
  2.80280280    -0.08854143
  2.90290290    -0.08072086
  3.00300300    -0.07310511
  3.10310310    -0.06569253
  3.20320320    -0.05848143
  3.30330330    -0.05147007
  3.40340340    -0.04465666
  3.50350350    -0.03803938
  3.60360360    -0.03161634
  3.70370370    -0.02538562
  3.80380380    -0.01934528
  3.90390390    -0.01349330
  4.00400400    -0.00782764
  4.10410410    -0.00234623
  4.20420420     0.00295305
  4.30430430     0.00807236
  4.40440440     0.01301389
  4.50450450     0.01777985
  4.60460460     0.02237250
  4.70470470     0.02679414
  4.80480480     0.03104706
  4.90490490     0.03513362
  5.00500501     0.03905619
  5.10510511     0.04281716
  5.20520521     0.04641897
  5.30530531     0.04986404
  5.40540541     0.05315486
  5.50550551     0.05629390
  5.60560561     0.05928367
  5.70570571     0.06212671
  5.80580581     0.06482554
  5.90590591     0.06738274
  6.00600601     0.06980086
  6.10610611     0.07208249
  6.20620621     0.07423023
  6.30630631     0.07624667
  6.40640641     0.07813444
  6.50650651     0.07989615
  6.60660661     0.08153442
  6.70670671     0.08305189
  6.80680681     0.08445119
  6.90690691     0.08573495
  7.00700701     0.08690581
  7.10710711     0.08796641
  7.20720721     0.08891937
  7.30730731     0.08976733
  7.40740741     0.09051291
  7.50750751     0.09115873
  7.60760761     0.09170739
  7.70770771     0.09216152
  7.80780781     0.09252369
  7.90790791     0.09279650
  8.00800801     0.09298251
  8.10810811     0.09308428
  8.20820821     0.09310437
  8.30830831     0.09304529
  8.40840841     0.09290957
  8.50850851     0.09269969
  8.60860861     0.09241815
  8.70870871     0.09206739
  8.80880881     0.09164985
  8.90890891     0.09116796
  9.00900901     0.09062411
  9.10910911     0.09002066
  9.20920921     0.08935998
  9.30930931     0.08864437
  9.40940941     0.08787615
  9.50950951     0.08705757
  9.60960961     0.08619089
  9.70970971     0.08527831
  9.80980981     0.08432203
  9.90990991     0.08332420
 10.01001001     0.08228695
 10.11011011     0.08121238
 10.21021021     0.08010254
 10.31031031     0.07895947
 10.41041041     0.07778518
 10.51051051     0.07658162
 10.61061061     0.07535072
 10.71071071     0.07409440
 10.81081081     0.07281450
 10.91091091     0.07151286
 11.01101101     0.07019128
 11.11111111     0.06885150
 11.21121121     0.06749524
 11.31131131     0.06612420
 11.41141141     0.06474002
 11.51151151     0.06334431
 11.61161161     0.06193864
 11.71171171     0.06052455
 11.81181181     0.05910353
 11.91191191     0.05767704
 12.01201201     0.05624651
 12.11211211     0.05481332
 12.21221221     0.05337882
 12.31231231     0.05194430
 12.41241241     0.05051105
 12.51251251     0.04908029
 12.61261261     0.04765322
 12.71271271     0.04623098
 12.81281281     0.04481470
 12.91291291     0.04340546
 13.01301301     0.04200430
 13.11311311     0.04061222
 13.21321321     0.03923018
 13.31331331     0.03785913
 13.41341341     0.03649994
 13.51351351     0.03515348
 13.61361361     0.03382057
 13.71371371     0.03250198
 13.81381381     0.03119848
 13.91391391     0.02991077
 14.01401401     0.02863952
 14.11411411     0.02738538
 14.21421421     0.02614897
 14.31431431     0.02493085
 14.41441441     0.02373156
 14.51451451     0.02255162
 14.61461461     0.02139150
 14.71471471     0.02025164
 14.81481481     0.01913246
 14.91491491     0.01803434
 15.01501502     0.01695762
 15.11511512     0.01590263
 15.21521522     0.01486967
 15.31531532     0.01385898
 15.41541542     0.01287081
 15.51551552     0.01190536
 15.61561562     0.01096282
 15.71571572     0.01004333
 15.81581582     0.00914701
 15.91591592     0.00827398
 16.01601602     0.00742430
 16.11611612     0.00659804
 16.21621622     0.00579521
 16.31631632     0.00501582
 16.41641642     0.00425986
 16.51651652     0.00352728
 16.61661662     0.00281803
 16.71671672     0.00213203
 16.81681682     0.00146918
 16.91691692     0.00082935
 17.01701702     0.00021242
 17.11711712    -0.00038178
 17.21721722    -0.00095342
 17.31731732    -0.00150268
 17.41741742    -0.00202977
 17.51751752    -0.00253490
 17.61761762    -0.00301833
 17.71771772    -0.00348028
 17.81781782    -0.00392103
 17.91791792    -0.00434084
 18.01801802    -0.00474002
 18.11811812    -0.00511884
 18.21821822    -0.00547763
 18.31831832    -0.00581669
 18.41841842    -0.00613637
 18.51851852    -0.00643699
 18.61861862    -0.00671891
 18.71871872    -0.00698247
 18.81881882    -0.00722804
 18.91891892    -0.00745599
 19.01901902    -0.00766668
 19.11911912    -0.00786051
 19.21921922    -0.00803785
 19.31931932    -0.00819910
 19.41941942    -0.00834465
 19.51951952    -0.00847489
 19.61961962    -0.00859022
 19.71971972    -0.00869106
 19.81981982    -0.00877779
 19.91991992    -0.00885083
 20.02002002    -0.00891059
 20.12012012    -0.00895747
 20.22022022    -0.00899188
 20.32032032    -0.00901424
 20.42042042    -0.00902493
 20.52052052    -0.00902439
 20.62062062    -0.00901300
 20.72072072    -0.00899117
 20.82082082    -0.00895930
 20.92092092    -0.00891780
 21.02102102    -0.00886705
 21.12112112    -0.00880746
 21.22122122    -0.00873940
 21.32132132    -0.00866327
 21.42142142    -0.00857944
 21.52152152    -0.00848830
 21.62162162    -0.00839022
 21.72172172    -0.00828555
 21.82182182    -0.00817468
 21.92192192    -0.00805795
 22.02202202    -0.00793571
 22.12212212    -0.00780832
 22.22222222    -0.00767610
 22.32232232    -0.00753940
 22.42242242    -0.00739855
 22.52252252    -0.00725386
 22.62262262    -0.00710565
 22.72272272    -0.00695422
 22.82282282    -0.00679988
 22.92292292    -0.00664293
 23.02302302    -0.00648364
 23.12312312    -0.00632230
 23.22322322    -0.00615918
 23.32332332    -0.00599455
 23.42342342    -0.00582866
 23.52352352    -0.00566177
 23.62362362    -0.00549411
 23.72372372    -0.00532592
 23.82382382    -0.00515743
 23.92392392    -0.00498887
 24.02402402    -0.00482043
 24.12412412    -0.00465233
 24.22422422    -0.00448477
 24.32432432    -0.00431793
 24.42442442    -0.00415200
 24.52452452    -0.00398715
 24.62462462    -0.00382355
 24.72472472    -0.00366136
 24.82482482    -0.00350073
 24.92492492    -0.00334181
 25.02502503    -0.00318473
 25.12512513    -0.00302963
 25.22522523    -0.00287663
 25.32532533    -0.00272585
 25.42542543    -0.00257740
 25.52552553    -0.00243137
 25.62562563    -0.00228788
 25.72572573    -0.00214700
 25.82582583    -0.00200883
 25.92592593    -0.00187343
 26.02602603    -0.00174088
 26.12612613    -0.00161125
 26.22622623    -0.00148459
 26.32632633    -0.00136096
 26.42642643    -0.00124041
 26.52652653    -0.00112297
 26.62662663    -0.00100868
 26.72672673    -0.00089757
 26.82682683    -0.00078968
 26.92692693    -0.00068501
 27.02702703    -0.00058360
 27.12712713    -0.00048544
 27.22722723    -0.00039054
 27.32732733    -0.00029891
 27.42742743    -0.00021054
 27.52752753    -0.00012543
 27.62762763    -0.00004357
 27.72772773     0.00003506
 27.82782783     0.00011047
 27.92792793     0.00018269
 28.02802803     0.00025174
 28.12812813     0.00031764
 28.22822823     0.00038044
 28.32832833     0.00044017
 28.42842843     0.00049685
 28.52852853     0.00055053
 28.62862863     0.00060126
 28.72872873     0.00064908
 28.82882883     0.00069402
 28.92892893     0.00073616
 29.02902903     0.00077552
 29.12912913     0.00081218
 29.22922923     0.00084617
 29.32932933     0.00087756
 29.42942943     0.00090641
 29.52952953     0.00093277
 29.62962963     0.00095670
 29.72972973     0.00097826
 29.82982983     0.00099753
 29.92992993     0.00101455
 30.03003003     0.00102939
 30.13013013     0.00104212
 30.23023023     0.00105281
 30.33033033     0.00106151
 30.43043043     0.00106829
 30.53053053     0.00107322
 30.63063063     0.00107636
 30.73073073     0.00107778
 30.83083083     0.00107755
 30.93093093     0.00107572
 31.03103103     0.00107237
 31.13113113     0.00106757
 31.23123123     0.00106136
 31.33133133     0.00105383
 31.43143143     0.00104503
 31.53153153     0.00103502
 31.63163163     0.00102388
 31.73173173     0.00101165
 31.83183183     0.00099840
 31.93193193     0.00098419
 32.03203203     0.00096908
 32.13213213     0.00095313
 32.23223223     0.00093639
 32.33233233     0.00091893
 32.43243243     0.00090078
 32.53253253     0.00088202
 32.63263263     0.00086269
 32.73273273     0.00084284
 32.83283283     0.00082252
 32.93293293     0.00080179
 33.03303303     0.00078068
 33.13313313     0.00075925
 33.23323323     0.00073755
 33.33333333     0.00071560
 33.43343343     0.00069347
 33.53353353     0.00067118
 33.63363363     0.00064879
 33.73373373     0.00062631
 33.83383383     0.00060381
 33.93393393     0.00058130
 34.03403403     0.00055883
 34.13413413     0.00053642
 34.23423423     0.00051411
 34.33433433     0.00049193
 34.43443443     0.00046991
 34.53453453     0.00044807
 34.63463463     0.00042644
 34.73473473     0.00040505
 34.83483483     0.00038392
 34.93493493     0.00036307
 35.03503504     0.00034252
 35.13513514     0.00032229
 35.23523524     0.00030240
 35.33533534     0.00028287
 35.43543544     0.00026371
 35.53553554     0.00024494
 35.63563564     0.00022657
 35.73573574     0.00020861
 35.83583584     0.00019108
 35.93593594     0.00017399
 36.03603604     0.00015734
 36.13613614     0.00014114
 36.23623624     0.00012540
 36.33633634     0.00011012
 36.43643644     0.00009532
 36.53653654     0.00008099
 36.63663664     0.00006714
 36.73673674     0.00005377
 36.83683684     0.00004088
 36.93693694     0.00002848
 37.03703704     0.00001655
 37.13713714     0.00000511
 37.23723724    -0.00000585
 37.33733734    -0.00001633
 37.43743744    -0.00002633
 37.53753754    -0.00003587
 37.63763764    -0.00004494
 37.73773774    -0.00005354
 37.83783784    -0.00006168
 37.93793794    -0.00006938
 38.03803804    -0.00007662
 38.13813814    -0.00008343
 38.23823824    -0.00008981
 38.33833834    -0.00009576
 38.43843844    -0.00010129
 38.53853854    -0.00010642
 38.63863864    -0.00011115
 38.73873874    -0.00011548
 38.83883884    -0.00011943
 38.93893894    -0.00012301
 39.03903904    -0.00012623
 39.13913914    -0.00012910
 39.23923924    -0.00013162
 39.33933934    -0.00013381
 39.43943944    -0.00013568
 39.53953954    -0.00013723
 39.63963964    -0.00013849
 39.73973974    -0.00013945
 39.83983984    -0.00014013
 39.93993994    -0.00014054
 40.04004004    -0.00014070
 40.14014014    -0.00014060
 40.24024024    -0.00014027
 40.34034034    -0.00013971
 40.44044044    -0.00013893
 40.54054054    -0.00013794
 40.64064064    -0.00013676
 40.74074074    -0.00013540
 40.84084084    -0.00013386
 40.94094094    -0.00013215
 41.04104104    -0.00013029
 41.14114114    -0.00012828
 41.24124124    -0.00012614
 41.34134134    -0.00012387
 41.44144144    -0.00012148
 41.54154154    -0.00011898
 41.64164164    -0.00011639
 41.74174174    -0.00011370
 41.84184184    -0.00011093
 41.94194194    -0.00010809
 42.04204204    -0.00010518
 42.14214214    -0.00010221
 42.24224224    -0.00009919
 42.34234234    -0.00009613
 42.44244244    -0.00009303
 42.54254254    -0.00008991
 42.64264264    -0.00008676
 42.74274274    -0.00008359
 42.84284284    -0.00008042
 42.94294294    -0.00007724
 43.04304304    -0.00007407
 43.14314314    -0.00007090
 43.24324324    -0.00006774
 43.34334334    -0.00006461
 43.44344344    -0.00006149
 43.54354354    -0.00005840
 43.64364364    -0.00005535
 43.74374374    -0.00005233
 43.84384384    -0.00004934
 43.94394394    -0.00004640
 44.04404404    -0.00004351
 44.14414414    -0.00004067
 44.24424424    -0.00003788
 44.34434434    -0.00003514
 44.44444444    -0.00003247
 44.54454454    -0.00002985
 44.64464464    -0.00002729
 44.74474474    -0.00002480
 44.84484484    -0.00002237
 44.94494494    -0.00002001
 45.04504505    -0.00001772
 45.14514515    -0.00001550
 45.24524525    -0.00001335
 45.34534535    -0.00001127
 45.44544545    -0.00000927
 45.54554555    -0.00000733
 45.64564565    -0.00000547
 45.74574575    -0.00000368
 45.84584585    -0.00000197
 45.94594595    -0.00000033
 46.04604605     0.00000124
 46.14614615     0.00000274
 46.24624625     0.00000416
 46.34634635     0.00000551
 46.44644645     0.00000679
 46.54654655     0.00000800
 46.64664665     0.00000914
 46.74674675     0.00001021
 46.84684685     0.00001122
 46.94694695     0.00001216
 47.04704705     0.00001303
 47.14714715     0.00001384
 47.24724725     0.00001458
 47.34734735     0.00001527
 47.44744745     0.00001589
 47.54754755     0.00001646
 47.64764765     0.00001697
 47.74774775     0.00001742
 47.84784785     0.00001782
 47.94794795     0.00001817
 48.04804805     0.00001847
 48.14814815     0.00001872
 48.24824825     0.00001892
 48.34834835     0.00001908
 48.44844845     0.00001919
 48.54854855     0.00001926
 48.64864865     0.00001929
 48.74874875     0.00001928
 48.84884885     0.00001924
 48.94894895     0.00001916
 49.04904905     0.00001904
 49.14914915     0.00001890
 49.24924925     0.00001872
 49.34934935     0.00001852
 49.44944945     0.00001829
 49.54954955     0.00001803
 49.64964965     0.00001775
 49.74974975     0.00001745
 49.84984985     0.00001713
 49.94994995     0.00001679
 50.05005005     0.00001644
 50.15015015     0.00001606
 50.25025025     0.00001568
 50.35035035     0.00001527
 50.45045045     0.00001486
 50.55055055     0.00001444
 50.65065065     0.00001401
 50.75075075     0.00001357
 50.85085085     0.00001312
 50.95095095     0.00001267
 51.05105105     0.00001222
 51.15115115     0.00001176
 51.25125125     0.00001130
 51.35135135     0.00001083
 51.45145145     0.00001037
 51.55155155     0.00000991
 51.65165165     0.00000945
 51.75175175     0.00000899
 51.85185185     0.00000854
 51.95195195     0.00000808
 52.05205205     0.00000764
 52.15215215     0.00000720
 52.25225225     0.00000676
 52.35235235     0.00000633
 52.45245245     0.00000591
 52.55255255     0.00000550
 52.65265265     0.00000509
 52.75275275     0.00000470
 52.85285285     0.00000431
 52.95295295     0.00000393
 53.05305305     0.00000356
 53.15315315     0.00000320
 53.25325325     0.00000285
 53.35335335     0.00000251
 53.45345345     0.00000218
 53.55355355     0.00000187
 53.65365365     0.00000156
 53.75375375     0.00000127
 53.85385385     0.00000098
 53.95395395     0.00000071
 54.05405405     0.00000045
 54.15415415     0.00000020
 54.25425425    -0.00000004
 54.35435435    -0.00000027
 54.45445445    -0.00000048
 54.55455455    -0.00000069
 54.65465465    -0.00000088
 54.75475475    -0.00000107
 54.85485485    -0.00000124
 54.95495495    -0.00000140
 55.05505506    -0.00000155
 55.15515516    -0.00000169
 55.25525526    -0.00000183
 55.35535536    -0.00000195
 55.45545546    -0.00000206
 55.55555556    -0.00000216
 55.65565566    -0.00000225
 55.75575576    -0.00000234
 55.85585586    -0.00000241
 55.95595596    -0.00000248
 56.05605606    -0.00000253
 56.15615616    -0.00000258
 56.25625626    -0.00000263
 56.35635636    -0.00000266
 56.45645646    -0.00000269
 56.55655656    -0.00000271
 56.65665666    -0.00000272
 56.75675676    -0.00000273
 56.85685686    -0.00000273
 56.95695696    -0.00000272
 57.05705706    -0.00000271
 57.15715716    -0.00000270
 57.25725726    -0.00000268
 57.35735736    -0.00000265
 57.45745746    -0.00000262
 57.55755756    -0.00000259
 57.65765766    -0.00000255
 57.75775776    -0.00000251
 57.85785786    -0.00000246
 57.95795796    -0.00000242
 58.05805806    -0.00000237
 58.15815816    -0.00000231
 58.25825826    -0.00000226
 58.35835836    -0.00000220
 58.45845846    -0.00000214
 58.55855856    -0.00000208
 58.65865866    -0.00000201
 58.75875876    -0.00000195
 58.85885886    -0.00000188
 58.95895896    -0.00000182
 59.05905906    -0.00000175
 59.15915916    -0.00000168
 59.25925926    -0.00000161
 59.35935936    -0.00000154
 59.45945946    -0.00000147
 59.55955956    -0.00000141
 59.65965966    -0.00000134
 59.75975976    -0.00000127
 59.85985986    -0.00000120
 59.95995996    -0.00000113
 60.06006006    -0.00000107
 60.16016016    -0.00000100
 60.26026026    -0.00000094
 60.36036036    -0.00000088
 60.46046046    -0.00000081
 60.56056056    -0.00000075
 60.66066066    -0.00000069
 60.76076076    -0.00000063
 60.86086086    -0.00000058
 60.96096096    -0.00000052
 61.06106106    -0.00000047
 61.16116116    -0.00000042
 61.26126126    -0.00000036
 61.36136136    -0.00000031
 61.46146146    -0.00000027
 61.56156156    -0.00000022
 61.66166166    -0.00000018
 61.76176176    -0.00000014
 61.86186186    -0.00000009
 61.96196196    -0.00000006
 62.06206206    -0.00000002
 62.16216216     0.00000002
 62.26226226     0.00000005
 62.36236236     0.00000008
 62.46246246     0.00000011
 62.56256256     0.00000014
 62.66266266     0.00000017
 62.76276276     0.00000019
 62.86286286     0.00000022
 62.96296296     0.00000024
 63.06306306     0.00000026
 63.16316316     0.00000028
 63.26326326     0.00000029
 63.36336336     0.00000031
 63.46346346     0.00000032
 63.56356356     0.00000034
 63.66366366     0.00000035
 63.76376376     0.00000036
 63.86386386     0.00000037
 63.96396396     0.00000037
 64.06406406     0.00000038
 64.16416416     0.00000038
 64.26426426     0.00000039
 64.36436436     0.00000039
 64.46446446     0.00000039
 64.56456456     0.00000039
 64.66466466     0.00000039
 64.76476476     0.00000039
 64.86486486     0.00000039
 64.96496496     0.00000039
 65.06506507     0.00000039
 65.16516517     0.00000038
 65.26526527     0.00000038
 65.36536537     0.00000037
 65.46546547     0.00000036
 65.56556557     0.00000036
 65.66566567     0.00000035
 65.76576577     0.00000034
 65.86586587     0.00000034
 65.96596597     0.00000033
 66.06606607     0.00000032
 66.16616617     0.00000031
 66.26626627     0.00000030
 66.36636637     0.00000029
 66.46646647     0.00000028
 66.56656657     0.00000027
 66.66666667     0.00000026
 66.76676677     0.00000025
 66.86686687     0.00000024
 66.96696697     0.00000023
 67.06706707     0.00000022
 67.16716717     0.00000021
 67.26726727     0.00000020
 67.36736737     0.00000019
 67.46746747     0.00000018
 67.56756757     0.00000017
 67.66766767     0.00000016
 67.76776777     0.00000015
 67.86786787     0.00000014
 67.96796797     0.00000013
 68.06806807     0.00000012
 68.16816817     0.00000011
 68.26826827     0.00000010
 68.36836837     0.00000009
 68.46846847     0.00000008
 68.56856857     0.00000008
 68.66866867     0.00000007
 68.76876877     0.00000006
 68.86886887     0.00000005
 68.96896897     0.00000004
 69.06906907     0.00000004
 69.16916917     0.00000003
 69.26926927     0.00000002
 69.36936937     0.00000002
 69.46946947     0.00000001
 69.56956957     0.00000001
 69.66966967     0.00000000
 69.76976977    -0.00000000
 69.86986987    -0.00000001
 69.96996997    -0.00000001
 70.07007007    -0.00000002
 70.17017017    -0.00000002
 70.27027027    -0.00000003
 70.37037037    -0.00000003
 70.47047047    -0.00000003
 70.57057057    -0.00000004
 70.67067067    -0.00000004
 70.77077077    -0.00000004
 70.87087087    -0.00000005
 70.97097097    -0.00000005
 71.07107107    -0.00000005
 71.17117117    -0.00000005
 71.27127127    -0.00000005
 71.37137137    -0.00000005
 71.47147147    -0.00000005
 71.57157157    -0.00000006
 71.67167167    -0.00000006
 71.77177177    -0.00000006
 71.87187187    -0.00000006
 71.97197197    -0.00000006
 72.07207207    -0.00000006
 72.17217217    -0.00000006
 72.27227227    -0.00000006
 72.37237237    -0.00000006
 72.47247247    -0.00000006
 72.57257257    -0.00000006
 72.67267267    -0.00000006
 72.77277277    -0.00000005
 72.87287287    -0.00000005
 72.97297297    -0.00000005
 73.07307307    -0.00000005
 73.17317317    -0.00000005
 73.27327327    -0.00000005
 73.37337337    -0.00000005
 73.47347347    -0.00000005
 73.57357357    -0.00000005
 73.67367367    -0.00000004
 73.77377377    -0.00000004
 73.87387387    -0.00000004
 73.97397397    -0.00000004
 74.07407407    -0.00000004
 74.17417417    -0.00000004
 74.27427427    -0.00000004
 74.37437437    -0.00000003
 74.47447447    -0.00000003
 74.57457457    -0.00000003
 74.67467467    -0.00000003
 74.77477477    -0.00000003
 74.87487487    -0.00000003
 74.97497497    -0.00000002
 75.07507508    -0.00000002
 75.17517518    -0.00000002
 75.27527528    -0.00000002
 75.37537538    -0.00000002
 75.47547548    -0.00000002
 75.57557558    -0.00000002
 75.67567568    -0.00000001
 75.77577578    -0.00000001
 75.87587588    -0.00000001
 75.97597598    -0.00000001
 76.07607608    -0.00000001
 76.17617618    -0.00000001
 76.27627628    -0.00000001
 76.37637638    -0.00000001
 76.47647648    -0.00000000
 76.57657658    -0.00000000
 76.67667668    -0.00000000
 76.77677678    -0.00000000
 76.87687688    -0.00000000
 76.97697698    -0.00000000
 77.07707708     0.00000000
 77.17717718     0.00000000
 77.27727728     0.00000000
 77.37737738     0.00000000
 77.47747748     0.00000000
 77.57757758     0.00000000
 77.67767768     0.00000000
 77.77777778     0.00000001
 77.87787788     0.00000001
 77.97797798     0.00000001
 78.07807808     0.00000001
 78.17817818     0.00000001
 78.27827828     0.00000001
 78.37837838     0.00000001
 78.47847848     0.00000001
 78.57857858     0.00000001
 78.67867868     0.00000001
 78.77877878     0.00000001
 78.87887888     0.00000001
 78.97897898     0.00000001
 79.07907908     0.00000001
 79.17917918     0.00000001
 79.27927928     0.00000001
 79.37937938     0.00000001
 79.47947948     0.00000001
 79.57957958     0.00000001
 79.67967968     0.00000001
 79.77977978     0.00000001
 79.87987988     0.00000001
 79.97997998     0.00000001
 80.08008008     0.00000001
 80.18018018     0.00000001
 80.28028028     0.00000001
 80.38038038     0.00000001
 80.48048048     0.00000001
 80.58058058     0.00000001
 80.68068068     0.00000001
 80.78078078     0.00000001
 80.88088088     0.00000001
 80.98098098     0.00000001
 81.08108108     0.00000001
 81.18118118     0.00000001
 81.28128128     0.00000001
 81.38138138     0.00000001
 81.48148148     0.00000001
 81.58158158     0.00000000
 81.68168168     0.00000000
 81.78178178     0.00000000
 81.88188188     0.00000000
 81.98198198     0.00000000
 82.08208208     0.00000000
 82.18218218     0.00000000
 82.28228228     0.00000000
 82.38238238     0.00000000
 82.48248248     0.00000000
 82.58258258     0.00000000
 82.68268268     0.00000000
 82.78278278     0.00000000
 82.88288288     0.00000000
 82.98298298     0.00000000
 83.08308308     0.00000000
 83.18318318     0.00000000
 83.28328328     0.00000000
 83.38338338     0.00000000
 83.48348348     0.00000000
 83.58358358     0.00000000
 83.68368368     0.00000000
 83.78378378     0.00000000
 83.88388388     0.00000000
 83.98398398     0.00000000
 84.08408408    -0.00000000
 84.18418418    -0.00000000
 84.28428428    -0.00000000
 84.38438438    -0.00000000
 84.48448448    -0.00000000
 84.58458458    -0.00000000
 84.68468468    -0.00000000
 84.78478478    -0.00000000
 84.88488488    -0.00000000
 84.98498498    -0.00000000
 85.08508509    -0.00000000
 85.18518519    -0.00000000
 85.28528529    -0.00000000
 85.38538539    -0.00000000
 85.48548549    -0.00000000
 85.58558559    -0.00000000
 85.68568569    -0.00000000
 85.78578579    -0.00000000
 85.88588589    -0.00000000
 85.98598599    -0.00000000
 86.08608609    -0.00000000
 86.18618619    -0.00000000
 86.28628629    -0.00000000
 86.38638639    -0.00000000
 86.48648649    -0.00000000
 86.58658659    -0.00000000
 86.68668669    -0.00000000
 86.78678679    -0.00000000
 86.88688689    -0.00000000
 86.98698699    -0.00000000
 87.08708709    -0.00000000
 87.18718719    -0.00000000
 87.28728729    -0.00000000
 87.38738739    -0.00000000
 87.48748749    -0.00000000
 87.58758759    -0.00000000
 87.68768769    -0.00000000
 87.78778779    -0.00000000
 87.88788789    -0.00000000
 87.98798799    -0.00000000
 88.08808809    -0.00000000
 88.18818819    -0.00000000
 88.28828829    -0.00000000
 88.38838839    -0.00000000
 88.48848849    -0.00000000
 88.58858859    -0.00000000
 88.68868869    -0.00000000
 88.78878879    -0.00000000
 88.88888889    -0.00000000
 88.98898899    -0.00000000
 89.08908909    -0.00000000
 89.18918919    -0.00000000
 89.28928929    -0.00000000
 89.38938939    -0.00000000
 89.48948949    -0.00000000
 89.58958959    -0.00000000
 89.68968969    -0.00000000
 89.78978979    -0.00000000
 89.88988989    -0.00000000
 89.98998999    -0.00000000
 90.09009009    -0.00000000
 90.19019019    -0.00000000
 90.29029029    -0.00000000
 90.39039039    -0.00000000
 90.49049049    -0.00000000
 90.59059059    -0.00000000
 90.69069069    -0.00000000
 90.79079079    -0.00000000
 90.89089089    -0.00000000
 90.99099099     0.00000000
 91.09109109     0.00000000
 91.19119119     0.00000000
 91.29129129     0.00000000
 91.39139139     0.00000000
 91.49149149     0.00000000
 91.59159159     0.00000000
 91.69169169     0.00000000
 91.79179179     0.00000000
 91.89189189     0.00000000
 91.99199199     0.00000000
 92.09209209     0.00000000
 92.19219219     0.00000000
 92.29229229     0.00000000
 92.39239239     0.00000000
 92.49249249     0.00000000
 92.59259259     0.00000000
 92.69269269     0.00000000
 92.79279279     0.00000000
 92.89289289     0.00000000
 92.99299299     0.00000000
 93.09309309     0.00000000
 93.19319319     0.00000000
 93.29329329     0.00000000
 93.39339339     0.00000000
 93.49349349     0.00000000
 93.59359359     0.00000000
 93.69369369     0.00000000
 93.79379379     0.00000000
 93.89389389     0.00000000
 93.99399399     0.00000000
 94.09409409     0.00000000
 94.19419419     0.00000000
 94.29429429     0.00000000
 94.39439439     0.00000000
 94.49449449     0.00000000
 94.59459459     0.00000000
 94.69469469     0.00000000
 94.79479479     0.00000000
 94.89489489     0.00000000
 94.99499499     0.00000000
 95.09509510     0.00000000
 95.19519520     0.00000000
 95.29529530     0.00000000
 95.39539540     0.00000000
 95.49549550     0.00000000
 95.59559560     0.00000000
 95.69569570     0.00000000
 95.79579580     0.00000000
 95.89589590     0.00000000
 95.99599600     0.00000000
 96.09609610     0.00000000
 96.19619620     0.00000000
 96.29629630     0.00000000
 96.39639640     0.00000000
 96.49649650     0.00000000
 96.59659660     0.00000000
 96.69669670     0.00000000
 96.79679680     0.00000000
 96.89689690     0.00000000
 96.99699700     0.00000000
 97.09709710     0.00000000
 97.19719720     0.00000000
 97.29729730     0.00000000
 97.39739740     0.00000000
 97.49749750     0.00000000
 97.59759760     0.00000000
 97.69769770     0.00000000
 97.79779780     0.00000000
 97.89789790     0.00000000
 97.99799800     0.00000000
 98.09809810     0.00000000
 98.19819820     0.00000000
 98.29829830     0.00000000
 98.39839840     0.00000000
 98.49849850     0.00000000
 98.59859860     0.00000000
 98.69869870     0.00000000
 98.79879880     0.00000000
 98.89889890     0.00000000
 98.99899900     0.00000000
 99.09909910     0.00000000
 99.19919920     0.00000000
 99.29929930     0.00000000
 99.39939940     0.00000000
 99.49949950     0.00000000
 99.59959960     0.00000000
 99.69969970     0.00000000
 99.79979980    -0.00000000
 99.89989990    -0.00000000
100.00000000     0.00000000
