  0.00000000    -0.39878947
  0.10010010    -0.38478947
  0.20020020    -0.37101563
  0.30030030    -0.35746794
  0.40040040    -0.34414635
  0.50050050    -0.33105073
  0.60060060    -0.31818089
  0.70070070    -0.30553659
  0.80080080    -0.29311751
  0.90090090    -0.28092328
  1.00100100    -0.26895347
  1.10110110    -0.25720758
  1.20120120    -0.24568505
  1.30130130    -0.23438527
  1.40140140    -0.22330756
  1.50150150    -0.21245119
  1.60160160    -0.20181536
  1.70170170    -0.19139922
  1.80180180    -0.18120185
  1.90190190    -0.17122228
  2.00200200    -0.16145949
  2.10210210    -0.15191239
  2.20220220    -0.14257985
  2.30230230    -0.13346066
  2.40240240    -0.12455359
  2.50250250    -0.11585733
  2.60260260    -0.10737053
  2.70270270    -0.09909177
  2.80280280    -0.09101961
  2.90290290    -0.08315253
  3.00300300    -0.07548897
  3.10310310    -0.06802734
  3.20320320    -0.06076597
  3.30330330    -0.05370317
  3.40340340    -0.04683719
  3.50350350    -0.04016624
  3.60360360    -0.03368849
  3.70370370    -0.02740206
  3.80380380    -0.02130504
  3.90390390    -0.01539546
  4.00400400    -0.00967133
  4.10410410    -0.00413062
  4.20420420     0.00122874
  4.30430430     0.00640887
  4.40440440     0.01141191
  4.50450450     0.01624002
  4.60460460     0.02089541
  4.70470470     0.02538034
  4.80480480     0.02969705
  4.90490490     0.03384785
  5.00500501     0.03783506
  5.10510511     0.04166103
  5.20520521     0.04532813
  5.30530531     0.04883876
  5.40540541     0.05219533
  5.50550551     0.05540029
  5.60560561     0.05845610
  5.70570571     0.06136522
  5.80580581     0.06413016
  5.90590591     0.06675342
  6.00600601     0.06923752
  6.10610611     0.07158501
  6.20620621     0.07379842
  6.30630631     0.07588032
  6.40640641     0.07783327
  6.50650651     0.07965985
  6.60660661     0.08136263
  6.70670671     0.08294420
  6.80680681     0.08440715
  6.90690691     0.08575407
  7.00700701     0.08698755
  7.10710711     0.08811019
  7.20720721     0.08912457
  7.30730731     0.09003330
  7.40740741     0.09083894
  7.50750751     0.09154408
  7.60760761     0.09215130
  7.70770771     0.09266317
  7.80780781     0.09308223
  7.90790791     0.09341104
  8.00800801     0.09365214
  8.10810811     0.09380805
  8.20820821     0.09388128
  8.30830831     0.09387434
  8.40840841     0.09378971
  8.50850851     0.09362985
  8.60860861     0.09339723
  8.70870871     0.09309426
  8.80880881     0.09272336
  8.90890891     0.09228693
  9.00900901     0.09178733
  9.10910911     0.09122693
  9.20920921     0.09060804
  9.30930931     0.08993297
  9.40940941     0.08920400
  9.50950951     0.08842338
  9.60960961     0.08759334
  9.70970971     0.08671608
  9.80980981     0.08579377
  9.90990991     0.08482857
 10.01001001     0.08382258
 10.11011011     0.08277789
 10.21021021     0.08169657
 10.31031031     0.08058062
 10.41041041     0.07943205
 10.51051051     0.07825282
 10.61061061     0.07704486
 10.71071071     0.07581006
 10.81081081     0.07455029
 10.91091091     0.07326737
 11.01101101     0.07196311
 11.11111111     0.07063925
 11.21121121     0.06929752
 11.31131131     0.06793962
 11.41141141     0.06656720
 11.51151151     0.06518187
 11.61161161     0.06378521
 11.71171171     0.06237878
 11.81181181     0.06096407
 11.91191191     0.05954257
 12.01201201     0.05811569
 12.11211211     0.05668485
 12.21221221     0.05525140
 12.31231231     0.05381667
 12.41241241     0.05238194
 12.51251251     0.05094845
 12.61261261     0.04951743
 12.71271271     0.04809004
 12.81281281     0.04666742
 12.91291291     0.04525068
 13.01301301     0.04384087
 13.11311311     0.04243902
 13.21321321     0.04104612
 13.31331331     0.03966313
 13.41341341     0.03829096
 13.51351351     0.03693049
 13.61361361     0.03558257
 13.71371371     0.03424801
 13.81381381     0.03292759
 13.91391391     0.03162203
 14.01401401     0.03033206
 14.11411411     0.02905833
 14.21421421     0.02780149
 14.31431431     0.02656214
 14.41441441     0.02534085
 14.51451451     0.02413816
 14.61461461     0.02295458
 14.71471471     0.02179057
 14.81481481     0.02064658
 14.91491491     0.01952303
 15.01501502     0.01842028
 15.11511512     0.01733871
 15.21521522     0.01627861
 15.31531532     0.01524030
 15.41541542     0.01422403
 15.51551552     0.01323005
 15.61561562     0.01225855
 15.71571572     0.01130973
 15.81581582     0.01038374
 15.91591592     0.00948071
 16.01601602     0.00860075
 16.11611612     0.00774393
 16.21621622     0.00691033
 16.31631632     0.00609997
 16.41641642     0.00531286
 16.51651652     0.00454900
 16.61661662     0.00380835
 16.71671672     0.00309087
 16.81681682     0.00239648
 16.91691692     0.00172508
 17.01701702     0.00107658
 17.11711712     0.00045084
 17.21721722    -0.00015229
 17.31731732    -0.00073296
 17.41741742    -0.00129136
 17.51751752    -0.00182768
 17.61761762    -0.00234214
 17.71771772    -0.00283495
 17.81781782    -0.00330635
 17.91791792    -0.00375661
 18.01801802    -0.00418597
 18.11811812    -0.00459473
 18.21821822    -0.00498316
 18.31831832    -0.00535156
 18.41841842    -0.00570025
 18.51851852    -0.00602954
 18.61861862    -0.00633977
 18.71871872    -0.00663126
 18.81881882    -0.00690436
 18.91891892    -0.00715943
 19.01901902    -0.00739682
 19.11911912    -0.00761689
 19.21921922    -0.00782003
 19.31931932    -0.00800659
 19.41941942    -0.00817698
 19.51951952    -0.00833156
 19.61961962    -0.00847073
 19.71971972    -0.00859488
 19.81981982    -0.00870440
 19.91991992    -0.00879970
 20.02002002    -0.00888116
 20.12012012    -0.00894920
 20.22022022    -0.00900421
 20.32032032    -0.00904659
 20.42042042    -0.00907674
 20.52052052    -0.00909507
 20.62062062    -0.00910197
 20.72072072    -0.00909786
 20.82082082    -0.00908311
 20.92092092    -0.00905814
 21.02102102    -0.00902332
 21.12112112    -0.00897907
 21.22122122    -0.00892575
 21.32132132    -0.00886377
 21.42142142    -0.00879350
 21.52152152    -0.00871532
 21.62162162    -0.00862960
 21.72172172    -0.00853672
 21.82182182    -0.00843703
 21.92192192    -0.00833091
 22.02202202    -0.00821870
 22.12212212    -0.00810075
 22.22222222    -0.00797742
 22.32232232    -0.00784904
 22.42242242    -0.00771594
 22.52252252    -0.00757845
 22.62262262    -0.00743689
 22.72272272    -0.00729158
 22.82282282    -0.00714283
 22.92292292    -0.00699093
 23.02302302    -0.00683619
 23.12312312    -0.00667889
 23.22322322    -0.00651931
 23.32332332    -0.00635772
 23.42342342    -0.00619440
 23.52352352    -0.00602961
 23.62362362    -0.00586359
 23.72372372    -0.00569659
 23.82382382    -0.00552886
 23.92392392    -0.00536061
 24.02402402    -0.00519208
 24.12412412    -0.00502348
 24.22422422    -0.00485503
 24.32432432    -0.00468691
 24.42442442    -0.00451933
 24.52452452    -0.00435247
 24.62462462    -0.00418652
 24.72472472    -0.00402163
 24.82482482    -0.00385799
 24.92492492    -0.00369574
 25.02502503    -0.00353504
 25.12512513    -0.00337602
 25.22522523    -0.00321883
 25.32532533    -0.00306360
 25.42542543    -0.00291045
 25.52552553    -0.00275948
 25.62562563    -0.00261082
 25.72572573    -0.00246457
 25.82582583    -0.00232081
 25.92592593    -0.00217964
 26.02602603    -0.00204114
 26.12612613    -0.00190539
 26.22622623    -0.00177247
 26.32632633    -0.00164242
 26.42642643    -0.00151532
 26.52652653    -0.00139121
 26.62662663    -0.00127015
 26.72672673    -0.00115217
 26.82682683    -0.00103731
 26.92692693    -0.00092560
 27.02702703    -0.00081708
 27.12712713    -0.00071176
 27.22722723    -0.00060965
 27.32732733    -0.00051077
 27.42742743    -0.00041513
 27.52752753    -0.00032273
 27.62762763    -0.00023357
 27.72772773    -0.00014764
 27.82782783    -0.00006494
 27.92792793     0.00001455
 28.02802803     0.00009085
 28.12812813     0.00016397
 28.22822823     0.00023394
 28.32832833     0.00030079
 28.42842843     0.00036454
 28.52852853     0.00042523
 28.62862863     0.00048289
 28.72872873     0.00053756
 28.82882883     0.00058929
 28.92892893     0.00063811
 29.02902903     0.00068407
 29.12912913     0.00072723
 29.22922923     0.00076761
 29.32932933     0.00080529
 29.42942943     0.00084031
 29.52952953     0.00087272
 29.62962963     0.00090259
 29.72972973     0.00092996
 29.82982983     0.00095491
 29.92992993     0.00097748
 30.03003003     0.00099774
 30.13013013     0.00101575
 30.23023023     0.00103157
 30.33033033     0.00104526
 30.43043043     0.00105689
 30.53053053     0.00106653
 30.63063063     0.00107423
 30.73073073     0.00108006
 30.83083083     0.00108409
 30.93093093     0.00108637
 31.03103103     0.00108698
 31.13113113     0.00108599
 31.23123123     0.00108344
 31.33133133     0.00107941
 31.43143143     0.00107396
 31.53153153     0.00106716
 31.63163163     0.00105907
 31.73173173     0.00104974
 31.83183183     0.00103925
 31.93193193     0.00102765
 32.03203203     0.00101500
 32.13213213     0.00100136
 32.23223223     0.00098679
 32.33233233     0.00097136
 32.43243243     0.00095510
 32.53253253     0.00093809
 32.63263263     0.00092037
 32.73273273     0.00090201
 32.83283283     0.00088304
 32.93293293     0.00086353
 33.03303303     0.00084352
 33.13313313     0.00082306
 33.23323323     0.00080220
 33.33333333     0.00078099
 33.43343343     0.00075947
 33.53353353     0.00073769
 33.63363363     0.00071569
 33.73373373     0.00069350
 33.83383383     0.00067118
 33.93393393     0.00064876
 34.03403403     0.00062627
 34.13413413     0.00060375
 34.23423423     0.00058125
 34.33433433     0.00055878
 34.43443443     0.00053638
 34.53453453     0.00051409
 34.63463463     0.00049194
 34.73473473     0.00046994
 34.83483483     0.00044813
 34.93493493     0.00042654
 35.03503504     0.00040518
 35.13513514     0.00038408
 35.23523524     0.00036327
 35.33533534     0.00034275
 35.43543544     0.00032256
 35.53553554     0.00030271
 35.63563564     0.00028321
 35.73573574     0.00026409
 35.83583584     0.00024535
 35.93593594     0.00022701
 36.03603604     0.00020908
 36.13613614     0.00019158
 36.23623624     0.00017451
 36.33633634     0.00015787
 36.43643644     0.00014169
 36.53653654     0.00012596
 36.63663664     0.00011070
 36.73673674     0.00009590
 36.83683684     0.00008157
 36.93693694     0.00006772
 37.03703704     0.00005434
 37.13713714     0.00004145
 37.23723724     0.00002903
 37.33733734     0.00001709
 37.43743744     0.00000563
 37.53753754    -0.00000536
 37.63763764    -0.00001587
 37.73773774    -0.00002591
 37.83783784    -0.00003548
 37.93793794    -0.00004458
 38.03803804    -0.00005323
 38.13813814    -0.00006142
 38.23823824    -0.00006916
 38.33833834    -0.00007646
 38.43843844    -0.00008332
 38.53853854    -0.00008975
 38.63863864    -0.00009576
 38.73873874    -0.00010136
 38.83883884    -0.00010654
 38.93893894    -0.00011134
 39.03903904    -0.00011574
 39.13913914    -0.00011976
 39.23923924    -0.00012341
 39.33933934    -0.00012670
 39.43943944    -0.00012963
 39.53953954    -0.00013223
 39.63963964    -0.00013449
 39.73973974    -0.00013643
 39.83983984    -0.00013805
 39.93993994    -0.00013938
 40.04004004    -0.00014041
 40.14014014    -0.00014117
 40.24024024    -0.00014165
 40.34034034    -0.00014187
 40.44044044    -0.00014185
 40.54054054    -0.00014158
 40.64064064    -0.00014109
 40.74074074    -0.00014038
 40.84084084    -0.00013946
 40.94094094    -0.00013834
 41.04104104    -0.00013703
 41.14114114    -0.00013555
 41.24124124    -0.00013390
 41.34134134    -0.00013209
 41.44144144    -0.00013013
 41.54154154    -0.00012804
 41.64164164    -0.00012582
 41.74174174    -0.00012347
 41.84184184    -0.00012102
 41.94194194    -0.00011846
 42.04204204    -0.00011581
 42.14214214    -0.00011307
 42.24224224    -0.00011026
 42.34234234    -0.00010737
 42.44244244    -0.00010443
 42.54254254    -0.00010143
 42.64264264    -0.00009839
 42.74274274    -0.00009531
 42.84284284    -0.00009219
 42.94294294    -0.00008906
 43.04304304    -0.00008590
 43.14314314    -0.00008273
 43.24324324    -0.00007955
 43.34334334    -0.00007637
 43.44344344    -0.00007320
 43.54354354    -0.00007003
 43.64364364    -0.00006688
 43.74374374    -0.00006376
 43.84384384    -0.00006065
 43.94394394    -0.00005758
 44.04404404    -0.00005453
 44.14414414    -0.00005153
 44.24424424    -0.00004856
 44.34434434    -0.00004564
 44.44444444    -0.00004277
 44.54454454    -0.00003994
 44.64464464    -0.00003717
 44.74474474    -0.00003446
 44.84484484    -0.00003180
 44.94494494    -0.00002920
 45.04504505    -0.00002667
 45.14514515    -0.00002420
 45.24524525    -0.00002179
 45.34534535    -0.00001945
 45.44544545    -0.00001718
 45.54554555    -0.00001498
 45.64564565    -0.00001285
 45.74574575    -0.00001079
 45.84584585    -0.00000880
 45.94594595    -0.00000689
 46.04604605    -0.00000505
 46.14614615    -0.00000328
 46.24624625    -0.00000158
 46.34634635     0.00000004
 46.44644645     0.00000160
 46.54654655     0.00000308
 46.64664665     0.00000448
 46.74674675     0.00000582
 46.84684685     0.00000709
 46.94694695     0.00000829
 47.04704705     0.00000941
 47.14714715     0.00001048
 47.24724725     0.00001147
 47.34734735     0.00001240
 47.44744745     0.00001326
 47.54754755     0.00001406
 47.64764765     0.00001480
 47.74774775     0.00001548
 47.84784785     0.00001610
 47.94794795     0.00001666
 48.04804805     0.00001716
 48.14814815     0.00001761
 48.24824825     0.00001801
 48.34834835     0.00001835
 48.44844845     0.00001864
 48.54854855     0.00001889
 48.64864865     0.00001909
 48.74874875     0.00001925
 48.84884885     0.00001936
 48.94894895     0.00001943
 49.04904905     0.00001946
 49.14914915     0.00001945
 49.24924925     0.00001940
 49.34934935     0.00001932
 49.44944945     0.00001921
 49.54954955     0.00001906
 49.64964965     0.00001889
 49.74974975     0.00001869
 49.84984985     0.00001846
 49.94994995     0.00001820
 50.05005005     0.00001793
 50.15015015     0.00001763
 50.25025025     0.00001731
 50.35035035     0.00001697
 50.45045045     0.00001661
 50.55055055     0.00001624
 50.65065065     0.00001586
 50.75075075     0.00001546
 50.85085085     0.00001505
 50.95095095     0.00001463
 51.05105105     0.00001419
 51.15115115     0.00001376
 51.25125125     0.00001331
 51.35135135     0.00001286
 51.45145145     0.00001241
 51.55155155     0.00001195
 51.65165165     0.00001149
 51.75175175     0.00001102
 51.85185185     0.00001056
 51.95195195     0.00001010
 52.05205205     0.00000964
 52.15215215     0.00000918
 52.25225225     0.00000872
 52.35235235     0.00000827
 52.45245245     0.00000782
 52.55255255     0.00000738
 52.65265265     0.00000694
 52.75275275     0.00000651
 52.85285285     0.00000609
 52.95295295     0.00000567
 53.05305305     0.00000526
 53.15315315     0.00000486
 53.25325325     0.00000447
 53.35335335     0.00000409
 53.45345345     0.00000372
 53.55355355     0.00000336
 53.65365365     0.00000300
 53.75375375     0.00000266
 53.85385385     0.00000233
 53.95395395     0.00000201
 54.05405405     0.00000170
 54.15415415     0.00000140
 54.25425425     0.00000111
 54.35435435     0.00000083
 54.45445445     0.00000056
 54.55455455     0.00000031
 54.65465465     0.00000006
 54.75475475    -0.00000017
 54.85485485    -0.00000039
 54.95495495    -0.00000060
 55.05505506    -0.00000080
 55.15515516    -0.00000099
 55.25525526    -0.00000117
 55.35535536    -0.00000133
 55.45545546    -0.00000149
 55.55555556    -0.00000164
 55.65565566    -0.00000177
 55.75575576    -0.00000190
 55.85585586    -0.00000202
 55.95595596    -0.00000212
 56.05605606    -0.00000222
 56.15615616    -0.00000231
 56.25625626    -0.00000239
 56.35635636    -0.00000246
 56.45645646    -0.00000252
 56.55655656    -0.00000258
 56.65665666    -0.00000262
 56.75675676    -0.00000266
 56.85685686    -0.00000269
 56.95695696    -0.00000272
 57.05705706    -0.00000274
 57.15715716    -0.00000275
 57.25725726    -0.00000275
 57.35735736    -0.00000275
 57.45745746    -0.00000274
 57.55755756    -0.00000273
 57.65765766    -0.00000272
 57.75775776    -0.00000269
 57.85785786    -0.00000267
 57.95795796    -0.00000264
 58.05805806    -0.00000260
 58.15815816    -0.00000256
 58.25825826    -0.00000252
 58.35835836    -0.00000247
 58.45845846    -0.00000243
 58.55855856    -0.00000237
 58.65865866    -0.00000232
 58.75875876    -0.00000226
 58.85885886    -0.00000220
 58.95895896    -0.00000214
 59.05905906    -0.00000208
 59.15915916    -0.00000202
 59.25925926    -0.00000195
 59.35935936    -0.00000189
 59.45945946    -0.00000182
 59.55955956    -0.00000175
 59.65965966    -0.00000168
 59.75975976    -0.00000162
 59.85985986    -0.00000155
 59.95995996    -0.00000148
 60.06006006    -0.00000141
 60.16016016    -0.00000134
 60.26026026    -0.00000127
 60.36036036    -0.00000121
 60.46046046    -0.00000114
 60.56056056    -0.00000107
 60.66066066    -0.00000101
 60.76076076    -0.00000094
 60.86086086    -0.00000088
 60.96096096    -0.00000082
 61.06106106    -0.00000076
 61.16116116    -0.00000070
 61.26126126    -0.00000064
 61.36136136    -0.00000058
 61.46146146    -0.00000053
 61.56156156    -0.00000047
 61.66166166    -0.00000042
 61.76176176    -0.00000037
 61.86186186    -0.00000032
 61.96196196    -0.00000027
 62.06206206    -0.00000023
 62.16216216    -0.00000018
 62.26226226    -0.00000014
 62.36236236    -0.00000010
 62.46246246    -0.00000006
 62.56256256    -0.00000002
 62.66266266     0.00000001
 62.76276276     0.00000005
 62.86286286     0.00000008
 62.96296296     0.00000011
 63.06306306     0.00000014
 63.16316316     0.00000017
 63.26326326     0.00000019
 63.36336336     0.00000021
 63.46346346     0.00000024
 63.56356356     0.00000026
 63.66366366     0.00000028
 63.76376376     0.00000029
 63.86386386     0.00000031
 63.96396396     0.00000032
 64.06406406     0.00000034
 64.16416416     0.00000035
 64.26426426     0.00000036
 64.36436436     0.00000037
 64.46446446     0.00000038
 64.56456456     0.00000038
 64.66466466     0.00000039
 64.76476476     0.00000039
 64.86486486     0.00000039
 64.96496496     0.00000040
 65.06506507     0.00000040
 65.16516517     0.00000040
 65.26526527     0.00000040
 65.36536537     0.00000040
 65.46546547     0.00000039
 65.56556557     0.00000039
 65.66566567     0.00000039
 65.76576577     0.00000038
 65.86586587     0.00000038
 65.96596597     0.00000037
 66.06606607     0.00000036
 66.16616617     0.00000036
 66.26626627     0.00000035
 66.36636637     0.00000034
 66.46646647     0.00000033
 66.56656657     0.00000033
 66.66666667     0.00000032
 66.76676677     0.00000031
 66.86686687     0.00000030
 66.96696697     0.00000029
 67.06706707     0.00000028
 67.16716717     0.00000027
 67.26726727     0.00000026
 67.36736737     0.00000025
 67.46746747     0.00000024
 67.56756757     0.00000023
 67.66766767     0.00000022
 67.76776777     0.00000021
 67.86786787     0.00000020
 67.96796797     0.00000019
 68.06806807     0.00000018
 68.16816817     0.00000017
 68.26826827     0.00000016
 68.36836837     0.00000015
 68.46846847     0.00000014
 68.56856857     0.00000013
 68.66866867     0.00000012
 68.76876877     0.00000011
 68.86886887     0.00000010
 68.96896897     0.00000009
 69.06906907     0.00000008
 69.16916917     0.00000007
 69.26926927     0.00000007
 69.36936937     0.00000006
 69.46946947     0.00000005
 69.56956957     0.00000004
 69.66966967     0.00000004
 69.76976977     0.00000003
 69.86986987     0.00000002
 69.96996997     0.00000002
 70.07007007     0.00000001
 70.17017017     0.00000000
 70.27027027    -0.00000000
 70.37037037    -0.00000001
 70.47047047    -0.00000001
 70.57057057    -0.00000002
 70.67067067    -0.00000002
 70.77077077    -0.00000002
 70.87087087    -0.00000003
 70.97097097    -0.00000003
 71.07107107    -0.00000004
 71.17117117    -0.00000004
 71.27127127    -0.00000004
 71.37137137    -0.00000004
 71.47147147    -0.00000005
 71.57157157    -0.00000005
 71.67167167    -0.00000005
 71.77177177    -0.00000005
 71.87187187    -0.00000005
 71.97197197    -0.00000005
 72.07207207    -0.00000006
 72.17217217    -0.00000006
 72.27227227    -0.00000006
 72.37237237    -0.00000006
 72.47247247    -0.00000006
 72.57257257    -0.00000006
 72.67267267    -0.00000006
 72.77277277    -0.00000006
 72.87287287    -0.00000006
 72.97297297    -0.00000006
 73.07307307    -0.00000006
 73.17317317    -0.00000006
 73.27327327    -0.00000006
 73.37337337    -0.00000006
 73.47347347    -0.00000005
 73.57357357    -0.00000005
 73.67367367    -0.00000005
 73.77377377    -0.00000005
 73.87387387    -0.00000005
 73.97397397    -0.00000005
 74.07407407    -0.00000005
 74.17417417    -0.00000005
 74.27427427    -0.00000004
 74.37437437    -0.00000004
 74.47447447    -0.00000004
 74.57457457    -0.00000004
 74.67467467    -0.00000004
 74.77477477    -0.00000004
 74.87487487    -0.00000004
 74.97497497    -0.00000003
 75.07507508    -0.00000003
 75.17517518    -0.00000003
 75.27527528    -0.00000003
 75.37537538    -0.00000003
 75.47547548    -0.00000003
 75.57557558    -0.00000002
 75.67567568    -0.00000002
 75.77577578    -0.00000002
 75.87587588    -0.00000002
 75.97597598    -0.00000002
 76.07607608    -0.00000002
 76.17617618    -0.00000002
 76.27627628    -0.00000001
 76.37637638    -0.00000001
 76.47647648    -0.00000001
 76.57657658    -0.00000001
 76.67667668    -0.00000001
 76.77677678    -0.00000001
 76.87687688    -0.00000001
 76.97697698    -0.00000001
 77.07707708    -0.00000000
 77.17717718    -0.00000000
 77.27727728    -0.00000000
 77.37737738    -0.00000000
 77.47747748    -0.00000000
 77.57757758    -0.00000000
 77.67767768     0.00000000
 77.77777778     0.00000000
 77.87787788     0.00000000
 77.97797798     0.00000000
 78.07807808     0.00000000
 78.17817818     0.00000000
 78.27827828     0.00000000
 78.37837838     0.00000001
 78.47847848     0.00000001
 78.57857858     0.00000001
 78.67867868     0.00000001
 78.77877878     0.00000001
 78.87887888     0.00000001
 78.97897898     0.00000001
 79.07907908     0.00000001
 79.17917918     0.00000001
 79.27927928     0.00000001
 79.37937938     0.00000001
 79.47947948     0.00000001
 79.57957958     0.00000001
 79.67967968     0.00000001
 79.77977978     0.00000001
 79.87987988     0.00000001
 79.97997998     0.00000001
 80.08008008     0.00000001
 80.18018018     0.00000001
 80.28028028     0.00000001
 80.38038038     0.00000001
 80.48048048     0.00000001
 80.58058058     0.00000001
 80.68068068     0.00000001
 80.78078078     0.00000001
 80.88088088     0.00000001
 80.98098098     0.00000001
 81.08108108     0.00000001
 81.18118118     0.00000001
 81.28128128     0.00000001
 81.38138138     0.00000001
 81.48148148     0.00000001
 81.58158158     0.00000001
 81.68168168     0.00000001
 81.78178178     0.00000001
 81.88188188     0.00000001
 81.98198198     0.00000001
 82.08208208     0.00000001
 82.18218218     0.00000001
 82.28228228     0.00000000
 82.38238238     0.00000000
 82.48248248     0.00000000
 82.58258258     0.00000000
 82.68268268     0.00000000
 82.78278278     0.00000000
 82.88288288     0.00000000
 82.98298298     0.00000000
 83.08308308     0.00000000
 83.18318318     0.00000000
 83.28328328     0.00000000
 83.38338338     0.00000000
 83.48348348     0.00000000
 83.58358358     0.00000000
 83.68368368     0.00000000
 83.78378378     0.00000000
 83.88388388     0.00000000
 83.98398398     0.00000000
 84.08408408     0.00000000
 84.18418418     0.00000000
 84.28428428     0.00000000
 84.38438438     0.00000000
 84.48448448     0.00000000
 84.58458458     0.00000000
 84.68468468     0.00000000
 84.78478478    -0.00000000
 84.88488488    -0.00000000
 84.98498498    -0.00000000
 85.08508509    -0.00000000
 85.18518519    -0.00000000
 85.28528529    -0.00000000
 85.38538539    -0.00000000
 85.48548549    -0.00000000
 85.58558559    -0.00000000
 85.68568569    -0.00000000
 85.78578579    -0.00000000
 85.88588589    -0.00000000
 85.98598599    -0.00000000
 86.08608609    -0.00000000
 86.18618619    -0.00000000
 86.28628629    -0.00000000
 86.38638639    -0.00000000
 86.48648649    -0.00000000
 86.58658659    -0.00000000
 86.68668669    -0.00000000
 86.78678679    -0.00000000
 86.88688689    -0.00000000
 86.98698699    -0.00000000
 87.08708709    -0.00000000
 87.18718719    -0.00000000
 87.28728729    -0.00000000
 87.38738739    -0.00000000
 87.48748749    -0.00000000
 87.58758759    -0.00000000
 87.68768769    -0.00000000
 87.78778779    -0.00000000
 87.88788789    -0.00000000
 87.98798799    -0.00000000
 88.08808809    -0.00000000
 88.18818819    -0.00000000
 88.28828829    -0.00000000
 88.38838839    -0.00000000
 88.48848849    -0.00000000
 88.58858859    -0.00000000
 88.68868869    -0.00000000
 88.78878879    -0.00000000
 88.88888889    -0.00000000
 88.98898899    -0.00000000
 89.08908909    -0.00000000
 89.18918919    -0.00000000
 89.28928929    -0.00000000
 89.38938939    -0.00000000
 89.48948949    -0.00000000
 89.58958959    -0.00000000
 89.68968969    -0.00000000
 89.78978979    -0.00000000
 89.88988989    -0.00000000
 89.98998999    -0.00000000
 90.09009009    -0.00000000
 90.19019019    -0.00000000
 90.29029029    -0.00000000
 90.39039039    -0.00000000
 90.49049049    -0.00000000
 90.59059059    -0.00000000
 90.69069069    -0.00000000
 90.79079079    -0.00000000
 90.89089089    -0.00000000
 90.99099099    -0.00000000
 91.09109109    -0.00000000
 91.19119119    -0.00000000
 91.29129129    -0.00000000
 91.39139139    -0.00000000
 91.49149149    -0.00000000
 91.59159159    -0.00000000
 91.69169169    -0.00000000
 91.79179179     0.00000000
 91.89189189     0.00000000
 91.99199199     0.00000000
 92.09209209     0.00000000
 92.19219219     0.00000000
 92.29229229     0.00000000
 92.39239239     0.00000000
 92.49249249     0.00000000
 92.59259259     0.00000000
 92.69269269     0.00000000
 92.79279279     0.00000000
 92.89289289     0.00000000
 92.99299299     0.00000000
 93.09309309     0.00000000
 93.19319319     0.00000000
 93.29329329     0.00000000
 93.39339339     0.00000000
 93.49349349     0.00000000
 93.59359359     0.00000000
 93.69369369     0.00000000
 93.79379379     0.00000000
 93.89389389     0.00000000
 93.99399399     0.00000000
 94.09409409     0.00000000
 94.19419419     0.00000000
 94.29429429     0.00000000
 94.39439439     0.00000000
 94.49449449     0.00000000
 94.59459459     0.00000000
 94.69469469     0.00000000
 94.79479479     0.00000000
 94.89489489     0.00000000
 94.99499499     0.00000000
 95.09509510     0.00000000
 95.19519520     0.00000000
 95.29529530     0.00000000
 95.39539540     0.00000000
 95.49549550     0.00000000
 95.59559560     0.00000000
 95.69569570     0.00000000
 95.79579580     0.00000000
 95.89589590     0.00000000
 95.99599600     0.00000000
 96.09609610     0.00000000
 96.19619620     0.00000000
 96.29629630     0.00000000
 96.39639640     0.00000000
 96.49649650     0.00000000
 96.59659660     0.00000000
 96.69669670     0.00000000
 96.79679680     0.00000000
 96.89689690     0.00000000
 96.99699700     0.00000000
 97.09709710     0.00000000
 97.19719720     0.00000000
 97.29729730     0.00000000
 97.39739740     0.00000000
 97.49749750     0.00000000
 97.59759760     0.00000000
 97.69769770     0.00000000
 97.79779780     0.00000000
 97.89789790     0.00000000
 97.99799800     0.00000000
 98.09809810     0.00000000
 98.19819820     0.00000000
 98.29829830     0.00000000
 98.39839840     0.00000000
 98.49849850     0.00000000
 98.59859860     0.00000000
 98.69869870     0.00000000
 98.79879880     0.00000000
 98.89889890     0.00000000
 98.99899900     0.00000000
 99.09909910     0.00000000
 99.19919920     0.00000000
 99.29929930     0.00000000
 99.39939940     0.00000000
 99.49949950     0.00000000
 99.59959960     0.00000000
 99.69969970    -0.00000000
 99.79979980    -0.00000000
 99.89989990    -0.00000000
100.00000000     0.00000000
