  0.00000000    -0.40185549
  0.10010010    -0.38785549
  0.20020020    -0.37407988
  0.30030030    -0.36052867
  0.40040040    -0.34720179
  0.50050050    -0.33409912
  0.60060060    -0.32122048
  0.70070070    -0.30856563
  0.80080080    -0.29613426
  0.90090090    -0.28392600
  1.00100100    -0.27194044
  1.10110110    -0.26017709
  1.20120120    -0.24863540
  1.30130130    -0.23731478
  1.40140140    -0.22621457
  1.50150150    -0.21533403
  1.60160160    -0.20467241
  1.70170170    -0.19422886
  1.80180180    -0.18400249
  1.90190190    -0.17399236
  2.00200200    -0.16419746
  2.10210210    -0.15461673
  2.20220220    -0.14524906
  2.30230230    -0.13609328
  2.40240240    -0.12714818
  2.50250250    -0.11841248
  2.60260260    -0.10988485
  2.70270270    -0.10156393
  2.80280280    -0.09344829
  2.90290290    -0.08553645
  3.00300300    -0.07782688
  3.10310310    -0.07031803
  3.20320320    -0.06300828
  3.30330330    -0.05589595
  3.40340340    -0.04897935
  3.50350350    -0.04225672
  3.60360360    -0.03572627
  3.70370370    -0.02938616
  3.80380380    -0.02323452
  3.90390390    -0.01726944
  4.00400400    -0.01148895
  4.10410410    -0.00589107
  4.20420420    -0.00047377
  4.30430430     0.00476502
  4.40440440     0.00982739
  4.50450450     0.01471547
  4.60460460     0.01943142
  4.70470470     0.02397744
  4.80480480     0.02835575
  4.90490490     0.03256859
  5.00500501     0.03661825
  5.10510511     0.04050702
  5.20520521     0.04423724
  5.30530531     0.04781124
  5.40540541     0.05123142
  5.50550551     0.05450015
  5.60560561     0.05761985
  5.70570571     0.06059295
  5.80580581     0.06342190
  5.90590591     0.06610915
  6.00600601     0.06865720
  6.10610611     0.07106852
  6.20620621     0.07334562
  6.30630631     0.07549101
  6.40640641     0.07750721
  6.50650651     0.07939676
  6.60660661     0.08116219
  6.70670671     0.08280604
  6.80680681     0.08433086
  6.90690691     0.08573920
  7.00700701     0.08703361
  7.10710711     0.08821665
  7.20720721     0.08929086
  7.30730731     0.09025879
  7.40740741     0.09112299
  7.50750751     0.09188601
  7.60760761     0.09255038
  7.70770771     0.09311864
  7.80780781     0.09359330
  7.90790791     0.09397687
  8.00800801     0.09427188
  8.10810811     0.09448080
  8.20820821     0.09460612
  8.30830831     0.09465031
  8.40840841     0.09461583
  8.50850851     0.09450511
  8.60860861     0.09432058
  8.70870871     0.09406464
  8.80880881     0.09373968
  8.90890891     0.09334807
  9.00900901     0.09289216
  9.10910911     0.09237429
  9.20920921     0.09179674
  9.30930931     0.09116182
  9.40940941     0.09047178
  9.50950951     0.08972886
  9.60960961     0.08893527
  9.70970971     0.08809320
  9.80980981     0.08720480
  9.90990991     0.08627221
 10.01001001     0.08529754
 10.11011011     0.08428286
 10.21021021     0.08323021
 10.31031031     0.08214163
 10.41041041     0.08101908
 10.51051051     0.07986454
 10.61061061     0.07867991
 10.71071071     0.07746711
 10.81081081     0.07622799
 10.91091091     0.07496437
 11.01101101     0.07367806
 11.11111111     0.07237081
 11.21121121     0.07104435
 11.31131131     0.06970038
 11.41141141     0.06834055
 11.51151151     0.06696648
 11.61161161     0.06557978
 11.71171171     0.06418197
 11.81181181     0.06277460
 11.91191191     0.06135913
 12.01201201     0.05993702
 12.11211211     0.05850966
 12.21221221     0.05707845
 12.31231231     0.05564471
 12.41241241     0.05420974
 12.51251251     0.05277481
 12.61261261     0.05134114
 12.71271271     0.04990994
 12.81281281     0.04848235
 12.91291291     0.04705949
 13.01301301     0.04564245
 13.11311311     0.04423227
 13.21321321     0.04282997
 13.31331331     0.04143652
 13.41341341     0.04005285
 13.51351351     0.03867989
 13.61361361     0.03731848
 13.71371371     0.03596947
 13.81381381     0.03463366
 13.91391391     0.03331182
 14.01401401     0.03200466
 14.11411411     0.03071290
 14.21421421     0.02943720
 14.31431431     0.02817818
 14.41441441     0.02693644
 14.51451451     0.02571255
 14.61461461     0.02450705
 14.71471471     0.02332044
 14.81481481     0.02215318
 14.91491491     0.02100571
 15.01501502     0.01987846
 15.11511512     0.01877179
 15.21521522     0.01768606
 15.31531532     0.01662159
 15.41541542     0.01557868
 15.51551552     0.01455759
 15.61561562     0.01355855
 15.71571572     0.01258179
 15.81581582     0.01162749
 15.91591592     0.01069581
 16.01601602     0.00978687
 16.11611612     0.00890081
 16.21621622     0.00803769
 16.31631632     0.00719759
 16.41641642     0.00638055
 16.51651652     0.00558658
 16.61661662     0.00481568
 16.71671672     0.00406782
 16.81681682     0.00334297
 16.91691692     0.00264105
 17.01701702     0.00196198
 17.11711712     0.00130567
 17.21721722     0.00067199
 17.31731732     0.00006080
 17.41741742    -0.00052806
 17.51751752    -0.00109474
 17.61761762    -0.00163945
 17.71771772    -0.00216237
 17.81781782    -0.00266373
 17.91791792    -0.00314376
 18.01801802    -0.00360269
 18.11811812    -0.00404079
 18.21821822    -0.00445832
 18.31831832    -0.00485557
 18.41841842    -0.00523281
 18.51851852    -0.00559035
 18.61861862    -0.00592850
 18.71871872    -0.00624757
 18.81881882    -0.00654791
 18.91891892    -0.00682983
 19.01901902    -0.00709369
 19.11911912    -0.00733983
 19.21921922    -0.00756861
 19.31931932    -0.00778039
 19.41941942    -0.00797554
 19.51951952    -0.00815444
 19.61961962    -0.00831745
 19.71971972    -0.00846496
 19.81981982    -0.00859736
 19.91991992    -0.00871502
 20.02002002    -0.00881835
 20.12012012    -0.00890772
 20.22022022    -0.00898354
 20.32032032    -0.00904620
 20.42042042    -0.00909609
 20.52052052    -0.00913361
 20.62062062    -0.00915916
 20.72072072    -0.00917312
 20.82082082    -0.00917590
 20.92092092    -0.00916789
 21.02102102    -0.00914947
 21.12112112    -0.00912103
 21.22122122    -0.00908297
 21.32132132    -0.00903567
 21.42142142    -0.00897951
 21.52152152    -0.00891486
 21.62162162    -0.00884211
 21.72172172    -0.00876162
 21.82182182    -0.00867376
 21.92192192    -0.00857890
 22.02202202    -0.00847738
 22.12212212    -0.00836958
 22.22222222    -0.00825583
 22.32232232    -0.00813647
 22.42242242    -0.00801186
 22.52252252    -0.00788231
 22.62262262    -0.00774816
 22.72272272    -0.00760972
 22.82282282    -0.00746732
 22.92292292    -0.00732125
 23.02302302    -0.00717183
 23.12312312    -0.00701935
 23.22322322    -0.00686410
 23.32332332    -0.00670635
 23.42342342    -0.00654639
 23.52352352    -0.00638449
 23.62362362    -0.00622090
 23.72372372    -0.00605589
 23.82382382    -0.00588970
 23.92392392    -0.00572257
 24.02402402    -0.00555473
 24.12412412    -0.00538641
 24.22422422    -0.00521783
 24.32432432    -0.00504921
 24.42442442    -0.00488074
 24.52452452    -0.00471263
 24.62462462    -0.00454506
 24.72472472    -0.00437823
 24.82482482    -0.00421229
 24.92492492    -0.00404743
 25.02502503    -0.00388381
 25.12512513    -0.00372157
 25.22522523    -0.00356088
 25.32532533    -0.00340186
 25.42542543    -0.00324466
 25.52552553    -0.00308939
 25.62562563    -0.00293619
 25.72572573    -0.00278516
 25.82582583    -0.00263641
 25.92592593    -0.00249005
 26.02602603    -0.00234616
 26.12612613    -0.00220483
 26.22622623    -0.00206616
 26.32632633    -0.00193020
 26.42642643    -0.00179704
 26.52652653    -0.00166674
 26.62662663    -0.00153935
 26.72672673    -0.00141493
 26.82682683    -0.00129352
 26.92692693    -0.00117517
 27.02702703    -0.00105992
 27.12712713    -0.00094779
 27.22722723    -0.00083881
 27.32732733    -0.00073301
 27.42742743    -0.00063039
 27.52752753    -0.00053098
 27.62762763    -0.00043478
 27.72772773    -0.00034179
 27.82782783    -0.00025202
 27.92792793    -0.00016546
 28.02802803    -0.00008210
 28.12812813    -0.00000193
 28.22822823     0.00007506
 28.32832833     0.00014891
 28.42842843     0.00021961
 28.52852853     0.00028722
 28.62862863     0.00035174
 28.72872873     0.00041322
 28.82882883     0.00047168
 28.92892893     0.00052717
 29.02902903     0.00057972
 29.12912913     0.00062938
 29.22922923     0.00067618
 29.32932933     0.00072019
 29.42942943     0.00076143
 29.52952953     0.00079997
 29.62962963     0.00083586
 29.72972973     0.00086914
 29.82982983     0.00089987
 29.92992993     0.00092812
 30.03003003     0.00095393
 30.13013013     0.00097736
 30.23023023     0.00099848
 30.33033033     0.00101734
 30.43043043     0.00103401
 30.53053053     0.00104854
 30.63063063     0.00106100
 30.73073073     0.00107145
 30.83083083     0.00107996
 30.93093093     0.00108659
 31.03103103     0.00109139
 31.13113113     0.00109445
 31.23123123     0.00109581
 31.33133133     0.00109554
 31.43143143     0.00109371
 31.53153153     0.00109038
 31.63163163     0.00108561
 31.73173173     0.00107946
 31.83183183     0.00107200
 31.93193193     0.00106329
 32.03203203     0.00105339
 32.13213213     0.00104236
 32.23223223     0.00103025
 32.33233233     0.00101714
 32.43243243     0.00100307
 32.53253253     0.00098810
 32.63263263     0.00097230
 32.73273273     0.00095571
 32.83283283     0.00093839
 32.93293293     0.00092039
 33.03303303     0.00090177
 33.13313313     0.00088258
 33.23323323     0.00086286
 33.33333333     0.00084267
 33.43343343     0.00082205
 33.53353353     0.00080106
 33.63363363     0.00077973
 33.73373373     0.00075811
 33.83383383     0.00073624
 33.93393393     0.00071416
 34.03403403     0.00069193
 34.13413413     0.00066956
 34.23423423     0.00064711
 34.33433433     0.00062460
 34.43443443     0.00060208
 34.53453453     0.00057958
 34.63463463     0.00055712
 34.73473473     0.00053475
 34.83483483     0.00051249
 34.93493493     0.00049036
 35.03503504     0.00046841
 35.13513514     0.00044664
 35.23523524     0.00042509
 35.33533534     0.00040379
 35.43543544     0.00038275
 35.53553554     0.00036199
 35.63563564     0.00034153
 35.73573574     0.00032140
 35.83583584     0.00030161
 35.93593594     0.00028217
 36.03603604     0.00026311
 36.13613614     0.00024443
 36.23623624     0.00022615
 36.33633634     0.00020828
 36.43643644     0.00019083
 36.53653654     0.00017380
 36.63663664     0.00015722
 36.73673674     0.00014109
 36.83683684     0.00012541
 36.93693694     0.00011018
 37.03703704     0.00009542
 37.13713714     0.00008113
 37.23723724     0.00006731
 37.33733734     0.00005396
 37.43743744     0.00004109
 37.53753754     0.00002869
 37.63763764     0.00001677
 37.73773774     0.00000532
 37.83783784    -0.00000565
 37.93793794    -0.00001615
 38.03803804    -0.00002619
 38.13813814    -0.00003576
 38.23823824    -0.00004487
 38.33833834    -0.00005352
 38.43843844    -0.00006173
 38.53853854    -0.00006948
 38.63863864    -0.00007680
 38.73873874    -0.00008368
 38.83883884    -0.00009014
 38.93893894    -0.00009617
 39.03903904    -0.00010180
 39.13913914    -0.00010702
 39.23923924    -0.00011184
 39.33933934    -0.00011628
 39.43943944    -0.00012034
 39.53953954    -0.00012403
 39.63963964    -0.00012736
 39.73973974    -0.00013034
 39.83983984    -0.00013298
 39.93993994    -0.00013529
 40.04004004    -0.00013727
 40.14014014    -0.00013895
 40.24024024    -0.00014032
 40.34034034    -0.00014141
 40.44044044    -0.00014221
 40.54054054    -0.00014274
 40.64064064    -0.00014302
 40.74074074    -0.00014304
 40.84084084    -0.00014282
 40.94094094    -0.00014238
 41.04104104    -0.00014172
 41.14114114    -0.00014084
 41.24124124    -0.00013977
 41.34134134    -0.00013851
 41.44144144    -0.00013707
 41.54154154    -0.00013547
 41.64164164    -0.00013370
 41.74174174    -0.00013178
 41.84184184    -0.00012973
 41.94194194    -0.00012754
 42.04204204    -0.00012523
 42.14214214    -0.00012281
 42.24224224    -0.00012028
 42.34234234    -0.00011766
 42.44244244    -0.00011495
 42.54254254    -0.00011216
 42.64264264    -0.00010930
 42.74274274    -0.00010638
 42.84284284    -0.00010340
 42.94294294    -0.00010037
 43.04304304    -0.00009730
 43.14314314    -0.00009420
 43.24324324    -0.00009107
 43.34334334    -0.00008792
 43.44344344    -0.00008475
 43.54354354    -0.00008157
 43.64364364    -0.00007839
 43.74374374    -0.00007522
 43.84384384    -0.00007205
 43.94394394    -0.00006889
 44.04404404    -0.00006575
 44.14414414    -0.00006263
 44.24424424    -0.00005954
 44.34434434    -0.00005648
 44.44444444    -0.00005346
 44.54454454    -0.00005047
 44.64464464    -0.00004753
 44.74474474    -0.00004463
 44.84484484    -0.00004177
 44.94494494    -0.00003897
 45.04504505    -0.00003623
 45.14514515    -0.00003354
 45.24524525    -0.00003091
 45.34534535    -0.00002833
 45.44544545    -0.00002583
 45.54554555    -0.00002338
 45.64564565    -0.00002100
 45.74574575    -0.00001869
 45.84584585    -0.00001645
 45.94594595    -0.00001427
 46.04604605    -0.00001217
 46.14614615    -0.00001014
 46.24624625    -0.00000818
 46.34634635    -0.00000629
 46.44644645    -0.00000447
 46.54654655    -0.00000272
 46.64664665    -0.00000105
 46.74674675     0.00000055
 46.84684685     0.00000208
 46.94694695     0.00000354
 47.04704705     0.00000493
 47.14714715     0.00000625
 47.24724725     0.00000749
 47.34734735     0.00000867
 47.44744745     0.00000978
 47.54754755     0.00001083
 47.64764765     0.00001180
 47.74774775     0.00001272
 47.84784785     0.00001356
 47.94794795     0.00001435
 48.04804805     0.00001508
 48.14814815     0.00001574
 48.24824825     0.00001635
 48.34834835     0.00001690
 48.44844845     0.00001739
 48.54854855     0.00001783
 48.64864865     0.00001822
 48.74874875     0.00001855
 48.84884885     0.00001884
 48.94894895     0.00001908
 49.04904905     0.00001927
 49.14914915     0.00001942
 49.24924925     0.00001953
 49.34934935     0.00001959
 49.44944945     0.00001962
 49.54954955     0.00001961
 49.64964965     0.00001956
 49.74974975     0.00001947
 49.84984985     0.00001936
 49.94994995     0.00001921
 50.05005005     0.00001904
 50.15015015     0.00001883
 50.25025025     0.00001860
 50.35035035     0.00001835
 50.45045045     0.00001807
 50.55055055     0.00001777
 50.65065065     0.00001745
 50.75075075     0.00001711
 50.85085085     0.00001675
 50.95095095     0.00001638
 51.05105105     0.00001600
 51.15115115     0.00001560
 51.25125125     0.00001519
 51.35135135     0.00001477
 51.45145145     0.00001434
 51.55155155     0.00001390
 51.65165165     0.00001345
 51.75175175     0.00001300
 51.85185185     0.00001255
 51.95195195     0.00001209
 52.05205205     0.00001163
 52.15215215     0.00001116
 52.25225225     0.00001070
 52.35235235     0.00001024
 52.45245245     0.00000978
 52.55255255     0.00000932
 52.65265265     0.00000886
 52.75275275     0.00000841
 52.85285285     0.00000796
 52.95295295     0.00000752
 53.05305305     0.00000708
 53.15315315     0.00000665
 53.25325325     0.00000622
 53.35335335     0.00000580
 53.45345345     0.00000539
 53.55355355     0.00000499
 53.65365365     0.00000460
 53.75375375     0.00000421
 53.85385385     0.00000384
 53.95395395     0.00000347
 54.05405405     0.00000312
 54.15415415     0.00000277
 54.25425425     0.00000244
 54.35435435     0.00000211
 54.45445445     0.00000180
 54.55455455     0.00000150
 54.65465465     0.00000120
 54.75475475     0.00000092
 54.85485485     0.00000065
 54.95495495     0.00000039
 55.05505506     0.00000015
 55.15515516    -0.00000009
 55.25525526    -0.00000032
 55.35535536    -0.00000053
 55.45545546    -0.00000073
 55.55555556    -0.00000093
 55.65565566    -0.00000111
 55.75575576    -0.00000128
 55.85585586    -0.00000144
 55.95595596    -0.00000159
 56.05605606    -0.00000173
 56.15615616    -0.00000186
 56.25625626    -0.00000198
 56.35635636    -0.00000209
 56.45645646    -0.00000220
 56.55655656    -0.00000229
 56.65665666    -0.00000237
 56.75675676    -0.00000245
 56.85685686    -0.00000251
 56.95695696    -0.00000257
 57.05705706    -0.00000262
 57.15715716    -0.00000267
 57.25725726    -0.00000270
 57.35735736    -0.00000273
 57.45745746    -0.00000275
 57.55755756    -0.00000276
 57.65765766    -0.00000277
 57.75775776    -0.00000278
 57.85785786    -0.00000277
 57.95795796    -0.00000276
 58.05805806    -0.00000275
 58.15815816    -0.00000273
 58.25825826    -0.00000271
 58.35835836    -0.00000268
 58.45845846    -0.00000264
 58.55855856    -0.00000261
 58.65865866    -0.00000257
 58.75875876    -0.00000252
 58.85885886    -0.00000248
 58.95895896    -0.00000243
 59.05905906    -0.00000237
 59.15915916    -0.00000232
 59.25925926    -0.00000226
 59.35935936    -0.00000220
 59.45945946    -0.00000214
 59.55955956    -0.00000208
 59.65965966    -0.00000202
 59.75975976    -0.00000195
 59.85985986    -0.00000188
 59.95995996    -0.00000182
 60.06006006    -0.00000175
 60.16016016    -0.00000168
 60.26026026    -0.00000161
 60.36036036    -0.00000154
 60.46046046    -0.00000147
 60.56056056    -0.00000141
 60.66066066    -0.00000134
 60.76076076    -0.00000127
 60.86086086    -0.00000120
 60.96096096    -0.00000114
 61.06106106    -0.00000107
 61.16116116    -0.00000100
 61.26126126    -0.00000094
 61.36136136    -0.00000088
 61.46146146    -0.00000081
 61.56156156    -0.00000075
 61.66166166    -0.00000069
 61.76176176    -0.00000064
 61.86186186    -0.00000058
 61.96196196    -0.00000052
 62.06206206    -0.00000047
 62.16216216    -0.00000042
 62.26226226    -0.00000037
 62.36236236    -0.00000032
 62.46246246    -0.00000027
 62.56256256    -0.00000022
 62.66266266    -0.00000018
 62.76276276    -0.00000014
 62.86286286    -0.00000010
 62.96296296    -0.00000006
 63.06306306    -0.00000002
 63.16316316     0.00000001
 63.26326326     0.00000005
 63.36336336     0.00000008
 63.46346346     0.00000011
 63.56356356     0.00000014
 63.66366366     0.00000017
 63.76376376     0.00000019
 63.86386386     0.00000022
 63.96396396     0.00000024
 64.06406406     0.00000026
 64.16416416     0.00000028
 64.26426426     0.00000029
 64.36436436     0.00000031
 64.46446446     0.00000033
 64.56456456     0.00000034
 64.66466466     0.00000035
 64.76476476     0.00000036
 64.86486486     0.00000037
 64.96496496     0.00000038
 65.06506507     0.00000038
 65.16516517     0.00000039
 65.26526527     0.00000039
 65.36536537     0.00000040
 65.46546547     0.00000040
 65.56556557     0.00000040
 65.66566567     0.00000040
 65.76576577     0.00000040
 65.86586587     0.00000040
 65.96596597     0.00000040
 66.06606607     0.00000039
 66.16616617     0.00000039
 66.26626627     0.00000039
 66.36636637     0.00000038
 66.46646647     0.00000037
 66.56656657     0.00000037
 66.66666667     0.00000036
 66.76676677     0.00000035
 66.86686687     0.00000035
 66.96696697     0.00000034
 67.06706707     0.00000033
 67.16716717     0.00000032
 67.26726727     0.00000031
 67.36736737     0.00000030
 67.46746747     0.00000029
 67.56756757     0.00000028
 67.66766767     0.00000027
 67.76776777     0.00000026
 67.86786787     0.00000025
 67.96796797     0.00000024
 68.06806807     0.00000023
 68.16816817     0.00000022
 68.26826827     0.00000021
 68.36836837     0.00000020
 68.46846847     0.00000019
 68.56856857     0.00000018
 68.66866867     0.00000017
 68.76876877     0.00000016
 68.86886887     0.00000015
 68.96896897     0.00000014
 69.06906907     0.00000013
 69.16916917     0.00000012
 69.26926927     0.00000011
 69.36936937     0.00000010
 69.46946947     0.00000010
 69.56956957     0.00000009
 69.66966967     0.00000008
 69.76976977     0.00000007
 69.86986987     0.00000006
 69.96996997     0.00000005
 70.07007007     0.00000005
 70.17017017     0.00000004
 70.27027027     0.00000003
 70.37037037     0.00000003
 70.47047047     0.00000002
 70.57057057     0.00000001
 70.67067067     0.00000001
 70.77077077     0.00000000
 70.87087087    -0.00000000
 70.97097097    -0.00000001
 71.07107107    -0.00000001
 71.17117117    -0.00000002
 71.27127127    -0.00000002
 71.37137137    -0.00000003
 71.47147147    -0.00000003
 71.57157157    -0.00000003
 71.67167167    -0.00000004
 71.77177177    -0.00000004
 71.87187187    -0.00000004
 71.97197197    -0.00000004
 72.07207207    -0.00000005
 72.17217217    -0.00000005
 72.27227227    -0.00000005
 72.37237237    -0.00000005
 72.47247247    -0.00000005
 72.57257257    -0.00000006
 72.67267267    -0.00000006
 72.77277277    -0.00000006
 72.87287287    -0.00000006
 72.97297297    -0.00000006
 73.07307307    -0.00000006
 73.17317317    -0.00000006
 73.27327327    -0.00000006
 73.37337337    -0.00000006
 73.47347347    -0.00000006
 73.57357357    -0.00000006
 73.67367367    -0.00000006
 73.77377377    -0.00000006
 73.87387387    -0.00000006
 73.97397397    -0.00000006
 74.07407407    -0.00000005
 74.17417417    -0.00000005
 74.27427427    -0.00000005
 74.37437437    -0.00000005
 74.47447447    -0.00000005
 74.57457457    -0.00000005
 74.67467467    -0.00000005
 74.77477477    -0.00000005
 74.87487487    -0.00000005
 74.97497497    -0.00000004
 75.07507508    -0.00000004
 75.17517518    -0.00000004
 75.27527528    -0.00000004
 75.37537538    -0.00000004
 75.47547548    -0.00000004
 75.57557558    -0.00000003
 75.67567568    -0.00000003
 75.77577578    -0.00000003
 75.87587588    -0.00000003
 75.97597598    -0.00000003
 76.07607608    -0.00000003
 76.17617618    -0.00000002
 76.27627628    -0.00000002
 76.37637638    -0.00000002
 76.47647648    -0.00000002
 76.57657658    -0.00000002
 76.67667668    -0.00000002
 76.77677678    -0.00000002
 76.87687688    -0.00000001
 76.97697698    -0.00000001
 77.07707708    -0.00000001
 77.17717718    -0.00000001
 77.27727728    -0.00000001
 77.37737738    -0.00000001
 77.47747748    -0.00000001
 77.57757758    -0.00000001
 77.67767768    -0.00000001
 77.77777778    -0.00000000
 77.87787788    -0.00000000
 77.97797798    -0.00000000
 78.07807808    -0.00000000
 78.17817818    -0.00000000
 78.27827828     0.00000000
 78.37837838     0.00000000
 78.47847848     0.00000000
 78.57857858     0.00000000
 78.67867868     0.00000000
 78.77877878     0.00000000
 78.87887888     0.00000000
 78.97897898     0.00000000
 79.07907908     0.00000001
 79.17917918     0.00000001
 79.27927928     0.00000001
 79.37937938     0.00000001
 79.47947948     0.00000001
 79.57957958     0.00000001
 79.67967968     0.00000001
 79.77977978     0.00000001
 79.87987988     0.00000001
 79.97997998     0.00000001
 80.08008008     0.00000001
 80.18018018     0.00000001
 80.28028028     0.00000001
 80.38038038     0.00000001
 80.48048048     0.00000001
 80.58058058     0.00000001
 80.68068068     0.00000001
 80.78078078     0.00000001
 80.88088088     0.00000001
 80.98098098     0.00000001
 81.08108108     0.00000001
 81.18118118     0.00000001
 81.28128128     0.00000001
 81.38138138     0.00000001
 81.48148148     0.00000001
 81.58158158     0.00000001
 81.68168168     0.00000001
 81.78178178     0.00000001
 81.88188188     0.00000001
 81.98198198     0.00000001
 82.08208208     0.00000001
 82.18218218     0.00000001
 82.28228228     0.00000001
 82.38238238     0.00000001
 82.48248248     0.00000001
 82.58258258     0.00000001
 82.68268268     0.00000001
 82.78278278     0.00000001
 82.88288288     0.00000001
 82.98298298     0.00000000
 83.08308308     0.00000000
 83.18318318     0.00000000
 83.28328328     0.00000000
 83.38338338     0.00000000
 83.48348348     0.00000000
 83.58358358     0.00000000
 83.68368368     0.00000000
 83.78378378     0.00000000
 83.88388388     0.00000000
 83.98398398     0.00000000
 84.08408408     0.00000000
 84.18418418     0.00000000
 84.28428428     0.00000000
 84.38438438     0.00000000
 84.48448448     0.00000000
 84.58458458     0.00000000
 84.68468468     0.00000000
 84.78478478     0.00000000
 84.88488488     0.00000000
 84.98498498     0.00000000
 85.08508509     0.00000000
 85.18518519     0.00000000
 85.28528529     0.00000000
 85.38538539     0.00000000
 85.48548549    -0.00000000
 85.58558559    -0.00000000
 85.68568569    -0.00000000
 85.78578579    -0.00000000
 85.88588589    -0.00000000
 85.98598599    -0.00000000
 86.08608609    -0.00000000
 86.18618619    -0.00000000
 86.28628629    -0.00000000
 86.38638639    -0.00000000
 86.48648649    -0.00000000
 86.58658659    -0.00000000
 86.68668669    -0.00000000
 86.78678679    -0.00000000
 86.88688689    -0.00000000
 86.98698699    -0.00000000
 87.08708709    -0.00000000
 87.18718719    -0.00000000
 87.28728729    -0.00000000
 87.38738739    -0.00000000
 87.48748749    -0.00000000
 87.58758759    -0.00000000
 87.68768769    -0.00000000
 87.78778779    -0.00000000
 87.88788789    -0.00000000
 87.98798799    -0.00000000
 88.08808809    -0.00000000
 88.18818819    -0.00000000
 88.28828829    -0.00000000
 88.38838839    -0.00000000
 88.48848849    -0.00000000
 88.58858859    -0.00000000
 88.68868869    -0.00000000
 88.78878879    -0.00000000
 88.88888889    -0.00000000
 88.98898899    -0.00000000
 89.08908909    -0.00000000
 89.18918919    -0.00000000
 89.28928929    -0.00000000
 89.38938939    -0.00000000
 89.48948949    -0.00000000
 89.58958959    -0.00000000
 89.68968969    -0.00000000
 89.78978979    -0.00000000
 89.88988989    -0.00000000
 89.98998999    -0.00000000
 90.09009009    -0.00000000
 90.19019019    -0.00000000
 90.29029029    -0.00000000
 90.39039039    -0.00000000
 90.49049049    -0.00000000
 90.59059059    -0.00000000
 90.69069069    -0.00000000
 90.79079079    -0.00000000
 90.89089089    -0.00000000
 90.99099099    -0.00000000
 91.09109109    -0.00000000
 91.19119119    -0.00000000
 91.29129129    -0.00000000
 91.39139139    -0.00000000
 91.49149149    -0.00000000
 91.59159159    -0.00000000
 91.69169169    -0.00000000
 91.79179179    -0.00000000
 91.89189189    -0.00000000
 91.99199199    -0.00000000
 92.09209209    -0.00000000
 92.19219219    -0.00000000
 92.29229229    -0.00000000
 92.39239239    -0.00000000
 92.49249249     0.00000000
 92.59259259     0.00000000
 92.69269269     0.00000000
 92.79279279     0.00000000
 92.89289289     0.00000000
 92.99299299     0.00000000
 93.09309309     0.00000000
 93.19319319     0.00000000
 93.29329329     0.00000000
 93.39339339     0.00000000
 93.49349349     0.00000000
 93.59359359     0.00000000
 93.69369369     0.00000000
 93.79379379     0.00000000
 93.89389389     0.00000000
 93.99399399     0.00000000
 94.09409409     0.00000000
 94.19419419     0.00000000
 94.29429429     0.00000000
 94.39439439     0.00000000
 94.49449449     0.00000000
 94.59459459     0.00000000
 94.69469469     0.00000000
 94.79479479     0.00000000
 94.89489489     0.00000000
 94.99499499     0.00000000
 95.09509510     0.00000000
 95.19519520     0.00000000
 95.29529530     0.00000000
 95.39539540     0.00000000
 95.49549550     0.00000000
 95.59559560     0.00000000
 95.69569570     0.00000000
 95.79579580     0.00000000
 95.89589590     0.00000000
 95.99599600     0.00000000
 96.09609610     0.00000000
 96.19619620     0.00000000
 96.29629630     0.00000000
 96.39639640     0.00000000
 96.49649650     0.00000000
 96.59659660     0.00000000
 96.69669670     0.00000000
 96.79679680     0.00000000
 96.89689690     0.00000000
 96.99699700     0.00000000
 97.09709710     0.00000000
 97.19719720     0.00000000
 97.29729730     0.00000000
 97.39739740     0.00000000
 97.49749750     0.00000000
 97.59759760     0.00000000
 97.69769770     0.00000000
 97.79779780     0.00000000
 97.89789790     0.00000000
 97.99799800     0.00000000
 98.09809810     0.00000000
 98.19819820     0.00000000
 98.29829830     0.00000000
 98.39839840     0.00000000
 98.49849850     0.00000000
 98.59859860     0.00000000
 98.69869870     0.00000000
 98.79879880     0.00000000
 98.89889890     0.00000000
 98.99899900     0.00000000
 99.09909910     0.00000000
 99.19919920     0.00000000
 99.29929930     0.00000000
 99.39939940     0.00000000
 99.49949950     0.00000000
 99.59959960     0.00000000
 99.69969970    -0.00000000
 99.79979980    -0.00000000
 99.89989990    -0.00000000
100.00000000     0.00000000
