  0.00000000    -0.40485047
  0.10010010    -0.39085047
  0.20020020    -0.37707317
  0.30030030    -0.36351856
  0.40040040    -0.35018660
  0.50050050    -0.33707715
  0.60060060    -0.32419004
  0.70070070    -0.31152504
  0.80080080    -0.29908184
  0.90090090    -0.28686009
  1.00100100    -0.27485938
  1.10110110    -0.26307923
  1.20120120    -0.25151911
  1.30130130    -0.24017844
  1.40140140    -0.22905656
  1.50150150    -0.21815279
  1.60160160    -0.20746634
  1.70170170    -0.19699642
  1.80180180    -0.18674214
  1.90190190    -0.17670259
  2.00200200    -0.16687678
  2.10210210    -0.15726368
  2.20220220    -0.14786219
  2.30230230    -0.13867119
  2.40240240    -0.12968947
  2.50250250    -0.12091578
  2.60260260    -0.11234885
  2.70270270    -0.10398731
  2.80280280    -0.09582979
  2.90290290    -0.08787482
  3.00300300    -0.08012093
  3.10310310    -0.07256658
  3.20320320    -0.06521019
  3.30330330    -0.05805013
  3.40340340    -0.05108472
  3.50350350    -0.04431227
  3.60360360    -0.03773100
  3.70370370    -0.03133912
  3.80380380    -0.02513480
  3.90390390    -0.01911616
  4.00400400    -0.01328129
  4.10410410    -0.00762823
  4.20420420    -0.00215500
  4.30430430     0.00314042
  4.40440440     0.00826009
  4.50450450     0.01320610
  4.60460460     0.01798055
  4.70470470     0.02258561
  4.80480480     0.02702345
  4.90490490     0.03129628
  5.00500501     0.03540632
  5.10510511     0.03935584
  5.20520521     0.04314712
  5.30530531     0.04678247
  5.40540541     0.05026421
  5.50550551     0.05359469
  5.60560561     0.05677627
  5.70570571     0.05981136
  5.80580581     0.06270234
  5.90590591     0.06545164
  6.00600601     0.06806169
  6.10610611     0.07053493
  6.20620621     0.07287384
  6.30630631     0.07508087
  6.40640641     0.07715850
  6.50650651     0.07910923
  6.60660661     0.08093555
  6.70670671     0.08263995
  6.80680681     0.08422496
  6.90690691     0.08569307
  7.00700701     0.08704680
  7.10710711     0.08828866
  7.20720721     0.08942116
  7.30730731     0.09044682
  7.40740741     0.09136815
  7.50750751     0.09218766
  7.60760761     0.09290783
  7.70770771     0.09353118
  7.80780781     0.09406019
  7.90790791     0.09449735
  8.00800801     0.09484512
  8.10810811     0.09510596
  8.20820821     0.09528234
  8.30830831     0.09537668
  8.40840841     0.09539142
  8.50850851     0.09532897
  8.60860861     0.09519172
  8.70870871     0.09498206
  8.80880881     0.09470234
  8.90890891     0.09435492
  9.00900901     0.09394212
  9.10910911     0.09346625
  9.20920921     0.09292959
  9.30930931     0.09233442
  9.40940941     0.09168297
  9.50950951     0.09097746
  9.60960961     0.09022009
  9.70970971     0.08941303
  9.80980981     0.08855843
  9.90990991     0.08765841
 10.01001001     0.08671506
 10.11011011     0.08573044
 10.21021021     0.08470661
 10.31031031     0.08364555
 10.41041041     0.08254926
 10.51051051     0.08141969
 10.61061061     0.08025875
 10.71071071     0.07906834
 10.81081081     0.07785031
 10.91091091     0.07660650
 11.01101101     0.07533869
 11.11111111     0.07404865
 11.21121121     0.07273811
 11.31131131     0.07140876
 11.41141141     0.07006226
 11.51151151     0.06870026
 11.61161161     0.06732433
 11.71171171     0.06593604
 11.81181181     0.06453691
 11.91191191     0.06312844
 12.01201201     0.06171208
 12.11211211     0.06028925
 12.21221221     0.05886134
 12.31231231     0.05742970
 12.41241241     0.05599563
 12.51251251     0.05456043
 12.61261261     0.05312532
 12.71271271     0.05169153
 12.81281281     0.05026023
 12.91291291     0.04883254
 13.01301301     0.04740957
 13.11311311     0.04599239
 13.21321321     0.04458203
 13.31331331     0.04317948
 13.41341341     0.04178571
 13.51351351     0.04040164
 13.61361361     0.03902816
 13.71371371     0.03766613
 13.81381381     0.03631637
 13.91391391     0.03497968
 14.01401401     0.03365680
 14.11411411     0.03234846
 14.21421421     0.03105535
 14.31431431     0.02977812
 14.41441441     0.02851740
 14.51451451     0.02727378
 14.61461461     0.02604782
 14.71471471     0.02484005
 14.81481481     0.02365096
 14.91491491     0.02248103
 15.01501502     0.02133070
 15.11511512     0.02020036
 15.21521522     0.01909040
 15.31531532     0.01800118
 15.41541542     0.01693300
 15.51551552     0.01588617
 15.61561562     0.01486095
 15.71571572     0.01385758
 15.81581582     0.01287628
 15.91591592     0.01191723
 16.01601602     0.01098060
 16.11611612     0.01006652
 16.21621622     0.00917512
 16.31631632     0.00830647
 16.41641642     0.00746065
 16.51651652     0.00663771
 16.61661662     0.00583767
 16.71671672     0.00506052
 16.81681682     0.00430626
 16.91691692     0.00357484
 17.01701702     0.00286620
 17.11711712     0.00218027
 17.21721722     0.00151695
 17.31731732     0.00087613
 17.41741742     0.00025768
 17.51751752    -0.00033855
 17.61761762    -0.00091272
 17.71771772    -0.00146501
 17.81781782    -0.00199561
 17.91791792    -0.00250474
 18.01801802    -0.00299260
 18.11811812    -0.00345945
 18.21821822    -0.00390551
 18.31831832    -0.00433106
 18.41841842    -0.00473637
 18.51851852    -0.00512170
 18.61861862    -0.00548737
 18.71871872    -0.00583365
 18.81881882    -0.00616088
 18.91891892    -0.00646936
 19.01901902    -0.00675942
 19.11911912    -0.00703140
 19.21921922    -0.00728564
 19.31931932    -0.00752248
 19.41941942    -0.00774228
 19.51951952    -0.00794541
 19.61961962    -0.00813221
 19.71971972    -0.00830308
 19.81981982    -0.00845836
 19.91991992    -0.00859845
 20.02002002    -0.00872373
 20.12012012    -0.00883457
 20.22022022    -0.00893136
 20.32032032    -0.00901448
 20.42042042    -0.00908433
 20.52052052    -0.00914129
 20.62062062    -0.00918575
 20.72072072    -0.00921811
 20.82082082    -0.00923874
 20.92092092    -0.00924804
 21.02102102    -0.00924640
 21.12112112    -0.00923421
 21.22122122    -0.00921184
 21.32132132    -0.00917967
 21.42142142    -0.00913810
 21.52152152    -0.00908750
 21.62162162    -0.00902824
 21.72172172    -0.00896069
 21.82182182    -0.00888523
 21.92192192    -0.00880221
 22.02202202    -0.00871199
 22.12212212    -0.00861494
 22.22222222    -0.00851141
 22.32232232    -0.00840173
 22.42242242    -0.00828626
 22.52252252    -0.00816532
 22.62262262    -0.00803926
 22.72272272    -0.00790839
 22.82282282    -0.00777304
 22.92292292    -0.00763352
 23.02302302    -0.00749015
 23.12312312    -0.00734321
 23.22322322    -0.00719301
 23.32332332    -0.00703985
 23.42342342    -0.00688399
 23.52352352    -0.00672572
 23.62362362    -0.00656532
 23.72372372    -0.00640303
 23.82382382    -0.00623913
 23.92392392    -0.00607385
 24.02402402    -0.00590745
 24.12412412    -0.00574015
 24.22422422    -0.00557219
 24.32432432    -0.00540379
 24.42442442    -0.00523517
 24.52452452    -0.00506652
 24.62462462    -0.00489806
 24.72472472    -0.00472997
 24.82482482    -0.00456245
 24.92492492    -0.00439567
 25.02502503    -0.00422981
 25.12512513    -0.00406502
 25.22522523    -0.00390148
 25.32532533    -0.00373933
 25.42542543    -0.00357871
 25.52552553    -0.00341977
 25.62562563    -0.00326264
 25.72572573    -0.00310744
 25.82582583    -0.00295428
 25.92592593    -0.00280329
 26.02602603    -0.00265457
 26.12612613    -0.00250821
 26.22622623    -0.00236431
 26.32632633    -0.00222296
 26.42642643    -0.00208424
 26.52652653    -0.00194821
 26.62662663    -0.00181496
 26.72672673    -0.00168454
 26.82682683    -0.00155701
 26.92692693    -0.00143243
 27.02702703    -0.00131083
 27.12712713    -0.00119227
 27.22722723    -0.00107677
 27.32732733    -0.00096438
 27.42742743    -0.00085511
 27.52752753    -0.00074899
 27.62762763    -0.00064603
 27.72772773    -0.00054625
 27.82782783    -0.00044966
 27.92792793    -0.00035626
 28.02802803    -0.00026605
 28.12812813    -0.00017903
 28.22822823    -0.00009518
 28.32832833    -0.00001451
 28.42842843     0.00006302
 28.52852853     0.00013741
 28.62862863     0.00020868
 28.72872873     0.00027687
 28.82882883     0.00034200
 28.92892893     0.00040409
 29.02902903     0.00046319
 29.12912913     0.00051933
 29.22922923     0.00057254
 29.32932933     0.00062288
 29.42942943     0.00067037
 29.52952953     0.00071507
 29.62962963     0.00075702
 29.72972973     0.00079627
 29.82982983     0.00083287
 29.92992993     0.00086687
 30.03003003     0.00089833
 30.13013013     0.00092731
 30.23023023     0.00095385
 30.33033033     0.00097801
 30.43043043     0.00099986
 30.53053053     0.00101944
 30.63063063     0.00103683
 30.73073073     0.00105208
 30.83083083     0.00106526
 30.93093093     0.00107641
 31.03103103     0.00108562
 31.13113113     0.00109293
 31.23123123     0.00109842
 31.33133133     0.00110214
 31.43143143     0.00110415
 31.53153153     0.00110453
 31.63163163     0.00110333
 31.73173173     0.00110061
 31.83183183     0.00109644
 31.93193193     0.00109087
 32.03203203     0.00108398
 32.13213213     0.00107582
 32.23223223     0.00106645
 32.33233233     0.00105593
 32.43243243     0.00104432
 32.53253253     0.00103167
 32.63263263     0.00101806
 32.73273273     0.00100352
 32.83283283     0.00098813
 32.93293293     0.00097192
 33.03303303     0.00095497
 33.13313313     0.00093732
 33.23323323     0.00091902
 33.33333333     0.00090012
 33.43343343     0.00088068
 33.53353353     0.00086074
 33.63363363     0.00084035
 33.73373373     0.00081956
 33.83383383     0.00079841
 33.93393393     0.00077695
 34.03403403     0.00075522
 34.13413413     0.00073326
 34.23423423     0.00071111
 34.33433433     0.00068882
 34.43443443     0.00066641
 34.53453453     0.00064393
 34.63463463     0.00062141
 34.73473473     0.00059888
 34.83483483     0.00057639
 34.93493493     0.00055395
 35.03503504     0.00053161
 35.13513514     0.00050938
 35.23523524     0.00048730
 35.33533534     0.00046540
 35.43543544     0.00044369
 35.53553554     0.00042221
 35.63563564     0.00040097
 35.73573574     0.00038000
 35.83583584     0.00035932
 35.93593594     0.00033894
 36.03603604     0.00031889
 36.13613614     0.00029918
 36.23623624     0.00027983
 36.33633634     0.00026085
 36.43643644     0.00024226
 36.53653654     0.00022406
 36.63663664     0.00020627
 36.73673674     0.00018890
 36.83683684     0.00017196
 36.93693694     0.00015546
 37.03703704     0.00013940
 37.13713714     0.00012380
 37.23723724     0.00010864
 37.33733734     0.00009395
 37.43743744     0.00007973
 37.53753754     0.00006597
 37.63763764     0.00005268
 37.73773774     0.00003987
 37.83783784     0.00002752
 37.93793794     0.00001565
 38.03803804     0.00000425
 38.13813814    -0.00000668
 38.23823824    -0.00001715
 38.33833834    -0.00002715
 38.43843844    -0.00003669
 38.53853854    -0.00004577
 38.63863864    -0.00005440
 38.73873874    -0.00006258
 38.83883884    -0.00007032
 38.93893894    -0.00007762
 39.03903904    -0.00008450
 39.13913914    -0.00009095
 39.23923924    -0.00009698
 39.33933934    -0.00010260
 39.43943944    -0.00010783
 39.53953954    -0.00011266
 39.63963964    -0.00011711
 39.73973974    -0.00012118
 39.83983984    -0.00012488
 39.93993994    -0.00012823
 40.04004004    -0.00013122
 40.14014014    -0.00013388
 40.24024024    -0.00013621
 40.34034034    -0.00013822
 40.44044044    -0.00013993
 40.54054054    -0.00014133
 40.64064064    -0.00014244
 40.74074074    -0.00014327
 40.84084084    -0.00014383
 40.94094094    -0.00014414
 41.04104104    -0.00014419
 41.14114114    -0.00014401
 41.24124124    -0.00014359
 41.34134134    -0.00014296
 41.44144144    -0.00014212
 41.54154154    -0.00014108
 41.64164164    -0.00013985
 41.74174174    -0.00013845
 41.84184184    -0.00013687
 41.94194194    -0.00013513
 42.04204204    -0.00013325
 42.14214214    -0.00013122
 42.24224224    -0.00012906
 42.34234234    -0.00012678
 42.44244244    -0.00012438
 42.54254254    -0.00012188
 42.64264264    -0.00011928
 42.74274274    -0.00011659
 42.84284284    -0.00011382
 42.94294294    -0.00011098
 43.04304304    -0.00010807
 43.14314314    -0.00010511
 43.24324324    -0.00010209
 43.34334334    -0.00009903
 43.44344344    -0.00009594
 43.54354354    -0.00009282
 43.64364364    -0.00008967
 43.74374374    -0.00008651
 43.84384384    -0.00008333
 43.94394394    -0.00008015
 44.04404404    -0.00007697
 44.14414414    -0.00007380
 44.24424424    -0.00007064
 44.34434434    -0.00006749
 44.44444444    -0.00006436
 44.54454454    -0.00006126
 44.64464464    -0.00005818
 44.74474474    -0.00005514
 44.84484484    -0.00005214
 44.94494494    -0.00004918
 45.04504505    -0.00004625
 45.14514515    -0.00004338
 45.24524525    -0.00004056
 45.34534535    -0.00003778
 45.44544545    -0.00003507
 45.54554555    -0.00003241
 45.64564565    -0.00002980
 45.74574575    -0.00002726
 45.84584585    -0.00002479
 45.94594595    -0.00002238
 46.04604605    -0.00002003
 46.14614615    -0.00001775
 46.24624625    -0.00001554
 46.34634635    -0.00001340
 46.44644645    -0.00001132
 46.54654655    -0.00000932
 46.64664665    -0.00000739
 46.74674675    -0.00000553
 46.84684685    -0.00000375
 46.94694695    -0.00000203
 47.04704705    -0.00000039
 47.14714715     0.00000119
 47.24724725     0.00000269
 47.34734735     0.00000412
 47.44744745     0.00000548
 47.54754755     0.00000677
 47.64764765     0.00000799
 47.74774775     0.00000915
 47.84784785     0.00001023
 47.94794795     0.00001126
 48.04804805     0.00001221
 48.14814815     0.00001310
 48.24824825     0.00001393
 48.34834835     0.00001470
 48.44844845     0.00001541
 48.54854855     0.00001605
 48.64864865     0.00001664
 48.74874875     0.00001718
 48.84884885     0.00001766
 48.94894895     0.00001808
 49.04904905     0.00001845
 49.14914915     0.00001878
 49.24924925     0.00001905
 49.34934935     0.00001928
 49.44944945     0.00001946
 49.54954955     0.00001960
 49.64964965     0.00001970
 49.74974975     0.00001976
 49.84984985     0.00001978
 49.94994995     0.00001976
 50.05005005     0.00001970
 50.15015015     0.00001961
 50.25025025     0.00001949
 50.35035035     0.00001934
 50.45045045     0.00001916
 50.55055055     0.00001895
 50.65065065     0.00001872
 50.75075075     0.00001846
 50.85085085     0.00001818
 50.95095095     0.00001788
 51.05105105     0.00001755
 51.15115115     0.00001721
 51.25125125     0.00001686
 51.35135135     0.00001648
 51.45145145     0.00001610
 51.55155155     0.00001570
 51.65165165     0.00001528
 51.75175175     0.00001486
 51.85185185     0.00001443
 51.95195195     0.00001399
 52.05205205     0.00001355
 52.15215215     0.00001310
 52.25225225     0.00001264
 52.35235235     0.00001218
 52.45245245     0.00001172
 52.55255255     0.00001126
 52.65265265     0.00001080
 52.75275275     0.00001033
 52.85285285     0.00000987
 52.95295295     0.00000941
 53.05305305     0.00000896
 53.15315315     0.00000850
 53.25325325     0.00000805
 53.35335335     0.00000761
 53.45345345     0.00000717
 53.55355355     0.00000674
 53.65365365     0.00000631
 53.75375375     0.00000589
 53.85385385     0.00000548
 53.95395395     0.00000508
 54.05405405     0.00000469
 54.15415415     0.00000430
 54.25425425     0.00000392
 54.35435435     0.00000356
 54.45445445     0.00000320
 54.55455455     0.00000285
 54.65465465     0.00000251
 54.75475475     0.00000219
 54.85485485     0.00000187
 54.95495495     0.00000157
 55.05505506     0.00000127
 55.15515516     0.00000099
 55.25525526     0.00000072
 55.35535536     0.00000046
 55.45545546     0.00000020
 55.55555556    -0.00000003
 55.65565566    -0.00000026
 55.75575576    -0.00000048
 55.85585586    -0.00000069
 55.95595596    -0.00000088
 56.05605606    -0.00000107
 56.15615616    -0.00000124
 56.25625626    -0.00000141
 56.35635636    -0.00000156
 56.45645646    -0.00000170
 56.55655656    -0.00000184
 56.65665666    -0.00000196
 56.75675676    -0.00000207
 56.85685686    -0.00000218
 56.95695696    -0.00000228
 57.05705706    -0.00000236
 57.15715716    -0.00000244
 57.25725726    -0.00000251
 57.35735736    -0.00000257
 57.45745746    -0.00000262
 57.55755756    -0.00000267
 57.65765766    -0.00000271
 57.75775776    -0.00000274
 57.85785786    -0.00000276
 57.95795796    -0.00000278
 58.05805806    -0.00000279
 58.15815816    -0.00000280
 58.25825826    -0.00000280
 58.35835836    -0.00000279
 58.45845846    -0.00000278
 58.55855856    -0.00000276
 58.65865866    -0.00000274
 58.75875876    -0.00000271
 58.85885886    -0.00000268
 58.95895896    -0.00000265
 59.05905906    -0.00000261
 59.15915916    -0.00000257
 59.25925926    -0.00000252
 59.35935936    -0.00000247
 59.45945946    -0.00000242
 59.55955956    -0.00000237
 59.65965966    -0.00000231
 59.75975976    -0.00000225
 59.85985986    -0.00000219
 59.95995996    -0.00000213
 60.06006006    -0.00000207
 60.16016016    -0.00000201
 60.26026026    -0.00000194
 60.36036036    -0.00000187
 60.46046046    -0.00000181
 60.56056056    -0.00000174
 60.66066066    -0.00000167
 60.76076076    -0.00000160
 60.86086086    -0.00000153
 60.96096096    -0.00000146
 61.06106106    -0.00000139
 61.16116116    -0.00000133
 61.26126126    -0.00000126
 61.36136136    -0.00000119
 61.46146146    -0.00000112
 61.56156156    -0.00000106
 61.66166166    -0.00000099
 61.76176176    -0.00000093
 61.86186186    -0.00000087
 61.96196196    -0.00000080
 62.06206206    -0.00000074
 62.16216216    -0.00000068
 62.26226226    -0.00000063
 62.36236236    -0.00000057
 62.46246246    -0.00000052
 62.56256256    -0.00000046
 62.66266266    -0.00000041
 62.76276276    -0.00000036
 62.86286286    -0.00000031
 62.96296296    -0.00000026
 63.06306306    -0.00000022
 63.16316316    -0.00000017
 63.26326326    -0.00000013
 63.36336336    -0.00000009
 63.46346346    -0.00000005
 63.56356356    -0.00000002
 63.66366366     0.00000002
 63.76376376     0.00000005
 63.86386386     0.00000008
 63.96396396     0.00000011
 64.06406406     0.00000014
 64.16416416     0.00000017
 64.26426426     0.00000020
 64.36436436     0.00000022
 64.46446446     0.00000024
 64.56456456     0.00000026
 64.66466466     0.00000028
 64.76476476     0.00000030
 64.86486486     0.00000031
 64.96496496     0.00000033
 65.06506507     0.00000034
 65.16516517     0.00000035
 65.26526527     0.00000036
 65.36536537     0.00000037
 65.46546547     0.00000038
 65.56556557     0.00000039
 65.66566567     0.00000039
 65.76576577     0.00000040
 65.86586587     0.00000040
 65.96596597     0.00000040
 66.06606607     0.00000040
 66.16616617     0.00000040
 66.26626627     0.00000040
 66.36636637     0.00000040
 66.46646647     0.00000040
 66.56656657     0.00000040
 66.66666667     0.00000039
 66.76676677     0.00000039
 66.86686687     0.00000038
 66.96696697     0.00000038
 67.06706707     0.00000037
 67.16716717     0.00000037
 67.26726727     0.00000036
 67.36736737     0.00000035
 67.46746747     0.00000034
 67.56756757     0.00000033
 67.66766767     0.00000033
 67.76776777     0.00000032
 67.86786787     0.00000031
 67.96796797     0.00000030
 68.06806807     0.00000029
 68.16816817     0.00000028
 68.26826827     0.00000027
 68.36836837     0.00000026
 68.46846847     0.00000025
 68.56856857     0.00000024
 68.66866867     0.00000023
 68.76876877     0.00000022
 68.86886887     0.00000021
 68.96896897     0.00000020
 69.06906907     0.00000019
 69.16916917     0.00000018
 69.26926927     0.00000017
 69.36936937     0.00000016
 69.46946947     0.00000015
 69.56956957     0.00000014
 69.66966967     0.00000013
 69.76976977     0.00000012
 69.86986987     0.00000011
 69.96996997     0.00000010
 70.07007007     0.00000009
 70.17017017     0.00000008
 70.27027027     0.00000007
 70.37037037     0.00000007
 70.47047047     0.00000006
 70.57057057     0.00000005
 70.67067067     0.00000004
 70.77077077     0.00000004
 70.87087087     0.00000003
 70.97097097     0.00000002
 71.07107107     0.00000002
 71.17117117     0.00000001
 71.27127127     0.00000000
 71.37137137    -0.00000000
 71.47147147    -0.00000001
 71.57157157    -0.00000001
 71.67167167    -0.00000002
 71.77177177    -0.00000002
 71.87187187    -0.00000002
 71.97197197    -0.00000003
 72.07207207    -0.00000003
 72.17217217    -0.00000004
 72.27227227    -0.00000004
 72.37237237    -0.00000004
 72.47247247    -0.00000004
 72.57257257    -0.00000005
 72.67267267    -0.00000005
 72.77277277    -0.00000005
 72.87287287    -0.00000005
 72.97297297    -0.00000005
 73.07307307    -0.00000005
 73.17317317    -0.00000006
 73.27327327    -0.00000006
 73.37337337    -0.00000006
 73.47347347    -0.00000006
 73.57357357    -0.00000006
 73.67367367    -0.00000006
 73.77377377    -0.00000006
 73.87387387    -0.00000006
 73.97397397    -0.00000006
 74.07407407    -0.00000006
 74.17417417    -0.00000006
 74.27427427    -0.00000006
 74.37437437    -0.00000006
 74.47447447    -0.00000006
 74.57457457    -0.00000006
 74.67467467    -0.00000005
 74.77477477    -0.00000005
 74.87487487    -0.00000005
 74.97497497    -0.00000005
 75.07507508    -0.00000005
 75.17517518    -0.00000005
 75.27527528    -0.00000005
 75.37537538    -0.00000005
 75.47547548    -0.00000005
 75.57557558    -0.00000004
 75.67567568    -0.00000004
 75.77577578    -0.00000004
 75.87587588    -0.00000004
 75.97597598    -0.00000004
 76.07607608    -0.00000004
 76.17617618    -0.00000003
 76.27627628    -0.00000003
 76.37637638    -0.00000003
 76.47647648    -0.00000003
 76.57657658    -0.00000003
 76.67667668    -0.00000003
 76.77677678    -0.00000002
 76.87687688    -0.00000002
 76.97697698    -0.00000002
 77.07707708    -0.00000002
 77.17717718    -0.00000002
 77.27727728    -0.00000002
 77.37737738    -0.00000002
 77.47747748    -0.00000001
 77.57757758    -0.00000001
 77.67767768    -0.00000001
 77.77777778    -0.00000001
 77.87787788    -0.00000001
 77.97797798    -0.00000001
 78.07807808    -0.00000001
 78.17817818    -0.00000001
 78.27827828    -0.00000001
 78.37837838    -0.00000000
 78.47847848    -0.00000000
 78.57857858    -0.00000000
 78.67867868    -0.00000000
 78.77877878    -0.00000000
 78.87887888     0.00000000
 78.97897898     0.00000000
 79.07907908     0.00000000
 79.17917918     0.00000000
 79.27927928     0.00000000
 79.37937938     0.00000000
 79.47947948     0.00000000
 79.57957958     0.00000000
 79.67967968     0.00000001
 79.77977978     0.00000001
 79.87987988     0.00000001
 79.97997998     0.00000001
 80.08008008     0.00000001
 80.18018018     0.00000001
 80.28028028     0.00000001
 80.38038038     0.00000001
 80.48048048     0.00000001
 80.58058058     0.00000001
 80.68068068     0.00000001
 80.78078078     0.00000001
 80.88088088     0.00000001
 80.98098098     0.00000001
 81.08108108     0.00000001
 81.18118118     0.00000001
 81.28128128     0.00000001
 81.38138138     0.00000001
 81.48148148     0.00000001
 81.58158158     0.00000001
 81.68168168     0.00000001
 81.78178178     0.00000001
 81.88188188     0.00000001
 81.98198198     0.00000001
 82.08208208     0.00000001
 82.18218218     0.00000001
 82.28228228     0.00000001
 82.38238238     0.00000001
 82.48248248     0.00000001
 82.58258258     0.00000001
 82.68268268     0.00000001
 82.78278278     0.00000001
 82.88288288     0.00000001
 82.98298298     0.00000001
 83.08308308     0.00000001
 83.18318318     0.00000001
 83.28328328     0.00000001
 83.38338338     0.00000001
 83.48348348     0.00000001
 83.58358358     0.00000000
 83.68368368     0.00000000
 83.78378378     0.00000000
 83.88388388     0.00000000
 83.98398398     0.00000000
 84.08408408     0.00000000
 84.18418418     0.00000000
 84.28428428     0.00000000
 84.38438438     0.00000000
 84.48448448     0.00000000
 84.58458458     0.00000000
 84.68468468     0.00000000
 84.78478478     0.00000000
 84.88488488     0.00000000
 84.98498498     0.00000000
 85.08508509     0.00000000
 85.18518519     0.00000000
 85.28528529     0.00000000
 85.38538539     0.00000000
 85.48548549     0.00000000
 85.58558559     0.00000000
 85.68568569     0.00000000
 85.78578579     0.00000000
 85.88588589     0.00000000
 85.98598599     0.00000000
 86.08608609    -0.00000000
 86.18618619    -0.00000000
 86.28628629    -0.00000000
 86.38638639    -0.00000000
 86.48648649    -0.00000000
 86.58658659    -0.00000000
 86.68668669    -0.00000000
 86.78678679    -0.00000000
 86.88688689    -0.00000000
 86.98698699    -0.00000000
 87.08708709    -0.00000000
 87.18718719    -0.00000000
 87.28728729    -0.00000000
 87.38738739    -0.00000000
 87.48748749    -0.00000000
 87.58758759    -0.00000000
 87.68768769    -0.00000000
 87.78778779    -0.00000000
 87.88788789    -0.00000000
 87.98798799    -0.00000000
 88.08808809    -0.00000000
 88.18818819    -0.00000000
 88.28828829    -0.00000000
 88.38838839    -0.00000000
 88.48848849    -0.00000000
 88.58858859    -0.00000000
 88.68868869    -0.00000000
 88.78878879    -0.00000000
 88.88888889    -0.00000000
 88.98898899    -0.00000000
 89.08908909    -0.00000000
 89.18918919    -0.00000000
 89.28928929    -0.00000000
 89.38938939    -0.00000000
 89.48948949    -0.00000000
 89.58958959    -0.00000000
 89.68968969    -0.00000000
 89.78978979    -0.00000000
 89.88988989    -0.00000000
 89.98998999    -0.00000000
 90.09009009    -0.00000000
 90.19019019    -0.00000000
 90.29029029    -0.00000000
 90.39039039    -0.00000000
 90.49049049    -0.00000000
 90.59059059    -0.00000000
 90.69069069    -0.00000000
 90.79079079    -0.00000000
 90.89089089    -0.00000000
 90.99099099    -0.00000000
 91.09109109    -0.00000000
 91.19119119    -0.00000000
 91.29129129    -0.00000000
 91.39139139    -0.00000000
 91.49149149    -0.00000000
 91.59159159    -0.00000000
 91.69169169    -0.00000000
 91.79179179    -0.00000000
 91.89189189    -0.00000000
 91.99199199    -0.00000000
 92.09209209    -0.00000000
 92.19219219    -0.00000000
 92.29229229    -0.00000000
 92.39239239    -0.00000000
 92.49249249    -0.00000000
 92.59259259    -0.00000000
 92.69269269    -0.00000000
 92.79279279    -0.00000000
 92.89289289    -0.00000000
 92.99299299    -0.00000000
 93.09309309    -0.00000000
 93.19319319     0.00000000
 93.29329329     0.00000000
 93.39339339     0.00000000
 93.49349349     0.00000000
 93.59359359     0.00000000
 93.69369369     0.00000000
 93.79379379     0.00000000
 93.89389389     0.00000000
 93.99399399     0.00000000
 94.09409409     0.00000000
 94.19419419     0.00000000
 94.29429429     0.00000000
 94.39439439     0.00000000
 94.49449449     0.00000000
 94.59459459     0.00000000
 94.69469469     0.00000000
 94.79479479     0.00000000
 94.89489489     0.00000000
 94.99499499     0.00000000
 95.09509510     0.00000000
 95.19519520     0.00000000
 95.29529530     0.00000000
 95.39539540     0.00000000
 95.49549550     0.00000000
 95.59559560     0.00000000
 95.69569570     0.00000000
 95.79579580     0.00000000
 95.89589590     0.00000000
 95.99599600     0.00000000
 96.09609610     0.00000000
 96.19619620     0.00000000
 96.29629630     0.00000000
 96.39639640     0.00000000
 96.49649650     0.00000000
 96.59659660     0.00000000
 96.69669670     0.00000000
 96.79679680     0.00000000
 96.89689690     0.00000000
 96.99699700     0.00000000
 97.09709710     0.00000000
 97.19719720     0.00000000
 97.29729730     0.00000000
 97.39739740     0.00000000
 97.49749750     0.00000000
 97.59759760     0.00000000
 97.69769770     0.00000000
 97.79779780     0.00000000
 97.89789790     0.00000000
 97.99799800     0.00000000
 98.09809810     0.00000000
 98.19819820     0.00000000
 98.29829830     0.00000000
 98.39839840     0.00000000
 98.49849850     0.00000000
 98.59859860     0.00000000
 98.69869870     0.00000000
 98.79879880     0.00000000
 98.89889890     0.00000000
 98.99899900     0.00000000
 99.09909910     0.00000000
 99.19919920     0.00000000
 99.29929930     0.00000000
 99.39939940     0.00000000
 99.49949950     0.00000000
 99.59959960     0.00000000
 99.69969970    -0.00000000
 99.79979980    -0.00000000
 99.89989990    -0.00000000
100.00000000     0.00000000
