  0.00000000    -0.40777814
  0.10010010    -0.39377814
  0.20020020    -0.37999920
  0.30030030    -0.36644133
  0.40040040    -0.35310446
  0.50050050    -0.33998849
  0.60060060    -0.32709322
  0.70070070    -0.31441844
  0.80080080    -0.30196386
  0.90090090    -0.28972911
  1.00100100    -0.27771381
  1.10110110    -0.26591748
  1.20120120    -0.25433961
  1.30130130    -0.24297962
  1.40140140    -0.23183689
  1.50150150    -0.22091071
  1.60160160    -0.21020036
  1.70170170    -0.19970503
  1.80180180    -0.18942386
  1.90190190    -0.17935597
  2.00200200    -0.16950037
  2.10210210    -0.15985607
  2.20220220    -0.15042199
  2.30230230    -0.14119703
  2.40240240    -0.13218001
  2.50250250    -0.12336971
  2.60260260    -0.11476487
  2.70270270    -0.10636418
  2.80280280    -0.09816626
  2.90290290    -0.09016971
  3.00300300    -0.08237306
  3.10310310    -0.07477482
  3.20320320    -0.06737344
  3.30330330    -0.06016731
  3.40340340    -0.05315481
  3.50350350    -0.04633426
  3.60360360    -0.03970393
  3.70370370    -0.03326207
  3.80380380    -0.02700688
  3.90390390    -0.02093652
  4.00400400    -0.01504911
  4.10410410    -0.00934274
  4.20420420    -0.00381547
  4.30430430     0.00153469
  4.40440440     0.00670975
  4.50450450     0.01171176
  4.60460460     0.01654279
  4.70470470     0.02120496
  4.80480480     0.02570039
  4.90490490     0.03003126
  5.00500501     0.03419975
  5.10510511     0.03820809
  5.20520521     0.04205850
  5.30530531     0.04575326
  5.40540541     0.04929465
  5.50550551     0.05268497
  5.60560561     0.05592655
  5.70570571     0.05902174
  5.80580581     0.06197289
  5.90590591     0.06478239
  6.00600601     0.06745262
  6.10610611     0.06998598
  6.20620621     0.07238491
  6.30630631     0.07465182
  6.40640641     0.07678916
  6.50650651     0.07879936
  6.60660661     0.08068490
  6.70670671     0.08244823
  6.80680681     0.08409181
  6.90690691     0.08561812
  7.00700701     0.08702963
  7.10710711     0.08832882
  7.20720721     0.08951816
  7.30730731     0.09060013
  7.40740741     0.09157721
  7.50750751     0.09245186
  7.60760761     0.09322656
  7.70770771     0.09390376
  7.80780781     0.09448592
  7.90790791     0.09497550
  8.00800801     0.09537493
  8.10810811     0.09568665
  8.20820821     0.09591308
  8.30830831     0.09605662
  8.40840841     0.09611968
  8.50850851     0.09610465
  8.60860861     0.09601389
  8.70870871     0.09584975
  8.80880881     0.09561459
  8.90890891     0.09531072
  9.00900901     0.09494044
  9.10910911     0.09450605
  9.20920921     0.09400981
  9.30930931     0.09345396
  9.40940941     0.09284073
  9.50950951     0.09217233
  9.60960961     0.09145093
  9.70970971     0.09067869
  9.80980981     0.08985775
  9.90990991     0.08899020
 10.01001001     0.08807813
 10.11011011     0.08712360
 10.21021021     0.08612864
 10.31031031     0.08509525
 10.41041041     0.08402539
 10.51051051     0.08292102
 10.61061061     0.08178404
 10.71071071     0.08061636
 10.81081081     0.07941981
 10.91091091     0.07819622
 11.01101101     0.07694740
 11.11111111     0.07567509
 11.21121121     0.07438104
 11.31131131     0.07306693
 11.41141141     0.07173443
 11.51151151     0.07038519
 11.61161161     0.06902078
 11.71171171     0.06764279
 11.81181181     0.06625275
 11.91191191     0.06485214
 12.01201201     0.06344244
 12.11211211     0.06202508
 12.21221221     0.06060145
 12.31231231     0.05917291
 12.41241241     0.05774079
 12.51251251     0.05630639
 12.61261261     0.05487095
 12.71271271     0.05343570
 12.81281281     0.05200183
 12.91291291     0.05057050
 13.01301301     0.04914281
 13.11311311     0.04771986
 13.21321321     0.04630268
 13.31331331     0.04489231
 13.41341341     0.04348971
 13.51351351     0.04209584
 13.61361361     0.04071160
 13.71371371     0.03933788
 13.81381381     0.03797551
 13.91391391     0.03662532
 14.01401401     0.03528807
 14.11411411     0.03396451
 14.21421421     0.03265536
 14.31431431     0.03136130
 14.41441441     0.03008297
 14.51451451     0.02882099
 14.61461461     0.02757595
 14.71471471     0.02634840
 14.81481481     0.02513886
 14.91491491     0.02394783
 15.01501502     0.02277576
 15.11511512     0.02162311
 15.21521522     0.02049026
 15.31531532     0.01937760
 15.41541542     0.01828548
 15.51551552     0.01721421
 15.61561562     0.01616409
 15.71571572     0.01513539
 15.81581582     0.01412834
 15.91591592     0.01314316
 16.01601602     0.01218005
 16.11611612     0.01123916
 16.21621622     0.01032064
 16.31631632     0.00942460
 16.41641642     0.00855114
 16.51651652     0.00770033
 16.61661662     0.00687222
 16.71671672     0.00606684
 16.81681682     0.00528419
 16.91691692     0.00452426
 17.01701702     0.00378702
 17.11711712     0.00307241
 17.21721722     0.00238037
 17.31731732     0.00171080
 17.41741742     0.00106360
 17.51751752     0.00043864
 17.61761762    -0.00016421
 17.71771772    -0.00074512
 17.81781782    -0.00130425
 17.91791792    -0.00184179
 18.01801802    -0.00235794
 18.11811812    -0.00285292
 18.21821822    -0.00332694
 18.31831832    -0.00378026
 18.41841842    -0.00421311
 18.51851852    -0.00462577
 18.61861862    -0.00501850
 18.71871872    -0.00539160
 18.81881882    -0.00574535
 18.91891892    -0.00608005
 19.01901902    -0.00639601
 19.11911912    -0.00669357
 19.21921922    -0.00697303
 19.31931932    -0.00723474
 19.41941942    -0.00747903
 19.51951952    -0.00770626
 19.61961962    -0.00791677
 19.71971972    -0.00811092
 19.81981982    -0.00828908
 19.91991992    -0.00845160
 20.02002002    -0.00859886
 20.12012012    -0.00873123
 20.22022022    -0.00884908
 20.32032032    -0.00895280
 20.42042042    -0.00904277
 20.52052052    -0.00911936
 20.62062062    -0.00918295
 20.72072072    -0.00923394
 20.82082082    -0.00927270
 20.92092092    -0.00929963
 21.02102102    -0.00931509
 21.12112112    -0.00931948
 21.22122122    -0.00931317
 21.32132132    -0.00929655
 21.42142142    -0.00926999
 21.52152152    -0.00923387
 21.62162162    -0.00918856
 21.72172172    -0.00913444
 21.82182182    -0.00907187
 21.92192192    -0.00900122
 22.02202202    -0.00892284
 22.12212212    -0.00883710
 22.22222222    -0.00874435
 22.32232232    -0.00864493
 22.42242242    -0.00853920
 22.52252252    -0.00842749
 22.62262262    -0.00831014
 22.72272272    -0.00818748
 22.82282282    -0.00805983
 22.92292292    -0.00792751
 23.02302302    -0.00779084
 23.12312312    -0.00765013
 23.22322322    -0.00750567
 23.32332332    -0.00735776
 23.42342342    -0.00720670
 23.52352352    -0.00705276
 23.62362362    -0.00689623
 23.72372372    -0.00673737
 23.82382382    -0.00657646
 23.92392392    -0.00641374
 24.02402402    -0.00624947
 24.12412412    -0.00608389
 24.22422422    -0.00591725
 24.32432432    -0.00574977
 24.42442442    -0.00558168
 24.52452452    -0.00541319
 24.62462462    -0.00524452
 24.72472472    -0.00507586
 24.82482482    -0.00490742
 24.92492492    -0.00473939
 25.02502503    -0.00457194
 25.12512513    -0.00440526
 25.22522523    -0.00423951
 25.32532533    -0.00407485
 25.42542543    -0.00391144
 25.52552553    -0.00374944
 25.62562563    -0.00358897
 25.72572573    -0.00343018
 25.82582583    -0.00327320
 25.92592593    -0.00311815
 26.02602603    -0.00296514
 26.12612613    -0.00281429
 26.22622623    -0.00266569
 26.32632633    -0.00251945
 26.42642643    -0.00237565
 26.52652653    -0.00223439
 26.62662663    -0.00209574
 26.72672673    -0.00195977
 26.82682683    -0.00182655
 26.92692693    -0.00169614
 27.02702703    -0.00156861
 27.12712713    -0.00144400
 27.22722723    -0.00132236
 27.32732733    -0.00120373
 27.42742743    -0.00108814
 27.52752753    -0.00097563
 27.62762763    -0.00086622
 27.72772773    -0.00075993
 27.82782783    -0.00065679
 27.92792793    -0.00055680
 28.02802803    -0.00045998
 28.12812813    -0.00036632
 28.22822823    -0.00027583
 28.32832833    -0.00018850
 28.42842843    -0.00010433
 28.52852853    -0.00002331
 28.62862863     0.00005459
 28.72872873     0.00012937
 28.82882883     0.00020105
 28.92892893     0.00026967
 29.02902903     0.00033524
 29.12912913     0.00039780
 29.22922923     0.00045738
 29.32932933     0.00051401
 29.42942943     0.00056774
 29.52952953     0.00061859
 29.62962963     0.00066662
 29.72972973     0.00071187
 29.82982983     0.00075437
 29.92992993     0.00079419
 30.03003003     0.00083137
 30.13013013     0.00086596
 30.23023023     0.00089801
 30.33033033     0.00092758
 30.43043043     0.00095472
 30.53053053     0.00097948
 30.63063063     0.00100193
 30.73073073     0.00102213
 30.83083083     0.00104012
 30.93093093     0.00105597
 31.03103103     0.00106975
 31.13113113     0.00108150
 31.23123123     0.00109130
 31.33133133     0.00109920
 31.43143143     0.00110527
 31.53153153     0.00110956
 31.63163163     0.00111214
 31.73173173     0.00111307
 31.83183183     0.00111242
 31.93193193     0.00111024
 32.03203203     0.00110659
 32.13213213     0.00110154
 32.23223223     0.00109514
 32.33233233     0.00108746
 32.43243243     0.00107856
 32.53253253     0.00106849
 32.63263263     0.00105732
 32.73273273     0.00104510
 32.83283283     0.00103188
 32.93293293     0.00101774
 33.03303303     0.00100271
 33.13313313     0.00098686
 33.23323323     0.00097024
 33.33333333     0.00095290
 33.43343343     0.00093489
 33.53353353     0.00091627
 33.63363363     0.00089708
 33.73373373     0.00087738
 33.83383383     0.00085720
 33.93393393     0.00083660
 34.03403403     0.00081563
 34.13413413     0.00079432
 34.23423423     0.00077272
 34.33433433     0.00075088
 34.43443443     0.00072882
 34.53453453     0.00070660
 34.63463463     0.00068424
 34.73473473     0.00066180
 34.83483483     0.00063929
 34.93493493     0.00061676
 35.03503504     0.00059424
 35.13513514     0.00057176
 35.23523524     0.00054935
 35.33533534     0.00052705
 35.43543544     0.00050487
 35.53553554     0.00048285
 35.63563564     0.00046101
 35.73573574     0.00043938
 35.83583584     0.00041797
 35.93593594     0.00039682
 36.03603604     0.00037594
 36.13613614     0.00035535
 36.23623624     0.00033508
 36.33633634     0.00031513
 36.43643644     0.00029552
 36.53653654     0.00027627
 36.63663664     0.00025740
 36.73673674     0.00023892
 36.83683684     0.00022083
 36.93693694     0.00020315
 37.03703704     0.00018589
 37.13713714     0.00016906
 37.23723724     0.00015266
 37.33733734     0.00013671
 37.43743744     0.00012120
 37.53753754     0.00010615
 37.63763764     0.00009156
 37.73773774     0.00007743
 37.83783784     0.00006376
 37.93793794     0.00005057
 38.03803804     0.00003784
 38.13813814     0.00002558
 38.23823824     0.00001378
 38.33833834     0.00000246
 38.43843844    -0.00000840
 38.53853854    -0.00001880
 38.63863864    -0.00002874
 38.73873874    -0.00003822
 38.83883884    -0.00004724
 38.93893894    -0.00005582
 39.03903904    -0.00006395
 39.13913914    -0.00007164
 39.23923924    -0.00007891
 39.33933934    -0.00008574
 39.43943944    -0.00009216
 39.53953954    -0.00009816
 39.63963964    -0.00010376
 39.73973974    -0.00010896
 39.83983984    -0.00011377
 39.93993994    -0.00011820
 40.04004004    -0.00012225
 40.14014014    -0.00012595
 40.24024024    -0.00012929
 40.34034034    -0.00013228
 40.44044044    -0.00013494
 40.54054054    -0.00013726
 40.64064064    -0.00013928
 40.74074074    -0.00014098
 40.84084084    -0.00014239
 40.94094094    -0.00014351
 41.04104104    -0.00014435
 41.14114114    -0.00014492
 41.24124124    -0.00014524
 41.34134134    -0.00014531
 41.44144144    -0.00014514
 41.54154154    -0.00014474
 41.64164164    -0.00014413
 41.74174174    -0.00014330
 41.84184184    -0.00014228
 41.94194194    -0.00014107
 42.04204204    -0.00013968
 42.14214214    -0.00013813
 42.24224224    -0.00013641
 42.34234234    -0.00013454
 42.44244244    -0.00013253
 42.54254254    -0.00013039
 42.64264264    -0.00012812
 42.74274274    -0.00012574
 42.84284284    -0.00012326
 42.94294294    -0.00012067
 43.04304304    -0.00011800
 43.14314314    -0.00011525
 43.24324324    -0.00011242
 43.34334334    -0.00010952
 43.44344344    -0.00010657
 43.54354354    -0.00010356
 43.64364364    -0.00010051
 43.74374374    -0.00009743
 43.84384384    -0.00009431
 43.94394394    -0.00009117
 44.04404404    -0.00008801
 44.14414414    -0.00008483
 44.24424424    -0.00008166
 44.34434434    -0.00007847
 44.44444444    -0.00007530
 44.54454454    -0.00007213
 44.64464464    -0.00006898
 44.74474474    -0.00006584
 44.84484484    -0.00006273
 44.94494494    -0.00005965
 45.04504505    -0.00005659
 45.14514515    -0.00005358
 45.24524525    -0.00005060
 45.34534535    -0.00004766
 45.44544545    -0.00004477
 45.54554555    -0.00004192
 45.64564565    -0.00003913
 45.74574575    -0.00003639
 45.84584585    -0.00003371
 45.94594595    -0.00003108
 46.04604605    -0.00002852
 46.14614615    -0.00002601
 46.24624625    -0.00002357
 46.34634635    -0.00002120
 46.44644645    -0.00001889
 46.54654655    -0.00001665
 46.64664665    -0.00001447
 46.74674675    -0.00001237
 46.84684685    -0.00001033
 46.94694695    -0.00000837
 47.04704705    -0.00000647
 47.14714715    -0.00000465
 47.24724725    -0.00000290
 47.34734735    -0.00000122
 47.44744745     0.00000039
 47.54754755     0.00000193
 47.64764765     0.00000340
 47.74774775     0.00000480
 47.84784785     0.00000612
 47.94794795     0.00000739
 48.04804805     0.00000858
 48.14814815     0.00000970
 48.24824825     0.00001076
 48.34834835     0.00001175
 48.44844845     0.00001268
 48.54854855     0.00001355
 48.64864865     0.00001435
 48.74874875     0.00001510
 48.84884885     0.00001578
 48.94894895     0.00001641
 49.04904905     0.00001698
 49.14914915     0.00001749
 49.24924925     0.00001795
 49.34934935     0.00001836
 49.44944945     0.00001871
 49.54954955     0.00001902
 49.64964965     0.00001928
 49.74974975     0.00001949
 49.84984985     0.00001966
 49.94994995     0.00001979
 50.05005005     0.00001987
 50.15015015     0.00001992
 50.25025025     0.00001993
 50.35035035     0.00001990
 50.45045045     0.00001983
 50.55055055     0.00001974
 50.65065065     0.00001961
 50.75075075     0.00001945
 50.85085085     0.00001926
 50.95095095     0.00001905
 51.05105105     0.00001881
 51.15115115     0.00001854
 51.25125125     0.00001826
 51.35135135     0.00001795
 51.45145145     0.00001763
 51.55155155     0.00001728
 51.65165165     0.00001692
 51.75175175     0.00001655
 51.85185185     0.00001616
 51.95195195     0.00001576
 52.05205205     0.00001534
 52.15215215     0.00001492
 52.25225225     0.00001449
 52.35235235     0.00001405
 52.45245245     0.00001360
 52.55255255     0.00001315
 52.65265265     0.00001269
 52.75275275     0.00001224
 52.85285285     0.00001177
 52.95295295     0.00001131
 53.05305305     0.00001085
 53.15315315     0.00001038
 53.25325325     0.00000992
 53.35335335     0.00000946
 53.45345345     0.00000901
 53.55355355     0.00000855
 53.65365365     0.00000810
 53.75375375     0.00000766
 53.85385385     0.00000722
 53.95395395     0.00000679
 54.05405405     0.00000636
 54.15415415     0.00000594
 54.25425425     0.00000553
 54.35435435     0.00000513
 54.45445445     0.00000473
 54.55455455     0.00000435
 54.65465465     0.00000397
 54.75475475     0.00000360
 54.85485485     0.00000325
 54.95495495     0.00000290
 55.05505506     0.00000256
 55.15515516     0.00000223
 55.25525526     0.00000192
 55.35535536     0.00000161
 55.45545546     0.00000131
 55.55555556     0.00000103
 55.65565566     0.00000076
 55.75575576     0.00000049
 55.85585586     0.00000024
 55.95595596    -0.00000000
 56.05605606    -0.00000023
 56.15615616    -0.00000045
 56.25625626    -0.00000066
 56.35635636    -0.00000086
 56.45645646    -0.00000104
 56.55655656    -0.00000122
 56.65665666    -0.00000139
 56.75675676    -0.00000154
 56.85685686    -0.00000169
 56.95695696    -0.00000182
 57.05705706    -0.00000195
 57.15715716    -0.00000207
 57.25725726    -0.00000217
 57.35735736    -0.00000227
 57.45745746    -0.00000236
 57.55755756    -0.00000244
 57.65765766    -0.00000251
 57.75775776    -0.00000258
 57.85785786    -0.00000263
 57.95795796    -0.00000268
 58.05805806    -0.00000272
 58.15815816    -0.00000275
 58.25825826    -0.00000278
 58.35835836    -0.00000280
 58.45845846    -0.00000281
 58.55855856    -0.00000282
 58.65865866    -0.00000282
 58.75875876    -0.00000281
 58.85885886    -0.00000280
 58.95895896    -0.00000279
 59.05905906    -0.00000277
 59.15915916    -0.00000274
 59.25925926    -0.00000272
 59.35935936    -0.00000268
 59.45945946    -0.00000265
 59.55955956    -0.00000261
 59.65965966    -0.00000256
 59.75975976    -0.00000251
 59.85985986    -0.00000246
 59.95995996    -0.00000241
 60.06006006    -0.00000236
 60.16016016    -0.00000230
 60.26026026    -0.00000224
 60.36036036    -0.00000218
 60.46046046    -0.00000212
 60.56056056    -0.00000205
 60.66066066    -0.00000199
 60.76076076    -0.00000192
 60.86086086    -0.00000185
 60.96096096    -0.00000179
 61.06106106    -0.00000172
 61.16116116    -0.00000165
 61.26126126    -0.00000158
 61.36136136    -0.00000151
 61.46146146    -0.00000144
 61.56156156    -0.00000137
 61.66166166    -0.00000131
 61.76176176    -0.00000124
 61.86186186    -0.00000117
 61.96196196    -0.00000111
 62.06206206    -0.00000104
 62.16216216    -0.00000098
 62.26226226    -0.00000091
 62.36236236    -0.00000085
 62.46246246    -0.00000079
 62.56256256    -0.00000073
 62.66266266    -0.00000067
 62.76276276    -0.00000061
 62.86286286    -0.00000056
 62.96296296    -0.00000050
 63.06306306    -0.00000045
 63.16316316    -0.00000040
 63.26326326    -0.00000035
 63.36336336    -0.00000030
 63.46346346    -0.00000025
 63.56356356    -0.00000021
 63.66366366    -0.00000016
 63.76376376    -0.00000012
 63.86386386    -0.00000008
 63.96396396    -0.00000004
 64.06406406    -0.00000001
 64.16416416     0.00000003
 64.26426426     0.00000006
 64.36436436     0.00000009
 64.46446446     0.00000012
 64.56456456     0.00000015
 64.66466466     0.00000018
 64.76476476     0.00000020
 64.86486486     0.00000023
 64.96496496     0.00000025
 65.06506507     0.00000027
 65.16516517     0.00000029
 65.26526527     0.00000030
 65.36536537     0.00000032
 65.46546547     0.00000033
 65.56556557     0.00000035
 65.66566567     0.00000036
 65.76576577     0.00000037
 65.86586587     0.00000038
 65.96596597     0.00000038
 66.06606607     0.00000039
 66.16616617     0.00000040
 66.26626627     0.00000040
 66.36636637     0.00000040
 66.46646647     0.00000041
 66.56656657     0.00000041
 66.66666667     0.00000041
 66.76676677     0.00000041
 66.86686687     0.00000041
 66.96696697     0.00000040
 67.06706707     0.00000040
 67.16716717     0.00000040
 67.26726727     0.00000039
 67.36736737     0.00000039
 67.46746747     0.00000038
 67.56756757     0.00000038
 67.66766767     0.00000037
 67.76776777     0.00000036
 67.86786787     0.00000035
 67.96796797     0.00000035
 68.06806807     0.00000034
 68.16816817     0.00000033
 68.26826827     0.00000032
 68.36836837     0.00000031
 68.46846847     0.00000030
 68.56856857     0.00000029
 68.66866867     0.00000028
 68.76876877     0.00000027
 68.86886887     0.00000026
 68.96896897     0.00000025
 69.06906907     0.00000024
 69.16916917     0.00000023
 69.26926927     0.00000022
 69.36936937     0.00000021
 69.46946947     0.00000020
 69.56956957     0.00000019
 69.66966967     0.00000018
 69.76976977     0.00000017
 69.86986987     0.00000016
 69.96996997     0.00000015
 70.07007007     0.00000014
 70.17017017     0.00000013
 70.27027027     0.00000012
 70.37037037     0.00000011
 70.47047047     0.00000010
 70.57057057     0.00000009
 70.67067067     0.00000008
 70.77077077     0.00000008
 70.87087087     0.00000007
 70.97097097     0.00000006
 71.07107107     0.00000005
 71.17117117     0.00000005
 71.27127127     0.00000004
 71.37137137     0.00000003
 71.47147147     0.00000002
 71.57157157     0.00000002
 71.67167167     0.00000001
 71.77177177     0.00000001
 71.87187187     0.00000000
 71.97197197    -0.00000000
 72.07207207    -0.00000001
 72.17217217    -0.00000001
 72.27227227    -0.00000002
 72.37237237    -0.00000002
 72.47247247    -0.00000003
 72.57257257    -0.00000003
 72.67267267    -0.00000003
 72.77277277    -0.00000004
 72.87287287    -0.00000004
 72.97297297    -0.00000004
 73.07307307    -0.00000005
 73.17317317    -0.00000005
 73.27327327    -0.00000005
 73.37337337    -0.00000005
 73.47347347    -0.00000005
 73.57357357    -0.00000005
 73.67367367    -0.00000006
 73.77377377    -0.00000006
 73.87387387    -0.00000006
 73.97397397    -0.00000006
 74.07407407    -0.00000006
 74.17417417    -0.00000006
 74.27427427    -0.00000006
 74.37437437    -0.00000006
 74.47447447    -0.00000006
 74.57457457    -0.00000006
 74.67467467    -0.00000006
 74.77477477    -0.00000006
 74.87487487    -0.00000006
 74.97497497    -0.00000006
 75.07507508    -0.00000006
 75.17517518    -0.00000006
 75.27527528    -0.00000005
 75.37537538    -0.00000005
 75.47547548    -0.00000005
 75.57557558    -0.00000005
 75.67567568    -0.00000005
 75.77577578    -0.00000005
 75.87587588    -0.00000005
 75.97597598    -0.00000005
 76.07607608    -0.00000004
 76.17617618    -0.00000004
 76.27627628    -0.00000004
 76.37637638    -0.00000004
 76.47647648    -0.00000004
 76.57657658    -0.00000004
 76.67667668    -0.00000004
 76.77677678    -0.00000003
 76.87687688    -0.00000003
 76.97697698    -0.00000003
 77.07707708    -0.00000003
 77.17717718    -0.00000003
 77.27727728    -0.00000003
 77.37737738    -0.00000002
 77.47747748    -0.00000002
 77.57757758    -0.00000002
 77.67767768    -0.00000002
 77.77777778    -0.00000002
 77.87787788    -0.00000002
 77.97797798    -0.00000002
 78.07807808    -0.00000001
 78.17817818    -0.00000001
 78.27827828    -0.00000001
 78.37837838    -0.00000001
 78.47847848    -0.00000001
 78.57857858    -0.00000001
 78.67867868    -0.00000001
 78.77877878    -0.00000001
 78.87887888    -0.00000001
 78.97897898    -0.00000000
 79.07907908    -0.00000000
 79.17917918    -0.00000000
 79.27927928    -0.00000000
 79.37937938    -0.00000000
 79.47947948     0.00000000
 79.57957958     0.00000000
 79.67967968     0.00000000
 79.77977978     0.00000000
 79.87987988     0.00000000
 79.97997998     0.00000000
 80.08008008     0.00000000
 80.18018018     0.00000001
 80.28028028     0.00000001
 80.38038038     0.00000001
 80.48048048     0.00000001
 80.58058058     0.00000001
 80.68068068     0.00000001
 80.78078078     0.00000001
 80.88088088     0.00000001
 80.98098098     0.00000001
 81.08108108     0.00000001
 81.18118118     0.00000001
 81.28128128     0.00000001
 81.38138138     0.00000001
 81.48148148     0.00000001
 81.58158158     0.00000001
 81.68168168     0.00000001
 81.78178178     0.00000001
 81.88188188     0.00000001
 81.98198198     0.00000001
 82.08208208     0.00000001
 82.18218218     0.00000001
 82.28228228     0.00000001
 82.38238238     0.00000001
 82.48248248     0.00000001
 82.58258258     0.00000001
 82.68268268     0.00000001
 82.78278278     0.00000001
 82.88288288     0.00000001
 82.98298298     0.00000001
 83.08308308     0.00000001
 83.18318318     0.00000001
 83.28328328     0.00000001
 83.38338338     0.00000001
 83.48348348     0.00000001
 83.58358358     0.00000001
 83.68368368     0.00000001
 83.78378378     0.00000001
 83.88388388     0.00000001
 83.98398398     0.00000001
 84.08408408     0.00000001
 84.18418418     0.00000001
 84.28428428     0.00000000
 84.38438438     0.00000000
 84.48448448     0.00000000
 84.58458458     0.00000000
 84.68468468     0.00000000
 84.78478478     0.00000000
 84.88488488     0.00000000
 84.98498498     0.00000000
 85.08508509     0.00000000
 85.18518519     0.00000000
 85.28528529     0.00000000
 85.38538539     0.00000000
 85.48548549     0.00000000
 85.58558559     0.00000000
 85.68568569     0.00000000
 85.78578579     0.00000000
 85.88588589     0.00000000
 85.98598599     0.00000000
 86.08608609     0.00000000
 86.18618619     0.00000000
 86.28628629     0.00000000
 86.38638639     0.00000000
 86.48648649     0.00000000
 86.58658659     0.00000000
 86.68668669     0.00000000
 86.78678679    -0.00000000
 86.88688689    -0.00000000
 86.98698699    -0.00000000
 87.08708709    -0.00000000
 87.18718719    -0.00000000
 87.28728729    -0.00000000
 87.38738739    -0.00000000
 87.48748749    -0.00000000
 87.58758759    -0.00000000
 87.68768769    -0.00000000
 87.78778779    -0.00000000
 87.88788789    -0.00000000
 87.98798799    -0.00000000
 88.08808809    -0.00000000
 88.18818819    -0.00000000
 88.28828829    -0.00000000
 88.38838839    -0.00000000
 88.48848849    -0.00000000
 88.58858859    -0.00000000
 88.68868869    -0.00000000
 88.78878879    -0.00000000
 88.88888889    -0.00000000
 88.98898899    -0.00000000
 89.08908909    -0.00000000
 89.18918919    -0.00000000
 89.28928929    -0.00000000
 89.38938939    -0.00000000
 89.48948949    -0.00000000
 89.58958959    -0.00000000
 89.68968969    -0.00000000
 89.78978979    -0.00000000
 89.88988989    -0.00000000
 89.98998999    -0.00000000
 90.09009009    -0.00000000
 90.19019019    -0.00000000
 90.29029029    -0.00000000
 90.39039039    -0.00000000
 90.49049049    -0.00000000
 90.59059059    -0.00000000
 90.69069069    -0.00000000
 90.79079079    -0.00000000
 90.89089089    -0.00000000
 90.99099099    -0.00000000
 91.09109109    -0.00000000
 91.19119119    -0.00000000
 91.29129129    -0.00000000
 91.39139139    -0.00000000
 91.49149149    -0.00000000
 91.59159159    -0.00000000
 91.69169169    -0.00000000
 91.79179179    -0.00000000
 91.89189189    -0.00000000
 91.99199199    -0.00000000
 92.09209209    -0.00000000
 92.19219219    -0.00000000
 92.29229229    -0.00000000
 92.39239239    -0.00000000
 92.49249249    -0.00000000
 92.59259259    -0.00000000
 92.69269269    -0.00000000
 92.79279279    -0.00000000
 92.89289289    -0.00000000
 92.99299299    -0.00000000
 93.09309309    -0.00000000
 93.19319319    -0.00000000
 93.29329329    -0.00000000
 93.39339339    -0.00000000
 93.49349349    -0.00000000
 93.59359359    -0.00000000
 93.69369369    -0.00000000
 93.79379379    -0.00000000
 93.89389389     0.00000000
 93.99399399     0.00000000
 94.09409409     0.00000000
 94.19419419     0.00000000
 94.29429429     0.00000000
 94.39439439     0.00000000
 94.49449449     0.00000000
 94.59459459     0.00000000
 94.69469469     0.00000000
 94.79479479     0.00000000
 94.89489489     0.00000000
 94.99499499     0.00000000
 95.09509510     0.00000000
 95.19519520     0.00000000
 95.29529530     0.00000000
 95.39539540     0.00000000
 95.49549550     0.00000000
 95.59559560     0.00000000
 95.69569570     0.00000000
 95.79579580     0.00000000
 95.89589590     0.00000000
 95.99599600     0.00000000
 96.09609610     0.00000000
 96.19619620     0.00000000
 96.29629630     0.00000000
 96.39639640     0.00000000
 96.49649650     0.00000000
 96.59659660     0.00000000
 96.69669670     0.00000000
 96.79679680     0.00000000
 96.89689690     0.00000000
 96.99699700     0.00000000
 97.09709710     0.00000000
 97.19719720     0.00000000
 97.29729730     0.00000000
 97.39739740     0.00000000
 97.49749750     0.00000000
 97.59759760     0.00000000
 97.69769770     0.00000000
 97.79779780     0.00000000
 97.89789790     0.00000000
 97.99799800     0.00000000
 98.09809810     0.00000000
 98.19819820     0.00000000
 98.29829830     0.00000000
 98.39839840     0.00000000
 98.49849850     0.00000000
 98.59859860     0.00000000
 98.69869870     0.00000000
 98.79879880     0.00000000
 98.89889890     0.00000000
 98.99899900     0.00000000
 99.09909910     0.00000000
 99.19919920     0.00000000
 99.29929930     0.00000000
 99.39939940     0.00000000
 99.49949950     0.00000000
 99.59959960     0.00000000
 99.69969970    -0.00000000
 99.79979980    -0.00000000
 99.89989990    -0.00000000
100.00000000     0.00000000
