  0.00000000    -0.41064192
  0.10010010    -0.39664192
  0.20020020    -0.38286141
  0.30030030    -0.36930039
  0.40040040    -0.35595880
  0.50050050    -0.34283652
  0.60060060    -0.32993340
  0.70070070    -0.31724919
  0.80080080    -0.30478363
  0.90090090    -0.29253635
  1.00100100    -0.28050698
  1.10110110    -0.26869505
  1.20120120    -0.25710006
  1.30130130    -0.24572145
  1.40140140    -0.23455860
  1.50150150    -0.22361082
  1.60160160    -0.21287741
  1.70170170    -0.20235757
  1.80180180    -0.19205048
  1.90190190    -0.18195523
  2.00200200    -0.17207091
  2.10210210    -0.16239651
  2.20220220    -0.15293099
  2.30230230    -0.14367325
  2.40240240    -0.13462217
  2.50250250    -0.12577654
  2.60260260    -0.11713512
  2.70270270    -0.10869662
  2.80280280    -0.10045971
  2.90290290    -0.09242301
  3.00300300    -0.08458508
  3.10310310    -0.07694446
  3.20320320    -0.06949962
  3.30330330    -0.06224900
  3.40340340    -0.05519100
  3.50350350    -0.04832398
  3.60360360    -0.04164625
  3.70370370    -0.03515608
  3.80380380    -0.02885172
  3.90390390    -0.02273135
  4.00400400    -0.01679315
  4.10410410    -0.01103523
  4.20420420    -0.00545568
  4.30430430    -0.00005257
  4.40440440     0.00517608
  4.50450450     0.01023229
  4.60460460     0.01511808
  4.70470470     0.01983554
  4.80480480     0.02438674
  4.90490490     0.02877383
  5.00500501     0.03299895
  5.10510511     0.03706427
  5.20520521     0.04097199
  5.30530531     0.04472435
  5.40540541     0.04832357
  5.50550551     0.05177194
  5.60560561     0.05507173
  5.70570571     0.05822524
  5.80580581     0.06123480
  5.90590591     0.06410275
  6.00600601     0.06683143
  6.10610611     0.06942321
  6.20620621     0.07188047
  6.30630631     0.07420560
  6.40640641     0.07640099
  6.50650651     0.07846906
  6.60660661     0.08041223
  6.70670671     0.08223291
  6.80680681     0.08393355
  6.90690691     0.08551656
  7.00700701     0.08698439
  7.10710711     0.08833948
  7.20720721     0.08958426
  7.30730731     0.09072119
  7.40740741     0.09175270
  7.50750751     0.09268122
  7.60760761     0.09350920
  7.70770771     0.09423905
  7.80780781     0.09487322
  7.90790791     0.09541411
  8.00800801     0.09586414
  8.10810811     0.09622571
  8.20820821     0.09650121
  8.30830831     0.09669303
  8.40840841     0.09680354
  8.50850851     0.09683509
  8.60860861     0.09679003
  8.70870871     0.09667070
  8.80880881     0.09647940
  8.90890891     0.09621845
  9.00900901     0.09589011
  9.10910911     0.09549667
  9.20920921     0.09504036
  9.30930931     0.09452341
  9.40940941     0.09394803
  9.50950951     0.09331641
  9.60960961     0.09263070
  9.70970971     0.09189306
  9.80980981     0.09110559
  9.90990991     0.09027040
 10.01001001     0.08938955
 10.11011011     0.08846509
 10.21021021     0.08749903
 10.31031031     0.08649337
 10.41041041     0.08545008
 10.51051051     0.08437109
 10.61061061     0.08325830
 10.71071071     0.08211361
 10.81081081     0.08093886
 10.91091091     0.07973588
 11.01101101     0.07850645
 11.11111111     0.07725234
 11.21121121     0.07597527
 11.31131131     0.07467695
 11.41141141     0.07335904
 11.51151151     0.07202319
 11.61161161     0.07067098
 11.71171171     0.06930400
 11.81181181     0.06792378
 11.91191191     0.06653183
 12.01201201     0.06512961
 12.11211211     0.06371857
 12.21221221     0.06230011
 12.31231231     0.06087560
 12.41241241     0.05944639
 12.51251251     0.05801376
 12.61261261     0.05657900
 12.71271271     0.05514334
 12.81281281     0.05370798
 12.91291291     0.05227408
 13.01301301     0.05084279
 13.11311311     0.04941520
 13.21321321     0.04799237
 13.31331331     0.04657535
 13.41341341     0.04516512
 13.51351351     0.04376266
 13.61361361     0.04236888
 13.71371371     0.04098470
 13.81381381     0.03961098
 13.91391391     0.03824855
 14.01401401     0.03689820
 14.11411411     0.03556071
 14.21421421     0.03423681
 14.31431431     0.03292720
 14.41441441     0.03163255
 14.51451451     0.03035351
 14.61461461     0.02909068
 14.71471471     0.02784464
 14.81481481     0.02661594
 14.91491491     0.02540509
 15.01501502     0.02421259
 15.11511512     0.02303890
 15.21521522     0.02188443
 15.31531532     0.02074961
 15.41541542     0.01963479
 15.51551552     0.01854032
 15.61561562     0.01746653
 15.71571572     0.01641371
 15.81581582     0.01538212
 15.91591592     0.01437200
 16.01601602     0.01338357
 16.11611612     0.01241702
 16.21621622     0.01147251
 16.31631632     0.01055020
 16.41641642     0.00965019
 16.51651652     0.00877258
 16.61661662     0.00791745
 16.71671672     0.00708485
 16.81681682     0.00627481
 16.91691692     0.00548735
 17.01701702     0.00472245
 17.11711712     0.00398008
 17.21721722     0.00326020
 17.31731732     0.00256275
 17.41741742     0.00188763
 17.51751752     0.00123475
 17.61761762     0.00060399
 17.71771772    -0.00000479
 17.81781782    -0.00059173
 17.91791792    -0.00115700
 18.01801802    -0.00170079
 18.11811812    -0.00222327
 18.21821822    -0.00272466
 18.31831832    -0.00320518
 18.41841842    -0.00366507
 18.51851852    -0.00410456
 18.61861862    -0.00452390
 18.71871872    -0.00492338
 18.81881882    -0.00530325
 18.91891892    -0.00566382
 19.01901902    -0.00600536
 19.11911912    -0.00632819
 19.21921922    -0.00663262
 19.31931932    -0.00691896
 19.41941942    -0.00718755
 19.51951952    -0.00743871
 19.61961962    -0.00767279
 19.71971972    -0.00789013
 19.81981982    -0.00809108
 19.91991992    -0.00827599
 20.02002002    -0.00844523
 20.12012012    -0.00859915
 20.22022022    -0.00873812
 20.32032032    -0.00886251
 20.42042042    -0.00897270
 20.52052052    -0.00906905
 20.62062062    -0.00915195
 20.72072072    -0.00922176
 20.82082082    -0.00927887
 20.92092092    -0.00932365
 21.02102102    -0.00935649
 21.12112112    -0.00937775
 21.22122122    -0.00938783
 21.32132132    -0.00938708
 21.42142142    -0.00937590
 21.52152152    -0.00935464
 21.62162162    -0.00932370
 21.72172172    -0.00928342
 21.82182182    -0.00923419
 21.92192192    -0.00917636
 22.02202202    -0.00911030
 22.12212212    -0.00903637
 22.22222222    -0.00895492
 22.32232232    -0.00886629
 22.42242242    -0.00877085
 22.52252252    -0.00866892
 22.62262262    -0.00856085
 22.72272272    -0.00844698
 22.82282282    -0.00832762
 22.92292292    -0.00820310
 23.02302302    -0.00807375
 23.12312312    -0.00793988
 23.22322322    -0.00780178
 23.32332332    -0.00765977
 23.42342342    -0.00751414
 23.52352352    -0.00736518
 23.62362362    -0.00721317
 23.72372372    -0.00705840
 23.82382382    -0.00690113
 23.92392392    -0.00674163
 24.02402402    -0.00658015
 24.12412412    -0.00641696
 24.22422422    -0.00625229
 24.32432432    -0.00608639
 24.42442442    -0.00591949
 24.52452452    -0.00575181
 24.62462462    -0.00558358
 24.72472472    -0.00541501
 24.82482482    -0.00524629
 24.92492492    -0.00507764
 25.02502503    -0.00490924
 25.12512513    -0.00474128
 25.22522523    -0.00457394
 25.32532533    -0.00440739
 25.42542543    -0.00424180
 25.52552553    -0.00407732
 25.62562563    -0.00391411
 25.72572573    -0.00375231
 25.82582583    -0.00359206
 25.92592593    -0.00343350
 26.02602603    -0.00327675
 26.12612613    -0.00312192
 26.22622623    -0.00296915
 26.32632633    -0.00281852
 26.42642643    -0.00267015
 26.52652653    -0.00252412
 26.62662663    -0.00238053
 26.72672673    -0.00223947
 26.82682683    -0.00210100
 26.92692693    -0.00196520
 27.02702703    -0.00183213
 27.12712713    -0.00170187
 27.22722723    -0.00157446
 27.32732733    -0.00144995
 27.42742743    -0.00132839
 27.52752753    -0.00120982
 27.62762763    -0.00109428
 27.72772773    -0.00098179
 27.82782783    -0.00087238
 27.92792793    -0.00076608
 28.02802803    -0.00066289
 28.12812813    -0.00056283
 28.22822823    -0.00046592
 28.32832833    -0.00037215
 28.42842843    -0.00028153
 28.52852853    -0.00019404
 28.62862863    -0.00010969
 28.72872873    -0.00002847
 28.82882883     0.00004964
 28.92892893     0.00012466
 29.02902903     0.00019661
 29.12912913     0.00026550
 29.22922923     0.00033137
 29.32932933     0.00039425
 29.42942943     0.00045416
 29.52952953     0.00051115
 29.62962963     0.00056524
 29.72972973     0.00061648
 29.82982983     0.00066491
 29.92992993     0.00071056
 30.03003003     0.00075349
 30.13013013     0.00079375
 30.23023023     0.00083137
 30.33033033     0.00086641
 30.43043043     0.00089893
 30.53053053     0.00092896
 30.63063063     0.00095658
 30.73073073     0.00098183
 30.83083083     0.00100476
 30.93093093     0.00102545
 31.03103103     0.00104393
 31.13113113     0.00106028
 31.23123123     0.00107455
 31.33133133     0.00108680
 31.43143143     0.00109709
 31.53153153     0.00110548
 31.63163163     0.00111204
 31.73173173     0.00111681
 31.83183183     0.00111987
 31.93193193     0.00112128
 32.03203203     0.00112108
 32.13213213     0.00111936
 32.23223223     0.00111616
 32.33233233     0.00111155
 32.43243243     0.00110558
 32.53253253     0.00109832
 32.63263263     0.00108983
 32.73273273     0.00108016
 32.83283283     0.00106937
 32.93293293     0.00105752
 33.03303303     0.00104466
 33.13313313     0.00103086
 33.23323323     0.00101616
 33.33333333     0.00100062
 33.43343343     0.00098430
 33.53353353     0.00096724
 33.63363363     0.00094950
 33.73373373     0.00093112
 33.83383383     0.00091217
 33.93393393     0.00089268
 34.03403403     0.00087270
 34.13413413     0.00085229
 34.23423423     0.00083147
 34.33433433     0.00081031
 34.43443443     0.00078884
 34.53453453     0.00076710
 34.63463463     0.00074514
 34.73473473     0.00072299
 34.83483483     0.00070069
 34.93493493     0.00067828
 35.03503504     0.00065580
 35.13513514     0.00063327
 35.23523524     0.00061074
 35.33533534     0.00058823
 35.43543544     0.00056577
 35.53553554     0.00054340
 35.63563564     0.00052115
 35.73573574     0.00049903
 35.83583584     0.00047708
 35.93593594     0.00045532
 36.03603604     0.00043377
 36.13613614     0.00041247
 36.23623624     0.00039142
 36.33633634     0.00037064
 36.43643644     0.00035017
 36.53653654     0.00033001
 36.63663664     0.00031018
 36.73673674     0.00029070
 36.83683684     0.00027159
 36.93693694     0.00025284
 37.03703704     0.00023449
 37.13713714     0.00021653
 37.23723724     0.00019898
 37.33733734     0.00018186
 37.43743744     0.00016516
 37.53753754     0.00014889
 37.63763764     0.00013307
 37.73773774     0.00011769
 37.83783784     0.00010277
 37.93793794     0.00008830
 38.03803804     0.00007430
 38.13813814     0.00006075
 38.23823824     0.00004767
 38.33833834     0.00003505
 38.43843844     0.00002290
 38.53853854     0.00001122
 38.63863864    -0.00000001
 38.73873874    -0.00001077
 38.83883884    -0.00002107
 38.93893894    -0.00003091
 39.03903904    -0.00004030
 39.13913914    -0.00004924
 39.23923924    -0.00005774
 39.33933934    -0.00006580
 39.43943944    -0.00007342
 39.53953954    -0.00008061
 39.63963964    -0.00008739
 39.73973974    -0.00009374
 39.83983984    -0.00009969
 39.93993994    -0.00010523
 40.04004004    -0.00011039
 40.14014014    -0.00011515
 40.24024024    -0.00011954
 40.34034034    -0.00012356
 40.44044044    -0.00012722
 40.54054054    -0.00013053
 40.64064064    -0.00013349
 40.74074074    -0.00013613
 40.84084084    -0.00013843
 40.94094094    -0.00014043
 41.04104104    -0.00014212
 41.14114114    -0.00014351
 41.24124124    -0.00014462
 41.34134134    -0.00014545
 41.44144144    -0.00014602
 41.54154154    -0.00014633
 41.64164164    -0.00014640
 41.74174174    -0.00014623
 41.84184184    -0.00014583
 41.94194194    -0.00014522
 42.04204204    -0.00014440
 42.14214214    -0.00014338
 42.24224224    -0.00014218
 42.34234234    -0.00014080
 42.44244244    -0.00013925
 42.54254254    -0.00013754
 42.64264264    -0.00013568
 42.74274274    -0.00013368
 42.84284284    -0.00013154
 42.94294294    -0.00012929
 43.04304304    -0.00012692
 43.14314314    -0.00012444
 43.24324324    -0.00012187
 43.34334334    -0.00011920
 43.44344344    -0.00011646
 43.54354354    -0.00011364
 43.64364364    -0.00011075
 43.74374374    -0.00010780
 43.84384384    -0.00010480
 43.94394394    -0.00010176
 44.04404404    -0.00009868
 44.14414414    -0.00009557
 44.24424424    -0.00009243
 44.34434434    -0.00008927
 44.44444444    -0.00008610
 44.54454454    -0.00008292
 44.64464464    -0.00007974
 44.74474474    -0.00007656
 44.84484484    -0.00007339
 44.94494494    -0.00007023
 45.04504505    -0.00006709
 45.14514515    -0.00006397
 45.24524525    -0.00006088
 45.34534535    -0.00005782
 45.44544545    -0.00005479
 45.54554555    -0.00005180
 45.64564565    -0.00004885
 45.74574575    -0.00004594
 45.84584585    -0.00004308
 45.94594595    -0.00004027
 46.04604605    -0.00003752
 46.14614615    -0.00003481
 46.24624625    -0.00003217
 46.34634635    -0.00002958
 46.44644645    -0.00002706
 46.54654655    -0.00002459
 46.64664665    -0.00002220
 46.74674675    -0.00001986
 46.84684685    -0.00001759
 46.94694695    -0.00001540
 47.04704705    -0.00001326
 47.14714715    -0.00001120
 47.24724725    -0.00000921
 47.34734735    -0.00000729
 47.44744745    -0.00000543
 47.54754755    -0.00000365
 47.64764765    -0.00000194
 47.74774775    -0.00000030
 47.84784785     0.00000127
 47.94794795     0.00000277
 48.04804805     0.00000420
 48.14814815     0.00000556
 48.24824825     0.00000685
 48.34834835     0.00000808
 48.44844845     0.00000924
 48.54854855     0.00001033
 48.64864865     0.00001135
 48.74874875     0.00001231
 48.84884885     0.00001321
 48.94894895     0.00001405
 49.04904905     0.00001482
 49.14914915     0.00001554
 49.24924925     0.00001620
 49.34934935     0.00001680
 49.44944945     0.00001734
 49.54954955     0.00001783
 49.64964965     0.00001827
 49.74974975     0.00001865
 49.84984985     0.00001899
 49.94994995     0.00001928
 50.05005005     0.00001952
 50.15015015     0.00001971
 50.25025025     0.00001987
 50.35035035     0.00001998
 50.45045045     0.00002005
 50.55055055     0.00002008
 50.65065065     0.00002007
 50.75075075     0.00002003
 50.85085085     0.00001995
 50.95095095     0.00001985
 51.05105105     0.00001971
 51.15115115     0.00001954
 51.25125125     0.00001934
 51.35135135     0.00001912
 51.45145145     0.00001887
 51.55155155     0.00001860
 51.65165165     0.00001831
 51.75175175     0.00001800
 51.85185185     0.00001767
 51.95195195     0.00001732
 52.05205205     0.00001695
 52.15215215     0.00001657
 52.25225225     0.00001618
 52.35235235     0.00001578
 52.45245245     0.00001536
 52.55255255     0.00001494
 52.65265265     0.00001450
 52.75275275     0.00001406
 52.85285285     0.00001361
 52.95295295     0.00001316
 53.05305305     0.00001271
 53.15315315     0.00001225
 53.25325325     0.00001178
 53.35335335     0.00001132
 53.45345345     0.00001086
 53.55355355     0.00001039
 53.65365365     0.00000993
 53.75375375     0.00000947
 53.85385385     0.00000902
 53.95395395     0.00000856
 54.05405405     0.00000812
 54.15415415     0.00000767
 54.25425425     0.00000723
 54.35435435     0.00000680
 54.45445445     0.00000638
 54.55455455     0.00000596
 54.65465465     0.00000555
 54.75475475     0.00000514
 54.85485485     0.00000475
 54.95495495     0.00000436
 55.05505506     0.00000399
 55.15515516     0.00000362
 55.25525526     0.00000326
 55.35535536     0.00000291
 55.45545546     0.00000258
 55.55555556     0.00000225
 55.65565566     0.00000193
 55.75575576     0.00000162
 55.85585586     0.00000133
 55.95595596     0.00000104
 56.05605606     0.00000077
 56.15615616     0.00000051
 56.25625626     0.00000025
 56.35635636     0.00000001
 56.45645646    -0.00000022
 56.55655656    -0.00000044
 56.65665666    -0.00000065
 56.75675676    -0.00000085
 56.85685686    -0.00000103
 56.95695696    -0.00000121
 57.05705706    -0.00000138
 57.15715716    -0.00000154
 57.25725726    -0.00000168
 57.35735736    -0.00000182
 57.45745746    -0.00000195
 57.55755756    -0.00000206
 57.65765766    -0.00000217
 57.75775776    -0.00000227
 57.85785786    -0.00000236
 57.95795796    -0.00000244
 58.05805806    -0.00000252
 58.15815816    -0.00000258
 58.25825826    -0.00000264
 58.35835836    -0.00000269
 58.45845846    -0.00000273
 58.55855856    -0.00000277
 58.65865866    -0.00000279
 58.75875876    -0.00000282
 58.85885886    -0.00000283
 58.95895896    -0.00000284
 59.05905906    -0.00000284
 59.15915916    -0.00000284
 59.25925926    -0.00000283
 59.35935936    -0.00000282
 59.45945946    -0.00000280
 59.55955956    -0.00000277
 59.65965966    -0.00000275
 59.75975976    -0.00000271
 59.85985986    -0.00000268
 59.95995996    -0.00000264
 60.06006006    -0.00000260
 60.16016016    -0.00000255
 60.26026026    -0.00000250
 60.36036036    -0.00000245
 60.46046046    -0.00000239
 60.56056056    -0.00000234
 60.66066066    -0.00000228
 60.76076076    -0.00000222
 60.86086086    -0.00000216
 60.96096096    -0.00000209
 61.06106106    -0.00000203
 61.16116116    -0.00000196
 61.26126126    -0.00000190
 61.36136136    -0.00000183
 61.46146146    -0.00000176
 61.56156156    -0.00000169
 61.66166166    -0.00000162
 61.76176176    -0.00000155
 61.86186186    -0.00000149
 61.96196196    -0.00000142
 62.06206206    -0.00000135
 62.16216216    -0.00000128
 62.26226226    -0.00000121
 62.36236236    -0.00000115
 62.46246246    -0.00000108
 62.56256256    -0.00000102
 62.66266266    -0.00000095
 62.76276276    -0.00000089
 62.86286286    -0.00000083
 62.96296296    -0.00000077
 63.06306306    -0.00000071
 63.16316316    -0.00000065
 63.26326326    -0.00000059
 63.36336336    -0.00000054
 63.46346346    -0.00000048
 63.56356356    -0.00000043
 63.66366366    -0.00000038
 63.76376376    -0.00000033
 63.86386386    -0.00000028
 63.96396396    -0.00000024
 64.06406406    -0.00000019
 64.16416416    -0.00000015
 64.26426426    -0.00000011
 64.36436436    -0.00000007
 64.46446446    -0.00000003
 64.56456456     0.00000001
 64.66466466     0.00000004
 64.76476476     0.00000007
 64.86486486     0.00000010
 64.96496496     0.00000013
 65.06506507     0.00000016
 65.16516517     0.00000019
 65.26526527     0.00000021
 65.36536537     0.00000023
 65.46546547     0.00000025
 65.56556557     0.00000027
 65.66566567     0.00000029
 65.76576577     0.00000031
 65.86586587     0.00000032
 65.96596597     0.00000034
 66.06606607     0.00000035
 66.16616617     0.00000036
 66.26626627     0.00000037
 66.36636637     0.00000038
 66.46646647     0.00000039
 66.56656657     0.00000040
 66.66666667     0.00000040
 66.76676677     0.00000040
 66.86686687     0.00000041
 66.96696697     0.00000041
 67.06706707     0.00000041
 67.16716717     0.00000041
 67.26726727     0.00000041
 67.36736737     0.00000041
 67.46746747     0.00000041
 67.56756757     0.00000040
 67.66766767     0.00000040
 67.76776777     0.00000039
 67.86786787     0.00000039
 67.96796797     0.00000038
 68.06806807     0.00000038
 68.16816817     0.00000037
 68.26826827     0.00000036
 68.36836837     0.00000036
 68.46846847     0.00000035
 68.56856857     0.00000034
 68.66866867     0.00000033
 68.76876877     0.00000032
 68.86886887     0.00000031
 68.96896897     0.00000030
 69.06906907     0.00000029
 69.16916917     0.00000028
 69.26926927     0.00000027
 69.36936937     0.00000026
 69.46946947     0.00000025
 69.56956957     0.00000024
 69.66966967     0.00000023
 69.76976977     0.00000022
 69.86986987     0.00000021
 69.96996997     0.00000020
 70.07007007     0.00000019
 70.17017017     0.00000018
 70.27027027     0.00000017
 70.37037037     0.00000016
 70.47047047     0.00000015
 70.57057057     0.00000014
 70.67067067     0.00000013
 70.77077077     0.00000012
 70.87087087     0.00000011
 70.97097097     0.00000010
 71.07107107     0.00000009
 71.17117117     0.00000009
 71.27127127     0.00000008
 71.37137137     0.00000007
 71.47147147     0.00000006
 71.57157157     0.00000005
 71.67167167     0.00000005
 71.77177177     0.00000004
 71.87187187     0.00000003
 71.97197197     0.00000003
 72.07207207     0.00000002
 72.17217217     0.00000001
 72.27227227     0.00000001
 72.37237237     0.00000000
 72.47247247    -0.00000000
 72.57257257    -0.00000001
 72.67267267    -0.00000001
 72.77277277    -0.00000002
 72.87287287    -0.00000002
 72.97297297    -0.00000003
 73.07307307    -0.00000003
 73.17317317    -0.00000003
 73.27327327    -0.00000004
 73.37337337    -0.00000004
 73.47347347    -0.00000004
 73.57357357    -0.00000005
 73.67367367    -0.00000005
 73.77377377    -0.00000005
 73.87387387    -0.00000005
 73.97397397    -0.00000005
 74.07407407    -0.00000005
 74.17417417    -0.00000006
 74.27427427    -0.00000006
 74.37437437    -0.00000006
 74.47447447    -0.00000006
 74.57457457    -0.00000006
 74.67467467    -0.00000006
 74.77477477    -0.00000006
 74.87487487    -0.00000006
 74.97497497    -0.00000006
 75.07507508    -0.00000006
 75.17517518    -0.00000006
 75.27527528    -0.00000006
 75.37537538    -0.00000006
 75.47547548    -0.00000006
 75.57557558    -0.00000006
 75.67567568    -0.00000006
 75.77577578    -0.00000006
 75.87587588    -0.00000005
 75.97597598    -0.00000005
 76.07607608    -0.00000005
 76.17617618    -0.00000005
 76.27627628    -0.00000005
 76.37637638    -0.00000005
 76.47647648    -0.00000005
 76.57657658    -0.00000005
 76.67667668    -0.00000004
 76.77677678    -0.00000004
 76.87687688    -0.00000004
 76.97697698    -0.00000004
 77.07707708    -0.00000004
 77.17717718    -0.00000004
 77.27727728    -0.00000004
 77.37737738    -0.00000003
 77.47747748    -0.00000003
 77.57757758    -0.00000003
 77.67767768    -0.00000003
 77.77777778    -0.00000003
 77.87787788    -0.00000003
 77.97797798    -0.00000002
 78.07807808    -0.00000002
 78.17817818    -0.00000002
 78.27827828    -0.00000002
 78.37837838    -0.00000002
 78.47847848    -0.00000002
 78.57857858    -0.00000002
 78.67867868    -0.00000001
 78.77877878    -0.00000001
 78.87887888    -0.00000001
 78.97897898    -0.00000001
 79.07907908    -0.00000001
 79.17917918    -0.00000001
 79.27927928    -0.00000001
 79.37937938    -0.00000001
 79.47947948    -0.00000000
 79.57957958    -0.00000000
 79.67967968    -0.00000000
 79.77977978    -0.00000000
 79.87987988    -0.00000000
 79.97997998    -0.00000000
 80.08008008     0.00000000
 80.18018018     0.00000000
 80.28028028     0.00000000
 80.38038038     0.00000000
 80.48048048     0.00000000
 80.58058058     0.00000000
 80.68068068     0.00000000
 80.78078078     0.00000001
 80.88088088     0.00000001
 80.98098098     0.00000001
 81.08108108     0.00000001
 81.18118118     0.00000001
 81.28128128     0.00000001
 81.38138138     0.00000001
 81.48148148     0.00000001
 81.58158158     0.00000001
 81.68168168     0.00000001
 81.78178178     0.00000001
 81.88188188     0.00000001
 81.98198198     0.00000001
 82.08208208     0.00000001
 82.18218218     0.00000001
 82.28228228     0.00000001
 82.38238238     0.00000001
 82.48248248     0.00000001
 82.58258258     0.00000001
 82.68268268     0.00000001
 82.78278278     0.00000001
 82.88288288     0.00000001
 82.98298298     0.00000001
 83.08308308     0.00000001
 83.18318318     0.00000001
 83.28328328     0.00000001
 83.38338338     0.00000001
 83.48348348     0.00000001
 83.58358358     0.00000001
 83.68368368     0.00000001
 83.78378378     0.00000001
 83.88388388     0.00000001
 83.98398398     0.00000001
 84.08408408     0.00000001
 84.18418418     0.00000001
 84.28428428     0.00000001
 84.38438438     0.00000001
 84.48448448     0.00000001
 84.58458458     0.00000001
 84.68468468     0.00000001
 84.78478478     0.00000001
 84.88488488     0.00000000
 84.98498498     0.00000000
 85.08508509     0.00000000
 85.18518519     0.00000000
 85.28528529     0.00000000
 85.38538539     0.00000000
 85.48548549     0.00000000
 85.58558559     0.00000000
 85.68568569     0.00000000
 85.78578579     0.00000000
 85.88588589     0.00000000
 85.98598599     0.00000000
 86.08608609     0.00000000
 86.18618619     0.00000000
 86.28628629     0.00000000
 86.38638639     0.00000000
 86.48648649     0.00000000
 86.58658659     0.00000000
 86.68668669     0.00000000
 86.78678679     0.00000000
 86.88688689     0.00000000
 86.98698699     0.00000000
 87.08708709     0.00000000
 87.18718719     0.00000000
 87.28728729     0.00000000
 87.38738739    -0.00000000
 87.48748749    -0.00000000
 87.58758759    -0.00000000
 87.68768769    -0.00000000
 87.78778779    -0.00000000
 87.88788789    -0.00000000
 87.98798799    -0.00000000
 88.08808809    -0.00000000
 88.18818819    -0.00000000
 88.28828829    -0.00000000
 88.38838839    -0.00000000
 88.48848849    -0.00000000
 88.58858859    -0.00000000
 88.68868869    -0.00000000
 88.78878879    -0.00000000
 88.88888889    -0.00000000
 88.98898899    -0.00000000
 89.08908909    -0.00000000
 89.18918919    -0.00000000
 89.28928929    -0.00000000
 89.38938939    -0.00000000
 89.48948949    -0.00000000
 89.58958959    -0.00000000
 89.68968969    -0.00000000
 89.78978979    -0.00000000
 89.88988989    -0.00000000
 89.98998999    -0.00000000
 90.09009009    -0.00000000
 90.19019019    -0.00000000
 90.29029029    -0.00000000
 90.39039039    -0.00000000
 90.49049049    -0.00000000
 90.59059059    -0.00000000
 90.69069069    -0.00000000
 90.79079079    -0.00000000
 90.89089089    -0.00000000
 90.99099099    -0.00000000
 91.09109109    -0.00000000
 91.19119119    -0.00000000
 91.29129129    -0.00000000
 91.39139139    -0.00000000
 91.49149149    -0.00000000
 91.59159159    -0.00000000
 91.69169169    -0.00000000
 91.79179179    -0.00000000
 91.89189189    -0.00000000
 91.99199199    -0.00000000
 92.09209209    -0.00000000
 92.19219219    -0.00000000
 92.29229229    -0.00000000
 92.39239239    -0.00000000
 92.49249249    -0.00000000
 92.59259259    -0.00000000
 92.69269269    -0.00000000
 92.79279279    -0.00000000
 92.89289289    -0.00000000
 92.99299299    -0.00000000
 93.09309309    -0.00000000
 93.19319319    -0.00000000
 93.29329329    -0.00000000
 93.39339339    -0.00000000
 93.49349349    -0.00000000
 93.59359359    -0.00000000
 93.69369369    -0.00000000
 93.79379379    -0.00000000
 93.89389389    -0.00000000
 93.99399399    -0.00000000
 94.09409409    -0.00000000
 94.19419419    -0.00000000
 94.29429429    -0.00000000
 94.39439439    -0.00000000
 94.49449449    -0.00000000
 94.59459459     0.00000000
 94.69469469     0.00000000
 94.79479479     0.00000000
 94.89489489     0.00000000
 94.99499499     0.00000000
 95.09509510     0.00000000
 95.19519520     0.00000000
 95.29529530     0.00000000
 95.39539540     0.00000000
 95.49549550     0.00000000
 95.59559560     0.00000000
 95.69569570     0.00000000
 95.79579580     0.00000000
 95.89589590     0.00000000
 95.99599600     0.00000000
 96.09609610     0.00000000
 96.19619620     0.00000000
 96.29629630     0.00000000
 96.39639640     0.00000000
 96.49649650     0.00000000
 96.59659660     0.00000000
 96.69669670     0.00000000
 96.79679680     0.00000000
 96.89689690     0.00000000
 96.99699700     0.00000000
 97.09709710     0.00000000
 97.19719720     0.00000000
 97.29729730     0.00000000
 97.39739740     0.00000000
 97.49749750     0.00000000
 97.59759760     0.00000000
 97.69769770     0.00000000
 97.79779780     0.00000000
 97.89789790     0.00000000
 97.99799800     0.00000000
 98.09809810     0.00000000
 98.19819820     0.00000000
 98.29829830     0.00000000
 98.39839840     0.00000000
 98.49849850     0.00000000
 98.59859860     0.00000000
 98.69869870     0.00000000
 98.79879880     0.00000000
 98.89889890     0.00000000
 98.99899900     0.00000000
 99.09909910     0.00000000
 99.19919920     0.00000000
 99.29929930     0.00000000
 99.39939940     0.00000000
 99.49949950     0.00000000
 99.59959960     0.00000000
 99.69969970    -0.00000000
 99.79979980    -0.00000000
 99.89989990    -0.00000000
100.00000000     0.00000000
