  0.00000000    -0.41344497
  0.10010010    -0.39944497
  0.20020020    -0.38566294
  0.30030030    -0.37209888
  0.40040040    -0.35875273
  0.50050050    -0.34562438
  0.60060060    -0.33271367
  0.70070070    -0.32002037
  0.80080080    -0.30754421
  0.90090090    -0.29528484
  1.00100100    -0.28324189
  1.10110110    -0.27141490
  1.20120120    -0.25980339
  1.30130130    -0.24840680
  1.40140140    -0.23722452
  1.50150150    -0.22625590
  1.60160160    -0.21550022
  1.70170170    -0.20495672
  1.80180180    -0.19462459
  1.90190190    -0.18450294
  2.00200200    -0.17459087
  2.10210210    -0.16488740
  2.20220220    -0.15539151
  2.30230230    -0.14610213
  2.40240240    -0.13701815
  2.50250250    -0.12813838
  2.60260260    -0.11946162
  2.70270270    -0.11098660
  2.80280280    -0.10271201
  2.90290290    -0.09463651
  3.00300300    -0.08675868
  3.10310310    -0.07907708
  3.20320320    -0.07159023
  3.30330330    -0.06429660
  3.40340340    -0.05719461
  3.50350350    -0.05028265
  3.60360360    -0.04355907
  3.70370370    -0.03702217
  3.80380380    -0.03067023
  3.90390390    -0.02450148
  4.00400400    -0.01851412
  4.10410410    -0.01270630
  4.20420420    -0.00707615
  4.30430430    -0.00162177
  4.40440440     0.00365879
  4.50450450     0.00876749
  4.60460460     0.01370634
  4.70470470     0.01847737
  4.80480480     0.02308263
  4.90490490     0.02752421
  5.00500501     0.03180422
  5.10510511     0.03592481
  5.20520521     0.03988813
  5.30530531     0.04369636
  5.40540541     0.04735172
  5.50550551     0.05085643
  5.60560561     0.05421273
  5.70570571     0.05742289
  5.80580581     0.06048919
  5.90590591     0.06341393
  6.00600601     0.06619942
  6.10610611     0.06884799
  6.20620621     0.07136198
  6.30630631     0.07374375
  6.40640641     0.07599564
  6.50650651     0.07812004
  6.60660661     0.08011933
  6.70670671     0.08199589
  6.80680681     0.08375211
  6.90690691     0.08539040
  7.00700701     0.08691315
  7.10710711     0.08832277
  7.20720721     0.08962167
  7.30730731     0.09081225
  7.40740741     0.09189693
  7.50750751     0.09287810
  7.60760761     0.09375817
  7.70770771     0.09453953
  7.80780781     0.09522459
  7.90790791     0.09581572
  8.00800801     0.09631532
  8.10810811     0.09672576
  8.20820821     0.09704939
  8.30830831     0.09728858
  8.40840841     0.09744567
  8.50850851     0.09752300
  8.60860861     0.09752288
  8.70870871     0.09744762
  8.80880881     0.09729952
  8.90890891     0.09708086
  9.00900901     0.09679389
  9.10910911     0.09644086
  9.20920921     0.09602400
  9.30930931     0.09554551
  9.40940941     0.09500759
  9.50950951     0.09441240
  9.60960961     0.09376210
  9.70970971     0.09305880
  9.80980981     0.09230462
  9.90990991     0.09150163
 10.01001001     0.09065190
 10.11011011     0.08975745
 10.21021021     0.08882029
 10.31031031     0.08784241
 10.41041041     0.08682577
 10.51051051     0.08577229
 10.61061061     0.08468388
 10.71071071     0.08356241
 10.81081081     0.08240973
 10.91091091     0.08122766
 11.01101101     0.08001798
 11.11111111     0.07878246
 11.21121121     0.07752283
 11.31131131     0.07624078
 11.41141141     0.07493798
 11.51151151     0.07361608
 11.61161161     0.07227668
 11.71171171     0.07092134
 11.81181181     0.06955162
 11.91191191     0.06816903
 12.01201201     0.06677504
 12.11211211     0.06537111
 12.21221221     0.06395863
 12.31231231     0.06253900
 12.41241241     0.06111355
 12.51251251     0.05968362
 12.61261261     0.05825046
 12.71271271     0.05681534
 12.81281281     0.05537947
 12.91291291     0.05394403
 13.01301301     0.05251016
 13.11311311     0.05107899
 13.21321321     0.04965158
 13.31331331     0.04822900
 13.41341341     0.04681225
 13.51351351     0.04540233
 13.61361361     0.04400016
 13.71371371     0.04260668
 13.81381381     0.04122277
 13.91391391     0.03984928
 14.01401401     0.03848703
 14.11411411     0.03713680
 14.21421421     0.03579935
 14.31431431     0.03447541
 14.41441441     0.03316566
 14.51451451     0.03187078
 14.61461461     0.03059138
 14.71471471     0.02932808
 14.81481481     0.02808144
 14.91491491     0.02685200
 15.01501502     0.02564028
 15.11511512     0.02444675
 15.21521522     0.02327188
 15.31531532     0.02211608
 15.41541542     0.02097976
 15.51551552     0.01986329
 15.61561562     0.01876700
 15.71571572     0.01769122
 15.81581582     0.01663623
 15.91591592     0.01560231
 16.01601602     0.01458968
 16.11611612     0.01359857
 16.21621622     0.01262917
 16.31631632     0.01168165
 16.41641642     0.01075614
 16.51651652     0.00985276
 16.61661662     0.00897163
 16.71671672     0.00811280
 16.81681682     0.00727635
 16.91691692     0.00646229
 17.01701702     0.00567066
 17.11711712     0.00490143
 17.21721722     0.00415459
 17.31731732     0.00343010
 17.41741742     0.00272789
 17.51751752     0.00204788
 17.61761762     0.00138998
 17.71771772     0.00075407
 17.81781782     0.00014003
 17.91791792    -0.00045229
 18.01801802    -0.00102305
 18.11811812    -0.00157242
 18.21821822    -0.00210058
 18.31831832    -0.00260775
 18.41841842    -0.00309412
 18.51851852    -0.00355994
 18.61861862    -0.00400542
 18.71871872    -0.00443083
 18.81881882    -0.00483642
 18.91891892    -0.00522247
 19.01901902    -0.00558924
 19.11911912    -0.00593702
 19.21921922    -0.00626613
 19.31931932    -0.00657685
 19.41941942    -0.00686950
 19.51951952    -0.00714440
 19.61961962    -0.00740188
 19.71971972    -0.00764226
 19.81981982    -0.00786590
 19.91991992    -0.00807312
 20.02002002    -0.00826428
 20.12012012    -0.00843973
 20.22022022    -0.00859983
 20.32032032    -0.00874493
 20.42042042    -0.00887540
 20.52052052    -0.00899161
 20.62062062    -0.00909391
 20.72072072    -0.00918269
 20.82082082    -0.00925832
 20.92092092    -0.00932115
 21.02102102    -0.00937157
 21.12112112    -0.00940996
 21.22122122    -0.00943667
 21.32132132    -0.00945209
 21.42142142    -0.00945659
 21.52152152    -0.00945053
 21.62162162    -0.00943429
 21.72172172    -0.00940824
 21.82182182    -0.00937273
 21.92192192    -0.00932814
 22.02202202    -0.00927483
 22.12212212    -0.00921314
 22.22222222    -0.00914345
 22.32232232    -0.00906609
 22.42242242    -0.00898142
 22.52252252    -0.00888978
 22.62262262    -0.00879151
 22.72272272    -0.00868695
 22.82282282    -0.00857642
 22.92292292    -0.00846026
 23.02302302    -0.00833879
 23.12312312    -0.00821233
 23.22322322    -0.00808118
 23.32332332    -0.00794565
 23.42342342    -0.00780605
 23.52352352    -0.00766266
 23.62362362    -0.00751579
 23.72372372    -0.00736571
 23.82382382    -0.00721270
 23.92392392    -0.00705703
 24.02402402    -0.00689898
 24.12412412    -0.00673879
 24.22422422    -0.00657672
 24.32432432    -0.00641302
 24.42442442    -0.00624794
 24.52452452    -0.00608169
 24.62462462    -0.00591452
 24.72472472    -0.00574664
 24.82482482    -0.00557827
 24.92492492    -0.00540961
 25.02502503    -0.00524086
 25.12512513    -0.00507223
 25.22522523    -0.00490390
 25.32532533    -0.00473604
 25.42542543    -0.00456884
 25.52552553    -0.00440247
 25.62562563    -0.00423708
 25.72572573    -0.00407282
 25.82582583    -0.00390986
 25.92592593    -0.00374833
 26.02602603    -0.00358836
 26.12612613    -0.00343009
 26.22622623    -0.00327364
 26.32632633    -0.00311913
 26.42642643    -0.00296667
 26.52652653    -0.00281636
 26.62662663    -0.00266830
 26.72672673    -0.00252258
 26.82682683    -0.00237930
 26.92692693    -0.00223853
 27.02702703    -0.00210035
 27.12712713    -0.00196483
 27.22722723    -0.00183204
 27.32732733    -0.00170202
 27.42742743    -0.00157485
 27.52752753    -0.00145057
 27.62762763    -0.00132922
 27.72772773    -0.00121084
 27.82782783    -0.00109546
 27.92792793    -0.00098312
 28.02802803    -0.00087384
 28.12812813    -0.00076765
 28.22822823    -0.00066455
 28.32832833    -0.00056456
 28.42842843    -0.00046770
 28.52852853    -0.00037395
 28.62862863    -0.00028333
 28.72872873    -0.00019583
 28.82882883    -0.00011144
 28.92892893    -0.00003016
 29.02902903     0.00004804
 29.12912913     0.00012316
 29.22922923     0.00019523
 29.32932933     0.00026426
 29.42942943     0.00033030
 29.52952953     0.00039336
 29.62962963     0.00045347
 29.72972973     0.00051067
 29.82982983     0.00056500
 29.92992993     0.00061649
 30.03003003     0.00066518
 30.13013013     0.00071112
 30.23023023     0.00075434
 30.33033033     0.00079491
 30.43043043     0.00083285
 30.53053053     0.00086822
 30.63063063     0.00090108
 30.73073073     0.00093147
 30.83083083     0.00095945
 30.93093093     0.00098506
 31.03103103     0.00100838
 31.13113113     0.00102944
 31.23123123     0.00104831
 31.33133133     0.00106505
 31.43143143     0.00107972
 31.53153153     0.00109236
 31.63163163     0.00110305
 31.73173173     0.00111184
 31.83183183     0.00111879
 31.93193193     0.00112396
 32.03203203     0.00112742
 32.13213213     0.00112921
 32.23223223     0.00112941
 32.33233233     0.00112807
 32.43243243     0.00112525
 32.53253253     0.00112101
 32.63263263     0.00111541
 32.73273273     0.00110850
 32.83283283     0.00110036
 32.93293293     0.00109103
 33.03303303     0.00108057
 33.13313313     0.00106904
 33.23323323     0.00105649
 33.33333333     0.00104299
 33.43343343     0.00102858
 33.53353353     0.00101331
 33.63363363     0.00099725
 33.73373373     0.00098044
 33.83383383     0.00096294
 33.93393393     0.00094479
 34.03403403     0.00092604
 34.13413413     0.00090674
 34.23423423     0.00088694
 34.33433433     0.00086669
 34.43443443     0.00084603
 34.53453453     0.00082500
 34.63463463     0.00080365
 34.73473473     0.00078202
 34.83483483     0.00076014
 34.93493493     0.00073806
 35.03503504     0.00071582
 35.13513514     0.00069345
 35.23523524     0.00067099
 35.33533534     0.00064848
 35.43543544     0.00062594
 35.53553554     0.00060341
 35.63563564     0.00058092
 35.73573574     0.00055850
 35.83583584     0.00053618
 35.93593594     0.00051399
 36.03603604     0.00049194
 36.13613614     0.00047008
 36.23623624     0.00044841
 36.33633634     0.00042697
 36.43643644     0.00040577
 36.53653654     0.00038484
 36.63663664     0.00036420
 36.73673674     0.00034386
 36.83683684     0.00032383
 36.93693694     0.00030415
 37.03703704     0.00028481
 37.13713714     0.00026584
 37.23723724     0.00024725
 37.33733734     0.00022905
 37.43743744     0.00021125
 37.53753754     0.00019386
 37.63763764     0.00017688
 37.73773774     0.00016034
 37.83783784     0.00014423
 37.93793794     0.00012856
 38.03803804     0.00011334
 38.13813814     0.00009857
 38.23823824     0.00008425
 38.33833834     0.00007039
 38.43843844     0.00005699
 38.53853854     0.00004405
 38.63863864     0.00003157
 38.73873874     0.00001956
 38.83883884     0.00000800
 38.93893894    -0.00000309
 39.03903904    -0.00001372
 39.13913914    -0.00002390
 39.23923924    -0.00003363
 39.33933934    -0.00004291
 39.43943944    -0.00005174
 39.53953954    -0.00006013
 39.63963964    -0.00006809
 39.73973974    -0.00007561
 39.83983984    -0.00008272
 39.93993994    -0.00008940
 40.04004004    -0.00009567
 40.14014014    -0.00010154
 40.24024024    -0.00010701
 40.34034034    -0.00011209
 40.44044044    -0.00011679
 40.54054054    -0.00012112
 40.64064064    -0.00012508
 40.74074074    -0.00012868
 40.84084084    -0.00013194
 40.94094094    -0.00013486
 41.04104104    -0.00013744
 41.14114114    -0.00013971
 41.24124124    -0.00014167
 41.34134134    -0.00014332
 41.44144144    -0.00014469
 41.54154154    -0.00014577
 41.64164164    -0.00014657
 41.74174174    -0.00014712
 41.84184184    -0.00014741
 41.94194194    -0.00014746
 42.04204204    -0.00014728
 42.14214214    -0.00014687
 42.24224224    -0.00014624
 42.34234234    -0.00014541
 42.44244244    -0.00014439
 42.54254254    -0.00014318
 42.64264264    -0.00014179
 42.74274274    -0.00014024
 42.84284284    -0.00013853
 42.94294294    -0.00013667
 43.04304304    -0.00013467
 43.14314314    -0.00013254
 43.24324324    -0.00013028
 43.34334334    -0.00012791
 43.44344344    -0.00012544
 43.54354354    -0.00012287
 43.64364364    -0.00012021
 43.74374374    -0.00011746
 43.84384384    -0.00011465
 43.94394394    -0.00011176
 44.04404404    -0.00010882
 44.14414414    -0.00010583
 44.24424424    -0.00010279
 44.34434434    -0.00009971
 44.44444444    -0.00009660
 44.54454454    -0.00009346
 44.64464464    -0.00009030
 44.74474474    -0.00008713
 44.84484484    -0.00008395
 44.94494494    -0.00008077
 45.04504505    -0.00007759
 45.14514515    -0.00007442
 45.24524525    -0.00007126
 45.34534535    -0.00006811
 45.44544545    -0.00006499
 45.54554555    -0.00006189
 45.64564565    -0.00005882
 45.74574575    -0.00005579
 45.84584585    -0.00005279
 45.94594595    -0.00004983
 46.04604605    -0.00004691
 46.14614615    -0.00004404
 46.24624625    -0.00004122
 46.34634635    -0.00003845
 46.44644645    -0.00003573
 46.54654655    -0.00003307
 46.64664665    -0.00003047
 46.74674675    -0.00002793
 46.84684685    -0.00002545
 46.94694695    -0.00002303
 47.04704705    -0.00002068
 47.14714715    -0.00001839
 47.24724725    -0.00001617
 47.34734735    -0.00001402
 47.44744745    -0.00001193
 47.54754755    -0.00000992
 47.64764765    -0.00000797
 47.74774775    -0.00000609
 47.84784785    -0.00000429
 47.94794795    -0.00000255
 48.04804805    -0.00000089
 48.14814815     0.00000071
 48.24824825     0.00000224
 48.34834835     0.00000369
 48.44844845     0.00000508
 48.54854855     0.00000640
 48.64864865     0.00000765
 48.74874875     0.00000884
 48.84884885     0.00000995
 48.94894895     0.00001101
 49.04904905     0.00001200
 49.14914915     0.00001292
 49.24924925     0.00001379
 49.34934935     0.00001459
 49.44944945     0.00001533
 49.54954955     0.00001602
 49.64964965     0.00001664
 49.74974975     0.00001721
 49.84984985     0.00001773
 49.94994995     0.00001819
 50.05005005     0.00001860
 50.15015015     0.00001896
 50.25025025     0.00001928
 50.35035035     0.00001954
 50.45045045     0.00001976
 50.55055055     0.00001994
 50.65065065     0.00002007
 50.75075075     0.00002016
 50.85085085     0.00002021
 50.95095095     0.00002023
 51.05105105     0.00002020
 51.15115115     0.00002015
 51.25125125     0.00002006
 51.35135135     0.00001994
 51.45145145     0.00001979
 51.55155155     0.00001961
 51.65165165     0.00001940
 51.75175175     0.00001917
 51.85185185     0.00001891
 51.95195195     0.00001863
 52.05205205     0.00001833
 52.15215215     0.00001801
 52.25225225     0.00001768
 52.35235235     0.00001732
 52.45245245     0.00001695
 52.55255255     0.00001657
 52.65265265     0.00001617
 52.75275275     0.00001576
 52.85285285     0.00001534
 52.95295295     0.00001492
 53.05305305     0.00001448
 53.15315315     0.00001404
 53.25325325     0.00001359
 53.35335335     0.00001313
 53.45345345     0.00001268
 53.55355355     0.00001222
 53.65365365     0.00001175
 53.75375375     0.00001129
 53.85385385     0.00001083
 53.95395395     0.00001036
 54.05405405     0.00000990
 54.15415415     0.00000944
 54.25425425     0.00000899
 54.35435435     0.00000854
 54.45445445     0.00000809
 54.55455455     0.00000765
 54.65465465     0.00000721
 54.75475475     0.00000678
 54.85485485     0.00000635
 54.95495495     0.00000594
 55.05505506     0.00000553
 55.15515516     0.00000512
 55.25525526     0.00000473
 55.35535536     0.00000435
 55.45545546     0.00000397
 55.55555556     0.00000360
 55.65565566     0.00000325
 55.75575576     0.00000290
 55.85585586     0.00000256
 55.95595596     0.00000224
 56.05605606     0.00000192
 56.15615616     0.00000161
 56.25625626     0.00000132
 56.35635636     0.00000103
 56.45645646     0.00000076
 56.55655656     0.00000050
 56.65665666     0.00000025
 56.75675676     0.00000000
 56.85685686    -0.00000023
 56.95695696    -0.00000045
 57.05705706    -0.00000065
 57.15715716    -0.00000085
 57.25725726    -0.00000104
 57.35735736    -0.00000122
 57.45745746    -0.00000139
 57.55755756    -0.00000154
 57.65765766    -0.00000169
 57.75775776    -0.00000183
 57.85785786    -0.00000196
 57.95795796    -0.00000207
 58.05805806    -0.00000218
 58.15815816    -0.00000228
 58.25825826    -0.00000237
 58.35835836    -0.00000246
 58.45845846    -0.00000253
 58.55855856    -0.00000260
 58.65865866    -0.00000265
 58.75875876    -0.00000270
 58.85885886    -0.00000275
 58.95895896    -0.00000278
 59.05905906    -0.00000281
 59.15915916    -0.00000283
 59.25925926    -0.00000285
 59.35935936    -0.00000286
 59.45945946    -0.00000286
 59.55955956    -0.00000286
 59.65965966    -0.00000285
 59.75975976    -0.00000284
 59.85985986    -0.00000282
 59.95995996    -0.00000280
 60.06006006    -0.00000277
 60.16016016    -0.00000274
 60.26026026    -0.00000271
 60.36036036    -0.00000267
 60.46046046    -0.00000262
 60.56056056    -0.00000258
 60.66066066    -0.00000253
 60.76076076    -0.00000248
 60.86086086    -0.00000243
 60.96096096    -0.00000237
 61.06106106    -0.00000231
 61.16116116    -0.00000225
 61.26126126    -0.00000219
 61.36136136    -0.00000213
 61.46146146    -0.00000206
 61.56156156    -0.00000200
 61.66166166    -0.00000193
 61.76176176    -0.00000186
 61.86186186    -0.00000180
 61.96196196    -0.00000173
 62.06206206    -0.00000166
 62.16216216    -0.00000159
 62.26226226    -0.00000152
 62.36236236    -0.00000145
 62.46246246    -0.00000138
 62.56256256    -0.00000132
 62.66266266    -0.00000125
 62.76276276    -0.00000118
 62.86286286    -0.00000111
 62.96296296    -0.00000105
 63.06306306    -0.00000098
 63.16316316    -0.00000092
 63.26326326    -0.00000086
 63.36336336    -0.00000080
 63.46346346    -0.00000074
 63.56356356    -0.00000068
 63.66366366    -0.00000062
 63.76376376    -0.00000056
 63.86386386    -0.00000051
 63.96396396    -0.00000046
 64.06406406    -0.00000041
 64.16416416    -0.00000036
 64.26426426    -0.00000031
 64.36436436    -0.00000026
 64.46446446    -0.00000021
 64.56456456    -0.00000017
 64.66466466    -0.00000013
 64.76476476    -0.00000009
 64.86486486    -0.00000005
 64.96496496    -0.00000001
 65.06506507     0.00000002
 65.16516517     0.00000006
 65.26526527     0.00000009
 65.36536537     0.00000012
 65.46546547     0.00000015
 65.56556557     0.00000017
 65.66566567     0.00000020
 65.76576577     0.00000022
 65.86586587     0.00000024
 65.96596597     0.00000026
 66.06606607     0.00000028
 66.16616617     0.00000030
 66.26626627     0.00000032
 66.36636637     0.00000033
 66.46646647     0.00000035
 66.56656657     0.00000036
 66.66666667     0.00000037
 66.76676677     0.00000038
 66.86686687     0.00000039
 66.96696697     0.00000039
 67.06706707     0.00000040
 67.16716717     0.00000040
 67.26726727     0.00000041
 67.36736737     0.00000041
 67.46746747     0.00000041
 67.56756757     0.00000041
 67.66766767     0.00000041
 67.76776777     0.00000041
 67.86786787     0.00000041
 67.96796797     0.00000041
 68.06806807     0.00000041
 68.16816817     0.00000040
 68.26826827     0.00000040
 68.36836837     0.00000039
 68.46846847     0.00000039
 68.56856857     0.00000038
 68.66866867     0.00000037
 68.76876877     0.00000036
 68.86886887     0.00000036
 68.96896897     0.00000035
 69.06906907     0.00000034
 69.16916917     0.00000033
 69.26926927     0.00000032
 69.36936937     0.00000031
 69.46946947     0.00000030
 69.56956957     0.00000029
 69.66966967     0.00000028
 69.76976977     0.00000027
 69.86986987     0.00000026
 69.96996997     0.00000025
 70.07007007     0.00000024
 70.17017017     0.00000023
 70.27027027     0.00000022
 70.37037037     0.00000021
 70.47047047     0.00000020
 70.57057057     0.00000019
 70.67067067     0.00000018
 70.77077077     0.00000017
 70.87087087     0.00000016
 70.97097097     0.00000015
 71.07107107     0.00000014
 71.17117117     0.00000013
 71.27127127     0.00000012
 71.37137137     0.00000011
 71.47147147     0.00000010
 71.57157157     0.00000010
 71.67167167     0.00000009
 71.77177177     0.00000008
 71.87187187     0.00000007
 71.97197197     0.00000006
 72.07207207     0.00000005
 72.17217217     0.00000005
 72.27227227     0.00000004
 72.37237237     0.00000003
 72.47247247     0.00000003
 72.57257257     0.00000002
 72.67267267     0.00000001
 72.77277277     0.00000001
 72.87287287     0.00000000
 72.97297297    -0.00000000
 73.07307307    -0.00000001
 73.17317317    -0.00000001
 73.27327327    -0.00000002
 73.37337337    -0.00000002
 73.47347347    -0.00000003
 73.57357357    -0.00000003
 73.67367367    -0.00000003
 73.77377377    -0.00000004
 73.87387387    -0.00000004
 73.97397397    -0.00000004
 74.07407407    -0.00000005
 74.17417417    -0.00000005
 74.27427427    -0.00000005
 74.37437437    -0.00000005
 74.47447447    -0.00000005
 74.57457457    -0.00000005
 74.67467467    -0.00000006
 74.77477477    -0.00000006
 74.87487487    -0.00000006
 74.97497497    -0.00000006
 75.07507508    -0.00000006
 75.17517518    -0.00000006
 75.27527528    -0.00000006
 75.37537538    -0.00000006
 75.47547548    -0.00000006
 75.57557558    -0.00000006
 75.67567568    -0.00000006
 75.77577578    -0.00000006
 75.87587588    -0.00000006
 75.97597598    -0.00000006
 76.07607608    -0.00000006
 76.17617618    -0.00000006
 76.27627628    -0.00000006
 76.37637638    -0.00000006
 76.47647648    -0.00000005
 76.57657658    -0.00000005
 76.67667668    -0.00000005
 76.77677678    -0.00000005
 76.87687688    -0.00000005
 76.97697698    -0.00000005
 77.07707708    -0.00000005
 77.17717718    -0.00000005
 77.27727728    -0.00000004
 77.37737738    -0.00000004
 77.47747748    -0.00000004
 77.57757758    -0.00000004
 77.67767768    -0.00000004
 77.77777778    -0.00000004
 77.87787788    -0.00000003
 77.97797798    -0.00000003
 78.07807808    -0.00000003
 78.17817818    -0.00000003
 78.27827828    -0.00000003
 78.37837838    -0.00000003
 78.47847848    -0.00000003
 78.57857858    -0.00000002
 78.67867868    -0.00000002
 78.77877878    -0.00000002
 78.87887888    -0.00000002
 78.97897898    -0.00000002
 79.07907908    -0.00000002
 79.17917918    -0.00000002
 79.27927928    -0.00000001
 79.37937938    -0.00000001
 79.47947948    -0.00000001
 79.57957958    -0.00000001
 79.67967968    -0.00000001
 79.77977978    -0.00000001
 79.87987988    -0.00000001
 79.97997998    -0.00000001
 80.08008008    -0.00000000
 80.18018018    -0.00000000
 80.28028028    -0.00000000
 80.38038038    -0.00000000
 80.48048048    -0.00000000
 80.58058058     0.00000000
 80.68068068     0.00000000
 80.78078078     0.00000000
 80.88088088     0.00000000
 80.98098098     0.00000000
 81.08108108     0.00000000
 81.18118118     0.00000000
 81.28128128     0.00000000
 81.38138138     0.00000001
 81.48148148     0.00000001
 81.58158158     0.00000001
 81.68168168     0.00000001
 81.78178178     0.00000001
 81.88188188     0.00000001
 81.98198198     0.00000001
 82.08208208     0.00000001
 82.18218218     0.00000001
 82.28228228     0.00000001
 82.38238238     0.00000001
 82.48248248     0.00000001
 82.58258258     0.00000001
 82.68268268     0.00000001
 82.78278278     0.00000001
 82.88288288     0.00000001
 82.98298298     0.00000001
 83.08308308     0.00000001
 83.18318318     0.00000001
 83.28328328     0.00000001
 83.38338338     0.00000001
 83.48348348     0.00000001
 83.58358358     0.00000001
 83.68368368     0.00000001
 83.78378378     0.00000001
 83.88388388     0.00000001
 83.98398398     0.00000001
 84.08408408     0.00000001
 84.18418418     0.00000001
 84.28428428     0.00000001
 84.38438438     0.00000001
 84.48448448     0.00000001
 84.58458458     0.00000001
 84.68468468     0.00000001
 84.78478478     0.00000001
 84.88488488     0.00000001
 84.98498498     0.00000001
 85.08508509     0.00000001
 85.18518519     0.00000001
 85.28528529     0.00000001
 85.38538539     0.00000001
 85.48548549     0.00000000
 85.58558559     0.00000000
 85.68568569     0.00000000
 85.78578579     0.00000000
 85.88588589     0.00000000
 85.98598599     0.00000000
 86.08608609     0.00000000
 86.18618619     0.00000000
 86.28628629     0.00000000
 86.38638639     0.00000000
 86.48648649     0.00000000
 86.58658659     0.00000000
 86.68668669     0.00000000
 86.78678679     0.00000000
 86.88688689     0.00000000
 86.98698699     0.00000000
 87.08708709     0.00000000
 87.18718719     0.00000000
 87.28728729     0.00000000
 87.38738739     0.00000000
 87.48748749     0.00000000
 87.58758759     0.00000000
 87.68768769     0.00000000
 87.78778779     0.00000000
 87.88788789     0.00000000
 87.98798799    -0.00000000
 88.08808809    -0.00000000
 88.18818819    -0.00000000
 88.28828829    -0.00000000
 88.38838839    -0.00000000
 88.48848849    -0.00000000
 88.58858859    -0.00000000
 88.68868869    -0.00000000
 88.78878879    -0.00000000
 88.88888889    -0.00000000
 88.98898899    -0.00000000
 89.08908909    -0.00000000
 89.18918919    -0.00000000
 89.28928929    -0.00000000
 89.38938939    -0.00000000
 89.48948949    -0.00000000
 89.58958959    -0.00000000
 89.68968969    -0.00000000
 89.78978979    -0.00000000
 89.88988989    -0.00000000
 89.98998999    -0.00000000
 90.09009009    -0.00000000
 90.19019019    -0.00000000
 90.29029029    -0.00000000
 90.39039039    -0.00000000
 90.49049049    -0.00000000
 90.59059059    -0.00000000
 90.69069069    -0.00000000
 90.79079079    -0.00000000
 90.89089089    -0.00000000
 90.99099099    -0.00000000
 91.09109109    -0.00000000
 91.19119119    -0.00000000
 91.29129129    -0.00000000
 91.39139139    -0.00000000
 91.49149149    -0.00000000
 91.59159159    -0.00000000
 91.69169169    -0.00000000
 91.79179179    -0.00000000
 91.89189189    -0.00000000
 91.99199199    -0.00000000
 92.09209209    -0.00000000
 92.19219219    -0.00000000
 92.29229229    -0.00000000
 92.39239239    -0.00000000
 92.49249249    -0.00000000
 92.59259259    -0.00000000
 92.69269269    -0.00000000
 92.79279279    -0.00000000
 92.89289289    -0.00000000
 92.99299299    -0.00000000
 93.09309309    -0.00000000
 93.19319319    -0.00000000
 93.29329329    -0.00000000
 93.39339339    -0.00000000
 93.49349349    -0.00000000
 93.59359359    -0.00000000
 93.69369369    -0.00000000
 93.79379379    -0.00000000
 93.89389389    -0.00000000
 93.99399399    -0.00000000
 94.09409409    -0.00000000
 94.19419419    -0.00000000
 94.29429429    -0.00000000
 94.39439439    -0.00000000
 94.49449449    -0.00000000
 94.59459459    -0.00000000
 94.69469469    -0.00000000
 94.79479479    -0.00000000
 94.89489489    -0.00000000
 94.99499499    -0.00000000
 95.09509510    -0.00000000
 95.19519520    -0.00000000
 95.29529530    -0.00000000
 95.39539540    -0.00000000
 95.49549550     0.00000000
 95.59559560     0.00000000
 95.69569570     0.00000000
 95.79579580     0.00000000
 95.89589590     0.00000000
 95.99599600     0.00000000
 96.09609610     0.00000000
 96.19619620     0.00000000
 96.29629630     0.00000000
 96.39639640     0.00000000
 96.49649650     0.00000000
 96.59659660     0.00000000
 96.69669670     0.00000000
 96.79679680     0.00000000
 96.89689690     0.00000000
 96.99699700     0.00000000
 97.09709710     0.00000000
 97.19719720     0.00000000
 97.29729730     0.00000000
 97.39739740     0.00000000
 97.49749750     0.00000000
 97.59759760     0.00000000
 97.69769770     0.00000000
 97.79779780     0.00000000
 97.89789790     0.00000000
 97.99799800     0.00000000
 98.09809810     0.00000000
 98.19819820     0.00000000
 98.29829830     0.00000000
 98.39839840     0.00000000
 98.49849850     0.00000000
 98.59859860     0.00000000
 98.69869870     0.00000000
 98.79879880     0.00000000
 98.89889890     0.00000000
 98.99899900     0.00000000
 99.09909910     0.00000000
 99.19919920     0.00000000
 99.29929930     0.00000000
 99.39939940     0.00000000
 99.49949950     0.00000000
 99.59959960     0.00000000
 99.69969970    -0.00000000
 99.79979980    -0.00000000
 99.89989990    -0.00000000
100.00000000     0.00000000
