  0.00000000    -0.41619022
  0.10010010    -0.40219022
  0.20020020    -0.38840672
  0.30030030    -0.37483973
  0.40040040    -0.36148917
  0.50050050    -0.34835496
  0.60060060    -0.33543692
  0.70070070    -0.32273483
  0.80080080    -0.31024842
  0.90090090    -0.29797737
  1.00100100    -0.28592130
  1.10110110    -0.27407977
  1.20120120    -0.26245229
  1.30130130    -0.25103833
  1.40140140    -0.23983728
  1.50150150    -0.22884852
  1.60160160    -0.21807132
  1.70170170    -0.20750496
  1.80180180    -0.19714862
  1.90190190    -0.18700146
  2.00200200    -0.17706257
  2.10210210    -0.16733100
  2.20220220    -0.15780575
  2.30230230    -0.14848578
  2.40240240    -0.13936998
  2.50250250    -0.13045720
  2.60260260    -0.12174627
  2.70270270    -0.11323593
  2.80280280    -0.10492490
  2.90290290    -0.09681186
  3.00300300    -0.08889543
  3.10310310    -0.08117419
  3.20320320    -0.07364670
  3.30330330    -0.06631143
  3.40340340    -0.05916687
  3.50350350    -0.05221141
  3.60360360    -0.04544344
  3.70370370    -0.03886130
  3.80380380    -0.03246329
  3.90390390    -0.02624768
  4.00400400    -0.02021270
  4.10410410    -0.01435654
  4.20420420    -0.00867736
  4.30430430    -0.00317329
  4.40440440     0.00215757
  4.50450450     0.00731717
  4.60460460     0.01230745
  4.70470470     0.01713043
  4.80480480     0.02178812
  4.90490490     0.02628257
  5.00500501     0.03061586
  5.10510511     0.03479008
  5.20520521     0.03880736
  5.30530531     0.04266986
  5.40540541     0.04637973
  5.50550551     0.04993916
  5.60560561     0.05335037
  5.70570571     0.05661558
  5.80580581     0.05973704
  5.90590591     0.06271700
  6.00600601     0.06555775
  6.10610611     0.06826158
  6.20620621     0.07083078
  6.30630631     0.07326767
  6.40640641     0.07557459
  6.50650651     0.07775385
  6.60660661     0.07980782
  6.70670671     0.08173884
  6.80680681     0.08354926
  6.90690691     0.08524146
  7.00700701     0.08681780
  7.10710711     0.08828066
  7.20720721     0.08963239
  7.30730731     0.09087539
  7.40740741     0.09201202
  7.50750751     0.09304466
  7.60760761     0.09397568
  7.70770771     0.09480744
  7.80780781     0.09554232
  7.90790791     0.09618267
  8.00800801     0.09673084
  8.10810811     0.09718918
  8.20820821     0.09756003
  8.30830831     0.09784572
  8.40840841     0.09804856
  8.50850851     0.09817087
  8.60860861     0.09821494
  8.70870871     0.09818306
  8.80880881     0.09807749
  8.90890891     0.09790049
  9.00900901     0.09765431
  9.10910911     0.09734116
  9.20920921     0.09696326
  9.30930931     0.09652279
  9.40940941     0.09602193
  9.50950951     0.09546283
  9.60960961     0.09484762
  9.70970971     0.09417841
  9.80980981     0.09345729
  9.90990991     0.09268634
 10.01001001     0.09186760
 10.11011011     0.09100308
 10.21021021     0.09009479
 10.31031031     0.08914470
 10.41041041     0.08815476
 10.51051051     0.08712689
 10.61061061     0.08606298
 10.71071071     0.08496492
 10.81081081     0.08383453
 10.91091091     0.08267363
 11.01101101     0.08148402
 11.11111111     0.08026744
 11.21121121     0.07902562
 11.31131131     0.07776027
 11.41141141     0.07647305
 11.51151151     0.07516560
 11.61161161     0.07383953
 11.71171171     0.07249642
 11.81181181     0.07113782
 11.91191191     0.06976523
 12.01201201     0.06838015
 12.11211211     0.06698403
 12.21221221     0.06557828
 12.31231231     0.06416429
 12.41241241     0.06274343
 12.51251251     0.06131700
 12.61261261     0.05988632
 12.71271271     0.05845262
 12.81281281     0.05701715
 12.91291291     0.05558109
 13.01301301     0.05414561
 13.11311311     0.05271182
 13.21321321     0.05128084
 13.31331331     0.04985372
 13.41341341     0.04843148
 13.51351351     0.04701514
 13.61361361     0.04560566
 13.71371371     0.04420396
 13.81381381     0.04281095
 13.91391391     0.04142751
 14.01401401     0.04005446
 14.11411411     0.03869262
 14.21421421     0.03734276
 14.31431431     0.03600563
 14.41441441     0.03468193
 14.51451451     0.03337235
 14.61461461     0.03207754
 14.71471471     0.03079813
 14.81481481     0.02953471
 14.91491491     0.02828783
 15.01501502     0.02705804
 15.11511512     0.02584584
 15.21521522     0.02465171
 15.31531532     0.02347608
 15.41541542     0.02231939
 15.51551552     0.02118203
 15.61561562     0.02006437
 15.71571572     0.01896674
 15.81581582     0.01788946
 15.91591592     0.01683281
 16.01601602     0.01579707
 16.11611612     0.01478247
 16.21621622     0.01378922
 16.31631632     0.01281751
 16.41641642     0.01186751
 16.51651652     0.01093937
 16.61661662     0.01003321
 16.71671672     0.00914912
 16.81681682     0.00828719
 16.91691692     0.00744746
 17.01701702     0.00662999
 17.11711712     0.00583478
 17.21721722     0.00506184
 17.31731732     0.00431114
 17.41741742     0.00358264
 17.51751752     0.00287628
 17.61761762     0.00219200
 17.71771772     0.00152969
 17.81781782     0.00088926
 17.91791792     0.00027057
 18.01801802    -0.00032651
 18.11811812    -0.00090214
 18.21821822    -0.00145648
 18.31831832    -0.00198972
 18.41841842    -0.00250204
 18.51851852    -0.00299366
 18.61861862    -0.00346480
 18.71871872    -0.00391569
 18.81881882    -0.00434657
 18.91891892    -0.00475769
 19.01901902    -0.00514931
 19.11911912    -0.00552172
 19.21921922    -0.00587518
 19.31931932    -0.00620999
 19.41941942    -0.00652645
 19.51951952    -0.00682486
 19.61961962    -0.00710554
 19.71971972    -0.00736881
 19.81981982    -0.00761498
 19.91991992    -0.00784440
 20.02002002    -0.00805740
 20.12012012    -0.00825432
 20.22022022    -0.00843551
 20.32032032    -0.00860132
 20.42042042    -0.00875210
 20.52052052    -0.00888820
 20.62062062    -0.00901000
 20.72072072    -0.00911784
 20.82082082    -0.00921210
 20.92092092    -0.00929313
 21.02102102    -0.00936131
 21.12112112    -0.00941701
 21.22122122    -0.00946058
 21.32132132    -0.00949240
 21.42142142    -0.00951284
 21.52152152    -0.00952227
 21.62162162    -0.00952104
 21.72172172    -0.00950952
 21.82182182    -0.00948809
 21.92192192    -0.00945709
 22.02202202    -0.00941689
 22.12212212    -0.00936785
 22.22222222    -0.00931032
 22.32232232    -0.00924466
 22.42242242    -0.00917120
 22.52252252    -0.00909030
 22.62262262    -0.00900230
 22.72272272    -0.00890754
 22.82282282    -0.00880634
 22.92292292    -0.00869904
 23.02302302    -0.00858597
 23.12312312    -0.00846744
 23.22322322    -0.00834377
 23.32332332    -0.00821527
 23.42342342    -0.00808224
 23.52352352    -0.00794500
 23.62362362    -0.00780382
 23.72372372    -0.00765900
 23.82382382    -0.00751083
 23.92392392    -0.00735958
 24.02402402    -0.00720552
 24.12412412    -0.00704892
 24.22422422    -0.00689004
 24.32432432    -0.00672913
 24.42442442    -0.00656645
 24.52452452    -0.00640223
 24.62462462    -0.00623671
 24.72472472    -0.00607011
 24.82482482    -0.00590266
 24.92492492    -0.00573458
 25.02502503    -0.00556607
 25.12512513    -0.00539734
 25.22522523    -0.00522858
 25.32532533    -0.00505999
 25.42542543    -0.00489175
 25.52552553    -0.00472403
 25.62562563    -0.00455701
 25.72572573    -0.00439085
 25.82582583    -0.00422570
 25.92592593    -0.00406173
 26.02602603    -0.00389906
 26.12612613    -0.00373786
 26.22622623    -0.00357824
 26.32632633    -0.00342033
 26.42642643    -0.00326425
 26.52652653    -0.00311013
 26.62662663    -0.00295805
 26.72672673    -0.00280814
 26.82682683    -0.00266048
 26.92692693    -0.00251517
 27.02702703    -0.00237228
 27.12712713    -0.00223191
 27.22722723    -0.00209412
 27.32732733    -0.00195898
 27.42742743    -0.00182655
 27.52752753    -0.00169690
 27.62762763    -0.00157008
 27.72772773    -0.00144613
 27.82782783    -0.00132510
 27.92792793    -0.00120703
 28.02802803    -0.00109194
 28.12812813    -0.00097987
 28.22822823    -0.00087084
 28.32832833    -0.00076488
 28.42842843    -0.00066200
 28.52852853    -0.00056220
 28.62862863    -0.00046551
 28.72872873    -0.00037192
 28.82882883    -0.00028143
 28.92892893    -0.00019404
 29.02902903    -0.00010974
 29.12912913    -0.00002852
 29.22922923     0.00004962
 29.32932933     0.00012472
 29.42942943     0.00019678
 29.52952953     0.00026583
 29.62962963     0.00033190
 29.72972973     0.00039502
 29.82982983     0.00045520
 29.92992993     0.00051250
 30.03003003     0.00056693
 30.13013013     0.00061855
 30.23023023     0.00066738
 30.33033033     0.00071348
 30.43043043     0.00075688
 30.53053053     0.00079763
 30.63063063     0.00083578
 30.73073073     0.00087137
 30.83083083     0.00090446
 30.93093093     0.00093509
 31.03103103     0.00096332
 31.13113113     0.00098920
 31.23123123     0.00101278
 31.33133133     0.00103412
 31.43143143     0.00105328
 31.53153153     0.00107031
 31.63163163     0.00108528
 31.73173173     0.00109823
 31.83183183     0.00110922
 31.93193193     0.00111832
 32.03203203     0.00112558
 32.13213213     0.00113107
 32.23223223     0.00113484
 32.33233233     0.00113695
 32.43243243     0.00113746
 32.53253253     0.00113643
 32.63263263     0.00113392
 32.73273273     0.00112998
 32.83283283     0.00112468
 32.93293293     0.00111808
 33.03303303     0.00111023
 33.13313313     0.00110118
 33.23323323     0.00109100
 33.33333333     0.00107974
 33.43343343     0.00106746
 33.53353353     0.00105421
 33.63363363     0.00104005
 33.73373373     0.00102502
 33.83383383     0.00100918
 33.93393393     0.00099259
 34.03403403     0.00097529
 34.13413413     0.00095734
 34.23423423     0.00093877
 34.33433433     0.00091965
 34.43443443     0.00090001
 34.53453453     0.00087990
 34.63463463     0.00085938
 34.73473473     0.00083847
 34.83483483     0.00081723
 34.93493493     0.00079569
 35.03503504     0.00077389
 35.13513514     0.00075189
 35.23523524     0.00072970
 35.33533534     0.00070737
 35.43543544     0.00068494
 35.53553554     0.00066244
 35.63563564     0.00063991
 35.73573574     0.00061736
 35.83583584     0.00059485
 35.93593594     0.00057239
 36.03603604     0.00055002
 36.13613614     0.00052776
 36.23623624     0.00050564
 36.33633634     0.00048368
 36.43643644     0.00046192
 36.53653654     0.00044036
 36.63663664     0.00041904
 36.73673674     0.00039797
 36.83683684     0.00037718
 36.93693694     0.00035668
 37.03703704     0.00033649
 37.13713714     0.00031662
 37.23723724     0.00029709
 37.33733734     0.00027792
 37.43743744     0.00025912
 37.53753754     0.00024070
 37.63763764     0.00022267
 37.73773774     0.00020505
 37.83783784     0.00018784
 37.93793794     0.00017104
 38.03803804     0.00015468
 38.13813814     0.00013874
 38.23823824     0.00012325
 38.33833834     0.00010821
 38.43843844     0.00009361
 38.53853854     0.00007946
 38.63863864     0.00006578
 38.73873874     0.00005254
 38.83883884     0.00003977
 38.93893894     0.00002746
 39.03903904     0.00001560
 39.13913914     0.00000420
 39.23923924    -0.00000674
 39.33933934    -0.00001722
 39.43943944    -0.00002726
 39.53953954    -0.00003684
 39.63963964    -0.00004599
 39.73973974    -0.00005469
 39.83983984    -0.00006295
 39.93993994    -0.00007078
 40.04004004    -0.00007819
 40.14014014    -0.00008518
 40.24024024    -0.00009175
 40.34034034    -0.00009792
 40.44044044    -0.00010368
 40.54054054    -0.00010906
 40.64064064    -0.00011405
 40.74074074    -0.00011866
 40.84084084    -0.00012290
 40.94094094    -0.00012678
 41.04104104    -0.00013031
 41.14114114    -0.00013350
 41.24124124    -0.00013635
 41.34134134    -0.00013888
 41.44144144    -0.00014109
 41.54154154    -0.00014299
 41.64164164    -0.00014459
 41.74174174    -0.00014591
 41.84184184    -0.00014694
 41.94194194    -0.00014771
 42.04204204    -0.00014822
 42.14214214    -0.00014848
 42.24224224    -0.00014849
 42.34234234    -0.00014828
 42.44244244    -0.00014784
 42.54254254    -0.00014720
 42.64264264    -0.00014635
 42.74274274    -0.00014530
 42.84284284    -0.00014408
 42.94294294    -0.00014268
 43.04304304    -0.00014111
 43.14314314    -0.00013939
 43.24324324    -0.00013752
 43.34334334    -0.00013551
 43.44344344    -0.00013337
 43.54354354    -0.00013111
 43.64364364    -0.00012874
 43.74374374    -0.00012626
 43.84384384    -0.00012369
 43.94394394    -0.00012102
 44.04404404    -0.00011828
 44.14414414    -0.00011546
 44.24424424    -0.00011258
 44.34434434    -0.00010964
 44.44444444    -0.00010664
 44.54454454    -0.00010360
 44.64464464    -0.00010052
 44.74474474    -0.00009741
 44.84484484    -0.00009428
 44.94494494    -0.00009112
 45.04504505    -0.00008795
 45.14514515    -0.00008477
 45.24524525    -0.00008158
 45.34534535    -0.00007840
 45.44544545    -0.00007523
 45.54554555    -0.00007207
 45.64564565    -0.00006892
 45.74574575    -0.00006579
 45.84584585    -0.00006269
 45.94594595    -0.00005962
 46.04604605    -0.00005658
 46.14614615    -0.00005357
 46.24624625    -0.00005061
 46.34634635    -0.00004768
 46.44644645    -0.00004481
 46.54654655    -0.00004198
 46.64664665    -0.00003920
 46.74674675    -0.00003647
 46.84684685    -0.00003380
 46.94694695    -0.00003118
 47.04704705    -0.00002863
 47.14714715    -0.00002614
 47.24724725    -0.00002370
 47.34734735    -0.00002134
 47.44744745    -0.00001903
 47.54754755    -0.00001680
 47.64764765    -0.00001463
 47.74774775    -0.00001253
 47.84784785    -0.00001049
 47.94794795    -0.00000853
 48.04804805    -0.00000663
 48.14814815    -0.00000481
 48.24824825    -0.00000305
 48.34834835    -0.00000137
 48.44844845     0.00000025
 48.54854855     0.00000180
 48.64864865     0.00000327
 48.74874875     0.00000468
 48.84884885     0.00000603
 48.94894895     0.00000730
 49.04904905     0.00000851
 49.14914915     0.00000965
 49.24924925     0.00001072
 49.34934935     0.00001174
 49.44944945     0.00001268
 49.54954955     0.00001357
 49.64964965     0.00001440
 49.74974975     0.00001516
 49.84984985     0.00001587
 49.94994995     0.00001652
 50.05005005     0.00001711
 50.15015015     0.00001765
 50.25025025     0.00001813
 50.35035035     0.00001857
 50.45045045     0.00001895
 50.55055055     0.00001928
 50.65065065     0.00001957
 50.75075075     0.00001981
 50.85085085     0.00002000
 50.95095095     0.00002015
 51.05105105     0.00002026
 51.15115115     0.00002034
 51.25125125     0.00002037
 51.35135135     0.00002036
 51.45145145     0.00002032
 51.55155155     0.00002025
 51.65165165     0.00002015
 51.75175175     0.00002001
 51.85185185     0.00001984
 51.95195195     0.00001965
 52.05205205     0.00001943
 52.15215215     0.00001919
 52.25225225     0.00001892
 52.35235235     0.00001863
 52.45245245     0.00001833
 52.55255255     0.00001800
 52.65265265     0.00001765
 52.75275275     0.00001729
 52.85285285     0.00001692
 52.95295295     0.00001653
 53.05305305     0.00001613
 53.15315315     0.00001571
 53.25325325     0.00001529
 53.35335335     0.00001486
 53.45345345     0.00001442
 53.55355355     0.00001398
 53.65365365     0.00001352
 53.75375375     0.00001307
 53.85385385     0.00001261
 53.95395395     0.00001215
 54.05405405     0.00001169
 54.15415415     0.00001122
 54.25425425     0.00001076
 54.35435435     0.00001030
 54.45445445     0.00000984
 54.55455455     0.00000938
 54.65465465     0.00000892
 54.75475475     0.00000847
 54.85485485     0.00000803
 54.95495495     0.00000758
 55.05505506     0.00000715
 55.15515516     0.00000672
 55.25525526     0.00000630
 55.35535536     0.00000588
 55.45545546     0.00000547
 55.55555556     0.00000507
 55.65565566     0.00000468
 55.75575576     0.00000430
 55.85585586     0.00000392
 55.95595596     0.00000356
 56.05605606     0.00000320
 56.15615616     0.00000286
 56.25625626     0.00000252
 56.35635636     0.00000220
 56.45645646     0.00000188
 56.55655656     0.00000158
 56.65665666     0.00000129
 56.75675676     0.00000100
 56.85685686     0.00000073
 56.95695696     0.00000047
 57.05705706     0.00000022
 57.15715716    -0.00000002
 57.25725726    -0.00000025
 57.35735736    -0.00000047
 57.45745746    -0.00000068
 57.55755756    -0.00000088
 57.65765766    -0.00000106
 57.75775776    -0.00000124
 57.85785786    -0.00000141
 57.95795796    -0.00000156
 58.05805806    -0.00000171
 58.15815816    -0.00000185
 58.25825826    -0.00000197
 58.35835836    -0.00000209
 58.45845846    -0.00000220
 58.55855856    -0.00000230
 58.65865866    -0.00000239
 58.75875876    -0.00000247
 58.85885886    -0.00000255
 58.95895896    -0.00000261
 59.05905906    -0.00000267
 59.15915916    -0.00000272
 59.25925926    -0.00000277
 59.35935936    -0.00000280
 59.45945946    -0.00000283
 59.55955956    -0.00000285
 59.65965966    -0.00000287
 59.75975976    -0.00000288
 59.85985986    -0.00000288
 59.95995996    -0.00000288
 60.06006006    -0.00000287
 60.16016016    -0.00000286
 60.26026026    -0.00000284
 60.36036036    -0.00000282
 60.46046046    -0.00000279
 60.56056056    -0.00000276
 60.66066066    -0.00000273
 60.76076076    -0.00000269
 60.86086086    -0.00000265
 60.96096096    -0.00000260
 61.06106106    -0.00000256
 61.16116116    -0.00000251
 61.26126126    -0.00000245
 61.36136136    -0.00000240
 61.46146146    -0.00000234
 61.56156156    -0.00000228
 61.66166166    -0.00000222
 61.76176176    -0.00000216
 61.86186186    -0.00000209
 61.96196196    -0.00000203
 62.06206206    -0.00000196
 62.16216216    -0.00000189
 62.26226226    -0.00000182
 62.36236236    -0.00000176
 62.46246246    -0.00000169
 62.56256256    -0.00000162
 62.66266266    -0.00000155
 62.76276276    -0.00000148
 62.86286286    -0.00000141
 62.96296296    -0.00000134
 63.06306306    -0.00000128
 63.16316316    -0.00000121
 63.26326326    -0.00000114
 63.36336336    -0.00000108
 63.46346346    -0.00000101
 63.56356356    -0.00000095
 63.66366366    -0.00000089
 63.76376376    -0.00000082
 63.86386386    -0.00000076
 63.96396396    -0.00000070
 64.06406406    -0.00000065
 64.16416416    -0.00000059
 64.26426426    -0.00000053
 64.36436436    -0.00000048
 64.46446446    -0.00000043
 64.56456456    -0.00000038
 64.66466466    -0.00000033
 64.76476476    -0.00000028
 64.86486486    -0.00000023
 64.96496496    -0.00000019
 65.06506507    -0.00000015
 65.16516517    -0.00000011
 65.26526527    -0.00000007
 65.36536537    -0.00000003
 65.46546547     0.00000001
 65.56556557     0.00000004
 65.66566567     0.00000007
 65.76576577     0.00000010
 65.86586587     0.00000013
 65.96596597     0.00000016
 66.06606607     0.00000019
 66.16616617     0.00000021
 66.26626627     0.00000023
 66.36636637     0.00000026
 66.46646647     0.00000028
 66.56656657     0.00000029
 66.66666667     0.00000031
 66.76676677     0.00000033
 66.86686687     0.00000034
 66.96696697     0.00000035
 67.06706707     0.00000037
 67.16716717     0.00000038
 67.26726727     0.00000038
 67.36736737     0.00000039
 67.46746747     0.00000040
 67.56756757     0.00000040
 67.66766767     0.00000041
 67.76776777     0.00000041
 67.86786787     0.00000041
 67.96796797     0.00000042
 68.06806807     0.00000042
 68.16816817     0.00000042
 68.26826827     0.00000042
 68.36836837     0.00000041
 68.46846847     0.00000041
 68.56856857     0.00000041
 68.66866867     0.00000040
 68.76876877     0.00000040
 68.86886887     0.00000039
 68.96896897     0.00000039
 69.06906907     0.00000038
 69.16916917     0.00000037
 69.26926927     0.00000037
 69.36936937     0.00000036
 69.46946947     0.00000035
 69.56956957     0.00000034
 69.66966967     0.00000033
 69.76976977     0.00000032
 69.86986987     0.00000031
 69.96996997     0.00000030
 70.07007007     0.00000029
 70.17017017     0.00000028
 70.27027027     0.00000027
 70.37037037     0.00000026
 70.47047047     0.00000025
 70.57057057     0.00000024
 70.67067067     0.00000023
 70.77077077     0.00000022
 70.87087087     0.00000021
 70.97097097     0.00000020
 71.07107107     0.00000019
 71.17117117     0.00000018
 71.27127127     0.00000017
 71.37137137     0.00000016
 71.47147147     0.00000015
 71.57157157     0.00000014
 71.67167167     0.00000013
 71.77177177     0.00000012
 71.87187187     0.00000011
 71.97197197     0.00000010
 72.07207207     0.00000010
 72.17217217     0.00000009
 72.27227227     0.00000008
 72.37237237     0.00000007
 72.47247247     0.00000006
 72.57257257     0.00000005
 72.67267267     0.00000005
 72.77277277     0.00000004
 72.87287287     0.00000003
 72.97297297     0.00000003
 73.07307307     0.00000002
 73.17317317     0.00000001
 73.27327327     0.00000001
 73.37337337     0.00000000
 73.47347347    -0.00000000
 73.57357357    -0.00000001
 73.67367367    -0.00000001
 73.77377377    -0.00000002
 73.87387387    -0.00000002
 73.97397397    -0.00000003
 74.07407407    -0.00000003
 74.17417417    -0.00000003
 74.27427427    -0.00000004
 74.37437437    -0.00000004
 74.47447447    -0.00000004
 74.57457457    -0.00000005
 74.67467467    -0.00000005
 74.77477477    -0.00000005
 74.87487487    -0.00000005
 74.97497497    -0.00000005
 75.07507508    -0.00000006
 75.17517518    -0.00000006
 75.27527528    -0.00000006
 75.37537538    -0.00000006
 75.47547548    -0.00000006
 75.57557558    -0.00000006
 75.67567568    -0.00000006
 75.77577578    -0.00000006
 75.87587588    -0.00000006
 75.97597598    -0.00000006
 76.07607608    -0.00000006
 76.17617618    -0.00000006
 76.27627628    -0.00000006
 76.37637638    -0.00000006
 76.47647648    -0.00000006
 76.57657658    -0.00000006
 76.67667668    -0.00000006
 76.77677678    -0.00000006
 76.87687688    -0.00000006
 76.97697698    -0.00000006
 77.07707708    -0.00000005
 77.17717718    -0.00000005
 77.27727728    -0.00000005
 77.37737738    -0.00000005
 77.47747748    -0.00000005
 77.57757758    -0.00000005
 77.67767768    -0.00000005
 77.77777778    -0.00000004
 77.87787788    -0.00000004
 77.97797798    -0.00000004
 78.07807808    -0.00000004
 78.17817818    -0.00000004
 78.27827828    -0.00000004
 78.37837838    -0.00000004
 78.47847848    -0.00000003
 78.57857858    -0.00000003
 78.67867868    -0.00000003
 78.77877878    -0.00000003
 78.87887888    -0.00000003
 78.97897898    -0.00000003
 79.07907908    -0.00000002
 79.17917918    -0.00000002
 79.27927928    -0.00000002
 79.37937938    -0.00000002
 79.47947948    -0.00000002
 79.57957958    -0.00000002
 79.67967968    -0.00000002
 79.77977978    -0.00000001
 79.87987988    -0.00000001
 79.97997998    -0.00000001
 80.08008008    -0.00000001
 80.18018018    -0.00000001
 80.28028028    -0.00000001
 80.38038038    -0.00000001
 80.48048048    -0.00000001
 80.58058058    -0.00000000
 80.68068068    -0.00000000
 80.78078078    -0.00000000
 80.88088088    -0.00000000
 80.98098098    -0.00000000
 81.08108108    -0.00000000
 81.18118118     0.00000000
 81.28128128     0.00000000
 81.38138138     0.00000000
 81.48148148     0.00000000
 81.58158158     0.00000000
 81.68168168     0.00000000
 81.78178178     0.00000000
 81.88188188     0.00000001
 81.98198198     0.00000001
 82.08208208     0.00000001
 82.18218218     0.00000001
 82.28228228     0.00000001
 82.38238238     0.00000001
 82.48248248     0.00000001
 82.58258258     0.00000001
 82.68268268     0.00000001
 82.78278278     0.00000001
 82.88288288     0.00000001
 82.98298298     0.00000001
 83.08308308     0.00000001
 83.18318318     0.00000001
 83.28328328     0.00000001
 83.38338338     0.00000001
 83.48348348     0.00000001
 83.58358358     0.00000001
 83.68368368     0.00000001
 83.78378378     0.00000001
 83.88388388     0.00000001
 83.98398398     0.00000001
 84.08408408     0.00000001
 84.18418418     0.00000001
 84.28428428     0.00000001
 84.38438438     0.00000001
 84.48448448     0.00000001
 84.58458458     0.00000001
 84.68468468     0.00000001
 84.78478478     0.00000001
 84.88488488     0.00000001
 84.98498498     0.00000001
 85.08508509     0.00000001
 85.18518519     0.00000001
 85.28528529     0.00000001
 85.38538539     0.00000001
 85.48548549     0.00000001
 85.58558559     0.00000001
 85.68568569     0.00000001
 85.78578579     0.00000001
 85.88588589     0.00000001
 85.98598599     0.00000001
 86.08608609     0.00000000
 86.18618619     0.00000000
 86.28628629     0.00000000
 86.38638639     0.00000000
 86.48648649     0.00000000
 86.58658659     0.00000000
 86.68668669     0.00000000
 86.78678679     0.00000000
 86.88688689     0.00000000
 86.98698699     0.00000000
 87.08708709     0.00000000
 87.18718719     0.00000000
 87.28728729     0.00000000
 87.38738739     0.00000000
 87.48748749     0.00000000
 87.58758759     0.00000000
 87.68768769     0.00000000
 87.78778779     0.00000000
 87.88788789     0.00000000
 87.98798799     0.00000000
 88.08808809     0.00000000
 88.18818819     0.00000000
 88.28828829     0.00000000
 88.38838839     0.00000000
 88.48848849     0.00000000
 88.58858859    -0.00000000
 88.68868869    -0.00000000
 88.78878879    -0.00000000
 88.88888889    -0.00000000
 88.98898899    -0.00000000
 89.08908909    -0.00000000
 89.18918919    -0.00000000
 89.28928929    -0.00000000
 89.38938939    -0.00000000
 89.48948949    -0.00000000
 89.58958959    -0.00000000
 89.68968969    -0.00000000
 89.78978979    -0.00000000
 89.88988989    -0.00000000
 89.98998999    -0.00000000
 90.09009009    -0.00000000
 90.19019019    -0.00000000
 90.29029029    -0.00000000
 90.39039039    -0.00000000
 90.49049049    -0.00000000
 90.59059059    -0.00000000
 90.69069069    -0.00000000
 90.79079079    -0.00000000
 90.89089089    -0.00000000
 90.99099099    -0.00000000
 91.09109109    -0.00000000
 91.19119119    -0.00000000
 91.29129129    -0.00000000
 91.39139139    -0.00000000
 91.49149149    -0.00000000
 91.59159159    -0.00000000
 91.69169169    -0.00000000
 91.79179179    -0.00000000
 91.89189189    -0.00000000
 91.99199199    -0.00000000
 92.09209209    -0.00000000
 92.19219219    -0.00000000
 92.29229229    -0.00000000
 92.39239239    -0.00000000
 92.49249249    -0.00000000
 92.59259259    -0.00000000
 92.69269269    -0.00000000
 92.79279279    -0.00000000
 92.89289289    -0.00000000
 92.99299299    -0.00000000
 93.09309309    -0.00000000
 93.19319319    -0.00000000
 93.29329329    -0.00000000
 93.39339339    -0.00000000
 93.49349349    -0.00000000
 93.59359359    -0.00000000
 93.69369369    -0.00000000
 93.79379379    -0.00000000
 93.89389389    -0.00000000
 93.99399399    -0.00000000
 94.09409409    -0.00000000
 94.19419419    -0.00000000
 94.29429429    -0.00000000
 94.39439439    -0.00000000
 94.49449449    -0.00000000
 94.59459459    -0.00000000
 94.69469469    -0.00000000
 94.79479479    -0.00000000
 94.89489489    -0.00000000
 94.99499499    -0.00000000
 95.09509510    -0.00000000
 95.19519520    -0.00000000
 95.29529530    -0.00000000
 95.39539540    -0.00000000
 95.49549550    -0.00000000
 95.59559560    -0.00000000
 95.69569570    -0.00000000
 95.79579580    -0.00000000
 95.89589590    -0.00000000
 95.99599600    -0.00000000
 96.09609610    -0.00000000
 96.19619620    -0.00000000
 96.29629630    -0.00000000
 96.39639640    -0.00000000
 96.49649650    -0.00000000
 96.59659660     0.00000000
 96.69669670     0.00000000
 96.79679680     0.00000000
 96.89689690     0.00000000
 96.99699700     0.00000000
 97.09709710     0.00000000
 97.19719720     0.00000000
 97.29729730     0.00000000
 97.39739740     0.00000000
 97.49749750     0.00000000
 97.59759760     0.00000000
 97.69769770     0.00000000
 97.79779780     0.00000000
 97.89789790     0.00000000
 97.99799800     0.00000000
 98.09809810     0.00000000
 98.19819820     0.00000000
 98.29829830     0.00000000
 98.39839840     0.00000000
 98.49849850     0.00000000
 98.59859860     0.00000000
 98.69869870     0.00000000
 98.79879880     0.00000000
 98.89889890     0.00000000
 98.99899900     0.00000000
 99.09909910     0.00000000
 99.19919920     0.00000000
 99.29929930     0.00000000
 99.39939940     0.00000000
 99.49949950     0.00000000
 99.59959960     0.00000000
 99.69969970    -0.00000000
 99.79979980    -0.00000000
 99.89989990    -0.00000000
100.00000000     0.00000000
