  0.00000000    -0.41888038
  0.10010010    -0.40488038
  0.20020020    -0.39109546
  0.30030030    -0.37752562
  0.40040040    -0.36417081
  0.50050050    -0.35103092
  0.60060060    -0.33810579
  0.70070070    -0.32539521
  0.80080080    -0.31289890
  0.90090090    -0.30061655
  1.00100100    -0.28854779
  1.10110110    -0.27669219
  1.20120120    -0.26504927
  1.30130130    -0.25361851
  1.40140140    -0.24239932
  1.50150150    -0.23139106
  1.60160160    -0.22059306
  1.70170170    -0.21000458
  1.80180180    -0.19962483
  1.90190190    -0.18945298
  2.00200200    -0.17948814
  2.10210210    -0.16972939
  2.20220220    -0.16017574
  2.30230230    -0.15082615
  2.40240240    -0.14167956
  2.50250250    -0.13273485
  2.60260260    -0.12399083
  2.70270270    -0.11544630
  2.80280280    -0.10710000
  2.90290290    -0.09895061
  3.00300300    -0.09099681
  3.10310310    -0.08323719
  3.20320320    -0.07567033
  3.30330330    -0.06829475
  3.40340340    -0.06110893
  3.50350350    -0.05411133
  3.60360360    -0.04730036
  3.70370370    -0.04067438
  3.80380380    -0.03423172
  3.90390390    -0.02797069
  4.00400400    -0.02188955
  4.10410410    -0.01598652
  4.20420420    -0.01025979
  4.30430430    -0.00470753
  4.40440440     0.00067213
  4.50450450     0.00588110
  4.60460460     0.01092130
  4.70470470     0.01579469
  4.80480480     0.02050327
  4.90490490     0.02504905
  5.00500501     0.02943407
  5.10510511     0.03366039
  5.20520521     0.03773009
  5.30530531     0.04164531
  5.40540541     0.04540815
  5.50550551     0.04902079
  5.60560561     0.05248538
  5.70570571     0.05580413
  5.80580581     0.05897925
  5.90590591     0.06201295
  6.00600601     0.06490748
  6.10610611     0.06766509
  6.20620621     0.07028805
  6.30630631     0.07277865
  6.40640641     0.07513916
  6.50650651     0.07737190
  6.60660661     0.07947918
  6.70670671     0.08146331
  6.80680681     0.08332661
  6.90690691     0.08507142
  7.00700701     0.08670007
  7.10710711     0.08821490
  7.20720721     0.08961826
  7.30730731     0.09091247
  7.40740741     0.09209990
  7.50750751     0.09318288
  7.60760761     0.09416375
  7.70770771     0.09504485
  7.80780781     0.09582851
  7.90790791     0.09651707
  8.00800801     0.09711286
  8.10810811     0.09761818
  8.20820821     0.09803536
  8.30830831     0.09836670
  8.40840841     0.09861448
  8.50850851     0.09878100
  8.60860861     0.09886853
  8.70870871     0.09887932
  8.80880881     0.09881563
  8.90890891     0.09867969
  9.00900901     0.09847373
  9.10910911     0.09819993
  9.20920921     0.09786050
  9.30930931     0.09745761
  9.40940941     0.09699341
  9.50950951     0.09647003
  9.60960961     0.09588959
  9.70970971     0.09525420
  9.80980981     0.09456592
  9.90990991     0.09382681
 10.01001001     0.09303890
 10.11011011     0.09220421
 10.21021021     0.09132472
 10.31031031     0.09040240
 10.41041041     0.08943918
 10.51051051     0.08843697
 10.61061061     0.08739768
 10.71071071     0.08632316
 10.81081081     0.08521525
 10.91091091     0.08407575
 11.01101101     0.08290645
 11.11111111     0.08170911
 11.21121121     0.08048545
 11.31131131     0.07923717
 11.41141141     0.07796594
 11.51151151     0.07667340
 11.61161161     0.07536115
 11.71171171     0.07403078
 11.81181181     0.07268384
 11.91191191     0.07132185
 12.01201201     0.06994629
 12.11211211     0.06855862
 12.21221221     0.06716028
 12.31231231     0.06575265
 12.41241241     0.06433710
 12.51251251     0.06291495
 12.61261261     0.06148752
 12.71271271     0.06005607
 12.81281281     0.05862184
 12.91291291     0.05718603
 13.01301301     0.05574981
 13.11311311     0.05431433
 13.21321321     0.05288069
 13.31331331     0.05144997
 13.41341341     0.05002322
 13.51351351     0.04860144
 13.61361361     0.04718563
 13.71371371     0.04577672
 13.81381381     0.04437565
 13.91391391     0.04298329
 14.01401401     0.04160050
 14.11411411     0.04022810
 14.21421421     0.03886690
 14.31431431     0.03751764
 14.41441441     0.03618107
 14.51451451     0.03485789
 14.61461461     0.03354876
 14.71471471     0.03225433
 14.81481481     0.03097522
 14.91491491     0.02971200
 15.01501502     0.02846524
 15.11511512     0.02723545
 15.21521522     0.02602314
 15.31531532     0.02482878
 15.41541542     0.02365280
 15.51551552     0.02249563
 15.61561562     0.02135766
 15.71571572     0.02023924
 15.81581582     0.01914072
 15.91591592     0.01806239
 16.01601602     0.01700456
 16.11611612     0.01596748
 16.21621622     0.01495139
 16.31631632     0.01395650
 16.41641642     0.01298299
 16.51651652     0.01203105
 16.61661662     0.01110080
 16.71671672     0.01019238
 16.81681682     0.00930587
 16.91691692     0.00844138
 17.01701702     0.00759894
 17.11711712     0.00677860
 17.21721722     0.00598039
 17.31731732     0.00520429
 17.41741742     0.00445029
 17.51751752     0.00371836
 17.61761762     0.00300844
 17.71771772     0.00232045
 17.81781782     0.00165432
 17.91791792     0.00100994
 18.01801802     0.00038718
 18.11811812    -0.00021408
 18.21821822    -0.00079399
 18.31831832    -0.00135273
 18.41841842    -0.00189046
 18.51851852    -0.00240737
 18.61861862    -0.00290367
 18.71871872    -0.00337957
 18.81881882    -0.00383529
 18.91891892    -0.00427108
 19.01901902    -0.00468717
 19.11911912    -0.00508383
 19.21921922    -0.00546132
 19.31931932    -0.00581992
 19.41941942    -0.00615991
 19.51951952    -0.00648158
 19.61961962    -0.00678524
 19.71971972    -0.00707118
 19.81981982    -0.00733973
 19.91991992    -0.00759120
 20.02002002    -0.00782592
 20.12012012    -0.00804422
 20.22022022    -0.00824644
 20.32032032    -0.00843291
 20.42042042    -0.00860398
 20.52052052    -0.00876000
 20.62062062    -0.00890131
 20.72072072    -0.00902828
 20.82082082    -0.00914125
 20.92092092    -0.00924060
 21.02102102    -0.00932667
 21.12112112    -0.00939982
 21.22122122    -0.00946043
 21.32132132    -0.00950885
 21.42142142    -0.00954545
 21.52152152    -0.00957059
 21.62162162    -0.00958463
 21.72172172    -0.00958793
 21.82182182    -0.00958086
 21.92192192    -0.00956377
 22.02202202    -0.00953702
 22.12212212    -0.00950098
 22.22222222    -0.00945598
 22.32232232    -0.00940238
 22.42242242    -0.00934054
 22.52252252    -0.00927079
 22.62262262    -0.00919348
 22.72272272    -0.00910895
 22.82282282    -0.00901753
 22.92292292    -0.00891955
 23.02302302    -0.00881535
 23.12312312    -0.00870524
 23.22322322    -0.00858954
 23.32332332    -0.00846857
 23.42342342    -0.00834263
 23.52352352    -0.00821204
 23.62362362    -0.00807708
 23.72372372    -0.00793806
 23.82382382    -0.00779526
 23.92392392    -0.00764896
 24.02402402    -0.00749945
 24.12412412    -0.00734699
 24.22422422    -0.00719185
 24.32432432    -0.00703429
 24.42442442    -0.00687457
 24.52452452    -0.00671292
 24.62462462    -0.00654961
 24.72472472    -0.00638485
 24.82482482    -0.00621889
 24.92492492    -0.00605194
 25.02502503    -0.00588422
 25.12512513    -0.00571594
 25.22522523    -0.00554731
 25.32532533    -0.00537853
 25.42542543    -0.00520978
 25.52552553    -0.00504125
 25.62562563    -0.00487313
 25.72572573    -0.00470558
 25.82582583    -0.00453877
 25.92592593    -0.00437287
 26.02602603    -0.00420802
 26.12612613    -0.00404437
 26.22622623    -0.00388207
 26.32632633    -0.00372124
 26.42642643    -0.00356203
 26.52652653    -0.00340455
 26.62662663    -0.00324891
 26.72672673    -0.00309524
 26.82682683    -0.00294364
 26.92692693    -0.00279420
 27.02702703    -0.00264702
 27.12712713    -0.00250219
 27.22722723    -0.00235980
 27.32732733    -0.00221991
 27.42742743    -0.00208260
 27.52752753    -0.00194794
 27.62762763    -0.00181599
 27.72772773    -0.00168680
 27.82782783    -0.00156043
 27.92792793    -0.00143692
 28.02802803    -0.00131632
 28.12812813    -0.00119865
 28.22822823    -0.00108397
 28.32832833    -0.00097228
 28.42842843    -0.00086362
 28.52852853    -0.00075801
 28.62862863    -0.00065545
 28.72872873    -0.00055597
 28.82882883    -0.00045957
 28.92892893    -0.00036624
 29.02902903    -0.00027600
 29.12912913    -0.00018884
 29.22922923    -0.00010476
 29.32932933    -0.00002373
 29.42942943     0.00005425
 29.52952953     0.00012920
 29.62962963     0.00020114
 29.72972973     0.00027008
 29.82982983     0.00033607
 29.92992993     0.00039911
 30.03003003     0.00045925
 30.13013013     0.00051652
 30.23023023     0.00057095
 30.33033033     0.00062258
 30.43043043     0.00067144
 30.53053053     0.00071758
 30.63063063     0.00076105
 30.73073073     0.00080188
 30.83083083     0.00084012
 30.93093093     0.00087582
 31.03103103     0.00090903
 31.13113113     0.00093980
 31.23123123     0.00096818
 31.33133133     0.00099421
 31.43143143     0.00101797
 31.53153153     0.00103950
 31.63163163     0.00105885
 31.73173173     0.00107608
 31.83183183     0.00109125
 31.93193193     0.00110441
 32.03203203     0.00111563
 32.13213213     0.00112496
 32.23223223     0.00113245
 32.33233233     0.00113818
 32.43243243     0.00114218
 32.53253253     0.00114453
 32.63263263     0.00114529
 32.73273273     0.00114450
 32.83283283     0.00114223
 32.93293293     0.00113854
 33.03303303     0.00113348
 33.13313313     0.00112711
 33.23323323     0.00111950
 33.33333333     0.00111068
 33.43343343     0.00110073
 33.53353353     0.00108970
 33.63363363     0.00107764
 33.73373373     0.00106460
 33.83383383     0.00105064
 33.93393393     0.00103581
 34.03403403     0.00102017
 34.13413413     0.00100376
 34.23423423     0.00098664
 34.33433433     0.00096885
 34.43443443     0.00095044
 34.53453453     0.00093147
 34.63463463     0.00091197
 34.73473473     0.00089199
 34.83483483     0.00087158
 34.93493493     0.00085079
 35.03503504     0.00082964
 35.13513514     0.00080819
 35.23523524     0.00078647
 35.33533534     0.00076452
 35.43543544     0.00074239
 35.53553554     0.00072011
 35.63563564     0.00069770
 35.73573574     0.00067522
 35.83583584     0.00065269
 35.93593594     0.00063014
 36.03603604     0.00060761
 36.13613614     0.00058512
 36.23623624     0.00056271
 36.33633634     0.00054040
 36.43643644     0.00051821
 36.53653654     0.00049618
 36.63663664     0.00047433
 36.73673674     0.00045268
 36.83683684     0.00043125
 36.93693694     0.00041006
 37.03703704     0.00038914
 37.13713714     0.00036850
 37.23723724     0.00034816
 37.33733734     0.00032814
 37.43743744     0.00030845
 37.53753754     0.00028910
 37.63763764     0.00027012
 37.73773774     0.00025150
 37.83783784     0.00023327
 37.93793794     0.00021544
 38.03803804     0.00019801
 38.13813814     0.00018100
 38.23823824     0.00016440
 38.33833834     0.00014823
 38.43843844     0.00013250
 38.53853854     0.00011721
 38.63863864     0.00010236
 38.73873874     0.00008796
 38.83883884     0.00007401
 38.93893894     0.00006052
 39.03903904     0.00004747
 39.13913914     0.00003489
 39.23923924     0.00002276
 39.33933934     0.00001109
 39.43943944    -0.00000013
 39.53953954    -0.00001090
 39.63963964    -0.00002122
 39.73973974    -0.00003108
 39.83983984    -0.00004051
 39.93993994    -0.00004949
 40.04004004    -0.00005804
 40.14014014    -0.00006615
 40.24024024    -0.00007384
 40.34034034    -0.00008111
 40.44044044    -0.00008796
 40.54054054    -0.00009440
 40.64064064    -0.00010044
 40.74074074    -0.00010609
 40.84084084    -0.00011135
 40.94094094    -0.00011623
 41.04104104    -0.00012073
 41.14114114    -0.00012487
 41.24124124    -0.00012866
 41.34134134    -0.00013209
 41.44144144    -0.00013519
 41.54154154    -0.00013796
 41.64164164    -0.00014041
 41.74174174    -0.00014254
 41.84184184    -0.00014437
 41.94194194    -0.00014591
 42.04204204    -0.00014716
 42.14214214    -0.00014814
 42.24224224    -0.00014886
 42.34234234    -0.00014931
 42.44244244    -0.00014952
 42.54254254    -0.00014949
 42.64264264    -0.00014924
 42.74274274    -0.00014877
 42.84284284    -0.00014808
 42.94294294    -0.00014720
 43.04304304    -0.00014613
 43.14314314    -0.00014488
 43.24324324    -0.00014345
 43.34334334    -0.00014186
 43.44344344    -0.00014012
 43.54354354    -0.00013823
 43.64364364    -0.00013621
 43.74374374    -0.00013406
 43.84384384    -0.00013178
 43.94394394    -0.00012940
 44.04404404    -0.00012691
 44.14414414    -0.00012433
 44.24424424    -0.00012166
 44.34434434    -0.00011891
 44.44444444    -0.00011609
 44.54454454    -0.00011320
 44.64464464    -0.00011025
 44.74474474    -0.00010726
 44.84484484    -0.00010422
 44.94494494    -0.00010113
 45.04504505    -0.00009802
 45.14514515    -0.00009489
 45.24524525    -0.00009173
 45.34534535    -0.00008856
 45.44544545    -0.00008538
 45.54554555    -0.00008219
 45.64564565    -0.00007901
 45.74574575    -0.00007583
 45.84584585    -0.00007267
 45.94594595    -0.00006952
 46.04604605    -0.00006639
 46.14614615    -0.00006329
 46.24624625    -0.00006022
 46.34634635    -0.00005717
 46.44644645    -0.00005416
 46.54654655    -0.00005119
 46.64664665    -0.00004827
 46.74674675    -0.00004538
 46.84684685    -0.00004255
 46.94694695    -0.00003976
 47.04704705    -0.00003703
 47.14714715    -0.00003435
 47.24724725    -0.00003173
 47.34734735    -0.00002917
 47.44744745    -0.00002666
 47.54754755    -0.00002422
 47.64764765    -0.00002185
 47.74774775    -0.00001953
 47.84784785    -0.00001728
 47.94794795    -0.00001510
 48.04804805    -0.00001299
 48.14814815    -0.00001094
 48.24824825    -0.00000897
 48.34834835    -0.00000706
 48.44844845    -0.00000522
 48.54854855    -0.00000345
 48.64864865    -0.00000174
 48.74874875    -0.00000011
 48.84884885     0.00000145
 48.94894895     0.00000295
 49.04904905     0.00000437
 49.14914915     0.00000573
 49.24924925     0.00000702
 49.34934935     0.00000825
 49.44944945     0.00000941
 49.54954955     0.00001050
 49.64964965     0.00001153
 49.74974975     0.00001250
 49.84984985     0.00001340
 49.94994995     0.00001425
 50.05005005     0.00001503
 50.15015015     0.00001576
 50.25025025     0.00001642
 50.35035035     0.00001704
 50.45045045     0.00001759
 50.55055055     0.00001810
 50.65065065     0.00001855
 50.75075075     0.00001895
 50.85085085     0.00001930
 50.95095095     0.00001960
 51.05105105     0.00001986
 51.15115115     0.00002007
 51.25125125     0.00002024
 51.35135135     0.00002037
 51.45145145     0.00002045
 51.55155155     0.00002050
 51.65165165     0.00002051
 51.75175175     0.00002049
 51.85185185     0.00002043
 51.95195195     0.00002034
 52.05205205     0.00002021
 52.15215215     0.00002006
 52.25225225     0.00001988
 52.35235235     0.00001967
 52.45245245     0.00001944
 52.55255255     0.00001919
 52.65265265     0.00001891
 52.75275275     0.00001861
 52.85285285     0.00001829
 52.95295295     0.00001795
 53.05305305     0.00001760
 53.15315315     0.00001723
 53.25325325     0.00001685
 53.35335335     0.00001646
 53.45345345     0.00001605
 53.55355355     0.00001563
 53.65365365     0.00001520
 53.75375375     0.00001477
 53.85385385     0.00001433
 53.95395395     0.00001388
 54.05405405     0.00001343
 54.15415415     0.00001297
 54.25425425     0.00001251
 54.35435435     0.00001205
 54.45445445     0.00001158
 54.55455455     0.00001112
 54.65465465     0.00001066
 54.75475475     0.00001019
 54.85485485     0.00000973
 54.95495495     0.00000928
 55.05505506     0.00000882
 55.15515516     0.00000837
 55.25525526     0.00000793
 55.35535536     0.00000749
 55.45545546     0.00000705
 55.55555556     0.00000663
 55.65565566     0.00000621
 55.75575576     0.00000579
 55.85585586     0.00000539
 55.95595596     0.00000499
 56.05605606     0.00000460
 56.15615616     0.00000422
 56.25625626     0.00000385
 56.35635636     0.00000349
 56.45645646     0.00000313
 56.55655656     0.00000279
 56.65665666     0.00000246
 56.75675676     0.00000214
 56.85685686     0.00000182
 56.95695696     0.00000152
 57.05705706     0.00000123
 57.15715716     0.00000095
 57.25725726     0.00000068
 57.35735736     0.00000042
 57.45745746     0.00000017
 57.55755756    -0.00000007
 57.65765766    -0.00000029
 57.75775776    -0.00000051
 57.85785786    -0.00000072
 57.95795796    -0.00000091
 58.05805806    -0.00000110
 58.15815816    -0.00000127
 58.25825826    -0.00000144
 58.35835836    -0.00000159
 58.45845846    -0.00000174
 58.55855856    -0.00000188
 58.65865866    -0.00000200
 58.75875876    -0.00000212
 58.85885886    -0.00000223
 58.95895896    -0.00000233
 59.05905906    -0.00000242
 59.15915916    -0.00000250
 59.25925926    -0.00000257
 59.35935936    -0.00000264
 59.45945946    -0.00000269
 59.55955956    -0.00000274
 59.65965966    -0.00000279
 59.75975976    -0.00000282
 59.85985986    -0.00000285
 59.95995996    -0.00000287
 60.06006006    -0.00000289
 60.16016016    -0.00000290
 60.26026026    -0.00000290
 60.36036036    -0.00000290
 60.46046046    -0.00000289
 60.56056056    -0.00000288
 60.66066066    -0.00000286
 60.76076076    -0.00000284
 60.86086086    -0.00000282
 60.96096096    -0.00000278
 61.06106106    -0.00000275
 61.16116116    -0.00000271
 61.26126126    -0.00000267
 61.36136136    -0.00000263
 61.46146146    -0.00000258
 61.56156156    -0.00000253
 61.66166166    -0.00000247
 61.76176176    -0.00000242
 61.86186186    -0.00000236
 61.96196196    -0.00000230
 62.06206206    -0.00000224
 62.16216216    -0.00000218
 62.26226226    -0.00000211
 62.36236236    -0.00000205
 62.46246246    -0.00000198
 62.56256256    -0.00000192
 62.66266266    -0.00000185
 62.76276276    -0.00000178
 62.86286286    -0.00000171
 62.96296296    -0.00000164
 63.06306306    -0.00000157
 63.16316316    -0.00000150
 63.26326326    -0.00000144
 63.36336336    -0.00000137
 63.46346346    -0.00000130
 63.56356356    -0.00000123
 63.66366366    -0.00000117
 63.76376376    -0.00000110
 63.86386386    -0.00000103
 63.96396396    -0.00000097
 64.06406406    -0.00000091
 64.16416416    -0.00000084
 64.26426426    -0.00000078
 64.36436436    -0.00000072
 64.46446446    -0.00000067
 64.56456456    -0.00000061
 64.66466466    -0.00000055
 64.76476476    -0.00000050
 64.86486486    -0.00000045
 64.96496496    -0.00000040
 65.06506507    -0.00000035
 65.16516517    -0.00000030
 65.26526527    -0.00000025
 65.36536537    -0.00000021
 65.46546547    -0.00000016
 65.56556557    -0.00000012
 65.66566567    -0.00000008
 65.76576577    -0.00000004
 65.86586587    -0.00000001
 65.96596597     0.00000003
 66.06606607     0.00000006
 66.16616617     0.00000009
 66.26626627     0.00000012
 66.36636637     0.00000015
 66.46646647     0.00000018
 66.56656657     0.00000020
 66.66666667     0.00000023
 66.76676677     0.00000025
 66.86686687     0.00000027
 66.96696697     0.00000029
 67.06706707     0.00000031
 67.16716717     0.00000032
 67.26726727     0.00000034
 67.36736737     0.00000035
 67.46746747     0.00000036
 67.56756757     0.00000037
 67.66766767     0.00000038
 67.76776777     0.00000039
 67.86786787     0.00000040
 67.96796797     0.00000040
 68.06806807     0.00000041
 68.16816817     0.00000041
 68.26826827     0.00000042
 68.36836837     0.00000042
 68.46846847     0.00000042
 68.56856857     0.00000042
 68.66866867     0.00000042
 68.76876877     0.00000042
 68.86886887     0.00000041
 68.96896897     0.00000041
 69.06906907     0.00000041
 69.16916917     0.00000040
 69.26926927     0.00000040
 69.36936937     0.00000039
 69.46946947     0.00000039
 69.56956957     0.00000038
 69.66966967     0.00000037
 69.76976977     0.00000036
 69.86986987     0.00000036
 69.96996997     0.00000035
 70.07007007     0.00000034
 70.17017017     0.00000033
 70.27027027     0.00000032
 70.37037037     0.00000031
 70.47047047     0.00000030
 70.57057057     0.00000029
 70.67067067     0.00000028
 70.77077077     0.00000027
 70.87087087     0.00000026
 70.97097097     0.00000025
 71.07107107     0.00000024
 71.17117117     0.00000023
 71.27127127     0.00000022
 71.37137137     0.00000021
 71.47147147     0.00000020
 71.57157157     0.00000019
 71.67167167     0.00000018
 71.77177177     0.00000017
 71.87187187     0.00000016
 71.97197197     0.00000015
 72.07207207     0.00000014
 72.17217217     0.00000013
 72.27227227     0.00000012
 72.37237237     0.00000011
 72.47247247     0.00000010
 72.57257257     0.00000009
 72.67267267     0.00000009
 72.77277277     0.00000008
 72.87287287     0.00000007
 72.97297297     0.00000006
 73.07307307     0.00000005
 73.17317317     0.00000005
 73.27327327     0.00000004
 73.37337337     0.00000003
 73.47347347     0.00000003
 73.57357357     0.00000002
 73.67367367     0.00000001
 73.77377377     0.00000001
 73.87387387     0.00000000
 73.97397397    -0.00000000
 74.07407407    -0.00000001
 74.17417417    -0.00000001
 74.27427427    -0.00000002
 74.37437437    -0.00000002
 74.47447447    -0.00000003
 74.57457457    -0.00000003
 74.67467467    -0.00000003
 74.77477477    -0.00000004
 74.87487487    -0.00000004
 74.97497497    -0.00000004
 75.07507508    -0.00000005
 75.17517518    -0.00000005
 75.27527528    -0.00000005
 75.37537538    -0.00000005
 75.47547548    -0.00000005
 75.57557558    -0.00000006
 75.67567568    -0.00000006
 75.77577578    -0.00000006
 75.87587588    -0.00000006
 75.97597598    -0.00000006
 76.07607608    -0.00000006
 76.17617618    -0.00000006
 76.27627628    -0.00000006
 76.37637638    -0.00000006
 76.47647648    -0.00000006
 76.57657658    -0.00000006
 76.67667668    -0.00000006
 76.77677678    -0.00000006
 76.87687688    -0.00000006
 76.97697698    -0.00000006
 77.07707708    -0.00000006
 77.17717718    -0.00000006
 77.27727728    -0.00000006
 77.37737738    -0.00000006
 77.47747748    -0.00000006
 77.57757758    -0.00000005
 77.67767768    -0.00000005
 77.77777778    -0.00000005
 77.87787788    -0.00000005
 77.97797798    -0.00000005
 78.07807808    -0.00000005
 78.17817818    -0.00000005
 78.27827828    -0.00000005
 78.37837838    -0.00000004
 78.47847848    -0.00000004
 78.57857858    -0.00000004
 78.67867868    -0.00000004
 78.77877878    -0.00000004
 78.87887888    -0.00000004
 78.97897898    -0.00000003
 79.07907908    -0.00000003
 79.17917918    -0.00000003
 79.27927928    -0.00000003
 79.37937938    -0.00000003
 79.47947948    -0.00000003
 79.57957958    -0.00000003
 79.67967968    -0.00000002
 79.77977978    -0.00000002
 79.87987988    -0.00000002
 79.97997998    -0.00000002
 80.08008008    -0.00000002
 80.18018018    -0.00000002
 80.28028028    -0.00000002
 80.38038038    -0.00000001
 80.48048048    -0.00000001
 80.58058058    -0.00000001
 80.68068068    -0.00000001
 80.78078078    -0.00000001
 80.88088088    -0.00000001
 80.98098098    -0.00000001
 81.08108108    -0.00000001
 81.18118118    -0.00000000
 81.28128128    -0.00000000
 81.38138138    -0.00000000
 81.48148148    -0.00000000
 81.58158158    -0.00000000
 81.68168168     0.00000000
 81.78178178     0.00000000
 81.88188188     0.00000000
 81.98198198     0.00000000
 82.08208208     0.00000000
 82.18218218     0.00000000
 82.28228228     0.00000000
 82.38238238     0.00000000
 82.48248248     0.00000001
 82.58258258     0.00000001
 82.68268268     0.00000001
 82.78278278     0.00000001
 82.88288288     0.00000001
 82.98298298     0.00000001
 83.08308308     0.00000001
 83.18318318     0.00000001
 83.28328328     0.00000001
 83.38338338     0.00000001
 83.48348348     0.00000001
 83.58358358     0.00000001
 83.68368368     0.00000001
 83.78378378     0.00000001
 83.88388388     0.00000001
 83.98398398     0.00000001
 84.08408408     0.00000001
 84.18418418     0.00000001
 84.28428428     0.00000001
 84.38438438     0.00000001
 84.48448448     0.00000001
 84.58458458     0.00000001
 84.68468468     0.00000001
 84.78478478     0.00000001
 84.88488488     0.00000001
 84.98498498     0.00000001
 85.08508509     0.00000001
 85.18518519     0.00000001
 85.28528529     0.00000001
 85.38538539     0.00000001
 85.48548549     0.00000001
 85.58558559     0.00000001
 85.68568569     0.00000001
 85.78578579     0.00000001
 85.88588589     0.00000001
 85.98598599     0.00000001
 86.08608609     0.00000001
 86.18618619     0.00000001
 86.28628629     0.00000001
 86.38638639     0.00000001
 86.48648649     0.00000001
 86.58658659     0.00000001
 86.68668669     0.00000000
 86.78678679     0.00000000
 86.88688689     0.00000000
 86.98698699     0.00000000
 87.08708709     0.00000000
 87.18718719     0.00000000
 87.28728729     0.00000000
 87.38738739     0.00000000
 87.48748749     0.00000000
 87.58758759     0.00000000
 87.68768769     0.00000000
 87.78778779     0.00000000
 87.88788789     0.00000000
 87.98798799     0.00000000
 88.08808809     0.00000000
 88.18818819     0.00000000
 88.28828829     0.00000000
 88.38838839     0.00000000
 88.48848849     0.00000000
 88.58858859     0.00000000
 88.68868869     0.00000000
 88.78878879     0.00000000
 88.88888889     0.00000000
 88.98898899     0.00000000
 89.08908909     0.00000000
 89.18918919    -0.00000000
 89.28928929    -0.00000000
 89.38938939    -0.00000000
 89.48948949    -0.00000000
 89.58958959    -0.00000000
 89.68968969    -0.00000000
 89.78978979    -0.00000000
 89.88988989    -0.00000000
 89.98998999    -0.00000000
 90.09009009    -0.00000000
 90.19019019    -0.00000000
 90.29029029    -0.00000000
 90.39039039    -0.00000000
 90.49049049    -0.00000000
 90.59059059    -0.00000000
 90.69069069    -0.00000000
 90.79079079    -0.00000000
 90.89089089    -0.00000000
 90.99099099    -0.00000000
 91.09109109    -0.00000000
 91.19119119    -0.00000000
 91.29129129    -0.00000000
 91.39139139    -0.00000000
 91.49149149    -0.00000000
 91.59159159    -0.00000000
 91.69169169    -0.00000000
 91.79179179    -0.00000000
 91.89189189    -0.00000000
 91.99199199    -0.00000000
 92.09209209    -0.00000000
 92.19219219    -0.00000000
 92.29229229    -0.00000000
 92.39239239    -0.00000000
 92.49249249    -0.00000000
 92.59259259    -0.00000000
 92.69269269    -0.00000000
 92.79279279    -0.00000000
 92.89289289    -0.00000000
 92.99299299    -0.00000000
 93.09309309    -0.00000000
 93.19319319    -0.00000000
 93.29329329    -0.00000000
 93.39339339    -0.00000000
 93.49349349    -0.00000000
 93.59359359    -0.00000000
 93.69369369    -0.00000000
 93.79379379    -0.00000000
 93.89389389    -0.00000000
 93.99399399    -0.00000000
 94.09409409    -0.00000000
 94.19419419    -0.00000000
 94.29429429    -0.00000000
 94.39439439    -0.00000000
 94.49449449    -0.00000000
 94.59459459    -0.00000000
 94.69469469    -0.00000000
 94.79479479    -0.00000000
 94.89489489    -0.00000000
 94.99499499    -0.00000000
 95.09509510    -0.00000000
 95.19519520    -0.00000000
 95.29529530    -0.00000000
 95.39539540    -0.00000000
 95.49549550    -0.00000000
 95.59559560    -0.00000000
 95.69569570    -0.00000000
 95.79579580    -0.00000000
 95.89589590    -0.00000000
 95.99599600    -0.00000000
 96.09609610    -0.00000000
 96.19619620    -0.00000000
 96.29629630    -0.00000000
 96.39639640    -0.00000000
 96.49649650    -0.00000000
 96.59659660    -0.00000000
 96.69669670    -0.00000000
 96.79679680    -0.00000000
 96.89689690    -0.00000000
 96.99699700    -0.00000000
 97.09709710    -0.00000000
 97.19719720    -0.00000000
 97.29729730    -0.00000000
 97.39739740    -0.00000000
 97.49749750    -0.00000000
 97.59759760    -0.00000000
 97.69769770    -0.00000000
 97.79779780    -0.00000000
 97.89789790    -0.00000000
 97.99799800    -0.00000000
 98.09809810     0.00000000
 98.19819820     0.00000000
 98.29829830     0.00000000
 98.39839840     0.00000000
 98.49849850     0.00000000
 98.59859860     0.00000000
 98.69869870     0.00000000
 98.79879880     0.00000000
 98.89889890     0.00000000
 98.99899900     0.00000000
 99.09909910     0.00000000
 99.19919920     0.00000000
 99.29929930     0.00000000
 99.39939940     0.00000000
 99.49949950     0.00000000
 99.59959960     0.00000000
 99.69969970    -0.00000000
 99.79979980    -0.00000000
 99.89989990    -0.00000000
100.00000000     0.00000000
