  0.00000000    -0.42151795
  0.10010010    -0.40751795
  0.20020020    -0.39373166
  0.30030030    -0.38015907
  0.40040040    -0.36680014
  0.50050050    -0.35365476
  0.60060060    -0.34072277
  0.70070070    -0.32800396
  0.80080080    -0.31549807
  0.90090090    -0.30320479
  1.00100100    -0.29112375
  1.10110110    -0.27925453
  1.20120120    -0.26759667
  1.30130130    -0.25614964
  1.40140140    -0.24491288
  1.50150150    -0.23388576
  1.60160160    -0.22306761
  1.70170170    -0.21245771
  1.80180180    -0.20205530
  1.90190190    -0.19185954
  2.00200200    -0.18186959
  2.10210210    -0.17208451
  2.20220220    -0.16250334
  2.30230230    -0.15312509
  2.40240240    -0.14394868
  2.50250250    -0.13497302
  2.60260260    -0.12619696
  2.70270270    -0.11761930
  2.80280280    -0.10923882
  2.90290290    -0.10105423
  3.00300300    -0.09306421
  3.10310310    -0.08526739
  3.20320320    -0.07766237
  3.30330330    -0.07024771
  3.40340340    -0.06302191
  3.50350350    -0.05598345
  3.60360360    -0.04913077
  3.70370370    -0.04246227
  3.80380380    -0.03597631
  3.90390390    -0.02967122
  4.00400400    -0.02354529
  4.10410410    -0.01759678
  4.20420420    -0.01182391
  4.30430430    -0.00622488
  4.40440440    -0.00079785
  4.50450450     0.00445905
  4.60460460     0.00954772
  4.70470470     0.01447009
  4.80480480     0.01922811
  4.90490490     0.02382375
  5.00500501     0.02825903
  5.10510511     0.03253598
  5.20520521     0.03665666
  5.30530531     0.04062313
  5.40540541     0.04443749
  5.50550551     0.04810188
  5.60560561     0.05161842
  5.70570571     0.05498927
  5.80580581     0.05821661
  5.90590591     0.06130263
  6.00600601     0.06424953
  6.10610611     0.06705953
  6.20620621     0.06973488
  6.30630631     0.07227781
  6.40640641     0.07469059
  6.50650651     0.07697547
  6.60660661     0.07913475
  6.70670671     0.08117069
  6.80680681     0.08308561
  6.90690691     0.08488178
  7.00700701     0.08656152
  7.10710711     0.08812714
  7.20720721     0.08958094
  7.30730731     0.09092524
  7.40740741     0.09216234
  7.50750751     0.09329457
  7.60760761     0.09432424
  7.70770771     0.09525364
  7.80780781     0.09608510
  7.90790791     0.09682092
  8.00800801     0.09746339
  8.10810811     0.09801480
  8.20820821     0.09847745
  8.30830831     0.09885361
  8.40840841     0.09914554
  8.50850851     0.09935552
  8.60860861     0.09948579
  8.70870871     0.09953858
  8.80880881     0.09951613
  8.90890891     0.09942064
  9.00900901     0.09925433
  9.10910911     0.09901936
  9.20920921     0.09871792
  9.30930931     0.09835215
  9.40940941     0.09792420
  9.50950951     0.09743618
  9.60960961     0.09689020
  9.70970971     0.09628833
  9.80980981     0.09563263
  9.90990991     0.09492516
 10.01001001     0.09416793
 10.11011011     0.09336294
 10.21021021     0.09251216
 10.31031031     0.09161755
 10.41041041     0.09068104
 10.51051051     0.08970454
 10.61061061     0.08868993
 10.71071071     0.08763906
 10.81081081     0.08655376
 10.91091091     0.08543585
 11.01101101     0.08428710
 11.11111111     0.08310925
 11.21121121     0.08190404
 11.31131131     0.08067317
 11.41141141     0.07941829
 11.51151151     0.07814104
 11.61161161     0.07684305
 11.71171171     0.07552589
 11.81181181     0.07419111
 11.91191191     0.07284024
 12.01201201     0.07147476
 12.11211211     0.07009615
 12.21221221     0.06870583
 12.31231231     0.06730520
 12.41241241     0.06589564
 12.51251251     0.06447848
 12.61261261     0.06305503
 12.71271271     0.06162658
 12.81281281     0.06019436
 12.91291291     0.05875960
 13.01301301     0.05732347
 13.11311311     0.05588713
 13.21321321     0.05445170
 13.31331331     0.05301826
 13.41341341     0.05158789
 13.51351351     0.05016160
 13.61361361     0.04874039
 13.71371371     0.04732523
 13.81381381     0.04591704
 13.91391391     0.04451674
 14.01401401     0.04312519
 14.11411411     0.04174323
 14.21421421     0.04037168
 14.31431431     0.03901132
 14.41441441     0.03766289
 14.51451451     0.03632712
 14.61461461     0.03500470
 14.71471471     0.03369629
 14.81481481     0.03240253
 14.91491491     0.03112400
 15.01501502     0.02986130
 15.11511512     0.02861497
 15.21521522     0.02738552
 15.31531532     0.02617345
 15.41541542     0.02497922
 15.51551552     0.02380327
 15.61561562     0.02264600
 15.71571572     0.02150781
 15.81581582     0.02038905
 15.91591592     0.01929005
 16.01601602     0.01821111
 16.11611612     0.01715253
 16.21621622     0.01611456
 16.31631632     0.01509744
 16.41641642     0.01410137
 16.51651652     0.01312655
 16.61661662     0.01217313
 16.71671672     0.01124127
 16.81681682     0.01033109
 16.91691692     0.00944268
 17.01701702     0.00857613
 17.11711712     0.00773149
 17.21721722     0.00690881
 17.31731732     0.00610811
 17.41741742     0.00532939
 17.51751752     0.00457264
 17.61761762     0.00383781
 17.71771772     0.00312486
 17.81781782     0.00243372
 17.91791792     0.00176431
 18.01801802     0.00111652
 18.11811812     0.00049025
 18.21821822    -0.00011465
 18.31831832    -0.00069831
 18.41841842    -0.00126090
 18.51851852    -0.00180257
 18.61861862    -0.00232353
 18.71871872    -0.00282397
 18.81881882    -0.00330409
 18.91891892    -0.00376412
 19.01901902    -0.00420428
 19.11911912    -0.00462482
 19.21921922    -0.00502599
 19.31931932    -0.00540806
 19.41941942    -0.00577128
 19.51951952    -0.00611594
 19.61961962    -0.00644233
 19.71971972    -0.00675074
 19.81981982    -0.00704147
 19.91991992    -0.00731482
 20.02002002    -0.00757112
 20.12012012    -0.00781068
 20.22022022    -0.00803383
 20.32032032    -0.00824089
 20.42042042    -0.00843220
 20.52052052    -0.00860811
 20.62062062    -0.00876895
 20.72072072    -0.00891506
 20.82082082    -0.00904680
 20.92092092    -0.00916452
 21.02102102    -0.00926857
 21.12112112    -0.00935931
 21.22122122    -0.00943709
 21.32132132    -0.00950227
 21.42142142    -0.00955520
 21.52152152    -0.00959625
 21.62162162    -0.00962577
 21.72172172    -0.00964413
 21.82182182    -0.00965167
 21.92192192    -0.00964877
 22.02202202    -0.00963576
 22.12212212    -0.00961301
 22.22222222    -0.00958087
 22.32232232    -0.00953968
 22.42242242    -0.00948980
 22.52252252    -0.00943157
 22.62262262    -0.00936533
 22.72272272    -0.00929143
 22.82282282    -0.00921020
 22.92292292    -0.00912196
 23.02302302    -0.00902706
 23.12312312    -0.00892581
 23.22322322    -0.00881853
 23.32332332    -0.00870555
 23.42342342    -0.00858718
 23.52352352    -0.00846372
 23.62362362    -0.00833547
 23.72372372    -0.00820273
 23.82382382    -0.00806580
 23.92392392    -0.00792497
 24.02402402    -0.00778051
 24.12412412    -0.00763271
 24.22422422    -0.00748183
 24.32432432    -0.00732814
 24.42442442    -0.00717190
 24.52452452    -0.00701336
 24.62462462    -0.00685278
 24.72472472    -0.00669040
 24.82482482    -0.00652645
 24.92492492    -0.00636116
 25.02502503    -0.00619475
 25.12512513    -0.00602746
 25.22522523    -0.00585948
 25.32532533    -0.00569102
 25.42542543    -0.00552229
 25.52552553    -0.00535347
 25.62562563    -0.00518476
 25.72572573    -0.00501633
 25.82582583    -0.00484836
 25.92592593    -0.00468102
 26.02602603    -0.00451446
 26.12612613    -0.00434886
 26.22622623    -0.00418435
 26.32632633    -0.00402108
 26.42642643    -0.00385919
 26.52652653    -0.00369881
 26.62662663    -0.00354006
 26.72672673    -0.00338307
 26.82682683    -0.00322795
 26.92692693    -0.00307480
 27.02702703    -0.00292374
 27.12712713    -0.00277486
 27.22722723    -0.00262824
 27.32732733    -0.00248398
 27.42742743    -0.00234215
 27.52752753    -0.00220283
 27.62762763    -0.00206610
 27.72772773    -0.00193200
 27.82782783    -0.00180062
 27.92792793    -0.00167199
 28.02802803    -0.00154616
 28.12812813    -0.00142320
 28.22822823    -0.00130312
 28.32832833    -0.00118598
 28.42842843    -0.00107179
 28.52852853    -0.00096059
 28.62862863    -0.00085241
 28.72872873    -0.00074725
 28.82882883    -0.00064513
 28.92892893    -0.00054607
 29.02902903    -0.00045007
 29.12912913    -0.00035713
 29.22922923    -0.00026725
 29.32932933    -0.00018043
 29.42942943    -0.00009667
 29.52952953    -0.00001594
 29.62962963     0.00006176
 29.72972973     0.00013645
 29.82982983     0.00020815
 29.92992993     0.00027688
 30.03003003     0.00034266
 30.13013013     0.00040553
 30.23023023     0.00046552
 30.33033033     0.00052265
 30.43043043     0.00057696
 30.53053053     0.00062849
 30.63063063     0.00067728
 30.73073073     0.00072336
 30.83083083     0.00076678
 30.93093093     0.00080759
 31.03103103     0.00084582
 31.13113113     0.00088153
 31.23123123     0.00091476
 31.33133133     0.00094557
 31.43143143     0.00097400
 31.53153153     0.00100010
 31.63163163     0.00102394
 31.73173173     0.00104555
 31.83183183     0.00106501
 31.93193193     0.00108235
 32.03203203     0.00109765
 32.13213213     0.00111094
 32.23223223     0.00112230
 32.33233233     0.00113178
 32.43243243     0.00113943
 32.53253253     0.00114531
 32.63263263     0.00114948
 32.73273273     0.00115200
 32.83283283     0.00115293
 32.93293293     0.00115232
 33.03303303     0.00115023
 33.13313313     0.00114672
 33.23323323     0.00114185
 33.33333333     0.00113566
 33.43343343     0.00112823
 33.53353353     0.00111960
 33.63363363     0.00110983
 33.73373373     0.00109897
 33.83383383     0.00108708
 33.93393393     0.00107422
 34.03403403     0.00106042
 34.13413413     0.00104576
 34.23423423     0.00103028
 34.33433433     0.00101402
 34.43443443     0.00099704
 34.53453453     0.00097939
 34.63463463     0.00096112
 34.73473473     0.00094227
 34.83483483     0.00092289
 34.93493493     0.00090303
 35.03503504     0.00088272
 35.13513514     0.00086201
 35.23523524     0.00084095
 35.33533534     0.00081958
 35.43543544     0.00079792
 35.53553554     0.00077604
 35.63563564     0.00075395
 35.73573574     0.00073170
 35.83583584     0.00070933
 35.93593594     0.00068686
 36.03603604     0.00066434
 36.13613614     0.00064179
 36.23623624     0.00061925
 36.33633634     0.00059674
 36.43643644     0.00057429
 36.53653654     0.00055194
 36.63663664     0.00052970
 36.73673674     0.00050761
 36.83683684     0.00048568
 36.93693694     0.00046395
 37.03703704     0.00044243
 37.13713714     0.00042114
 37.23723724     0.00040011
 37.33733734     0.00037935
 37.43743744     0.00035888
 37.53753754     0.00033872
 37.63763764     0.00031889
 37.73773774     0.00029939
 37.83783784     0.00028024
 37.93793794     0.00026146
 38.03803804     0.00024306
 38.13813814     0.00022504
 38.23823824     0.00020742
 38.33833834     0.00019021
 38.43843844     0.00017341
 38.53853854     0.00015703
 38.63863864     0.00014108
 38.73873874     0.00012557
 38.83883884     0.00011050
 38.93893894     0.00009587
 39.03903904     0.00008169
 39.13913914     0.00006795
 39.23923924     0.00005467
 39.33933934     0.00004184
 39.43943944     0.00002946
 39.53953954     0.00001754
 39.63963964     0.00000607
 39.73973974    -0.00000495
 39.83983984    -0.00001553
 39.93993994    -0.00002565
 40.04004004    -0.00003533
 40.14014014    -0.00004457
 40.24024024    -0.00005338
 40.34034034    -0.00006175
 40.44044044    -0.00006970
 40.54054054    -0.00007722
 40.64064064    -0.00008433
 40.74074074    -0.00009103
 40.84084084    -0.00009732
 40.94094094    -0.00010322
 41.04104104    -0.00010873
 41.14114114    -0.00011385
 41.24124124    -0.00011860
 41.34134134    -0.00012298
 41.44144144    -0.00012700
 41.54154154    -0.00013068
 41.64164164    -0.00013400
 41.74174174    -0.00013700
 41.84184184    -0.00013967
 41.94194194    -0.00014202
 42.04204204    -0.00014407
 42.14214214    -0.00014581
 42.24224224    -0.00014727
 42.34234234    -0.00014845
 42.44244244    -0.00014935
 42.54254254    -0.00015000
 42.64264264    -0.00015039
 42.74274274    -0.00015054
 42.84284284    -0.00015046
 42.94294294    -0.00015015
 43.04304304    -0.00014963
 43.14314314    -0.00014890
 43.24324324    -0.00014798
 43.34334334    -0.00014686
 43.44344344    -0.00014557
 43.54354354    -0.00014412
 43.64364364    -0.00014250
 43.74374374    -0.00014073
 43.84384384    -0.00013881
 43.94394394    -0.00013677
 44.04404404    -0.00013459
 44.14414414    -0.00013230
 44.24424424    -0.00012990
 44.34434434    -0.00012740
 44.44444444    -0.00012481
 44.54454454    -0.00012212
 44.64464464    -0.00011936
 44.74474474    -0.00011653
 44.84484484    -0.00011364
 44.94494494    -0.00011069
 45.04504505    -0.00010768
 45.14514515    -0.00010464
 45.24524525    -0.00010155
 45.34534535    -0.00009844
 45.44544545    -0.00009530
 45.54554555    -0.00009214
 45.64564565    -0.00008897
 45.74574575    -0.00008578
 45.84584585    -0.00008260
 45.94594595    -0.00007942
 46.04604605    -0.00007624
 46.14614615    -0.00007308
 46.24624625    -0.00006993
 46.34634635    -0.00006680
 46.44644645    -0.00006370
 46.54654655    -0.00006062
 46.64664665    -0.00005758
 46.74674675    -0.00005457
 46.84684685    -0.00005160
 46.94694695    -0.00004867
 47.04704705    -0.00004578
 47.14714715    -0.00004295
 47.24724725    -0.00004016
 47.34734735    -0.00003742
 47.44744745    -0.00003474
 47.54754755    -0.00003211
 47.64764765    -0.00002955
 47.74774775    -0.00002704
 47.84784785    -0.00002459
 47.94794795    -0.00002221
 48.04804805    -0.00001989
 48.14814815    -0.00001763
 48.24824825    -0.00001544
 48.34834835    -0.00001332
 48.44844845    -0.00001127
 48.54854855    -0.00000928
 48.64864865    -0.00000736
 48.74874875    -0.00000551
 48.84884885    -0.00000373
 48.94894895    -0.00000202
 49.04904905    -0.00000037
 49.14914915     0.00000120
 49.24924925     0.00000271
 49.34934935     0.00000415
 49.44944945     0.00000552
 49.54954955     0.00000682
 49.64964965     0.00000806
 49.74974975     0.00000923
 49.84984985     0.00001034
 49.94994995     0.00001139
 50.05005005     0.00001237
 50.15015015     0.00001329
 50.25025025     0.00001415
 50.35035035     0.00001494
 50.45045045     0.00001568
 50.55055055     0.00001637
 50.65065065     0.00001699
 50.75075075     0.00001756
 50.85085085     0.00001808
 50.95095095     0.00001855
 51.05105105     0.00001896
 51.15115115     0.00001933
 51.25125125     0.00001965
 51.35135135     0.00001992
 51.45145145     0.00002014
 51.55155155     0.00002032
 51.65165165     0.00002047
 51.75175175     0.00002057
 51.85185185     0.00002063
 51.95195195     0.00002065
 52.05205205     0.00002064
 52.15215215     0.00002059
 52.25225225     0.00002051
 52.35235235     0.00002040
 52.45245245     0.00002026
 52.55255255     0.00002009
 52.65265265     0.00001989
 52.75275275     0.00001967
 52.85285285     0.00001942
 52.95295295     0.00001915
 53.05305305     0.00001886
 53.15315315     0.00001855
 53.25325325     0.00001822
 53.35335335     0.00001788
 53.45345345     0.00001752
 53.55355355     0.00001714
 53.65365365     0.00001675
 53.75375375     0.00001635
 53.85385385     0.00001594
 53.95395395     0.00001551
 54.05405405     0.00001508
 54.15415415     0.00001464
 54.25425425     0.00001420
 54.35435435     0.00001375
 54.45445445     0.00001329
 54.55455455     0.00001283
 54.65465465     0.00001237
 54.75475475     0.00001191
 54.85485485     0.00001145
 54.95495495     0.00001098
 55.05505506     0.00001052
 55.15515516     0.00001006
 55.25525526     0.00000960
 55.35535536     0.00000914
 55.45545546     0.00000869
 55.55555556     0.00000824
 55.65565566     0.00000780
 55.75575576     0.00000736
 55.85585586     0.00000693
 55.95595596     0.00000651
 56.05605606     0.00000609
 56.15615616     0.00000568
 56.25625626     0.00000527
 56.35635636     0.00000488
 56.45645646     0.00000449
 56.55655656     0.00000412
 56.65665666     0.00000375
 56.75675676     0.00000339
 56.85685686     0.00000304
 56.95695696     0.00000270
 57.05705706     0.00000237
 57.15715716     0.00000205
 57.25725726     0.00000174
 57.35735736     0.00000144
 57.45745746     0.00000115
 57.55755756     0.00000088
 57.65765766     0.00000061
 57.75775776     0.00000035
 57.85785786     0.00000011
 57.95795796    -0.00000013
 58.05805806    -0.00000035
 58.15815816    -0.00000057
 58.25825826    -0.00000077
 58.35835836    -0.00000096
 58.45845846    -0.00000115
 58.55855856    -0.00000132
 58.65865866    -0.00000148
 58.75875876    -0.00000164
 58.85885886    -0.00000178
 58.95895896    -0.00000191
 59.05905906    -0.00000204
 59.15915916    -0.00000215
 59.25925926    -0.00000226
 59.35935936    -0.00000236
 59.45945946    -0.00000245
 59.55955956    -0.00000253
 59.65965966    -0.00000260
 59.75975976    -0.00000266
 59.85985986    -0.00000272
 59.95995996    -0.00000277
 60.06006006    -0.00000281
 60.16016016    -0.00000285
 60.26026026    -0.00000287
 60.36036036    -0.00000290
 60.46046046    -0.00000291
 60.56056056    -0.00000292
 60.66066066    -0.00000292
 60.76076076    -0.00000292
 60.86086086    -0.00000291
 60.96096096    -0.00000290
 61.06106106    -0.00000288
 61.16116116    -0.00000286
 61.26126126    -0.00000283
 61.36136136    -0.00000280
 61.46146146    -0.00000277
 61.56156156    -0.00000273
 61.66166166    -0.00000269
 61.76176176    -0.00000264
 61.86186186    -0.00000259
 61.96196196    -0.00000254
 62.06206206    -0.00000249
 62.16216216    -0.00000244
 62.26226226    -0.00000238
 62.36236236    -0.00000232
 62.46246246    -0.00000226
 62.56256256    -0.00000220
 62.66266266    -0.00000213
 62.76276276    -0.00000207
 62.86286286    -0.00000200
 62.96296296    -0.00000193
 63.06306306    -0.00000186
 63.16316316    -0.00000180
 63.26326326    -0.00000173
 63.36336336    -0.00000166
 63.46346346    -0.00000159
 63.56356356    -0.00000152
 63.66366366    -0.00000145
 63.76376376    -0.00000138
 63.86386386    -0.00000132
 63.96396396    -0.00000125
 64.06406406    -0.00000118
 64.16416416    -0.00000112
 64.26426426    -0.00000105
 64.36436436    -0.00000099
 64.46446446    -0.00000092
 64.56456456    -0.00000086
 64.66466466    -0.00000080
 64.76476476    -0.00000074
 64.86486486    -0.00000068
 64.96496496    -0.00000062
 65.06506507    -0.00000057
 65.16516517    -0.00000051
 65.26526527    -0.00000046
 65.36536537    -0.00000041
 65.46546547    -0.00000036
 65.56556557    -0.00000031
 65.66566567    -0.00000026
 65.76576577    -0.00000022
 65.86586587    -0.00000017
 65.96596597    -0.00000013
 66.06606607    -0.00000009
 66.16616617    -0.00000005
 66.26626627    -0.00000002
 66.36636637     0.00000002
 66.46646647     0.00000005
 66.56656657     0.00000008
 66.66666667     0.00000011
 66.76676677     0.00000014
 66.86686687     0.00000017
 66.96696697     0.00000020
 67.06706707     0.00000022
 67.16716717     0.00000024
 67.26726727     0.00000026
 67.36736737     0.00000028
 67.46746747     0.00000030
 67.56756757     0.00000032
 67.66766767     0.00000033
 67.76776777     0.00000035
 67.86786787     0.00000036
 67.96796797     0.00000037
 68.06806807     0.00000038
 68.16816817     0.00000039
 68.26826827     0.00000040
 68.36836837     0.00000041
 68.46846847     0.00000041
 68.56856857     0.00000042
 68.66866867     0.00000042
 68.76876877     0.00000042
 68.86886887     0.00000042
 68.96896897     0.00000042
 69.06906907     0.00000042
 69.16916917     0.00000042
 69.26926927     0.00000042
 69.36936937     0.00000042
 69.46946947     0.00000041
 69.56956957     0.00000041
 69.66966967     0.00000040
 69.76976977     0.00000040
 69.86986987     0.00000039
 69.96996997     0.00000039
 70.07007007     0.00000038
 70.17017017     0.00000037
 70.27027027     0.00000036
 70.37037037     0.00000036
 70.47047047     0.00000035
 70.57057057     0.00000034
 70.67067067     0.00000033
 70.77077077     0.00000032
 70.87087087     0.00000031
 70.97097097     0.00000030
 71.07107107     0.00000029
 71.17117117     0.00000028
 71.27127127     0.00000027
 71.37137137     0.00000026
 71.47147147     0.00000025
 71.57157157     0.00000024
 71.67167167     0.00000023
 71.77177177     0.00000022
 71.87187187     0.00000021
 71.97197197     0.00000020
 72.07207207     0.00000019
 72.17217217     0.00000018
 72.27227227     0.00000017
 72.37237237     0.00000016
 72.47247247     0.00000015
 72.57257257     0.00000014
 72.67267267     0.00000013
 72.77277277     0.00000012
 72.87287287     0.00000011
 72.97297297     0.00000010
 73.07307307     0.00000009
 73.17317317     0.00000008
 73.27327327     0.00000008
 73.37337337     0.00000007
 73.47347347     0.00000006
 73.57357357     0.00000005
 73.67367367     0.00000004
 73.77377377     0.00000004
 73.87387387     0.00000003
 73.97397397     0.00000002
 74.07407407     0.00000002
 74.17417417     0.00000001
 74.27427427     0.00000001
 74.37437437     0.00000000
 74.47447447    -0.00000000
 74.57457457    -0.00000001
 74.67467467    -0.00000001
 74.77477477    -0.00000002
 74.87487487    -0.00000002
 74.97497497    -0.00000003
 75.07507508    -0.00000003
 75.17517518    -0.00000003
 75.27527528    -0.00000004
 75.37537538    -0.00000004
 75.47547548    -0.00000004
 75.57557558    -0.00000005
 75.67567568    -0.00000005
 75.77577578    -0.00000005
 75.87587588    -0.00000005
 75.97597598    -0.00000005
 76.07607608    -0.00000006
 76.17617618    -0.00000006
 76.27627628    -0.00000006
 76.37637638    -0.00000006
 76.47647648    -0.00000006
 76.57657658    -0.00000006
 76.67667668    -0.00000006
 76.77677678    -0.00000006
 76.87687688    -0.00000006
 76.97697698    -0.00000006
 77.07707708    -0.00000006
 77.17717718    -0.00000006
 77.27727728    -0.00000006
 77.37737738    -0.00000006
 77.47747748    -0.00000006
 77.57757758    -0.00000006
 77.67767768    -0.00000006
 77.77777778    -0.00000006
 77.87787788    -0.00000006
 77.97797798    -0.00000006
 78.07807808    -0.00000005
 78.17817818    -0.00000005
 78.27827828    -0.00000005
 78.37837838    -0.00000005
 78.47847848    -0.00000005
 78.57857858    -0.00000005
 78.67867868    -0.00000005
 78.77877878    -0.00000005
 78.87887888    -0.00000004
 78.97897898    -0.00000004
 79.07907908    -0.00000004
 79.17917918    -0.00000004
 79.27927928    -0.00000004
 79.37937938    -0.00000004
 79.47947948    -0.00000003
 79.57957958    -0.00000003
 79.67967968    -0.00000003
 79.77977978    -0.00000003
 79.87987988    -0.00000003
 79.97997998    -0.00000003
 80.08008008    -0.00000003
 80.18018018    -0.00000002
 80.28028028    -0.00000002
 80.38038038    -0.00000002
 80.48048048    -0.00000002
 80.58058058    -0.00000002
 80.68068068    -0.00000002
 80.78078078    -0.00000002
 80.88088088    -0.00000001
 80.98098098    -0.00000001
 81.08108108    -0.00000001
 81.18118118    -0.00000001
 81.28128128    -0.00000001
 81.38138138    -0.00000001
 81.48148148    -0.00000001
 81.58158158    -0.00000001
 81.68168168    -0.00000000
 81.78178178    -0.00000000
 81.88188188    -0.00000000
 81.98198198    -0.00000000
 82.08208208    -0.00000000
 82.18218218    -0.00000000
 82.28228228     0.00000000
 82.38238238     0.00000000
 82.48248248     0.00000000
 82.58258258     0.00000000
 82.68268268     0.00000000
 82.78278278     0.00000000
 82.88288288     0.00000000
 82.98298298     0.00000001
 83.08308308     0.00000001
 83.18318318     0.00000001
 83.28328328     0.00000001
 83.38338338     0.00000001
 83.48348348     0.00000001
 83.58358358     0.00000001
 83.68368368     0.00000001
 83.78378378     0.00000001
 83.88388388     0.00000001
 83.98398398     0.00000001
 84.08408408     0.00000001
 84.18418418     0.00000001
 84.28428428     0.00000001
 84.38438438     0.00000001
 84.48448448     0.00000001
 84.58458458     0.00000001
 84.68468468     0.00000001
 84.78478478     0.00000001
 84.88488488     0.00000001
 84.98498498     0.00000001
 85.08508509     0.00000001
 85.18518519     0.00000001
 85.28528529     0.00000001
 85.38538539     0.00000001
 85.48548549     0.00000001
 85.58558559     0.00000001
 85.68568569     0.00000001
 85.78578579     0.00000001
 85.88588589     0.00000001
 85.98598599     0.00000001
 86.08608609     0.00000001
 86.18618619     0.00000001
 86.28628629     0.00000001
 86.38638639     0.00000001
 86.48648649     0.00000001
 86.58658659     0.00000001
 86.68668669     0.00000001
 86.78678679     0.00000001
 86.88688689     0.00000001
 86.98698699     0.00000001
 87.08708709     0.00000001
 87.18718719     0.00000001
 87.28728729     0.00000000
 87.38738739     0.00000000
 87.48748749     0.00000000
 87.58758759     0.00000000
 87.68768769     0.00000000
 87.78778779     0.00000000
 87.88788789     0.00000000
 87.98798799     0.00000000
 88.08808809     0.00000000
 88.18818819     0.00000000
 88.28828829     0.00000000
 88.38838839     0.00000000
 88.48848849     0.00000000
 88.58858859     0.00000000
 88.68868869     0.00000000
 88.78878879     0.00000000
 88.88888889     0.00000000
 88.98898899     0.00000000
 89.08908909     0.00000000
 89.18918919     0.00000000
 89.28928929     0.00000000
 89.38938939     0.00000000
 89.48948949     0.00000000
 89.58958959     0.00000000
 89.68968969     0.00000000
 89.78978979    -0.00000000
 89.88988989    -0.00000000
 89.98998999    -0.00000000
 90.09009009    -0.00000000
 90.19019019    -0.00000000
 90.29029029    -0.00000000
 90.39039039    -0.00000000
 90.49049049    -0.00000000
 90.59059059    -0.00000000
 90.69069069    -0.00000000
 90.79079079    -0.00000000
 90.89089089    -0.00000000
 90.99099099    -0.00000000
 91.09109109    -0.00000000
 91.19119119    -0.00000000
 91.29129129    -0.00000000
 91.39139139    -0.00000000
 91.49149149    -0.00000000
 91.59159159    -0.00000000
 91.69169169    -0.00000000
 91.79179179    -0.00000000
 91.89189189    -0.00000000
 91.99199199    -0.00000000
 92.09209209    -0.00000000
 92.19219219    -0.00000000
 92.29229229    -0.00000000
 92.39239239    -0.00000000
 92.49249249    -0.00000000
 92.59259259    -0.00000000
 92.69269269    -0.00000000
 92.79279279    -0.00000000
 92.89289289    -0.00000000
 92.99299299    -0.00000000
 93.09309309    -0.00000000
 93.19319319    -0.00000000
 93.29329329    -0.00000000
 93.39339339    -0.00000000
 93.49349349    -0.00000000
 93.59359359    -0.00000000
 93.69369369    -0.00000000
 93.79379379    -0.00000000
 93.89389389    -0.00000000
 93.99399399    -0.00000000
 94.09409409    -0.00000000
 94.19419419    -0.00000000
 94.29429429    -0.00000000
 94.39439439    -0.00000000
 94.49449449    -0.00000000
 94.59459459    -0.00000000
 94.69469469    -0.00000000
 94.79479479    -0.00000000
 94.89489489    -0.00000000
 94.99499499    -0.00000000
 95.09509510    -0.00000000
 95.19519520    -0.00000000
 95.29529530    -0.00000000
 95.39539540    -0.00000000
 95.49549550    -0.00000000
 95.59559560    -0.00000000
 95.69569570    -0.00000000
 95.79579580    -0.00000000
 95.89589590    -0.00000000
 95.99599600    -0.00000000
 96.09609610    -0.00000000
 96.19619620    -0.00000000
 96.29629630    -0.00000000
 96.39639640    -0.00000000
 96.49649650    -0.00000000
 96.59659660    -0.00000000
 96.69669670    -0.00000000
 96.79679680    -0.00000000
 96.89689690    -0.00000000
 96.99699700    -0.00000000
 97.09709710    -0.00000000
 97.19719720    -0.00000000
 97.29729730    -0.00000000
 97.39739740    -0.00000000
 97.49749750    -0.00000000
 97.59759760    -0.00000000
 97.69769770    -0.00000000
 97.79779780    -0.00000000
 97.89789790    -0.00000000
 97.99799800    -0.00000000
 98.09809810    -0.00000000
 98.19819820    -0.00000000
 98.29829830    -0.00000000
 98.39839840    -0.00000000
 98.49849850    -0.00000000
 98.59859860    -0.00000000
 98.69869870    -0.00000000
 98.79879880    -0.00000000
 98.89889890    -0.00000000
 98.99899900    -0.00000000
 99.09909910    -0.00000000
 99.19919920    -0.00000000
 99.29929930    -0.00000000
 99.39939940    -0.00000000
 99.49949950    -0.00000000
 99.59959960    -0.00000000
 99.69969970    -0.00000000
 99.79979980     0.00000000
 99.89989990     0.00000000
100.00000000     0.00000000
