  0.00000000    -0.42664454
  0.10010010    -0.41264454
  0.20020020    -0.39885562
  0.30030030    -0.38527779
  0.40040040    -0.37191100
  0.50050050    -0.35875514
  0.60060060    -0.34581006
  0.70070070    -0.33307557
  0.80080080    -0.32055140
  0.90090090    -0.30823726
  1.00100100    -0.29613279
  1.10110110    -0.28423759
  1.20120120    -0.27255121
  1.30130130    -0.26107315
  1.40140140    -0.24980286
  1.50150150    -0.23873974
  1.60160160    -0.22788315
  1.70170170    -0.21723238
  1.80180180    -0.20678671
  1.90190190    -0.19654533
  2.00200200    -0.18650741
  2.10210210    -0.17667207
  2.20220220    -0.16703839
  2.30230230    -0.15760537
  2.40240240    -0.14837202
  2.50250250    -0.13933727
  2.60260260    -0.13050000
  2.70270270    -0.12185907
  2.80280280    -0.11341328
  2.90290290    -0.10516141
  3.00300300    -0.09710217
  3.10310310    -0.08923425
  3.20320320    -0.08155630
  3.30330330    -0.07406691
  3.40340340    -0.06676465
  3.50350350    -0.05964805
  3.60360360    -0.05271560
  3.70370370    -0.04596576
  3.80380380    -0.03939694
  3.90390390    -0.03300752
  4.00400400    -0.02679586
  4.10410410    -0.02076028
  4.20420420    -0.01489905
  4.30430430    -0.00921043
  4.40440440    -0.00369265
  4.50450450     0.00165612
  4.60460460     0.00683769
  4.70470470     0.01185394
  4.80480480     0.01670675
  4.90490490     0.02139805
  5.00500501     0.02592977
  5.10510511     0.03030389
  5.20520521     0.03452239
  5.30530531     0.03858729
  5.40540541     0.04250062
  5.50550551     0.04626443
  5.60560561     0.04988080
  5.70570571     0.05335181
  5.80580581     0.05667959
  5.90590591     0.05986625
  6.00600601     0.06291394
  6.10610611     0.06582482
  6.20620621     0.06860104
  6.30630631     0.07124481
  6.40640641     0.07375830
  6.50650651     0.07614372
  6.60660661     0.07840330
  6.70670671     0.08053924
  6.80680681     0.08255379
  6.90690691     0.08444917
  7.00700701     0.08622763
  7.10710711     0.08789143
  7.20720721     0.08944280
  7.30730731     0.09088400
  7.40740741     0.09221730
  7.50750751     0.09344494
  7.60760761     0.09456918
  7.70770771     0.09559227
  7.80780781     0.09651648
  7.90790791     0.09734405
  8.00800801     0.09807722
  8.10810811     0.09871824
  8.20820821     0.09926935
  8.30830831     0.09973277
  8.40840841     0.10011073
  8.50850851     0.10040543
  8.60860861     0.10061910
  8.70870871     0.10075391
  8.80880881     0.10081206
  8.90890891     0.10079572
  9.00900901     0.10070704
  9.10910911     0.10054818
  9.20920921     0.10032127
  9.30930931     0.10002842
  9.40940941     0.09967175
  9.50950951     0.09925333
  9.60960961     0.09877523
  9.70970971     0.09823952
  9.80980981     0.09764822
  9.90990991     0.09700335
 10.01001001     0.09630690
 10.11011011     0.09556085
 10.21021021     0.09476716
 10.31031031     0.09392776
 10.41041041     0.09304456
 10.51051051     0.09211944
 10.61061061     0.09115429
 10.71071071     0.09015093
 10.81081081     0.08911119
 10.91091091     0.08803686
 11.01101101     0.08692971
 11.11111111     0.08579149
 11.21121121     0.08462391
 11.31131131     0.08342866
 11.41141141     0.08220741
 11.51151151     0.08096180
 11.61161161     0.07969343
 11.71171171     0.07840390
 11.81181181     0.07709475
 11.91191191     0.07576752
 12.01201201     0.07442369
 12.11211211     0.07306475
 12.21221221     0.07169213
 12.31231231     0.07030725
 12.41241241     0.06891147
 12.51251251     0.06750617
 12.61261261     0.06609266
 12.71271271     0.06467223
 12.81281281     0.06324615
 12.91291291     0.06181565
 13.01301301     0.06038193
 13.11311311     0.05894617
 13.21321321     0.05750951
 13.31331331     0.05607306
 13.41341341     0.05463791
 13.51351351     0.05320510
 13.61361361     0.05177566
 13.71371371     0.05035058
 13.81381381     0.04893082
 13.91391391     0.04751731
 14.01401401     0.04611095
 14.11411411     0.04471263
 14.21421421     0.04332317
 14.31431431     0.04194340
 14.41441441     0.04057409
 14.51451451     0.03921600
 14.61461461     0.03786986
 14.71471471     0.03653637
 14.81481481     0.03521618
 14.91491491     0.03390995
 15.01501502     0.03261828
 15.11511512     0.03134176
 15.21521522     0.03008094
 15.31531532     0.02883636
 15.41541542     0.02760852
 15.51551552     0.02639789
 15.61561562     0.02520492
 15.71571572     0.02403004
 15.81581582     0.02287364
 15.91591592     0.02173611
 16.01601602     0.02061777
 16.11611612     0.01951897
 16.21621622     0.01844000
 16.31631632     0.01738113
 16.41641642     0.01634262
 16.51651652     0.01532469
 16.61661662     0.01432756
 16.71671672     0.01335140
 16.81681682     0.01239639
 16.91691692     0.01146265
 17.01701702     0.01055032
 17.11711712     0.00965948
 17.21721722     0.00879023
 17.31731732     0.00794263
 17.41741742     0.00711670
 17.51751752     0.00631249
 17.61761762     0.00552999
 17.71771772     0.00476918
 17.81781782     0.00403005
 17.91791792     0.00331254
 18.01801802     0.00261659
 18.11811812     0.00194212
 18.21821822     0.00128903
 18.31831832     0.00065723
 18.41841842     0.00004657
 18.51851852    -0.00054306
 18.61861862    -0.00111184
 18.71871872    -0.00165991
 18.81881882    -0.00218745
 18.91891892    -0.00269466
 19.01901902    -0.00318174
 19.11911912    -0.00364889
 19.21921922    -0.00409633
 19.31931932    -0.00452431
 19.41941942    -0.00493305
 19.51951952    -0.00532281
 19.61961962    -0.00569386
 19.71971972    -0.00604646
 19.81981982    -0.00638088
 19.91991992    -0.00669741
 20.02002002    -0.00699634
 20.12012012    -0.00727796
 20.22022022    -0.00754259
 20.32032032    -0.00779053
 20.42042042    -0.00802209
 20.52052052    -0.00823759
 20.62062062    -0.00843736
 20.72072072    -0.00862173
 20.82082082    -0.00879102
 20.92092092    -0.00894558
 21.02102102    -0.00908574
 21.12112112    -0.00921184
 21.22122122    -0.00932423
 21.32132132    -0.00942325
 21.42142142    -0.00950925
 21.52152152    -0.00958257
 21.62162162    -0.00964357
 21.72172172    -0.00969260
 21.82182182    -0.00972999
 21.92192192    -0.00975611
 22.02202202    -0.00977131
 22.12212212    -0.00977592
 22.22222222    -0.00977030
 22.32232232    -0.00975480
 22.42242242    -0.00972976
 22.52252252    -0.00969552
 22.62262262    -0.00965242
 22.72272272    -0.00960081
 22.82282282    -0.00954102
 22.92292292    -0.00947338
 23.02302302    -0.00939822
 23.12312312    -0.00931587
 23.22322322    -0.00922666
 23.32332332    -0.00913090
 23.42342342    -0.00902891
 23.52352352    -0.00892100
 23.62362362    -0.00880749
 23.72372372    -0.00868868
 23.82382382    -0.00856486
 23.92392392    -0.00843633
 24.02402402    -0.00830338
 24.12412412    -0.00816630
 24.22422422    -0.00802537
 24.32432432    -0.00788086
 24.42442442    -0.00773304
 24.52452452    -0.00758219
 24.62462462    -0.00742854
 24.72472472    -0.00727238
 24.82482482    -0.00711393
 24.92492492    -0.00695344
 25.02502503    -0.00679115
 25.12512513    -0.00662730
 25.22522523    -0.00646210
 25.32532533    -0.00629577
 25.42542543    -0.00612854
 25.52552553    -0.00596060
 25.62562563    -0.00579216
 25.72572573    -0.00562342
 25.82582583    -0.00545456
 25.92592593    -0.00528576
 26.02602603    -0.00511721
 26.12612613    -0.00494908
 26.22622623    -0.00478154
 26.32632633    -0.00461473
 26.42642643    -0.00444882
 26.52652653    -0.00428396
 26.62662663    -0.00412028
 26.72672673    -0.00395792
 26.82682683    -0.00379702
 26.92692693    -0.00363770
 27.02702703    -0.00348007
 27.12712713    -0.00332425
 27.22722723    -0.00317035
 27.32732733    -0.00301846
 27.42742743    -0.00286869
 27.52752753    -0.00272113
 27.62762763    -0.00257587
 27.72772773    -0.00243297
 27.82782783    -0.00229252
 27.92792793    -0.00215460
 28.02802803    -0.00201925
 28.12812813    -0.00188655
 28.22822823    -0.00175656
 28.32832833    -0.00162931
 28.42842843    -0.00150486
 28.52852853    -0.00138325
 28.62862863    -0.00126451
 28.72872873    -0.00114868
 28.82882883    -0.00103579
 28.92892893    -0.00092586
 29.02902903    -0.00081891
 29.12912913    -0.00071496
 29.22922923    -0.00061402
 29.32932933    -0.00051610
 29.42942943    -0.00042121
 29.52952953    -0.00032934
 29.62962963    -0.00024049
 29.72972973    -0.00015467
 29.82982983    -0.00007185
 29.92992993     0.00000796
 30.03003003     0.00008479
 30.13013013     0.00015865
 30.23023023     0.00022956
 30.33033033     0.00029755
 30.43043043     0.00036263
 30.53053053     0.00042485
 30.63063063     0.00048421
 30.73073073     0.00054077
 30.83083083     0.00059455
 30.93093093     0.00064559
 31.03103103     0.00069392
 31.13113113     0.00073959
 31.23123123     0.00078264
 31.33133133     0.00082311
 31.43143143     0.00086104
 31.53153153     0.00089649
 31.63163163     0.00092949
 31.73173173     0.00096010
 31.83183183     0.00098837
 31.93193193     0.00101435
 32.03203203     0.00103809
 32.13213213     0.00105963
 32.23223223     0.00107904
 32.33233233     0.00109637
 32.43243243     0.00111168
 32.53253253     0.00112501
 32.63263263     0.00113642
 32.73273273     0.00114597
 32.83283283     0.00115372
 32.93293293     0.00115972
 33.03303303     0.00116402
 33.13313313     0.00116669
 33.23323323     0.00116777
 33.33333333     0.00116734
 33.43343343     0.00116543
 33.53353353     0.00116211
 33.63363363     0.00115744
 33.73373373     0.00115147
 33.83383383     0.00114425
 33.93393393     0.00113583
 34.03403403     0.00112629
 34.13413413     0.00111565
 34.23423423     0.00110399
 34.33433433     0.00109135
 34.43443443     0.00107778
 34.53453453     0.00106334
 34.63463463     0.00104807
 34.73473473     0.00103202
 34.83483483     0.00101525
 34.93493493     0.00099780
 35.03503504     0.00097972
 35.13513514     0.00096106
 35.23523524     0.00094185
 35.33533534     0.00092215
 35.43543544     0.00090200
 35.53553554     0.00088144
 35.63563564     0.00086051
 35.73573574     0.00083925
 35.83583584     0.00081770
 35.93593594     0.00079591
 36.03603604     0.00077390
 36.13613614     0.00075171
 36.23623624     0.00072939
 36.33633634     0.00070696
 36.43643644     0.00068445
 36.53653654     0.00066190
 36.63663664     0.00063935
 36.73673674     0.00061681
 36.83683684     0.00059431
 36.93693694     0.00057190
 37.03703704     0.00054958
 37.13713714     0.00052740
 37.23723724     0.00050536
 37.33733734     0.00048350
 37.43743744     0.00046184
 37.53753754     0.00044039
 37.63763764     0.00041919
 37.73773774     0.00039824
 37.83783784     0.00037757
 37.93793794     0.00035719
 38.03803804     0.00033712
 38.13813814     0.00031737
 38.23823824     0.00029796
 38.33833834     0.00027890
 38.43843844     0.00026021
 38.53853854     0.00024189
 38.63863864     0.00022396
 38.73873874     0.00020642
 38.83883884     0.00018928
 38.93893894     0.00017256
 39.03903904     0.00015625
 39.13913914     0.00014037
 39.23923924     0.00012492
 39.33933934     0.00010991
 39.43943944     0.00009533
 39.53953954     0.00008119
 39.63963964     0.00006750
 39.73973974     0.00005425
 39.83983984     0.00004146
 39.93993994     0.00002910
 40.04004004     0.00001720
 40.14014014     0.00000574
 40.24024024    -0.00000527
 40.34034034    -0.00001584
 40.44044044    -0.00002596
 40.54054054    -0.00003565
 40.64064064    -0.00004490
 40.74074074    -0.00005373
 40.84084084    -0.00006212
 40.94094094    -0.00007010
 41.04104104    -0.00007765
 41.14114114    -0.00008480
 41.24124124    -0.00009154
 41.34134134    -0.00009788
 41.44144144    -0.00010382
 41.54154154    -0.00010938
 41.64164164    -0.00011457
 41.74174174    -0.00011937
 41.84184184    -0.00012382
 41.94194194    -0.00012791
 42.04204204    -0.00013165
 42.14214214    -0.00013505
 42.24224224    -0.00013812
 42.34234234    -0.00014086
 42.44244244    -0.00014329
 42.54254254    -0.00014542
 42.64264264    -0.00014724
 42.74274274    -0.00014878
 42.84284284    -0.00015004
 42.94294294    -0.00015103
 43.04304304    -0.00015176
 43.14314314    -0.00015223
 43.24324324    -0.00015246
 43.34334334    -0.00015246
 43.44344344    -0.00015224
 43.54354354    -0.00015179
 43.64364364    -0.00015115
 43.74374374    -0.00015030
 43.84384384    -0.00014927
 43.94394394    -0.00014805
 44.04404404    -0.00014667
 44.14414414    -0.00014512
 44.24424424    -0.00014342
 44.34434434    -0.00014157
 44.44444444    -0.00013959
 44.54454454    -0.00013748
 44.64464464    -0.00013525
 44.74474474    -0.00013290
 44.84484484    -0.00013045
 44.94494494    -0.00012791
 45.04504505    -0.00012528
 45.14514515    -0.00012256
 45.24524525    -0.00011977
 45.34534535    -0.00011691
 45.44544545    -0.00011399
 45.54554555    -0.00011102
 45.64564565    -0.00010800
 45.74574575    -0.00010494
 45.84584585    -0.00010184
 45.94594595    -0.00009872
 46.04604605    -0.00009557
 46.14614615    -0.00009240
 46.24624625    -0.00008923
 46.34634635    -0.00008604
 46.44644645    -0.00008286
 46.54654655    -0.00007967
 46.64664665    -0.00007650
 46.74674675    -0.00007334
 46.84684685    -0.00007019
 46.94694695    -0.00006707
 47.04704705    -0.00006397
 47.14714715    -0.00006089
 47.24724725    -0.00005785
 47.34734735    -0.00005485
 47.44744745    -0.00005188
 47.54754755    -0.00004896
 47.64764765    -0.00004608
 47.74774775    -0.00004324
 47.84784785    -0.00004046
 47.94794795    -0.00003772
 48.04804805    -0.00003504
 48.14814815    -0.00003242
 48.24824825    -0.00002985
 48.34834835    -0.00002735
 48.44844845    -0.00002490
 48.54854855    -0.00002252
 48.64864865    -0.00002019
 48.74874875    -0.00001794
 48.84884885    -0.00001574
 48.94894895    -0.00001362
 49.04904905    -0.00001156
 49.14914915    -0.00000956
 49.24924925    -0.00000764
 49.34934935    -0.00000578
 49.44944945    -0.00000399
 49.54954955    -0.00000227
 49.64964965    -0.00000061
 49.74974975     0.00000097
 49.84984985     0.00000249
 49.94994995     0.00000394
 50.05005005     0.00000533
 50.15015015     0.00000664
 50.25025025     0.00000790
 50.35035035     0.00000909
 50.45045045     0.00001021
 50.55055055     0.00001127
 50.65065065     0.00001227
 50.75075075     0.00001320
 50.85085085     0.00001408
 50.95095095     0.00001490
 51.05105105     0.00001566
 51.15115115     0.00001636
 51.25125125     0.00001700
 51.35135135     0.00001759
 51.45145145     0.00001813
 51.55155155     0.00001862
 51.65165165     0.00001905
 51.75175175     0.00001944
 51.85185185     0.00001977
 51.95195195     0.00002006
 52.05205205     0.00002031
 52.15215215     0.00002051
 52.25225225     0.00002067
 52.35235235     0.00002079
 52.45245245     0.00002087
 52.55255255     0.00002091
 52.65265265     0.00002092
 52.75275275     0.00002089
 52.85285285     0.00002082
 52.95295295     0.00002073
 53.05305305     0.00002061
 53.15315315     0.00002045
 53.25325325     0.00002027
 53.35335335     0.00002006
 53.45345345     0.00001983
 53.55355355     0.00001958
 53.65365365     0.00001930
 53.75375375     0.00001900
 53.85385385     0.00001869
 53.95395395     0.00001835
 54.05405405     0.00001800
 54.15415415     0.00001763
 54.25425425     0.00001725
 54.35435435     0.00001686
 54.45445445     0.00001645
 54.55455455     0.00001604
 54.65465465     0.00001561
 54.75475475     0.00001518
 54.85485485     0.00001474
 54.95495495     0.00001429
 55.05505506     0.00001384
 55.15515516     0.00001339
 55.25525526     0.00001293
 55.35535536     0.00001246
 55.45545546     0.00001200
 55.55555556     0.00001154
 55.65565566     0.00001107
 55.75575576     0.00001061
 55.85585586     0.00001015
 55.95595596     0.00000969
 56.05605606     0.00000923
 56.15615616     0.00000878
 56.25625626     0.00000833
 56.35635636     0.00000789
 56.45645646     0.00000745
 56.55655656     0.00000702
 56.65665666     0.00000660
 56.75675676     0.00000618
 56.85685686     0.00000577
 56.95695696     0.00000536
 57.05705706     0.00000497
 57.15715716     0.00000458
 57.25725726     0.00000420
 57.35735736     0.00000383
 57.45745746     0.00000347
 57.55755756     0.00000312
 57.65765766     0.00000278
 57.75775776     0.00000245
 57.85785786     0.00000213
 57.95795796     0.00000182
 58.05805806     0.00000152
 58.15815816     0.00000123
 58.25825826     0.00000095
 58.35835836     0.00000068
 58.45845846     0.00000042
 58.55855856     0.00000017
 58.65865866    -0.00000007
 58.75875876    -0.00000030
 58.85885886    -0.00000051
 58.95895896    -0.00000072
 59.05905906    -0.00000092
 59.15915916    -0.00000110
 59.25925926    -0.00000128
 59.35935936    -0.00000145
 59.45945946    -0.00000160
 59.55955956    -0.00000175
 59.65965966    -0.00000189
 59.75975976    -0.00000202
 59.85985986    -0.00000214
 59.95995996    -0.00000225
 60.06006006    -0.00000235
 60.16016016    -0.00000244
 60.26026026    -0.00000252
 60.36036036    -0.00000260
 60.46046046    -0.00000267
 60.56056056    -0.00000273
 60.66066066    -0.00000278
 60.76076076    -0.00000283
 60.86086086    -0.00000287
 60.96096096    -0.00000290
 61.06106106    -0.00000292
 61.16116116    -0.00000294
 61.26126126    -0.00000295
 61.36136136    -0.00000296
 61.46146146    -0.00000296
 61.56156156    -0.00000296
 61.66166166    -0.00000295
 61.76176176    -0.00000293
 61.86186186    -0.00000291
 61.96196196    -0.00000289
 62.06206206    -0.00000286
 62.16216216    -0.00000283
 62.26226226    -0.00000279
 62.36236236    -0.00000275
 62.46246246    -0.00000271
 62.56256256    -0.00000267
 62.66266266    -0.00000262
 62.76276276    -0.00000257
 62.86286286    -0.00000251
 62.96296296    -0.00000246
 63.06306306    -0.00000240
 63.16316316    -0.00000234
 63.26326326    -0.00000228
 63.36336336    -0.00000221
 63.46346346    -0.00000215
 63.56356356    -0.00000208
 63.66366366    -0.00000202
 63.76376376    -0.00000195
 63.86386386    -0.00000188
 63.96396396    -0.00000181
 64.06406406    -0.00000175
 64.16416416    -0.00000168
 64.26426426    -0.00000161
 64.36436436    -0.00000154
 64.46446446    -0.00000147
 64.56456456    -0.00000140
 64.66466466    -0.00000133
 64.76476476    -0.00000127
 64.86486486    -0.00000120
 64.96496496    -0.00000113
 65.06506507    -0.00000107
 65.16516517    -0.00000100
 65.26526527    -0.00000094
 65.36536537    -0.00000088
 65.46546547    -0.00000082
 65.56556557    -0.00000076
 65.66566567    -0.00000070
 65.76576577    -0.00000064
 65.86586587    -0.00000058
 65.96596597    -0.00000053
 66.06606607    -0.00000048
 66.16616617    -0.00000042
 66.26626627    -0.00000037
 66.36636637    -0.00000033
 66.46646647    -0.00000028
 66.56656657    -0.00000023
 66.66666667    -0.00000019
 66.76676677    -0.00000015
 66.86686687    -0.00000011
 66.96696697    -0.00000007
 67.06706707    -0.00000003
 67.16716717     0.00000001
 67.26726727     0.00000004
 67.36736737     0.00000007
 67.46746747     0.00000011
 67.56756757     0.00000013
 67.66766767     0.00000016
 67.76776777     0.00000019
 67.86786787     0.00000021
 67.96796797     0.00000024
 68.06806807     0.00000026
 68.16816817     0.00000028
 68.26826827     0.00000030
 68.36836837     0.00000032
 68.46846847     0.00000033
 68.56856857     0.00000035
 68.66866867     0.00000036
 68.76876877     0.00000037
 68.86886887     0.00000038
 68.96896897     0.00000039
 69.06906907     0.00000040
 69.16916917     0.00000041
 69.26926927     0.00000041
 69.36936937     0.00000042
 69.46946947     0.00000042
 69.56956957     0.00000042
 69.66966967     0.00000043
 69.76976977     0.00000043
 69.86986987     0.00000043
 69.96996997     0.00000043
 70.07007007     0.00000043
 70.17017017     0.00000042
 70.27027027     0.00000042
 70.37037037     0.00000042
 70.47047047     0.00000041
 70.57057057     0.00000041
 70.67067067     0.00000040
 70.77077077     0.00000040
 70.87087087     0.00000039
 70.97097097     0.00000038
 71.07107107     0.00000037
 71.17117117     0.00000037
 71.27127127     0.00000036
 71.37137137     0.00000035
 71.47147147     0.00000034
 71.57157157     0.00000033
 71.67167167     0.00000032
 71.77177177     0.00000031
 71.87187187     0.00000030
 71.97197197     0.00000029
 72.07207207     0.00000028
 72.17217217     0.00000027
 72.27227227     0.00000026
 72.37237237     0.00000025
 72.47247247     0.00000024
 72.57257257     0.00000023
 72.67267267     0.00000022
 72.77277277     0.00000021
 72.87287287     0.00000020
 72.97297297     0.00000019
 73.07307307     0.00000018
 73.17317317     0.00000017
 73.27327327     0.00000016
 73.37337337     0.00000015
 73.47347347     0.00000014
 73.57357357     0.00000013
 73.67367367     0.00000012
 73.77377377     0.00000011
 73.87387387     0.00000010
 73.97397397     0.00000010
 74.07407407     0.00000009
 74.17417417     0.00000008
 74.27427427     0.00000007
 74.37437437     0.00000006
 74.47447447     0.00000005
 74.57457457     0.00000005
 74.67467467     0.00000004
 74.77477477     0.00000003
 74.87487487     0.00000003
 74.97497497     0.00000002
 75.07507508     0.00000001
 75.17517518     0.00000001
 75.27527528     0.00000000
 75.37537538    -0.00000000
 75.47547548    -0.00000001
 75.57557558    -0.00000001
 75.67567568    -0.00000002
 75.77577578    -0.00000002
 75.87587588    -0.00000003
 75.97597598    -0.00000003
 76.07607608    -0.00000003
 76.17617618    -0.00000004
 76.27627628    -0.00000004
 76.37637638    -0.00000004
 76.47647648    -0.00000005
 76.57657658    -0.00000005
 76.67667668    -0.00000005
 76.77677678    -0.00000005
 76.87687688    -0.00000005
 76.97697698    -0.00000006
 77.07707708    -0.00000006
 77.17717718    -0.00000006
 77.27727728    -0.00000006
 77.37737738    -0.00000006
 77.47747748    -0.00000006
 77.57757758    -0.00000006
 77.67767768    -0.00000006
 77.77777778    -0.00000006
 77.87787788    -0.00000006
 77.97797798    -0.00000006
 78.07807808    -0.00000006
 78.17817818    -0.00000006
 78.27827828    -0.00000006
 78.37837838    -0.00000006
 78.47847848    -0.00000006
 78.57857858    -0.00000006
 78.67867868    -0.00000006
 78.77877878    -0.00000006
 78.87887888    -0.00000006
 78.97897898    -0.00000006
 79.07907908    -0.00000006
 79.17917918    -0.00000005
 79.27927928    -0.00000005
 79.37937938    -0.00000005
 79.47947948    -0.00000005
 79.57957958    -0.00000005
 79.67967968    -0.00000005
 79.77977978    -0.00000005
 79.87987988    -0.00000004
 79.97997998    -0.00000004
 80.08008008    -0.00000004
 80.18018018    -0.00000004
 80.28028028    -0.00000004
 80.38038038    -0.00000004
 80.48048048    -0.00000004
 80.58058058    -0.00000003
 80.68068068    -0.00000003
 80.78078078    -0.00000003
 80.88088088    -0.00000003
 80.98098098    -0.00000003
 81.08108108    -0.00000003
 81.18118118    -0.00000002
 81.28128128    -0.00000002
 81.38138138    -0.00000002
 81.48148148    -0.00000002
 81.58158158    -0.00000002
 81.68168168    -0.00000002
 81.78178178    -0.00000002
 81.88188188    -0.00000001
 81.98198198    -0.00000001
 82.08208208    -0.00000001
 82.18218218    -0.00000001
 82.28228228    -0.00000001
 82.38238238    -0.00000001
 82.48248248    -0.00000001
 82.58258258    -0.00000001
 82.68268268    -0.00000000
 82.78278278    -0.00000000
 82.88288288    -0.00000000
 82.98298298    -0.00000000
 83.08308308    -0.00000000
 83.18318318    -0.00000000
 83.28328328     0.00000000
 83.38338338     0.00000000
 83.48348348     0.00000000
 83.58358358     0.00000000
 83.68368368     0.00000000
 83.78378378     0.00000000
 83.88388388     0.00000000
 83.98398398     0.00000001
 84.08408408     0.00000001
 84.18418418     0.00000001
 84.28428428     0.00000001
 84.38438438     0.00000001
 84.48448448     0.00000001
 84.58458458     0.00000001
 84.68468468     0.00000001
 84.78478478     0.00000001
 84.88488488     0.00000001
 84.98498498     0.00000001
 85.08508509     0.00000001
 85.18518519     0.00000001
 85.28528529     0.00000001
 85.38538539     0.00000001
 85.48548549     0.00000001
 85.58558559     0.00000001
 85.68568569     0.00000001
 85.78578579     0.00000001
 85.88588589     0.00000001
 85.98598599     0.00000001
 86.08608609     0.00000001
 86.18618619     0.00000001
 86.28628629     0.00000001
 86.38638639     0.00000001
 86.48648649     0.00000001
 86.58658659     0.00000001
 86.68668669     0.00000001
 86.78678679     0.00000001
 86.88688689     0.00000001
 86.98698699     0.00000001
 87.08708709     0.00000001
 87.18718719     0.00000001
 87.28728729     0.00000001
 87.38738739     0.00000001
 87.48748749     0.00000001
 87.58758759     0.00000001
 87.68768769     0.00000001
 87.78778779     0.00000001
 87.88788789     0.00000001
 87.98798799     0.00000001
 88.08808809     0.00000001
 88.18818819     0.00000001
 88.28828829     0.00000001
 88.38838839     0.00000000
 88.48848849     0.00000000
 88.58858859     0.00000000
 88.68868869     0.00000000
 88.78878879     0.00000000
 88.88888889     0.00000000
 88.98898899     0.00000000
 89.08908909     0.00000000
 89.18918919     0.00000000
 89.28928929     0.00000000
 89.38938939     0.00000000
 89.48948949     0.00000000
 89.58958959     0.00000000
 89.68968969     0.00000000
 89.78978979     0.00000000
 89.88988989     0.00000000
 89.98998999     0.00000000
 90.09009009     0.00000000
 90.19019019     0.00000000
 90.29029029     0.00000000
 90.39039039     0.00000000
 90.49049049     0.00000000
 90.59059059     0.00000000
 90.69069069     0.00000000
 90.79079079     0.00000000
 90.89089089    -0.00000000
 90.99099099    -0.00000000
 91.09109109    -0.00000000
 91.19119119    -0.00000000
 91.29129129    -0.00000000
 91.39139139    -0.00000000
 91.49149149    -0.00000000
 91.59159159    -0.00000000
 91.69169169    -0.00000000
 91.79179179    -0.00000000
 91.89189189    -0.00000000
 91.99199199    -0.00000000
 92.09209209    -0.00000000
 92.19219219    -0.00000000
 92.29229229    -0.00000000
 92.39239239    -0.00000000
 92.49249249    -0.00000000
 92.59259259    -0.00000000
 92.69269269    -0.00000000
 92.79279279    -0.00000000
 92.89289289    -0.00000000
 92.99299299    -0.00000000
 93.09309309    -0.00000000
 93.19319319    -0.00000000
 93.29329329    -0.00000000
 93.39339339    -0.00000000
 93.49349349    -0.00000000
 93.59359359    -0.00000000
 93.69369369    -0.00000000
 93.79379379    -0.00000000
 93.89389389    -0.00000000
 93.99399399    -0.00000000
 94.09409409    -0.00000000
 94.19419419    -0.00000000
 94.29429429    -0.00000000
 94.39439439    -0.00000000
 94.49449449    -0.00000000
 94.59459459    -0.00000000
 94.69469469    -0.00000000
 94.79479479    -0.00000000
 94.89489489    -0.00000000
 94.99499499    -0.00000000
 95.09509510    -0.00000000
 95.19519520    -0.00000000
 95.29529530    -0.00000000
 95.39539540    -0.00000000
 95.49549550    -0.00000000
 95.59559560    -0.00000000
 95.69569570    -0.00000000
 95.79579580    -0.00000000
 95.89589590    -0.00000000
 95.99599600    -0.00000000
 96.09609610    -0.00000000
 96.19619620    -0.00000000
 96.29629630    -0.00000000
 96.39639640    -0.00000000
 96.49649650    -0.00000000
 96.59659660    -0.00000000
 96.69669670    -0.00000000
 96.79679680    -0.00000000
 96.89689690    -0.00000000
 96.99699700    -0.00000000
 97.09709710    -0.00000000
 97.19719720    -0.00000000
 97.29729730    -0.00000000
 97.39739740    -0.00000000
 97.49749750    -0.00000000
 97.59759760    -0.00000000
 97.69769770    -0.00000000
 97.79779780    -0.00000000
 97.89789790    -0.00000000
 97.99799800    -0.00000000
 98.09809810    -0.00000000
 98.19819820    -0.00000000
 98.29829830    -0.00000000
 98.39839840    -0.00000000
 98.49849850    -0.00000000
 98.59859860    -0.00000000
 98.69869870    -0.00000000
 98.79879880    -0.00000000
 98.89889890    -0.00000000
 98.99899900    -0.00000000
 99.09909910    -0.00000000
 99.19919920    -0.00000000
 99.29929930    -0.00000000
 99.39939940    -0.00000000
 99.49949950    -0.00000000
 99.59959960    -0.00000000
 99.69969970     0.00000000
 99.79979980     0.00000000
 99.89989990     0.00000000
100.00000000     0.00000000
