  0.00000000    -0.42913776
  0.10010010    -0.41513776
  0.20020020    -0.40134759
  0.30030030    -0.38776726
  0.40040040    -0.37439672
  0.50050050    -0.36123585
  0.60060060    -0.34828453
  0.70070070    -0.33554254
  0.80080080    -0.32300964
  0.90090090    -0.31068554
  1.00100100    -0.29856988
  1.10110110    -0.28666227
  1.20120120    -0.27496227
  1.30130130    -0.26346939
  1.40140140    -0.25218309
  1.50150150    -0.24110277
  1.60160160    -0.23022781
  1.70170170    -0.21955752
  1.80180180    -0.20909118
  1.90190190    -0.19882800
  2.00200200    -0.18876716
  2.10210210    -0.17890781
  2.20220220    -0.16924901
  2.30230230    -0.15978983
  2.40240240    -0.15052926
  2.50250250    -0.14146625
  2.60260260    -0.13259972
  2.70270270    -0.12392853
  2.80280280    -0.11545151
  2.90290290    -0.10716746
  3.00300300    -0.09907511
  3.10310310    -0.09117318
  3.20320320    -0.08346032
  3.30330330    -0.07593517
  3.40340340    -0.06859632
  3.50350350    -0.06144231
  3.60360360    -0.05447167
  3.70370370    -0.04768288
  3.80380380    -0.04107437
  3.90390390    -0.03464456
  4.00400400    -0.02839183
  4.10410410    -0.02231451
  4.20420420    -0.01641093
  4.30430430    -0.01067937
  4.40440440    -0.00511807
  4.50450450     0.00027475
  4.60460460     0.00550089
  4.70470470     0.01056218
  4.80480480     0.01546049
  4.90490490     0.02019771
  5.00500501     0.02477574
  5.10510511     0.02919653
  5.20520521     0.03346203
  5.30530531     0.03757422
  5.40540541     0.04153512
  5.50550551     0.04534673
  5.60560561     0.04901112
  5.70570571     0.05253032
  5.80580581     0.05590644
  5.90590591     0.05914155
  6.00600601     0.06223778
  6.10610611     0.06519724
  6.20620621     0.06802208
  6.30630631     0.07071445
  6.40640641     0.07327651
  6.50650651     0.07571044
  6.60660661     0.07801842
  6.70670671     0.08020265
  6.80680681     0.08226532
  6.90690691     0.08420864
  7.00700701     0.08603483
  7.10710711     0.08774611
  7.20720721     0.08934469
  7.30730731     0.09083281
  7.40740741     0.09221269
  7.50750751     0.09348656
  7.60760761     0.09465666
  7.70770771     0.09572520
  7.80780781     0.09669443
  7.90790791     0.09756656
  8.00800801     0.09834381
  8.10810811     0.09902840
  8.20820821     0.09962255
  8.30830831     0.10012846
  8.40840841     0.10054833
  8.50850851     0.10088435
  8.60860861     0.10113870
  8.70870871     0.10131357
  8.80880881     0.10141111
  8.90890891     0.10143347
  9.00900901     0.10138280
  9.10910911     0.10126123
  9.20920921     0.10107087
  9.30930931     0.10081382
  9.40940941     0.10049216
  9.50950951     0.10010798
  9.60960961     0.09966332
  9.70970971     0.09916023
  9.80980981     0.09860071
  9.90990991     0.09798679
 10.01001001     0.09732043
 10.11011011     0.09660360
 10.21021021     0.09583825
 10.31031031     0.09502630
 10.41041041     0.09416965
 10.51051051     0.09327018
 10.61061061     0.09232976
 10.71071071     0.09135021
 10.81081081     0.09033335
 10.91091091     0.08928096
 11.01101101     0.08819481
 11.11111111     0.08707665
 11.21121121     0.08592818
 11.31131131     0.08475109
 11.41141141     0.08354705
 11.51151151     0.08231768
 11.61161161     0.08106462
 11.71171171     0.07978942
 11.81181181     0.07849366
 11.91191191     0.07717886
 12.01201201     0.07584651
 12.11211211     0.07449810
 12.21221221     0.07313507
 12.31231231     0.07175882
 12.41241241     0.07037076
 12.51251251     0.06897223
 12.61261261     0.06756457
 12.71271271     0.06614907
 12.81281281     0.06472701
 12.91291291     0.06329963
 13.01301301     0.06186813
 13.11311311     0.06043370
 13.21321321     0.05899750
 13.31331331     0.05756064
 13.41341341     0.05612422
 13.51351351     0.05468930
 13.61361361     0.05325691
 13.71371371     0.05182807
 13.81381381     0.05040374
 13.91391391     0.04898486
 14.01401401     0.04757236
 14.11411411     0.04616712
 14.21421421     0.04476999
 14.31431431     0.04338181
 14.41441441     0.04200337
 14.51451451     0.04063545
 14.61461461     0.03927878
 14.71471471     0.03793408
 14.81481481     0.03660203
 14.91491491     0.03528329
 15.01501502     0.03397849
 15.11511512     0.03268824
 15.21521522     0.03141310
 15.31531532     0.03015362
 15.41541542     0.02891033
 15.51551552     0.02768371
 15.61561562     0.02647425
 15.71571572     0.02528237
 15.81581582     0.02410850
 15.91591592     0.02295303
 16.01601602     0.02181632
 16.11611612     0.02069872
 16.21621622     0.01960055
 16.31631632     0.01852210
 16.41641642     0.01746364
 16.51651652     0.01642543
 16.61661662     0.01540768
 16.71671672     0.01441061
 16.81681682     0.01343439
 16.91691692     0.01247918
 17.01701702     0.01154513
 17.11711712     0.01063235
 17.21721722     0.00974095
 17.31731732     0.00887100
 17.41741742     0.00802256
 17.51751752     0.00719568
 17.61761762     0.00639038
 17.71771772     0.00560666
 17.81781782     0.00484451
 17.91791792     0.00410391
 18.01801802     0.00338481
 18.11811812     0.00268714
 18.21821822     0.00201084
 18.31831832     0.00135580
 18.41841842     0.00072192
 18.51851852     0.00010909
 18.61861862    -0.00048283
 18.71871872    -0.00105400
 18.81881882    -0.00160457
 18.91891892    -0.00213471
 19.01901902    -0.00264462
 19.11911912    -0.00313447
 19.21921922    -0.00360449
 19.31931932    -0.00405489
 19.41941942    -0.00448590
 19.51951952    -0.00489776
 19.61961962    -0.00529070
 19.71971972    -0.00566499
 19.81981982    -0.00602090
 19.91991992    -0.00635868
 20.02002002    -0.00667863
 20.12012012    -0.00698102
 20.22022022    -0.00726616
 20.32032032    -0.00753433
 20.42042042    -0.00778584
 20.52052052    -0.00802101
 20.62062062    -0.00824014
 20.72072072    -0.00844356
 20.82082082    -0.00863159
 20.92092092    -0.00880455
 21.02102102    -0.00896278
 21.12112112    -0.00910662
 21.22122122    -0.00923639
 21.32132132    -0.00935243
 21.42142142    -0.00945510
 21.52152152    -0.00954472
 21.62162162    -0.00962164
 21.72172172    -0.00968622
 21.82182182    -0.00973878
 21.92192192    -0.00977968
 22.02202202    -0.00980927
 22.12212212    -0.00982788
 22.22222222    -0.00983587
 22.32232232    -0.00983357
 22.42242242    -0.00982133
 22.52252252    -0.00979950
 22.62262262    -0.00976840
 22.72272272    -0.00972838
 22.82282282    -0.00967977
 22.92292292    -0.00962292
 23.02302302    -0.00955813
 23.12312312    -0.00948576
 23.22322322    -0.00940611
 23.32332332    -0.00931951
 23.42342342    -0.00922629
 23.52352352    -0.00912674
 23.62362362    -0.00902119
 23.72372372    -0.00890994
 23.82382382    -0.00879329
 23.92392392    -0.00867154
 24.02402402    -0.00854499
 24.12412412    -0.00841392
 24.22422422    -0.00827862
 24.32432432    -0.00813936
 24.42442442    -0.00799643
 24.52452452    -0.00785008
 24.62462462    -0.00770059
 24.72472472    -0.00754821
 24.82482482    -0.00739320
 24.92492492    -0.00723581
 25.02502503    -0.00707627
 25.12512513    -0.00691483
 25.22522523    -0.00675171
 25.32532533    -0.00658715
 25.42542543    -0.00642135
 25.52552553    -0.00625454
 25.62562563    -0.00608693
 25.72572573    -0.00591871
 25.82582583    -0.00575009
 25.92592593    -0.00558124
 26.02602603    -0.00541237
 26.12612613    -0.00524364
 26.22622623    -0.00507523
 26.32632633    -0.00490731
 26.42642643    -0.00474004
 26.52652653    -0.00457357
 26.62662663    -0.00440806
 26.72672673    -0.00424364
 26.82682683    -0.00408045
 26.92692693    -0.00391864
 27.02702703    -0.00375831
 27.12712713    -0.00359960
 27.22722723    -0.00344262
 27.32732733    -0.00328748
 27.42742743    -0.00313429
 27.52752753    -0.00298313
 27.62762763    -0.00283412
 27.72772773    -0.00268732
 27.82782783    -0.00254284
 27.92792793    -0.00240074
 28.02802803    -0.00226109
 28.12812813    -0.00212398
 28.22822823    -0.00198945
 28.32832833    -0.00185757
 28.42842843    -0.00172839
 28.52852853    -0.00160195
 28.62862863    -0.00147832
 28.72872873    -0.00135751
 28.82882883    -0.00123957
 28.92892893    -0.00112454
 29.02902903    -0.00101243
 29.12912913    -0.00090326
 29.22922923    -0.00079707
 29.32932933    -0.00069386
 29.42942943    -0.00059365
 29.52952953    -0.00049644
 29.62962963    -0.00040224
 29.72972973    -0.00031105
 29.82982983    -0.00022286
 29.92992993    -0.00013767
 30.03003003    -0.00005547
 30.13013013     0.00002375
 30.23023023     0.00010000
 30.33033033     0.00017330
 30.43043043     0.00024368
 30.53053053     0.00031115
 30.63063063     0.00037575
 30.73073073     0.00043749
 30.83083083     0.00049641
 30.93093093     0.00055254
 31.03103103     0.00060592
 31.13113113     0.00065657
 31.23123123     0.00070454
 31.33133133     0.00074987
 31.43143143     0.00079260
 31.53153153     0.00083277
 31.63163163     0.00087043
 31.73173173     0.00090561
 31.83183183     0.00093838
 31.93193193     0.00096877
 32.03203203     0.00099684
 32.13213213     0.00102263
 32.23223223     0.00104620
 32.33233233     0.00106759
 32.43243243     0.00108687
 32.53253253     0.00110408
 32.63263263     0.00111928
 32.73273273     0.00113252
 32.83283283     0.00114386
 32.93293293     0.00115335
 33.03303303     0.00116104
 33.13313313     0.00116700
 33.23323323     0.00117128
 33.33333333     0.00117393
 33.43343343     0.00117501
 33.53353353     0.00117457
 33.63363363     0.00117267
 33.73373373     0.00116937
 33.83383383     0.00116473
 33.93393393     0.00115878
 34.03403403     0.00115160
 34.13413413     0.00114323
 34.23423423     0.00113373
 34.33433433     0.00112314
 34.43443443     0.00111153
 34.53453453     0.00109895
 34.63463463     0.00108544
 34.73473473     0.00107105
 34.83483483     0.00105585
 34.93493493     0.00103986
 35.03503504     0.00102316
 35.13513514     0.00100577
 35.23523524     0.00098775
 35.33533534     0.00096914
 35.43543544     0.00094999
 35.53553554     0.00093035
 35.63563564     0.00091025
 35.73573574     0.00088973
 35.83583584     0.00086885
 35.93593594     0.00084763
 36.03603604     0.00082612
 36.13613614     0.00080436
 36.23623624     0.00078238
 36.33633634     0.00076022
 36.43643644     0.00073791
 36.53653654     0.00071550
 36.63663664     0.00069300
 36.73673674     0.00067045
 36.83683684     0.00064789
 36.93693694     0.00062534
 37.03703704     0.00060284
 37.13713714     0.00058040
 37.23723724     0.00055805
 37.33733734     0.00053583
 37.43743744     0.00051376
 37.53753754     0.00049185
 37.63763764     0.00047013
 37.73773774     0.00044863
 37.83783784     0.00042735
 37.93793794     0.00040633
 38.03803804     0.00038558
 38.13813814     0.00036511
 38.23823824     0.00034495
 38.33833834     0.00032510
 38.43843844     0.00030559
 38.53853854     0.00028642
 38.63863864     0.00026761
 38.73873874     0.00024917
 38.83883884     0.00023111
 38.93893894     0.00021344
 39.03903904     0.00019617
 39.13913914     0.00017930
 39.23923924     0.00016285
 39.33933934     0.00014682
 39.43943944     0.00013121
 39.53953954     0.00011604
 39.63963964     0.00010129
 39.73973974     0.00008699
 39.83983984     0.00007313
 39.93993994     0.00005971
 40.04004004     0.00004673
 40.14014014     0.00003420
 40.24024024     0.00002212
 40.34034034     0.00001047
 40.44044044    -0.00000072
 40.54054054    -0.00001148
 40.64064064    -0.00002180
 40.74074074    -0.00003168
 40.84084084    -0.00004112
 40.94094094    -0.00005014
 41.04104104    -0.00005873
 41.14114114    -0.00006689
 41.24124124    -0.00007464
 41.34134134    -0.00008198
 41.44144144    -0.00008891
 41.54154154    -0.00009545
 41.64164164    -0.00010158
 41.74174174    -0.00010734
 41.84184184    -0.00011271
 41.94194194    -0.00011770
 42.04204204    -0.00012234
 42.14214214    -0.00012661
 42.24224224    -0.00013053
 42.34234234    -0.00013411
 42.44244244    -0.00013736
 42.54254254    -0.00014027
 42.64264264    -0.00014288
 42.74274274    -0.00014517
 42.84284284    -0.00014716
 42.94294294    -0.00014886
 43.04304304    -0.00015028
 43.14314314    -0.00015142
 43.24324324    -0.00015230
 43.34334334    -0.00015292
 43.44344344    -0.00015330
 43.54354354    -0.00015344
 43.64364364    -0.00015335
 43.74374374    -0.00015304
 43.84384384    -0.00015252
 43.94394394    -0.00015179
 44.04404404    -0.00015088
 44.14414414    -0.00014978
 44.24424424    -0.00014850
 44.34434434    -0.00014706
 44.44444444    -0.00014545
 44.54454454    -0.00014370
 44.64464464    -0.00014181
 44.74474474    -0.00013978
 44.84484484    -0.00013763
 44.94494494    -0.00013537
 45.04504505    -0.00013299
 45.14514515    -0.00013051
 45.24524525    -0.00012794
 45.34534535    -0.00012528
 45.44544545    -0.00012254
 45.54554555    -0.00011973
 45.64564565    -0.00011685
 45.74574575    -0.00011392
 45.84584585    -0.00011093
 45.94594595    -0.00010790
 46.04604605    -0.00010483
 46.14614615    -0.00010172
 46.24624625    -0.00009859
 46.34634635    -0.00009544
 46.44644645    -0.00009227
 46.54654655    -0.00008909
 46.64664665    -0.00008590
 46.74674675    -0.00008272
 46.84684685    -0.00007954
 46.94694695    -0.00007636
 47.04704705    -0.00007320
 47.14714715    -0.00007006
 47.24724725    -0.00006694
 47.34734735    -0.00006384
 47.44744745    -0.00006078
 47.54754755    -0.00005774
 47.64764765    -0.00005474
 47.74774775    -0.00005178
 47.84784785    -0.00004886
 47.94794795    -0.00004599
 48.04804805    -0.00004316
 48.14814815    -0.00004038
 48.24824825    -0.00003765
 48.34834835    -0.00003498
 48.44844845    -0.00003236
 48.54854855    -0.00002980
 48.64864865    -0.00002729
 48.74874875    -0.00002485
 48.84884885    -0.00002247
 48.94894895    -0.00002015
 49.04904905    -0.00001790
 49.14914915    -0.00001571
 49.24924925    -0.00001359
 49.34934935    -0.00001153
 49.44944945    -0.00000954
 49.54954955    -0.00000762
 49.64964965    -0.00000576
 49.74974975    -0.00000397
 49.84984985    -0.00000225
 49.94994995    -0.00000060
 50.05005005     0.00000099
 50.15015015     0.00000250
 50.25025025     0.00000396
 50.35035035     0.00000534
 50.45045045     0.00000666
 50.55055055     0.00000792
 50.65065065     0.00000911
 50.75075075     0.00001023
 50.85085085     0.00001130
 50.95095095     0.00001230
 51.05105105     0.00001324
 51.15115115     0.00001412
 51.25125125     0.00001494
 51.35135135     0.00001570
 51.45145145     0.00001641
 51.55155155     0.00001706
 51.65165165     0.00001765
 51.75175175     0.00001819
 51.85185185     0.00001868
 51.95195195     0.00001912
 52.05205205     0.00001951
 52.15215215     0.00001986
 52.25225225     0.00002015
 52.35235235     0.00002041
 52.45245245     0.00002061
 52.55255255     0.00002078
 52.65265265     0.00002090
 52.75275275     0.00002099
 52.85285285     0.00002104
 52.95295295     0.00002105
 53.05305305     0.00002103
 53.15315315     0.00002097
 53.25325325     0.00002088
 53.35335335     0.00002076
 53.45345345     0.00002061
 53.55355355     0.00002044
 53.65365365     0.00002024
 53.75375375     0.00002001
 53.85385385     0.00001976
 53.95395395     0.00001949
 54.05405405     0.00001919
 54.15415415     0.00001888
 54.25425425     0.00001855
 54.35435435     0.00001820
 54.45445445     0.00001784
 54.55455455     0.00001746
 54.65465465     0.00001707
 54.75475475     0.00001667
 54.85485485     0.00001626
 54.95495495     0.00001584
 55.05505506     0.00001540
 55.15515516     0.00001497
 55.25525526     0.00001452
 55.35535536     0.00001407
 55.45545546     0.00001362
 55.55555556     0.00001316
 55.65565566     0.00001270
 55.75575576     0.00001223
 55.85585586     0.00001177
 55.95595596     0.00001130
 56.05605606     0.00001084
 56.15615616     0.00001038
 56.25625626     0.00000992
 56.35635636     0.00000946
 56.45645646     0.00000901
 56.55655656     0.00000856
 56.65665666     0.00000811
 56.75675676     0.00000767
 56.85685686     0.00000724
 56.95695696     0.00000681
 57.05705706     0.00000639
 57.15715716     0.00000598
 57.25725726     0.00000557
 57.35735736     0.00000517
 57.45745746     0.00000478
 57.55755756     0.00000440
 57.65765766     0.00000402
 57.75775776     0.00000366
 57.85785786     0.00000330
 57.95795796     0.00000296
 58.05805806     0.00000262
 58.15815816     0.00000230
 58.25825826     0.00000198
 58.35835836     0.00000167
 58.45845846     0.00000138
 58.55855856     0.00000109
 58.65865866     0.00000082
 58.75875876     0.00000055
 58.85885886     0.00000030
 58.95895896     0.00000006
 59.05905906    -0.00000018
 59.15915916    -0.00000040
 59.25925926    -0.00000061
 59.35935936    -0.00000081
 59.45945946    -0.00000101
 59.55955956    -0.00000119
 59.65965966    -0.00000136
 59.75975976    -0.00000152
 59.85985986    -0.00000168
 59.95995996    -0.00000182
 60.06006006    -0.00000195
 60.16016016    -0.00000208
 60.26026026    -0.00000219
 60.36036036    -0.00000230
 60.46046046    -0.00000240
 60.56056056    -0.00000249
 60.66066066    -0.00000257
 60.76076076    -0.00000264
 60.86086086    -0.00000271
 60.96096096    -0.00000277
 61.06106106    -0.00000282
 61.16116116    -0.00000286
 61.26126126    -0.00000289
 61.36136136    -0.00000292
 61.46146146    -0.00000295
 61.56156156    -0.00000296
 61.66166166    -0.00000297
 61.76176176    -0.00000298
 61.86186186    -0.00000298
 61.96196196    -0.00000297
 62.06206206    -0.00000296
 62.16216216    -0.00000294
 62.26226226    -0.00000292
 62.36236236    -0.00000290
 62.46246246    -0.00000287
 62.56256256    -0.00000284
 62.66266266    -0.00000280
 62.76276276    -0.00000276
 62.86286286    -0.00000272
 62.96296296    -0.00000267
 63.06306306    -0.00000262
 63.16316316    -0.00000257
 63.26326326    -0.00000252
 63.36336336    -0.00000246
 63.46346346    -0.00000240
 63.56356356    -0.00000234
 63.66366366    -0.00000228
 63.76376376    -0.00000222
 63.86386386    -0.00000215
 63.96396396    -0.00000209
 64.06406406    -0.00000202
 64.16416416    -0.00000195
 64.26426426    -0.00000188
 64.36436436    -0.00000182
 64.46446446    -0.00000175
 64.56456456    -0.00000168
 64.66466466    -0.00000161
 64.76476476    -0.00000154
 64.86486486    -0.00000147
 64.96496496    -0.00000140
 65.06506507    -0.00000134
 65.16516517    -0.00000127
 65.26526527    -0.00000120
 65.36536537    -0.00000113
 65.46546547    -0.00000107
 65.56556557    -0.00000101
 65.66566567    -0.00000094
 65.76576577    -0.00000088
 65.86586587    -0.00000082
 65.96596597    -0.00000076
 66.06606607    -0.00000070
 66.16616617    -0.00000064
 66.26626627    -0.00000059
 66.36636637    -0.00000053
 66.46646647    -0.00000048
 66.56656657    -0.00000043
 66.66666667    -0.00000038
 66.76676677    -0.00000033
 66.86686687    -0.00000028
 66.96696697    -0.00000023
 67.06706707    -0.00000019
 67.16716717    -0.00000015
 67.26726727    -0.00000011
 67.36736737    -0.00000007
 67.46746747    -0.00000003
 67.56756757     0.00000001
 67.66766767     0.00000004
 67.76776777     0.00000007
 67.86786787     0.00000010
 67.96796797     0.00000013
 68.06806807     0.00000016
 68.16816817     0.00000019
 68.26826827     0.00000021
 68.36836837     0.00000024
 68.46846847     0.00000026
 68.56856857     0.00000028
 68.66866867     0.00000030
 68.76876877     0.00000032
 68.86886887     0.00000033
 68.96896897     0.00000035
 69.06906907     0.00000036
 69.16916917     0.00000037
 69.26926927     0.00000038
 69.36936937     0.00000039
 69.46946947     0.00000040
 69.56956957     0.00000041
 69.66966967     0.00000041
 69.76976977     0.00000042
 69.86986987     0.00000042
 69.96996997     0.00000043
 70.07007007     0.00000043
 70.17017017     0.00000043
 70.27027027     0.00000043
 70.37037037     0.00000043
 70.47047047     0.00000043
 70.57057057     0.00000043
 70.67067067     0.00000042
 70.77077077     0.00000042
 70.87087087     0.00000042
 70.97097097     0.00000041
 71.07107107     0.00000041
 71.17117117     0.00000040
 71.27127127     0.00000039
 71.37137137     0.00000039
 71.47147147     0.00000038
 71.57157157     0.00000037
 71.67167167     0.00000036
 71.77177177     0.00000035
 71.87187187     0.00000035
 71.97197197     0.00000034
 72.07207207     0.00000033
 72.17217217     0.00000032
 72.27227227     0.00000031
 72.37237237     0.00000030
 72.47247247     0.00000029
 72.57257257     0.00000028
 72.67267267     0.00000027
 72.77277277     0.00000026
 72.87287287     0.00000025
 72.97297297     0.00000024
 73.07307307     0.00000023
 73.17317317     0.00000022
 73.27327327     0.00000021
 73.37337337     0.00000020
 73.47347347     0.00000019
 73.57357357     0.00000018
 73.67367367     0.00000017
 73.77377377     0.00000016
 73.87387387     0.00000015
 73.97397397     0.00000014
 74.07407407     0.00000013
 74.17417417     0.00000012
 74.27427427     0.00000011
 74.37437437     0.00000010
 74.47447447     0.00000009
 74.57457457     0.00000008
 74.67467467     0.00000007
 74.77477477     0.00000007
 74.87487487     0.00000006
 74.97497497     0.00000005
 75.07507508     0.00000004
 75.17517518     0.00000004
 75.27527528     0.00000003
 75.37537538     0.00000002
 75.47547548     0.00000002
 75.57557558     0.00000001
 75.67567568     0.00000001
 75.77577578    -0.00000000
 75.87587588    -0.00000001
 75.97597598    -0.00000001
 76.07607608    -0.00000002
 76.17617618    -0.00000002
 76.27627628    -0.00000002
 76.37637638    -0.00000003
 76.47647648    -0.00000003
 76.57657658    -0.00000004
 76.67667668    -0.00000004
 76.77677678    -0.00000004
 76.87687688    -0.00000004
 76.97697698    -0.00000005
 77.07707708    -0.00000005
 77.17717718    -0.00000005
 77.27727728    -0.00000005
 77.37737738    -0.00000006
 77.47747748    -0.00000006
 77.57757758    -0.00000006
 77.67767768    -0.00000006
 77.77777778    -0.00000006
 77.87787788    -0.00000006
 77.97797798    -0.00000006
 78.07807808    -0.00000006
 78.17817818    -0.00000006
 78.27827828    -0.00000006
 78.37837838    -0.00000006
 78.47847848    -0.00000006
 78.57857858    -0.00000006
 78.67867868    -0.00000006
 78.77877878    -0.00000006
 78.87887888    -0.00000006
 78.97897898    -0.00000006
 79.07907908    -0.00000006
 79.17917918    -0.00000006
 79.27927928    -0.00000006
 79.37937938    -0.00000006
 79.47947948    -0.00000006
 79.57957958    -0.00000006
 79.67967968    -0.00000005
 79.77977978    -0.00000005
 79.87987988    -0.00000005
 79.97997998    -0.00000005
 80.08008008    -0.00000005
 80.18018018    -0.00000005
 80.28028028    -0.00000005
 80.38038038    -0.00000004
 80.48048048    -0.00000004
 80.58058058    -0.00000004
 80.68068068    -0.00000004
 80.78078078    -0.00000004
 80.88088088    -0.00000004
 80.98098098    -0.00000004
 81.08108108    -0.00000003
 81.18118118    -0.00000003
 81.28128128    -0.00000003
 81.38138138    -0.00000003
 81.48148148    -0.00000003
 81.58158158    -0.00000003
 81.68168168    -0.00000002
 81.78178178    -0.00000002
 81.88188188    -0.00000002
 81.98198198    -0.00000002
 82.08208208    -0.00000002
 82.18218218    -0.00000002
 82.28228228    -0.00000002
 82.38238238    -0.00000001
 82.48248248    -0.00000001
 82.58258258    -0.00000001
 82.68268268    -0.00000001
 82.78278278    -0.00000001
 82.88288288    -0.00000001
 82.98298298    -0.00000001
 83.08308308    -0.00000001
 83.18318318    -0.00000000
 83.28328328    -0.00000000
 83.38338338    -0.00000000
 83.48348348    -0.00000000
 83.58358358    -0.00000000
 83.68368368    -0.00000000
 83.78378378     0.00000000
 83.88388388     0.00000000
 83.98398398     0.00000000
 84.08408408     0.00000000
 84.18418418     0.00000000
 84.28428428     0.00000000
 84.38438438     0.00000000
 84.48448448     0.00000001
 84.58458458     0.00000001
 84.68468468     0.00000001
 84.78478478     0.00000001
 84.88488488     0.00000001
 84.98498498     0.00000001
 85.08508509     0.00000001
 85.18518519     0.00000001
 85.28528529     0.00000001
 85.38538539     0.00000001
 85.48548549     0.00000001
 85.58558559     0.00000001
 85.68568569     0.00000001
 85.78578579     0.00000001
 85.88588589     0.00000001
 85.98598599     0.00000001
 86.08608609     0.00000001
 86.18618619     0.00000001
 86.28628629     0.00000001
 86.38638639     0.00000001
 86.48648649     0.00000001
 86.58658659     0.00000001
 86.68668669     0.00000001
 86.78678679     0.00000001
 86.88688689     0.00000001
 86.98698699     0.00000001
 87.08708709     0.00000001
 87.18718719     0.00000001
 87.28728729     0.00000001
 87.38738739     0.00000001
 87.48748749     0.00000001
 87.58758759     0.00000001
 87.68768769     0.00000001
 87.78778779     0.00000001
 87.88788789     0.00000001
 87.98798799     0.00000001
 88.08808809     0.00000001
 88.18818819     0.00000001
 88.28828829     0.00000001
 88.38838839     0.00000001
 88.48848849     0.00000001
 88.58858859     0.00000001
 88.68868869     0.00000001
 88.78878879     0.00000001
 88.88888889     0.00000000
 88.98898899     0.00000000
 89.08908909     0.00000000
 89.18918919     0.00000000
 89.28928929     0.00000000
 89.38938939     0.00000000
 89.48948949     0.00000000
 89.58958959     0.00000000
 89.68968969     0.00000000
 89.78978979     0.00000000
 89.88988989     0.00000000
 89.98998999     0.00000000
 90.09009009     0.00000000
 90.19019019     0.00000000
 90.29029029     0.00000000
 90.39039039     0.00000000
 90.49049049     0.00000000
 90.59059059     0.00000000
 90.69069069     0.00000000
 90.79079079     0.00000000
 90.89089089     0.00000000
 90.99099099     0.00000000
 91.09109109     0.00000000
 91.19119119     0.00000000
 91.29129129     0.00000000
 91.39139139     0.00000000
 91.49149149    -0.00000000
 91.59159159    -0.00000000
 91.69169169    -0.00000000
 91.79179179    -0.00000000
 91.89189189    -0.00000000
 91.99199199    -0.00000000
 92.09209209    -0.00000000
 92.19219219    -0.00000000
 92.29229229    -0.00000000
 92.39239239    -0.00000000
 92.49249249    -0.00000000
 92.59259259    -0.00000000
 92.69269269    -0.00000000
 92.79279279    -0.00000000
 92.89289289    -0.00000000
 92.99299299    -0.00000000
 93.09309309    -0.00000000
 93.19319319    -0.00000000
 93.29329329    -0.00000000
 93.39339339    -0.00000000
 93.49349349    -0.00000000
 93.59359359    -0.00000000
 93.69369369    -0.00000000
 93.79379379    -0.00000000
 93.89389389    -0.00000000
 93.99399399    -0.00000000
 94.09409409    -0.00000000
 94.19419419    -0.00000000
 94.29429429    -0.00000000
 94.39439439    -0.00000000
 94.49449449    -0.00000000
 94.59459459    -0.00000000
 94.69469469    -0.00000000
 94.79479479    -0.00000000
 94.89489489    -0.00000000
 94.99499499    -0.00000000
 95.09509510    -0.00000000
 95.19519520    -0.00000000
 95.29529530    -0.00000000
 95.39539540    -0.00000000
 95.49549550    -0.00000000
 95.59559560    -0.00000000
 95.69569570    -0.00000000
 95.79579580    -0.00000000
 95.89589590    -0.00000000
 95.99599600    -0.00000000
 96.09609610    -0.00000000
 96.19619620    -0.00000000
 96.29629630    -0.00000000
 96.39639640    -0.00000000
 96.49649650    -0.00000000
 96.59659660    -0.00000000
 96.69669670    -0.00000000
 96.79679680    -0.00000000
 96.89689690    -0.00000000
 96.99699700    -0.00000000
 97.09709710    -0.00000000
 97.19719720    -0.00000000
 97.29729730    -0.00000000
 97.39739740    -0.00000000
 97.49749750    -0.00000000
 97.59759760    -0.00000000
 97.69769770    -0.00000000
 97.79779780    -0.00000000
 97.89789790    -0.00000000
 97.99799800    -0.00000000
 98.09809810    -0.00000000
 98.19819820    -0.00000000
 98.29829830    -0.00000000
 98.39839840    -0.00000000
 98.49849850    -0.00000000
 98.59859860    -0.00000000
 98.69869870    -0.00000000
 98.79879880    -0.00000000
 98.89889890    -0.00000000
 98.99899900    -0.00000000
 99.09909910    -0.00000000
 99.19919920    -0.00000000
 99.29929930    -0.00000000
 99.39939940    -0.00000000
 99.49949950    -0.00000000
 99.59959960    -0.00000000
 99.69969970     0.00000000
 99.79979980     0.00000000
 99.89989990     0.00000000
100.00000000     0.00000000
