  0.00000000    -0.43158685
  0.10010010    -0.41758685
  0.20020020    -0.40379547
  0.30030030    -0.39021271
  0.40040040    -0.37683852
  0.50050050    -0.36367280
  0.60060060    -0.35071541
  0.70070070    -0.33796614
  0.80080080    -0.32542477
  0.90090090    -0.31309099
  1.00100100    -0.30096447
  1.10110110    -0.28904482
  1.20120120    -0.27733160
  1.30130130    -0.26582432
  1.40140140    -0.25452247
  1.50150150    -0.24342546
  1.60160160    -0.23253266
  1.70170170    -0.22184341
  1.80180180    -0.21135699
  1.90190190    -0.20107264
  2.00200200    -0.19098954
  2.10210210    -0.18110686
  2.20220220    -0.17142368
  2.30230230    -0.16193908
  2.40240240    -0.15265206
  2.50250250    -0.14356160
  2.60260260    -0.13466663
  2.70270270    -0.12596605
  2.80280280    -0.11745868
  2.90290290    -0.10914336
  3.00300300    -0.10101883
  3.10310310    -0.09308383
  3.20320320    -0.08533705
  3.30330330    -0.07777714
  3.40340340    -0.07040270
  3.50350350    -0.06321233
  3.60360360    -0.05620455
  3.70370370    -0.04937787
  3.80380380    -0.04273076
  3.90390390    -0.03626165
  4.00400400    -0.02996896
  4.10410410    -0.02385105
  4.20420420    -0.01790626
  4.30430430    -0.01213289
  4.40440440    -0.00652924
  4.50450450    -0.00109353
  4.60460460     0.00417599
  4.70470470     0.00928115
  4.80480480     0.01422377
  4.90490490     0.01900571
  5.00500501     0.02362886
  5.10510511     0.02809512
  5.20520521     0.03240642
  5.30530531     0.03656472
  5.40540541     0.04057199
  5.50550551     0.04443021
  5.60560561     0.04814142
  5.70570571     0.05170763
  5.80580581     0.05513090
  5.90590591     0.05841330
  6.00600601     0.06155689
  6.10610611     0.06456379
  6.20620621     0.06743610
  6.30630631     0.07017594
  6.40640641     0.07278545
  6.50650651     0.07526677
  6.60660661     0.07762206
  6.70670671     0.07985348
  6.80680681     0.08196321
  6.90690691     0.08395342
  7.00700701     0.08582631
  7.10710711     0.08758405
  7.20720721     0.08922885
  7.30730731     0.09076291
  7.40740741     0.09218843
  7.50750751     0.09350761
  7.60760761     0.09472265
  7.70770771     0.09583575
  7.80780781     0.09684913
  7.90790791     0.09776498
  8.00800801     0.09858550
  8.10810811     0.09931288
  8.20820821     0.09994931
  8.30830831     0.10049697
  8.40840841     0.10095805
  8.50850851     0.10133470
  8.60860861     0.10162910
  8.70870871     0.10184340
  8.80880881     0.10197974
  8.90890891     0.10204025
  9.00900901     0.10202705
  9.10910911     0.10194227
  9.20920921     0.10178799
  9.30930931     0.10156629
  9.40940941     0.10127926
  9.50950951     0.10092894
  9.60960961     0.10051737
  9.70970971     0.10004658
  9.80980981     0.09951857
  9.90990991     0.09893534
 10.01001001     0.09829885
 10.11011011     0.09761106
 10.21021021     0.09687390
 10.31031031     0.09608928
 10.41041041     0.09525910
 10.51051051     0.09438522
 10.61061061     0.09346950
 10.71071071     0.09251376
 10.81081081     0.09151982
 10.91091091     0.09048944
 11.01101101     0.08942440
 11.11111111     0.08832642
 11.21121121     0.08719722
 11.31131131     0.08603848
 11.41141141     0.08485186
 11.51151151     0.08363899
 11.61161161     0.08240149
 11.71171171     0.08114094
 11.81181181     0.07985889
 11.91191191     0.07855688
 12.01201201     0.07723640
 12.11211211     0.07589893
 12.21221221     0.07454591
 12.31231231     0.07317877
 12.41241241     0.07179889
 12.51251251     0.07040765
 12.61261261     0.06900636
 12.71271271     0.06759635
 12.81281281     0.06617888
 12.91291291     0.06475521
 13.01301301     0.06332654
 13.11311311     0.06189408
 13.21321321     0.06045899
 13.31331331     0.05902239
 13.41341341     0.05758539
 13.51351351     0.05614906
 13.61361361     0.05471445
 13.71371371     0.05328257
 13.81381381     0.05185441
 13.91391391     0.05043092
 14.01401401     0.04901304
 14.11411411     0.04760166
 14.21421421     0.04619766
 14.31431431     0.04480187
 14.41441441     0.04341511
 14.51451451     0.04203817
 14.61461461     0.04067179
 14.71471471     0.03931672
 14.81481481     0.03797364
 14.91491491     0.03664324
 15.01501502     0.03532616
 15.11511512     0.03402301
 15.21521522     0.03273440
 15.31531532     0.03146087
 15.41541542     0.03020298
 15.51551552     0.02896124
 15.61561562     0.02773612
 15.71571572     0.02652809
 15.81581582     0.02533759
 15.91591592     0.02416502
 16.01601602     0.02301077
 16.11611612     0.02187521
 16.21621622     0.02075866
 16.31631632     0.01966145
 16.41641642     0.01858385
 16.51651652     0.01752615
 16.61661662     0.01648859
 16.71671672     0.01547138
 16.81681682     0.01447472
 16.91691692     0.01349881
 17.01701702     0.01254379
 17.11711712     0.01160981
 17.21721722     0.01069698
 17.31731732     0.00980539
 17.41741742     0.00893514
 17.51751752     0.00808628
 17.61761762     0.00725884
 17.71771772     0.00645286
 17.81781782     0.00566835
 17.91791792     0.00490527
 18.01801802     0.00416363
 18.11811812     0.00344335
 18.21821822     0.00274440
 18.31831832     0.00206669
 18.41841842     0.00141013
 18.51851852     0.00077462
 18.61861862     0.00016004
 18.71871872    -0.00043375
 18.81881882    -0.00100688
 18.91891892    -0.00155951
 19.01901902    -0.00209182
 19.11911912    -0.00260398
 19.21921922    -0.00309620
 19.31931932    -0.00356866
 19.41941942    -0.00402159
 19.51951952    -0.00445521
 19.61961962    -0.00486975
 19.71971972    -0.00526546
 19.81981982    -0.00564259
 19.91991992    -0.00600139
 20.02002002    -0.00634213
 20.12012012    -0.00666509
 20.22022022    -0.00697055
 20.32032032    -0.00725880
 20.42042042    -0.00753013
 20.52052052    -0.00778484
 20.62062062    -0.00802323
 20.72072072    -0.00824562
 20.82082082    -0.00845233
 20.92092092    -0.00864366
 21.02102102    -0.00881994
 21.12112112    -0.00898150
 21.22122122    -0.00912867
 21.32132132    -0.00926178
 21.42142142    -0.00938116
 21.52152152    -0.00948716
 21.62162162    -0.00958010
 21.72172172    -0.00966032
 21.82182182    -0.00972818
 21.92192192    -0.00978400
 22.02202202    -0.00982813
 22.12212212    -0.00986091
 22.22222222    -0.00988269
 22.32232232    -0.00989380
 22.42242242    -0.00989458
 22.52252252    -0.00988538
 22.62262262    -0.00986652
 22.72272272    -0.00983835
 22.82282282    -0.00980121
 22.92292292    -0.00975541
 23.02302302    -0.00970130
 23.12312312    -0.00963920
 23.22322322    -0.00956943
 23.32332332    -0.00949233
 23.42342342    -0.00940820
 23.52352352    -0.00931736
 23.62362362    -0.00922013
 23.72372372    -0.00911680
 23.82382382    -0.00900770
 23.92392392    -0.00889311
 24.02402402    -0.00877334
 24.12412412    -0.00864867
 24.22422422    -0.00851939
 24.32432432    -0.00838580
 24.42442442    -0.00824815
 24.52452452    -0.00810673
 24.62462462    -0.00796181
 24.72472472    -0.00781365
 24.82482482    -0.00766250
 24.92492492    -0.00750862
 25.02502503    -0.00735227
 25.12512513    -0.00719367
 25.22522523    -0.00703307
 25.32532533    -0.00687070
 25.42542543    -0.00670678
 25.52552553    -0.00654153
 25.62562563    -0.00637517
 25.72572573    -0.00620791
 25.82582583    -0.00603995
 25.92592593    -0.00587149
 26.02602603    -0.00570271
 26.12612613    -0.00553381
 26.22622623    -0.00536496
 26.32632633    -0.00519634
 26.42642643    -0.00502812
 26.52652653    -0.00486045
 26.62662663    -0.00469350
 26.72672673    -0.00452742
 26.82682683    -0.00436235
 26.92692693    -0.00419843
 27.02702703    -0.00403579
 27.12712713    -0.00387457
 27.22722723    -0.00371488
 27.32732733    -0.00355685
 27.42742743    -0.00340058
 27.52752753    -0.00324618
 27.62762763    -0.00309375
 27.72772773    -0.00294339
 27.82782783    -0.00279519
 27.92792793    -0.00264924
 28.02802803    -0.00250560
 28.12812813    -0.00236437
 28.22822823    -0.00222560
 28.32832833    -0.00208937
 28.42842843    -0.00195573
 28.52852853    -0.00182474
 28.62862863    -0.00169646
 28.72872873    -0.00157092
 28.82882883    -0.00144817
 28.92892893    -0.00132825
 29.02902903    -0.00121120
 29.12912913    -0.00109703
 29.22922923    -0.00098578
 29.32932933    -0.00087747
 29.42942943    -0.00077212
 29.52952953    -0.00066974
 29.62962963    -0.00057034
 29.72972973    -0.00047392
 29.82982983    -0.00038050
 29.92992993    -0.00029007
 30.03003003    -0.00020262
 30.13013013    -0.00011816
 30.23023023    -0.00003667
 30.33033033     0.00004187
 30.43043043     0.00011746
 30.53053053     0.00019012
 30.63063063     0.00025988
 30.73073073     0.00032675
 30.83083083     0.00039077
 30.93093093     0.00045196
 31.03103103     0.00051034
 31.13113113     0.00056597
 31.23123123     0.00061885
 31.33133133     0.00066904
 31.43143143     0.00071657
 31.53153153     0.00076148
 31.63163163     0.00080381
 31.73173173     0.00084360
 31.83183183     0.00088090
 31.93193193     0.00091575
 32.03203203     0.00094820
 32.13213213     0.00097829
 32.23223223     0.00100608
 32.33233233     0.00103161
 32.43243243     0.00105494
 32.53253253     0.00107612
 32.63263263     0.00109519
 32.73273273     0.00111221
 32.83283283     0.00112724
 32.93293293     0.00114033
 33.03303303     0.00115152
 33.13313313     0.00116089
 33.23323323     0.00116847
 33.33333333     0.00117433
 33.43343343     0.00117852
 33.53353353     0.00118110
 33.63363363     0.00118212
 33.73373373     0.00118163
 33.83383383     0.00117970
 33.93393393     0.00117636
 34.03403403     0.00117169
 34.13413413     0.00116573
 34.23423423     0.00115854
 34.33433433     0.00115017
 34.43443443     0.00114068
 34.53453453     0.00113011
 34.63463463     0.00111851
 34.73473473     0.00110595
 34.83483483     0.00109246
 34.93493493     0.00107811
 35.03503504     0.00106293
 35.13513514     0.00104698
 35.23523524     0.00103031
 35.33533534     0.00101296
 35.43543544     0.00099498
 35.53553554     0.00097641
 35.63563564     0.00095730
 35.73573574     0.00093769
 35.83583584     0.00091762
 35.93593594     0.00089714
 36.03603604     0.00087629
 36.13613614     0.00085510
 36.23623624     0.00083362
 36.33633634     0.00081189
 36.43643644     0.00078993
 36.53653654     0.00076779
 36.63663664     0.00074549
 36.73673674     0.00072309
 36.83683684     0.00070060
 36.93693694     0.00067805
 37.03703704     0.00065549
 37.13713714     0.00063293
 37.23723724     0.00061041
 37.33733734     0.00058796
 37.43743744     0.00056559
 37.53753754     0.00054334
 37.63763764     0.00052123
 37.73773774     0.00049929
 37.83783784     0.00047752
 37.93793794     0.00045597
 38.03803804     0.00043464
 38.13813814     0.00041356
 38.23823824     0.00039274
 38.33833834     0.00037220
 38.43843844     0.00035196
 38.53853854     0.00033203
 38.63863864     0.00031243
 38.73873874     0.00029317
 38.83883884     0.00027426
 38.93893894     0.00025572
 39.03903904     0.00023755
 39.13913914     0.00021976
 39.23923924     0.00020237
 39.33933934     0.00018538
 39.43943944     0.00016880
 39.53953954     0.00015264
 39.63963964     0.00013690
 39.73973974     0.00012158
 39.83983984     0.00010670
 39.93993994     0.00009225
 40.04004004     0.00007823
 40.14014014     0.00006466
 40.24024024     0.00005153
 40.34034034     0.00003884
 40.44044044     0.00002659
 40.54054054     0.00001479
 40.64064064     0.00000342
 40.74074074    -0.00000750
 40.84084084    -0.00001799
 40.94094094    -0.00002804
 41.04104104    -0.00003765
 41.14114114    -0.00004684
 41.24124124    -0.00005561
 41.34134134    -0.00006395
 41.44144144    -0.00007187
 41.54154154    -0.00007939
 41.64164164    -0.00008649
 41.74174174    -0.00009320
 41.84184184    -0.00009951
 41.94194194    -0.00010544
 42.04204204    -0.00011098
 42.14214214    -0.00011615
 42.24224224    -0.00012095
 42.34234234    -0.00012539
 42.44244244    -0.00012948
 42.54254254    -0.00013322
 42.64264264    -0.00013663
 42.74274274    -0.00013971
 42.84284284    -0.00014247
 42.94294294    -0.00014492
 43.04304304    -0.00014706
 43.14314314    -0.00014891
 43.24324324    -0.00015048
 43.34334334    -0.00015176
 43.44344344    -0.00015278
 43.54354354    -0.00015354
 43.64364364    -0.00015405
 43.74374374    -0.00015432
 43.84384384    -0.00015436
 43.94394394    -0.00015417
 44.04404404    -0.00015377
 44.14414414    -0.00015316
 44.24424424    -0.00015235
 44.34434434    -0.00015136
 44.44444444    -0.00015019
 44.54454454    -0.00014884
 44.64464464    -0.00014734
 44.74474474    -0.00014567
 44.84484484    -0.00014387
 44.94494494    -0.00014192
 45.04504505    -0.00013985
 45.14514515    -0.00013765
 45.24524525    -0.00013534
 45.34534535    -0.00013293
 45.44544545    -0.00013042
 45.54554555    -0.00012781
 45.64564565    -0.00012513
 45.74574575    -0.00012236
 45.84584585    -0.00011953
 45.94594595    -0.00011663
 46.04604605    -0.00011368
 46.14614615    -0.00011068
 46.24624625    -0.00010763
 46.34634635    -0.00010455
 46.44644645    -0.00010144
 46.54654655    -0.00009830
 46.64664665    -0.00009514
 46.74674675    -0.00009197
 46.84684685    -0.00008879
 46.94694695    -0.00008560
 47.04704705    -0.00008242
 47.14714715    -0.00007923
 47.24724725    -0.00007606
 47.34734735    -0.00007291
 47.44744745    -0.00006977
 47.54754755    -0.00006665
 47.64764765    -0.00006356
 47.74774775    -0.00006050
 47.84784785    -0.00005747
 47.94794795    -0.00005448
 48.04804805    -0.00005152
 48.14814815    -0.00004861
 48.24824825    -0.00004575
 48.34834835    -0.00004292
 48.44844845    -0.00004015
 48.54854855    -0.00003743
 48.64864865    -0.00003477
 48.74874875    -0.00003216
 48.84884885    -0.00002961
 48.94894895    -0.00002711
 49.04904905    -0.00002468
 49.14914915    -0.00002230
 49.24924925    -0.00001999
 49.34934935    -0.00001775
 49.44944945    -0.00001557
 49.54954955    -0.00001345
 49.64964965    -0.00001140
 49.74974975    -0.00000942
 49.84984985    -0.00000750
 49.94994995    -0.00000565
 50.05005005    -0.00000386
 50.15015015    -0.00000215
 50.25025025    -0.00000050
 50.35035035     0.00000108
 50.45045045     0.00000260
 50.55055055     0.00000405
 50.65065065     0.00000543
 50.75075075     0.00000675
 50.85085085     0.00000800
 50.95095095     0.00000919
 51.05105105     0.00001031
 51.15115115     0.00001138
 51.25125125     0.00001238
 51.35135135     0.00001332
 51.45145145     0.00001420
 51.55155155     0.00001502
 51.65165165     0.00001578
 51.75175175     0.00001649
 51.85185185     0.00001714
 51.95195195     0.00001774
 52.05205205     0.00001828
 52.15215215     0.00001878
 52.25225225     0.00001922
 52.35235235     0.00001961
 52.45245245     0.00001996
 52.55255255     0.00002026
 52.65265265     0.00002051
 52.75275275     0.00002072
 52.85285285     0.00002089
 52.95295295     0.00002102
 53.05305305     0.00002111
 53.15315315     0.00002116
 53.25325325     0.00002118
 53.35335335     0.00002116
 53.45345345     0.00002111
 53.55355355     0.00002102
 53.65365365     0.00002091
 53.75375375     0.00002076
 53.85385385     0.00002059
 53.95395395     0.00002039
 54.05405405     0.00002017
 54.15415415     0.00001992
 54.25425425     0.00001965
 54.35435435     0.00001936
 54.45445445     0.00001905
 54.55455455     0.00001873
 54.65465465     0.00001838
 54.75475475     0.00001802
 54.85485485     0.00001765
 54.95495495     0.00001726
 55.05505506     0.00001686
 55.15515516     0.00001645
 55.25525526     0.00001603
 55.35535536     0.00001560
 55.45545546     0.00001516
 55.55555556     0.00001472
 55.65565566     0.00001427
 55.75575576     0.00001382
 55.85585586     0.00001336
 55.95595596     0.00001290
 56.05605606     0.00001244
 56.15615616     0.00001197
 56.25625626     0.00001151
 56.35635636     0.00001104
 56.45645646     0.00001058
 56.55655656     0.00001012
 56.65665666     0.00000966
 56.75675676     0.00000921
 56.85685686     0.00000876
 56.95695696     0.00000831
 57.05705706     0.00000787
 57.15715716     0.00000743
 57.25725726     0.00000700
 57.35735736     0.00000658
 57.45745746     0.00000616
 57.55755756     0.00000575
 57.65765766     0.00000535
 57.75775776     0.00000495
 57.85785786     0.00000457
 57.95795796     0.00000419
 58.05805806     0.00000382
 58.15815816     0.00000347
 58.25825826     0.00000312
 58.35835836     0.00000278
 58.45845846     0.00000245
 58.55855856     0.00000213
 58.65865866     0.00000182
 58.75875876     0.00000152
 58.85885886     0.00000123
 58.95895896     0.00000095
 59.05905906     0.00000068
 59.15915916     0.00000042
 59.25925926     0.00000017
 59.35935936    -0.00000007
 59.45945946    -0.00000030
 59.55955956    -0.00000051
 59.65965966    -0.00000072
 59.75975976    -0.00000092
 59.85985986    -0.00000111
 59.95995996    -0.00000128
 60.06006006    -0.00000145
 60.16016016    -0.00000161
 60.26026026    -0.00000176
 60.36036036    -0.00000190
 60.46046046    -0.00000203
 60.56056056    -0.00000215
 60.66066066    -0.00000226
 60.76076076    -0.00000236
 60.86086086    -0.00000245
 60.96096096    -0.00000254
 61.06106106    -0.00000262
 61.16116116    -0.00000269
 61.26126126    -0.00000275
 61.36136136    -0.00000280
 61.46146146    -0.00000285
 61.56156156    -0.00000289
 61.66166166    -0.00000292
 61.76176176    -0.00000295
 61.86186186    -0.00000297
 61.96196196    -0.00000299
 62.06206206    -0.00000299
 62.16216216    -0.00000300
 62.26226226    -0.00000299
 62.36236236    -0.00000299
 62.46246246    -0.00000297
 62.56256256    -0.00000296
 62.66266266    -0.00000293
 62.76276276    -0.00000291
 62.86286286    -0.00000288
 62.96296296    -0.00000284
 63.06306306    -0.00000281
 63.16316316    -0.00000276
 63.26326326    -0.00000272
 63.36336336    -0.00000267
 63.46346346    -0.00000262
 63.56356356    -0.00000257
 63.66366366    -0.00000252
 63.76376376    -0.00000246
 63.86386386    -0.00000240
 63.96396396    -0.00000234
 64.06406406    -0.00000228
 64.16416416    -0.00000221
 64.26426426    -0.00000215
 64.36436436    -0.00000208
 64.46446446    -0.00000202
 64.56456456    -0.00000195
 64.66466466    -0.00000188
 64.76476476    -0.00000181
 64.86486486    -0.00000174
 64.96496496    -0.00000167
 65.06506507    -0.00000161
 65.16516517    -0.00000154
 65.26526527    -0.00000147
 65.36536537    -0.00000140
 65.46546547    -0.00000133
 65.56556557    -0.00000126
 65.66566567    -0.00000120
 65.76576577    -0.00000113
 65.86586587    -0.00000107
 65.96596597    -0.00000100
 66.06606607    -0.00000094
 66.16616617    -0.00000088
 66.26626627    -0.00000082
 66.36636637    -0.00000076
 66.46646647    -0.00000070
 66.56656657    -0.00000064
 66.66666667    -0.00000058
 66.76676677    -0.00000053
 66.86686687    -0.00000048
 66.96696697    -0.00000042
 67.06706707    -0.00000037
 67.16716717    -0.00000033
 67.26726727    -0.00000028
 67.36736737    -0.00000023
 67.46746747    -0.00000019
 67.56756757    -0.00000015
 67.66766767    -0.00000011
 67.76776777    -0.00000007
 67.86786787    -0.00000003
 67.96796797     0.00000001
 68.06806807     0.00000004
 68.16816817     0.00000007
 68.26826827     0.00000011
 68.36836837     0.00000013
 68.46846847     0.00000016
 68.56856857     0.00000019
 68.66866867     0.00000021
 68.76876877     0.00000024
 68.86886887     0.00000026
 68.96896897     0.00000028
 69.06906907     0.00000030
 69.16916917     0.00000032
 69.26926927     0.00000033
 69.36936937     0.00000035
 69.46946947     0.00000036
 69.56956957     0.00000037
 69.66966967     0.00000038
 69.76976977     0.00000039
 69.86986987     0.00000040
 69.96996997     0.00000041
 70.07007007     0.00000042
 70.17017017     0.00000042
 70.27027027     0.00000043
 70.37037037     0.00000043
 70.47047047     0.00000043
 70.57057057     0.00000043
 70.67067067     0.00000043
 70.77077077     0.00000043
 70.87087087     0.00000043
 70.97097097     0.00000043
 71.07107107     0.00000043
 71.17117117     0.00000042
 71.27127127     0.00000042
 71.37137137     0.00000041
 71.47147147     0.00000041
 71.57157157     0.00000040
 71.67167167     0.00000040
 71.77177177     0.00000039
 71.87187187     0.00000038
 71.97197197     0.00000038
 72.07207207     0.00000037
 72.17217217     0.00000036
 72.27227227     0.00000035
 72.37237237     0.00000034
 72.47247247     0.00000033
 72.57257257     0.00000032
 72.67267267     0.00000031
 72.77277277     0.00000030
 72.87287287     0.00000029
 72.97297297     0.00000028
 73.07307307     0.00000027
 73.17317317     0.00000026
 73.27327327     0.00000025
 73.37337337     0.00000024
 73.47347347     0.00000023
 73.57357357     0.00000022
 73.67367367     0.00000021
 73.77377377     0.00000020
 73.87387387     0.00000019
 73.97397397     0.00000018
 74.07407407     0.00000017
 74.17417417     0.00000016
 74.27427427     0.00000015
 74.37437437     0.00000014
 74.47447447     0.00000013
 74.57457457     0.00000012
 74.67467467     0.00000011
 74.77477477     0.00000010
 74.87487487     0.00000009
 74.97497497     0.00000009
 75.07507508     0.00000008
 75.17517518     0.00000007
 75.27527528     0.00000006
 75.37537538     0.00000005
 75.47547548     0.00000005
 75.57557558     0.00000004
 75.67567568     0.00000003
 75.77577578     0.00000003
 75.87587588     0.00000002
 75.97597598     0.00000001
 76.07607608     0.00000001
 76.17617618     0.00000000
 76.27627628    -0.00000000
 76.37637638    -0.00000001
 76.47647648    -0.00000001
 76.57657658    -0.00000002
 76.67667668    -0.00000002
 76.77677678    -0.00000003
 76.87687688    -0.00000003
 76.97697698    -0.00000003
 77.07707708    -0.00000004
 77.17717718    -0.00000004
 77.27727728    -0.00000004
 77.37737738    -0.00000005
 77.47747748    -0.00000005
 77.57757758    -0.00000005
 77.67767768    -0.00000005
 77.77777778    -0.00000005
 77.87787788    -0.00000006
 77.97797798    -0.00000006
 78.07807808    -0.00000006
 78.17817818    -0.00000006
 78.27827828    -0.00000006
 78.37837838    -0.00000006
 78.47847848    -0.00000006
 78.57857858    -0.00000006
 78.67867868    -0.00000006
 78.77877878    -0.00000006
 78.87887888    -0.00000006
 78.97897898    -0.00000006
 79.07907908    -0.00000006
 79.17917918    -0.00000006
 79.27927928    -0.00000006
 79.37937938    -0.00000006
 79.47947948    -0.00000006
 79.57957958    -0.00000006
 79.67967968    -0.00000006
 79.77977978    -0.00000006
 79.87987988    -0.00000006
 79.97997998    -0.00000006
 80.08008008    -0.00000006
 80.18018018    -0.00000005
 80.28028028    -0.00000005
 80.38038038    -0.00000005
 80.48048048    -0.00000005
 80.58058058    -0.00000005
 80.68068068    -0.00000005
 80.78078078    -0.00000005
 80.88088088    -0.00000004
 80.98098098    -0.00000004
 81.08108108    -0.00000004
 81.18118118    -0.00000004
 81.28128128    -0.00000004
 81.38138138    -0.00000004
 81.48148148    -0.00000004
 81.58158158    -0.00000003
 81.68168168    -0.00000003
 81.78178178    -0.00000003
 81.88188188    -0.00000003
 81.98198198    -0.00000003
 82.08208208    -0.00000003
 82.18218218    -0.00000002
 82.28228228    -0.00000002
 82.38238238    -0.00000002
 82.48248248    -0.00000002
 82.58258258    -0.00000002
 82.68268268    -0.00000002
 82.78278278    -0.00000002
 82.88288288    -0.00000001
 82.98298298    -0.00000001
 83.08308308    -0.00000001
 83.18318318    -0.00000001
 83.28328328    -0.00000001
 83.38338338    -0.00000001
 83.48348348    -0.00000001
 83.58358358    -0.00000001
 83.68368368    -0.00000000
 83.78378378    -0.00000000
 83.88388388    -0.00000000
 83.98398398    -0.00000000
 84.08408408    -0.00000000
 84.18418418    -0.00000000
 84.28428428     0.00000000
 84.38438438     0.00000000
 84.48448448     0.00000000
 84.58458458     0.00000000
 84.68468468     0.00000000
 84.78478478     0.00000000
 84.88488488     0.00000000
 84.98498498     0.00000001
 85.08508509     0.00000001
 85.18518519     0.00000001
 85.28528529     0.00000001
 85.38538539     0.00000001
 85.48548549     0.00000001
 85.58558559     0.00000001
 85.68568569     0.00000001
 85.78578579     0.00000001
 85.88588589     0.00000001
 85.98598599     0.00000001
 86.08608609     0.00000001
 86.18618619     0.00000001
 86.28628629     0.00000001
 86.38638639     0.00000001
 86.48648649     0.00000001
 86.58658659     0.00000001
 86.68668669     0.00000001
 86.78678679     0.00000001
 86.88688689     0.00000001
 86.98698699     0.00000001
 87.08708709     0.00000001
 87.18718719     0.00000001
 87.28728729     0.00000001
 87.38738739     0.00000001
 87.48748749     0.00000001
 87.58758759     0.00000001
 87.68768769     0.00000001
 87.78778779     0.00000001
 87.88788789     0.00000001
 87.98798799     0.00000001
 88.08808809     0.00000001
 88.18818819     0.00000001
 88.28828829     0.00000001
 88.38838839     0.00000001
 88.48848849     0.00000001
 88.58858859     0.00000001
 88.68868869     0.00000001
 88.78878879     0.00000001
 88.88888889     0.00000001
 88.98898899     0.00000001
 89.08908909     0.00000001
 89.18918919     0.00000001
 89.28928929     0.00000001
 89.38938939     0.00000001
 89.48948949     0.00000000
 89.58958959     0.00000000
 89.68968969     0.00000000
 89.78978979     0.00000000
 89.88988989     0.00000000
 89.98998999     0.00000000
 90.09009009     0.00000000
 90.19019019     0.00000000
 90.29029029     0.00000000
 90.39039039     0.00000000
 90.49049049     0.00000000
 90.59059059     0.00000000
 90.69069069     0.00000000
 90.79079079     0.00000000
 90.89089089     0.00000000
 90.99099099     0.00000000
 91.09109109     0.00000000
 91.19119119     0.00000000
 91.29129129     0.00000000
 91.39139139     0.00000000
 91.49149149     0.00000000
 91.59159159     0.00000000
 91.69169169     0.00000000
 91.79179179     0.00000000
 91.89189189     0.00000000
 91.99199199    -0.00000000
 92.09209209    -0.00000000
 92.19219219    -0.00000000
 92.29229229    -0.00000000
 92.39239239    -0.00000000
 92.49249249    -0.00000000
 92.59259259    -0.00000000
 92.69269269    -0.00000000
 92.79279279    -0.00000000
 92.89289289    -0.00000000
 92.99299299    -0.00000000
 93.09309309    -0.00000000
 93.19319319    -0.00000000
 93.29329329    -0.00000000
 93.39339339    -0.00000000
 93.49349349    -0.00000000
 93.59359359    -0.00000000
 93.69369369    -0.00000000
 93.79379379    -0.00000000
 93.89389389    -0.00000000
 93.99399399    -0.00000000
 94.09409409    -0.00000000
 94.19419419    -0.00000000
 94.29429429    -0.00000000
 94.39439439    -0.00000000
 94.49449449    -0.00000000
 94.59459459    -0.00000000
 94.69469469    -0.00000000
 94.79479479    -0.00000000
 94.89489489    -0.00000000
 94.99499499    -0.00000000
 95.09509510    -0.00000000
 95.19519520    -0.00000000
 95.29529530    -0.00000000
 95.39539540    -0.00000000
 95.49549550    -0.00000000
 95.59559560    -0.00000000
 95.69569570    -0.00000000
 95.79579580    -0.00000000
 95.89589590    -0.00000000
 95.99599600    -0.00000000
 96.09609610    -0.00000000
 96.19619620    -0.00000000
 96.29629630    -0.00000000
 96.39639640    -0.00000000
 96.49649650    -0.00000000
 96.59659660    -0.00000000
 96.69669670    -0.00000000
 96.79679680    -0.00000000
 96.89689690    -0.00000000
 96.99699700    -0.00000000
 97.09709710    -0.00000000
 97.19719720    -0.00000000
 97.29729730    -0.00000000
 97.39739740    -0.00000000
 97.49749750    -0.00000000
 97.59759760    -0.00000000
 97.69769770    -0.00000000
 97.79779780    -0.00000000
 97.89789790    -0.00000000
 97.99799800    -0.00000000
 98.09809810    -0.00000000
 98.19819820    -0.00000000
 98.29829830    -0.00000000
 98.39839840    -0.00000000
 98.49849850    -0.00000000
 98.59859860    -0.00000000
 98.69869870    -0.00000000
 98.79879880    -0.00000000
 98.89889890    -0.00000000
 98.99899900    -0.00000000
 99.09909910    -0.00000000
 99.19919920    -0.00000000
 99.29929930    -0.00000000
 99.39939940    -0.00000000
 99.49949950    -0.00000000
 99.59959960    -0.00000000
 99.69969970     0.00000000
 99.79979980     0.00000000
 99.89989990     0.00000000
100.00000000     0.00000000
