  0.00000000    -0.43635965
  0.10010010    -0.42235965
  0.20020020    -0.40856594
  0.30030030    -0.39497853
  0.40040040    -0.38159735
  0.50050050    -0.36842233
  0.60060060    -0.35545331
  0.70070070    -0.34269011
  0.80080080    -0.33013250
  0.90090090    -0.31778019
  1.00100100    -0.30563285
  1.10110110    -0.29369011
  1.20120120    -0.28195155
  1.30130130    -0.27041670
  1.40140140    -0.25908505
  1.50150150    -0.24795603
  1.60160160    -0.23702905
  1.70170170    -0.22630346
  1.80180180    -0.21577856
  1.90190190    -0.20545362
  2.00200200    -0.19532786
  2.10210210    -0.18540044
  2.20220220    -0.17567051
  2.30230230    -0.16613716
  2.40240240    -0.15679942
  2.50250250    -0.14765632
  2.60260260    -0.13870681
  2.70270270    -0.12994983
  2.80280280    -0.12138424
  2.90290290    -0.11300891
  3.00300300    -0.10482264
  3.10310310    -0.09682418
  3.20320320    -0.08901229
  3.30330330    -0.08138564
  3.40340340    -0.07394289
  3.50350350    -0.06668268
  3.60360360    -0.05960357
  3.70370370    -0.05270413
  3.80380380    -0.04598286
  3.90390390    -0.03943827
  4.00400400    -0.03306879
  4.10410410    -0.02687284
  4.20420420    -0.02084883
  4.30430430    -0.01499510
  4.40440440    -0.00930999
  4.50450450    -0.00379179
  4.60460460     0.00156120
  4.70470470     0.00675076
  4.80480480     0.01177866
  4.90490490     0.01664670
  5.00500501     0.02135671
  5.10510511     0.02591054
  5.20520521     0.03031007
  5.30530531     0.03455720
  5.40540541     0.03865383
  5.50550551     0.04260192
  5.60560561     0.04640341
  5.70570571     0.05006029
  5.80580581     0.05357454
  5.90590591     0.05694818
  6.00600601     0.06018322
  6.10610611     0.06328172
  6.20620621     0.06624572
  6.30630631     0.06907729
  6.40640641     0.07177850
  6.50650651     0.07435146
  6.60660661     0.07679826
  6.70670671     0.07912100
  6.80680681     0.08132182
  6.90690691     0.08340282
  7.00700701     0.08536616
  7.10710711     0.08721395
  7.20720721     0.08894836
  7.30730731     0.09057152
  7.40740741     0.09208558
  7.50750751     0.09349270
  7.60760761     0.09479503
  7.70770771     0.09599473
  7.80780781     0.09709395
  7.90790791     0.09809484
  8.00800801     0.09899955
  8.10810811     0.09981024
  8.20820821     0.10052904
  8.30830831     0.10115810
  8.40840841     0.10169954
  8.50850851     0.10215551
  8.60860861     0.10252811
  8.70870871     0.10281947
  8.80880881     0.10303168
  8.90890891     0.10316685
  9.00900901     0.10322706
  9.10910911     0.10321438
  9.20920921     0.10313087
  9.30930931     0.10297860
  9.40940941     0.10275959
  9.50950951     0.10247586
  9.60960961     0.10212945
  9.70970971     0.10172232
  9.80980981     0.10125647
  9.90990991     0.10073386
 10.01001001     0.10015644
 10.11011011     0.09952613
 10.21021021     0.09884484
 10.31031031     0.09811448
 10.41041041     0.09733690
 10.51051051     0.09651397
 10.61061061     0.09564751
 10.71071071     0.09473935
 10.81081081     0.09379127
 10.91091091     0.09280503
 11.01101101     0.09178240
 11.11111111     0.09072508
 11.21121121     0.08963480
 11.31131131     0.08851321
 11.41141141     0.08736198
 11.51151151     0.08618273
 11.61161161     0.08497708
 11.71171171     0.08374659
 11.81181181     0.08249284
 11.91191191     0.08121733
 12.01201201     0.07992159
 12.11211211     0.07860709
 12.21221221     0.07727527
 12.31231231     0.07592756
 12.41241241     0.07456536
 12.51251251     0.07319005
 12.61261261     0.07180295
 12.71271271     0.07040540
 12.81281281     0.06899867
 12.91291291     0.06758402
 13.01301301     0.06616270
 13.11311311     0.06473590
 13.21321321     0.06330481
 13.31331331     0.06187056
 13.41341341     0.06043428
 13.51351351     0.05899707
 13.61361361     0.05755998
 13.71371371     0.05612405
 13.81381381     0.05469030
 13.91391391     0.05325969
 14.01401401     0.05183318
 14.11411411     0.05041170
 14.21421421     0.04899614
 14.31431431     0.04758737
 14.41441441     0.04618623
 14.51451451     0.04479352
 14.61461461     0.04341004
 14.71471471     0.04203654
 14.81481481     0.04067375
 14.91491491     0.03932237
 15.01501502     0.03798309
 15.11511512     0.03665654
 15.21521522     0.03534336
 15.31531532     0.03404414
 15.41541542     0.03275944
 15.51551552     0.03148982
 15.61561562     0.03023580
 15.71571572     0.02899786
 15.81581582     0.02777648
 15.91591592     0.02657210
 16.01601602     0.02538514
 16.11611612     0.02421599
 16.21621622     0.02306504
 16.31631632     0.02193262
 16.41641642     0.02081907
 16.51651652     0.01972468
 16.61661662     0.01864974
 16.71671672     0.01759450
 16.81681682     0.01655920
 16.91691692     0.01554406
 17.01701702     0.01454926
 17.11711712     0.01357499
 17.21721722     0.01262139
 17.31731732     0.01168861
 17.41741742     0.01077674
 17.51751752     0.00988590
 17.61761762     0.00901615
 17.71771772     0.00816755
 17.81781782     0.00734014
 17.91791792     0.00653396
 18.01801802     0.00574899
 18.11811812     0.00498523
 18.21821822     0.00424266
 18.31831832     0.00352123
 18.41841842     0.00282088
 18.51851852     0.00214155
 18.61861862     0.00148314
 18.71871872     0.00084556
 18.81881882     0.00022868
 18.91891892    -0.00036761
 19.01901902    -0.00094346
 19.11911912    -0.00149903
 19.21921922    -0.00203446
 19.31931932    -0.00254995
 19.41941942    -0.00304568
 19.51951952    -0.00352184
 19.61961962    -0.00397864
 19.71971972    -0.00441630
 19.81981982    -0.00483505
 19.91991992    -0.00523511
 20.02002002    -0.00561675
 20.12012012    -0.00598019
 20.22022022    -0.00632571
 20.32032032    -0.00665358
 20.42042042    -0.00696405
 20.52052052    -0.00725743
 20.62062062    -0.00753398
 20.72072072    -0.00779400
 20.82082082    -0.00803780
 20.92092092    -0.00826566
 21.02102102    -0.00847790
 21.12112112    -0.00867483
 21.22122122    -0.00885675
 21.32132132    -0.00902400
 21.42142142    -0.00917688
 21.52152152    -0.00931573
 21.62162162    -0.00944087
 21.72172172    -0.00955262
 21.82182182    -0.00965132
 21.92192192    -0.00973730
 22.02202202    -0.00981088
 22.12212212    -0.00987241
 22.22222222    -0.00992221
 22.32232232    -0.00996063
 22.42242242    -0.00998799
 22.52252252    -0.01000463
 22.62262262    -0.01001087
 22.72272272    -0.01000706
 22.82282282    -0.00999353
 22.92292292    -0.00997059
 23.02302302    -0.00993859
 23.12312312    -0.00989785
 23.22322322    -0.00984868
 23.32332332    -0.00979142
 23.42342342    -0.00972638
 23.52352352    -0.00965388
 23.62362362    -0.00957424
 23.72372372    -0.00948776
 23.82382382    -0.00939474
 23.92392392    -0.00929551
 24.02402402    -0.00919034
 24.12412412    -0.00907955
 24.22422422    -0.00896342
 24.32432432    -0.00884225
 24.42442442    -0.00871631
 24.52452452    -0.00858589
 24.62462462    -0.00845126
 24.72472472    -0.00831269
 24.82482482    -0.00817045
 24.92492492    -0.00802481
 25.02502503    -0.00787600
 25.12512513    -0.00772430
 25.22522523    -0.00756994
 25.32532533    -0.00741317
 25.42542543    -0.00725422
 25.52552553    -0.00709332
 25.62562563    -0.00693070
 25.72572573    -0.00676658
 25.82582583    -0.00660116
 25.92592593    -0.00643467
 26.02602603    -0.00626731
 26.12612613    -0.00609927
 26.22622623    -0.00593074
 26.32632633    -0.00576191
 26.42642643    -0.00559297
 26.52652653    -0.00542409
 26.62662663    -0.00525543
 26.72672673    -0.00508717
 26.82682683    -0.00491946
 26.92692693    -0.00475245
 27.02702703    -0.00458630
 27.12712713    -0.00442114
 27.22722723    -0.00425712
 27.32732733    -0.00409436
 27.42742743    -0.00393298
 27.52752753    -0.00377312
 27.62762763    -0.00361488
 27.72772773    -0.00345838
 27.82782783    -0.00330371
 27.92792793    -0.00315098
 28.02802803    -0.00300028
 28.12812813    -0.00285171
 28.22822823    -0.00270533
 28.32832833    -0.00256125
 28.42842843    -0.00241952
 28.52852853    -0.00228022
 28.62862863    -0.00214341
 28.72872873    -0.00200916
 28.82882883    -0.00187752
 28.92892893    -0.00174853
 29.02902903    -0.00162225
 29.12912913    -0.00149873
 29.22922923    -0.00137798
 29.32932933    -0.00126006
 29.42942943    -0.00114500
 29.52952953    -0.00103281
 29.62962963    -0.00092351
 29.72972973    -0.00081714
 29.82982983    -0.00071370
 29.92992993    -0.00061321
 30.03003003    -0.00051567
 30.13013013    -0.00042108
 30.23023023    -0.00032945
 30.33033033    -0.00024078
 30.43043043    -0.00015506
 30.53053053    -0.00007228
 30.63063063     0.00000756
 30.73073073     0.00008449
 30.83083083     0.00015852
 30.93093093     0.00022966
 31.03103103     0.00029794
 31.13113113     0.00036338
 31.23123123     0.00042601
 31.33133133     0.00048585
 31.43143143     0.00054294
 31.53153153     0.00059731
 31.63163163     0.00064899
 31.73173173     0.00069802
 31.83183183     0.00074444
 31.93193193     0.00078828
 32.03203203     0.00082959
 32.13213213     0.00086841
 32.23223223     0.00090477
 32.33233233     0.00093874
 32.43243243     0.00097034
 32.53253253     0.00099964
 32.63263263     0.00102667
 32.73273273     0.00105148
 32.83283283     0.00107414
 32.93293293     0.00109467
 33.03303303     0.00111315
 33.13313313     0.00112961
 33.23323323     0.00114412
 33.33333333     0.00115671
 33.43343343     0.00116746
 33.53353353     0.00117640
 33.63363363     0.00118359
 33.73373373     0.00118910
 33.83383383     0.00119296
 33.93393393     0.00119524
 34.03403403     0.00119598
 34.13413413     0.00119525
 34.23423423     0.00119309
 34.33433433     0.00118956
 34.43443443     0.00118471
 34.53453453     0.00117860
 34.63463463     0.00117127
 34.73473473     0.00116279
 34.83483483     0.00115319
 34.93493493     0.00114254
 35.03503504     0.00113087
 35.13513514     0.00111826
 35.23523524     0.00110473
 35.33533534     0.00109034
 35.43543544     0.00107515
 35.53553554     0.00105919
 35.63563564     0.00104251
 35.73573574     0.00102516
 35.83583584     0.00100719
 35.93593594     0.00098864
 36.03603604     0.00096954
 36.13613614     0.00094996
 36.23623624     0.00092992
 36.33633634     0.00090946
 36.43643644     0.00088864
 36.53653654     0.00086748
 36.63663664     0.00084603
 36.73673674     0.00082431
 36.83683684     0.00080238
 36.93693694     0.00078025
 37.03703704     0.00075798
 37.13713714     0.00073558
 37.23723724     0.00071310
 37.33733734     0.00069055
 37.43743744     0.00066799
 37.53753754     0.00064542
 37.63763764     0.00062288
 37.73773774     0.00060040
 37.83783784     0.00057801
 37.93793794     0.00055572
 38.03803804     0.00053356
 38.13813814     0.00051156
 38.23823824     0.00048973
 38.33833834     0.00046811
 38.43843844     0.00044670
 38.53853854     0.00042553
 38.63863864     0.00040461
 38.73873874     0.00038397
 38.83883884     0.00036361
 38.93893894     0.00034356
 39.03903904     0.00032382
 39.13913914     0.00030442
 39.23923924     0.00028536
 39.33933934     0.00026665
 39.43943944     0.00024832
 39.53953954     0.00023035
 39.63963964     0.00021278
 39.73973974     0.00019560
 39.83983984     0.00017882
 39.93993994     0.00016244
 40.04004004     0.00014649
 40.14014014     0.00013095
 40.24024024     0.00011583
 40.34034034     0.00010115
 40.44044044     0.00008689
 40.54054054     0.00007307
 40.64064064     0.00005968
 40.74074074     0.00004673
 40.84084084     0.00003422
 40.94094094     0.00002215
 41.04104104     0.00001051
 41.14114114    -0.00000069
 41.24124124    -0.00001146
 41.34134134    -0.00002179
 41.44144144    -0.00003170
 41.54154154    -0.00004117
 41.64164164    -0.00005023
 41.74174174    -0.00005886
 41.84184184    -0.00006708
 41.94194194    -0.00007489
 42.04204204    -0.00008230
 42.14214214    -0.00008930
 42.24224224    -0.00009591
 42.34234234    -0.00010213
 42.44244244    -0.00010797
 42.54254254    -0.00011343
 42.64264264    -0.00011852
 42.74274274    -0.00012325
 42.84284284    -0.00012763
 42.94294294    -0.00013166
 43.04304304    -0.00013535
 43.14314314    -0.00013871
 43.24324324    -0.00014174
 43.34334334    -0.00014446
 43.44344344    -0.00014688
 43.54354354    -0.00014899
 43.64364364    -0.00015081
 43.74374374    -0.00015236
 43.84384384    -0.00015362
 43.94394394    -0.00015463
 44.04404404    -0.00015538
 44.14414414    -0.00015588
 44.24424424    -0.00015614
 44.34434434    -0.00015617
 44.44444444    -0.00015598
 44.54454454    -0.00015558
 44.64464464    -0.00015498
 44.74474474    -0.00015418
 44.84484484    -0.00015319
 44.94494494    -0.00015203
 45.04504505    -0.00015069
 45.14514515    -0.00014920
 45.24524525    -0.00014755
 45.34534535    -0.00014575
 45.44544545    -0.00014382
 45.54554555    -0.00014177
 45.64564565    -0.00013958
 45.74574575    -0.00013729
 45.84584585    -0.00013489
 45.94594595    -0.00013239
 46.04604605    -0.00012980
 46.14614615    -0.00012713
 46.24624625    -0.00012438
 46.34634635    -0.00012156
 46.44644645    -0.00011868
 46.54654655    -0.00011574
 46.64664665    -0.00011275
 46.74674675    -0.00010971
 46.84684685    -0.00010664
 46.94694695    -0.00010353
 47.04704705    -0.00010040
 47.14714715    -0.00009724
 47.24724725    -0.00009407
 47.34734735    -0.00009089
 47.44744745    -0.00008771
 47.54754755    -0.00008452
 47.64764765    -0.00008134
 47.74774775    -0.00007816
 47.84784785    -0.00007500
 47.94794795    -0.00007185
 48.04804805    -0.00006872
 48.14814815    -0.00006562
 48.24824825    -0.00006254
 48.34834835    -0.00005950
 48.44844845    -0.00005649
 48.54854855    -0.00005352
 48.64864865    -0.00005058
 48.74874875    -0.00004769
 48.84884885    -0.00004485
 48.94894895    -0.00004205
 49.04904905    -0.00003930
 49.14914915    -0.00003661
 49.24924925    -0.00003397
 49.34934935    -0.00003138
 49.44944945    -0.00002885
 49.54954955    -0.00002638
 49.64964965    -0.00002397
 49.74974975    -0.00002163
 49.84984985    -0.00001934
 49.94994995    -0.00001712
 50.05005005    -0.00001496
 50.15015015    -0.00001287
 50.25025025    -0.00001084
 50.35035035    -0.00000888
 50.45045045    -0.00000698
 50.55055055    -0.00000515
 50.65065065    -0.00000339
 50.75075075    -0.00000169
 50.85085085    -0.00000006
 50.95095095     0.00000151
 51.05105105     0.00000301
 51.15115115     0.00000444
 51.25125125     0.00000581
 51.35135135     0.00000711
 51.45145145     0.00000835
 51.55155155     0.00000953
 51.65165165     0.00001064
 51.75175175     0.00001169
 51.85185185     0.00001268
 51.95195195     0.00001361
 52.05205205     0.00001449
 52.15215215     0.00001530
 52.25225225     0.00001606
 52.35235235     0.00001676
 52.45245245     0.00001740
 52.55255255     0.00001800
 52.65265265     0.00001854
 52.75275275     0.00001903
 52.85285285     0.00001947
 52.95295295     0.00001986
 53.05305305     0.00002020
 53.15315315     0.00002050
 53.25325325     0.00002076
 53.35335335     0.00002097
 53.45345345     0.00002114
 53.55355355     0.00002127
 53.65365365     0.00002136
 53.75375375     0.00002141
 53.85385385     0.00002143
 53.95395395     0.00002141
 54.05405405     0.00002136
 54.15415415     0.00002128
 54.25425425     0.00002117
 54.35435435     0.00002103
 54.45445445     0.00002086
 54.55455455     0.00002066
 54.65465465     0.00002044
 54.75475475     0.00002020
 54.85485485     0.00001993
 54.95495495     0.00001965
 55.05505506     0.00001934
 55.15515516     0.00001902
 55.25525526     0.00001868
 55.35535536     0.00001832
 55.45545546     0.00001795
 55.55555556     0.00001757
 55.65565566     0.00001717
 55.75575576     0.00001676
 55.85585586     0.00001634
 55.95595596     0.00001592
 56.05605606     0.00001548
 56.15615616     0.00001504
 56.25625626     0.00001459
 56.35635636     0.00001414
 56.45645646     0.00001368
 56.55655656     0.00001322
 56.65665666     0.00001276
 56.75675676     0.00001230
 56.85685686     0.00001183
 56.95695696     0.00001137
 57.05705706     0.00001091
 57.15715716     0.00001044
 57.25725726     0.00000998
 57.35735736     0.00000953
 57.45745746     0.00000907
 57.55755756     0.00000862
 57.65765766     0.00000818
 57.75775776     0.00000774
 57.85785786     0.00000731
 57.95795796     0.00000688
 58.05805806     0.00000646
 58.15815816     0.00000605
 58.25825826     0.00000564
 58.35835836     0.00000524
 58.45845846     0.00000485
 58.55855856     0.00000447
 58.65865866     0.00000409
 58.75875876     0.00000373
 58.85885886     0.00000337
 58.95895896     0.00000303
 59.05905906     0.00000269
 59.15915916     0.00000236
 59.25925926     0.00000205
 59.35935936     0.00000174
 59.45945946     0.00000144
 59.55955956     0.00000116
 59.65965966     0.00000088
 59.75975976     0.00000061
 59.85985986     0.00000036
 59.95995996     0.00000011
 60.06006006    -0.00000013
 60.16016016    -0.00000035
 60.26026026    -0.00000057
 60.36036036    -0.00000077
 60.46046046    -0.00000097
 60.56056056    -0.00000115
 60.66066066    -0.00000133
 60.76076076    -0.00000149
 60.86086086    -0.00000165
 60.96096096    -0.00000180
 61.06106106    -0.00000193
 61.16116116    -0.00000206
 61.26126126    -0.00000218
 61.36136136    -0.00000229
 61.46146146    -0.00000240
 61.56156156    -0.00000249
 61.66166166    -0.00000257
 61.76176176    -0.00000265
 61.86186186    -0.00000272
 61.96196196    -0.00000278
 62.06206206    -0.00000284
 62.16216216    -0.00000289
 62.26226226    -0.00000293
 62.36236236    -0.00000296
 62.46246246    -0.00000299
 62.56256256    -0.00000301
 62.66266266    -0.00000302
 62.76276276    -0.00000303
 62.86286286    -0.00000303
 62.96296296    -0.00000303
 63.06306306    -0.00000302
 63.16316316    -0.00000301
 63.26326326    -0.00000299
 63.36336336    -0.00000297
 63.46346346    -0.00000295
 63.56356356    -0.00000292
 63.66366366    -0.00000288
 63.76376376    -0.00000285
 63.86386386    -0.00000281
 63.96396396    -0.00000276
 64.06406406    -0.00000272
 64.16416416    -0.00000267
 64.26426426    -0.00000261
 64.36436436    -0.00000256
 64.46446446    -0.00000250
 64.56456456    -0.00000244
 64.66466466    -0.00000238
 64.76476476    -0.00000232
 64.86486486    -0.00000226
 64.96496496    -0.00000220
 65.06506507    -0.00000213
 65.16516517    -0.00000206
 65.26526527    -0.00000200
 65.36536537    -0.00000193
 65.46546547    -0.00000186
 65.56556557    -0.00000179
 65.66566567    -0.00000172
 65.76576577    -0.00000165
 65.86586587    -0.00000158
 65.96596597    -0.00000152
 66.06606607    -0.00000145
 66.16616617    -0.00000138
 66.26626627    -0.00000131
 66.36636637    -0.00000124
 66.46646647    -0.00000118
 66.56656657    -0.00000111
 66.66666667    -0.00000105
 66.76676677    -0.00000098
 66.86686687    -0.00000092
 66.96696697    -0.00000086
 67.06706707    -0.00000080
 67.16716717    -0.00000074
 67.26726727    -0.00000068
 67.36736737    -0.00000062
 67.46746747    -0.00000057
 67.56756757    -0.00000051
 67.66766767    -0.00000046
 67.76776777    -0.00000041
 67.86786787    -0.00000036
 67.96796797    -0.00000031
 68.06806807    -0.00000027
 68.16816817    -0.00000022
 68.26826827    -0.00000018
 68.36836837    -0.00000014
 68.46846847    -0.00000010
 68.56856857    -0.00000006
 68.66866867    -0.00000002
 68.76876877     0.00000002
 68.86886887     0.00000005
 68.96896897     0.00000008
 69.06906907     0.00000011
 69.16916917     0.00000014
 69.26926927     0.00000017
 69.36936937     0.00000020
 69.46946947     0.00000022
 69.56956957     0.00000024
 69.66966967     0.00000027
 69.76976977     0.00000029
 69.86986987     0.00000030
 69.96996997     0.00000032
 70.07007007     0.00000034
 70.17017017     0.00000035
 70.27027027     0.00000037
 70.37037037     0.00000038
 70.47047047     0.00000039
 70.57057057     0.00000040
 70.67067067     0.00000041
 70.77077077     0.00000042
 70.87087087     0.00000042
 70.97097097     0.00000043
 71.07107107     0.00000043
 71.17117117     0.00000043
 71.27127127     0.00000044
 71.37137137     0.00000044
 71.47147147     0.00000044
 71.57157157     0.00000044
 71.67167167     0.00000044
 71.77177177     0.00000044
 71.87187187     0.00000043
 71.97197197     0.00000043
 72.07207207     0.00000043
 72.17217217     0.00000042
 72.27227227     0.00000042
 72.37237237     0.00000041
 72.47247247     0.00000040
 72.57257257     0.00000040
 72.67267267     0.00000039
 72.77277277     0.00000038
 72.87287287     0.00000037
 72.97297297     0.00000037
 73.07307307     0.00000036
 73.17317317     0.00000035
 73.27327327     0.00000034
 73.37337337     0.00000033
 73.47347347     0.00000032
 73.57357357     0.00000031
 73.67367367     0.00000030
 73.77377377     0.00000029
 73.87387387     0.00000028
 73.97397397     0.00000027
 74.07407407     0.00000026
 74.17417417     0.00000025
 74.27427427     0.00000024
 74.37437437     0.00000023
 74.47447447     0.00000022
 74.57457457     0.00000021
 74.67467467     0.00000020
 74.77477477     0.00000019
 74.87487487     0.00000018
 74.97497497     0.00000017
 75.07507508     0.00000016
 75.17517518     0.00000015
 75.27527528     0.00000014
 75.37537538     0.00000013
 75.47547548     0.00000012
 75.57557558     0.00000011
 75.67567568     0.00000010
 75.77577578     0.00000009
 75.87587588     0.00000008
 75.97597598     0.00000008
 76.07607608     0.00000007
 76.17617618     0.00000006
 76.27627628     0.00000005
 76.37637638     0.00000004
 76.47647648     0.00000004
 76.57657658     0.00000003
 76.67667668     0.00000002
 76.77677678     0.00000002
 76.87687688     0.00000001
 76.97697698     0.00000001
 77.07707708     0.00000000
 77.17717718    -0.00000000
 77.27727728    -0.00000001
 77.37737738    -0.00000001
 77.47747748    -0.00000002
 77.57757758    -0.00000002
 77.67767768    -0.00000003
 77.77777778    -0.00000003
 77.87787788    -0.00000003
 77.97797798    -0.00000004
 78.07807808    -0.00000004
 78.17817818    -0.00000004
 78.27827828    -0.00000005
 78.37837838    -0.00000005
 78.47847848    -0.00000005
 78.57857858    -0.00000005
 78.67867868    -0.00000006
 78.77877878    -0.00000006
 78.87887888    -0.00000006
 78.97897898    -0.00000006
 79.07907908    -0.00000006
 79.17917918    -0.00000006
 79.27927928    -0.00000006
 79.37937938    -0.00000006
 79.47947948    -0.00000006
 79.57957958    -0.00000006
 79.67967968    -0.00000006
 79.77977978    -0.00000006
 79.87987988    -0.00000006
 79.97997998    -0.00000006
 80.08008008    -0.00000006
 80.18018018    -0.00000006
 80.28028028    -0.00000006
 80.38038038    -0.00000006
 80.48048048    -0.00000006
 80.58058058    -0.00000006
 80.68068068    -0.00000006
 80.78078078    -0.00000006
 80.88088088    -0.00000006
 80.98098098    -0.00000006
 81.08108108    -0.00000006
 81.18118118    -0.00000005
 81.28128128    -0.00000005
 81.38138138    -0.00000005
 81.48148148    -0.00000005
 81.58158158    -0.00000005
 81.68168168    -0.00000005
 81.78178178    -0.00000005
 81.88188188    -0.00000004
 81.98198198    -0.00000004
 82.08208208    -0.00000004
 82.18218218    -0.00000004
 82.28228228    -0.00000004
 82.38238238    -0.00000004
 82.48248248    -0.00000003
 82.58258258    -0.00000003
 82.68268268    -0.00000003
 82.78278278    -0.00000003
 82.88288288    -0.00000003
 82.98298298    -0.00000003
 83.08308308    -0.00000003
 83.18318318    -0.00000002
 83.28328328    -0.00000002
 83.38338338    -0.00000002
 83.48348348    -0.00000002
 83.58358358    -0.00000002
 83.68368368    -0.00000002
 83.78378378    -0.00000002
 83.88388388    -0.00000001
 83.98398398    -0.00000001
 84.08408408    -0.00000001
 84.18418418    -0.00000001
 84.28428428    -0.00000001
 84.38438438    -0.00000001
 84.48448448    -0.00000001
 84.58458458    -0.00000001
 84.68468468    -0.00000000
 84.78478478    -0.00000000
 84.88488488    -0.00000000
 84.98498498    -0.00000000
 85.08508509    -0.00000000
 85.18518519     0.00000000
 85.28528529     0.00000000
 85.38538539     0.00000000
 85.48548549     0.00000000
 85.58558559     0.00000000
 85.68568569     0.00000000
 85.78578579     0.00000000
 85.88588589     0.00000000
 85.98598599     0.00000001
 86.08608609     0.00000001
 86.18618619     0.00000001
 86.28628629     0.00000001
 86.38638639     0.00000001
 86.48648649     0.00000001
 86.58658659     0.00000001
 86.68668669     0.00000001
 86.78678679     0.00000001
 86.88688689     0.00000001
 86.98698699     0.00000001
 87.08708709     0.00000001
 87.18718719     0.00000001
 87.28728729     0.00000001
 87.38738739     0.00000001
 87.48748749     0.00000001
 87.58758759     0.00000001
 87.68768769     0.00000001
 87.78778779     0.00000001
 87.88788789     0.00000001
 87.98798799     0.00000001
 88.08808809     0.00000001
 88.18818819     0.00000001
 88.28828829     0.00000001
 88.38838839     0.00000001
 88.48848849     0.00000001
 88.58858859     0.00000001
 88.68868869     0.00000001
 88.78878879     0.00000001
 88.88888889     0.00000001
 88.98898899     0.00000001
 89.08908909     0.00000001
 89.18918919     0.00000001
 89.28928929     0.00000001
 89.38938939     0.00000001
 89.48948949     0.00000001
 89.58958959     0.00000001
 89.68968969     0.00000001
 89.78978979     0.00000001
 89.88988989     0.00000001
 89.98998999     0.00000001
 90.09009009     0.00000001
 90.19019019     0.00000001
 90.29029029     0.00000001
 90.39039039     0.00000001
 90.49049049     0.00000000
 90.59059059     0.00000000
 90.69069069     0.00000000
 90.79079079     0.00000000
 90.89089089     0.00000000
 90.99099099     0.00000000
 91.09109109     0.00000000
 91.19119119     0.00000000
 91.29129129     0.00000000
 91.39139139     0.00000000
 91.49149149     0.00000000
 91.59159159     0.00000000
 91.69169169     0.00000000
 91.79179179     0.00000000
 91.89189189     0.00000000
 91.99199199     0.00000000
 92.09209209     0.00000000
 92.19219219     0.00000000
 92.29229229     0.00000000
 92.39239239     0.00000000
 92.49249249     0.00000000
 92.59259259     0.00000000
 92.69269269     0.00000000
 92.79279279     0.00000000
 92.89289289     0.00000000
 92.99299299    -0.00000000
 93.09309309    -0.00000000
 93.19319319    -0.00000000
 93.29329329    -0.00000000
 93.39339339    -0.00000000
 93.49349349    -0.00000000
 93.59359359    -0.00000000
 93.69369369    -0.00000000
 93.79379379    -0.00000000
 93.89389389    -0.00000000
 93.99399399    -0.00000000
 94.09409409    -0.00000000
 94.19419419    -0.00000000
 94.29429429    -0.00000000
 94.39439439    -0.00000000
 94.49449449    -0.00000000
 94.59459459    -0.00000000
 94.69469469    -0.00000000
 94.79479479    -0.00000000
 94.89489489    -0.00000000
 94.99499499    -0.00000000
 95.09509510    -0.00000000
 95.19519520    -0.00000000
 95.29529530    -0.00000000
 95.39539540    -0.00000000
 95.49549550    -0.00000000
 95.59559560    -0.00000000
 95.69569570    -0.00000000
 95.79579580    -0.00000000
 95.89589590    -0.00000000
 95.99599600    -0.00000000
 96.09609610    -0.00000000
 96.19619620    -0.00000000
 96.29629630    -0.00000000
 96.39639640    -0.00000000
 96.49649650    -0.00000000
 96.59659660    -0.00000000
 96.69669670    -0.00000000
 96.79679680    -0.00000000
 96.89689690    -0.00000000
 96.99699700    -0.00000000
 97.09709710    -0.00000000
 97.19719720    -0.00000000
 97.29729730    -0.00000000
 97.39739740    -0.00000000
 97.49749750    -0.00000000
 97.59759760    -0.00000000
 97.69769770    -0.00000000
 97.79779780    -0.00000000
 97.89789790    -0.00000000
 97.99799800    -0.00000000
 98.09809810    -0.00000000
 98.19819820    -0.00000000
 98.29829830    -0.00000000
 98.39839840    -0.00000000
 98.49849850    -0.00000000
 98.59859860    -0.00000000
 98.69869870    -0.00000000
 98.79879880    -0.00000000
 98.89889890    -0.00000000
 98.99899900    -0.00000000
 99.09909910    -0.00000000
 99.19919920    -0.00000000
 99.29929930    -0.00000000
 99.39939940    -0.00000000
 99.49949950    -0.00000000
 99.59959960    -0.00000000
 99.69969970     0.00000000
 99.79979980     0.00000000
 99.89989990     0.00000000
100.00000000     0.00000000
