  0.00000000    -0.43868660
  0.10010010    -0.42468660
  0.20020020    -0.41089178
  0.30030030    -0.39730212
  0.40040040    -0.38391760
  0.50050050    -0.37073812
  0.60060060    -0.35776353
  0.70070070    -0.34499365
  0.80080080    -0.33242825
  0.90090090    -0.32006705
  1.00100100    -0.30790973
  1.10110110    -0.29595592
  1.20120120    -0.28420521
  1.30130130    -0.27265713
  1.40140140    -0.26131118
  1.50150150    -0.25016682
  1.60160160    -0.23922344
  1.70170170    -0.22848042
  1.80180180    -0.21793706
  1.90190190    -0.20759264
  2.00200200    -0.19744640
  2.10210210    -0.18749753
  2.20220220    -0.17774516
  2.30230230    -0.16818841
  2.40240240    -0.15882634
  2.50250250    -0.14965797
  2.60260260    -0.14068228
  2.70270270    -0.13189822
  2.80280280    -0.12330468
  2.90290290    -0.11490054
  3.00300300    -0.10668461
  3.10310310    -0.09865568
  3.20320320    -0.09081251
  3.30330330    -0.08315380
  3.40340340    -0.07567824
  3.50350350    -0.06838446
  3.60360360    -0.06127107
  3.70370370    -0.05433666
  3.80380380    -0.04757974
  3.90390390    -0.04099885
  4.00400400    -0.03459244
  4.10410410    -0.02835897
  4.20420420    -0.02229684
  4.30430430    -0.01640445
  4.40440440    -0.01068014
  4.50450450    -0.00512225
  4.60460460     0.00027094
  4.70470470     0.00550113
  4.80480480     0.01057010
  4.90490490     0.01547961
  5.00500501     0.02023147
  5.10510511     0.02482750
  5.20520521     0.02926956
  5.30530531     0.03355951
  5.40540541     0.03769924
  5.50550551     0.04169067
  5.60560561     0.04553573
  5.70570571     0.04923636
  5.80580581     0.05279453
  5.90590591     0.05621222
  6.00600601     0.05949144
  6.10610611     0.06263418
  6.20620621     0.06564250
  6.30630631     0.06851841
  6.40640641     0.07126398
  6.50650651     0.07388126
  6.60660661     0.07637234
  6.70670671     0.07873929
  6.80680681     0.08098421
  6.90690691     0.08310920
  7.00700701     0.08511636
  7.10710711     0.08700781
  7.20720721     0.08878567
  7.30730731     0.09045206
  7.40740741     0.09200910
  7.50750751     0.09345892
  7.60760761     0.09480366
  7.70770771     0.09604544
  7.80780781     0.09718640
  7.90790791     0.09822866
  8.00800801     0.09917435
  8.10810811     0.10002561
  8.20820821     0.10078454
  8.30830831     0.10145328
  8.40840841     0.10203393
  8.50850851     0.10252860
  8.60860861     0.10293940
  8.70870871     0.10326842
  8.80880881     0.10351773
  8.90890891     0.10368943
  9.00900901     0.10378558
  9.10910911     0.10380823
  9.20920921     0.10375944
  9.30930931     0.10364123
  9.40940941     0.10345564
  9.50950951     0.10320466
  9.60960961     0.10289030
  9.70970971     0.10251453
  9.80980981     0.10207933
  9.90990991     0.10158664
 10.01001001     0.10103839
 10.11011011     0.10043651
 10.21021021     0.09978290
 10.31031031     0.09907943
 10.41041041     0.09832798
 10.51051051     0.09753038
 10.61061061     0.09668846
 10.71071071     0.09580402
 10.81081081     0.09487885
 10.91091091     0.09391471
 11.01101101     0.09291334
 11.11111111     0.09187646
 11.21121121     0.09080578
 11.31131131     0.08970295
 11.41141141     0.08856963
 11.51151151     0.08740746
 11.61161161     0.08621802
 11.71171171     0.08500291
 11.81181181     0.08376367
 11.91191191     0.08250183
 12.01201201     0.08121891
 12.11211211     0.07991636
 12.21221221     0.07859566
 12.31231231     0.07725822
 12.41241241     0.07590544
 12.51251251     0.07453870
 12.61261261     0.07315934
 12.71271271     0.07176869
 12.81281281     0.07036804
 12.91291291     0.06895864
 13.01301301     0.06754175
 13.11311311     0.06611857
 13.21321321     0.06469029
 13.31331331     0.06325806
 13.41341341     0.06182301
 13.51351351     0.06038623
 13.61361361     0.05894882
 13.71371371     0.05751180
 13.81381381     0.05607619
 13.91391391     0.05464299
 14.01401401     0.05321316
 14.11411411     0.05178764
 14.21421421     0.05036732
 14.31431431     0.04895309
 14.41441441     0.04754580
 14.51451451     0.04614627
 14.61461461     0.04475531
 14.71471471     0.04337368
 14.81481481     0.04200212
 14.91491491     0.04064136
 15.01501502     0.03929208
 15.11511512     0.03795495
 15.21521522     0.03663060
 15.31531532     0.03531965
 15.41541542     0.03402268
 15.51551552     0.03274025
 15.61561562     0.03147290
 15.71571572     0.03022113
 15.81581582     0.02898544
 15.91591592     0.02776627
 16.01601602     0.02656408
 16.11611612     0.02537926
 16.21621622     0.02421221
 16.31631632     0.02306330
 16.41641642     0.02193286
 16.51651652     0.02082122
 16.61661662     0.01972866
 16.71671672     0.01865548
 16.81681682     0.01760191
 16.91691692     0.01656820
 17.01701702     0.01555455
 17.11711712     0.01456115
 17.21721722     0.01358818
 17.31731732     0.01263578
 17.41741742     0.01170409
 17.51751752     0.01079321
 17.61761762     0.00990324
 17.71771772     0.00903425
 17.81781782     0.00818631
 17.91791792     0.00735944
 18.01801802     0.00655368
 18.11811812     0.00576902
 18.21821822     0.00500546
 18.31831832     0.00426297
 18.41841842     0.00354151
 18.51851852     0.00284102
 18.61861862     0.00216142
 18.71871872     0.00150265
 18.81881882     0.00086458
 18.91891892     0.00024712
 19.01901902    -0.00034987
 19.11911912    -0.00092653
 19.21921922    -0.00148299
 19.31931932    -0.00201944
 19.41941942    -0.00253603
 19.51951952    -0.00303295
 19.61961962    -0.00351040
 19.71971972    -0.00396859
 19.81981982    -0.00440772
 19.91991992    -0.00482802
 20.02002002    -0.00522972
 20.12012012    -0.00561306
 20.22022022    -0.00597829
 20.32032032    -0.00632567
 20.42042042    -0.00665546
 20.52052052    -0.00696792
 20.62062062    -0.00726334
 20.72072072    -0.00754199
 20.82082082    -0.00780417
 20.92092092    -0.00805016
 21.02102102    -0.00828027
 21.12112112    -0.00849480
 21.22122122    -0.00869405
 21.32132132    -0.00887833
 21.42142142    -0.00904795
 21.52152152    -0.00920325
 21.62162162    -0.00934452
 21.72172172    -0.00947210
 21.82182182    -0.00958631
 21.92192192    -0.00968747
 22.02202202    -0.00977592
 22.12212212    -0.00985197
 22.22222222    -0.00991597
 22.32232232    -0.00996823
 22.42242242    -0.01000910
 22.52252252    -0.01003889
 22.62262262    -0.01005795
 22.72272272    -0.01006660
 22.82282282    -0.01006516
 22.92292292    -0.01005398
 23.02302302    -0.01003336
 23.12312312    -0.01000364
 23.22322322    -0.00996514
 23.32332332    -0.00991819
 23.42342342    -0.00986309
 23.52352352    -0.00980018
 23.62362362    -0.00972975
 23.72372372    -0.00965212
 23.82382382    -0.00956761
 23.92392392    -0.00947651
 24.02402402    -0.00937913
 24.12412412    -0.00927576
 24.22422422    -0.00916671
 24.32432432    -0.00905225
 24.42442442    -0.00893268
 24.52452452    -0.00880828
 24.62462462    -0.00867933
 24.72472472    -0.00854610
 24.82482482    -0.00840886
 24.92492492    -0.00826788
 25.02502503    -0.00812341
 25.12512513    -0.00797571
 25.22522523    -0.00782504
 25.32532533    -0.00767164
 25.42542543    -0.00751574
 25.52552553    -0.00735759
 25.62562563    -0.00719741
 25.72572573    -0.00703543
 25.82582583    -0.00687186
 25.92592593    -0.00670694
 26.02602603    -0.00654085
 26.12612613    -0.00637381
 26.22622623    -0.00620601
 26.32632633    -0.00603765
 26.42642643    -0.00586891
 26.52652653    -0.00569998
 26.62662663    -0.00553103
 26.72672673    -0.00536223
 26.82682683    -0.00519375
 26.92692693    -0.00502575
 27.02702703    -0.00485837
 27.12712713    -0.00469178
 27.22722723    -0.00452611
 27.32732733    -0.00436150
 27.42742743    -0.00419808
 27.52752753    -0.00403598
 27.62762763    -0.00387533
 27.72772773    -0.00371623
 27.82782783    -0.00355880
 27.92792793    -0.00340315
 28.02802803    -0.00324938
 28.12812813    -0.00309757
 28.22822823    -0.00294783
 28.32832833    -0.00280024
 28.42842843    -0.00265488
 28.52852853    -0.00251183
 28.62862863    -0.00237115
 28.72872873    -0.00223292
 28.82882883    -0.00209719
 28.92892893    -0.00196403
 29.02902903    -0.00183349
 29.12912913    -0.00170561
 29.22922923    -0.00158044
 29.32932933    -0.00145802
 29.42942943    -0.00133838
 29.52952953    -0.00122157
 29.62962963    -0.00110760
 29.72972973    -0.00099650
 29.82982983    -0.00088830
 29.92992993    -0.00078300
 30.03003003    -0.00068063
 30.13013013    -0.00058119
 30.23023023    -0.00048468
 30.33033033    -0.00039112
 30.43043043    -0.00030050
 30.53053053    -0.00021282
 30.63063063    -0.00012807
 30.73073073    -0.00004625
 30.83083083     0.00003267
 30.93093093     0.00010868
 31.03103103     0.00018182
 31.13113113     0.00025209
 31.23123123     0.00031952
 31.33133133     0.00038414
 31.43143143     0.00044596
 31.53153153     0.00050503
 31.63163163     0.00056137
 31.73173173     0.00061501
 31.83183183     0.00066598
 31.93193193     0.00071433
 32.03203203     0.00076008
 32.13213213     0.00080329
 32.23223223     0.00084399
 32.33233233     0.00088222
 32.43243243     0.00091802
 32.53253253     0.00095144
 32.63263263     0.00098253
 32.73273273     0.00101133
 32.83283283     0.00103789
 32.93293293     0.00106225
 33.03303303     0.00108448
 33.13313313     0.00110461
 33.23323323     0.00112270
 33.33333333     0.00113880
 33.43343343     0.00115295
 33.53353353     0.00116523
 33.63363363     0.00117566
 33.73373373     0.00118432
 33.83383383     0.00119124
 33.93393393     0.00119649
 34.03403403     0.00120012
 34.13413413     0.00120217
 34.23423423     0.00120272
 34.33433433     0.00120179
 34.43443443     0.00119946
 34.53453453     0.00119577
 34.63463463     0.00119077
 34.73473473     0.00118452
 34.83483483     0.00117708
 34.93493493     0.00116848
 35.03503504     0.00115878
 35.13513514     0.00114803
 35.23523524     0.00113629
 35.33533534     0.00112360
 35.43543544     0.00111001
 35.53553554     0.00109557
 35.63563564     0.00108032
 35.73573574     0.00106432
 35.83583584     0.00104761
 35.93593594     0.00103023
 36.03603604     0.00101223
 36.13613614     0.00099366
 36.23623624     0.00097455
 36.33633634     0.00095495
 36.43643644     0.00093490
 36.53653654     0.00091444
 36.63663664     0.00089361
 36.73673674     0.00087245
 36.83683684     0.00085100
 36.93693694     0.00082928
 37.03703704     0.00080735
 37.13713714     0.00078523
 37.23723724     0.00076295
 37.33733734     0.00074055
 37.43743744     0.00071807
 37.53753754     0.00069553
 37.63763764     0.00067296
 37.73773774     0.00065038
 37.83783784     0.00062784
 37.93793794     0.00060536
 38.03803804     0.00058295
 38.13813814     0.00056065
 38.23823824     0.00053848
 38.33833834     0.00051646
 38.43843844     0.00049461
 38.53853854     0.00047296
 38.63863864     0.00045153
 38.73873874     0.00043032
 38.83883884     0.00040937
 38.93893894     0.00038869
 39.03903904     0.00036830
 39.13913914     0.00034820
 39.23923924     0.00032842
 39.33933934     0.00030896
 39.43943944     0.00028985
 39.53953954     0.00027109
 39.63963964     0.00025269
 39.73973974     0.00023466
 39.83983984     0.00021702
 39.93993994     0.00019976
 40.04004004     0.00018290
 40.14014014     0.00016645
 40.24024024     0.00015041
 40.34034034     0.00013479
 40.44044044     0.00011959
 40.54054054     0.00010481
 40.64064064     0.00009046
 40.74074074     0.00007654
 40.84084084     0.00006305
 40.94094094     0.00005000
 41.04104104     0.00003738
 41.14114114     0.00002520
 41.24124124     0.00001345
 41.34134134     0.00000214
 41.44144144    -0.00000874
 41.54154154    -0.00001919
 41.64164164    -0.00002921
 41.74174174    -0.00003881
 41.84184184    -0.00004798
 41.94194194    -0.00005674
 42.04204204    -0.00006508
 42.14214214    -0.00007301
 42.24224224    -0.00008054
 42.34234234    -0.00008766
 42.44244244    -0.00009440
 42.54254254    -0.00010074
 42.64264264    -0.00010670
 42.74274274    -0.00011229
 42.84284284    -0.00011750
 42.94294294    -0.00012236
 43.04304304    -0.00012686
 43.14314314    -0.00013101
 43.24324324    -0.00013482
 43.34334334    -0.00013830
 43.44344344    -0.00014145
 43.54354354    -0.00014429
 43.64364364    -0.00014682
 43.74374374    -0.00014905
 43.84384384    -0.00015098
 43.94394394    -0.00015264
 44.04404404    -0.00015401
 44.14414414    -0.00015512
 44.24424424    -0.00015598
 44.34434434    -0.00015658
 44.44444444    -0.00015694
 44.54454454    -0.00015707
 44.64464464    -0.00015698
 44.74474474    -0.00015667
 44.84484484    -0.00015615
 44.94494494    -0.00015544
 45.04504505    -0.00015454
 45.14514515    -0.00015345
 45.24524525    -0.00015220
 45.34534535    -0.00015078
 45.44544545    -0.00014920
 45.54554555    -0.00014747
 45.64564565    -0.00014561
 45.74574575    -0.00014361
 45.84584585    -0.00014149
 45.94594595    -0.00013925
 46.04604605    -0.00013691
 46.14614615    -0.00013446
 46.24624625    -0.00013191
 46.34634635    -0.00012928
 46.44644645    -0.00012657
 46.54654655    -0.00012379
 46.64664665    -0.00012094
 46.74674675    -0.00011803
 46.84684685    -0.00011507
 46.94694695    -0.00011205
 47.04704705    -0.00010900
 47.14714715    -0.00010591
 47.24724725    -0.00010279
 47.34734735    -0.00009965
 47.44744745    -0.00009649
 47.54754755    -0.00009331
 47.64764765    -0.00009013
 47.74774775    -0.00008694
 47.84784785    -0.00008375
 47.94794795    -0.00008057
 48.04804805    -0.00007740
 48.14814815    -0.00007424
 48.24824825    -0.00007110
 48.34834835    -0.00006798
 48.44844845    -0.00006489
 48.54854855    -0.00006182
 48.64864865    -0.00005879
 48.74874875    -0.00005579
 48.84884885    -0.00005283
 48.94894895    -0.00004991
 49.04904905    -0.00004703
 49.14914915    -0.00004420
 49.24924925    -0.00004142
 49.34934935    -0.00003869
 49.44944945    -0.00003601
 49.54954955    -0.00003339
 49.64964965    -0.00003082
 49.74974975    -0.00002830
 49.84984985    -0.00002585
 49.94994995    -0.00002346
 50.05005005    -0.00002113
 50.15015015    -0.00001886
 50.25025025    -0.00001665
 50.35035035    -0.00001451
 50.45045045    -0.00001243
 50.55055055    -0.00001042
 50.65065065    -0.00000847
 50.75075075    -0.00000659
 50.85085085    -0.00000477
 50.95095095    -0.00000303
 51.05105105    -0.00000134
 51.15115115     0.00000028
 51.25125125     0.00000183
 51.35135135     0.00000331
 51.45145145     0.00000473
 51.55155155     0.00000609
 51.65165165     0.00000738
 51.75175175     0.00000861
 51.85185185     0.00000978
 51.95195195     0.00001088
 52.05205205     0.00001192
 52.15215215     0.00001290
 52.25225225     0.00001382
 52.35235235     0.00001469
 52.45245245     0.00001549
 52.55255255     0.00001624
 52.65265265     0.00001694
 52.75275275     0.00001758
 52.85285285     0.00001816
 52.95295295     0.00001870
 53.05305305     0.00001918
 53.15315315     0.00001962
 53.25325325     0.00002000
 53.35335335     0.00002035
 53.45345345     0.00002064
 53.55355355     0.00002089
 53.65365365     0.00002110
 53.75375375     0.00002127
 53.85385385     0.00002139
 53.95395395     0.00002148
 54.05405405     0.00002153
 54.15415415     0.00002155
 54.25425425     0.00002153
 54.35435435     0.00002148
 54.45445445     0.00002140
 54.55455455     0.00002128
 54.65465465     0.00002114
 54.75475475     0.00002097
 54.85485485     0.00002078
 54.95495495     0.00002056
 55.05505506     0.00002032
 55.15515516     0.00002005
 55.25525526     0.00001977
 55.35535536     0.00001946
 55.45545546     0.00001914
 55.55555556     0.00001880
 55.65565566     0.00001844
 55.75575576     0.00001807
 55.85585586     0.00001769
 55.95595596     0.00001729
 56.05605606     0.00001688
 56.15615616     0.00001647
 56.25625626     0.00001604
 56.35635636     0.00001560
 56.45645646     0.00001516
 56.55655656     0.00001472
 56.65665666     0.00001426
 56.75675676     0.00001381
 56.85685686     0.00001335
 56.95695696     0.00001288
 57.05705706     0.00001242
 57.15715716     0.00001196
 57.25725726     0.00001149
 57.35735736     0.00001103
 57.45745746     0.00001057
 57.55755756     0.00001011
 57.65765766     0.00000965
 57.75775776     0.00000920
 57.85785786     0.00000875
 57.95795796     0.00000830
 58.05805806     0.00000786
 58.15815816     0.00000743
 58.25825826     0.00000700
 58.35835836     0.00000657
 58.45845846     0.00000616
 58.55855856     0.00000575
 58.65865866     0.00000535
 58.75875876     0.00000496
 58.85885886     0.00000457
 58.95895896     0.00000420
 59.05905906     0.00000383
 59.15915916     0.00000347
 59.25925926     0.00000313
 59.35935936     0.00000279
 59.45945946     0.00000246
 59.55955956     0.00000214
 59.65965966     0.00000183
 59.75975976     0.00000153
 59.85985986     0.00000124
 59.95995996     0.00000096
 60.06006006     0.00000069
 60.16016016     0.00000043
 60.26026026     0.00000018
 60.36036036    -0.00000006
 60.46046046    -0.00000029
 60.56056056    -0.00000050
 60.66066066    -0.00000071
 60.76076076    -0.00000091
 60.86086086    -0.00000110
 60.96096096    -0.00000128
 61.06106106    -0.00000145
 61.16116116    -0.00000161
 61.26126126    -0.00000176
 61.36136136    -0.00000190
 61.46146146    -0.00000203
 61.56156156    -0.00000215
 61.66166166    -0.00000227
 61.76176176    -0.00000237
 61.86186186    -0.00000247
 61.96196196    -0.00000256
 62.06206206    -0.00000264
 62.16216216    -0.00000271
 62.26226226    -0.00000278
 62.36236236    -0.00000283
 62.46246246    -0.00000288
 62.56256256    -0.00000293
 62.66266266    -0.00000296
 62.76276276    -0.00000299
 62.86286286    -0.00000302
 62.96296296    -0.00000303
 63.06306306    -0.00000304
 63.16316316    -0.00000305
 63.26326326    -0.00000305
 63.36336336    -0.00000304
 63.46346346    -0.00000303
 63.56356356    -0.00000302
 63.66366366    -0.00000300
 63.76376376    -0.00000298
 63.86386386    -0.00000295
 63.96396396    -0.00000292
 64.06406406    -0.00000288
 64.16416416    -0.00000284
 64.26426426    -0.00000280
 64.36436436    -0.00000276
 64.46446446    -0.00000271
 64.56456456    -0.00000266
 64.66466466    -0.00000260
 64.76476476    -0.00000255
 64.86486486    -0.00000249
 64.96496496    -0.00000243
 65.06506507    -0.00000237
 65.16516517    -0.00000231
 65.26526527    -0.00000224
 65.36536537    -0.00000218
 65.46546547    -0.00000211
 65.56556557    -0.00000205
 65.66566567    -0.00000198
 65.76576577    -0.00000191
 65.86586587    -0.00000184
 65.96596597    -0.00000177
 66.06606607    -0.00000170
 66.16616617    -0.00000164
 66.26626627    -0.00000157
 66.36636637    -0.00000150
 66.46646647    -0.00000143
 66.56656657    -0.00000136
 66.66666667    -0.00000129
 66.76676677    -0.00000123
 66.86686687    -0.00000116
 66.96696697    -0.00000110
 67.06706707    -0.00000103
 67.16716717    -0.00000097
 67.26726727    -0.00000091
 67.36736737    -0.00000084
 67.46746747    -0.00000078
 67.56756757    -0.00000072
 67.66766767    -0.00000067
 67.76776777    -0.00000061
 67.86786787    -0.00000056
 67.96796797    -0.00000050
 68.06806807    -0.00000045
 68.16816817    -0.00000040
 68.26826827    -0.00000035
 68.36836837    -0.00000030
 68.46846847    -0.00000026
 68.56856857    -0.00000021
 68.66866867    -0.00000017
 68.76876877    -0.00000013
 68.86886887    -0.00000009
 68.96896897    -0.00000005
 69.06906907    -0.00000001
 69.16916917     0.00000002
 69.26926927     0.00000006
 69.36936937     0.00000009
 69.46946947     0.00000012
 69.56956957     0.00000015
 69.66966967     0.00000018
 69.76976977     0.00000020
 69.86986987     0.00000023
 69.96996997     0.00000025
 70.07007007     0.00000027
 70.17017017     0.00000029
 70.27027027     0.00000031
 70.37037037     0.00000033
 70.47047047     0.00000034
 70.57057057     0.00000036
 70.67067067     0.00000037
 70.77077077     0.00000038
 70.87087087     0.00000039
 70.97097097     0.00000040
 71.07107107     0.00000041
 71.17117117     0.00000042
 71.27127127     0.00000042
 71.37137137     0.00000043
 71.47147147     0.00000043
 71.57157157     0.00000044
 71.67167167     0.00000044
 71.77177177     0.00000044
 71.87187187     0.00000044
 71.97197197     0.00000044
 72.07207207     0.00000044
 72.17217217     0.00000044
 72.27227227     0.00000043
 72.37237237     0.00000043
 72.47247247     0.00000043
 72.57257257     0.00000042
 72.67267267     0.00000042
 72.77277277     0.00000041
 72.87287287     0.00000041
 72.97297297     0.00000040
 73.07307307     0.00000039
 73.17317317     0.00000038
 73.27327327     0.00000038
 73.37337337     0.00000037
 73.47347347     0.00000036
 73.57357357     0.00000035
 73.67367367     0.00000034
 73.77377377     0.00000033
 73.87387387     0.00000032
 73.97397397     0.00000031
 74.07407407     0.00000030
 74.17417417     0.00000029
 74.27427427     0.00000028
 74.37437437     0.00000027
 74.47447447     0.00000026
 74.57457457     0.00000025
 74.67467467     0.00000024
 74.77477477     0.00000023
 74.87487487     0.00000022
 74.97497497     0.00000021
 75.07507508     0.00000020
 75.17517518     0.00000019
 75.27527528     0.00000018
 75.37537538     0.00000017
 75.47547548     0.00000016
 75.57557558     0.00000015
 75.67567568     0.00000014
 75.77577578     0.00000013
 75.87587588     0.00000012
 75.97597598     0.00000011
 76.07607608     0.00000010
 76.17617618     0.00000009
 76.27627628     0.00000009
 76.37637638     0.00000008
 76.47647648     0.00000007
 76.57657658     0.00000006
 76.67667668     0.00000005
 76.77677678     0.00000005
 76.87687688     0.00000004
 76.97697698     0.00000003
 77.07707708     0.00000003
 77.17717718     0.00000002
 77.27727728     0.00000001
 77.37737738     0.00000001
 77.47747748     0.00000000
 77.57757758    -0.00000000
 77.67767768    -0.00000001
 77.77777778    -0.00000001
 77.87787788    -0.00000002
 77.97797798    -0.00000002
 78.07807808    -0.00000003
 78.17817818    -0.00000003
 78.27827828    -0.00000003
 78.37837838    -0.00000004
 78.47847848    -0.00000004
 78.57857858    -0.00000004
 78.67867868    -0.00000005
 78.77877878    -0.00000005
 78.87887888    -0.00000005
 78.97897898    -0.00000005
 79.07907908    -0.00000006
 79.17917918    -0.00000006
 79.27927928    -0.00000006
 79.37937938    -0.00000006
 79.47947948    -0.00000006
 79.57957958    -0.00000006
 79.67967968    -0.00000006
 79.77977978    -0.00000006
 79.87987988    -0.00000006
 79.97997998    -0.00000006
 80.08008008    -0.00000006
 80.18018018    -0.00000006
 80.28028028    -0.00000006
 80.38038038    -0.00000006
 80.48048048    -0.00000006
 80.58058058    -0.00000006
 80.68068068    -0.00000006
 80.78078078    -0.00000006
 80.88088088    -0.00000006
 80.98098098    -0.00000006
 81.08108108    -0.00000006
 81.18118118    -0.00000006
 81.28128128    -0.00000006
 81.38138138    -0.00000006
 81.48148148    -0.00000006
 81.58158158    -0.00000005
 81.68168168    -0.00000005
 81.78178178    -0.00000005
 81.88188188    -0.00000005
 81.98198198    -0.00000005
 82.08208208    -0.00000005
 82.18218218    -0.00000005
 82.28228228    -0.00000004
 82.38238238    -0.00000004
 82.48248248    -0.00000004
 82.58258258    -0.00000004
 82.68268268    -0.00000004
 82.78278278    -0.00000004
 82.88288288    -0.00000004
 82.98298298    -0.00000003
 83.08308308    -0.00000003
 83.18318318    -0.00000003
 83.28328328    -0.00000003
 83.38338338    -0.00000003
 83.48348348    -0.00000003
 83.58358358    -0.00000002
 83.68368368    -0.00000002
 83.78378378    -0.00000002
 83.88388388    -0.00000002
 83.98398398    -0.00000002
 84.08408408    -0.00000002
 84.18418418    -0.00000002
 84.28428428    -0.00000001
 84.38438438    -0.00000001
 84.48448448    -0.00000001
 84.58458458    -0.00000001
 84.68468468    -0.00000001
 84.78478478    -0.00000001
 84.88488488    -0.00000001
 84.98498498    -0.00000001
 85.08508509    -0.00000001
 85.18518519    -0.00000000
 85.28528529    -0.00000000
 85.38538539    -0.00000000
 85.48548549    -0.00000000
 85.58558559    -0.00000000
 85.68568569     0.00000000
 85.78578579     0.00000000
 85.88588589     0.00000000
 85.98598599     0.00000000
 86.08608609     0.00000000
 86.18618619     0.00000000
 86.28628629     0.00000000
 86.38638639     0.00000001
 86.48648649     0.00000001
 86.58658659     0.00000001
 86.68668669     0.00000001
 86.78678679     0.00000001
 86.88688689     0.00000001
 86.98698699     0.00000001
 87.08708709     0.00000001
 87.18718719     0.00000001
 87.28728729     0.00000001
 87.38738739     0.00000001
 87.48748749     0.00000001
 87.58758759     0.00000001
 87.68768769     0.00000001
 87.78778779     0.00000001
 87.88788789     0.00000001
 87.98798799     0.00000001
 88.08808809     0.00000001
 88.18818819     0.00000001
 88.28828829     0.00000001
 88.38838839     0.00000001
 88.48848849     0.00000001
 88.58858859     0.00000001
 88.68868869     0.00000001
 88.78878879     0.00000001
 88.88888889     0.00000001
 88.98898899     0.00000001
 89.08908909     0.00000001
 89.18918919     0.00000001
 89.28928929     0.00000001
 89.38938939     0.00000001
 89.48948949     0.00000001
 89.58958959     0.00000001
 89.68968969     0.00000001
 89.78978979     0.00000001
 89.88988989     0.00000001
 89.98998999     0.00000001
 90.09009009     0.00000001
 90.19019019     0.00000001
 90.29029029     0.00000001
 90.39039039     0.00000001
 90.49049049     0.00000001
 90.59059059     0.00000001
 90.69069069     0.00000001
 90.79079079     0.00000001
 90.89089089     0.00000001
 90.99099099     0.00000000
 91.09109109     0.00000000
 91.19119119     0.00000000
 91.29129129     0.00000000
 91.39139139     0.00000000
 91.49149149     0.00000000
 91.59159159     0.00000000
 91.69169169     0.00000000
 91.79179179     0.00000000
 91.89189189     0.00000000
 91.99199199     0.00000000
 92.09209209     0.00000000
 92.19219219     0.00000000
 92.29229229     0.00000000
 92.39239239     0.00000000
 92.49249249     0.00000000
 92.59259259     0.00000000
 92.69269269     0.00000000
 92.79279279     0.00000000
 92.89289289     0.00000000
 92.99299299     0.00000000
 93.09309309     0.00000000
 93.19319319     0.00000000
 93.29329329     0.00000000
 93.39339339     0.00000000
 93.49349349     0.00000000
 93.59359359    -0.00000000
 93.69369369    -0.00000000
 93.79379379    -0.00000000
 93.89389389    -0.00000000
 93.99399399    -0.00000000
 94.09409409    -0.00000000
 94.19419419    -0.00000000
 94.29429429    -0.00000000
 94.39439439    -0.00000000
 94.49449449    -0.00000000
 94.59459459    -0.00000000
 94.69469469    -0.00000000
 94.79479479    -0.00000000
 94.89489489    -0.00000000
 94.99499499    -0.00000000
 95.09509510    -0.00000000
 95.19519520    -0.00000000
 95.29529530    -0.00000000
 95.39539540    -0.00000000
 95.49549550    -0.00000000
 95.59559560    -0.00000000
 95.69569570    -0.00000000
 95.79579580    -0.00000000
 95.89589590    -0.00000000
 95.99599600    -0.00000000
 96.09609610    -0.00000000
 96.19619620    -0.00000000
 96.29629630    -0.00000000
 96.39639640    -0.00000000
 96.49649650    -0.00000000
 96.59659660    -0.00000000
 96.69669670    -0.00000000
 96.79679680    -0.00000000
 96.89689690    -0.00000000
 96.99699700    -0.00000000
 97.09709710    -0.00000000
 97.19719720    -0.00000000
 97.29729730    -0.00000000
 97.39739740    -0.00000000
 97.49749750    -0.00000000
 97.59759760    -0.00000000
 97.69769770    -0.00000000
 97.79779780    -0.00000000
 97.89789790    -0.00000000
 97.99799800    -0.00000000
 98.09809810    -0.00000000
 98.19819820    -0.00000000
 98.29829830    -0.00000000
 98.39839840    -0.00000000
 98.49849850    -0.00000000
 98.59859860    -0.00000000
 98.69869870    -0.00000000
 98.79879880    -0.00000000
 98.89889890    -0.00000000
 98.99899900    -0.00000000
 99.09909910    -0.00000000
 99.19919920    -0.00000000
 99.29929930    -0.00000000
 99.39939940    -0.00000000
 99.49949950    -0.00000000
 99.59959960    -0.00000000
 99.69969970     0.00000000
 99.79979980     0.00000000
 99.89989990     0.00000000
100.00000000     0.00000000
