  0.00000000    -0.44097591
  0.10010010    -0.42697591
  0.20020020    -0.41318000
  0.30030030    -0.39958818
  0.40040040    -0.38620040
  0.50050050    -0.37301657
  0.60060060    -0.36003655
  0.70070070    -0.34726017
  0.80080080    -0.33468719
  0.90090090    -0.32231734
  1.00100100    -0.31015030
  1.10110110    -0.29818572
  1.20120120    -0.28642318
  1.30130130    -0.27486222
  1.40140140    -0.26350236
  1.50150150    -0.25234306
  1.60160160    -0.24138372
  1.70170170    -0.23062372
  1.80180180    -0.22006239
  1.90190190    -0.20969901
  2.00200200    -0.19953284
  2.10210210    -0.18956307
  2.20220220    -0.17978885
  2.30230230    -0.17020932
  2.40240240    -0.16082354
  2.50250250    -0.15163056
  2.60260260    -0.14262938
  2.70270270    -0.13381894
  2.80280280    -0.12519817
  2.90290290    -0.11676596
  3.00300300    -0.10852114
  3.10310310    -0.10046252
  3.20320320    -0.09258887
  3.30330330    -0.08489892
  3.40340340    -0.07739137
  3.50350350    -0.07006488
  3.60360360    -0.06291808
  3.70370370    -0.05594957
  3.80380380    -0.04915791
  3.90390390    -0.04254162
  4.00400400    -0.03609921
  4.10410410    -0.02982913
  4.20420420    -0.02372984
  4.30430430    -0.01779973
  4.40440440    -0.01203718
  4.50450450    -0.00644055
  4.60460460    -0.00100816
  4.70470470     0.00426169
  4.80480480     0.00937074
  4.90490490     0.01432073
  5.00500501     0.01911345
  5.10510511     0.02375069
  5.20520521     0.02823427
  5.30530531     0.03256605
  5.40540541     0.03674788
  5.50550551     0.04078166
  5.60560561     0.04466928
  5.70570571     0.04841267
  5.80580581     0.05201377
  5.90590591     0.05547454
  6.00600601     0.05879694
  6.10610611     0.06198297
  6.20620621     0.06503463
  6.30630631     0.06795392
  6.40640641     0.07074289
  6.50650651     0.07340356
  6.60660661     0.07593799
  6.70670671     0.07834822
  6.80680681     0.08063634
  6.90690691     0.08280442
  7.00700701     0.08485453
  7.10710711     0.08678877
  7.20720721     0.08860922
  7.30730731     0.09031800
  7.40740741     0.09191720
  7.50750751     0.09340892
  7.60760761     0.09479527
  7.70770771     0.09607836
  7.80780781     0.09726030
  7.90790791     0.09834320
  8.00800801     0.09932916
  8.10810811     0.10022029
  8.20820821     0.10101869
  8.30830831     0.10172645
  8.40840841     0.10234568
  8.50850851     0.10287845
  8.60860861     0.10332685
  8.70870871     0.10369296
  8.80880881     0.10397884
  8.90890891     0.10418656
  9.00900901     0.10431815
  9.10910911     0.10437567
  9.20920921     0.10436115
  9.30930931     0.10427659
  9.40940941     0.10412401
  9.50950951     0.10390541
  9.60960961     0.10362276
  9.70970971     0.10327804
  9.80980981     0.10287319
  9.90990991     0.10241015
 10.01001001     0.10189085
 10.11011011     0.10131719
 10.21021021     0.10069106
 10.31031031     0.10001434
 10.41041041     0.09928886
 10.51051051     0.09851649
 10.61061061     0.09769901
 10.71071071     0.09683824
 10.81081081     0.09593596
 10.91091091     0.09499390
 11.01101101     0.09401382
 11.11111111     0.09299743
 11.21121121     0.09194641
 11.31131131     0.09086243
 11.41141141     0.08974715
 11.51151151     0.08860219
 11.61161161     0.08742914
 11.71171171     0.08622959
 11.81181181     0.08500509
 11.91191191     0.08375715
 12.01201201     0.08248730
 12.11211211     0.08119700
 12.21221221     0.07988771
 12.31231231     0.07856086
 12.41241241     0.07721785
 12.51251251     0.07586006
 12.61261261     0.07448883
 12.71271271     0.07310549
 12.81281281     0.07171133
 12.91291291     0.07030763
 13.01301301     0.06889563
 13.11311311     0.06747655
 13.21321321     0.06605158
 13.31331331     0.06462187
 13.41341341     0.06318858
 13.51351351     0.06175279
 13.61361361     0.06031560
 13.71371371     0.05887806
 13.81381381     0.05744119
 13.91391391     0.05600600
 14.01401401     0.05457345
 14.11411411     0.05314449
 14.21421421     0.05172005
 14.31431431     0.05030100
 14.41441441     0.04888821
 14.51451451     0.04748252
 14.61461461     0.04608474
 14.71471471     0.04469566
 14.81481481     0.04331602
 14.91491491     0.04194655
 15.01501502     0.04058797
 15.11511512     0.03924095
 15.21521522     0.03790614
 15.31531532     0.03658416
 15.41541542     0.03527562
 15.51551552     0.03398109
 15.61561562     0.03270112
 15.71571572     0.03143623
 15.81581582     0.03018693
 15.91591592     0.02895369
 16.01601602     0.02773697
 16.11611612     0.02653718
 16.21621622     0.02535474
 16.31631632     0.02419003
 16.41641642     0.02304340
 16.51651652     0.02191519
 16.61661662     0.02080571
 16.71671672     0.01971526
 16.81681682     0.01864410
 16.91691692     0.01759248
 17.01701702     0.01656064
 17.11711712     0.01554877
 17.21721722     0.01455706
 17.31731732     0.01358568
 17.41741742     0.01263478
 17.51751752     0.01170448
 17.61761762     0.01079490
 17.71771772     0.00990612
 17.81781782     0.00903821
 17.91791792     0.00819124
 18.01801802     0.00736524
 18.11811812     0.00656023
 18.21821822     0.00577622
 18.31831832     0.00501319
 18.41841842     0.00427111
 18.51851852     0.00354996
 18.61861862     0.00284966
 18.71871872     0.00217016
 18.81881882     0.00151135
 18.91891892     0.00087315
 19.01901902     0.00025544
 19.11911912    -0.00034189
 19.21921922    -0.00091900
 19.31931932    -0.00147602
 19.41941942    -0.00201312
 19.51951952    -0.00253047
 19.61961962    -0.00302825
 19.71971972    -0.00350665
 19.81981982    -0.00396587
 19.91991992    -0.00440613
 20.02002002    -0.00482764
 20.12012012    -0.00523064
 20.22022022    -0.00561535
 20.32032032    -0.00598204
 20.42042042    -0.00633094
 20.52052052    -0.00666232
 20.62062062    -0.00697644
 20.72072072    -0.00727358
 20.82082082    -0.00755402
 20.92092092    -0.00781803
 21.02102102    -0.00806591
 21.12112112    -0.00829796
 21.22122122    -0.00851447
 21.32132132    -0.00871574
 21.42142142    -0.00890208
 21.52152152    -0.00907380
 21.62162162    -0.00923121
 21.72172172    -0.00937463
 21.82182182    -0.00950438
 21.92192192    -0.00962078
 22.02202202    -0.00972414
 22.12212212    -0.00981480
 22.22222222    -0.00989307
 22.32232232    -0.00995929
 22.42242242    -0.01001378
 22.52252252    -0.01005687
 22.62262262    -0.01008887
 22.72272272    -0.01011013
 22.82282282    -0.01012097
 22.92292292    -0.01012170
 23.02302302    -0.01011266
 23.12312312    -0.01009417
 23.22322322    -0.01006655
 23.32332332    -0.01003012
 23.42342342    -0.00998521
 23.52352352    -0.00993211
 23.62362362    -0.00987116
 23.72372372    -0.00980265
 23.82382382    -0.00972690
 23.92392392    -0.00964422
 24.02402402    -0.00955491
 24.12412412    -0.00945926
 24.22422422    -0.00935758
 24.32432432    -0.00925014
 24.42442442    -0.00913726
 24.52452452    -0.00901920
 24.62462462    -0.00889625
 24.72472472    -0.00876868
 24.82482482    -0.00863678
 24.92492492    -0.00850080
 25.02502503    -0.00836101
 25.12512513    -0.00821767
 25.22522523    -0.00807103
 25.32532533    -0.00792135
 25.42542543    -0.00776886
 25.52552553    -0.00761381
 25.62562563    -0.00745643
 25.72572573    -0.00729695
 25.82582583    -0.00713560
 25.92592593    -0.00697260
 26.02602603    -0.00680815
 26.12612613    -0.00664247
 26.22622623    -0.00647577
 26.32632633    -0.00630823
 26.42642643    -0.00614006
 26.52652653    -0.00597143
 26.62662663    -0.00580254
 26.72672673    -0.00563356
 26.82682683    -0.00546466
 26.92692693    -0.00529600
 27.02702703    -0.00512775
 27.12712713    -0.00496006
 27.22722723    -0.00479308
 27.32732733    -0.00462695
 27.42742743    -0.00446182
 27.52752753    -0.00429781
 27.62762763    -0.00413506
 27.72772773    -0.00397369
 27.82782783    -0.00381381
 27.92792793    -0.00365554
 28.02802803    -0.00349898
 28.12812813    -0.00334425
 28.22822823    -0.00319143
 28.32832833    -0.00304061
 28.42842843    -0.00289189
 28.52852853    -0.00274535
 28.62862863    -0.00260106
 28.72872873    -0.00245910
 28.82882883    -0.00231954
 28.92892893    -0.00218244
 29.02902903    -0.00204786
 29.12912913    -0.00191585
 29.22922923    -0.00178647
 29.32932933    -0.00165976
 29.42942943    -0.00153576
 29.52952953    -0.00141451
 29.62962963    -0.00129605
 29.72972973    -0.00118041
 29.82982983    -0.00106761
 29.92992993    -0.00095768
 30.03003003    -0.00085062
 30.13013013    -0.00074647
 30.23023023    -0.00064523
 30.33033033    -0.00054691
 30.43043043    -0.00045151
 30.53053053    -0.00035904
 30.63063063    -0.00026949
 30.73073073    -0.00018287
 30.83083083    -0.00009916
 30.93093093    -0.00001836
 31.03103103     0.00005956
 31.13113113     0.00013459
 31.23123123     0.00020677
 31.33133133     0.00027610
 31.43143143     0.00034262
 31.53153153     0.00040635
 31.63163163     0.00046731
 31.73173173     0.00052553
 31.83183183     0.00058105
 31.93193193     0.00063389
 32.03203203     0.00068410
 32.13213213     0.00073170
 32.23223223     0.00077673
 32.33233233     0.00081924
 32.43243243     0.00085927
 32.53253253     0.00089685
 32.63263263     0.00093203
 32.73273273     0.00096485
 32.83283283     0.00099536
 32.93293293     0.00102361
 33.03303303     0.00104964
 33.13313313     0.00107350
 33.23323323     0.00109524
 33.33333333     0.00111491
 33.43343343     0.00113256
 33.53353353     0.00114825
 33.63363363     0.00116201
 33.73373373     0.00117390
 33.83383383     0.00118399
 33.93393393     0.00119231
 34.03403403     0.00119891
 34.13413413     0.00120387
 34.23423423     0.00120721
 34.33433433     0.00120901
 34.43443443     0.00120930
 34.53453453     0.00120815
 34.63463463     0.00120560
 34.73473473     0.00120171
 34.83483483     0.00119653
 34.93493493     0.00119011
 35.03503504     0.00118251
 35.13513514     0.00117376
 35.23523524     0.00116394
 35.33533534     0.00115307
 35.43543544     0.00114122
 35.53553554     0.00112843
 35.63563564     0.00111475
 35.73573574     0.00110022
 35.83583584     0.00108491
 35.93593594     0.00106884
 36.03603604     0.00105207
 36.13613614     0.00103464
 36.23623624     0.00101660
 36.33633634     0.00099799
 36.43643644     0.00097885
 36.53653654     0.00095922
 36.63663664     0.00093915
 36.73673674     0.00091867
 36.83683684     0.00089783
 36.93693694     0.00087665
 37.03703704     0.00085519
 37.13713714     0.00083347
 37.23723724     0.00081153
 37.33733734     0.00078940
 37.43743744     0.00076712
 37.53753754     0.00074472
 37.63763764     0.00072223
 37.73773774     0.00069969
 37.83783784     0.00067711
 37.93793794     0.00065454
 38.03803804     0.00063199
 38.13813814     0.00060950
 38.23823824     0.00058709
 38.33833834     0.00056478
 38.43843844     0.00054260
 38.53853854     0.00052057
 38.63863864     0.00049871
 38.73873874     0.00047704
 38.83883884     0.00045559
 38.93893894     0.00043436
 39.03903904     0.00041339
 39.13913914     0.00039268
 39.23923924     0.00037226
 39.33933934     0.00035213
 39.43943944     0.00033231
 39.53953954     0.00031282
 39.63963964     0.00029366
 39.73973974     0.00027485
 39.83983984     0.00025641
 39.93993994     0.00023833
 40.04004004     0.00022063
 40.14014014     0.00020332
 40.24024024     0.00018640
 40.34034034     0.00016989
 40.44044044     0.00015378
 40.54054054     0.00013808
 40.64064064     0.00012281
 40.74074074     0.00010795
 40.84084084     0.00009353
 40.94094094     0.00007953
 41.04104104     0.00006596
 41.14114114     0.00005282
 41.24124124     0.00004011
 41.34134134     0.00002784
 41.44144144     0.00001600
 41.54154154     0.00000459
 41.64164164    -0.00000639
 41.74174174    -0.00001693
 41.84184184    -0.00002706
 41.94194194    -0.00003675
 42.04204204    -0.00004603
 42.14214214    -0.00005489
 42.24224224    -0.00006334
 42.34234234    -0.00007137
 42.44244244    -0.00007901
 42.54254254    -0.00008624
 42.64264264    -0.00009308
 42.74274274    -0.00009954
 42.84284284    -0.00010561
 42.94294294    -0.00011130
 43.04304304    -0.00011663
 43.14314314    -0.00012159
 43.24324324    -0.00012620
 43.34334334    -0.00013046
 43.44344344    -0.00013438
 43.54354354    -0.00013796
 43.64364364    -0.00014122
 43.74374374    -0.00014417
 43.84384384    -0.00014680
 43.94394394    -0.00014913
 44.04404404    -0.00015117
 44.14414414    -0.00015292
 44.24424424    -0.00015439
 44.34434434    -0.00015560
 44.44444444    -0.00015655
 44.54454454    -0.00015725
 44.64464464    -0.00015770
 44.74474474    -0.00015792
 44.84484484    -0.00015791
 44.94494494    -0.00015769
 45.04504505    -0.00015725
 45.14514515    -0.00015662
 45.24524525    -0.00015579
 45.34534535    -0.00015478
 45.44544545    -0.00015360
 45.54554555    -0.00015225
 45.64564565    -0.00015074
 45.74574575    -0.00014908
 45.84584585    -0.00014727
 45.94594595    -0.00014533
 46.04604605    -0.00014327
 46.14614615    -0.00014108
 46.24624625    -0.00013879
 46.34634635    -0.00013638
 46.44644645    -0.00013389
 46.54654655    -0.00013130
 46.64664665    -0.00012862
 46.74674675    -0.00012588
 46.84684685    -0.00012306
 46.94694695    -0.00012018
 47.04704705    -0.00011724
 47.14714715    -0.00011425
 47.24724725    -0.00011122
 47.34734735    -0.00010814
 47.44744745    -0.00010504
 47.54754755    -0.00010191
 47.64764765    -0.00009876
 47.74774775    -0.00009559
 47.84784785    -0.00009241
 47.94794795    -0.00008922
 48.04804805    -0.00008603
 48.14814815    -0.00008285
 48.24824825    -0.00007967
 48.34834835    -0.00007650
 48.44844845    -0.00007335
 48.54854855    -0.00007021
 48.64864865    -0.00006711
 48.74874875    -0.00006402
 48.84884885    -0.00006097
 48.94894895    -0.00005795
 49.04904905    -0.00005496
 49.14914915    -0.00005202
 49.24924925    -0.00004911
 49.34934935    -0.00004625
 49.44944945    -0.00004344
 49.54954955    -0.00004067
 49.64964965    -0.00003796
 49.74974975    -0.00003530
 49.84984985    -0.00003269
 49.94994995    -0.00003014
 50.05005005    -0.00002765
 50.15015015    -0.00002521
 50.25025025    -0.00002284
 50.35035035    -0.00002053
 50.45045045    -0.00001828
 50.55055055    -0.00001609
 50.65065065    -0.00001397
 50.75075075    -0.00001191
 50.85085085    -0.00000991
 50.95095095    -0.00000798
 51.05105105    -0.00000612
 51.15115115    -0.00000432
 51.25125125    -0.00000259
 51.35135135    -0.00000093
 51.45145145     0.00000068
 51.55155155     0.00000221
 51.65165165     0.00000368
 51.75175175     0.00000509
 51.85185185     0.00000643
 51.95195195     0.00000771
 52.05205205     0.00000892
 52.15215215     0.00001007
 52.25225225     0.00001116
 52.35235235     0.00001219
 52.45245245     0.00001316
 52.55255255     0.00001407
 52.65265265     0.00001493
 52.75275275     0.00001572
 52.85285285     0.00001646
 52.95295295     0.00001715
 53.05305305     0.00001778
 53.15315315     0.00001835
 53.25325325     0.00001888
 53.35335335     0.00001936
 53.45345345     0.00001979
 53.55355355     0.00002017
 53.65365365     0.00002050
 53.75375375     0.00002079
 53.85385385     0.00002104
 53.95395395     0.00002124
 54.05405405     0.00002140
 54.15415415     0.00002152
 54.25425425     0.00002161
 54.35435435     0.00002166
 54.45445445     0.00002167
 54.55455455     0.00002165
 54.65465465     0.00002159
 54.75475475     0.00002151
 54.85485485     0.00002139
 54.95495495     0.00002125
 55.05505506     0.00002108
 55.15515516     0.00002088
 55.25525526     0.00002066
 55.35535536     0.00002042
 55.45545546     0.00002015
 55.55555556     0.00001987
 55.65565566     0.00001956
 55.75575576     0.00001924
 55.85585586     0.00001890
 55.95595596     0.00001854
 56.05605606     0.00001817
 56.15615616     0.00001778
 56.25625626     0.00001739
 56.35635636     0.00001698
 56.45645646     0.00001656
 56.55655656     0.00001614
 56.65665666     0.00001570
 56.75675676     0.00001526
 56.85685686     0.00001481
 56.95695696     0.00001436
 57.05705706     0.00001391
 57.15715716     0.00001345
 57.25725726     0.00001298
 57.35735736     0.00001252
 57.45745746     0.00001206
 57.55755756     0.00001159
 57.65765766     0.00001113
 57.75775776     0.00001067
 57.85785786     0.00001021
 57.95795796     0.00000975
 58.05805806     0.00000929
 58.15815816     0.00000884
 58.25825826     0.00000840
 58.35835836     0.00000796
 58.45845846     0.00000752
 58.55855856     0.00000709
 58.65865866     0.00000667
 58.75875876     0.00000625
 58.85885886     0.00000584
 58.95895896     0.00000544
 59.05905906     0.00000505
 59.15915916     0.00000466
 59.25925926     0.00000428
 59.35935936     0.00000392
 59.45945946     0.00000356
 59.55955956     0.00000321
 59.65965966     0.00000287
 59.75975976     0.00000253
 59.85985986     0.00000221
 59.95995996     0.00000190
 60.06006006     0.00000160
 60.16016016     0.00000131
 60.26026026     0.00000103
 60.36036036     0.00000075
 60.46046046     0.00000049
 60.56056056     0.00000024
 60.66066066    -0.00000000
 60.76076076    -0.00000023
 60.86086086    -0.00000045
 60.96096096    -0.00000066
 61.06106106    -0.00000086
 61.16116116    -0.00000106
 61.26126126    -0.00000124
 61.36136136    -0.00000141
 61.46146146    -0.00000157
 61.56156156    -0.00000172
 61.66166166    -0.00000187
 61.76176176    -0.00000200
 61.86186186    -0.00000213
 61.96196196    -0.00000224
 62.06206206    -0.00000235
 62.16216216    -0.00000245
 62.26226226    -0.00000254
 62.36236236    -0.00000263
 62.46246246    -0.00000270
 62.56256256    -0.00000277
 62.66266266    -0.00000283
 62.76276276    -0.00000288
 62.86286286    -0.00000293
 62.96296296    -0.00000297
 63.06306306    -0.00000300
 63.16316316    -0.00000302
 63.26326326    -0.00000304
 63.36336336    -0.00000306
 63.46346346    -0.00000307
 63.56356356    -0.00000307
 63.66366366    -0.00000306
 63.76376376    -0.00000306
 63.86386386    -0.00000304
 63.96396396    -0.00000303
 64.06406406    -0.00000300
 64.16416416    -0.00000298
 64.26426426    -0.00000295
 64.36436436    -0.00000291
 64.46446446    -0.00000288
 64.56456456    -0.00000284
 64.66466466    -0.00000279
 64.76476476    -0.00000275
 64.86486486    -0.00000270
 64.96496496    -0.00000264
 65.06506507    -0.00000259
 65.16516517    -0.00000253
 65.26526527    -0.00000247
 65.36536537    -0.00000241
 65.46546547    -0.00000235
 65.56556557    -0.00000229
 65.66566567    -0.00000223
 65.76576577    -0.00000216
 65.86586587    -0.00000209
 65.96596597    -0.00000203
 66.06606607    -0.00000196
 66.16616617    -0.00000189
 66.26626627    -0.00000182
 66.36636637    -0.00000175
 66.46646647    -0.00000168
 66.56656657    -0.00000161
 66.66666667    -0.00000155
 66.76676677    -0.00000148
 66.86686687    -0.00000141
 66.96696697    -0.00000134
 67.06706707    -0.00000127
 67.16716717    -0.00000121
 67.26726727    -0.00000114
 67.36736737    -0.00000108
 67.46746747    -0.00000101
 67.56756757    -0.00000095
 67.66766767    -0.00000089
 67.76776777    -0.00000083
 67.86786787    -0.00000077
 67.96796797    -0.00000071
 68.06806807    -0.00000065
 68.16816817    -0.00000059
 68.26826827    -0.00000054
 68.36836837    -0.00000049
 68.46846847    -0.00000043
 68.56856857    -0.00000038
 68.66866867    -0.00000034
 68.76876877    -0.00000029
 68.86886887    -0.00000024
 68.96896897    -0.00000020
 69.06906907    -0.00000016
 69.16916917    -0.00000011
 69.26926927    -0.00000008
 69.36936937    -0.00000004
 69.46946947    -0.00000000
 69.56956957     0.00000003
 69.66966967     0.00000007
 69.76976977     0.00000010
 69.86986987     0.00000013
 69.96996997     0.00000016
 70.07007007     0.00000018
 70.17017017     0.00000021
 70.27027027     0.00000023
 70.37037037     0.00000026
 70.47047047     0.00000028
 70.57057057     0.00000030
 70.67067067     0.00000032
 70.77077077     0.00000033
 70.87087087     0.00000035
 70.97097097     0.00000036
 71.07107107     0.00000038
 71.17117117     0.00000039
 71.27127127     0.00000040
 71.37137137     0.00000041
 71.47147147     0.00000042
 71.57157157     0.00000042
 71.67167167     0.00000043
 71.77177177     0.00000043
 71.87187187     0.00000044
 71.97197197     0.00000044
 72.07207207     0.00000044
 72.17217217     0.00000044
 72.27227227     0.00000044
 72.37237237     0.00000044
 72.47247247     0.00000044
 72.57257257     0.00000044
 72.67267267     0.00000044
 72.77277277     0.00000043
 72.87287287     0.00000043
 72.97297297     0.00000042
 73.07307307     0.00000042
 73.17317317     0.00000041
 73.27327327     0.00000041
 73.37337337     0.00000040
 73.47347347     0.00000039
 73.57357357     0.00000039
 73.67367367     0.00000038
 73.77377377     0.00000037
 73.87387387     0.00000036
 73.97397397     0.00000035
 74.07407407     0.00000034
 74.17417417     0.00000033
 74.27427427     0.00000032
 74.37437437     0.00000031
 74.47447447     0.00000030
 74.57457457     0.00000029
 74.67467467     0.00000028
 74.77477477     0.00000027
 74.87487487     0.00000026
 74.97497497     0.00000025
 75.07507508     0.00000024
 75.17517518     0.00000023
 75.27527528     0.00000022
 75.37537538     0.00000021
 75.47547548     0.00000020
 75.57557558     0.00000019
 75.67567568     0.00000018
 75.77577578     0.00000017
 75.87587588     0.00000016
 75.97597598     0.00000015
 76.07607608     0.00000014
 76.17617618     0.00000013
 76.27627628     0.00000012
 76.37637638     0.00000011
 76.47647648     0.00000010
 76.57657658     0.00000010
 76.67667668     0.00000009
 76.77677678     0.00000008
 76.87687688     0.00000007
 76.97697698     0.00000006
 77.07707708     0.00000005
 77.17717718     0.00000005
 77.27727728     0.00000004
 77.37737738     0.00000003
 77.47747748     0.00000003
 77.57757758     0.00000002
 77.67767768     0.00000001
 77.77777778     0.00000001
 77.87787788     0.00000000
 77.97797798    -0.00000000
 78.07807808    -0.00000001
 78.17817818    -0.00000001
 78.27827828    -0.00000002
 78.37837838    -0.00000002
 78.47847848    -0.00000003
 78.57857858    -0.00000003
 78.67867868    -0.00000003
 78.77877878    -0.00000004
 78.87887888    -0.00000004
 78.97897898    -0.00000004
 79.07907908    -0.00000005
 79.17917918    -0.00000005
 79.27927928    -0.00000005
 79.37937938    -0.00000005
 79.47947948    -0.00000006
 79.57957958    -0.00000006
 79.67967968    -0.00000006
 79.77977978    -0.00000006
 79.87987988    -0.00000006
 79.97997998    -0.00000006
 80.08008008    -0.00000006
 80.18018018    -0.00000006
 80.28028028    -0.00000006
 80.38038038    -0.00000006
 80.48048048    -0.00000007
 80.58058058    -0.00000007
 80.68068068    -0.00000007
 80.78078078    -0.00000007
 80.88088088    -0.00000006
 80.98098098    -0.00000006
 81.08108108    -0.00000006
 81.18118118    -0.00000006
 81.28128128    -0.00000006
 81.38138138    -0.00000006
 81.48148148    -0.00000006
 81.58158158    -0.00000006
 81.68168168    -0.00000006
 81.78178178    -0.00000006
 81.88188188    -0.00000006
 81.98198198    -0.00000006
 82.08208208    -0.00000005
 82.18218218    -0.00000005
 82.28228228    -0.00000005
 82.38238238    -0.00000005
 82.48248248    -0.00000005
 82.58258258    -0.00000005
 82.68268268    -0.00000005
 82.78278278    -0.00000004
 82.88288288    -0.00000004
 82.98298298    -0.00000004
 83.08308308    -0.00000004
 83.18318318    -0.00000004
 83.28328328    -0.00000004
 83.38338338    -0.00000003
 83.48348348    -0.00000003
 83.58358358    -0.00000003
 83.68368368    -0.00000003
 83.78378378    -0.00000003
 83.88388388    -0.00000003
 83.98398398    -0.00000003
 84.08408408    -0.00000002
 84.18418418    -0.00000002
 84.28428428    -0.00000002
 84.38438438    -0.00000002
 84.48448448    -0.00000002
 84.58458458    -0.00000002
 84.68468468    -0.00000002
 84.78478478    -0.00000001
 84.88488488    -0.00000001
 84.98498498    -0.00000001
 85.08508509    -0.00000001
 85.18518519    -0.00000001
 85.28528529    -0.00000001
 85.38538539    -0.00000001
 85.48548549    -0.00000001
 85.58558559    -0.00000000
 85.68568569    -0.00000000
 85.78578579    -0.00000000
 85.88588589    -0.00000000
 85.98598599    -0.00000000
 86.08608609    -0.00000000
 86.18618619     0.00000000
 86.28628629     0.00000000
 86.38638639     0.00000000
 86.48648649     0.00000000
 86.58658659     0.00000000
 86.68668669     0.00000000
 86.78678679     0.00000000
 86.88688689     0.00000001
 86.98698699     0.00000001
 87.08708709     0.00000001
 87.18718719     0.00000001
 87.28728729     0.00000001
 87.38738739     0.00000001
 87.48748749     0.00000001
 87.58758759     0.00000001
 87.68768769     0.00000001
 87.78778779     0.00000001
 87.88788789     0.00000001
 87.98798799     0.00000001
 88.08808809     0.00000001
 88.18818819     0.00000001
 88.28828829     0.00000001
 88.38838839     0.00000001
 88.48848849     0.00000001
 88.58858859     0.00000001
 88.68868869     0.00000001
 88.78878879     0.00000001
 88.88888889     0.00000001
 88.98898899     0.00000001
 89.08908909     0.00000001
 89.18918919     0.00000001
 89.28928929     0.00000001
 89.38938939     0.00000001
 89.48948949     0.00000001
 89.58958959     0.00000001
 89.68968969     0.00000001
 89.78978979     0.00000001
 89.88988989     0.00000001
 89.98998999     0.00000001
 90.09009009     0.00000001
 90.19019019     0.00000001
 90.29029029     0.00000001
 90.39039039     0.00000001
 90.49049049     0.00000001
 90.59059059     0.00000001
 90.69069069     0.00000001
 90.79079079     0.00000001
 90.89089089     0.00000001
 90.99099099     0.00000001
 91.09109109     0.00000001
 91.19119119     0.00000001
 91.29129129     0.00000001
 91.39139139     0.00000001
 91.49149149     0.00000000
 91.59159159     0.00000000
 91.69169169     0.00000000
 91.79179179     0.00000000
 91.89189189     0.00000000
 91.99199199     0.00000000
 92.09209209     0.00000000
 92.19219219     0.00000000
 92.29229229     0.00000000
 92.39239239     0.00000000
 92.49249249     0.00000000
 92.59259259     0.00000000
 92.69269269     0.00000000
 92.79279279     0.00000000
 92.89289289     0.00000000
 92.99299299     0.00000000
 93.09309309     0.00000000
 93.19319319     0.00000000
 93.29329329     0.00000000
 93.39339339     0.00000000
 93.49349349     0.00000000
 93.59359359     0.00000000
 93.69369369     0.00000000
 93.79379379     0.00000000
 93.89389389     0.00000000
 93.99399399     0.00000000
 94.09409409    -0.00000000
 94.19419419    -0.00000000
 94.29429429    -0.00000000
 94.39439439    -0.00000000
 94.49449449    -0.00000000
 94.59459459    -0.00000000
 94.69469469    -0.00000000
 94.79479479    -0.00000000
 94.89489489    -0.00000000
 94.99499499    -0.00000000
 95.09509510    -0.00000000
 95.19519520    -0.00000000
 95.29529530    -0.00000000
 95.39539540    -0.00000000
 95.49549550    -0.00000000
 95.59559560    -0.00000000
 95.69569570    -0.00000000
 95.79579580    -0.00000000
 95.89589590    -0.00000000
 95.99599600    -0.00000000
 96.09609610    -0.00000000
 96.19619620    -0.00000000
 96.29629630    -0.00000000
 96.39639640    -0.00000000
 96.49649650    -0.00000000
 96.59659660    -0.00000000
 96.69669670    -0.00000000
 96.79679680    -0.00000000
 96.89689690    -0.00000000
 96.99699700    -0.00000000
 97.09709710    -0.00000000
 97.19719720    -0.00000000
 97.29729730    -0.00000000
 97.39739740    -0.00000000
 97.49749750    -0.00000000
 97.59759760    -0.00000000
 97.69769770    -0.00000000
 97.79779780    -0.00000000
 97.89789790    -0.00000000
 97.99799800    -0.00000000
 98.09809810    -0.00000000
 98.19819820    -0.00000000
 98.29829830    -0.00000000
 98.39839840    -0.00000000
 98.49849850    -0.00000000
 98.59859860    -0.00000000
 98.69869870    -0.00000000
 98.79879880    -0.00000000
 98.89889890    -0.00000000
 98.99899900    -0.00000000
 99.09909910    -0.00000000
 99.19919920    -0.00000000
 99.29929930    -0.00000000
 99.39939940    -0.00000000
 99.49949950    -0.00000000
 99.59959960    -0.00000000
 99.69969970     0.00000000
 99.79979980     0.00000000
 99.89989990     0.00000000
100.00000000     0.00000000
