  0.00000000    -0.44322898
  0.10010010    -0.42922898
  0.20020020    -0.41543201
  0.30030030    -0.40183807
  0.40040040    -0.38844711
  0.50050050    -0.37525906
  0.60060060    -0.36227376
  0.70070070    -0.34949104
  0.80080080    -0.33691068
  0.90090090    -0.32453240
  1.00100100    -0.31235591
  1.10110110    -0.30038082
  1.20120120    -0.28860676
  1.30130130    -0.27703327
  1.40140140    -0.26565985
  1.50150150    -0.25448599
  1.60160160    -0.24351110
  1.70170170    -0.23273457
  1.80180180    -0.22215573
  1.90190190    -0.21177389
  2.00200200    -0.20158829
  2.10210210    -0.19159816
  2.20220220    -0.18180266
  2.30230230    -0.17220093
  2.40240240    -0.16279205
  2.50250250    -0.15357509
  2.60260260    -0.14454905
  2.70270270    -0.13571291
  2.80280280    -0.12706561
  2.90290290    -0.11860603
  3.00300300    -0.11033305
  3.10310310    -0.10224548
  3.20320320    -0.09434212
  3.30330330    -0.08662171
  3.40340340    -0.07908297
  3.50350350    -0.07172458
  3.60360360    -0.06454520
  3.70370370    -0.05754344
  3.80380380    -0.05071787
  3.90390390    -0.04406706
  4.00400400    -0.03758952
  4.10410410    -0.03128373
  4.20420420    -0.02514817
  4.30430430    -0.01918125
  4.40440440    -0.01338139
  4.50450450    -0.00774695
  4.60460460    -0.00227628
  4.70470470     0.00303230
  4.80480480     0.00818048
  4.90490490     0.01317001
  5.00500501     0.01800263
  5.10510511     0.02268013
  5.20520521     0.02720429
  5.30530531     0.03157693
  5.40540541     0.03579991
  5.50550551     0.03987508
  5.60560561     0.04380431
  5.70570571     0.04758951
  5.80580581     0.05123259
  5.90590591     0.05473548
  6.00600601     0.05810014
  6.10610611     0.06132851
  6.20620621     0.06442258
  6.30630631     0.06738435
  6.40640641     0.07021580
  6.50650651     0.07291895
  6.60660661     0.07549583
  6.70670671     0.07794847
  6.80680681     0.08027891
  6.90690691     0.08248921
  7.00700701     0.08458142
  7.10710711     0.08655760
  7.20720721     0.08841984
  7.30730731     0.09017019
  7.40740741     0.09181075
  7.50750751     0.09334358
  7.60760761     0.09477079
  7.70770771     0.09609445
  7.80780781     0.09731665
  7.90790791     0.09843947
  8.00800801     0.09946501
  8.10810811     0.10039534
  8.20820821     0.10123254
  8.30830831     0.10197870
  8.40840841     0.10263588
  8.50850851     0.10320616
  8.60860861     0.10369160
  8.70870871     0.10409426
  8.80880881     0.10441617
  8.90890891     0.10465940
  9.00900901     0.10482596
  9.10910911     0.10491789
  9.20920921     0.10493719
  9.30930931     0.10488587
  9.40940941     0.10476593
  9.50950951     0.10457934
  9.60960961     0.10432806
  9.70970971     0.10401406
  9.80980981     0.10363927
  9.90990991     0.10320562
 10.01001001     0.10271502
 10.11011011     0.10216936
 10.21021021     0.10157052
 10.31031031     0.10092037
 10.41041041     0.10022074
 10.51051051     0.09947346
 10.61061061     0.09868035
 10.71071071     0.09784318
 10.81081081     0.09696373
 10.91091091     0.09604374
 11.01101101     0.09508495
 11.11111111     0.09408907
 11.21121121     0.09305777
 11.31131131     0.09199273
 11.41141141     0.09089558
 11.51151151     0.08976795
 11.61161161     0.08861144
 11.71171171     0.08742762
 11.81181181     0.08621804
 11.91191191     0.08498422
 12.01201201     0.08372768
 12.11211211     0.08244988
 12.21221221     0.08115229
 12.31231231     0.07983633
 12.41241241     0.07850340
 12.51251251     0.07715489
 12.61261261     0.07579214
 12.71271271     0.07441649
 12.81281281     0.07302923
 12.91291291     0.07163164
 13.01301301     0.07022496
 13.11311311     0.06881043
 13.21321321     0.06738923
 13.31331331     0.06596253
 13.41341341     0.06453148
 13.51351351     0.06309719
 13.61361361     0.06166075
 13.71371371     0.06022322
 13.81381381     0.05878564
 13.91391391     0.05734902
 14.01401401     0.05591433
 14.11411411     0.05448253
 14.21421421     0.05305455
 14.31431431     0.05163129
 14.41441441     0.05021362
 14.51451451     0.04880240
 14.61461461     0.04739844
 14.71471471     0.04600253
 14.81481481     0.04461545
 14.91491491     0.04323794
 15.01501502     0.04187071
 15.11511512     0.04051446
 15.21521522     0.03916985
 15.31531532     0.03783752
 15.41541542     0.03651808
 15.51551552     0.03521212
 15.61561562     0.03392021
 15.71571572     0.03264289
 15.81581582     0.03138066
 15.91591592     0.03013402
 16.01601602     0.02890345
 16.11611612     0.02768937
 16.21621622     0.02649221
 16.31631632     0.02531237
 16.41641642     0.02415022
 16.51651652     0.02300611
 16.61661662     0.02188037
 16.71671672     0.02077330
 16.81681682     0.01968520
 16.91691692     0.01861633
 17.01701702     0.01756692
 17.11711712     0.01653721
 17.21721722     0.01552739
 17.31731732     0.01453765
 17.41741742     0.01356814
 17.51751752     0.01261903
 17.61761762     0.01169041
 17.71771772     0.01078242
 17.81781782     0.00989512
 17.91791792     0.00902860
 18.01801802     0.00818291
 18.11811812     0.00735808
 18.21821822     0.00655414
 18.31831832     0.00577108
 18.41841842     0.00500890
 18.51851852     0.00426756
 18.61861862     0.00354703
 18.71871872     0.00284726
 18.81881882     0.00216816
 18.91891892     0.00150965
 19.01901902     0.00087165
 19.11911912     0.00025402
 19.21921922    -0.00034333
 19.31931932    -0.00092057
 19.41941942    -0.00147782
 19.51951952    -0.00201524
 19.61961962    -0.00253302
 19.71971972    -0.00303132
 19.81981982    -0.00351034
 19.91991992    -0.00397027
 20.02002002    -0.00441133
 20.12012012    -0.00483373
 20.22022022    -0.00523770
 20.32032032    -0.00562347
 20.42042042    -0.00599128
 20.52052052    -0.00634139
 20.62062062    -0.00667405
 20.72072072    -0.00698952
 20.82082082    -0.00728808
 20.92092092    -0.00756999
 21.02102102    -0.00783554
 21.12112112    -0.00808501
 21.22122122    -0.00831870
 21.32132132    -0.00853690
 21.42142142    -0.00873991
 21.52152152    -0.00892803
 21.62162162    -0.00910156
 21.72172172    -0.00926083
 21.82182182    -0.00940613
 21.92192192    -0.00953778
 22.02202202    -0.00965611
 22.12212212    -0.00976143
 22.22222222    -0.00985405
 22.32232232    -0.00993430
 22.42242242    -0.01000251
 22.52252252    -0.01005899
 22.62262262    -0.01010407
 22.72272272    -0.01013807
 22.82282282    -0.01016132
 22.92292292    -0.01017414
 23.02302302    -0.01017684
 23.12312312    -0.01016976
 23.22322322    -0.01015321
 23.32332332    -0.01012751
 23.42342342    -0.01009298
 23.52352352    -0.01004993
 23.62362362    -0.00999867
 23.72372372    -0.00993953
 23.82382382    -0.00987280
 23.92392392    -0.00979879
 24.02402402    -0.00971780
 24.12412412    -0.00963015
 24.22422422    -0.00953611
 24.32432432    -0.00943599
 24.42442442    -0.00933008
 24.52452452    -0.00921866
 24.62462462    -0.00910202
 24.72472472    -0.00898043
 24.82482482    -0.00885417
 24.92492492    -0.00872352
 25.02502503    -0.00858873
 25.12512513    -0.00845007
 25.22522523    -0.00830780
 25.32532533    -0.00816217
 25.42542543    -0.00801343
 25.52552553    -0.00786182
 25.62562563    -0.00770758
 25.72572573    -0.00755095
 25.82582583    -0.00739215
 25.92592593    -0.00723142
 26.02602603    -0.00706896
 26.12612613    -0.00690499
 26.22622623    -0.00673972
 26.32632633    -0.00657335
 26.42642643    -0.00640609
 26.52652653    -0.00623812
 26.62662663    -0.00606963
 26.72672673    -0.00590080
 26.82682683    -0.00573182
 26.92692693    -0.00556284
 27.02702703    -0.00539405
 27.12712713    -0.00522559
 27.22722723    -0.00505763
 27.32732733    -0.00489031
 27.42742743    -0.00472379
 27.52752753    -0.00455819
 27.62762763    -0.00439365
 27.72772773    -0.00423031
 27.82782783    -0.00406829
 27.92792793    -0.00390770
 28.02802803    -0.00374866
 28.12812813    -0.00359127
 28.22822823    -0.00343565
 28.32832833    -0.00328189
 28.42842843    -0.00313008
 28.52852853    -0.00298031
 28.62862863    -0.00283268
 28.72872873    -0.00268724
 28.82882883    -0.00254409
 28.92892893    -0.00240329
 29.02902903    -0.00226490
 29.12912913    -0.00212899
 29.22922923    -0.00199561
 29.32932933    -0.00186483
 29.42942943    -0.00173667
 29.52952953    -0.00161119
 29.62962963    -0.00148843
 29.72972973    -0.00136842
 29.82982983    -0.00125120
 29.92992993    -0.00113679
 30.03003003    -0.00102523
 30.13013013    -0.00091651
 30.23023023    -0.00081068
 30.33033033    -0.00070773
 30.43043043    -0.00060769
 30.53053053    -0.00051055
 30.63063063    -0.00041632
 30.73073073    -0.00032501
 30.83083083    -0.00023660
 30.93093093    -0.00015110
 31.03103103    -0.00006849
 31.13113113     0.00001123
 31.23123123     0.00008808
 31.33133133     0.00016207
 31.43143143     0.00023323
 31.53153153     0.00030157
 31.63163163     0.00036711
 31.73173173     0.00042988
 31.83183183     0.00048992
 31.93193193     0.00054724
 32.03203203     0.00060187
 32.13213213     0.00065386
 32.23223223     0.00070324
 32.33233233     0.00075003
 32.43243243     0.00079429
 32.53253253     0.00083605
 32.63263263     0.00087534
 32.73273273     0.00091222
 32.83283283     0.00094672
 32.93293293     0.00097889
 33.03303303     0.00100877
 33.13313313     0.00103641
 33.23323323     0.00106186
 33.33333333     0.00108517
 33.43343343     0.00110637
 33.53353353     0.00112554
 33.63363363     0.00114270
 33.73373373     0.00115792
 33.83383383     0.00117124
 33.93393393     0.00118271
 34.03403403     0.00119239
 34.13413413     0.00120033
 34.23423423     0.00120658
 34.33433433     0.00121119
 34.43443443     0.00121422
 34.53453453     0.00121571
 34.63463463     0.00121572
 34.73473473     0.00121431
 34.83483483     0.00121151
 34.93493493     0.00120739
 35.03503504     0.00120199
 35.13513514     0.00119537
 35.23523524     0.00118757
 35.33533534     0.00117865
 35.43543544     0.00116866
 35.53553554     0.00115765
 35.63563564     0.00114566
 35.73573574     0.00113274
 35.83583584     0.00111895
 35.93593594     0.00110432
 36.03603604     0.00108891
 36.13613614     0.00107276
 36.23623624     0.00105591
 36.33633634     0.00103842
 36.43643644     0.00102032
 36.53653654     0.00100165
 36.63663664     0.00098246
 36.73673674     0.00096280
 36.83683684     0.00094269
 36.93693694     0.00092218
 37.03703704     0.00090131
 37.13713714     0.00088011
 37.23723724     0.00085863
 37.33733734     0.00083689
 37.43743744     0.00081494
 37.53753754     0.00079280
 37.63763764     0.00077052
 37.73773774     0.00074811
 37.83783784     0.00072562
 37.93793794     0.00070307
 38.03803804     0.00068049
 38.13813814     0.00065792
 38.23823824     0.00063537
 38.33833834     0.00061287
 38.43843844     0.00059045
 38.53853854     0.00056814
 38.63863864     0.00054596
 38.73873874     0.00052392
 38.83883884     0.00050205
 38.93893894     0.00048038
 39.03903904     0.00045891
 39.13913914     0.00043767
 39.23923924     0.00041668
 39.33933934     0.00039596
 39.43943944     0.00037551
 39.53953954     0.00035536
 39.63963964     0.00033552
 39.73973974     0.00031600
 39.83983984     0.00029681
 39.93993994     0.00027798
 40.04004004     0.00025949
 40.14014014     0.00024138
 40.24024024     0.00022364
 40.34034034     0.00020628
 40.44044044     0.00018932
 40.54054054     0.00017275
 40.64064064     0.00015659
 40.74074074     0.00014085
 40.84084084     0.00012551
 40.94094094     0.00011060
 41.04104104     0.00009611
 41.14114114     0.00008204
 41.24124124     0.00006840
 41.34134134     0.00005520
 41.44144144     0.00004242
 41.54154154     0.00003007
 41.64164164     0.00001815
 41.74174174     0.00000667
 41.84184184    -0.00000439
 41.94194194    -0.00001502
 42.04204204    -0.00002523
 42.14214214    -0.00003501
 42.24224224    -0.00004438
 42.34234234    -0.00005332
 42.44244244    -0.00006186
 42.54254254    -0.00006999
 42.64264264    -0.00007772
 42.74274274    -0.00008504
 42.84284284    -0.00009198
 42.94294294    -0.00009852
 43.04304304    -0.00010469
 43.14314314    -0.00011048
 43.24324324    -0.00011590
 43.34334334    -0.00012096
 43.44344344    -0.00012566
 43.54354354    -0.00013002
 43.64364364    -0.00013403
 43.74374374    -0.00013771
 43.84384384    -0.00014107
 43.94394394    -0.00014410
 44.04404404    -0.00014683
 44.14414414    -0.00014925
 44.24424424    -0.00015138
 44.34434434    -0.00015322
 44.44444444    -0.00015478
 44.54454454    -0.00015608
 44.64464464    -0.00015711
 44.74474474    -0.00015789
 44.84484484    -0.00015842
 44.94494494    -0.00015872
 45.04504505    -0.00015879
 45.14514515    -0.00015865
 45.24524525    -0.00015829
 45.34534535    -0.00015773
 45.44544545    -0.00015697
 45.54554555    -0.00015603
 45.64564565    -0.00015491
 45.74574575    -0.00015363
 45.84584585    -0.00015218
 45.94594595    -0.00015058
 46.04604605    -0.00014883
 46.14614615    -0.00014694
 46.24624625    -0.00014493
 46.34634635    -0.00014279
 46.44644645    -0.00014054
 46.54654655    -0.00013818
 46.64664665    -0.00013573
 46.74674675    -0.00013318
 46.84684685    -0.00013054
 46.94694695    -0.00012782
 47.04704705    -0.00012504
 47.14714715    -0.00012218
 47.24724725    -0.00011927
 47.34734735    -0.00011630
 47.44744745    -0.00011329
 47.54754755    -0.00011024
 47.64764765    -0.00010715
 47.74774775    -0.00010403
 47.84784785    -0.00010089
 47.94794795    -0.00009772
 48.04804805    -0.00009455
 48.14814815    -0.00009136
 48.24824825    -0.00008818
 48.34834835    -0.00008499
 48.44844845    -0.00008180
 48.54854855    -0.00007863
 48.64864865    -0.00007547
 48.74874875    -0.00007232
 48.84884885    -0.00006920
 48.94894895    -0.00006610
 49.04904905    -0.00006303
 49.14914915    -0.00005999
 49.24924925    -0.00005698
 49.34934935    -0.00005401
 49.44944945    -0.00005108
 49.54954955    -0.00004820
 49.64964965    -0.00004536
 49.74974975    -0.00004256
 49.84984985    -0.00003982
 49.94994995    -0.00003712
 50.05005005    -0.00003448
 50.15015015    -0.00003189
 50.25025025    -0.00002937
 50.35035035    -0.00002689
 50.45045045    -0.00002448
 50.55055055    -0.00002213
 50.65065065    -0.00001984
 50.75075075    -0.00001761
 50.85085085    -0.00001544
 50.95095095    -0.00001334
 51.05105105    -0.00001130
 51.15115115    -0.00000933
 51.25125125    -0.00000742
 51.35135135    -0.00000558
 51.45145145    -0.00000380
 51.55155155    -0.00000209
 51.65165165    -0.00000044
 51.75175175     0.00000114
 51.85185185     0.00000266
 51.95195195     0.00000411
 52.05205205     0.00000550
 52.15215215     0.00000682
 52.25225225     0.00000808
 52.35235235     0.00000928
 52.45245245     0.00001041
 52.55255255     0.00001149
 52.65265265     0.00001250
 52.75275275     0.00001346
 52.85285285     0.00001436
 52.95295295     0.00001520
 53.05305305     0.00001598
 53.15315315     0.00001671
 53.25325325     0.00001738
 53.35335335     0.00001800
 53.45345345     0.00001857
 53.55355355     0.00001908
 53.65365365     0.00001955
 53.75375375     0.00001997
 53.85385385     0.00002034
 53.95395395     0.00002067
 54.05405405     0.00002095
 54.15415415     0.00002119
 54.25425425     0.00002138
 54.35435435     0.00002154
 54.45445445     0.00002166
 54.55455455     0.00002174
 54.65465465     0.00002178
 54.75475475     0.00002179
 54.85485485     0.00002176
 54.95495495     0.00002170
 55.05505506     0.00002161
 55.15515516     0.00002150
 55.25525526     0.00002135
 55.35535536     0.00002118
 55.45545546     0.00002098
 55.55555556     0.00002075
 55.65565566     0.00002051
 55.75575576     0.00002024
 55.85585586     0.00001995
 55.95595596     0.00001964
 56.05605606     0.00001932
 56.15615616     0.00001898
 56.25625626     0.00001862
 56.35635636     0.00001825
 56.45645646     0.00001786
 56.55655656     0.00001747
 56.65665666     0.00001706
 56.75675676     0.00001664
 56.85685686     0.00001621
 56.95695696     0.00001578
 57.05705706     0.00001534
 57.15715716     0.00001489
 57.25725726     0.00001444
 57.35735736     0.00001398
 57.45745746     0.00001352
 57.55755756     0.00001306
 57.65765766     0.00001260
 57.75775776     0.00001213
 57.85785786     0.00001167
 57.95795796     0.00001120
 58.05805806     0.00001074
 58.15815816     0.00001028
 58.25825826     0.00000982
 58.35835836     0.00000937
 58.45845846     0.00000892
 58.55855856     0.00000847
 58.65865866     0.00000803
 58.75875876     0.00000759
 58.85885886     0.00000716
 58.95895896     0.00000674
 59.05905906     0.00000632
 59.15915916     0.00000591
 59.25925926     0.00000551
 59.35935936     0.00000512
 59.45945946     0.00000473
 59.55955956     0.00000435
 59.65965966     0.00000398
 59.75975976     0.00000362
 59.85985986     0.00000327
 59.95995996     0.00000293
 60.06006006     0.00000260
 60.16016016     0.00000227
 60.26026026     0.00000196
 60.36036036     0.00000166
 60.46046046     0.00000136
 60.56056056     0.00000108
 60.66066066     0.00000080
 60.76076076     0.00000054
 60.86086086     0.00000029
 60.96096096     0.00000004
 61.06106106    -0.00000019
 61.16116116    -0.00000041
 61.26126126    -0.00000062
 61.36136136    -0.00000083
 61.46146146    -0.00000102
 61.56156156    -0.00000121
 61.66166166    -0.00000138
 61.76176176    -0.00000154
 61.86186186    -0.00000170
 61.96196196    -0.00000184
 62.06206206    -0.00000198
 62.16216216    -0.00000211
 62.26226226    -0.00000223
 62.36236236    -0.00000234
 62.46246246    -0.00000244
 62.56256256    -0.00000253
 62.66266266    -0.00000262
 62.76276276    -0.00000270
 62.86286286    -0.00000277
 62.96296296    -0.00000283
 63.06306306    -0.00000288
 63.16316316    -0.00000293
 63.26326326    -0.00000297
 63.36336336    -0.00000301
 63.46346346    -0.00000303
 63.56356356    -0.00000305
 63.66366366    -0.00000307
 63.76376376    -0.00000308
 63.86386386    -0.00000308
 63.96396396    -0.00000308
 64.06406406    -0.00000308
 64.16416416    -0.00000307
 64.26426426    -0.00000305
 64.36436436    -0.00000303
 64.46446446    -0.00000300
 64.56456456    -0.00000298
 64.66466466    -0.00000294
 64.76476476    -0.00000291
 64.86486486    -0.00000287
 64.96496496    -0.00000283
 65.06506507    -0.00000278
 65.16516517    -0.00000273
 65.26526527    -0.00000268
 65.36536537    -0.00000263
 65.46546547    -0.00000257
 65.56556557    -0.00000251
 65.66566567    -0.00000245
 65.76576577    -0.00000239
 65.86586587    -0.00000233
 65.96596597    -0.00000227
 66.06606607    -0.00000220
 66.16616617    -0.00000214
 66.26626627    -0.00000207
 66.36636637    -0.00000200
 66.46646647    -0.00000193
 66.56656657    -0.00000186
 66.66666667    -0.00000180
 66.76676677    -0.00000173
 66.86686687    -0.00000166
 66.96696697    -0.00000159
 67.06706707    -0.00000152
 67.16716717    -0.00000145
 67.26726727    -0.00000138
 67.36736737    -0.00000132
 67.46746747    -0.00000125
 67.56756757    -0.00000118
 67.66766767    -0.00000112
 67.76776777    -0.00000105
 67.86786787    -0.00000099
 67.96796797    -0.00000093
 68.06806807    -0.00000086
 68.16816817    -0.00000080
 68.26826827    -0.00000074
 68.36836837    -0.00000069
 68.46846847    -0.00000063
 68.56856857    -0.00000057
 68.66866867    -0.00000052
 68.76876877    -0.00000047
 68.86886887    -0.00000042
 68.96896897    -0.00000037
 69.06906907    -0.00000032
 69.16916917    -0.00000027
 69.26926927    -0.00000023
 69.36936937    -0.00000018
 69.46946947    -0.00000014
 69.56956957    -0.00000010
 69.66966967    -0.00000006
 69.76976977    -0.00000002
 69.86986987     0.00000001
 69.96996997     0.00000005
 70.07007007     0.00000008
 70.17017017     0.00000011
 70.27027027     0.00000014
 70.37037037     0.00000017
 70.47047047     0.00000019
 70.57057057     0.00000022
 70.67067067     0.00000024
 70.77077077     0.00000026
 70.87087087     0.00000028
 70.97097097     0.00000030
 71.07107107     0.00000032
 71.17117117     0.00000034
 71.27127127     0.00000035
 71.37137137     0.00000037
 71.47147147     0.00000038
 71.57157157     0.00000039
 71.67167167     0.00000040
 71.77177177     0.00000041
 71.87187187     0.00000042
 71.97197197     0.00000043
 72.07207207     0.00000043
 72.17217217     0.00000044
 72.27227227     0.00000044
 72.37237237     0.00000044
 72.47247247     0.00000044
 72.57257257     0.00000045
 72.67267267     0.00000045
 72.77277277     0.00000045
 72.87287287     0.00000044
 72.97297297     0.00000044
 73.07307307     0.00000044
 73.17317317     0.00000044
 73.27327327     0.00000043
 73.37337337     0.00000043
 73.47347347     0.00000042
 73.57357357     0.00000041
 73.67367367     0.00000041
 73.77377377     0.00000040
 73.87387387     0.00000039
 73.97397397     0.00000039
 74.07407407     0.00000038
 74.17417417     0.00000037
 74.27427427     0.00000036
 74.37437437     0.00000035
 74.47447447     0.00000034
 74.57457457     0.00000033
 74.67467467     0.00000032
 74.77477477     0.00000031
 74.87487487     0.00000030
 74.97497497     0.00000029
 75.07507508     0.00000028
 75.17517518     0.00000027
 75.27527528     0.00000026
 75.37537538     0.00000025
 75.47547548     0.00000024
 75.57557558     0.00000023
 75.67567568     0.00000022
 75.77577578     0.00000021
 75.87587588     0.00000020
 75.97597598     0.00000019
 76.07607608     0.00000018
 76.17617618     0.00000017
 76.27627628     0.00000016
 76.37637638     0.00000015
 76.47647648     0.00000014
 76.57657658     0.00000013
 76.67667668     0.00000012
 76.77677678     0.00000011
 76.87687688     0.00000010
 76.97697698     0.00000010
 77.07707708     0.00000009
 77.17717718     0.00000008
 77.27727728     0.00000007
 77.37737738     0.00000006
 77.47747748     0.00000006
 77.57757758     0.00000005
 77.67767768     0.00000004
 77.77777778     0.00000003
 77.87787788     0.00000003
 77.97797798     0.00000002
 78.07807808     0.00000002
 78.17817818     0.00000001
 78.27827828     0.00000000
 78.37837838    -0.00000000
 78.47847848    -0.00000001
 78.57857858    -0.00000001
 78.67867868    -0.00000002
 78.77877878    -0.00000002
 78.87887888    -0.00000003
 78.97897898    -0.00000003
 79.07907908    -0.00000003
 79.17917918    -0.00000004
 79.27927928    -0.00000004
 79.37937938    -0.00000004
 79.47947948    -0.00000005
 79.57957958    -0.00000005
 79.67967968    -0.00000005
 79.77977978    -0.00000005
 79.87987988    -0.00000006
 79.97997998    -0.00000006
 80.08008008    -0.00000006
 80.18018018    -0.00000006
 80.28028028    -0.00000006
 80.38038038    -0.00000006
 80.48048048    -0.00000006
 80.58058058    -0.00000006
 80.68068068    -0.00000006
 80.78078078    -0.00000007
 80.88088088    -0.00000007
 80.98098098    -0.00000007
 81.08108108    -0.00000007
 81.18118118    -0.00000007
 81.28128128    -0.00000007
 81.38138138    -0.00000006
 81.48148148    -0.00000006
 81.58158158    -0.00000006
 81.68168168    -0.00000006
 81.78178178    -0.00000006
 81.88188188    -0.00000006
 81.98198198    -0.00000006
 82.08208208    -0.00000006
 82.18218218    -0.00000006
 82.28228228    -0.00000006
 82.38238238    -0.00000006
 82.48248248    -0.00000005
 82.58258258    -0.00000005
 82.68268268    -0.00000005
 82.78278278    -0.00000005
 82.88288288    -0.00000005
 82.98298298    -0.00000005
 83.08308308    -0.00000005
 83.18318318    -0.00000005
 83.28328328    -0.00000004
 83.38338338    -0.00000004
 83.48348348    -0.00000004
 83.58358358    -0.00000004
 83.68368368    -0.00000004
 83.78378378    -0.00000004
 83.88388388    -0.00000003
 83.98398398    -0.00000003
 84.08408408    -0.00000003
 84.18418418    -0.00000003
 84.28428428    -0.00000003
 84.38438438    -0.00000003
 84.48448448    -0.00000002
 84.58458458    -0.00000002
 84.68468468    -0.00000002
 84.78478478    -0.00000002
 84.88488488    -0.00000002
 84.98498498    -0.00000002
 85.08508509    -0.00000002
 85.18518519    -0.00000001
 85.28528529    -0.00000001
 85.38538539    -0.00000001
 85.48548549    -0.00000001
 85.58558559    -0.00000001
 85.68568569    -0.00000001
 85.78578579    -0.00000001
 85.88588589    -0.00000001
 85.98598599    -0.00000001
 86.08608609    -0.00000000
 86.18618619    -0.00000000
 86.28628629    -0.00000000
 86.38638639    -0.00000000
 86.48648649    -0.00000000
 86.58658659     0.00000000
 86.68668669     0.00000000
 86.78678679     0.00000000
 86.88688689     0.00000000
 86.98698699     0.00000000
 87.08708709     0.00000000
 87.18718719     0.00000000
 87.28728729     0.00000001
 87.38738739     0.00000001
 87.48748749     0.00000001
 87.58758759     0.00000001
 87.68768769     0.00000001
 87.78778779     0.00000001
 87.88788789     0.00000001
 87.98798799     0.00000001
 88.08808809     0.00000001
 88.18818819     0.00000001
 88.28828829     0.00000001
 88.38838839     0.00000001
 88.48848849     0.00000001
 88.58858859     0.00000001
 88.68868869     0.00000001
 88.78878879     0.00000001
 88.88888889     0.00000001
 88.98898899     0.00000001
 89.08908909     0.00000001
 89.18918919     0.00000001
 89.28928929     0.00000001
 89.38938939     0.00000001
 89.48948949     0.00000001
 89.58958959     0.00000001
 89.68968969     0.00000001
 89.78978979     0.00000001
 89.88988989     0.00000001
 89.98998999     0.00000001
 90.09009009     0.00000001
 90.19019019     0.00000001
 90.29029029     0.00000001
 90.39039039     0.00000001
 90.49049049     0.00000001
 90.59059059     0.00000001
 90.69069069     0.00000001
 90.79079079     0.00000001
 90.89089089     0.00000001
 90.99099099     0.00000001
 91.09109109     0.00000001
 91.19119119     0.00000001
 91.29129129     0.00000001
 91.39139139     0.00000001
 91.49149149     0.00000001
 91.59159159     0.00000001
 91.69169169     0.00000001
 91.79179179     0.00000001
 91.89189189     0.00000001
 91.99199199     0.00000000
 92.09209209     0.00000000
 92.19219219     0.00000000
 92.29229229     0.00000000
 92.39239239     0.00000000
 92.49249249     0.00000000
 92.59259259     0.00000000
 92.69269269     0.00000000
 92.79279279     0.00000000
 92.89289289     0.00000000
 92.99299299     0.00000000
 93.09309309     0.00000000
 93.19319319     0.00000000
 93.29329329     0.00000000
 93.39339339     0.00000000
 93.49349349     0.00000000
 93.59359359     0.00000000
 93.69369369     0.00000000
 93.79379379     0.00000000
 93.89389389     0.00000000
 93.99399399     0.00000000
 94.09409409     0.00000000
 94.19419419     0.00000000
 94.29429429     0.00000000
 94.39439439     0.00000000
 94.49449449     0.00000000
 94.59459459     0.00000000
 94.69469469     0.00000000
 94.79479479    -0.00000000
 94.89489489    -0.00000000
 94.99499499    -0.00000000
 95.09509510    -0.00000000
 95.19519520    -0.00000000
 95.29529530    -0.00000000
 95.39539540    -0.00000000
 95.49549550    -0.00000000
 95.59559560    -0.00000000
 95.69569570    -0.00000000
 95.79579580    -0.00000000
 95.89589590    -0.00000000
 95.99599600    -0.00000000
 96.09609610    -0.00000000
 96.19619620    -0.00000000
 96.29629630    -0.00000000
 96.39639640    -0.00000000
 96.49649650    -0.00000000
 96.59659660    -0.00000000
 96.69669670    -0.00000000
 96.79679680    -0.00000000
 96.89689690    -0.00000000
 96.99699700    -0.00000000
 97.09709710    -0.00000000
 97.19719720    -0.00000000
 97.29729730    -0.00000000
 97.39739740    -0.00000000
 97.49749750    -0.00000000
 97.59759760    -0.00000000
 97.69769770    -0.00000000
 97.79779780    -0.00000000
 97.89789790    -0.00000000
 97.99799800    -0.00000000
 98.09809810    -0.00000000
 98.19819820    -0.00000000
 98.29829830    -0.00000000
 98.39839840    -0.00000000
 98.49849850    -0.00000000
 98.59859860    -0.00000000
 98.69869870    -0.00000000
 98.79879880    -0.00000000
 98.89889890    -0.00000000
 98.99899900    -0.00000000
 99.09909910    -0.00000000
 99.19919920    -0.00000000
 99.29929930    -0.00000000
 99.39939940    -0.00000000
 99.49949950    -0.00000000
 99.59959960    -0.00000000
 99.69969970     0.00000000
 99.79979980     0.00000000
 99.89989990     0.00000000
100.00000000     0.00000000
