  0.00000000    -0.44544711
  0.10010010    -0.43144711
  0.20020020    -0.41764911
  0.30030030    -0.40405311
  0.40040040    -0.39065906
  0.50050050    -0.37746688
  0.60060060    -0.36447643
  0.70070070    -0.35168754
  0.80080080    -0.33909999
  0.90090090    -0.32671351
  1.00100100    -0.31452779
  1.10110110    -0.30254248
  1.20120120    -0.29075718
  1.30130130    -0.27917147
  1.40140140    -0.26778485
  1.50150150    -0.25659680
  1.60160160    -0.24560676
  1.70170170    -0.23481411
  1.80180180    -0.22421821
  1.90190190    -0.21381836
  2.00200200    -0.20361383
  2.10210210    -0.19360385
  2.20220220    -0.18378760
  2.30230230    -0.17416422
  2.40240240    -0.16473283
  2.50250250    -0.15549249
  2.60260260    -0.14644222
  2.70270270    -0.13758101
  2.80280280    -0.12890782
  2.90290290    -0.12042157
  3.00300300    -0.11212112
  3.10310310    -0.10400532
  3.20320320    -0.09607297
  3.30330330    -0.08832284
  3.40340340    -0.08075368
  3.50350350    -0.07336417
  3.60360360    -0.06615300
  3.70370370    -0.05911878
  3.80380380    -0.05226014
  3.90390390    -0.04557563
  4.00400400    -0.03906379
  4.10410410    -0.03272315
  4.20420420    -0.02655218
  4.30430430    -0.02054932
  4.40440440    -0.01471302
  4.50450450    -0.00904165
  4.60460460    -0.00353359
  4.70470470     0.00181280
  4.80480480     0.00699923
  4.90490490     0.01202739
  5.00500501     0.01689900
  5.10510511     0.02161583
  5.20520521     0.02617965
  5.30530531     0.03059226
  5.40540541     0.03485546
  5.50550551     0.03897110
  5.60560561     0.04294103
  5.70570571     0.04676712
  5.80580581     0.05045127
  5.90590591     0.05399539
  6.00600601     0.05740139
  6.10610611     0.06067121
  6.20620621     0.06380681
  6.30630631     0.06681014
  6.40640641     0.06968320
  6.50650651     0.07242797
  6.60660661     0.07504644
  6.70670671     0.07754063
  6.80680681     0.07991255
  6.90690691     0.08216424
  7.00700701     0.08429773
  7.10710711     0.08631505
  7.20720721     0.08821827
  7.30730731     0.09000942
  7.40740741     0.09169057
  7.50750751     0.09326377
  7.60760761     0.09473109
  7.70770771     0.09609460
  7.80780781     0.09735635
  7.90790791     0.09851841
  8.00800801     0.09958285
  8.10810811     0.10055172
  8.20820821     0.10142710
  8.30830831     0.10221104
  8.40840841     0.10290558
  8.50850851     0.10351279
  8.60860861     0.10403471
  8.70870871     0.10447337
  8.80880881     0.10483081
  8.90890891     0.10510905
  9.00900901     0.10531011
  9.10910911     0.10543599
  9.20920921     0.10548869
  9.30930931     0.10547021
  9.40940941     0.10538251
  9.50950951     0.10522757
  9.60960961     0.10500733
  9.70970971     0.10472374
  9.80980981     0.10437872
  9.90990991     0.10397419
 10.01001001     0.10351204
 10.11011011     0.10299416
 10.21021021     0.10242242
 10.31031031     0.10179866
 10.41041041     0.10112472
 10.51051051     0.10040242
 10.61061061     0.09963356
 10.71071071     0.09881991
 10.81081081     0.09796324
 10.91091091     0.09706529
 11.01101101     0.09612779
 11.11111111     0.09515242
 11.21121121     0.09414089
 11.31131131     0.09309483
 11.41141141     0.09201591
 11.51151151     0.09090572
 11.61161161     0.08976587
 11.71171171     0.08859793
 11.81181181     0.08740344
 11.91191191     0.08618393
 12.01201201     0.08494091
 12.11211211     0.08367585
 12.21221221     0.08239021
 12.31231231     0.08108541
 12.41241241     0.07976286
 12.51251251     0.07842394
 12.61261261     0.07707001
 12.71271271     0.07570239
 12.81281281     0.07432240
 12.91291291     0.07293130
 13.01301301     0.07153035
 13.11311311     0.07012078
 13.21321321     0.06870378
 13.31331331     0.06728054
 13.41341341     0.06585220
 13.51351351     0.06441989
 13.61361361     0.06298469
 13.71371371     0.06154768
 13.81381381     0.06010991
 13.91391391     0.05867238
 14.01401401     0.05723609
 14.11411411     0.05580201
 14.21421421     0.05437106
 14.31431431     0.05294416
 14.41441441     0.05152220
 14.51451451     0.05010603
 14.61461461     0.04869648
 14.71471471     0.04729437
 14.81481481     0.04590047
 14.91491491     0.04451553
 15.01501502     0.04314028
 15.11511512     0.04177544
 15.21521522     0.04042166
 15.31531532     0.03907962
 15.41541542     0.03774992
 15.51551552     0.03643319
 15.61561562     0.03512998
 15.71571572     0.03384086
 15.81581582     0.03256636
 15.91591592     0.03130698
 16.01601602     0.03006320
 16.11611612     0.02883548
 16.21621622     0.02762425
 16.31631632     0.02642993
 16.41641642     0.02525290
 16.51651652     0.02409353
 16.61661662     0.02295216
 16.71671672     0.02182912
 16.81681682     0.02072471
 16.91691692     0.01963919
 17.01701702     0.01857285
 17.11711712     0.01752590
 17.21721722     0.01649858
 17.31731732     0.01549107
 17.41741742     0.01450355
 17.51751752     0.01353619
 17.61761762     0.01258913
 17.71771772     0.01166248
 17.81781782     0.01075635
 17.91791792     0.00987083
 18.01801802     0.00900598
 18.11811812     0.00816185
 18.21821822     0.00733849
 18.31831832     0.00653590
 18.41841842     0.00575410
 18.51851852     0.00499306
 18.61861862     0.00425277
 18.71871872     0.00353317
 18.81881882     0.00283422
 18.91891892     0.00215584
 19.01901902     0.00149794
 19.11911912     0.00086044
 19.21921922     0.00024321
 19.31931932    -0.00035386
 19.41941942    -0.00093090
 19.51951952    -0.00148806
 19.61961962    -0.00202551
 19.71971972    -0.00254340
 19.81981982    -0.00304191
 19.91991992    -0.00352123
 20.02002002    -0.00398157
 20.12012012    -0.00442312
 20.22022022    -0.00484609
 20.32032032    -0.00525073
 20.42042042    -0.00563725
 20.52052052    -0.00600589
 20.62062062    -0.00635690
 20.72072072    -0.00669054
 20.82082082    -0.00700707
 20.92092092    -0.00730675
 21.02102102    -0.00758984
 21.12112112    -0.00785664
 21.22122122    -0.00810743
 21.32132132    -0.00834248
 21.42142142    -0.00856209
 21.52152152    -0.00876656
 21.62162162    -0.00895619
 21.72172172    -0.00913128
 21.82182182    -0.00929213
 21.92192192    -0.00943905
 22.02202202    -0.00957237
 22.12212212    -0.00969238
 22.22222222    -0.00979940
 22.32232232    -0.00989375
 22.42242242    -0.00997575
 22.52252252    -0.01004572
 22.62262262    -0.01010398
 22.72272272    -0.01015084
 22.82282282    -0.01018662
 22.92292292    -0.01021166
 23.02302302    -0.01022626
 23.12312312    -0.01023074
 23.22322322    -0.01022543
 23.32332332    -0.01021064
 23.42342342    -0.01018668
 23.52352352    -0.01015387
 23.62362362    -0.01011253
 23.72372372    -0.01006296
 23.82382382    -0.01000547
 23.92392392    -0.00994037
 24.02402402    -0.00986797
 24.12412412    -0.00978855
 24.22422422    -0.00970242
 24.32432432    -0.00960988
 24.42442442    -0.00951122
 24.52452452    -0.00940671
 24.62462462    -0.00929666
 24.72472472    -0.00918134
 24.82482482    -0.00906103
 24.92492492    -0.00893600
 25.02502503    -0.00880651
 25.12512513    -0.00867285
 25.22522523    -0.00853525
 25.32532533    -0.00839399
 25.42542543    -0.00824932
 25.52552553    -0.00810148
 25.62562563    -0.00795071
 25.72572573    -0.00779725
 25.82582583    -0.00764133
 25.92592593    -0.00748319
 26.02602603    -0.00732305
 26.12612613    -0.00716112
 26.22622623    -0.00699762
 26.32632633    -0.00683276
 26.42642643    -0.00666674
 26.52652653    -0.00649975
 26.62662663    -0.00633199
 26.72672673    -0.00616365
 26.82682683    -0.00599491
 26.92692693    -0.00582595
 27.02702703    -0.00565693
 27.12712713    -0.00548803
 27.22722723    -0.00531941
 27.32732733    -0.00515122
 27.42742743    -0.00498361
 27.52752753    -0.00481673
 27.62762763    -0.00465071
 27.72772773    -0.00448570
 27.82782783    -0.00432183
 27.92792793    -0.00415921
 28.02802803    -0.00399797
 28.12812813    -0.00383823
 28.22822823    -0.00368008
 28.32832833    -0.00352365
 28.42842843    -0.00336902
 28.52852853    -0.00321629
 28.62862863    -0.00306556
 28.72872873    -0.00291690
 28.82882883    -0.00277040
 28.92892893    -0.00262614
 29.02902903    -0.00248418
 29.12912913    -0.00234460
 29.22922923    -0.00220745
 29.32932933    -0.00207279
 29.42942943    -0.00194068
 29.52952953    -0.00181117
 29.62962963    -0.00168430
 29.72972973    -0.00156012
 29.82982983    -0.00143865
 29.92992993    -0.00131994
 30.03003003    -0.00120402
 30.13013013    -0.00109091
 30.23023023    -0.00098063
 30.33033033    -0.00087321
 30.43043043    -0.00076865
 30.53053053    -0.00066697
 30.63063063    -0.00056818
 30.73073073    -0.00047229
 30.83083083    -0.00037929
 30.93093093    -0.00028919
 31.03103103    -0.00020198
 31.13113113    -0.00011766
 31.23123123    -0.00003621
 31.33133133     0.00004237
 31.43143143     0.00011809
 31.53153153     0.00019099
 31.63163163     0.00026106
 31.73173173     0.00032834
 31.83183183     0.00039286
 31.93193193     0.00045462
 32.03203203     0.00051367
 32.13213213     0.00057003
 32.23223223     0.00062373
 32.33233233     0.00067481
 32.43243243     0.00072330
 32.53253253     0.00076924
 32.63263263     0.00081266
 32.73273273     0.00085361
 32.83283283     0.00089212
 32.93293293     0.00092824
 33.03303303     0.00096201
 33.13313313     0.00099347
 33.23323323     0.00102268
 33.33333333     0.00104967
 33.43343343     0.00107449
 33.53353353     0.00109719
 33.63363363     0.00111781
 33.73373373     0.00113642
 33.83383383     0.00115305
 33.93393393     0.00116776
 34.03403403     0.00118059
 34.13413413     0.00119161
 34.23423423     0.00120085
 34.33433433     0.00120837
 34.43443443     0.00121422
 34.53453453     0.00121845
 34.63463463     0.00122112
 34.73473473     0.00122227
 34.83483483     0.00122196
 34.93493493     0.00122024
 35.03503504     0.00121716
 35.13513514     0.00121278
 35.23523524     0.00120713
 35.33533534     0.00120027
 35.43543544     0.00119226
 35.53553554     0.00118314
 35.63563564     0.00117296
 35.73573574     0.00116177
 35.83583584     0.00114962
 35.93593594     0.00113656
 36.03603604     0.00112263
 36.13613614     0.00110787
 36.23623624     0.00109235
 36.33633634     0.00107609
 36.43643644     0.00105915
 36.53653654     0.00104157
 36.63663664     0.00102339
 36.73673674     0.00100466
 36.83683684     0.00098541
 36.93693694     0.00096569
 37.03703704     0.00094554
 37.13713714     0.00092499
 37.23723724     0.00090408
 37.33733734     0.00088285
 37.43743744     0.00086134
 37.53753754     0.00083958
 37.63763764     0.00081761
 37.73773774     0.00079546
 37.83783784     0.00077316
 37.93793794     0.00075075
 38.03803804     0.00072825
 38.13813814     0.00070570
 38.23823824     0.00068312
 38.33833834     0.00066054
 38.43843844     0.00063799
 38.53853854     0.00061549
 38.63863864     0.00059308
 38.73873874     0.00057076
 38.83883884     0.00054857
 38.93893894     0.00052654
 39.03903904     0.00050467
 39.13913914     0.00048299
 39.23923924     0.00046152
 39.33933934     0.00044028
 39.43943944     0.00041928
 39.53953954     0.00039855
 39.63963964     0.00037809
 39.73973974     0.00035793
 39.83983984     0.00033807
 39.93993994     0.00031854
 40.04004004     0.00029933
 40.14014014     0.00028047
 40.24024024     0.00026197
 40.34034034     0.00024383
 40.44044044     0.00022606
 40.54054054     0.00020867
 40.64064064     0.00019168
 40.74074074     0.00017508
 40.84084084     0.00015888
 40.94094094     0.00014309
 41.04104104     0.00012771
 41.14114114     0.00011275
 41.24124124     0.00009821
 41.34134134     0.00008410
 41.44144144     0.00007041
 41.54154154     0.00005715
 41.64164164     0.00004431
 41.74174174     0.00003190
 41.84184184     0.00001992
 41.94194194     0.00000837
 42.04204204    -0.00000275
 42.14214214    -0.00001345
 42.24224224    -0.00002372
 42.34234234    -0.00003358
 42.44244244    -0.00004301
 42.54254254    -0.00005204
 42.64264264    -0.00006065
 42.74274274    -0.00006885
 42.84284284    -0.00007666
 42.94294294    -0.00008406
 43.04304304    -0.00009108
 43.14314314    -0.00009771
 43.24324324    -0.00010395
 43.34334334    -0.00010982
 43.44344344    -0.00011533
 43.54354354    -0.00012047
 43.64364364    -0.00012525
 43.74374374    -0.00012969
 43.84384384    -0.00013379
 43.94394394    -0.00013755
 44.04404404    -0.00014099
 44.14414414    -0.00014410
 44.24424424    -0.00014691
 44.34434434    -0.00014941
 44.44444444    -0.00015162
 44.54454454    -0.00015354
 44.64464464    -0.00015518
 44.74474474    -0.00015655
 44.84484484    -0.00015766
 44.94494494    -0.00015852
 45.04504505    -0.00015913
 45.14514515    -0.00015950
 45.24524525    -0.00015964
 45.34534535    -0.00015956
 45.44544545    -0.00015927
 45.54554555    -0.00015877
 45.64564565    -0.00015808
 45.74574575    -0.00015720
 45.84584585    -0.00015615
 45.94594595    -0.00015492
 46.04604605    -0.00015352
 46.14614615    -0.00015198
 46.24624625    -0.00015028
 46.34634635    -0.00014845
 46.44644645    -0.00014648
 46.54654655    -0.00014439
 46.64664665    -0.00014218
 46.74674675    -0.00013986
 46.84684685    -0.00013744
 46.94694695    -0.00013493
 47.04704705    -0.00013233
 47.14714715    -0.00012964
 47.24724725    -0.00012688
 47.34734735    -0.00012406
 47.44744745    -0.00012117
 47.54754755    -0.00011822
 47.64764765    -0.00011523
 47.74774775    -0.00011219
 47.84784785    -0.00010912
 47.94794795    -0.00010601
 48.04804805    -0.00010288
 48.14814815    -0.00009973
 48.24824825    -0.00009656
 48.34834835    -0.00009337
 48.44844845    -0.00009019
 48.54854855    -0.00008700
 48.64864865    -0.00008381
 48.74874875    -0.00008063
 48.84884885    -0.00007746
 48.94894895    -0.00007431
 49.04904905    -0.00007117
 49.14914915    -0.00006806
 49.24924925    -0.00006497
 49.34934935    -0.00006192
 49.44944945    -0.00005889
 49.54954955    -0.00005590
 49.64964965    -0.00005295
 49.74974975    -0.00005004
 49.84984985    -0.00004717
 49.94994995    -0.00004435
 50.05005005    -0.00004158
 50.15015015    -0.00003885
 50.25025025    -0.00003618
 50.35035035    -0.00003356
 50.45045045    -0.00003100
 50.55055055    -0.00002849
 50.65065065    -0.00002605
 50.75075075    -0.00002366
 50.85085085    -0.00002133
 50.95095095    -0.00001906
 51.05105105    -0.00001686
 51.15115115    -0.00001471
 51.25125125    -0.00001264
 51.35135135    -0.00001062
 51.45145145    -0.00000867
 51.55155155    -0.00000679
 51.65165165    -0.00000497
 51.75175175    -0.00000321
 51.85185185    -0.00000152
 51.95195195     0.00000010
 52.05205205     0.00000166
 52.15215215     0.00000316
 52.25225225     0.00000459
 52.35235235     0.00000596
 52.45245245     0.00000726
 52.55255255     0.00000850
 52.65265265     0.00000968
 52.75275275     0.00001080
 52.85285285     0.00001186
 52.95295295     0.00001285
 53.05305305     0.00001379
 53.15315315     0.00001467
 53.25325325     0.00001550
 53.35335335     0.00001626
 53.45345345     0.00001698
 53.55355355     0.00001764
 53.65365365     0.00001824
 53.75375375     0.00001880
 53.85385385     0.00001930
 53.95395395     0.00001976
 54.05405405     0.00002017
 54.15415415     0.00002053
 54.25425425     0.00002084
 54.35435435     0.00002112
 54.45445445     0.00002134
 54.55455455     0.00002153
 54.65465465     0.00002168
 54.75475475     0.00002179
 54.85485485     0.00002186
 54.95495495     0.00002190
 55.05505506     0.00002190
 55.15515516     0.00002187
 55.25525526     0.00002181
 55.35535536     0.00002171
 55.45545546     0.00002159
 55.55555556     0.00002144
 55.65565566     0.00002126
 55.75575576     0.00002106
 55.85585586     0.00002083
 55.95595596     0.00002058
 56.05605606     0.00002031
 56.15615616     0.00002002
 56.25625626     0.00001971
 56.35635636     0.00001938
 56.45645646     0.00001904
 56.55655656     0.00001868
 56.65665666     0.00001831
 56.75675676     0.00001792
 56.85685686     0.00001752
 56.95695696     0.00001712
 57.05705706     0.00001670
 57.15715716     0.00001627
 57.25725726     0.00001583
 57.35735736     0.00001539
 57.45745746     0.00001494
 57.55755756     0.00001449
 57.65765766     0.00001404
 57.75775776     0.00001358
 57.85785786     0.00001311
 57.95795796     0.00001265
 58.05805806     0.00001218
 58.15815816     0.00001172
 58.25825826     0.00001126
 58.35835836     0.00001079
 58.45845846     0.00001033
 58.55855856     0.00000987
 58.65865866     0.00000942
 58.75875876     0.00000897
 58.85885886     0.00000852
 58.95895896     0.00000808
 59.05905906     0.00000765
 59.15915916     0.00000721
 59.25925926     0.00000679
 59.35935936     0.00000637
 59.45945946     0.00000596
 59.55955956     0.00000556
 59.65965966     0.00000517
 59.75975976     0.00000478
 59.85985986     0.00000440
 59.95995996     0.00000403
 60.06006006     0.00000367
 60.16016016     0.00000332
 60.26026026     0.00000297
 60.36036036     0.00000264
 60.46046046     0.00000232
 60.56056056     0.00000200
 60.66066066     0.00000170
 60.76076076     0.00000140
 60.86086086     0.00000112
 60.96096096     0.00000084
 61.06106106     0.00000058
 61.16116116     0.00000032
 61.26126126     0.00000008
 61.36136136    -0.00000016
 61.46146146    -0.00000038
 61.56156156    -0.00000060
 61.66166166    -0.00000080
 61.76176176    -0.00000100
 61.86186186    -0.00000118
 61.96196196    -0.00000136
 62.06206206    -0.00000152
 62.16216216    -0.00000168
 62.26226226    -0.00000183
 62.36236236    -0.00000197
 62.46246246    -0.00000210
 62.56256256    -0.00000222
 62.66266266    -0.00000233
 62.76276276    -0.00000243
 62.86286286    -0.00000253
 62.96296296    -0.00000261
 63.06306306    -0.00000269
 63.16316316    -0.00000276
 63.26326326    -0.00000283
 63.36336336    -0.00000289
 63.46346346    -0.00000293
 63.56356356    -0.00000298
 63.66366366    -0.00000301
 63.76376376    -0.00000304
 63.86386386    -0.00000307
 63.96396396    -0.00000308
 64.06406406    -0.00000309
 64.16416416    -0.00000310
 64.26426426    -0.00000310
 64.36436436    -0.00000310
 64.46446446    -0.00000309
 64.56456456    -0.00000307
 64.66466466    -0.00000305
 64.76476476    -0.00000303
 64.86486486    -0.00000300
 64.96496496    -0.00000297
 65.06506507    -0.00000294
 65.16516517    -0.00000290
 65.26526527    -0.00000286
 65.36536537    -0.00000281
 65.46546547    -0.00000276
 65.56556557    -0.00000271
 65.66566567    -0.00000266
 65.76576577    -0.00000261
 65.86586587    -0.00000255
 65.96596597    -0.00000249
 66.06606607    -0.00000243
 66.16616617    -0.00000237
 66.26626627    -0.00000230
 66.36636637    -0.00000224
 66.46646647    -0.00000217
 66.56656657    -0.00000211
 66.66666667    -0.00000204
 66.76676677    -0.00000197
 66.86686687    -0.00000190
 66.96696697    -0.00000183
 67.06706707    -0.00000177
 67.16716717    -0.00000170
 67.26726727    -0.00000163
 67.36736737    -0.00000156
 67.46746747    -0.00000149
 67.56756757    -0.00000142
 67.66766767    -0.00000135
 67.76776777    -0.00000129
 67.86786787    -0.00000122
 67.96796797    -0.00000115
 68.06806807    -0.00000109
 68.16816817    -0.00000103
 68.26826827    -0.00000096
 68.36836837    -0.00000090
 68.46846847    -0.00000084
 68.56856857    -0.00000078
 68.66866867    -0.00000072
 68.76876877    -0.00000066
 68.86886887    -0.00000061
 68.96896897    -0.00000055
 69.06906907    -0.00000050
 69.16916917    -0.00000045
 69.26926927    -0.00000040
 69.36936937    -0.00000035
 69.46946947    -0.00000030
 69.56956957    -0.00000025
 69.66966967    -0.00000021
 69.76976977    -0.00000017
 69.86986987    -0.00000013
 69.96996997    -0.00000009
 70.07007007    -0.00000005
 70.17017017    -0.00000001
 70.27027027     0.00000003
 70.37037037     0.00000006
 70.47047047     0.00000009
 70.57057057     0.00000012
 70.67067067     0.00000015
 70.77077077     0.00000018
 70.87087087     0.00000020
 70.97097097     0.00000023
 71.07107107     0.00000025
 71.17117117     0.00000027
 71.27127127     0.00000029
 71.37137137     0.00000031
 71.47147147     0.00000033
 71.57157157     0.00000035
 71.67167167     0.00000036
 71.77177177     0.00000037
 71.87187187     0.00000039
 71.97197197     0.00000040
 72.07207207     0.00000041
 72.17217217     0.00000042
 72.27227227     0.00000042
 72.37237237     0.00000043
 72.47247247     0.00000044
 72.57257257     0.00000044
 72.67267267     0.00000044
 72.77277277     0.00000045
 72.87287287     0.00000045
 72.97297297     0.00000045
 73.07307307     0.00000045
 73.17317317     0.00000045
 73.27327327     0.00000045
 73.37337337     0.00000044
 73.47347347     0.00000044
 73.57357357     0.00000044
 73.67367367     0.00000043
 73.77377377     0.00000043
 73.87387387     0.00000042
 73.97397397     0.00000042
 74.07407407     0.00000041
 74.17417417     0.00000040
 74.27427427     0.00000039
 74.37437437     0.00000039
 74.47447447     0.00000038
 74.57457457     0.00000037
 74.67467467     0.00000036
 74.77477477     0.00000035
 74.87487487     0.00000034
 74.97497497     0.00000033
 75.07507508     0.00000032
 75.17517518     0.00000031
 75.27527528     0.00000030
 75.37537538     0.00000029
 75.47547548     0.00000028
 75.57557558     0.00000027
 75.67567568     0.00000026
 75.77577578     0.00000025
 75.87587588     0.00000024
 75.97597598     0.00000023
 76.07607608     0.00000022
 76.17617618     0.00000021
 76.27627628     0.00000020
 76.37637638     0.00000019
 76.47647648     0.00000018
 76.57657658     0.00000017
 76.67667668     0.00000016
 76.77677678     0.00000015
 76.87687688     0.00000014
 76.97697698     0.00000013
 77.07707708     0.00000012
 77.17717718     0.00000011
 77.27727728     0.00000010
 77.37737738     0.00000010
 77.47747748     0.00000009
 77.57757758     0.00000008
 77.67767768     0.00000007
 77.77777778     0.00000006
 77.87787788     0.00000006
 77.97797798     0.00000005
 78.07807808     0.00000004
 78.17817818     0.00000003
 78.27827828     0.00000003
 78.37837838     0.00000002
 78.47847848     0.00000002
 78.57857858     0.00000001
 78.67867868     0.00000000
 78.77877878    -0.00000000
 78.87887888    -0.00000001
 78.97897898    -0.00000001
 79.07907908    -0.00000002
 79.17917918    -0.00000002
 79.27927928    -0.00000003
 79.37937938    -0.00000003
 79.47947948    -0.00000003
 79.57957958    -0.00000004
 79.67967968    -0.00000004
 79.77977978    -0.00000004
 79.87987988    -0.00000005
 79.97997998    -0.00000005
 80.08008008    -0.00000005
 80.18018018    -0.00000005
 80.28028028    -0.00000006
 80.38038038    -0.00000006
 80.48048048    -0.00000006
 80.58058058    -0.00000006
 80.68068068    -0.00000006
 80.78078078    -0.00000006
 80.88088088    -0.00000006
 80.98098098    -0.00000006
 81.08108108    -0.00000006
 81.18118118    -0.00000007
 81.28128128    -0.00000007
 81.38138138    -0.00000007
 81.48148148    -0.00000007
 81.58158158    -0.00000007
 81.68168168    -0.00000007
 81.78178178    -0.00000007
 81.88188188    -0.00000006
 81.98198198    -0.00000006
 82.08208208    -0.00000006
 82.18218218    -0.00000006
 82.28228228    -0.00000006
 82.38238238    -0.00000006
 82.48248248    -0.00000006
 82.58258258    -0.00000006
 82.68268268    -0.00000006
 82.78278278    -0.00000006
 82.88288288    -0.00000006
 82.98298298    -0.00000005
 83.08308308    -0.00000005
 83.18318318    -0.00000005
 83.28328328    -0.00000005
 83.38338338    -0.00000005
 83.48348348    -0.00000005
 83.58358358    -0.00000005
 83.68368368    -0.00000004
 83.78378378    -0.00000004
 83.88388388    -0.00000004
 83.98398398    -0.00000004
 84.08408408    -0.00000004
 84.18418418    -0.00000004
 84.28428428    -0.00000003
 84.38438438    -0.00000003
 84.48448448    -0.00000003
 84.58458458    -0.00000003
 84.68468468    -0.00000003
 84.78478478    -0.00000003
 84.88488488    -0.00000003
 84.98498498    -0.00000002
 85.08508509    -0.00000002
 85.18518519    -0.00000002
 85.28528529    -0.00000002
 85.38538539    -0.00000002
 85.48548549    -0.00000002
 85.58558559    -0.00000002
 85.68568569    -0.00000001
 85.78578579    -0.00000001
 85.88588589    -0.00000001
 85.98598599    -0.00000001
 86.08608609    -0.00000001
 86.18618619    -0.00000001
 86.28628629    -0.00000001
 86.38638639    -0.00000001
 86.48648649    -0.00000000
 86.58658659    -0.00000000
 86.68668669    -0.00000000
 86.78678679    -0.00000000
 86.88688689    -0.00000000
 86.98698699    -0.00000000
 87.08708709     0.00000000
 87.18718719     0.00000000
 87.28728729     0.00000000
 87.38738739     0.00000000
 87.48748749     0.00000000
 87.58758759     0.00000000
 87.68768769     0.00000000
 87.78778779     0.00000001
 87.88788789     0.00000001
 87.98798799     0.00000001
 88.08808809     0.00000001
 88.18818819     0.00000001
 88.28828829     0.00000001
 88.38838839     0.00000001
 88.48848849     0.00000001
 88.58858859     0.00000001
 88.68868869     0.00000001
 88.78878879     0.00000001
 88.88888889     0.00000001
 88.98898899     0.00000001
 89.08908909     0.00000001
 89.18918919     0.00000001
 89.28928929     0.00000001
 89.38938939     0.00000001
 89.48948949     0.00000001
 89.58958959     0.00000001
 89.68968969     0.00000001
 89.78978979     0.00000001
 89.88988989     0.00000001
 89.98998999     0.00000001
 90.09009009     0.00000001
 90.19019019     0.00000001
 90.29029029     0.00000001
 90.39039039     0.00000001
 90.49049049     0.00000001
 90.59059059     0.00000001
 90.69069069     0.00000001
 90.79079079     0.00000001
 90.89089089     0.00000001
 90.99099099     0.00000001
 91.09109109     0.00000001
 91.19119119     0.00000001
 91.29129129     0.00000001
 91.39139139     0.00000001
 91.49149149     0.00000001
 91.59159159     0.00000001
 91.69169169     0.00000001
 91.79179179     0.00000001
 91.89189189     0.00000001
 91.99199199     0.00000001
 92.09209209     0.00000001
 92.19219219     0.00000001
 92.29229229     0.00000001
 92.39239239     0.00000001
 92.49249249     0.00000000
 92.59259259     0.00000000
 92.69269269     0.00000000
 92.79279279     0.00000000
 92.89289289     0.00000000
 92.99299299     0.00000000
 93.09309309     0.00000000
 93.19319319     0.00000000
 93.29329329     0.00000000
 93.39339339     0.00000000
 93.49349349     0.00000000
 93.59359359     0.00000000
 93.69369369     0.00000000
 93.79379379     0.00000000
 93.89389389     0.00000000
 93.99399399     0.00000000
 94.09409409     0.00000000
 94.19419419     0.00000000
 94.29429429     0.00000000
 94.39439439     0.00000000
 94.49449449     0.00000000
 94.59459459     0.00000000
 94.69469469     0.00000000
 94.79479479     0.00000000
 94.89489489     0.00000000
 94.99499499     0.00000000
 95.09509510     0.00000000
 95.19519520     0.00000000
 95.29529530     0.00000000
 95.39539540     0.00000000
 95.49549550    -0.00000000
 95.59559560    -0.00000000
 95.69569570    -0.00000000
 95.79579580    -0.00000000
 95.89589590    -0.00000000
 95.99599600    -0.00000000
 96.09609610    -0.00000000
 96.19619620    -0.00000000
 96.29629630    -0.00000000
 96.39639640    -0.00000000
 96.49649650    -0.00000000
 96.59659660    -0.00000000
 96.69669670    -0.00000000
 96.79679680    -0.00000000
 96.89689690    -0.00000000
 96.99699700    -0.00000000
 97.09709710    -0.00000000
 97.19719720    -0.00000000
 97.29729730    -0.00000000
 97.39739740    -0.00000000
 97.49749750    -0.00000000
 97.59759760    -0.00000000
 97.69769770    -0.00000000
 97.79779780    -0.00000000
 97.89789790    -0.00000000
 97.99799800    -0.00000000
 98.09809810    -0.00000000
 98.19819820    -0.00000000
 98.29829830    -0.00000000
 98.39839840    -0.00000000
 98.49849850    -0.00000000
 98.59859860    -0.00000000
 98.69869870    -0.00000000
 98.79879880    -0.00000000
 98.89889890    -0.00000000
 98.99899900    -0.00000000
 99.09909910    -0.00000000
 99.19919920    -0.00000000
 99.29929930    -0.00000000
 99.39939940    -0.00000000
 99.49949950    -0.00000000
 99.59959960    -0.00000000
 99.69969970     0.00000000
 99.79979980     0.00000000
 99.89989990     0.00000000
100.00000000     0.00000000
