0.000000000E+00  0.0
1.001001001E-01  0.0
2.002002002E-01  0.0
3.003003003E-01  0.0
4.004004004E-01  0.0
5.005005005E-01  0.0
6.006006006E-01  0.0
7.007007007E-01  0.0
8.008008008E-01  0.0
9.009009009E-01  0.0
1.001001001E+00  0.0
1.101101101E+00  0.0
1.201201201E+00  0.0
1.301301301E+00  0.0
1.401401401E+00  0.0
1.501501502E+00  0.0
1.601601602E+00  0.0
1.701701702E+00  0.0
1.801801802E+00  0.0
1.901901902E+00  0.0
2.002002002E+00  0.0
2.102102102E+00  0.0
2.202202202E+00  0.0
2.302302302E+00  0.0
2.402402402E+00  0.0
2.502502503E+00  0.0
2.602602603E+00  0.0
2.702702703E+00  0.0
2.802802803E+00  0.0
2.902902903E+00  0.0
3.003003003E+00  0.0
3.103103103E+00  0.0
3.203203203E+00  0.0
3.303303303E+00  0.0
3.403403403E+00  0.0
3.503503504E+00  0.0
3.603603604E+00  0.0
3.703703704E+00  0.0
3.803803804E+00  0.0
3.903903904E+00  0.0
4.004004004E+00  0.0
4.104104104E+00  0.0
4.204204204E+00  0.0
4.304304304E+00  0.0
4.404404404E+00  0.0
4.504504505E+00  0.0
4.604604605E+00  0.0
4.704704705E+00  0.0
4.804804805E+00  0.0
4.904904905E+00  0.0
5.005005005E+00  0.0
5.105105105E+00  0.0
5.205205205E+00  0.0
5.305305305E+00  0.0
5.405405405E+00  0.0
5.505505506E+00  0.0
5.605605606E+00  0.0
5.705705706E+00  0.0
5.805805806E+00  0.0
5.905905906E+00  0.0
6.006006006E+00  0.0
6.106106106E+00  0.0
6.206206206E+00  0.0
6.306306306E+00  0.0
6.406406406E+00  0.0
6.506506507E+00  0.0
6.606606607E+00  0.0
6.706706707E+00  0.0
6.806806807E+00  0.0
6.906906907E+00  0.0
7.007007007E+00  0.0
7.107107107E+00  0.0
7.207207207E+00  0.0
7.307307307E+00  0.0
7.407407407E+00  0.0
7.507507508E+00  0.0
7.607607608E+00  0.0
7.707707708E+00  0.0
7.807807808E+00  0.0
7.907907908E+00  0.0
8.008008008E+00  0.0
8.108108108E+00  0.0
8.208208208E+00  0.0
8.308308308E+00  0.0
8.408408408E+00  0.0
8.508508509E+00  0.0
8.608608609E+00  0.0
8.708708709E+00  0.0
8.808808809E+00  0.0
8.908908909E+00  0.0
9.009009009E+00  0.0
9.109109109E+00  0.0
9.209209209E+00  0.0
9.309309309E+00  0.0
9.409409409E+00  0.0
9.509509510E+00  0.0
9.609609610E+00  0.0
9.709709710E+00  0.0
9.809809810E+00  0.0
9.909909910E+00  0.0
1.001001001E+01  0.0
1.011011011E+01  0.0
1.021021021E+01  0.0
1.031031031E+01  0.0
1.041041041E+01  0.0
1.051051051E+01  0.0
1.061061061E+01  0.0
1.071071071E+01  0.0
1.081081081E+01  0.0
1.091091091E+01  0.0
1.101101101E+01  0.0
1.111111111E+01  0.0
1.121121121E+01  0.0
1.131131131E+01  0.0
1.141141141E+01  0.0
1.151151151E+01  0.0
1.161161161E+01  0.0
1.171171171E+01  0.0
1.181181181E+01  0.0
1.191191191E+01  0.0
1.201201201E+01  0.0
1.211211211E+01  0.0
1.221221221E+01  0.0
1.231231231E+01  0.0
1.241241241E+01  0.0
1.251251251E+01  0.0
1.261261261E+01  0.0
1.271271271E+01  0.0
1.281281281E+01  0.0
1.291291291E+01  0.0
1.301301301E+01  0.0
1.311311311E+01  0.0
1.321321321E+01  0.0
1.331331331E+01  0.0
1.341341341E+01  0.0
1.351351351E+01  0.0
1.361361361E+01  0.0
1.371371371E+01  0.0
1.381381381E+01  0.0
1.391391391E+01  0.0
1.401401401E+01  0.0
1.411411411E+01  0.0
1.421421421E+01  0.0
1.431431431E+01  0.0
1.441441441E+01  0.0
1.451451451E+01  0.0
1.461461461E+01  0.0
1.471471471E+01  0.0
1.481481481E+01  0.0
1.491491491E+01  0.0
1.501501502E+01  0.0
1.511511512E+01  0.0
1.521521522E+01  0.0
1.531531532E+01  0.0
1.541541542E+01  0.0
1.551551552E+01  0.0
1.561561562E+01  0.0
1.571571572E+01  0.0
1.581581582E+01  0.0
1.591591592E+01  0.0
1.601601602E+01  0.0
1.611611612E+01  0.0
1.621621622E+01  0.0
1.631631632E+01  0.0
1.641641642E+01  0.0
1.651651652E+01  0.0
1.661661662E+01  0.0
1.671671672E+01  0.0
1.681681682E+01  0.0
1.691691692E+01  0.0
1.701701702E+01  0.0
1.711711712E+01  0.0
1.721721722E+01  0.0
1.731731732E+01  0.0
1.741741742E+01  0.0
1.751751752E+01  0.0
1.761761762E+01  0.0
1.771771772E+01  0.0
1.781781782E+01  0.0
1.791791792E+01  0.0
1.801801802E+01  0.0
1.811811812E+01  0.0
1.821821822E+01  0.0
1.831831832E+01  0.0
1.841841842E+01  0.0
1.851851852E+01  0.0
1.861861862E+01  0.0
1.871871872E+01  0.0
1.881881882E+01  0.0
1.891891892E+01  0.0
1.901901902E+01  0.0
1.911911912E+01  0.0
1.921921922E+01  0.0
1.931931932E+01  0.0
1.941941942E+01  0.0
1.951951952E+01  0.0
1.961961962E+01  0.0
1.971971972E+01  0.0
1.981981982E+01  0.0
1.991991992E+01  0.0
2.002002002E+01  0.0
2.012012012E+01  0.0
2.022022022E+01  0.0
2.032032032E+01  0.0
2.042042042E+01  0.0
2.052052052E+01  0.0
2.062062062E+01  0.0
2.072072072E+01  0.0
2.082082082E+01  0.0
2.092092092E+01  0.0
2.102102102E+01  0.0
2.112112112E+01  0.0
2.122122122E+01  0.0
2.132132132E+01  0.0
2.142142142E+01  0.0
2.152152152E+01  0.0
2.162162162E+01  0.0
2.172172172E+01  0.0
2.182182182E+01  0.0
2.192192192E+01  0.0
2.202202202E+01  0.0
2.212212212E+01  0.0
2.222222222E+01  0.0
2.232232232E+01  0.0
2.242242242E+01  0.0
2.252252252E+01  0.0
2.262262262E+01  0.0
2.272272272E+01  0.0
2.282282282E+01  0.0
2.292292292E+01  0.0
2.302302302E+01  0.0
2.312312312E+01  0.0
2.322322322E+01  0.0
2.332332332E+01  0.0
2.342342342E+01  0.0
2.352352352E+01  0.0
2.362362362E+01  0.0
2.372372372E+01  0.0
2.382382382E+01  0.0
2.392392392E+01  0.0
2.402402402E+01  0.0
2.412412412E+01  0.0
2.422422422E+01  0.0
2.432432432E+01  0.0
2.442442442E+01  0.0
2.452452452E+01  0.0
2.462462462E+01  0.0
2.472472472E+01  0.0
2.482482482E+01  0.0
2.492492492E+01  0.0
2.502502503E+01  0.0
2.512512513E+01  0.0
2.522522523E+01  0.0
2.532532533E+01  0.0
2.542542543E+01  0.0
2.552552553E+01  0.0
2.562562563E+01  0.0
2.572572573E+01  0.0
2.582582583E+01  0.0
2.592592593E+01  0.0
2.602602603E+01  0.0
2.612612613E+01  0.0
2.622622623E+01  0.0
2.632632633E+01  0.0
2.642642643E+01  0.0
2.652652653E+01  0.0
2.662662663E+01  0.0
2.672672673E+01  0.0
2.682682683E+01  0.0
2.692692693E+01  0.0
2.702702703E+01  0.0
2.712712713E+01  0.0
2.722722723E+01  0.0
2.732732733E+01  0.0
2.742742743E+01  0.0
2.752752753E+01  0.0
2.762762763E+01  0.0
2.772772773E+01  0.0
2.782782783E+01  0.0
2.792792793E+01  0.0
2.802802803E+01  0.0
2.812812813E+01  0.0
2.822822823E+01  0.0
2.832832833E+01  0.0
2.842842843E+01  0.0
2.852852853E+01  0.0
2.862862863E+01  0.0
2.872872873E+01  0.0
2.882882883E+01  0.0
2.892892893E+01  0.0
2.902902903E+01  0.0
2.912912913E+01  0.0
2.922922923E+01  0.0
2.932932933E+01  0.0
2.942942943E+01  0.0
2.952952953E+01  0.0
2.962962963E+01  0.0
2.972972973E+01  0.0
2.982982983E+01  0.0
2.992992993E+01  0.0
3.003003003E+01  0.0
3.013013013E+01  0.0
3.023023023E+01  0.0
3.033033033E+01  0.0
3.043043043E+01  0.0
3.053053053E+01  0.0
3.063063063E+01  0.0
3.073073073E+01  0.0
3.083083083E+01  0.0
3.093093093E+01  0.0
3.103103103E+01  0.0
3.113113113E+01  0.0
3.123123123E+01  0.0
3.133133133E+01  0.0
3.143143143E+01  0.0
3.153153153E+01  0.0
3.163163163E+01  0.0
3.173173173E+01  0.0
3.183183183E+01  0.0
3.193193193E+01  0.0
3.203203203E+01  0.0
3.213213213E+01  0.0
3.223223223E+01  0.0
3.233233233E+01  0.0
3.243243243E+01  0.0
3.253253253E+01  0.0
3.263263263E+01  0.0
3.273273273E+01  0.0
3.283283283E+01  0.0
3.293293293E+01  0.0
3.303303303E+01  0.0
3.313313313E+01  0.0
3.323323323E+01  0.0
3.333333333E+01  0.0
3.343343343E+01  0.0
3.353353353E+01  0.0
3.363363363E+01  0.0
3.373373373E+01  0.0
3.383383383E+01  0.0
3.393393393E+01  0.0
3.403403403E+01  0.0
3.413413413E+01  0.0
3.423423423E+01  0.0
3.433433433E+01  0.0
3.443443443E+01  0.0
3.453453453E+01  0.0
3.463463463E+01  0.0
3.473473473E+01  0.0
3.483483483E+01  0.0
3.493493493E+01  0.0
3.503503504E+01  0.0
3.513513514E+01  0.0
3.523523524E+01  0.0
3.533533534E+01  0.0
3.543543544E+01  0.0
3.553553554E+01  0.0
3.563563564E+01  0.0
3.573573574E+01  0.0
3.583583584E+01  0.0
3.593593594E+01  0.0
3.603603604E+01  0.0
3.613613614E+01  0.0
3.623623624E+01  0.0
3.633633634E+01  0.0
3.643643644E+01  0.0
3.653653654E+01  0.0
3.663663664E+01  0.0
3.673673674E+01  0.0
3.683683684E+01  0.0
3.693693694E+01  0.0
3.703703704E+01  0.0
3.713713714E+01  0.0
3.723723724E+01  0.0
3.733733734E+01  0.0
3.743743744E+01  0.0
3.753753754E+01  0.0
3.763763764E+01  0.0
3.773773774E+01  0.0
3.783783784E+01  0.0
3.793793794E+01  0.0
3.803803804E+01  0.0
3.813813814E+01  0.0
3.823823824E+01  0.0
3.833833834E+01  0.0
3.843843844E+01  0.0
3.853853854E+01  0.0
3.863863864E+01  0.0
3.873873874E+01  0.0
3.883883884E+01  0.0
3.893893894E+01  0.0
3.903903904E+01  0.0
3.913913914E+01  0.0
3.923923924E+01  0.0
3.933933934E+01  0.0
3.943943944E+01  0.0
3.953953954E+01  0.0
3.963963964E+01  0.0
3.973973974E+01  0.0
3.983983984E+01  0.0
3.993993994E+01  0.0
4.004004004E+01  0.0
4.014014014E+01  0.0
4.024024024E+01  0.0
4.034034034E+01  0.0
4.044044044E+01  0.0
4.054054054E+01  0.0
4.064064064E+01  0.0
4.074074074E+01  0.0
4.084084084E+01  0.0
4.094094094E+01  0.0
4.104104104E+01  0.0
4.114114114E+01  0.0
4.124124124E+01  0.0
4.134134134E+01  0.0
4.144144144E+01  0.0
4.154154154E+01  0.0
4.164164164E+01  0.0
4.174174174E+01  0.0
4.184184184E+01  0.0
4.194194194E+01  0.0
4.204204204E+01  0.0
4.214214214E+01  0.0
4.224224224E+01  0.0
4.234234234E+01  0.0
4.244244244E+01  0.0
4.254254254E+01  0.0
4.264264264E+01  0.0
4.274274274E+01  0.0
4.284284284E+01  0.0
4.294294294E+01  0.0
4.304304304E+01  0.0
4.314314314E+01  0.0
4.324324324E+01  0.0
4.334334334E+01  0.0
4.344344344E+01  0.0
4.354354354E+01  0.0
4.364364364E+01  0.0
4.374374374E+01  0.0
4.384384384E+01  0.0
4.394394394E+01  0.0
4.404404404E+01  0.0
4.414414414E+01  0.0
4.424424424E+01  0.0
4.434434434E+01  0.0
4.444444444E+01  0.0
4.454454454E+01  0.0
4.464464464E+01  0.0
4.474474474E+01  0.0
4.484484484E+01  0.0
4.494494494E+01  0.0
4.504504505E+01  0.0
4.514514515E+01  0.0
4.524524525E+01  0.0
4.534534535E+01  0.0
4.544544545E+01  0.0
4.554554555E+01  0.0
4.564564565E+01  0.0
4.574574575E+01  0.0
4.584584585E+01  0.0
4.594594595E+01  0.0
4.604604605E+01  0.0
4.614614615E+01  0.0
4.624624625E+01  0.0
4.634634635E+01  0.0
4.644644645E+01  0.0
4.654654655E+01  0.0
4.664664665E+01  0.0
4.674674675E+01  0.0
4.684684685E+01  0.0
4.694694695E+01  0.0
4.704704705E+01  0.0
4.714714715E+01  0.0
4.724724725E+01  0.0
4.734734735E+01  0.0
4.744744745E+01  0.0
4.754754755E+01  0.0
4.764764765E+01  0.0
4.774774775E+01  0.0
4.784784785E+01  0.0
4.794794795E+01  0.0
4.804804805E+01  0.0
4.814814815E+01  0.0
4.824824825E+01  0.0
4.834834835E+01  0.0
4.844844845E+01  0.0
4.854854855E+01  0.0
4.864864865E+01  0.0
4.874874875E+01  0.0
4.884884885E+01  0.0
4.894894895E+01  0.0
4.904904905E+01  0.0
4.914914915E+01  0.0
4.924924925E+01  0.0
4.934934935E+01  0.0
4.944944945E+01  0.0
4.954954955E+01  0.0
4.964964965E+01  0.0
4.974974975E+01  0.0
4.984984985E+01  0.0
4.994994995E+01  0.0
5.005005005E+01  0.0
5.015015015E+01  0.0
5.025025025E+01  0.0
5.035035035E+01  0.0
5.045045045E+01  0.0
5.055055055E+01  0.0
5.065065065E+01  0.0
5.075075075E+01  0.0
5.085085085E+01  0.0
5.095095095E+01  0.0
5.105105105E+01  0.0
5.115115115E+01  0.0
5.125125125E+01  0.0
5.135135135E+01  0.0
5.145145145E+01  0.0
5.155155155E+01  0.0
5.165165165E+01  0.0
5.175175175E+01  0.0
5.185185185E+01  0.0
5.195195195E+01  0.0
5.205205205E+01  0.0
5.215215215E+01  0.0
5.225225225E+01  0.0
5.235235235E+01  0.0
5.245245245E+01  0.0
5.255255255E+01  0.0
5.265265265E+01  0.0
5.275275275E+01  0.0
5.285285285E+01  0.0
5.295295295E+01  0.0
5.305305305E+01  0.0
5.315315315E+01  0.0
5.325325325E+01  0.0
5.335335335E+01  0.0
5.345345345E+01  0.0
5.355355355E+01  0.0
5.365365365E+01  0.0
5.375375375E+01  0.0
5.385385385E+01  0.0
5.395395395E+01  0.0
5.405405405E+01  0.0
5.415415415E+01  0.0
5.425425425E+01  0.0
5.435435435E+01  0.0
5.445445445E+01  0.0
5.455455455E+01  0.0
5.465465465E+01  0.0
5.475475475E+01  0.0
5.485485485E+01  0.0
5.495495495E+01  0.0
5.505505506E+01  0.0
5.515515516E+01  0.0
5.525525526E+01  0.0
5.535535536E+01  0.0
5.545545546E+01  0.0
5.555555556E+01  0.0
5.565565566E+01  0.0
5.575575576E+01  0.0
5.585585586E+01  0.0
5.595595596E+01  0.0
5.605605606E+01  0.0
5.615615616E+01  0.0
5.625625626E+01  0.0
5.635635636E+01  0.0
5.645645646E+01  0.0
5.655655656E+01  0.0
5.665665666E+01  0.0
5.675675676E+01  0.0
5.685685686E+01  0.0
5.695695696E+01  0.0
5.705705706E+01  0.0
5.715715716E+01  0.0
5.725725726E+01  0.0
5.735735736E+01  0.0
5.745745746E+01  0.0
5.755755756E+01  0.0
5.765765766E+01  0.0
5.775775776E+01  0.0
5.785785786E+01  0.0
5.795795796E+01  0.0
5.805805806E+01  0.0
5.815815816E+01  0.0
5.825825826E+01  0.0
5.835835836E+01  0.0
5.845845846E+01  0.0
5.855855856E+01  0.0
5.865865866E+01  0.0
5.875875876E+01  0.0
5.885885886E+01  0.0
5.895895896E+01  0.0
5.905905906E+01  0.0
5.915915916E+01  0.0
5.925925926E+01  0.0
5.935935936E+01  0.0
5.945945946E+01  0.0
5.955955956E+01  0.0
5.965965966E+01  0.0
5.975975976E+01  0.0
5.985985986E+01  0.0
5.995995996E+01  0.0
6.006006006E+01  0.0
6.016016016E+01  0.0
6.026026026E+01  0.0
6.036036036E+01  0.0
6.046046046E+01  0.0
6.056056056E+01  0.0
6.066066066E+01  0.0
6.076076076E+01  0.0
6.086086086E+01  0.0
6.096096096E+01  0.0
6.106106106E+01  0.0
6.116116116E+01  0.0
6.126126126E+01  0.0
6.136136136E+01  0.0
6.146146146E+01  0.0
6.156156156E+01  0.0
6.166166166E+01  0.0
6.176176176E+01  0.0
6.186186186E+01  0.0
6.196196196E+01  0.0
6.206206206E+01  0.0
6.216216216E+01  0.0
6.226226226E+01  0.0
6.236236236E+01  0.0
6.246246246E+01  0.0
6.256256256E+01  0.0
6.266266266E+01  0.0
6.276276276E+01  0.0
6.286286286E+01  0.0
6.296296296E+01  0.0
6.306306306E+01  0.0
6.316316316E+01  0.0
6.326326326E+01  0.0
6.336336336E+01  0.0
6.346346346E+01  0.0
6.356356356E+01  0.0
6.366366366E+01  0.0
6.376376376E+01  0.0
6.386386386E+01  0.0
6.396396396E+01  0.0
6.406406406E+01  0.0
6.416416416E+01  0.0
6.426426426E+01  0.0
6.436436436E+01  0.0
6.446446446E+01  0.0
6.456456456E+01  0.0
6.466466466E+01  0.0
6.476476476E+01  0.0
6.486486486E+01  0.0
6.496496496E+01  0.0
6.506506507E+01  0.0
6.516516517E+01  0.0
6.526526527E+01  0.0
6.536536537E+01  0.0
6.546546547E+01  0.0
6.556556557E+01  0.0
6.566566567E+01  0.0
6.576576577E+01  0.0
6.586586587E+01  0.0
6.596596597E+01  0.0
6.606606607E+01  0.0
6.616616617E+01  0.0
6.626626627E+01  0.0
6.636636637E+01  0.0
6.646646647E+01  0.0
6.656656657E+01  0.0
6.666666667E+01  0.0
6.676676677E+01  0.0
6.686686687E+01  0.0
6.696696697E+01  0.0
6.706706707E+01  0.0
6.716716717E+01  0.0
6.726726727E+01  0.0
6.736736737E+01  0.0
6.746746747E+01  0.0
6.756756757E+01  0.0
6.766766767E+01  0.0
6.776776777E+01  0.0
6.786786787E+01  0.0
6.796796797E+01  0.0
6.806806807E+01  0.0
6.816816817E+01  0.0
6.826826827E+01  0.0
6.836836837E+01  0.0
6.846846847E+01  0.0
6.856856857E+01  0.0
6.866866867E+01  0.0
6.876876877E+01  0.0
6.886886887E+01  0.0
6.896896897E+01  0.0
6.906906907E+01  0.0
6.916916917E+01  0.0
6.926926927E+01  0.0
6.936936937E+01  0.0
6.946946947E+01  0.0
6.956956957E+01  0.0
6.966966967E+01  0.0
6.976976977E+01  0.0
6.986986987E+01  0.0
6.996996997E+01  0.0
7.007007007E+01  0.0
7.017017017E+01  0.0
7.027027027E+01  0.0
7.037037037E+01  0.0
7.047047047E+01  0.0
7.057057057E+01  0.0
7.067067067E+01  0.0
7.077077077E+01  0.0
7.087087087E+01  0.0
7.097097097E+01  0.0
7.107107107E+01  0.0
7.117117117E+01  0.0
7.127127127E+01  0.0
7.137137137E+01  0.0
7.147147147E+01  0.0
7.157157157E+01  0.0
7.167167167E+01  0.0
7.177177177E+01  0.0
7.187187187E+01  0.0
7.197197197E+01  0.0
7.207207207E+01  0.0
7.217217217E+01  0.0
7.227227227E+01  0.0
7.237237237E+01  0.0
7.247247247E+01  0.0
7.257257257E+01  0.0
7.267267267E+01  0.0
7.277277277E+01  0.0
7.287287287E+01  0.0
7.297297297E+01  0.0
7.307307307E+01  0.0
7.317317317E+01  0.0
7.327327327E+01  0.0
7.337337337E+01  0.0
7.347347347E+01  0.0
7.357357357E+01  0.0
7.367367367E+01  0.0
7.377377377E+01  0.0
7.387387387E+01  0.0
7.397397397E+01  0.0
7.407407407E+01  0.0
7.417417417E+01  0.0
7.427427427E+01  0.0
7.437437437E+01  0.0
7.447447447E+01  0.0
7.457457457E+01  0.0
7.467467467E+01  0.0
7.477477477E+01  0.0
7.487487487E+01  0.0
7.497497497E+01  0.0
7.507507508E+01  0.0
7.517517518E+01  0.0
7.527527528E+01  0.0
7.537537538E+01  0.0
7.547547548E+01  0.0
7.557557558E+01  0.0
7.567567568E+01  0.0
7.577577578E+01  0.0
7.587587588E+01  0.0
7.597597598E+01  0.0
7.607607608E+01  0.0
7.617617618E+01  0.0
7.627627628E+01  0.0
7.637637638E+01  0.0
7.647647648E+01  0.0
7.657657658E+01  0.0
7.667667668E+01  0.0
7.677677678E+01  0.0
7.687687688E+01  0.0
7.697697698E+01  0.0
7.707707708E+01  0.0
7.717717718E+01  0.0
7.727727728E+01  0.0
7.737737738E+01  0.0
7.747747748E+01  0.0
7.757757758E+01  0.0
7.767767768E+01  0.0
7.777777778E+01  0.0
7.787787788E+01  0.0
7.797797798E+01  0.0
7.807807808E+01  0.0
7.817817818E+01  0.0
7.827827828E+01  0.0
7.837837838E+01  0.0
7.847847848E+01  0.0
7.857857858E+01  0.0
7.867867868E+01  0.0
7.877877878E+01  0.0
7.887887888E+01  0.0
7.897897898E+01  0.0
7.907907908E+01  0.0
7.917917918E+01  0.0
7.927927928E+01  0.0
7.937937938E+01  0.0
7.947947948E+01  0.0
7.957957958E+01  0.0
7.967967968E+01  0.0
7.977977978E+01  0.0
7.987987988E+01  0.0
7.997997998E+01  0.0
8.008008008E+01  0.0
8.018018018E+01  0.0
8.028028028E+01  0.0
8.038038038E+01  0.0
8.048048048E+01  0.0
8.058058058E+01  0.0
8.068068068E+01  0.0
8.078078078E+01  0.0
8.088088088E+01  0.0
8.098098098E+01  0.0
8.108108108E+01  0.0
8.118118118E+01  0.0
8.128128128E+01  0.0
8.138138138E+01  0.0
8.148148148E+01  0.0
8.158158158E+01  0.0
8.168168168E+01  0.0
8.178178178E+01  0.0
8.188188188E+01  0.0
8.198198198E+01  0.0
8.208208208E+01  0.0
8.218218218E+01  0.0
8.228228228E+01  0.0
8.238238238E+01  0.0
8.248248248E+01  0.0
8.258258258E+01  0.0
8.268268268E+01  0.0
8.278278278E+01  0.0
8.288288288E+01  0.0
8.298298298E+01  0.0
8.308308308E+01  0.0
8.318318318E+01  0.0
8.328328328E+01  0.0
8.338338338E+01  0.0
8.348348348E+01  0.0
8.358358358E+01  0.0
8.368368368E+01  0.0
8.378378378E+01  0.0
8.388388388E+01  0.0
8.398398398E+01  0.0
8.408408408E+01  0.0
8.418418418E+01  0.0
8.428428428E+01  0.0
8.438438438E+01  0.0
8.448448448E+01  0.0
8.458458458E+01  0.0
8.468468468E+01  0.0
8.478478478E+01  0.0
8.488488488E+01  0.0
8.498498498E+01  0.0
8.508508509E+01  0.0
8.518518519E+01  0.0
8.528528529E+01  0.0
8.538538539E+01  0.0
8.548548549E+01  0.0
8.558558559E+01  0.0
8.568568569E+01  0.0
8.578578579E+01  0.0
8.588588589E+01  0.0
8.598598599E+01  0.0
8.608608609E+01  0.0
8.618618619E+01  0.0
8.628628629E+01  0.0
8.638638639E+01  0.0
8.648648649E+01  0.0
8.658658659E+01  0.0
8.668668669E+01  0.0
8.678678679E+01  0.0
8.688688689E+01  0.0
8.698698699E+01  0.0
8.708708709E+01  0.0
8.718718719E+01  0.0
8.728728729E+01  0.0
8.738738739E+01  0.0
8.748748749E+01  0.0
8.758758759E+01  0.0
8.768768769E+01  0.0
8.778778779E+01  0.0
8.788788789E+01  0.0
8.798798799E+01  0.0
8.808808809E+01  0.0
8.818818819E+01  0.0
8.828828829E+01  0.0
8.838838839E+01  0.0
8.848848849E+01  0.0
8.858858859E+01  0.0
8.868868869E+01  0.0
8.878878879E+01  0.0
8.888888889E+01  0.0
8.898898899E+01  0.0
8.908908909E+01  0.0
8.918918919E+01  0.0
8.928928929E+01  0.0
8.938938939E+01  0.0
8.948948949E+01  0.0
8.958958959E+01  0.0
8.968968969E+01  0.0
8.978978979E+01  0.0
8.988988989E+01  0.0
8.998998999E+01  0.0
9.009009009E+01  0.0
9.019019019E+01  0.0
9.029029029E+01  0.0
9.039039039E+01  0.0
9.049049049E+01  0.0
9.059059059E+01  0.0
9.069069069E+01  0.0
9.079079079E+01  0.0
9.089089089E+01  0.0
9.099099099E+01  0.0
9.109109109E+01  0.0
9.119119119E+01  0.0
9.129129129E+01  0.0
9.139139139E+01  0.0
9.149149149E+01  0.0
9.159159159E+01  0.0
9.169169169E+01  0.0
9.179179179E+01  0.0
9.189189189E+01  0.0
9.199199199E+01  0.0
9.209209209E+01  0.0
9.219219219E+01  0.0
9.229229229E+01  0.0
9.239239239E+01  0.0
9.249249249E+01  0.0
9.259259259E+01  0.0
9.269269269E+01  0.0
9.279279279E+01  0.0
9.289289289E+01  0.0
9.299299299E+01  0.0
9.309309309E+01  0.0
9.319319319E+01  0.0
9.329329329E+01  0.0
9.339339339E+01  0.0
9.349349349E+01  0.0
9.359359359E+01  0.0
9.369369369E+01  0.0
9.379379379E+01  0.0
9.389389389E+01  0.0
9.399399399E+01  0.0
9.409409409E+01  0.0
9.419419419E+01  0.0
9.429429429E+01  0.0
9.439439439E+01  0.0
9.449449449E+01  0.0
9.459459459E+01  0.0
9.469469469E+01  0.0
9.479479479E+01  0.0
9.489489489E+01  0.0
9.499499499E+01  0.0
9.509509510E+01  0.0
9.519519520E+01  0.0
9.529529530E+01  0.0
9.539539540E+01  0.0
9.549549550E+01  0.0
9.559559560E+01  0.0
9.569569570E+01  0.0
9.579579580E+01  0.0
9.589589590E+01  0.0
9.599599600E+01  0.0
9.609609610E+01  0.0
9.619619620E+01  0.0
9.629629630E+01  0.0
9.639639640E+01  0.0
9.649649650E+01  0.0
9.659659660E+01  0.0
9.669669670E+01  0.0
9.679679680E+01  0.0
9.689689690E+01  0.0
9.699699700E+01  0.0
9.709709710E+01  0.0
9.719719720E+01  0.0
9.729729730E+01  0.0
9.739739740E+01  0.0
9.749749750E+01  0.0
9.759759760E+01  0.0
9.769769770E+01  0.0
9.779779780E+01  0.0
9.789789790E+01  0.0
9.799799800E+01  0.0
9.809809810E+01  0.0
9.819819820E+01  0.0
9.829829830E+01  0.0
9.839839840E+01  0.0
9.849849850E+01  0.0
9.859859860E+01  0.0
9.869869870E+01  0.0
9.879879880E+01  0.0
9.889889890E+01  0.0
9.899899900E+01  0.0
9.909909910E+01  0.0
9.919919920E+01  0.0
9.929929930E+01  0.0
9.939939940E+01  0.0
9.949949950E+01  0.0
9.959959960E+01  0.0
9.969969970E+01  0.0
9.979979980E+01  0.0
9.989989990E+01  0.0
1.000000000E+02  0.0
