0.000000000E+00   -5.750068866E-01
1.001001001E-01   -5.610068866E-01
2.002002002E-01   -5.471647367E-01
3.003003003E-01   -5.334804368E-01
4.004004004E-01   -5.199539852E-01
5.005005005E-01   -5.065853599E-01
6.006006006E-01   -4.933745195E-01
7.007007007E-01   -4.803214026E-01
8.008008008E-01   -4.674259279E-01
9.009009009E-01   -4.546879940E-01
1.001001001E+00   -4.421074796E-01
1.101101101E+00   -4.296842435E-01
1.201201201E+00   -4.174181243E-01
1.301301301E+00   -4.053089406E-01
1.401401401E+00   -3.933564907E-01
1.501501502E+00   -3.815605532E-01
1.601601602E+00   -3.699208865E-01
1.701701702E+00   -3.584372287E-01
1.801801802E+00   -3.471092981E-01
1.901901902E+00   -3.359367929E-01
2.002002002E+00   -3.249193914E-01
2.102102102E+00   -3.140567517E-01
2.202202202E+00   -3.033485122E-01
2.302302302E+00   -2.927942914E-01
2.402402402E+00   -2.823936878E-01
2.502502503E+00   -2.721462804E-01
2.602602603E+00   -2.620516283E-01
2.702702703E+00   -2.521092711E-01
2.802802803E+00   -2.423187289E-01
2.902902903E+00   -2.326795022E-01
3.003003003E+00   -2.231910723E-01
3.103103103E+00   -2.138529012E-01
3.203203203E+00   -2.046644319E-01
3.303303303E+00   -1.956250880E-01
3.403403403E+00   -1.867342746E-01
3.503503504E+00   -1.779913779E-01
3.603603604E+00   -1.693957653E-01
3.703703704E+00   -1.609467860E-01
3.803803804E+00   -1.526437706E-01
3.903903904E+00   -1.444860316E-01
4.004004004E+00   -1.364728634E-01
4.104104104E+00   -1.286035427E-01
4.204204204E+00   -1.208773283E-01
4.304304304E+00   -1.132934617E-01
4.404404404E+00   -1.058511669E-01
4.504504505E+00   -9.854965078E-02
4.604604605E+00   -9.138810339E-02
4.704704705E+00   -8.436569796E-02
4.804804805E+00   -7.748159122E-02
4.904904905E+00   -7.073492359E-02
5.005005005E+00   -6.412481940E-02
5.105105105E+00   -5.765038715E-02
5.205205205E+00   -5.131071967E-02
5.305305305E+00   -4.510489443E-02
5.405405405E+00   -3.903197377E-02
5.505505506E+00   -3.309100509E-02
5.605605606E+00   -2.728102120E-02
5.705705706E+00   -2.160104050E-02
5.805805806E+00   -1.605006727E-02
5.905905906E+00   -1.062709197E-02
6.006006006E+00   -5.331091446E-03
6.106106106E+00   -1.610292822E-04
6.206206206E+00   4.884143967E-03
6.306306306E+00   9.805490472E-03
6.406406406E+00   1.460408484E-02
6.506506507E+00   1.928101381E-02
6.606606607E+00   2.383737597E-02
6.706706707E+00   2.827428145E-02
6.806806807E+00   3.259285161E-02
6.906906907E+00   3.679421872E-02
7.007007007E+00   4.087952567E-02
7.107107107E+00   4.484992564E-02
7.207207207E+00   4.870658179E-02
7.307307307E+00   5.245066692E-02
7.407407407E+00   5.608336316E-02
7.507507508E+00   5.960586164E-02
7.607607608E+00   6.301936214E-02
7.707707708E+00   6.632507281E-02
7.807807808E+00   6.952420976E-02
7.907907908E+00   7.261799680E-02
8.008008008E+00   7.560766503E-02
8.108108108E+00   7.849445258E-02
8.208208208E+00   8.127960419E-02
8.308308308E+00   8.396437091E-02
8.408408408E+00   8.655000975E-02
8.508508509E+00   8.903778333E-02
8.608608609E+00   9.142895955E-02
8.708708709E+00   9.372481121E-02
8.808808809E+00   9.592661571E-02
8.908908909E+00   9.803565465E-02
9.009009009E+00   1.000532135E-01
9.109109109E+00   1.019805814E-01
9.209209209E+00   1.038190503E-01
9.309309309E+00   1.055699155E-01
9.409409409E+00   1.072344745E-01
9.509509510E+00   1.088140269E-01
9.609609610E+00   1.103098741E-01
9.709709710E+00   1.117233192E-01
9.809809810E+00   1.130556662E-01
9.909909910E+00   1.143082198E-01
1.001001001E+01   1.154822854E-01
1.011011011E+01   1.165791682E-01
1.021021021E+01   1.176001733E-01
1.031031031E+01   1.185466052E-01
1.041041041E+01   1.194197675E-01
1.051051051E+01   1.202209624E-01
1.061061061E+01   1.209514908E-01
1.071071071E+01   1.216126514E-01
1.081081081E+01   1.222057408E-01
1.091091091E+01   1.227320530E-01
1.101101101E+01   1.231928792E-01
1.111111111E+01   1.235895074E-01
1.121121121E+01   1.239232218E-01
1.131131131E+01   1.241953033E-01
1.141141141E+01   1.244070282E-01
1.151151151E+01   1.245596686E-01
1.161161161E+01   1.246544918E-01
1.171171171E+01   1.246927601E-01
1.181181181E+01   1.246757305E-01
1.191191191E+01   1.246046542E-01
1.201201201E+01   1.244807767E-01
1.211211211E+01   1.243053373E-01
1.221221221E+01   1.240795688E-01
1.231231231E+01   1.238046972E-01
1.241241241E+01   1.234819418E-01
1.251251251E+01   1.231125144E-01
1.261261261E+01   1.226976194E-01
1.271271271E+01   1.222384535E-01
1.281281281E+01   1.217362054E-01
1.291291291E+01   1.211920557E-01
1.301301301E+01   1.206071763E-01
1.311311311E+01   1.199827306E-01
1.321321321E+01   1.193198731E-01
1.331331331E+01   1.186197491E-01
1.341341341E+01   1.178834947E-01
1.351351351E+01   1.171122363E-01
1.361361361E+01   1.163070907E-01
1.371371371E+01   1.154691646E-01
1.381381381E+01   1.145995548E-01
1.391391391E+01   1.136993475E-01
1.401401401E+01   1.127696186E-01
1.411411411E+01   1.118114332E-01
1.421421421E+01   1.108258456E-01
1.431431431E+01   1.098138991E-01
1.441441441E+01   1.087766257E-01
1.451451451E+01   1.077150463E-01
1.461461461E+01   1.066301699E-01
1.471471471E+01   1.055229944E-01
1.481481481E+01   1.043945054E-01
1.491491491E+01   1.032456769E-01
1.501501502E+01   1.020774708E-01
1.511511512E+01   1.008908368E-01
1.521521522E+01   9.968671237E-02
1.531531532E+01   9.846602246E-02
1.541541542E+01   9.722967962E-02
1.551551552E+01   9.597858376E-02
1.561561562E+01   9.471362208E-02
1.571571572E+01   9.343566896E-02
1.581581582E+01   9.214558593E-02
1.591591592E+01   9.084422152E-02
1.601601602E+01   8.953241121E-02
1.611611612E+01   8.821097739E-02
1.621621622E+01   8.688072923E-02
1.631631632E+01   8.554246267E-02
1.641641642E+01   8.419696035E-02
1.651651652E+01   8.284499157E-02
1.661661662E+01   8.148731219E-02
1.671671672E+01   8.012466468E-02
1.681681682E+01   7.875777800E-02
1.691691692E+01   7.738736762E-02
1.701701702E+01   7.601413548E-02
1.711711712E+01   7.463876996E-02
1.721721722E+01   7.326194589E-02
1.731731732E+01   7.188432450E-02
1.741741742E+01   7.050655344E-02
1.751751752E+01   6.912926680E-02
1.761761762E+01   6.775308506E-02
1.771771772E+01   6.637861514E-02
1.781781782E+01   6.500645040E-02
1.791791792E+01   6.363717064E-02
1.801801802E+01   6.227134217E-02
1.811811812E+01   6.090951778E-02
1.821821822E+01   5.955223680E-02
1.831831832E+01   5.820002514E-02
1.841841842E+01   5.685339532E-02
1.851851852E+01   5.551284652E-02
1.861861862E+01   5.417886460E-02
1.871871872E+01   5.285192220E-02
1.881881882E+01   5.153247877E-02
1.891891892E+01   5.022098062E-02
1.901901902E+01   4.891786101E-02
1.911911912E+01   4.762354019E-02
1.921921922E+01   4.633842550E-02
1.931931932E+01   4.506291143E-02
1.941941942E+01   4.379737970E-02
1.951951952E+01   4.254219934E-02
1.961961962E+01   4.129772681E-02
1.971971972E+01   4.006430602E-02
1.981981982E+01   3.884226850E-02
1.991991992E+01   3.763193345E-02
2.002002002E+01   3.643360785E-02
2.012012012E+01   3.524758659E-02
2.022022022E+01   3.407415251E-02
2.032032032E+01   3.291357660E-02
2.042042042E+01   3.176611803E-02
2.052052052E+01   3.063202433E-02
2.062062062E+01   2.951153146E-02
2.072072072E+01   2.840486394E-02
2.082082082E+01   2.731223503E-02
2.092092092E+01   2.623384675E-02
2.102102102E+01   2.516989012E-02
2.112112112E+01   2.412054520E-02
2.122122122E+01   2.308598130E-02
2.132132132E+01   2.206635705E-02
2.142142142E+01   2.106182057E-02
2.152152152E+01   2.007250964E-02
2.162162162E+01   1.909855176E-02
2.172172172E+01   1.814006437E-02
2.182182182E+01   1.719715498E-02
2.192192192E+01   1.626992127E-02
2.202202202E+01   1.535845130E-02
2.212212212E+01   1.446282364E-02
2.222222222E+01   1.358310750E-02
2.232232232E+01   1.271936290E-02
2.242242242E+01   1.187164085E-02
2.252252252E+01   1.103998347E-02
2.262262262E+01   1.022442414E-02
2.272272272E+01   9.424987703E-03
2.282282282E+01   8.641690599E-03
2.292292292E+01   7.874541015E-03
2.302302302E+01   7.123539064E-03
2.312312312E+01   6.388676938E-03
2.322322322E+01   5.669939075E-03
2.332332332E+01   4.967302319E-03
2.342342342E+01   4.280736088E-03
2.352352352E+01   3.610202535E-03
2.362362362E+01   2.955656713E-03
2.372372372E+01   2.317046741E-03
2.382382382E+01   1.694313969E-03
2.392392392E+01   1.087393145E-03
2.402402402E+01   4.962125761E-04
2.412412412E+01   -7.930570083E-05
2.422422422E+01   -6.392457575E-04
2.432432432E+01   -1.183697607E-03
2.442442442E+01   -1.712757040E-03
2.452452452E+01   -2.226525459E-03
2.462462462E+01   -2.725109713E-03
2.472472472E+01   -3.208621938E-03
2.482482482E+01   -3.677179387E-03
2.492492492E+01   -4.130904273E-03
2.502502503E+01   -4.569923603E-03
2.512512513E+01   -4.994369018E-03
2.522522523E+01   -5.404376632E-03
2.532532533E+01   -5.800086871E-03
2.542542543E+01   -6.181644315E-03
2.552552553E+01   -6.549197541E-03
2.562562563E+01   -6.902898962E-03
2.572572573E+01   -7.242904676E-03
2.582582583E+01   -7.569374305E-03
2.592592593E+01   -7.882470848E-03
2.602602603E+01   -8.182360523E-03
2.612612613E+01   -8.469212616E-03
2.622622623E+01   -8.743199336E-03
2.632632633E+01   -9.004495660E-03
2.642642643E+01   -9.253279190E-03
2.652652653E+01   -9.489730007E-03
2.662662663E+01   -9.714030524E-03
2.672672673E+01   -9.926365347E-03
2.682682683E+01   -1.012692113E-02
2.692692693E+01   -1.031588644E-02
2.702702703E+01   -1.049345162E-02
2.712712713E+01   -1.065980864E-02
2.722722723E+01   -1.081515099E-02
2.732732733E+01   -1.095967351E-02
2.742742743E+01   -1.109357231E-02
2.752752753E+01   -1.121704457E-02
2.762762763E+01   -1.133028850E-02
2.772772773E+01   -1.143350313E-02
2.782782783E+01   -1.152688827E-02
2.792792793E+01   -1.161064430E-02
2.802802803E+01   -1.168497214E-02
2.812812813E+01   -1.175007306E-02
2.822822823E+01   -1.180614863E-02
2.832832833E+01   -1.185340053E-02
2.842842843E+01   -1.189203053E-02
2.852852853E+01   -1.192224030E-02
2.862862863E+01   -1.194423135E-02
2.872872873E+01   -1.195820494E-02
2.882882883E+01   -1.196436192E-02
2.892892893E+01   -1.196290267E-02
2.902902903E+01   -1.195402702E-02
2.912912913E+01   -1.193793411E-02
2.922922923E+01   -1.191482232E-02
2.932932933E+01   -1.188488919E-02
2.942942943E+01   -1.184833132E-02
2.952952953E+01   -1.180534427E-02
2.962962963E+01   -1.175612251E-02
2.972972973E+01   -1.170085931E-02
2.982982983E+01   -1.163974666E-02
2.992992993E+01   -1.157297523E-02
3.003003003E+01   -1.150073425E-02
3.013013013E+01   -1.142321146E-02
3.023023023E+01   -1.134059304E-02
3.033033033E+01   -1.125306355E-02
3.043043043E+01   -1.116080583E-02
3.053053053E+01   -1.106400097E-02
3.063063063E+01   -1.096282826E-02
3.073073073E+01   -1.085746509E-02
3.083083083E+01   -1.074808692E-02
3.093093093E+01   -1.063486722E-02
3.103103103E+01   -1.051797743E-02
3.113113113E+01   -1.039758688E-02
3.123123123E+01   -1.027386277E-02
3.133133133E+01   -1.014697012E-02
3.143143143E+01   -1.001707172E-02
3.153153153E+01   -9.884328092E-03
3.163163163E+01   -9.748897445E-03
3.173173173E+01   -9.610935647E-03
3.183183183E+01   -9.470596185E-03
3.193193193E+01   -9.328030134E-03
3.203203203E+01   -9.183386125E-03
3.213213213E+01   -9.036810314E-03
3.223223223E+01   -8.888446362E-03
3.233233233E+01   -8.738435402E-03
3.243243243E+01   -8.586916021E-03
3.253253253E+01   -8.434024236E-03
3.263263263E+01   -8.279893478E-03
3.273273273E+01   -8.124654574E-03
3.283283283E+01   -7.968435726E-03
3.293293293E+01   -7.811362506E-03
3.303303303E+01   -7.653557839E-03
3.313313313E+01   -7.495141993E-03
3.323323323E+01   -7.336232572E-03
3.333333333E+01   -7.176944507E-03
3.343343343E+01   -7.017390054E-03
3.353353353E+01   -6.857678790E-03
3.363363363E+01   -6.697917608E-03
3.373373373E+01   -6.538210722E-03
3.383383383E+01   -6.378659663E-03
3.393393393E+01   -6.219363285E-03
3.403403403E+01   -6.060417769E-03
3.413413413E+01   -5.901916628E-03
3.423423423E+01   -5.743950714E-03
3.433433433E+01   -5.586608230E-03
3.443443443E+01   -5.429974732E-03
3.453453453E+01   -5.274133151E-03
3.463463463E+01   -5.119163795E-03
3.473473473E+01   -4.965144372E-03
3.483483483E+01   -4.812149997E-03
3.493493493E+01   -4.660253214E-03
3.503503504E+01   -4.509524012E-03
3.513513514E+01   -4.360029842E-03
3.523523524E+01   -4.211835637E-03
3.533533534E+01   -4.065003833E-03
3.543543544E+01   -3.919594393E-03
3.553553554E+01   -3.775664826E-03
3.563563564E+01   -3.633270212E-03
3.573573574E+01   -3.492463228E-03
3.583583584E+01   -3.353294170E-03
3.593593594E+01   -3.215810984E-03
3.603603604E+01   -3.080059290E-03
3.613613614E+01   -2.946082411E-03
3.623623624E+01   -2.813921399E-03
3.633633634E+01   -2.683615070E-03
3.643643644E+01   -2.555200029E-03
3.653653654E+01   -2.428710704E-03
3.663663664E+01   -2.304179375E-03
3.673673674E+01   -2.181636208E-03
3.683683684E+01   -2.061109286E-03
3.693693694E+01   -1.942624644E-03
3.703703704E+01   -1.826206300E-03
3.713713714E+01   -1.711876293E-03
3.723723724E+01   -1.599654713E-03
3.733733734E+01   -1.489559739E-03
3.743743744E+01   -1.381607673E-03
3.753753754E+01   -1.275812978E-03
3.763763764E+01   -1.172188310E-03
3.773773774E+01   -1.070744559E-03
3.783783784E+01   -9.714908813E-04
3.793793794E+01   -8.744347387E-04
3.803803804E+01   -7.795819357E-04
3.813813814E+01   -6.869366561E-04
3.823823824E+01   -5.965015002E-04
3.833833834E+01   -5.082775228E-04
3.843843844E+01   -4.222642708E-04
3.853853854E+01   -3.384598206E-04
3.863863864E+01   -2.568608163E-04
3.873873874E+01   -1.774625073E-04
3.883883884E+01   -1.002587860E-04
3.893893894E+01   -2.524222590E-05
3.903903904E+01   4.759588077E-05
3.913913914E+01   1.182654854E-04
3.923923924E+01   1.867777453E-04
3.933933934E+01   2.531449862E-04
3.943943944E+01   3.173806649E-04
3.953953954E+01   3.794993319E-04
3.963963964E+01   4.395165945E-04
3.973973974E+01   4.974490798E-04
3.983983984E+01   5.533143981E-04
3.993993994E+01   6.071311064E-04
4.004004004E+01   6.589186721E-04
4.014014014E+01   7.086974373E-04
4.024024024E+01   7.564885829E-04
4.034034034E+01   8.023140934E-04
4.044044044E+01   8.461967216E-04
4.054054054E+01   8.881599543E-04
4.064064064E+01   9.282279774E-04
4.074074074E+01   9.664256422E-04
4.084084084E+01   1.002778432E-03
4.094094094E+01   1.037312428E-03
4.104104104E+01   1.070054277E-03
4.114114114E+01   1.101031159E-03
4.124124124E+01   1.130270755E-03
4.134134134E+01   1.157801216E-03
4.144144144E+01   1.183651129E-03
4.154154154E+01   1.207849493E-03
4.164164164E+01   1.230425679E-03
4.174174174E+01   1.251409409E-03
4.184184184E+01   1.270830723E-03
4.194194194E+01   1.288719949E-03
4.204204204E+01   1.305107678E-03
4.214214214E+01   1.320024732E-03
4.224224224E+01   1.333502141E-03
4.234234234E+01   1.345571115E-03
4.244244244E+01   1.356263014E-03
4.254254254E+01   1.365609330E-03
4.264264264E+01   1.373641653E-03
4.274274274E+01   1.380391654E-03
4.284284284E+01   1.385891055E-03
4.294294294E+01   1.390171610E-03
4.304304304E+01   1.393265080E-03
4.314314314E+01   1.395203210E-03
4.324324324E+01   1.396017708E-03
4.334334334E+01   1.395740224E-03
4.344344344E+01   1.394402329E-03
4.354354354E+01   1.392035494E-03
4.364364364E+01   1.388671073E-03
4.374374374E+01   1.384340280E-03
4.384384384E+01   1.379074173E-03
4.394394394E+01   1.372903637E-03
4.404404404E+01   1.365859364E-03
4.414414414E+01   1.357971839E-03
4.424424424E+01   1.349271321E-03
4.434434434E+01   1.339787830E-03
4.444444444E+01   1.329551129E-03
4.454454454E+01   1.318590713E-03
4.464464464E+01   1.306935791E-03
4.474474474E+01   1.294615277E-03
4.484484484E+01   1.281657773E-03
4.494494494E+01   1.268091559E-03
4.504504505E+01   1.253944579E-03
4.514514515E+01   1.239244434E-03
4.524524525E+01   1.224018365E-03
4.534534535E+01   1.208293250E-03
4.544544545E+01   1.192095586E-03
4.554554555E+01   1.175451489E-03
4.564564565E+01   1.158386675E-03
4.574574575E+01   1.140926463E-03
4.584584585E+01   1.123095756E-03
4.594594595E+01   1.104919043E-03
4.604604605E+01   1.086420387E-03
4.614614615E+01   1.067623420E-03
4.624624625E+01   1.048551338E-03
4.634634635E+01   1.029226895E-03
4.644644645E+01   1.009672397E-03
4.654654655E+01   9.899096997E-04
4.664664665E+01   9.699602027E-04
4.674674675E+01   9.498448468E-04
4.684684685E+01   9.295841106E-04
4.694694695E+01   9.091980078E-04
4.704704705E+01   8.887060846E-04
4.714714715E+01   8.681274180E-04
4.724724725E+01   8.474806143E-04
4.734734735E+01   8.267838075E-04
4.744744745E+01   8.060546589E-04
4.754754755E+01   7.853103566E-04
4.764764765E+01   7.645676153E-04
4.774774775E+01   7.438426766E-04
4.784784785E+01   7.231513095E-04
4.794794795E+01   7.025088117E-04
4.804804805E+01   6.819300104E-04
4.814814815E+01   6.614292640E-04
4.824824825E+01   6.410204644E-04
4.834834835E+01   6.207170386E-04
4.844844845E+01   6.005319513E-04
4.854854855E+01   5.804777078E-04
4.864864865E+01   5.605663571E-04
4.874874875E+01   5.408094948E-04
4.884884885E+01   5.212182669E-04
4.894894895E+01   5.018033735E-04
4.904904905E+01   4.825750727E-04
4.914914915E+01   4.635431851E-04
4.924924925E+01   4.447170979E-04
4.934934935E+01   4.261057697E-04
4.944944945E+01   4.077177355E-04
4.954954955E+01   3.895611115E-04
4.964964965E+01   3.716436005E-04
4.974974975E+01   3.539724972E-04
4.984984985E+01   3.365546937E-04
4.994994995E+01   3.193966855E-04
5.005005005E+01   3.025045772E-04
5.015015015E+01   2.858840884E-04
5.025025025E+01   2.695405601E-04
5.035035035E+01   2.534789608E-04
5.045045045E+01   2.377038929E-04
5.055055055E+01   2.222195994E-04
5.065065065E+01   2.070299702E-04
5.075075075E+01   1.921385492E-04
5.085085085E+01   1.775485407E-04
5.095095095E+01   1.632628165E-04
5.105105105E+01   1.492839228E-04
5.115115115E+01   1.356140871E-04
5.125125125E+01   1.222552256E-04
5.135135135E+01   1.092089499E-04
5.145145145E+01   9.647657448E-05
5.155155155E+01   8.405912376E-05
5.165165165E+01   7.195733943E-05
5.175175175E+01   6.017168765E-05
5.185185185E+01   4.870236638E-05
5.195195195E+01   3.754931269E-05
5.205205205E+01   2.671221002E-05
5.215215215E+01   1.619049555E-05
5.225225225E+01   5.983367500E-06
5.235235235E+01   -3.910207595E-06
5.245245245E+01   -1.349148757E-05
5.255255255E+01   -2.276194737E-05
5.265265265E+01   -3.172327180E-05
5.275275275E+01   -4.037734833E-05
5.285285285E+01   -4.872625989E-05
5.295295295E+01   -5.677227775E-05
5.305305305E+01   -6.451785438E-05
5.315315315E+01   -7.196561648E-05
5.325325325E+01   -7.911835789E-05
5.335335335E+01   -8.597903271E-05
5.345345345E+01   -9.255074839E-05
5.355355355E+01   -9.883675895E-05
5.365365365E+01   -1.048404582E-04
5.375375375E+01   -1.105653730E-04
5.385385385E+01   -1.160151568E-04
5.395395395E+01   -1.211935829E-04
5.405405405E+01   -1.261045384E-04
5.415415415E+01   -1.307520174E-04
5.425425425E+01   -1.351401149E-04
5.435435435E+01   -1.392730205E-04
5.445445445E+01   -1.431550128E-04
5.455455455E+01   -1.467904526E-04
5.465465465E+01   -1.501837778E-04
5.475475475E+01   -1.533394969E-04
5.485485485E+01   -1.562621838E-04
5.495495495E+01   -1.589564721E-04
5.505505506E+01   -1.614270492E-04
5.515515516E+01   -1.636786516E-04
5.525525526E+01   -1.657160591E-04
5.535535536E+01   -1.675440897E-04
5.545545546E+01   -1.691675949E-04
5.555555556E+01   -1.705914541E-04
5.565565566E+01   -1.718205705E-04
5.575575576E+01   -1.728598657E-04
5.585585586E+01   -1.737142756E-04
5.595595596E+01   -1.743887458E-04
5.605605606E+01   -1.748882268E-04
5.615615616E+01   -1.752176704E-04
5.625625626E+01   -1.753820250E-04
5.635635636E+01   -1.753862320E-04
5.645645646E+01   -1.752352215E-04
5.655655656E+01   -1.749339087E-04
5.665665666E+01   -1.744871904E-04
5.675675676E+01   -1.738999411E-04
5.685685686E+01   -1.731770097E-04
5.695695696E+01   -1.723232161E-04
5.705705706E+01   -1.713433483E-04
5.715715716E+01   -1.702421588E-04
5.725725726E+01   -1.690243622E-04
5.735735736E+01   -1.676946316E-04
5.745745746E+01   -1.662575967E-04
5.755755756E+01   -1.647178404E-04
5.765765766E+01   -1.630798968E-04
5.775775776E+01   -1.613482484E-04
5.785785786E+01   -1.595273241E-04
5.795795796E+01   -1.576214969E-04
5.805805806E+01   -1.556350816E-04
5.815815816E+01   -1.535723332E-04
5.825825826E+01   -1.514374446E-04
5.835835836E+01   -1.492345454E-04
5.845845846E+01   -1.469676996E-04
5.855855856E+01   -1.446409042E-04
5.865865866E+01   -1.422580882E-04
5.875875876E+01   -1.398231106E-04
5.885885886E+01   -1.373397595E-04
5.895895896E+01   -1.348117508E-04
5.905905906E+01   -1.322427272E-04
5.915915916E+01   -1.296362569E-04
5.925925926E+01   -1.269958333E-04
5.935935936E+01   -1.243248736E-04
5.945945946E+01   -1.216267184E-04
5.955955956E+01   -1.189046310E-04
5.965965966E+01   -1.161617966E-04
5.975975976E+01   -1.134013224E-04
5.985985986E+01   -1.106262367E-04
5.995995996E+01   -1.078394885E-04
6.006006006E+01   -1.050439480E-04
6.016016016E+01   -1.022424054E-04
6.026026026E+01   -9.943757186E-05
6.036036036E+01   -9.663207857E-05
6.046046046E+01   -9.382847741E-05
6.056056056E+01   -9.102924080E-05
6.066066066E+01   -8.823676194E-05
6.076076076E+01   -8.545335505E-05
6.086086086E+01   -8.268125569E-05
6.096096096E+01   -7.992262110E-05
6.106106106E+01   -7.717953063E-05
6.116116116E+01   -7.445398622E-05
6.126126126E+01   -7.174791293E-05
6.136136136E+01   -6.906315954E-05
6.146146146E+01   -6.640149914E-05
6.156156156E+01   -6.376462984E-05
6.166166166E+01   -6.115417548E-05
6.176176176E+01   -5.857168642E-05
6.186186186E+01   -5.601864032E-05
6.196196196E+01   -5.349644301E-05
6.206206206E+01   -5.100642938E-05
6.216216216E+01   -4.854986430E-05
6.226226226E+01   -4.612794357E-05
6.236236236E+01   -4.374179495E-05
6.246246246E+01   -4.139247913E-05
6.256256256E+01   -3.908099082E-05
6.266266266E+01   -3.680825982E-05
6.276276276E+01   -3.457515215E-05
6.286286286E+01   -3.238247112E-05
6.296296296E+01   -3.023095857E-05
6.306306306E+01   -2.812129597E-05
6.316316316E+01   -2.605410565E-05
6.326326326E+01   -2.402995200E-05
6.336336336E+01   -2.204934272E-05
6.346346346E+01   -2.011273002E-05
6.356356356E+01   -1.822051193E-05
6.366366366E+01   -1.637303352E-05
6.376376376E+01   -1.457058821E-05
6.386386386E+01   -1.281341902E-05
6.396396396E+01   -1.110171992E-05
6.406406406E+01   -9.435637080E-06
6.416416416E+01   -7.815270195E-06
6.426426426E+01   -6.240673796E-06
6.436436436E+01   -4.711858554E-06
6.446446446E+01   -3.228792596E-06
6.456456456E+01   -1.791402819E-06
6.466466466E+01   -3.995761931E-07
6.476476476E+01   9.468389238E-07
6.486486486E+01   2.248031484E-06
6.496496496E+01   3.504226449E-06
6.506506507E+01   4.715683498E-06
6.516516517E+01   5.882695735E-06
6.526526527E+01   7.005588413E-06
6.536536537E+01   8.084717660E-06
6.546546547E+01   9.120469220E-06
6.556556557E+01   1.011325719E-05
6.566566567E+01   1.106352281E-05
6.576576577E+01   1.197173318E-05
6.586586587E+01   1.283838009E-05
6.596596597E+01   1.366397880E-05
6.606606607E+01   1.444906687E-05
6.616616617E+01   1.519420293E-05
6.626626627E+01   1.589996560E-05
6.636636637E+01   1.656695228E-05
6.646646647E+01   1.719577806E-05
6.656656657E+01   1.778707460E-05
6.666666667E+01   1.834148904E-05
6.676676677E+01   1.885968292E-05
6.686686687E+01   1.934233114E-05
6.696696697E+01   1.979012091E-05
6.706706707E+01   2.020375073E-05
6.716716717E+01   2.058392942E-05
6.726726727E+01   2.093137512E-05
6.736736737E+01   2.124681432E-05
6.746746747E+01   2.153098096E-05
6.756756757E+01   2.178461550E-05
6.766766767E+01   2.200846402E-05
6.776776777E+01   2.220327734E-05
6.786786787E+01   2.236981021E-05
6.796796797E+01   2.250882043E-05
6.806806807E+01   2.262106807E-05
6.816816817E+01   2.270731469E-05
6.826826827E+01   2.276832256E-05
6.836836837E+01   2.280485393E-05
6.846846847E+01   2.281767031E-05
6.856856857E+01   2.280753177E-05
6.866866867E+01   2.277519628E-05
6.876876877E+01   2.272141902E-05
6.886886887E+01   2.264695180E-05
6.896896897E+01   2.255254243E-05
6.906906907E+01   2.243893411E-05
6.916916917E+01   2.230686490E-05
6.926926927E+01   2.215706717E-05
6.936936937E+01   2.199026707E-05
6.946946947E+01   2.180718404E-05
6.956956957E+01   2.160853032E-05
6.966966967E+01   2.139501052E-05
6.976976977E+01   2.116732115E-05
6.986986987E+01   2.092615021E-05
6.996996997E+01   2.067217684E-05
7.007007007E+01   2.040607089E-05
7.017017017E+01   2.012849258E-05
7.027027027E+01   1.984009220E-05
7.037037037E+01   1.954150976E-05
7.047047047E+01   1.923337469E-05
7.057057057E+01   1.891630560E-05
7.067067067E+01   1.859090999E-05
7.077077077E+01   1.825778401E-05
7.087087087E+01   1.791751227E-05
7.097097097E+01   1.757066762E-05
7.107107107E+01   1.721781092E-05
7.117117117E+01   1.685949097E-05
7.127127127E+01   1.649624424E-05
7.137137137E+01   1.612859484E-05
7.147147147E+01   1.575705433E-05
7.157157157E+01   1.538212163E-05
7.167167167E+01   1.500428297E-05
7.177177177E+01   1.462401175E-05
7.187187187E+01   1.424176855E-05
7.197197197E+01   1.385800102E-05
7.207207207E+01   1.347314391E-05
7.217217217E+01   1.308761899E-05
7.227227227E+01   1.270183510E-05
7.237237237E+01   1.231618813E-05
7.247247247E+01   1.193106103E-05
7.257257257E+01   1.154682387E-05
7.267267267E+01   1.116383386E-05
7.277277277E+01   1.078243543E-05
7.287287287E+01   1.040296026E-05
7.297297297E+01   1.002572739E-05
7.307307307E+01   9.651043264E-06
7.317317317E+01   9.279201887E-06
7.327327327E+01   8.910484870E-06
7.337337337E+01   8.545161573E-06
7.347347347E+01   8.183489223E-06
7.357357357E+01   7.825713039E-06
7.367367367E+01   7.472066372E-06
7.377377377E+01   7.122770852E-06
7.387387387E+01   6.778036536E-06
7.397397397E+01   6.438062070E-06
7.407407407E+01   6.103034852E-06
7.417417417E+01   5.773131205E-06
7.427427427E+01   5.448516548E-06
7.437437437E+01   5.129345587E-06
7.447447447E+01   4.815762490E-06
7.457457457E+01   4.507901090E-06
7.467467467E+01   4.205885073E-06
7.477477477E+01   3.909828178E-06
7.487487487E+01   3.619834403E-06
7.497497497E+01   3.335998210E-06
7.507507508E+01   3.058404735E-06
7.517517518E+01   2.787129998E-06
7.527527528E+01   2.522241122E-06
7.537537538E+01   2.263796544E-06
7.547547548E+01   2.011846241E-06
7.557557558E+01   1.766431941E-06
7.567567568E+01   1.527587355E-06
7.577577578E+01   1.295338390E-06
7.587587588E+01   1.069703381E-06
7.597597598E+01   8.506933079E-07
7.607607608E+01   6.383120256E-07
7.617617618E+01   4.325564853E-07
7.627627628E+01   2.334169598E-07
7.637637638E+01   4.087726833E-08
7.647647648E+01   -1.450850008E-07
7.657657658E+01   -3.244982669E-07
7.667667668E+01   -4.973967347E-07
7.677677678E+01   -6.638201744E-07
7.687687688E+01   -8.238137015E-07
7.697697698E+01   -9.774275591E-07
7.707707708E+01   -1.124716902E-06
7.717717718E+01   -1.265741581E-06
7.727727728E+01   -1.400565932E-06
7.737737738E+01   -1.529258566E-06
7.747747748E+01   -1.651892159E-06
7.757757758E+01   -1.768543248E-06
7.767767768E+01   -1.879292028E-06
7.777777778E+01   -1.984222151E-06
7.787787788E+01   -2.083420528E-06
7.797797798E+01   -2.176977138E-06
7.807807808E+01   -2.264984830E-06
7.817817818E+01   -2.347539142E-06
7.827827828E+01   -2.424738109E-06
7.837837838E+01   -2.496682085E-06
7.847847848E+01   -2.563473566E-06
7.857857858E+01   -2.625217008E-06
7.867867868E+01   -2.682018664E-06
7.877877878E+01   -2.733986409E-06
7.887887888E+01   -2.781229582E-06
7.897897898E+01   -2.823858818E-06
7.907907908E+01   -2.861985900E-06
7.917917918E+01   -2.895723598E-06
7.927927928E+01   -2.925185523E-06
7.937937938E+01   -2.950485985E-06
7.947947948E+01   -2.971739846E-06
7.957957958E+01   -2.989062384E-06
7.967967968E+01   -3.002569164E-06
7.977977978E+01   -3.012375901E-06
7.987987988E+01   -3.018598341E-06
7.997997998E+01   -3.021352135E-06
8.008008008E+01   -3.020752724E-06
8.018018018E+01   -3.016915224E-06
8.028028028E+01   -3.009954315E-06
8.038038038E+01   -2.999984140E-06
8.048048048E+01   -2.987118196E-06
8.058058058E+01   -2.971469243E-06
8.068068068E+01   -2.953149205E-06
8.078078078E+01   -2.932269083E-06
8.088088088E+01   -2.908938867E-06
8.098098098E+01   -2.883267454E-06
8.108108108E+01   -2.855362568E-06
8.118118118E+01   -2.825330689E-06
8.128128128E+01   -2.793276977E-06
8.138138138E+01   -2.759305206E-06
8.148148148E+01   -2.723517702E-06
8.158158158E+01   -2.686015281E-06
8.168168168E+01   -2.646897191E-06
8.178178178E+01   -2.606261061E-06
8.188188188E+01   -2.564202848E-06
8.198198198E+01   -2.520816794E-06
8.208208208E+01   -2.476195379E-06
8.218218218E+01   -2.430429286E-06
8.228228228E+01   -2.383607356E-06
8.238238238E+01   -2.335816564E-06
8.248248248E+01   -2.287141980E-06
8.258258258E+01   -2.237666745E-06
8.268268268E+01   -2.187472049E-06
8.278278278E+01   -2.136637102E-06
8.288288288E+01   -2.085239121E-06
8.298298298E+01   -2.033353311E-06
8.308308308E+01   -1.981052853E-06
8.318318318E+01   -1.928408891E-06
8.328328328E+01   -1.875490524E-06
8.338338338E+01   -1.822364800E-06
8.348348348E+01   -1.769096713E-06
8.358358358E+01   -1.715749200E-06
8.368368368E+01   -1.662383143E-06
8.378378378E+01   -1.609057373E-06
8.388388388E+01   -1.555828672E-06
8.398398398E+01   -1.502751782E-06
8.408408408E+01   -1.449879416E-06
8.418418418E+01   -1.397262263E-06
8.428428428E+01   -1.344949009E-06
8.438438438E+01   -1.292986344E-06
8.448448448E+01   -1.241418982E-06
8.458458458E+01   -1.190289680E-06
8.468468468E+01   -1.139639251E-06
8.478478478E+01   -1.089506593E-06
8.488488488E+01   -1.039928706E-06
8.498498498E+01   -9.909407159E-07
8.508508509E+01   -9.425759008E-07
8.518518519E+01   -8.948657156E-07
8.528528529E+01   -8.478398200E-07
8.538538539E+01   -8.015261059E-07
8.548548549E+01   -7.559507266E-07
8.558558559E+01   -7.111381272E-07
8.568568569E+01   -6.671110754E-07
8.578578579E+01   -6.238906927E-07
8.588588589E+01   -5.814964876E-07
8.598598599E+01   -5.399463883E-07
8.608608609E+01   -4.992567768E-07
8.618618619E+01   -4.594425228E-07
8.628628629E+01   -4.205170192E-07
8.638638639E+01   -3.824922169E-07
8.648648649E+01   -3.453786610E-07
8.658658659E+01   -3.091855267E-07
8.668668669E+01   -2.739206558E-07
8.678678679E+01   -2.395905935E-07
8.688688689E+01   -2.062006251E-07
8.698698699E+01   -1.737548134E-07
8.708708709E+01   -1.422560354E-07
8.718718719E+01   -1.117060204E-07
8.728728729E+01   -8.210538637E-08
8.738738739E+01   -5.345367793E-08
8.748748749E+01   -2.574940332E-08
8.758758759E+01   1.009928408E-09
8.768768769E+01   2.682777035E-08
8.778778779E+01   5.170850086E-08
8.788788789E+01   7.565738695E-08
8.798798799E+01   9.868054781E-08
8.808808809E+01   1.207849187E-07
8.818818819E+01   1.419782150E-07
8.828828829E+01   1.622688967E-07
8.838838839E+01   1.816661336E-07
8.848848849E+01   2.001797698E-07
8.858858859E+01   2.178202901E-07
8.868868869E+01   2.345987855E-07
8.878878879E+01   2.505269200E-07
8.888888889E+01   2.656168979E-07
8.898898899E+01   2.798814307E-07
8.908908909E+01   2.933337057E-07
8.918918919E+01   3.059873543E-07
8.928928929E+01   3.178564216E-07
8.938938939E+01   3.289553355E-07
8.948948949E+01   3.392988779E-07
8.958958959E+01   3.489021548E-07
8.968968969E+01   3.577805688E-07
8.978978979E+01   3.659497906E-07
8.988988989E+01   3.734257323E-07
8.998998999E+01   3.802245211E-07
9.009009009E+01   3.863624730E-07
9.019019019E+01   3.918560683E-07
9.029029029E+01   3.967219269E-07
9.039039039E+01   4.009767849E-07
9.049049049E+01   4.046374711E-07
9.059059059E+01   4.077208853E-07
9.069069069E+01   4.102439763E-07
9.079079079E+01   4.122237213E-07
9.089089089E+01   4.136771056E-07
9.099099099E+01   4.146211033E-07
9.109109109E+01   4.150726587E-07
9.119119119E+01   4.150486679E-07
9.129129129E+01   4.145659618E-07
9.139139139E+01   4.136412898E-07
9.149149149E+01   4.122913035E-07
9.159159159E+01   4.105325416E-07
9.169169169E+01   4.083814160E-07
9.179179179E+01   4.058541974E-07
9.189189189E+01   4.029670027E-07
9.199199199E+01   3.997357824E-07
9.209209209E+01   3.961763092E-07
9.219219219E+01   3.923041669E-07
9.229229229E+01   3.881347400E-07
9.239239239E+01   3.836832040E-07
9.249249249E+01   3.789645169E-07
9.259259259E+01   3.739934101E-07
9.269269269E+01   3.687843813E-07
9.279279279E+01   3.633516872E-07
9.289289289E+01   3.577093368E-07
9.299299299E+01   3.518710860E-07
9.309309309E+01   3.458504320E-07
9.319319319E+01   3.396606087E-07
9.329329329E+01   3.333145826E-07
9.339339339E+01   3.268250492E-07
9.349349349E+01   3.202044299E-07
9.359359359E+01   3.134648699E-07
9.369369369E+01   3.066182360E-07
9.379379379E+01   2.996761148E-07
9.389389389E+01   2.926498126E-07
9.399399399E+01   2.855503541E-07
9.409409409E+01   2.783884830E-07
9.419419419E+01   2.711746621E-07
9.429429429E+01   2.639190743E-07
9.439439439E+01   2.566316241E-07
9.449449449E+01   2.493219391E-07
9.459459459E+01   2.419993724E-07
9.469469469E+01   2.346730047E-07
9.479479479E+01   2.273516475E-07
9.489489489E+01   2.200438466E-07
9.499499499E+01   2.127578851E-07
9.509509510E+01   2.055017875E-07
9.519519520E+01   1.982833242E-07
9.529529530E+01   1.911100157E-07
9.539539540E+01   1.839891373E-07
9.549549550E+01   1.769277244E-07
9.559559560E+01   1.699325778E-07
9.569569570E+01   1.630102688E-07
9.579579580E+01   1.561671454E-07
9.589589590E+01   1.494093378E-07
9.599599600E+01   1.427427650E-07
9.609609610E+01   1.361731405E-07
9.619619620E+01   1.297059791E-07
9.629629630E+01   1.233466034E-07
9.639639640E+01   1.171001502E-07
9.649649650E+01   1.109715779E-07
9.659659660E+01   1.049656725E-07
9.669669670E+01   9.908705516E-08
9.679679680E+01   9.334018905E-08
9.689689690E+01   8.772938626E-08
9.699699700E+01   8.225881491E-08
9.709709710E+01   7.693250625E-08
9.719719720E+01   7.175436162E-08
9.729729730E+01   6.672815956E-08
9.739739740E+01   6.185756275E-08
9.749749750E+01   5.714612492E-08
9.759759760E+01   5.259729776E-08
9.769769770E+01   4.821443765E-08
9.779779780E+01   4.400081237E-08
9.789789790E+01   3.995960758E-08
9.799799800E+01   3.609393332E-08
9.809809810E+01   3.240683021E-08
9.819819820E+01   2.890127558E-08
9.829829830E+01   2.558018941E-08
9.839839840E+01   2.244643999E-08
9.849849850E+01   1.950284949E-08
9.859859860E+01   1.675219924E-08
9.869869870E+01   1.419723474E-08
9.879879880E+01   1.184067044E-08
9.889889890E+01   9.685194285E-09
9.899899900E+01   7.733471896E-09
9.909909910E+01   5.988150496E-09
9.919919920E+01   4.451862492E-09
9.929929930E+01   3.127228734E-09
9.939939940E+01   2.016861410E-09
9.949949950E+01   1.123366584E-09
9.959959960E+01   4.493463415E-10
9.969969970E+01   -2.599459752E-12
9.979979980E+01   -2.298718520E-10
9.989989990E+01   -2.298718519E-10
1.000000000E+02   0.000000000E+00
