0.000000000E+00   -8.464877788E-01
1.001001001E-01   -8.324877789E-01
2.002002002E-01   -8.185931523E-01
3.003003003E-01   -8.048038989E-01
4.004004004E-01   -7.911200126E-01
5.005005005E-01   -7.775414810E-01
6.006006006E-01   -7.640682856E-01
7.007007007E-01   -7.507004018E-01
8.008008008E-01   -7.374377986E-01
9.009009009E-01   -7.242804390E-01
1.001001001E+00   -7.112282798E-01
1.101101101E+00   -6.982812715E-01
1.201201201E+00   -6.854393587E-01
1.301301301E+00   -6.727024796E-01
1.401401401E+00   -6.600705664E-01
1.501501502E+00   -6.475435453E-01
1.601601602E+00   -6.351213360E-01
1.701701702E+00   -6.228038524E-01
1.801801802E+00   -6.105910024E-01
1.901901902E+00   -5.984826874E-01
2.002002002E+00   -5.864788031E-01
2.102102102E+00   -5.745792390E-01
2.202202202E+00   -5.627838785E-01
2.302302302E+00   -5.510925992E-01
2.402402402E+00   -5.395052725E-01
2.502502503E+00   -5.280217638E-01
2.602602603E+00   -5.166419325E-01
2.702702703E+00   -5.053656323E-01
2.802802803E+00   -4.941927106E-01
2.902902903E+00   -4.831230092E-01
3.003003003E+00   -4.721563638E-01
3.103103103E+00   -4.612926043E-01
3.203203203E+00   -4.505315548E-01
3.303303303E+00   -4.398730334E-01
3.403403403E+00   -4.293168525E-01
3.503503504E+00   -4.188628188E-01
3.603603604E+00   -4.085107332E-01
3.703703704E+00   -3.982603907E-01
3.803803804E+00   -3.881115808E-01
3.903903904E+00   -3.780640872E-01
4.004004004E+00   -3.681176880E-01
4.104104104E+00   -3.582721558E-01
4.204204204E+00   -3.485272574E-01
4.304304304E+00   -3.388827540E-01
4.404404404E+00   -3.293384016E-01
4.504504505E+00   -3.198939504E-01
4.604604605E+00   -3.105491452E-01
4.704704705E+00   -3.013037255E-01
4.804804805E+00   -2.921574251E-01
4.904904905E+00   -2.831099728E-01
5.005005005E+00   -2.741610917E-01
5.105105105E+00   -2.653104999E-01
5.205205205E+00   -2.565579102E-01
5.305305305E+00   -2.479030299E-01
5.405405405E+00   -2.393455615E-01
5.505505506E+00   -2.308852020E-01
5.605605606E+00   -2.225216435E-01
5.705705706E+00   -2.142545730E-01
5.805805806E+00   -2.060836724E-01
5.905905906E+00   -1.980086187E-01
6.006006006E+00   -1.900290837E-01
6.106106106E+00   -1.821447347E-01
6.206206206E+00   -1.743552338E-01
6.306306306E+00   -1.666602383E-01
6.406406406E+00   -1.590594008E-01
6.506506507E+00   -1.515523693E-01
6.606606607E+00   -1.441387868E-01
6.706706707E+00   -1.368182918E-01
6.806806807E+00   -1.295905182E-01
6.906906907E+00   -1.224550954E-01
7.007007007E+00   -1.154116481E-01
7.107107107E+00   -1.084597966E-01
7.207207207E+00   -1.015991569E-01
7.307307307E+00   -9.482934041E-02
7.407407407E+00   -8.814995446E-02
7.507507508E+00   -8.156060192E-02
7.607607608E+00   -7.506088147E-02
7.707707708E+00   -6.865038764E-02
7.807807808E+00   -6.232871079E-02
7.907907908E+00   -5.609543723E-02
8.008008008E+00   -4.995014922E-02
8.108108108E+00   -4.389242505E-02
8.208208208E+00   -3.792183907E-02
8.308308308E+00   -3.203796178E-02
8.408408408E+00   -2.624035982E-02
8.508508509E+00   -2.052859609E-02
8.608608609E+00   -1.490222975E-02
8.708708709E+00   -9.360816317E-03
8.808808809E+00   -3.903907680E-03
8.908908909E+00   1.468947823E-03
9.009009009E+00   6.758205356E-03
9.109109109E+00   1.196432353E-02
9.209209209E+00   1.708776435E-02
9.309309309E+00   2.212899316E-02
9.409409409E+00   2.708847857E-02
9.509509510E+00   3.196669245E-02
9.609609610E+00   3.676410979E-02
9.709709710E+00   4.148120874E-02
9.809809810E+00   4.611847047E-02
9.909909910E+00   5.067637917E-02
1.001001001E+01   5.515542196E-02
1.011011011E+01   5.955608885E-02
1.021021021E+01   6.387887267E-02
1.031031031E+01   6.812426902E-02
1.041041041E+01   7.229277622E-02
1.051051051E+01   7.638489522E-02
1.061061061E+01   8.040112957E-02
1.071071071E+01   8.434198537E-02
1.081081081E+01   8.820797117E-02
1.091091091E+01   9.199959795E-02
1.101101101E+01   9.571737905E-02
1.111111111E+01   9.936183010E-02
1.121121121E+01   1.029334690E-01
1.131131131E+01   1.064328157E-01
1.141141141E+01   1.098603924E-01
1.151151151E+01   1.132167234E-01
1.161161161E+01   1.165023349E-01
1.171171171E+01   1.197177550E-01
1.181181181E+01   1.228635137E-01
1.191191191E+01   1.259401430E-01
1.201201201E+01   1.289481764E-01
1.211211211E+01   1.318881492E-01
1.221221221E+01   1.347605984E-01
1.231231231E+01   1.375660625E-01
1.241241241E+01   1.403050816E-01
1.251251251E+01   1.429781970E-01
1.261261261E+01   1.455859518E-01
1.271271271E+01   1.481288902E-01
1.281281281E+01   1.506075575E-01
1.291291291E+01   1.530225007E-01
1.301301301E+01   1.553742674E-01
1.311311311E+01   1.576634068E-01
1.321321321E+01   1.598904687E-01
1.331331331E+01   1.620560042E-01
1.341341341E+01   1.641605651E-01
1.351351351E+01   1.662047041E-01
1.361361361E+01   1.681889748E-01
1.371371371E+01   1.701139315E-01
1.381381381E+01   1.719801291E-01
1.391391391E+01   1.737881231E-01
1.401401401E+01   1.755384697E-01
1.411411411E+01   1.772317254E-01
1.421421421E+01   1.788684473E-01
1.431431431E+01   1.804491928E-01
1.441441441E+01   1.819745196E-01
1.451451451E+01   1.834449858E-01
1.461461461E+01   1.848611495E-01
1.471471471E+01   1.862235691E-01
1.481481481E+01   1.875328030E-01
1.491491491E+01   1.887894097E-01
1.501501502E+01   1.899939476E-01
1.511511512E+01   1.911469750E-01
1.521521522E+01   1.922490501E-01
1.531531532E+01   1.933007310E-01
1.541541542E+01   1.943025753E-01
1.551551552E+01   1.952551406E-01
1.561561562E+01   1.961589837E-01
1.571571572E+01   1.970146615E-01
1.581581582E+01   1.978227300E-01
1.591591592E+01   1.985837448E-01
1.601601602E+01   1.992982610E-01
1.611611612E+01   1.999668329E-01
1.621621622E+01   2.005900141E-01
1.631631632E+01   2.011683577E-01
1.641641642E+01   2.017024157E-01
1.651651652E+01   2.021927394E-01
1.661661662E+01   2.026398790E-01
1.671671672E+01   2.030443840E-01
1.681681682E+01   2.034068026E-01
1.691691692E+01   2.037276822E-01
1.701701702E+01   2.040075689E-01
1.711711712E+01   2.042470077E-01
1.721721722E+01   2.044465423E-01
1.731731732E+01   2.046067151E-01
1.741741742E+01   2.047280674E-01
1.751751752E+01   2.048111388E-01
1.761761762E+01   2.048564677E-01
1.771771772E+01   2.048645910E-01
1.781781782E+01   2.048360440E-01
1.791791792E+01   2.047713605E-01
1.801801802E+01   2.046710726E-01
1.811811812E+01   2.045357108E-01
1.821821822E+01   2.043658039E-01
1.831831832E+01   2.041618788E-01
1.841841842E+01   2.039244609E-01
1.851851852E+01   2.036540734E-01
1.861861862E+01   2.033512378E-01
1.871871872E+01   2.030164736E-01
1.881881882E+01   2.026502984E-01
1.891891892E+01   2.022532277E-01
1.901901902E+01   2.018257750E-01
1.911911912E+01   2.013684515E-01
1.921921922E+01   2.008817664E-01
1.931931932E+01   2.003662267E-01
1.941941942E+01   1.998223373E-01
1.951951952E+01   1.992506004E-01
1.961961962E+01   1.986515163E-01
1.971971972E+01   1.980255828E-01
1.981981982E+01   1.973732953E-01
1.991991992E+01   1.966951467E-01
2.002002002E+01   1.959916276E-01
2.012012012E+01   1.952632258E-01
2.022022022E+01   1.945104270E-01
2.032032032E+01   1.937337138E-01
2.042042042E+01   1.929335667E-01
2.052052052E+01   1.921104630E-01
2.062062062E+01   1.912648778E-01
2.072072072E+01   1.903972833E-01
2.082082082E+01   1.895081487E-01
2.092092092E+01   1.885979409E-01
2.102102102E+01   1.876671236E-01
2.112112112E+01   1.867161577E-01
2.122122122E+01   1.857455013E-01
2.132132132E+01   1.847556097E-01
2.142142142E+01   1.837469350E-01
2.152152152E+01   1.827199265E-01
2.162162162E+01   1.816750304E-01
2.172172172E+01   1.806126899E-01
2.182182182E+01   1.795333452E-01
2.192192192E+01   1.784374334E-01
2.202202202E+01   1.773253884E-01
2.212212212E+01   1.761976411E-01
2.222222222E+01   1.750546190E-01
2.232232232E+01   1.738967466E-01
2.242242242E+01   1.727244453E-01
2.252252252E+01   1.715381330E-01
2.262262262E+01   1.703382244E-01
2.272272272E+01   1.691251311E-01
2.282282282E+01   1.678992612E-01
2.292292292E+01   1.666610195E-01
2.302302302E+01   1.654108075E-01
2.312312312E+01   1.641490234E-01
2.322322322E+01   1.628760619E-01
2.332332332E+01   1.615923142E-01
2.342342342E+01   1.602981685E-01
2.352352352E+01   1.589940090E-01
2.362362362E+01   1.576802167E-01
2.372372372E+01   1.563571694E-01
2.382382382E+01   1.550252408E-01
2.392392392E+01   1.536848017E-01
2.402402402E+01   1.523362189E-01
2.412412412E+01   1.509798561E-01
2.422422422E+01   1.496160730E-01
2.432432432E+01   1.482452260E-01
2.442442442E+01   1.468676680E-01
2.452452452E+01   1.454837481E-01
2.462462462E+01   1.440938119E-01
2.472472472E+01   1.426982014E-01
2.482482482E+01   1.412972549E-01
2.492492492E+01   1.398913072E-01
2.502502503E+01   1.384806895E-01
2.512512513E+01   1.370657290E-01
2.522522523E+01   1.356467497E-01
2.532532533E+01   1.342240716E-01
2.542542543E+01   1.327980113E-01
2.552552553E+01   1.313688814E-01
2.562562563E+01   1.299369911E-01
2.572572573E+01   1.285026459E-01
2.582582583E+01   1.270661474E-01
2.592592593E+01   1.256277937E-01
2.602602603E+01   1.241878791E-01
2.612612613E+01   1.227466943E-01
2.622622623E+01   1.213045261E-01
2.632632633E+01   1.198616578E-01
2.642642643E+01   1.184183690E-01
2.652652653E+01   1.169749354E-01
2.662662663E+01   1.155316291E-01
2.672672673E+01   1.140887186E-01
2.682682683E+01   1.126464686E-01
2.692692693E+01   1.112051399E-01
2.702702703E+01   1.097649900E-01
2.712712713E+01   1.083262725E-01
2.722722723E+01   1.068892371E-01
2.732732733E+01   1.054541301E-01
2.742742743E+01   1.040211941E-01
2.752752753E+01   1.025906678E-01
2.762762763E+01   1.011627865E-01
2.772772773E+01   9.973778148E-02
2.782782783E+01   9.831588070E-02
2.792792793E+01   9.689730826E-02
2.802802803E+01   9.548228467E-02
2.812812813E+01   9.407102677E-02
2.822822823E+01   9.266374777E-02
2.832832833E+01   9.126065727E-02
2.842842843E+01   8.986196121E-02
2.852852853E+01   8.846786196E-02
2.862862863E+01   8.707855825E-02
2.872872873E+01   8.569424526E-02
2.882882883E+01   8.431511455E-02
2.892892893E+01   8.294135413E-02
2.902902903E+01   8.157314847E-02
2.912912913E+01   8.021067846E-02
2.922922923E+01   7.885412148E-02
2.932932933E+01   7.750365138E-02
2.942942943E+01   7.615943851E-02
2.952952953E+01   7.482164973E-02
2.962962963E+01   7.349044841E-02
2.972972973E+01   7.216599447E-02
2.982982983E+01   7.084844436E-02
2.992992993E+01   6.953795113E-02
3.003003003E+01   6.823466438E-02
3.013013013E+01   6.693873033E-02
3.023023023E+01   6.565029179E-02
3.033033033E+01   6.436948824E-02
3.043043043E+01   6.309645577E-02
3.053053053E+01   6.183132717E-02
3.063063063E+01   6.057423189E-02
3.073073073E+01   5.932529610E-02
3.083083083E+01   5.808464267E-02
3.093093093E+01   5.685239125E-02
3.103103103E+01   5.562865820E-02
3.113113113E+01   5.441355671E-02
3.123123123E+01   5.320719674E-02
3.133133133E+01   5.200968507E-02
3.143143143E+01   5.082112533E-02
3.153153153E+01   4.964161802E-02
3.163163163E+01   4.847126050E-02
3.173173173E+01   4.731014706E-02
3.183183183E+01   4.615836890E-02
3.193193193E+01   4.501601417E-02
3.203203203E+01   4.388316801E-02
3.213213213E+01   4.275991253E-02
3.223223223E+01   4.164632687E-02
3.233233233E+01   4.054248720E-02
3.243243243E+01   3.944846676E-02
3.253253253E+01   3.836433589E-02
3.263263263E+01   3.729016201E-02
3.273273273E+01   3.622600971E-02
3.283283283E+01   3.517194072E-02
3.293293293E+01   3.412801395E-02
3.303303303E+01   3.309428553E-02
3.313313313E+01   3.207080882E-02
3.323323323E+01   3.105763444E-02
3.333333333E+01   3.005481030E-02
3.343343343E+01   2.906238162E-02
3.353353353E+01   2.808039093E-02
3.363363363E+01   2.710887817E-02
3.373373373E+01   2.614788062E-02
3.383383383E+01   2.519743302E-02
3.393393393E+01   2.425756751E-02
3.403403403E+01   2.332831373E-02
3.413413413E+01   2.240969879E-02
3.423423423E+01   2.150174734E-02
3.433433433E+01   2.060448158E-02
3.443443443E+01   1.971792127E-02
3.453453453E+01   1.884208378E-02
3.463463463E+01   1.797698411E-02
3.473473473E+01   1.712263494E-02
3.483483483E+01   1.627904660E-02
3.493493493E+01   1.544622716E-02
3.503503504E+01   1.462418242E-02
3.513513514E+01   1.381291596E-02
3.523523524E+01   1.301242915E-02
3.533533534E+01   1.222272119E-02
3.543543544E+01   1.144378914E-02
3.553553554E+01   1.067562792E-02
3.563563564E+01   9.918230387E-03
3.573573574E+01   9.171587330E-03
3.583583584E+01   8.435687504E-03
3.593593594E+01   7.710517660E-03
3.603603604E+01   6.996062577E-03
3.613613614E+01   6.292305086E-03
3.623623624E+01   5.599226103E-03
3.633633634E+01   4.916804653E-03
3.643643644E+01   4.245017902E-03
3.653653654E+01   3.583841185E-03
3.663663664E+01   2.933248034E-03
3.673673674E+01   2.293210207E-03
3.683683684E+01   1.663697719E-03
3.693693694E+01   1.044678865E-03
3.703703704E+01   4.361202566E-04
3.713713714E+01   -1.620131571E-04
3.723723724E+01   -7.497580554E-04
3.733733734E+01   -1.327152719E-03
3.743743744E+01   -1.894237004E-03
3.753753754E+01   -2.451052306E-03
3.763763764E+01   -2.997641542E-03
3.773773774E+01   -3.534049113E-03
3.783783784E+01   -4.060320880E-03
3.793793794E+01   -4.576504133E-03
3.803803804E+01   -5.082647567E-03
3.813813814E+01   -5.578801248E-03
3.823823824E+01   -6.065016591E-03
3.833833834E+01   -6.541346324E-03
3.843843844E+01   -7.007844469E-03
3.853853854E+01   -7.464566307E-03
3.863863864E+01   -7.911568355E-03
3.873873874E+01   -8.348908332E-03
3.883883884E+01   -8.776645140E-03
3.893893894E+01   -9.194838829E-03
3.903903904E+01   -9.603550572E-03
3.913913914E+01   -1.000284264E-02
3.923923924E+01   -1.039277837E-02
3.933933934E+01   -1.077342214E-02
3.943943944E+01   -1.114483934E-02
3.953953954E+01   -1.150709636E-02
3.963963964E+01   -1.186026054E-02
3.973973974E+01   -1.220440016E-02
3.983983984E+01   -1.253958439E-02
3.993993994E+01   -1.286588331E-02
4.004004004E+01   -1.318336783E-02
4.014014014E+01   -1.349210970E-02
4.024024024E+01   -1.379218147E-02
4.034034034E+01   -1.408365648E-02
4.044044044E+01   -1.436660881E-02
4.054054054E+01   -1.464111325E-02
4.064064064E+01   -1.490724533E-02
4.074074074E+01   -1.516508122E-02
4.084084084E+01   -1.541469775E-02
4.094094094E+01   -1.565617240E-02
4.104104104E+01   -1.588958321E-02
4.114114114E+01   -1.611500884E-02
4.124124124E+01   -1.633252846E-02
4.134134134E+01   -1.654222181E-02
4.144144144E+01   -1.674416910E-02
4.154154154E+01   -1.693845105E-02
4.164164164E+01   -1.712514882E-02
4.174174174E+01   -1.730434400E-02
4.184184184E+01   -1.747611861E-02
4.194194194E+01   -1.764055505E-02
4.204204204E+01   -1.779773607E-02
4.214214214E+01   -1.794774479E-02
4.224224224E+01   -1.809066464E-02
4.234234234E+01   -1.822657934E-02
4.244244244E+01   -1.835557290E-02
4.254254254E+01   -1.847772957E-02
4.264264264E+01   -1.859313386E-02
4.274274274E+01   -1.870187046E-02
4.284284284E+01   -1.880402428E-02
4.294294294E+01   -1.889968039E-02
4.304304304E+01   -1.898892400E-02
4.314314314E+01   -1.907184046E-02
4.324324324E+01   -1.914851524E-02
4.334334334E+01   -1.921903389E-02
4.344344344E+01   -1.928348203E-02
4.354354354E+01   -1.934194532E-02
4.364364364E+01   -1.939450949E-02
4.374374374E+01   -1.944126023E-02
4.384384384E+01   -1.948228326E-02
4.394394394E+01   -1.951766428E-02
4.404404404E+01   -1.954748892E-02
4.414414414E+01   -1.957184278E-02
4.424424424E+01   -1.959081136E-02
4.434434434E+01   -1.960448007E-02
4.444444444E+01   -1.961293421E-02
4.454454454E+01   -1.961625894E-02
4.464464464E+01   -1.961453931E-02
4.474474474E+01   -1.960786015E-02
4.484484484E+01   -1.959630616E-02
4.494494494E+01   -1.957996181E-02
4.504504505E+01   -1.955891139E-02
4.514514515E+01   -1.953323893E-02
4.524524525E+01   -1.950302825E-02
4.534534535E+01   -1.946836289E-02
4.544544545E+01   -1.942932613E-02
4.554554555E+01   -1.938600095E-02
4.564564565E+01   -1.933847005E-02
4.574574575E+01   -1.928681581E-02
4.584584585E+01   -1.923112025E-02
4.594594595E+01   -1.917146510E-02
4.604604605E+01   -1.910793169E-02
4.614614615E+01   -1.904060101E-02
4.624624625E+01   -1.896955365E-02
4.634634635E+01   -1.889486982E-02
4.644644645E+01   -1.881662931E-02
4.654654655E+01   -1.873491152E-02
4.664664665E+01   -1.864979537E-02
4.674674675E+01   -1.856135939E-02
4.684684685E+01   -1.846968162E-02
4.694694695E+01   -1.837483966E-02
4.704704705E+01   -1.827691063E-02
4.714714715E+01   -1.817597115E-02
4.724724725E+01   -1.807209735E-02
4.734734735E+01   -1.796536487E-02
4.744744745E+01   -1.785584882E-02
4.754754755E+01   -1.774362378E-02
4.764764765E+01   -1.762876381E-02
4.774774775E+01   -1.751134242E-02
4.784784785E+01   -1.739143256E-02
4.794794795E+01   -1.726910663E-02
4.804804805E+01   -1.714443644E-02
4.814814815E+01   -1.701749325E-02
4.824824825E+01   -1.688834772E-02
4.834834835E+01   -1.675706991E-02
4.844844845E+01   -1.662372929E-02
4.854854855E+01   -1.648839472E-02
4.864864865E+01   -1.635113443E-02
4.874874875E+01   -1.621201606E-02
4.884884885E+01   -1.607110658E-02
4.894894895E+01   -1.592847236E-02
4.904904905E+01   -1.578417911E-02
4.914914915E+01   -1.563829190E-02
4.924924925E+01   -1.549087514E-02
4.934934935E+01   -1.534199260E-02
4.944944945E+01   -1.519170737E-02
4.954954955E+01   -1.504008187E-02
4.964964965E+01   -1.488717786E-02
4.974974975E+01   -1.473305642E-02
4.984984985E+01   -1.457777793E-02
4.994994995E+01   -1.442140212E-02
5.005005005E+01   -1.426398799E-02
5.015015015E+01   -1.410559389E-02
5.025025025E+01   -1.394627742E-02
5.035035035E+01   -1.378609554E-02
5.045045045E+01   -1.362510445E-02
5.055055055E+01   -1.346335969E-02
5.065065065E+01   -1.330091605E-02
5.075075075E+01   -1.313782765E-02
5.085085085E+01   -1.297414788E-02
5.095095095E+01   -1.280992939E-02
5.105105105E+01   -1.264522415E-02
5.115115115E+01   -1.248008340E-02
5.125125125E+01   -1.231455764E-02
5.135135135E+01   -1.214869667E-02
5.145145145E+01   -1.198254956E-02
5.155155155E+01   -1.181616466E-02
5.165165165E+01   -1.164958959E-02
5.175175175E+01   -1.148287125E-02
5.185185185E+01   -1.131605580E-02
5.195195195E+01   -1.114918870E-02
5.205205205E+01   -1.098231466E-02
5.215215215E+01   -1.081547767E-02
5.225225225E+01   -1.064872101E-02
5.235235235E+01   -1.048208722E-02
5.245245245E+01   -1.031561812E-02
5.255255255E+01   -1.014935481E-02
5.265265265E+01   -9.983337648E-03
5.275275275E+01   -9.817606300E-03
5.285285285E+01   -9.652199693E-03
5.295295295E+01   -9.487156040E-03
5.305305305E+01   -9.322512837E-03
5.315315315E+01   -9.158306864E-03
5.325325325E+01   -8.994574187E-03
5.335335335E+01   -8.831350161E-03
5.345345345E+01   -8.668669432E-03
5.355355355E+01   -8.506565937E-03
5.365365365E+01   -8.345072910E-03
5.375375375E+01   -8.184222881E-03
5.385385385E+01   -8.024047682E-03
5.395395395E+01   -7.864578448E-03
5.405405405E+01   -7.705845619E-03
5.415415415E+01   -7.547878945E-03
5.425425425E+01   -7.390707490E-03
5.435435435E+01   -7.234359631E-03
5.445445445E+01   -7.078863065E-03
5.455455455E+01   -6.924244814E-03
5.465465465E+01   -6.770531223E-03
5.475475475E+01   -6.617747970E-03
5.485485485E+01   -6.465920066E-03
5.495495495E+01   -6.315071860E-03
5.505505506E+01   -6.165227042E-03
5.515515516E+01   -6.016408652E-03
5.525525526E+01   -5.868639076E-03
5.535535536E+01   -5.721940059E-03
5.545545546E+01   -5.576332702E-03
5.555555556E+01   -5.431837474E-03
5.565565566E+01   -5.288474211E-03
5.575575576E+01   -5.146262121E-03
5.585585586E+01   -5.005219792E-03
5.595595596E+01   -4.865365196E-03
5.605605606E+01   -4.726715692E-03
5.615615616E+01   -4.589288034E-03
5.625625626E+01   -4.453098373E-03
5.635635636E+01   -4.318162264E-03
5.645645646E+01   -4.184494673E-03
5.655655656E+01   -4.052109979E-03
5.665665666E+01   -3.921021980E-03
5.675675676E+01   -3.791243903E-03
5.685685686E+01   -3.662788403E-03
5.695695696E+01   -3.535667573E-03
5.705705706E+01   -3.409892949E-03
5.715715716E+01   -3.285475513E-03
5.725725726E+01   -3.162425703E-03
5.735735736E+01   -3.040753418E-03
5.745745746E+01   -2.920468020E-03
5.755755756E+01   -2.801578345E-03
5.765765766E+01   -2.684092705E-03
5.775775776E+01   -2.568018897E-03
5.785785786E+01   -2.453364209E-03
5.795795796E+01   -2.340135423E-03
5.805805806E+01   -2.228338824E-03
5.815815816E+01   -2.117980206E-03
5.825825826E+01   -2.009064878E-03
5.835835836E+01   -1.901597668E-03
5.845845846E+01   -1.795582934E-03
5.855855856E+01   -1.691024566E-03
5.865865866E+01   -1.587925994E-03
5.875875876E+01   -1.486290195E-03
5.885885886E+01   -1.386119699E-03
5.895895896E+01   -1.287416594E-03
5.905905906E+01   -1.190182534E-03
5.915915916E+01   -1.094418746E-03
5.925925926E+01   -1.000126036E-03
5.935935936E+01   -9.073047931E-04
5.945945946E+01   -8.159549990E-04
5.955955956E+01   -7.260762338E-04
5.965965966E+01   -6.376676816E-04
5.975975976E+01   -5.507281381E-04
5.985985986E+01   -4.652560161E-04
5.995995996E+01   -3.812493530E-04
6.006006006E+01   -2.987058166E-04
6.016016016E+01   -2.176227119E-04
6.026026026E+01   -1.379969878E-04
6.036036036E+01   -5.982524323E-05
6.046046046E+01   1.689626615E-05
6.056056056E+01   9.217162135E-05
6.066066066E+01   1.660052337E-04
6.076076076E+01   2.384018384E-04
6.086086086E+01   3.093664878E-04
6.096096096E+01   3.789045453E-04
6.106106106E+01   4.470216787E-04
6.116116116E+01   5.137238537E-04
6.126126126E+01   5.790173279E-04
6.136136136E+01   6.429086437E-04
6.146146146E+01   7.054046226E-04
6.156156156E+01   7.665123588E-04
6.166166166E+01   8.262392124E-04
6.176176176E+01   8.845928036E-04
6.186186186E+01   9.415810061E-04
6.196196196E+01   9.972119411E-04
6.206206206E+01   1.051493971E-03
6.216216216E+01   1.104435693E-03
6.226226226E+01   1.156045934E-03
6.236236236E+01   1.206333743E-03
6.246246246E+01   1.255308385E-03
6.256256256E+01   1.302979337E-03
6.266266266E+01   1.349356279E-03
6.276276276E+01   1.394449092E-03
6.286286286E+01   1.438267847E-03
6.296296296E+01   1.480822804E-03
6.306306306E+01   1.522124402E-03
6.316316316E+01   1.562183258E-03
6.326326326E+01   1.601010154E-03
6.336336336E+01   1.638616040E-03
6.346346346E+01   1.675012022E-03
6.356356356E+01   1.710209357E-03
6.366366366E+01   1.744219452E-03
6.376376376E+01   1.777053851E-03
6.386386386E+01   1.808724237E-03
6.396396396E+01   1.839242421E-03
6.406406406E+01   1.868620341E-03
6.416416416E+01   1.896870052E-03
6.426426426E+01   1.924003724E-03
6.436436436E+01   1.950033637E-03
6.446446446E+01   1.974972172E-03
6.456456456E+01   1.998831812E-03
6.466466466E+01   2.021625129E-03
6.476476476E+01   2.043364788E-03
6.486486486E+01   2.064063533E-03
6.496496496E+01   2.083734189E-03
6.506506507E+01   2.102389655E-03
6.516516517E+01   2.120042895E-03
6.526526527E+01   2.136706942E-03
6.536536537E+01   2.152394883E-03
6.546546547E+01   2.167119864E-03
6.556556557E+01   2.180895077E-03
6.566566567E+01   2.193733763E-03
6.576576577E+01   2.205649201E-03
6.586586587E+01   2.216654707E-03
6.596596597E+01   2.226763630E-03
6.606606607E+01   2.235989347E-03
6.616616617E+01   2.244345257E-03
6.626626627E+01   2.251844779E-03
6.636636637E+01   2.258501347E-03
6.646646647E+01   2.264328408E-03
6.656656657E+01   2.269339412E-03
6.666666667E+01   2.273547816E-03
6.676676677E+01   2.276967075E-03
6.686686687E+01   2.279610639E-03
6.696696697E+01   2.281491949E-03
6.706706707E+01   2.282624437E-03
6.716716717E+01   2.283021515E-03
6.726726727E+01   2.282696580E-03
6.736736737E+01   2.281663002E-03
6.746746747E+01   2.279934129E-03
6.756756757E+01   2.277523277E-03
6.766766767E+01   2.274443728E-03
6.776776777E+01   2.270708731E-03
6.786786787E+01   2.266331493E-03
6.796796797E+01   2.261325179E-03
6.806806807E+01   2.255702909E-03
6.816816817E+01   2.249477754E-03
6.826826827E+01   2.242662733E-03
6.836836837E+01   2.235270811E-03
6.846846847E+01   2.227314894E-03
6.856856857E+01   2.218807832E-03
6.866866867E+01   2.209762406E-03
6.876876877E+01   2.200191338E-03
6.886886887E+01   2.190107276E-03
6.896896897E+01   2.179522803E-03
6.906906907E+01   2.168450423E-03
6.916916917E+01   2.156902570E-03
6.926926927E+01   2.144891596E-03
6.936936937E+01   2.132429776E-03
6.946946947E+01   2.119529300E-03
6.956956957E+01   2.106202276E-03
6.966966967E+01   2.092460722E-03
6.976976977E+01   2.078316571E-03
6.986986987E+01   2.063781662E-03
6.996996997E+01   2.048867745E-03
7.007007007E+01   2.033586471E-03
7.017017017E+01   2.017949400E-03
7.027027027E+01   2.001967989E-03
7.037037037E+01   1.985653598E-03
7.047047047E+01   1.969017484E-03
7.057057057E+01   1.952070803E-03
7.067067067E+01   1.934824604E-03
7.077077077E+01   1.917289833E-03
7.087087087E+01   1.899477325E-03
7.097097097E+01   1.881397809E-03
7.107107107E+01   1.863061902E-03
7.117117117E+01   1.844480111E-03
7.127127127E+01   1.825662829E-03
7.137137137E+01   1.806620337E-03
7.147147147E+01   1.787362798E-03
7.157157157E+01   1.767900264E-03
7.167167167E+01   1.748242664E-03
7.177177177E+01   1.728399815E-03
7.187187187E+01   1.708381410E-03
7.197197197E+01   1.688197027E-03
7.207207207E+01   1.667856120E-03
7.217217217E+01   1.647368023E-03
7.227227227E+01   1.626741950E-03
7.237237237E+01   1.605986989E-03
7.247247247E+01   1.585112106E-03
7.257257257E+01   1.564126146E-03
7.267267267E+01   1.543037825E-03
7.277277277E+01   1.521855739E-03
7.287287287E+01   1.500588355E-03
7.297297297E+01   1.479244017E-03
7.307307307E+01   1.457830942E-03
7.317317317E+01   1.436357221E-03
7.327327327E+01   1.414830819E-03
7.337337337E+01   1.393259573E-03
7.347347347E+01   1.371651195E-03
7.357357357E+01   1.350013269E-03
7.367367367E+01   1.328353253E-03
7.377377377E+01   1.306678476E-03
7.387387387E+01   1.284996141E-03
7.397397397E+01   1.263313326E-03
7.407407407E+01   1.241636978E-03
7.417417417E+01   1.219973920E-03
7.427427427E+01   1.198330847E-03
7.437437437E+01   1.176714328E-03
7.447447447E+01   1.155130806E-03
7.457457457E+01   1.133586597E-03
7.467467467E+01   1.112087892E-03
7.477477477E+01   1.090640755E-03
7.487487487E+01   1.069251127E-03
7.497497497E+01   1.047924822E-03
7.507507508E+01   1.026667532E-03
7.517517518E+01   1.005484823E-03
7.527527528E+01   9.843821379E-04
7.537537538E+01   9.633647979E-04
7.547547548E+01   9.424380004E-04
7.557557558E+01   9.216068215E-04
7.567567568E+01   9.008762160E-04
7.577577578E+01   8.802510176E-04
7.587587588E+01   8.597359406E-04
7.597597598E+01   8.393355795E-04
7.607607608E+01   8.190544101E-04
7.617617618E+01   7.988967904E-04
7.627627628E+01   7.788669611E-04
7.637637638E+01   7.589690465E-04
7.647647648E+01   7.392070550E-04
7.657657658E+01   7.195848805E-04
7.667667668E+01   7.001063024E-04
7.677677678E+01   6.807749872E-04
7.687687688E+01   6.615944891E-04
7.697697698E+01   6.425682506E-04
7.707707708E+01   6.236996040E-04
7.717717718E+01   6.049917718E-04
7.727727728E+01   5.864478678E-04
7.737737738E+01   5.680708983E-04
7.747747748E+01   5.498637628E-04
7.757757758E+01   5.318292551E-04
7.767767768E+01   5.139700642E-04
7.777777778E+01   4.962887756E-04
7.787787788E+01   4.787878721E-04
7.797797798E+01   4.614697348E-04
7.807807808E+01   4.443366445E-04
7.817817818E+01   4.273907825E-04
7.827827828E+01   4.106342316E-04
7.837837838E+01   3.940689777E-04
7.847847848E+01   3.776969103E-04
7.857857858E+01   3.615198240E-04
7.867867868E+01   3.455394197E-04
7.877877878E+01   3.297573054E-04
7.887887888E+01   3.141749976E-04
7.897897898E+01   2.987939224E-04
7.907907908E+01   2.836154169E-04
7.917917918E+01   2.686407298E-04
7.927927928E+01   2.538710233E-04
7.937937938E+01   2.393073736E-04
7.947947948E+01   2.249507728E-04
7.957957958E+01   2.108021295E-04
7.967967968E+01   1.968622703E-04
7.977977978E+01   1.831319410E-04
7.987987988E+01   1.696118077E-04
7.997997998E+01   1.563024582E-04
8.008008008E+01   1.432044030E-04
8.018018018E+01   1.303180768E-04
8.028028028E+01   1.176438393E-04
8.038038038E+01   1.051819770E-04
8.048048048E+01   9.293270396E-05
8.058058058E+01   8.089616315E-05
8.068068068E+01   6.907242782E-05
8.078078078E+01   5.746150259E-05
8.088088088E+01   4.606332473E-05
8.098098098E+01   3.487776535E-05
8.108108108E+01   2.390463070E-05
8.118118118E+01   1.314366330E-05
8.128128128E+01   2.594543224E-06
8.138138138E+01   -7.743110681E-06
8.148148148E+01   -1.786973961E-05
8.158158158E+01   -2.778584357E-05
8.168168168E+01   -3.749198016E-05
8.178178178E+01   -4.698876339E-05
8.188188188E+01   -5.627686246E-05
8.198198198E+01   -6.535700058E-05
8.208208208E+01   -7.422995377E-05
8.218218218E+01   -8.289654968E-05
8.228228228E+01   -9.135766640E-05
8.238238238E+01   -9.961423131E-05
8.248248248E+01   -1.076672199E-04
8.258258258E+01   -1.155176545E-04
8.268268268E+01   -1.231666035E-04
8.278278278E+01   -1.306151797E-04
8.288288288E+01   -1.378645395E-04
8.298298298E+01   -1.449158817E-04
8.308308308E+01   -1.517704463E-04
8.318318318E+01   -1.584295135E-04
8.328328328E+01   -1.648944027E-04
8.338338338E+01   -1.711664709E-04
8.348348348E+01   -1.772471122E-04
8.358358358E+01   -1.831377566E-04
8.368368368E+01   -1.888398686E-04
8.378378378E+01   -1.943549464E-04
8.388388388E+01   -1.996845210E-04
8.398398398E+01   -2.048301549E-04
8.408408408E+01   -2.097934410E-04
8.418418418E+01   -2.145760020E-04
8.428428428E+01   -2.191794890E-04
8.438438438E+01   -2.236055806E-04
8.448448448E+01   -2.278559822E-04
8.458458458E+01   -2.319324247E-04
8.468468468E+01   -2.358366635E-04
8.478478478E+01   -2.395704779E-04
8.488488488E+01   -2.431356699E-04
8.498498498E+01   -2.465340634E-04
8.508508509E+01   -2.497675031E-04
8.518518519E+01   -2.528378538E-04
8.528528529E+01   -2.557469997E-04
8.538538539E+01   -2.584968430E-04
8.548548549E+01   -2.610893034E-04
8.558558559E+01   -2.635263173E-04
8.568568569E+01   -2.658098367E-04
8.578578579E+01   -2.679418287E-04
8.588588589E+01   -2.699242745E-04
8.598598599E+01   -2.717591686E-04
8.608608609E+01   -2.734485180E-04
8.618618619E+01   -2.749943417E-04
8.628628629E+01   -2.763986696E-04
8.638638639E+01   -2.776635419E-04
8.648648649E+01   -2.787910086E-04
8.658658659E+01   -2.797831282E-04
8.668668669E+01   -2.806419678E-04
8.678678679E+01   -2.813696018E-04
8.688688689E+01   -2.819681115E-04
8.698698699E+01   -2.824395842E-04
8.708708709E+01   -2.827861130E-04
8.718718719E+01   -2.830097957E-04
8.728728729E+01   -2.831127346E-04
8.738738739E+01   -2.830970357E-04
8.748748749E+01   -2.829648078E-04
8.758758759E+01   -2.827181627E-04
8.768768769E+01   -2.823592139E-04
8.778778779E+01   -2.818900765E-04
8.788788789E+01   -2.813128664E-04
8.798798799E+01   -2.806297000E-04
8.808808809E+01   -2.798426936E-04
8.818818819E+01   -2.789539630E-04
8.828828829E+01   -2.779656227E-04
8.838838839E+01   -2.768797860E-04
8.848848849E+01   -2.756985641E-04
8.858858859E+01   -2.744240659E-04
8.868868869E+01   -2.730583973E-04
8.878878879E+01   -2.716036612E-04
8.888888889E+01   -2.700619569E-04
8.898898899E+01   -2.684353796E-04
8.908908909E+01   -2.667260203E-04
8.918918919E+01   -2.649359652E-04
8.928928929E+01   -2.630672956E-04
8.938938939E+01   -2.611220873E-04
8.948948949E+01   -2.591024106E-04
8.958958959E+01   -2.570103299E-04
8.968968969E+01   -2.548479030E-04
8.978978979E+01   -2.526171816E-04
8.988988989E+01   -2.503202104E-04
8.998998999E+01   -2.479590272E-04
9.009009009E+01   -2.455356624E-04
9.019019019E+01   -2.430521390E-04
9.029029029E+01   -2.405104725E-04
9.039039039E+01   -2.379126701E-04
9.049049049E+01   -2.352607313E-04
9.059059059E+01   -2.325566473E-04
9.069069069E+01   -2.298024006E-04
9.079079079E+01   -2.269999655E-04
9.089089089E+01   -2.241513073E-04
9.099099099E+01   -2.212583828E-04
9.109109109E+01   -2.183231395E-04
9.119119119E+01   -2.153475161E-04
9.129129129E+01   -2.123334420E-04
9.139139139E+01   -2.092828374E-04
9.149149149E+01   -2.061976131E-04
9.159159159E+01   -2.030796708E-04
9.169169169E+01   -1.999309024E-04
9.179179179E+01   -1.967531906E-04
9.189189189E+01   -1.935484084E-04
9.199199199E+01   -1.903184192E-04
9.209209209E+01   -1.870650772E-04
9.219219219E+01   -1.837902265E-04
9.229229229E+01   -1.804957022E-04
9.239239239E+01   -1.771833293E-04
9.249249249E+01   -1.738549236E-04
9.259259259E+01   -1.705122914E-04
9.269269269E+01   -1.671572292E-04
9.279279279E+01   -1.637915244E-04
9.289289289E+01   -1.604169548E-04
9.299299299E+01   -1.570352890E-04
9.309309309E+01   -1.536482863E-04
9.319319319E+01   -1.502576968E-04
9.329329329E+01   -1.468652615E-04
9.339339339E+01   -1.434727124E-04
9.349349349E+01   -1.400817724E-04
9.359359359E+01   -1.366941558E-04
9.369369369E+01   -1.333115680E-04
9.379379379E+01   -1.299357060E-04
9.389389389E+01   -1.265682581E-04
9.399399399E+01   -1.232109043E-04
9.409409409E+01   -1.198653163E-04
9.419419419E+01   -1.165331578E-04
9.429429429E+01   -1.132160845E-04
9.439439439E+01   -1.099157442E-04
9.449449449E+01   -1.066337770E-04
9.459459459E+01   -1.033718156E-04
9.469469469E+01   -1.001314851E-04
9.479479479E+01   -9.691440369E-05
9.489489489E+01   -9.372218222E-05
9.499499499E+01   -9.055642479E-05
9.509509510E+01   -8.741872873E-05
9.519519520E+01   -8.431068482E-05
9.529529530E+01   -8.123387747E-05
9.539539540E+01   -7.818988487E-05
9.549549550E+01   -7.518027920E-05
9.559559560E+01   -7.220662677E-05
9.569569570E+01   -6.927048823E-05
9.579579580E+01   -6.637341875E-05
9.589589590E+01   -6.351696819E-05
9.599599600E+01   -6.070268128E-05
9.609609610E+01   -5.793209785E-05
9.619619620E+01   -5.520675293E-05
9.629629630E+01   -5.252817703E-05
9.639639640E+01   -4.989789624E-05
9.649649650E+01   -4.731743249E-05
9.659659660E+01   -4.478830366E-05
9.669669670E+01   -4.231202382E-05
9.679679680E+01   -3.989010339E-05
9.689689690E+01   -3.752404932E-05
9.699699700E+01   -3.521536525E-05
9.709709710E+01   -3.296555173E-05
9.719719720E+01   -3.077610634E-05
9.729729730E+01   -2.864852391E-05
9.739739740E+01   -2.658429667E-05
9.749749750E+01   -2.458491439E-05
9.759759760E+01   -2.265186460E-05
9.769769770E+01   -2.078663268E-05
9.779779780E+01   -1.899070209E-05
9.789789790E+01   -1.726555445E-05
9.799799800E+01   -1.561266973E-05
9.809809810E+01   -1.403352639E-05
9.819819820E+01   -1.252960152E-05
9.829829830E+01   -1.110237094E-05
9.839839840E+01   -9.753309361E-06
9.849849850E+01   -8.483890510E-06
9.859859860E+01   -7.295587225E-06
9.869869870E+01   -6.189871579E-06
9.879879880E+01   -5.168214981E-06
9.889889890E+01   -4.232088275E-06
9.899899900E+01   -3.382961832E-06
9.909909910E+01   -2.622305632E-06
9.919919920E+01   -1.951589341E-06
9.929929930E+01   -1.372282382E-06
9.939939940E+01   -8.858539970E-07
9.949949950E+01   -4.937732976E-07
9.959959960E+01   -1.975093130E-07
9.969969970E+01   1.468974021E-09
9.979979980E+01   1.016925997E-07
9.989989990E+01   1.016925997E-07
1.000000000E+02   0.000000000E+00
