0.000000000E+00   -1.012765127E+00
1.001001001E-01   -9.987651271E-01
2.002002002E-01   -9.848542469E-01
3.003003003E-01   -9.710324864E-01
4.004004004E-01   -9.572998453E-01
5.005005005E-01   -9.436563199E-01
6.006006006E-01   -9.301019030E-01
7.007007007E-01   -9.166365837E-01
8.008008008E-01   -9.032603479E-01
9.009009009E-01   -8.899731779E-01
1.001001001E+00   -8.767750524E-01
1.101101101E+00   -8.636659469E-01
1.201201201E+00   -8.506458330E-01
1.301301301E+00   -8.377146790E-01
1.401401401E+00   -8.248724498E-01
1.501501502E+00   -8.121191065E-01
1.601601602E+00   -7.994546069E-01
1.701701702E+00   -7.868789052E-01
1.801801802E+00   -7.743919521E-01
1.901901902E+00   -7.619936947E-01
2.002002002E+00   -7.496840767E-01
2.102102102E+00   -7.374630381E-01
2.202202202E+00   -7.253305155E-01
2.302302302E+00   -7.132864420E-01
2.402402402E+00   -7.013307469E-01
2.502502503E+00   -6.894633564E-01
2.602602603E+00   -6.776841928E-01
2.702702703E+00   -6.659931750E-01
2.802802803E+00   -6.543902183E-01
2.902902903E+00   -6.428752347E-01
3.003003003E+00   -6.314481323E-01
3.103103103E+00   -6.201088161E-01
3.203203203E+00   -6.088571871E-01
3.303303303E+00   -5.976931433E-01
3.403403403E+00   -5.866165787E-01
3.503503504E+00   -5.756273841E-01
3.603603604E+00   -5.647254466E-01
3.703703704E+00   -5.539106501E-01
3.803803804E+00   -5.431828745E-01
3.903903904E+00   -5.325419967E-01
4.004004004E+00   -5.219878898E-01
4.104104104E+00   -5.115204235E-01
4.204204204E+00   -5.011394640E-01
4.304304304E+00   -4.908448742E-01
4.404404404E+00   -4.806365132E-01
4.504504505E+00   -4.705142370E-01
4.604604605E+00   -4.604778979E-01
4.704704705E+00   -4.505273449E-01
4.804804805E+00   -4.406624234E-01
4.904904905E+00   -4.308829755E-01
5.005005005E+00   -4.211888399E-01
5.105105105E+00   -4.115798518E-01
5.205205205E+00   -4.020558431E-01
5.305305305E+00   -3.926166423E-01
5.405405405E+00   -3.832620744E-01
5.505505506E+00   -3.739919612E-01
5.605605606E+00   -3.648061210E-01
5.705705706E+00   -3.557043688E-01
5.805805806E+00   -3.466865165E-01
5.905905906E+00   -3.377523722E-01
6.006006006E+00   -3.289017411E-01
6.106106106E+00   -3.201344250E-01
6.206206206E+00   -3.114502224E-01
6.306306306E+00   -3.028489285E-01
6.406406406E+00   -2.943303352E-01
6.506506507E+00   -2.858942314E-01
6.606606607E+00   -2.775404025E-01
6.706706707E+00   -2.692686309E-01
6.806806807E+00   -2.610786957E-01
6.906906907E+00   -2.529703728E-01
7.007007007E+00   -2.449434350E-01
7.107107107E+00   -2.369976520E-01
7.207207207E+00   -2.291327904E-01
7.307307307E+00   -2.213486134E-01
7.407407407E+00   -2.136448815E-01
7.507507508E+00   -2.060213520E-01
7.607607608E+00   -1.984777789E-01
7.707707708E+00   -1.910139136E-01
7.807807808E+00   -1.836295041E-01
7.907907908E+00   -1.763242956E-01
8.008008008E+00   -1.690980304E-01
8.108108108E+00   -1.619504476E-01
8.208208208E+00   -1.548812835E-01
8.308308308E+00   -1.478902716E-01
8.408408408E+00   -1.409771423E-01
8.508508509E+00   -1.341416233E-01
8.608608609E+00   -1.273834392E-01
8.708708709E+00   -1.207023122E-01
8.808808809E+00   -1.140979613E-01
8.908908909E+00   -1.075701028E-01
9.009009009E+00   -1.011184505E-01
9.109109109E+00   -9.474271503E-02
9.209209209E+00   -8.844260471E-02
9.309309309E+00   -8.221782495E-02
9.409409409E+00   -7.606807856E-02
9.509509510E+00   -6.999306571E-02
9.609609610E+00   -6.399248395E-02
9.709709710E+00   -5.806602823E-02
9.809809810E+00   -5.221339097E-02
9.909909910E+00   -4.643426201E-02
1.001001001E+01   -4.072832871E-02
1.011011011E+01   -3.509527593E-02
1.021021021E+01   -2.953478607E-02
1.031031031E+01   -2.404653911E-02
1.041041041E+01   -1.863021262E-02
1.051051051E+01   -1.328548178E-02
1.061061061E+01   -8.012019432E-03
1.071071071E+01   -2.809496091E-03
1.081081081E+01   2.322420020E-03
1.091091091E+01   7.384062946E-03
1.101101101E+01   1.237576897E-02
1.111111111E+01   1.729787658E-02
1.121121121E+01   2.215072645E-02
1.131131131E+01   2.693466141E-02
1.141141141E+01   3.165002639E-02
1.151151151E+01   3.629716843E-02
1.161161161E+01   4.087643663E-02
1.171171171E+01   4.538818211E-02
1.181181181E+01   4.983275801E-02
1.191191191E+01   5.421051942E-02
1.201201201E+01   5.852182339E-02
1.211211211E+01   6.276702887E-02
1.221221221E+01   6.694649669E-02
1.231231231E+01   7.106058953E-02
1.241241241E+01   7.510967186E-02
1.251251251E+01   7.909410999E-02
1.261261261E+01   8.301427192E-02
1.271271271E+01   8.687052742E-02
1.281281281E+01   9.066324792E-02
1.291291291E+01   9.439280651E-02
1.301301301E+01   9.805957792E-02
1.311311311E+01   1.016639385E-01
1.321321321E+01   1.052062660E-01
1.331331331E+01   1.086869399E-01
1.341341341E+01   1.121063411E-01
1.351351351E+01   1.154648519E-01
1.361361361E+01   1.187628562E-01
1.371371371E+01   1.220007390E-01
1.381381381E+01   1.251788869E-01
1.391391391E+01   1.282976878E-01
1.401401401E+01   1.313575308E-01
1.411411411E+01   1.343588064E-01
1.421421421E+01   1.373019061E-01
1.431431431E+01   1.401872228E-01
1.441441441E+01   1.430151505E-01
1.451451451E+01   1.457860844E-01
1.461461461E+01   1.485004205E-01
1.471471471E+01   1.511585562E-01
1.481481481E+01   1.537608898E-01
1.491491491E+01   1.563078205E-01
1.501501502E+01   1.587997485E-01
1.511511512E+01   1.612370751E-01
1.521521522E+01   1.636202022E-01
1.531531532E+01   1.659495327E-01
1.541541542E+01   1.682254703E-01
1.551551552E+01   1.704484195E-01
1.561561562E+01   1.726187855E-01
1.571571572E+01   1.747369743E-01
1.581581582E+01   1.768033925E-01
1.591591592E+01   1.788184474E-01
1.601601602E+01   1.807825467E-01
1.611611612E+01   1.826960990E-01
1.621621622E+01   1.845595133E-01
1.631631632E+01   1.863731991E-01
1.641641642E+01   1.881375663E-01
1.651651652E+01   1.898530253E-01
1.661661662E+01   1.915199870E-01
1.671671672E+01   1.931388625E-01
1.681681682E+01   1.947100633E-01
1.691691692E+01   1.962340013E-01
1.701701702E+01   1.977110886E-01
1.711711712E+01   1.991417374E-01
1.721721722E+01   2.005263602E-01
1.731731732E+01   2.018653699E-01
1.741741742E+01   2.031591790E-01
1.751751752E+01   2.044082006E-01
1.761761762E+01   2.056128476E-01
1.771771772E+01   2.067735330E-01
1.781781782E+01   2.078906698E-01
1.791791792E+01   2.089646710E-01
1.801801802E+01   2.099959494E-01
1.811811812E+01   2.109849177E-01
1.821821822E+01   2.119319887E-01
1.831831832E+01   2.128375748E-01
1.841841842E+01   2.137020883E-01
1.851851852E+01   2.145259412E-01
1.861861862E+01   2.153095451E-01
1.871871872E+01   2.160533117E-01
1.881881882E+01   2.167576519E-01
1.891891892E+01   2.174229766E-01
1.901901902E+01   2.180496961E-01
1.911911912E+01   2.186382203E-01
1.921921922E+01   2.191889586E-01
1.931931932E+01   2.197023200E-01
1.941941942E+01   2.201787130E-01
1.951951952E+01   2.206185453E-01
1.961961962E+01   2.210222244E-01
1.971971972E+01   2.213901567E-01
1.981981982E+01   2.217227484E-01
1.991991992E+01   2.220204048E-01
2.002002002E+01   2.222835304E-01
2.012012012E+01   2.225125291E-01
2.022022022E+01   2.227078041E-01
2.032032032E+01   2.228697575E-01
2.042042042E+01   2.229987908E-01
2.052052052E+01   2.230953047E-01
2.062062062E+01   2.231596988E-01
2.072072072E+01   2.231923719E-01
2.082082082E+01   2.231937217E-01
2.092092092E+01   2.231641452E-01
2.102102102E+01   2.231040381E-01
2.112112112E+01   2.230137952E-01
2.122122122E+01   2.228938103E-01
2.132132132E+01   2.227444759E-01
2.142142142E+01   2.225661836E-01
2.152152152E+01   2.223593237E-01
2.162162162E+01   2.221242855E-01
2.172172172E+01   2.218614568E-01
2.182182182E+01   2.215712245E-01
2.192192192E+01   2.212539741E-01
2.202202202E+01   2.209100898E-01
2.212212212E+01   2.205399546E-01
2.222222222E+01   2.201439500E-01
2.232232232E+01   2.197224563E-01
2.242242242E+01   2.192758523E-01
2.252252252E+01   2.188045157E-01
2.262262262E+01   2.183088223E-01
2.272272272E+01   2.177891468E-01
2.282282282E+01   2.172458623E-01
2.292292292E+01   2.166793405E-01
2.302302302E+01   2.160899515E-01
2.312312312E+01   2.154780638E-01
2.322322322E+01   2.148440445E-01
2.332332332E+01   2.141882589E-01
2.342342342E+01   2.135110710E-01
2.352352352E+01   2.128128429E-01
2.362362362E+01   2.120939351E-01
2.372372372E+01   2.113547065E-01
2.382382382E+01   2.105955142E-01
2.392392392E+01   2.098167139E-01
2.402402402E+01   2.090186591E-01
2.412412412E+01   2.082017019E-01
2.422422422E+01   2.073661924E-01
2.432432432E+01   2.065124792E-01
2.442442442E+01   2.056409087E-01
2.452452452E+01   2.047518259E-01
2.462462462E+01   2.038455736E-01
2.472472472E+01   2.029224928E-01
2.482482482E+01   2.019829229E-01
2.492492492E+01   2.010272010E-01
2.502502503E+01   2.000556626E-01
2.512512513E+01   1.990686411E-01
2.522522523E+01   1.980664679E-01
2.532532533E+01   1.970494727E-01
2.542542543E+01   1.960179828E-01
2.552552553E+01   1.949723239E-01
2.562562563E+01   1.939128196E-01
2.572572573E+01   1.928397912E-01
2.582582583E+01   1.917535582E-01
2.592592593E+01   1.906544381E-01
2.602602603E+01   1.895427461E-01
2.612612613E+01   1.884187954E-01
2.622622623E+01   1.872828973E-01
2.632632633E+01   1.861353607E-01
2.642642643E+01   1.849764924E-01
2.652652653E+01   1.838065974E-01
2.662662663E+01   1.826259781E-01
2.672672673E+01   1.814349349E-01
2.682682683E+01   1.802337662E-01
2.692692693E+01   1.790227680E-01
2.702702703E+01   1.778022341E-01
2.712712713E+01   1.765724562E-01
2.722722723E+01   1.753337238E-01
2.732732733E+01   1.740863241E-01
2.742742743E+01   1.728305419E-01
2.752752753E+01   1.715666601E-01
2.762762763E+01   1.702949591E-01
2.772772773E+01   1.690157169E-01
2.782782783E+01   1.677292097E-01
2.792792793E+01   1.664357108E-01
2.802802803E+01   1.651354918E-01
2.812812813E+01   1.638288215E-01
2.822822823E+01   1.625159667E-01
2.832832833E+01   1.611971917E-01
2.842842843E+01   1.598727586E-01
2.852852853E+01   1.585429272E-01
2.862862863E+01   1.572079547E-01
2.872872873E+01   1.558680962E-01
2.882882883E+01   1.545236045E-01
2.892892893E+01   1.531747297E-01
2.902902903E+01   1.518217200E-01
2.912912913E+01   1.504648207E-01
2.922922923E+01   1.491042753E-01
2.932932933E+01   1.477403244E-01
2.942942943E+01   1.463732067E-01
2.952952953E+01   1.450031580E-01
2.962962963E+01   1.436304121E-01
2.972972973E+01   1.422552003E-01
2.982982983E+01   1.408777514E-01
2.992992993E+01   1.394982920E-01
3.003003003E+01   1.381170461E-01
3.013013013E+01   1.367342354E-01
3.023023023E+01   1.353500791E-01
3.033033033E+01   1.339647941E-01
3.043043043E+01   1.325785950E-01
3.053053053E+01   1.311916936E-01
3.063063063E+01   1.298042996E-01
3.073073073E+01   1.284166203E-01
3.083083083E+01   1.270288604E-01
3.093093093E+01   1.256412223E-01
3.103103103E+01   1.242539060E-01
3.113113113E+01   1.228671090E-01
3.123123123E+01   1.214810266E-01
3.133133133E+01   1.200958513E-01
3.143143143E+01   1.187117735E-01
3.153153153E+01   1.173289812E-01
3.163163163E+01   1.159476599E-01
3.173173173E+01   1.145679926E-01
3.183183183E+01   1.131901600E-01
3.193193193E+01   1.118143404E-01
3.203203203E+01   1.104407097E-01
3.213213213E+01   1.090694415E-01
3.223223223E+01   1.077007068E-01
3.233233233E+01   1.063346742E-01
3.243243243E+01   1.049715103E-01
3.253253253E+01   1.036113788E-01
3.263263263E+01   1.022544414E-01
3.273273273E+01   1.009008573E-01
3.283283283E+01   9.955078321E-02
3.293293293E+01   9.820437371E-02
3.303303303E+01   9.686178087E-02
3.313313313E+01   9.552315443E-02
3.323323323E+01   9.418864181E-02
3.333333333E+01   9.285838805E-02
3.343343343E+01   9.153253588E-02
3.353353353E+01   9.021122570E-02
3.363363363E+01   8.889459557E-02
3.373373373E+01   8.758278126E-02
3.383383383E+01   8.627591619E-02
3.393393393E+01   8.497413152E-02
3.403403403E+01   8.367755608E-02
3.413413413E+01   8.238631644E-02
3.423423423E+01   8.110053685E-02
3.433433433E+01   7.982033934E-02
3.443443443E+01   7.854584364E-02
3.453453453E+01   7.727716722E-02
3.463463463E+01   7.601442532E-02
3.473473473E+01   7.475773093E-02
3.483483483E+01   7.350719483E-02
3.493493493E+01   7.226292555E-02
3.503503504E+01   7.102502942E-02
3.513513514E+01   6.979361057E-02
3.523523524E+01   6.856877095E-02
3.533533534E+01   6.735061029E-02
3.543543544E+01   6.613922619E-02
3.553553554E+01   6.493471406E-02
3.563563564E+01   6.373716717E-02
3.573573574E+01   6.254667664E-02
3.583583584E+01   6.136333147E-02
3.593593594E+01   6.018721852E-02
3.603603604E+01   5.901842257E-02
3.613613614E+01   5.785702628E-02
3.623623624E+01   5.670311023E-02
3.633633634E+01   5.555675293E-02
3.643643644E+01   5.441803082E-02
3.653653654E+01   5.328701829E-02
3.663663664E+01   5.216378769E-02
3.673673674E+01   5.104840935E-02
3.683683684E+01   4.994095159E-02
3.693693694E+01   4.884148070E-02
3.703703704E+01   4.775006101E-02
3.713713714E+01   4.666675486E-02
3.723723724E+01   4.559162263E-02
3.733733734E+01   4.452472275E-02
3.743743744E+01   4.346611171E-02
3.753753754E+01   4.241584406E-02
3.763763764E+01   4.137397248E-02
3.773773774E+01   4.034054770E-02
3.783783784E+01   3.931561862E-02
3.793793794E+01   3.829923222E-02
3.803803804E+01   3.729143366E-02
3.813813814E+01   3.629226623E-02
3.823823824E+01   3.530177143E-02
3.833833834E+01   3.431998890E-02
3.843843844E+01   3.334695652E-02
3.853853854E+01   3.238271036E-02
3.863863864E+01   3.142728472E-02
3.873873874E+01   3.048071217E-02
3.883883884E+01   2.954302351E-02
3.893893894E+01   2.861424782E-02
3.903903904E+01   2.769441248E-02
3.913913914E+01   2.678354317E-02
3.923923924E+01   2.588166389E-02
3.933933934E+01   2.498879695E-02
3.943943944E+01   2.410496305E-02
3.953953954E+01   2.323018122E-02
3.963963964E+01   2.236446889E-02
3.973973974E+01   2.150784188E-02
3.983983984E+01   2.066031442E-02
3.993993994E+01   1.982189917E-02
4.004004004E+01   1.899260723E-02
4.014014014E+01   1.817244815E-02
4.024024024E+01   1.736142997E-02
4.034034034E+01   1.655955921E-02
4.044044044E+01   1.576684090E-02
4.054054054E+01   1.498327859E-02
4.064064064E+01   1.420887437E-02
4.074074074E+01   1.344362888E-02
4.084084084E+01   1.268754133E-02
4.094094094E+01   1.194060952E-02
4.104104104E+01   1.120282985E-02
4.114114114E+01   1.047419735E-02
4.124124124E+01   9.754705662E-03
4.134134134E+01   9.044347103E-03
4.144144144E+01   8.343112646E-03
4.154154154E+01   7.650991950E-03
4.164164164E+01   6.967973374E-03
4.174174174E+01   6.294043996E-03
4.184184184E+01   5.629189627E-03
4.194194194E+01   4.973394828E-03
4.204204204E+01   4.326642926E-03
4.214214214E+01   3.688916032E-03
4.224224224E+01   3.060195056E-03
4.234234234E+01   2.440459725E-03
4.244244244E+01   1.829688597E-03
4.254254254E+01   1.227859080E-03
4.264264264E+01   6.349474492E-04
4.274274274E+01   5.092886021E-05
4.284284284E+01   -5.242226318E-04
4.294294294E+01   -1.090534056E-03
4.304304304E+01   -1.648033511E-03
4.314314314E+01   -2.196750145E-03
4.324324324E+01   -2.736714142E-03
4.334334334E+01   -3.267956706E-03
4.344344344E+01   -3.790510042E-03
4.354354354E+01   -4.304407340E-03
4.364364364E+01   -4.809682759E-03
4.374374374E+01   -5.306371414E-03
4.384384384E+01   -5.794509352E-03
4.394394394E+01   -6.274133544E-03
4.404404404E+01   -6.745281862E-03
4.414414414E+01   -7.207993067E-03
4.424424424E+01   -7.662306789E-03
4.434434434E+01   -8.108263517E-03
4.444444444E+01   -8.545904575E-03
4.454454454E+01   -8.975272111E-03
4.464464464E+01   -9.396409080E-03
4.474474474E+01   -9.809359226E-03
4.484484484E+01   -1.021416707E-02
4.494494494E+01   -1.061087789E-02
4.504504505E+01   -1.099953770E-02
4.514514515E+01   -1.138019325E-02
4.524524525E+01   -1.175289201E-02
4.534534535E+01   -1.211768211E-02
4.544544545E+01   -1.247461241E-02
4.554554555E+01   -1.282373238E-02
4.564564565E+01   -1.316509217E-02
4.574574575E+01   -1.349874257E-02
4.584584585E+01   -1.382473496E-02
4.594594595E+01   -1.414312135E-02
4.604604605E+01   -1.445395430E-02
4.614614615E+01   -1.475728698E-02
4.624624625E+01   -1.505317310E-02
4.634634635E+01   -1.534166690E-02
4.644644645E+01   -1.562282316E-02
4.654654655E+01   -1.589669717E-02
4.664664665E+01   -1.616334470E-02
4.674674675E+01   -1.642282203E-02
4.684684685E+01   -1.667518589E-02
4.694694695E+01   -1.692049345E-02
4.704704705E+01   -1.715880233E-02
4.714714715E+01   -1.739017058E-02
4.724724725E+01   -1.761465665E-02
4.734734735E+01   -1.783231938E-02
4.744744745E+01   -1.804321800E-02
4.754754755E+01   -1.824741209E-02
4.764764765E+01   -1.844496160E-02
4.774774775E+01   -1.863592681E-02
4.784784785E+01   -1.882036831E-02
4.794794795E+01   -1.899834703E-02
4.804804805E+01   -1.916992418E-02
4.814814815E+01   -1.933516124E-02
4.824824825E+01   -1.949411998E-02
4.834834835E+01   -1.964686242E-02
4.844844845E+01   -1.979345082E-02
4.854854855E+01   -1.993394767E-02
4.864864865E+01   -2.006841569E-02
4.874874875E+01   -2.019691777E-02
4.884884885E+01   -2.031951703E-02
4.894894895E+01   -2.043627674E-02
4.904904905E+01   -2.054726036E-02
4.914914915E+01   -2.065253148E-02
4.924924925E+01   -2.075215384E-02
4.934934935E+01   -2.084619132E-02
4.944944945E+01   -2.093470789E-02
4.954954955E+01   -2.101776765E-02
4.964964965E+01   -2.109543478E-02
4.974974975E+01   -2.116777354E-02
4.984984985E+01   -2.123484827E-02
4.994994995E+01   -2.129672334E-02
5.005005005E+01   -2.135346320E-02
5.015015015E+01   -2.140513231E-02
5.025025025E+01   -2.145179517E-02
5.035035035E+01   -2.149351627E-02
5.045045045E+01   -2.153036012E-02
5.055055055E+01   -2.156239121E-02
5.065065065E+01   -2.158967402E-02
5.075075075E+01   -2.161227299E-02
5.085085085E+01   -2.163025251E-02
5.095095095E+01   -2.164367694E-02
5.105105105E+01   -2.165261055E-02
5.115115115E+01   -2.165711757E-02
5.125125125E+01   -2.165726211E-02
5.135135135E+01   -2.165310822E-02
5.145145145E+01   -2.164471982E-02
5.155155155E+01   -2.163216074E-02
5.165165165E+01   -2.161549468E-02
5.175175175E+01   -2.159478521E-02
5.185185185E+01   -2.157009575E-02
5.195195195E+01   -2.154148959E-02
5.205205205E+01   -2.150902983E-02
5.215215215E+01   -2.147277944E-02
5.225225225E+01   -2.143280120E-02
5.235235235E+01   -2.138915768E-02
5.245245245E+01   -2.134191129E-02
5.255255255E+01   -2.129112423E-02
5.265265265E+01   -2.123685849E-02
5.275275275E+01   -2.117917582E-02
5.285285285E+01   -2.111813778E-02
5.295295295E+01   -2.105380566E-02
5.305305305E+01   -2.098624055E-02
5.315315315E+01   -2.091550325E-02
5.325325325E+01   -2.084165433E-02
5.335335335E+01   -2.076475408E-02
5.345345345E+01   -2.068486252E-02
5.355355355E+01   -2.060203941E-02
5.365365365E+01   -2.051634421E-02
5.375375375E+01   -2.042783608E-02
5.385385385E+01   -2.033657390E-02
5.395395395E+01   -2.024261622E-02
5.405405405E+01   -2.014602131E-02
5.415415415E+01   -2.004684710E-02
5.425425425E+01   -1.994515120E-02
5.435435435E+01   -1.984099088E-02
5.445445445E+01   -1.973442310E-02
5.455455455E+01   -1.962550444E-02
5.465465465E+01   -1.951429117E-02
5.475475475E+01   -1.940083919E-02
5.485485485E+01   -1.928520403E-02
5.495495495E+01   -1.916744087E-02
5.505505506E+01   -1.904760452E-02
5.515515516E+01   -1.892574941E-02
5.525525526E+01   -1.880192959E-02
5.535535536E+01   -1.867619872E-02
5.545545546E+01   -1.854861010E-02
5.555555556E+01   -1.841921660E-02
5.565565566E+01   -1.828807071E-02
5.575575576E+01   -1.815522451E-02
5.585585586E+01   -1.802072969E-02
5.595595596E+01   -1.788463751E-02
5.605605606E+01   -1.774699882E-02
5.615615616E+01   -1.760786405E-02
5.625625626E+01   -1.746728322E-02
5.635635636E+01   -1.732530592E-02
5.645645646E+01   -1.718198129E-02
5.655655656E+01   -1.703735806E-02
5.665665666E+01   -1.689148452E-02
5.675675676E+01   -1.674440851E-02
5.685685686E+01   -1.659617744E-02
5.695695696E+01   -1.644683827E-02
5.705705706E+01   -1.629643751E-02
5.715715716E+01   -1.614502122E-02
5.725725726E+01   -1.599263501E-02
5.735735736E+01   -1.583932402E-02
5.745745746E+01   -1.568513295E-02
5.755755756E+01   -1.553010603E-02
5.765765766E+01   -1.537428703E-02
5.775775776E+01   -1.521771925E-02
5.785785786E+01   -1.506044554E-02
5.795795796E+01   -1.490250825E-02
5.805805806E+01   -1.474394929E-02
5.815815816E+01   -1.458481008E-02
5.825825826E+01   -1.442513158E-02
5.835835836E+01   -1.426495426E-02
5.845845846E+01   -1.410431813E-02
5.855855856E+01   -1.394326270E-02
5.865865866E+01   -1.378182703E-02
5.875875876E+01   -1.362004967E-02
5.885885886E+01   -1.345796872E-02
5.895895896E+01   -1.329562176E-02
5.905905906E+01   -1.313304594E-02
5.915915916E+01   -1.297027788E-02
5.925925926E+01   -1.280735374E-02
5.935935936E+01   -1.264430918E-02
5.945945946E+01   -1.248117941E-02
5.955955956E+01   -1.231799911E-02
5.965965966E+01   -1.215480250E-02
5.975975976E+01   -1.199162333E-02
5.985985986E+01   -1.182849483E-02
5.995995996E+01   -1.166544977E-02
6.006006006E+01   -1.150252043E-02
6.016016016E+01   -1.133973861E-02
6.026026026E+01   -1.117713561E-02
6.036036036E+01   -1.101474227E-02
6.046046046E+01   -1.085258892E-02
6.056056056E+01   -1.069070543E-02
6.066066066E+01   -1.052912119E-02
6.076076076E+01   -1.036786509E-02
6.086086086E+01   -1.020696556E-02
6.096096096E+01   -1.004645053E-02
6.106106106E+01   -9.886347467E-03
6.116116116E+01   -9.726683361E-03
6.126126126E+01   -9.567484720E-03
6.136136136E+01   -9.408777581E-03
6.146146146E+01   -9.250587507E-03
6.156156156E+01   -9.092939588E-03
6.166166166E+01   -8.935858445E-03
6.176176176E+01   -8.779368229E-03
6.186186186E+01   -8.623492625E-03
6.196196196E+01   -8.468254851E-03
6.206206206E+01   -8.313677660E-03
6.216216216E+01   -8.159783346E-03
6.226226226E+01   -8.006593740E-03
6.236236236E+01   -7.854130214E-03
6.246246246E+01   -7.702413685E-03
6.256256256E+01   -7.551464616E-03
6.266266266E+01   -7.401303017E-03
6.276276276E+01   -7.251948445E-03
6.286286286E+01   -7.103420014E-03
6.296296296E+01   -6.955736388E-03
6.306306306E+01   -6.808915790E-03
6.316316316E+01   -6.662976000E-03
6.326326326E+01   -6.517934362E-03
6.336336336E+01   -6.373807780E-03
6.346346346E+01   -6.230612728E-03
6.356356356E+01   -6.088365248E-03
6.366366366E+01   -5.947080952E-03
6.376376376E+01   -5.806775028E-03
6.386386386E+01   -5.667462240E-03
6.396396396E+01   -5.529156932E-03
6.406406406E+01   -5.391873032E-03
6.416416416E+01   -5.255624051E-03
6.426426426E+01   -5.120423091E-03
6.436436436E+01   -4.986282843E-03
6.446446446E+01   -4.853215594E-03
6.456456456E+01   -4.721233229E-03
6.466466466E+01   -4.590347230E-03
6.476476476E+01   -4.460568686E-03
6.486486486E+01   -4.331908293E-03
6.496496496E+01   -4.204376354E-03
6.506506507E+01   -4.077982788E-03
6.516516517E+01   -3.952737130E-03
6.526526527E+01   -3.828648532E-03
6.536536537E+01   -3.705725772E-03
6.546546547E+01   -3.583977255E-03
6.556556557E+01   -3.463411013E-03
6.566566567E+01   -3.344034713E-03
6.576576577E+01   -3.225855658E-03
6.586586587E+01   -3.108880793E-03
6.596596597E+01   -2.993116704E-03
6.606606607E+01   -2.878569626E-03
6.616616617E+01   -2.765245443E-03
6.626626627E+01   -2.653149696E-03
6.636636637E+01   -2.542287582E-03
6.646646647E+01   -2.432663960E-03
6.656656657E+01   -2.324283353E-03
6.666666667E+01   -2.217149956E-03
6.676676677E+01   -2.111267634E-03
6.686686687E+01   -2.006639929E-03
6.696696697E+01   -1.903270062E-03
6.706706707E+01   -1.801160939E-03
6.716716717E+01   -1.700315152E-03
6.726726727E+01   -1.600734987E-03
6.736736737E+01   -1.502422422E-03
6.746746747E+01   -1.405379135E-03
6.756756757E+01   -1.309606507E-03
6.766766767E+01   -1.215105624E-03
6.776776777E+01   -1.121877283E-03
6.786786787E+01   -1.029921995E-03
6.796796797E+01   -9.392399904E-04
6.806806807E+01   -8.498312184E-04
6.816816817E+01   -7.616953557E-04
6.826826827E+01   -6.748318080E-04
6.836836837E+01   -5.892397141E-04
6.846846847E+01   -5.049179504E-04
6.856856857E+01   -4.218651339E-04
6.866866867E+01   -3.400796268E-04
6.876876877E+01   -2.595595399E-04
6.886886887E+01   -1.803027369E-04
6.896896897E+01   -1.023068379E-04
6.906906907E+01   -2.556922351E-05
6.916916917E+01   4.991296146E-05
6.926926927E+01   1.241428039E-04
6.936936937E+01   1.971236187E-04
6.946946947E+01   2.688589449E-04
6.956956957E+01   3.393525414E-04
6.966966967E+01   4.086083839E-04
6.976976977E+01   4.766306603E-04
6.986986987E+01   5.434237673E-04
6.996996997E+01   6.089923062E-04
7.007007007E+01   6.733410793E-04
7.017017017E+01   7.364750863E-04
7.027027027E+01   7.983995199E-04
7.037037037E+01   8.591197625E-04
7.047047047E+01   9.186413821E-04
7.057057057E+01   9.769701286E-04
7.067067067E+01   1.034111930E-03
7.077077077E+01   1.090072889E-03
7.087087087E+01   1.144859279E-03
7.097097097E+01   1.198477539E-03
7.107107107E+01   1.250934274E-03
7.117117117E+01   1.302236244E-03
7.127127127E+01   1.352390369E-03
7.137137137E+01   1.401403720E-03
7.147147147E+01   1.449283515E-03
7.157157157E+01   1.496037117E-03
7.167167167E+01   1.541672033E-03
7.177177177E+01   1.586195903E-03
7.187187187E+01   1.629616504E-03
7.197197197E+01   1.671941742E-03
7.207207207E+01   1.713179652E-03
7.217217217E+01   1.753338390E-03
7.227227227E+01   1.792426232E-03
7.237237237E+01   1.830451570E-03
7.247247247E+01   1.867422911E-03
7.257257257E+01   1.903348869E-03
7.267267267E+01   1.938238165E-03
7.277277277E+01   1.972099621E-03
7.287287287E+01   2.004942160E-03
7.297297297E+01   2.036774800E-03
7.307307307E+01   2.067606651E-03
7.317317317E+01   2.097446912E-03
7.327327327E+01   2.126304870E-03
7.337337337E+01   2.154189890E-03
7.347347347E+01   2.181111421E-03
7.357357357E+01   2.207078986E-03
7.367367367E+01   2.232102180E-03
7.377377377E+01   2.256190668E-03
7.387387387E+01   2.279354184E-03
7.397397397E+01   2.301602522E-03
7.407407407E+01   2.322945539E-03
7.417417417E+01   2.343393147E-03
7.427427427E+01   2.362955315E-03
7.437437437E+01   2.381642061E-03
7.447447447E+01   2.399463453E-03
7.457457457E+01   2.416429602E-03
7.467467467E+01   2.432550664E-03
7.477477477E+01   2.447836834E-03
7.487487487E+01   2.462298342E-03
7.497497497E+01   2.475945454E-03
7.507507508E+01   2.488788466E-03
7.517517518E+01   2.500837702E-03
7.527527528E+01   2.512103513E-03
7.537537538E+01   2.522596272E-03
7.547547548E+01   2.532326372E-03
7.557557558E+01   2.541304223E-03
7.567567568E+01   2.549540251E-03
7.577577578E+01   2.557044894E-03
7.587587588E+01   2.563828601E-03
7.597597598E+01   2.569901826E-03
7.607607608E+01   2.575275029E-03
7.617617618E+01   2.579958672E-03
7.627627628E+01   2.583963218E-03
7.637637638E+01   2.587299126E-03
7.647647648E+01   2.589976851E-03
7.657657658E+01   2.592006841E-03
7.667667668E+01   2.593399534E-03
7.677677678E+01   2.594165357E-03
7.687687688E+01   2.594314722E-03
7.697697698E+01   2.593858024E-03
7.707707708E+01   2.592805644E-03
7.717717718E+01   2.591167937E-03
7.727727728E+01   2.588955240E-03
7.737737738E+01   2.586177861E-03
7.747747748E+01   2.582846086E-03
7.757757758E+01   2.578970169E-03
7.767767768E+01   2.574560335E-03
7.777777778E+01   2.569626775E-03
7.787787788E+01   2.564179647E-03
7.797797798E+01   2.558229072E-03
7.807807808E+01   2.551785133E-03
7.817817818E+01   2.544857872E-03
7.827827828E+01   2.537457291E-03
7.837837838E+01   2.529593348E-03
7.847847848E+01   2.521275954E-03
7.857857858E+01   2.512514976E-03
7.867867868E+01   2.503320229E-03
7.877877878E+01   2.493701482E-03
7.887887888E+01   2.483668450E-03
7.897897898E+01   2.473230794E-03
7.907907908E+01   2.462398121E-03
7.917917918E+01   2.451179983E-03
7.927927928E+01   2.439585874E-03
7.937937938E+01   2.427625226E-03
7.947947948E+01   2.415307414E-03
7.957957958E+01   2.402641750E-03
7.967967968E+01   2.389637483E-03
7.977977978E+01   2.376303797E-03
7.987987988E+01   2.362649812E-03
7.997997998E+01   2.348684578E-03
8.008008008E+01   2.334417080E-03
8.018018018E+01   2.319856232E-03
8.028028028E+01   2.305010879E-03
8.038038038E+01   2.289889793E-03
8.048048048E+01   2.274501675E-03
8.058058058E+01   2.258855151E-03
8.068068068E+01   2.242958774E-03
8.078078078E+01   2.226821020E-03
8.088088088E+01   2.210450290E-03
8.098098098E+01   2.193854906E-03
8.108108108E+01   2.177043113E-03
8.118118118E+01   2.160023077E-03
8.128128128E+01   2.142802883E-03
8.138138138E+01   2.125390536E-03
8.148148148E+01   2.107793959E-03
8.158158158E+01   2.090020995E-03
8.168168168E+01   2.072079400E-03
8.178178178E+01   2.053976851E-03
8.188188188E+01   2.035720936E-03
8.198198198E+01   2.017319163E-03
8.208208208E+01   1.998778951E-03
8.218218218E+01   1.980107635E-03
8.228228228E+01   1.961312463E-03
8.238238238E+01   1.942400594E-03
8.248248248E+01   1.923379103E-03
8.258258258E+01   1.904254975E-03
8.268268268E+01   1.885035106E-03
8.278278278E+01   1.865726305E-03
8.288288288E+01   1.846335291E-03
8.298298298E+01   1.826868693E-03
8.308308308E+01   1.807333051E-03
8.318318318E+01   1.787734815E-03
8.328328328E+01   1.768080343E-03
8.338338338E+01   1.748375905E-03
8.348348348E+01   1.728627679E-03
8.358358358E+01   1.708841750E-03
8.368368368E+01   1.689024116E-03
8.378378378E+01   1.669180679E-03
8.388388388E+01   1.649317254E-03
8.398398398E+01   1.629439561E-03
8.408408408E+01   1.609553230E-03
8.418418418E+01   1.589663799E-03
8.428428428E+01   1.569776715E-03
8.438438438E+01   1.549897333E-03
8.448448448E+01   1.530030915E-03
8.458458458E+01   1.510182633E-03
8.468468468E+01   1.490357568E-03
8.478478478E+01   1.470560707E-03
8.488488488E+01   1.450796948E-03
8.498498498E+01   1.431071097E-03
8.508508509E+01   1.411387868E-03
8.518518519E+01   1.391751886E-03
8.528528529E+01   1.372167684E-03
8.538538539E+01   1.352639704E-03
8.548548549E+01   1.333172299E-03
8.558558559E+01   1.313769733E-03
8.568568569E+01   1.294436176E-03
8.578578579E+01   1.275175713E-03
8.588588589E+01   1.255992338E-03
8.598598599E+01   1.236889956E-03
8.608608609E+01   1.217872384E-03
8.618618619E+01   1.198943350E-03
8.628628629E+01   1.180106497E-03
8.638638639E+01   1.161365376E-03
8.648648649E+01   1.142723455E-03
8.658658659E+01   1.124184115E-03
8.668668669E+01   1.105750648E-03
8.678678679E+01   1.087426264E-03
8.688688689E+01   1.069214087E-03
8.698698699E+01   1.051117154E-03
8.708708709E+01   1.033138421E-03
8.718718719E+01   1.015280758E-03
8.728728729E+01   9.975469538E-04
8.738738739E+01   9.799397135E-04
8.748748749E+01   9.624616606E-04
8.758758759E+01   9.451153372E-04
8.768768769E+01   9.279032047E-04
8.778778779E+01   9.108276442E-04
8.788788789E+01   8.938909574E-04
8.798798799E+01   8.770953668E-04
8.808808809E+01   8.604430169E-04
8.818818819E+01   8.439359744E-04
8.828828829E+01   8.275762290E-04
8.838838839E+01   8.113656941E-04
8.848848849E+01   7.953062077E-04
8.858858859E+01   7.793995325E-04
8.868868869E+01   7.636473574E-04
8.878878879E+01   7.480512976E-04
8.888888889E+01   7.326128954E-04
8.898898899E+01   7.173336214E-04
8.908908909E+01   7.022148745E-04
8.918918919E+01   6.872579836E-04
8.928928929E+01   6.724642073E-04
8.938938939E+01   6.578347354E-04
8.948948949E+01   6.433706898E-04
8.958958959E+01   6.290731243E-04
8.968968969E+01   6.149430268E-04
8.978978979E+01   6.009813187E-04
8.988988989E+01   5.871888568E-04
8.998998999E+01   5.735664335E-04
9.009009009E+01   5.601147779E-04
9.019019019E+01   5.468345563E-04
9.029029029E+01   5.337263735E-04
9.039039039E+01   5.207907734E-04
9.049049049E+01   5.080282395E-04
9.059059059E+01   4.954391964E-04
9.069069069E+01   4.830240103E-04
9.079079079E+01   4.707829896E-04
9.089089089E+01   4.587163864E-04
9.099099099E+01   4.468243967E-04
9.109109109E+01   4.351071617E-04
9.119119119E+01   4.235647685E-04
9.129129129E+01   4.121972509E-04
9.139139139E+01   4.010045906E-04
9.149149149E+01   3.899867175E-04
9.159159159E+01   3.791435111E-04
9.169169169E+01   3.684748013E-04
9.179179179E+01   3.579803689E-04
9.189189189E+01   3.476599468E-04
9.199199199E+01   3.375132211E-04
9.209209209E+01   3.275398312E-04
9.219219219E+01   3.177393716E-04
9.229229229E+01   3.081113921E-04
9.239239239E+01   2.986553991E-04
9.249249249E+01   2.893708561E-04
9.259259259E+01   2.802571850E-04
9.269269269E+01   2.713137666E-04
9.279279279E+01   2.625399417E-04
9.289289289E+01   2.539350117E-04
9.299299299E+01   2.454982401E-04
9.309309309E+01   2.372288523E-04
9.319319319E+01   2.291260377E-04
9.329329329E+01   2.211889495E-04
9.339339339E+01   2.134167063E-04
9.349349349E+01   2.058083923E-04
9.359359359E+01   1.983630589E-04
9.369369369E+01   1.910797248E-04
9.379379379E+01   1.839573774E-04
9.389389389E+01   1.769949732E-04
9.399399399E+01   1.701914391E-04
9.409409409E+01   1.635456727E-04
9.419419419E+01   1.570565435E-04
9.429429429E+01   1.507228936E-04
9.439439439E+01   1.445435385E-04
9.449449449E+01   1.385172677E-04
9.459459459E+01   1.326428460E-04
9.469469469E+01   1.269190136E-04
9.479479479E+01   1.213444875E-04
9.489489489E+01   1.159179619E-04
9.499499499E+01   1.106381091E-04
9.509509510E+01   1.055035802E-04
9.519519520E+01   1.005130058E-04
9.529529530E+01   9.566499699E-05
9.539539540E+01   9.095814562E-05
9.549549550E+01   8.639102546E-05
9.559559560E+01   8.196219267E-05
9.569569570E+01   7.767018657E-05
9.579579580E+01   7.351353030E-05
9.589589590E+01   6.949073151E-05
9.599599600E+01   6.560028302E-05
9.609609610E+01   6.184066349E-05
9.619619620E+01   5.821033805E-05
9.629629630E+01   5.470775893E-05
9.639639640E+01   5.133136610E-05
9.649649650E+01   4.807958785E-05
9.659659660E+01   4.495084142E-05
9.669669670E+01   4.194353356E-05
9.679679680E+01   3.905606109E-05
9.689689690E+01   3.628681151E-05
9.699699700E+01   3.363416350E-05
9.709709710E+01   3.109648744E-05
9.719719720E+01   2.867214598E-05
9.729729730E+01   2.635949450E-05
9.739739740E+01   2.415688162E-05
9.749749750E+01   2.206264965E-05
9.759759760E+01   2.007513509E-05
9.769769770E+01   1.819266903E-05
9.779779780E+01   1.641357761E-05
9.789789790E+01   1.473618242E-05
9.799799800E+01   1.315880089E-05
9.809809810E+01   1.167974670E-05
9.819819820E+01   1.029733010E-05
9.829829830E+01   9.009858287E-06
9.839839840E+01   7.815635746E-06
9.849849850E+01   6.712964529E-06
9.859859860E+01   5.700144573E-06
9.869869870E+01   4.775473972E-06
9.879879880E+01   3.937249239E-06
9.889889890E+01   3.183765541E-06
9.899899900E+01   2.513316929E-06
9.909909910E+01   1.924196537E-06
9.919919920E+01   1.414696765E-06
9.929929930E+01   9.831094503E-07
9.939939940E+01   6.277260058E-07
9.949949950E+01   3.468375495E-07
9.959959960E+01   1.387350083E-07
9.969969970E+01   1.709202588E-09
9.979979980E+01   -6.594908975E-08
9.989989990E+01   -6.594909059E-08
1.000000000E+02   0.000000000E+00
