0.000000000E+00   -1.495891324E+00
1.001001001E-01   -1.481891324E+00
2.002002002E-01   -1.467950639E+00
3.003003003E-01   -1.454069270E+00
4.004004004E-01   -1.440247214E+00
5.005005005E-01   -1.426484471E+00
6.006006006E-01   -1.412781038E+00
7.007007007E-01   -1.399136909E+00
8.008008008E-01   -1.385552080E+00
9.009009009E-01   -1.372026544E+00
1.001001001E+00   -1.358560293E+00
1.101101101E+00   -1.345153320E+00
1.201201201E+00   -1.331805615E+00
1.301301301E+00   -1.318517166E+00
1.401401401E+00   -1.305287962E+00
1.501501502E+00   -1.292117989E+00
1.601601602E+00   -1.279007235E+00
1.701701702E+00   -1.265955683E+00
1.801801802E+00   -1.252963318E+00
1.901901902E+00   -1.240030122E+00
2.002002002E+00   -1.227156076E+00
2.102102102E+00   -1.214341162E+00
2.202202202E+00   -1.201585359E+00
2.302302302E+00   -1.188888644E+00
2.402402402E+00   -1.176250996E+00
2.502502503E+00   -1.163672390E+00
2.602602603E+00   -1.151152802E+00
2.702702703E+00   -1.138692205E+00
2.802802803E+00   -1.126290573E+00
2.902902903E+00   -1.113947877E+00
3.003003003E+00   -1.101664088E+00
3.103103103E+00   -1.089439176E+00
3.203203203E+00   -1.077273110E+00
3.303303303E+00   -1.065165856E+00
3.403403403E+00   -1.053117382E+00
3.503503504E+00   -1.041127653E+00
3.603603604E+00   -1.029196633E+00
3.703703704E+00   -1.017324286E+00
3.803803804E+00   -1.005510573E+00
3.903903904E+00   -9.937554557E-01
4.004004004E+00   -9.820588945E-01
4.104104104E+00   -9.704208483E-01
4.204204204E+00   -9.588412749E-01
4.304304304E+00   -9.473201313E-01
4.404404404E+00   -9.358573733E-01
4.504504505E+00   -9.244529556E-01
4.604604605E+00   -9.131068320E-01
4.704704705E+00   -9.018189552E-01
4.804804805E+00   -8.905892768E-01
4.904904905E+00   -8.794177474E-01
5.005005005E+00   -8.683043164E-01
5.105105105E+00   -8.572489325E-01
5.205205205E+00   -8.462515431E-01
5.305305305E+00   -8.353120945E-01
5.405405405E+00   -8.244305322E-01
5.505505506E+00   -8.136068004E-01
5.605605606E+00   -8.028408426E-01
5.705705706E+00   -7.921326009E-01
5.805805806E+00   -7.814820167E-01
5.905905906E+00   -7.708890301E-01
6.006006006E+00   -7.603535804E-01
6.106106106E+00   -7.498756058E-01
6.206206206E+00   -7.394550433E-01
6.306306306E+00   -7.290918292E-01
6.406406406E+00   -7.187858986E-01
6.506506507E+00   -7.085371856E-01
6.606606607E+00   -6.983456234E-01
6.706706707E+00   -6.882111440E-01
6.806806807E+00   -6.781336786E-01
6.906906907E+00   -6.681131573E-01
7.007007007E+00   -6.581495092E-01
7.107107107E+00   -6.482426624E-01
7.207207207E+00   -6.383925441E-01
7.307307307E+00   -6.285990804E-01
7.407407407E+00   -6.188621965E-01
7.507507508E+00   -6.091818165E-01
7.607607608E+00   -5.995578636E-01
7.707707708E+00   -5.899902602E-01
7.807807808E+00   -5.804789274E-01
7.907907908E+00   -5.710237855E-01
8.008008008E+00   -5.616247538E-01
8.108108108E+00   -5.522817507E-01
8.208208208E+00   -5.429946936E-01
8.308308308E+00   -5.337634989E-01
8.408408408E+00   -5.245880821E-01
8.508508509E+00   -5.154683577E-01
8.608608609E+00   -5.064042394E-01
8.708708709E+00   -4.973956398E-01
8.808808809E+00   -4.884424706E-01
8.908908909E+00   -4.795446425E-01
9.009009009E+00   -4.707020654E-01
9.109109109E+00   -4.619146482E-01
9.209209209E+00   -4.531822990E-01
9.309309309E+00   -4.445049247E-01
9.409409409E+00   -4.358824315E-01
9.509509510E+00   -4.273147246E-01
9.609609610E+00   -4.188017085E-01
9.709709710E+00   -4.103432864E-01
9.809809810E+00   -4.019393609E-01
9.909909910E+00   -3.935898337E-01
1.001001001E+01   -3.852946053E-01
1.011011011E+01   -3.770535758E-01
1.021021021E+01   -3.688666440E-01
1.031031031E+01   -3.607337080E-01
1.041041041E+01   -3.526546649E-01
1.051051051E+01   -3.446294111E-01
1.061061061E+01   -3.366578420E-01
1.071071071E+01   -3.287398522E-01
1.081081081E+01   -3.208753354E-01
1.091091091E+01   -3.130641844E-01
1.101101101E+01   -3.053062913E-01
1.111111111E+01   -2.976015471E-01
1.121121121E+01   -2.899498422E-01
1.131131131E+01   -2.823510661E-01
1.141141141E+01   -2.748051073E-01
1.151151151E+01   -2.673118537E-01
1.161161161E+01   -2.598711922E-01
1.171171171E+01   -2.524830089E-01
1.181181181E+01   -2.451471892E-01
1.191191191E+01   -2.378636177E-01
1.201201201E+01   -2.306321779E-01
1.211211211E+01   -2.234527527E-01
1.221221221E+01   -2.163252243E-01
1.231231231E+01   -2.092494740E-01
1.241241241E+01   -2.022253822E-01
1.251251251E+01   -1.952528286E-01
1.261261261E+01   -1.883316923E-01
1.271271271E+01   -1.814618513E-01
1.281281281E+01   -1.746431830E-01
1.291291291E+01   -1.678755640E-01
1.301301301E+01   -1.611588702E-01
1.311311311E+01   -1.544929767E-01
1.321321321E+01   -1.478777578E-01
1.331331331E+01   -1.413130870E-01
1.341341341E+01   -1.347988373E-01
1.351351351E+01   -1.283348808E-01
1.361361361E+01   -1.219210887E-01
1.371371371E+01   -1.155573317E-01
1.381381381E+01   -1.092434799E-01
1.391391391E+01   -1.029794022E-01
1.401401401E+01   -9.676496731E-02
1.411411411E+01   -9.060004289E-02
1.421421421E+01   -8.448449604E-02
1.431431431E+01   -7.841819313E-02
1.441441441E+01   -7.240099982E-02
1.451451451E+01   -6.643278110E-02
1.461461461E+01   -6.051340129E-02
1.471471471E+01   -5.464272399E-02
1.481481481E+01   -4.882061216E-02
1.491491491E+01   -4.304692808E-02
1.501501502E+01   -3.732153338E-02
1.511511512E+01   -3.164428900E-02
1.521521522E+01   -2.601505528E-02
1.531531532E+01   -2.043369185E-02
1.541541542E+01   -1.490005776E-02
1.551551552E+01   -9.414011378E-03
1.561561562E+01   -3.975410466E-03
1.571571572E+01   1.415887849E-03
1.581581582E+01   6.760027058E-03
1.591591592E+01   1.205715126E-02
1.601601602E+01   1.730740518E-02
1.611611612E+01   2.251093413E-02
1.621621622E+01   2.766788403E-02
1.631631632E+01   3.277840138E-02
1.641641642E+01   3.784263329E-02
1.651651652E+01   4.286072742E-02
1.661661662E+01   4.783283204E-02
1.671671672E+01   5.275909596E-02
1.681681682E+01   5.763966858E-02
1.691691692E+01   6.247469984E-02
1.701701702E+01   6.726434025E-02
1.711711712E+01   7.200874085E-02
1.721721722E+01   7.670805324E-02
1.731731732E+01   8.136242955E-02
1.741741742E+01   8.597202243E-02
1.751751752E+01   9.053698508E-02
1.761761762E+01   9.505747120E-02
1.771771772E+01   9.953363500E-02
1.781781782E+01   1.039656312E-01
1.791791792E+01   1.083536151E-01
1.801801802E+01   1.126977423E-01
1.811811812E+01   1.169981692E-01
1.821821822E+01   1.212550523E-01
1.831831832E+01   1.254685489E-01
1.841841842E+01   1.296388166E-01
1.851851852E+01   1.337660136E-01
1.861861862E+01   1.378502984E-01
1.871871872E+01   1.418918302E-01
1.881881882E+01   1.458907683E-01
1.891891892E+01   1.498472727E-01
1.901901902E+01   1.537615038E-01
1.911911912E+01   1.576336224E-01
1.921921922E+01   1.614637898E-01
1.931931932E+01   1.652521675E-01
1.941941942E+01   1.689989178E-01
1.951951952E+01   1.727042029E-01
1.961961962E+01   1.763681859E-01
1.971971972E+01   1.799910301E-01
1.981981982E+01   1.835728990E-01
1.991991992E+01   1.871139568E-01
2.002002002E+01   1.906143679E-01
2.012012012E+01   1.940742971E-01
2.022022022E+01   1.974939095E-01
2.032032032E+01   2.008733708E-01
2.042042042E+01   2.042128469E-01
2.052052052E+01   2.075125039E-01
2.062062062E+01   2.107725085E-01
2.072072072E+01   2.139930276E-01
2.082082082E+01   2.171742285E-01
2.092092092E+01   2.203162788E-01
2.102102102E+01   2.234193463E-01
2.112112112E+01   2.264835993E-01
2.122122122E+01   2.295092063E-01
2.132132132E+01   2.324963363E-01
2.142142142E+01   2.354451582E-01
2.152152152E+01   2.383558415E-01
2.162162162E+01   2.412285559E-01
2.172172172E+01   2.440634715E-01
2.182182182E+01   2.468607584E-01
2.192192192E+01   2.496205873E-01
2.202202202E+01   2.523431287E-01
2.212212212E+01   2.550285539E-01
2.222222222E+01   2.576770341E-01
2.232232232E+01   2.602887409E-01
2.242242242E+01   2.628638459E-01
2.252252252E+01   2.654025212E-01
2.262262262E+01   2.679049390E-01
2.272272272E+01   2.703712717E-01
2.282282282E+01   2.728016920E-01
2.292292292E+01   2.751963728E-01
2.302302302E+01   2.775554871E-01
2.312312312E+01   2.798792082E-01
2.322322322E+01   2.821677095E-01
2.332332332E+01   2.844211646E-01
2.342342342E+01   2.866397473E-01
2.352352352E+01   2.888236316E-01
2.362362362E+01   2.909729917E-01
2.372372372E+01   2.930880018E-01
2.382382382E+01   2.951688363E-01
2.392392392E+01   2.972156700E-01
2.402402402E+01   2.992286774E-01
2.412412412E+01   3.012080335E-01
2.422422422E+01   3.031539134E-01
2.432432432E+01   3.050664920E-01
2.442442442E+01   3.069459446E-01
2.452452452E+01   3.087924467E-01
2.462462462E+01   3.106061736E-01
2.472472472E+01   3.123873009E-01
2.482482482E+01   3.141360043E-01
2.492492492E+01   3.158524594E-01
2.502502503E+01   3.175368422E-01
2.512512513E+01   3.191893285E-01
2.522522523E+01   3.208100944E-01
2.532532533E+01   3.223993157E-01
2.542542543E+01   3.239571686E-01
2.552552553E+01   3.254838293E-01
2.562562563E+01   3.269794740E-01
2.572572573E+01   3.284442788E-01
2.582582583E+01   3.298784201E-01
2.592592593E+01   3.312820741E-01
2.602602603E+01   3.326554172E-01
2.612612613E+01   3.339986257E-01
2.622622623E+01   3.353118760E-01
2.632632633E+01   3.365953443E-01
2.642642643E+01   3.378492072E-01
2.652652653E+01   3.390736409E-01
2.662662663E+01   3.402688219E-01
2.672672673E+01   3.414349263E-01
2.682682683E+01   3.425721305E-01
2.692692693E+01   3.436806109E-01
2.702702703E+01   3.447605436E-01
2.712712713E+01   3.458121049E-01
2.722722723E+01   3.468354709E-01
2.732732733E+01   3.478308178E-01
2.742742743E+01   3.487983216E-01
2.752752753E+01   3.497381583E-01
2.762762763E+01   3.506505039E-01
2.772772773E+01   3.515355341E-01
2.782782783E+01   3.523934249E-01
2.792792793E+01   3.532243519E-01
2.802802803E+01   3.540284906E-01
2.812812813E+01   3.548060167E-01
2.822822823E+01   3.555571056E-01
2.832832833E+01   3.562819325E-01
2.842842843E+01   3.569806727E-01
2.852852853E+01   3.576535013E-01
2.862862863E+01   3.583005932E-01
2.872872873E+01   3.589221232E-01
2.882882883E+01   3.595182662E-01
2.892892893E+01   3.600891966E-01
2.902902903E+01   3.606350889E-01
2.912912913E+01   3.611561174E-01
2.922922923E+01   3.616524563E-01
2.932932933E+01   3.621242794E-01
2.942942943E+01   3.625717606E-01
2.952952953E+01   3.629950735E-01
2.962962963E+01   3.633943917E-01
2.972972973E+01   3.637698883E-01
2.982982983E+01   3.641217366E-01
2.992992993E+01   3.644501094E-01
3.003003003E+01   3.647551794E-01
3.013013013E+01   3.650371192E-01
3.023023023E+01   3.652961011E-01
3.033033033E+01   3.655322972E-01
3.043043043E+01   3.657458794E-01
3.053053053E+01   3.659370194E-01
3.063063063E+01   3.661058886E-01
3.073073073E+01   3.662526582E-01
3.083083083E+01   3.663774993E-01
3.093093093E+01   3.664805825E-01
3.103103103E+01   3.665620784E-01
3.113113113E+01   3.666221573E-01
3.123123123E+01   3.666609892E-01
3.133133133E+01   3.666787437E-01
3.143143143E+01   3.666755904E-01
3.153153153E+01   3.666516984E-01
3.163163163E+01   3.666072368E-01
3.173173173E+01   3.665423742E-01
3.183183183E+01   3.664572789E-01
3.193193193E+01   3.663521191E-01
3.203203203E+01   3.662270626E-01
3.213213213E+01   3.660822768E-01
3.223223223E+01   3.659179290E-01
3.233233233E+01   3.657341860E-01
3.243243243E+01   3.655312145E-01
3.253253253E+01   3.653091807E-01
3.263263263E+01   3.650682506E-01
3.273273273E+01   3.648085897E-01
3.283283283E+01   3.645303635E-01
3.293293293E+01   3.642337369E-01
3.303303303E+01   3.639188745E-01
3.313313313E+01   3.635859406E-01
3.323323323E+01   3.632350992E-01
3.333333333E+01   3.628665138E-01
3.343343343E+01   3.624803478E-01
3.353353353E+01   3.620767639E-01
3.363363363E+01   3.616559247E-01
3.373373373E+01   3.612179924E-01
3.383383383E+01   3.607631287E-01
3.393393393E+01   3.602914951E-01
3.403403403E+01   3.598032526E-01
3.413413413E+01   3.592985618E-01
3.423423423E+01   3.587775830E-01
3.433433433E+01   3.582404761E-01
3.443443443E+01   3.576874005E-01
3.453453453E+01   3.571185154E-01
3.463463463E+01   3.565339793E-01
3.473473473E+01   3.559339506E-01
3.483483483E+01   3.553185871E-01
3.493493493E+01   3.546880463E-01
3.503503504E+01   3.540424851E-01
3.513513514E+01   3.533820602E-01
3.523523524E+01   3.527069277E-01
3.533533534E+01   3.520172434E-01
3.543543544E+01   3.513131626E-01
3.553553554E+01   3.505948401E-01
3.563563564E+01   3.498624304E-01
3.573573574E+01   3.491160874E-01
3.583583584E+01   3.483559647E-01
3.593593594E+01   3.475822154E-01
3.603603604E+01   3.467949922E-01
3.613613614E+01   3.459944470E-01
3.623623624E+01   3.451807318E-01
3.633633634E+01   3.443539977E-01
3.643643644E+01   3.435143955E-01
3.653653654E+01   3.426620754E-01
3.663663664E+01   3.417971874E-01
3.673673674E+01   3.409198807E-01
3.683683684E+01   3.400303042E-01
3.693693694E+01   3.391286063E-01
3.703703704E+01   3.382149349E-01
3.713713714E+01   3.372894373E-01
3.723723724E+01   3.363522605E-01
3.733733734E+01   3.354035508E-01
3.743743744E+01   3.344434542E-01
3.753753754E+01   3.334721160E-01
3.763763764E+01   3.324896811E-01
3.773773774E+01   3.314962940E-01
3.783783784E+01   3.304920984E-01
3.793793794E+01   3.294772377E-01
3.803803804E+01   3.284518547E-01
3.813813814E+01   3.274160918E-01
3.823823824E+01   3.263700906E-01
3.833833834E+01   3.253139925E-01
3.843843844E+01   3.242479381E-01
3.853853854E+01   3.231720677E-01
3.863863864E+01   3.220865208E-01
3.873873874E+01   3.209914367E-01
3.883883884E+01   3.198869538E-01
3.893893894E+01   3.187732102E-01
3.903903904E+01   3.176503433E-01
3.913913914E+01   3.165184901E-01
3.923923924E+01   3.153777869E-01
3.933933934E+01   3.142283696E-01
3.943943944E+01   3.130703734E-01
3.953953954E+01   3.119039330E-01
3.963963964E+01   3.107291825E-01
3.973973974E+01   3.095462556E-01
3.983983984E+01   3.083552853E-01
3.993993994E+01   3.071564038E-01
4.004004004E+01   3.059497433E-01
4.014014014E+01   3.047354348E-01
4.024024024E+01   3.035136092E-01
4.034034034E+01   3.022843966E-01
4.044044044E+01   3.010479266E-01
4.054054054E+01   2.998043281E-01
4.064064064E+01   2.985537295E-01
4.074074074E+01   2.972962586E-01
4.084084084E+01   2.960320427E-01
4.094094094E+01   2.947612083E-01
4.104104104E+01   2.934838816E-01
4.114114114E+01   2.922001880E-01
4.124124124E+01   2.909102522E-01
4.134134134E+01   2.896141987E-01
4.144144144E+01   2.883121509E-01
4.154154154E+01   2.870042320E-01
4.164164164E+01   2.856905644E-01
4.174174174E+01   2.843712700E-01
4.184184184E+01   2.830464700E-01
4.194194194E+01   2.817162850E-01
4.204204204E+01   2.803808351E-01
4.214214214E+01   2.790402396E-01
4.224224224E+01   2.776946173E-01
4.234234234E+01   2.763440865E-01
4.244244244E+01   2.749887647E-01
4.254254254E+01   2.736287689E-01
4.264264264E+01   2.722642153E-01
4.274274274E+01   2.708952197E-01
4.284284284E+01   2.695218971E-01
4.294294294E+01   2.681443622E-01
4.304304304E+01   2.667627286E-01
4.314314314E+01   2.653771096E-01
4.324324324E+01   2.639876178E-01
4.334334334E+01   2.625943652E-01
4.344344344E+01   2.611974630E-01
4.354354354E+01   2.597970221E-01
4.364364364E+01   2.583931524E-01
4.374374374E+01   2.569859635E-01
4.384384384E+01   2.555755641E-01
4.394394394E+01   2.541620624E-01
4.404404404E+01   2.527455660E-01
4.414414414E+01   2.513261817E-01
4.424424424E+01   2.499040159E-01
4.434434434E+01   2.484791741E-01
4.444444444E+01   2.470517613E-01
4.454454454E+01   2.456218820E-01
4.464464464E+01   2.441896398E-01
4.474474474E+01   2.427551378E-01
4.484484484E+01   2.413184784E-01
4.494494494E+01   2.398797634E-01
4.504504505E+01   2.384390940E-01
4.514514515E+01   2.369965706E-01
4.524524525E+01   2.355522932E-01
4.534534535E+01   2.341063609E-01
4.544544545E+01   2.326588723E-01
4.554554555E+01   2.312099254E-01
4.564564565E+01   2.297596174E-01
4.574574575E+01   2.283080449E-01
4.584584585E+01   2.268553040E-01
4.594594595E+01   2.254014899E-01
4.604604605E+01   2.239466974E-01
4.614614615E+01   2.224910205E-01
4.624624625E+01   2.210345526E-01
4.634634635E+01   2.195773865E-01
4.644644645E+01   2.181196142E-01
4.654654655E+01   2.166613272E-01
4.664664665E+01   2.152026163E-01
4.674674675E+01   2.137435716E-01
4.684684685E+01   2.122842827E-01
4.694694695E+01   2.108248384E-01
4.704704705E+01   2.093653269E-01
4.714714715E+01   2.079058358E-01
4.724724725E+01   2.064464519E-01
4.734734735E+01   2.049872616E-01
4.744744745E+01   2.035283503E-01
4.754754755E+01   2.020698032E-01
4.764764765E+01   2.006117045E-01
4.774774775E+01   1.991541378E-01
4.784784785E+01   1.976971862E-01
4.794794795E+01   1.962409321E-01
4.804804805E+01   1.947854570E-01
4.814814815E+01   1.933308422E-01
4.824824825E+01   1.918771681E-01
4.834834835E+01   1.904245143E-01
4.844844845E+01   1.889729601E-01
4.854854855E+01   1.875225839E-01
4.864864865E+01   1.860734636E-01
4.874874875E+01   1.846256762E-01
4.884884885E+01   1.831792985E-01
4.894894895E+01   1.817344063E-01
4.904904905E+01   1.802910747E-01
4.914914915E+01   1.788493786E-01
4.924924925E+01   1.774093917E-01
4.934934935E+01   1.759711875E-01
4.944944945E+01   1.745348386E-01
4.954954955E+01   1.731004170E-01
4.964964965E+01   1.716679942E-01
4.974974975E+01   1.702376410E-01
4.984984985E+01   1.688094274E-01
4.994994995E+01   1.673834229E-01
5.005005005E+01   1.659596965E-01
5.015015015E+01   1.645383162E-01
5.025025025E+01   1.631193497E-01
5.035035035E+01   1.617028639E-01
5.045045045E+01   1.602889251E-01
5.055055055E+01   1.588775990E-01
5.065065065E+01   1.574689507E-01
5.075075075E+01   1.560630445E-01
5.085085085E+01   1.546599442E-01
5.095095095E+01   1.532597130E-01
5.105105105E+01   1.518624134E-01
5.115115115E+01   1.504681073E-01
5.125125125E+01   1.490768559E-01
5.135135135E+01   1.476887199E-01
5.145145145E+01   1.463037594E-01
5.155155155E+01   1.449220337E-01
5.165165165E+01   1.435436016E-01
5.175175175E+01   1.421685212E-01
5.185185185E+01   1.407968501E-01
5.195195195E+01   1.394286452E-01
5.205205205E+01   1.380639628E-01
5.215215215E+01   1.367028586E-01
5.225225225E+01   1.353453877E-01
5.235235235E+01   1.339916045E-01
5.245245245E+01   1.326415628E-01
5.255255255E+01   1.312953160E-01
5.265265265E+01   1.299529166E-01
5.275275275E+01   1.286144167E-01
5.285285285E+01   1.272798676E-01
5.295295295E+01   1.259493202E-01
5.305305305E+01   1.246228247E-01
5.315315315E+01   1.233004307E-01
5.325325325E+01   1.219821873E-01
5.335335335E+01   1.206681427E-01
5.345345345E+01   1.193583449E-01
5.355355355E+01   1.180528410E-01
5.365365365E+01   1.167516776E-01
5.375375375E+01   1.154549009E-01
5.385385385E+01   1.141625562E-01
5.395395395E+01   1.128746884E-01
5.405405405E+01   1.115913418E-01
5.415415415E+01   1.103125600E-01
5.425425425E+01   1.090383861E-01
5.435435435E+01   1.077688626E-01
5.445445445E+01   1.065040316E-01
5.455455455E+01   1.052439343E-01
5.465465465E+01   1.039886114E-01
5.475475475E+01   1.027381033E-01
5.485485485E+01   1.014924496E-01
5.495495495E+01   1.002516892E-01
5.505505506E+01   9.901586077E-02
5.515515516E+01   9.778500212E-02
5.525525526E+01   9.655915065E-02
5.535535536E+01   9.533834313E-02
5.545545546E+01   9.412261582E-02
5.555555556E+01   9.291200436E-02
5.565565566E+01   9.170654389E-02
5.575575576E+01   9.050626895E-02
5.585585586E+01   8.931121354E-02
5.595595596E+01   8.812141112E-02
5.605605606E+01   8.693689459E-02
5.615615616E+01   8.575769630E-02
5.625625626E+01   8.458384805E-02
5.635635636E+01   8.341538112E-02
5.645645646E+01   8.225232621E-02
5.655655656E+01   8.109471350E-02
5.665665666E+01   7.994257265E-02
5.675675676E+01   7.879593276E-02
5.685685686E+01   7.765482240E-02
5.695695696E+01   7.651926961E-02
5.705705706E+01   7.538930191E-02
5.715715716E+01   7.426494628E-02
5.725725726E+01   7.314622918E-02
5.735735736E+01   7.203317656E-02
5.745745746E+01   7.092581382E-02
5.755755756E+01   6.982416587E-02
5.765765766E+01   6.872825709E-02
5.775775776E+01   6.763811135E-02
5.785785786E+01   6.655375201E-02
5.795795796E+01   6.547520191E-02
5.805805806E+01   6.440248339E-02
5.815815816E+01   6.333561830E-02
5.825825826E+01   6.227462796E-02
5.835835836E+01   6.121953321E-02
5.845845846E+01   6.017035437E-02
5.855855856E+01   5.912711130E-02
5.865865866E+01   5.808982334E-02
5.875875876E+01   5.705850933E-02
5.885885886E+01   5.603318766E-02
5.895895896E+01   5.501387619E-02
5.905905906E+01   5.400059232E-02
5.915915916E+01   5.299335297E-02
5.925925926E+01   5.199217457E-02
5.935935936E+01   5.099707308E-02
5.945945946E+01   5.000806399E-02
5.955955956E+01   4.902516230E-02
5.965965966E+01   4.804838256E-02
5.975975976E+01   4.707773884E-02
5.985985986E+01   4.611324475E-02
5.995995996E+01   4.515491344E-02
6.006006006E+01   4.420275760E-02
6.016016016E+01   4.325678946E-02
6.026026026E+01   4.231702079E-02
6.036036036E+01   4.138346291E-02
6.046046046E+01   4.045612671E-02
6.056056056E+01   3.953502260E-02
6.066066066E+01   3.862016057E-02
6.076076076E+01   3.771155015E-02
6.086086086E+01   3.680920044E-02
6.096096096E+01   3.591312009E-02
6.106106106E+01   3.502331735E-02
6.116116116E+01   3.413979999E-02
6.126126126E+01   3.326257538E-02
6.136136136E+01   3.239165045E-02
6.146146146E+01   3.152703172E-02
6.156156156E+01   3.066872527E-02
6.166166166E+01   2.981673677E-02
6.176176176E+01   2.897107146E-02
6.186186186E+01   2.813173419E-02
6.196196196E+01   2.729872937E-02
6.206206206E+01   2.647206102E-02
6.216216216E+01   2.565173274E-02
6.226226226E+01   2.483774774E-02
6.236236236E+01   2.403010881E-02
6.246246246E+01   2.322881836E-02
6.256256256E+01   2.243387837E-02
6.266266266E+01   2.164529047E-02
6.276276276E+01   2.086305587E-02
6.286286286E+01   2.008717539E-02
6.296296296E+01   1.931764947E-02
6.306306306E+01   1.855447818E-02
6.316316316E+01   1.779766118E-02
6.326326326E+01   1.704719776E-02
6.336336336E+01   1.630308686E-02
6.346346346E+01   1.556532700E-02
6.356356356E+01   1.483391637E-02
6.366366366E+01   1.410885277E-02
6.376376376E+01   1.339013364E-02
6.386386386E+01   1.267775605E-02
6.396396396E+01   1.197171672E-02
6.406406406E+01   1.127201201E-02
6.416416416E+01   1.057863790E-02
6.426426426E+01   9.891590057E-03
6.436436436E+01   9.210863768E-03
6.446446446E+01   8.536453983E-03
6.456456456E+01   7.868355304E-03
6.466466466E+01   7.206561990E-03
6.476476476E+01   6.551067960E-03
6.486486486E+01   5.901866796E-03
6.496496496E+01   5.258951744E-03
6.506506507E+01   4.622315717E-03
6.516516517E+01   3.991951298E-03
6.526526527E+01   3.367850743E-03
6.536536537E+01   2.750005983E-03
6.546546547E+01   2.138408626E-03
6.556556557E+01   1.533049962E-03
6.566566567E+01   9.339209603E-04
6.576576577E+01   3.410122787E-04
6.586586587E+01   -2.456857389E-04
6.596596597E+01   -8.261830577E-04
6.606606607E+01   -1.400489950E-03
6.616616617E+01   -1.968616993E-03
6.626626627E+01   -2.530575066E-03
6.636636637E+01   -3.086375347E-03
6.646646647E+01   -3.636029313E-03
6.656656657E+01   -4.179548732E-03
6.666666667E+01   -4.716945667E-03
6.676676677E+01   -5.248232469E-03
6.686686687E+01   -5.773421777E-03
6.696696697E+01   -6.292526513E-03
6.706706707E+01   -6.805559882E-03
6.716716717E+01   -7.312535369E-03
6.726726727E+01   -7.813466734E-03
6.736736737E+01   -8.308368013E-03
6.746746747E+01   -8.797253513E-03
6.756756757E+01   -9.280137812E-03
6.766766767E+01   -9.757035753E-03
6.776776777E+01   -1.022796245E-02
6.786786787E+01   -1.069293326E-02
6.796796797E+01   -1.115196383E-02
6.806806807E+01   -1.160507004E-02
6.816816817E+01   -1.205226803E-02
6.826826827E+01   -1.249357420E-02
6.836836837E+01   -1.292900519E-02
6.846846847E+01   -1.335857790E-02
6.856856857E+01   -1.378230946E-02
6.866866867E+01   -1.420021726E-02
6.876876877E+01   -1.461231891E-02
6.886886887E+01   -1.501863227E-02
6.896896897E+01   -1.541917544E-02
6.906906907E+01   -1.581396675E-02
6.916916917E+01   -1.620302475E-02
6.926926927E+01   -1.658636823E-02
6.936936937E+01   -1.696401620E-02
6.946946947E+01   -1.733598790E-02
6.956956957E+01   -1.770230280E-02
6.966966967E+01   -1.806298056E-02
6.976976977E+01   -1.841804108E-02
6.986986987E+01   -1.876750447E-02
6.996996997E+01   -1.911139105E-02
7.007007007E+01   -1.944972135E-02
7.017017017E+01   -1.978251612E-02
7.027027027E+01   -2.010979629E-02
7.037037037E+01   -2.043158301E-02
7.047047047E+01   -2.074789763E-02
7.057057057E+01   -2.105876170E-02
7.067067067E+01   -2.136419696E-02
7.077077077E+01   -2.166422535E-02
7.087087087E+01   -2.195886900E-02
7.097097097E+01   -2.224815023E-02
7.107107107E+01   -2.253209154E-02
7.117117117E+01   -2.281071563E-02
7.127127127E+01   -2.308404537E-02
7.137137137E+01   -2.335210381E-02
7.147147147E+01   -2.361491421E-02
7.157157157E+01   -2.387249996E-02
7.167167167E+01   -2.412488465E-02
7.177177177E+01   -2.437209205E-02
7.187187187E+01   -2.461414608E-02
7.197197197E+01   -2.485107084E-02
7.207207207E+01   -2.508289059E-02
7.217217217E+01   -2.530962977E-02
7.227227227E+01   -2.553131297E-02
7.237237237E+01   -2.574796493E-02
7.247247247E+01   -2.595961056E-02
7.257257257E+01   -2.616627493E-02
7.267267267E+01   -2.636798325E-02
7.277277277E+01   -2.656476090E-02
7.287287287E+01   -2.675663340E-02
7.297297297E+01   -2.694362641E-02
7.307307307E+01   -2.712576575E-02
7.317317317E+01   -2.730307738E-02
7.327327327E+01   -2.747558739E-02
7.337337337E+01   -2.764332203E-02
7.347347347E+01   -2.780630766E-02
7.357357357E+01   -2.796457082E-02
7.367367367E+01   -2.811813814E-02
7.377377377E+01   -2.826703641E-02
7.387387387E+01   -2.841129253E-02
7.397397397E+01   -2.855093355E-02
7.407407407E+01   -2.868598664E-02
7.417417417E+01   -2.881647908E-02
7.427427427E+01   -2.894243828E-02
7.437437437E+01   -2.906389180E-02
7.447447447E+01   -2.918086728E-02
7.457457457E+01   -2.929339249E-02
7.467467467E+01   -2.940149532E-02
7.477477477E+01   -2.950520378E-02
7.487487487E+01   -2.960454597E-02
7.497497497E+01   -2.969955014E-02
7.507507508E+01   -2.979024461E-02
7.517517518E+01   -2.987665782E-02
7.527527528E+01   -2.995881832E-02
7.537537538E+01   -3.003675476E-02
7.547547548E+01   -3.011049589E-02
7.557557558E+01   -3.018007057E-02
7.567567568E+01   -3.024550775E-02
7.577577578E+01   -3.030683648E-02
7.587587588E+01   -3.036408591E-02
7.597597598E+01   -3.041728526E-02
7.607607608E+01   -3.046646388E-02
7.617617618E+01   -3.051165118E-02
7.627627628E+01   -3.055287667E-02
7.637637638E+01   -3.059016995E-02
7.647647648E+01   -3.062356070E-02
7.657657658E+01   -3.065307870E-02
7.667667668E+01   -3.067875379E-02
7.677677678E+01   -3.070061591E-02
7.687687688E+01   -3.071869506E-02
7.697697698E+01   -3.073302133E-02
7.707707708E+01   -3.074362491E-02
7.717717718E+01   -3.075053601E-02
7.727727728E+01   -3.075378497E-02
7.737737738E+01   -3.075340218E-02
7.747747748E+01   -3.074941808E-02
7.757757758E+01   -3.074186321E-02
7.767767768E+01   -3.073076818E-02
7.777777778E+01   -3.071616364E-02
7.787787788E+01   -3.069808032E-02
7.797797798E+01   -3.067654902E-02
7.807807808E+01   -3.065160060E-02
7.817817818E+01   -3.062326598E-02
7.827827828E+01   -3.059157614E-02
7.837837838E+01   -3.055656210E-02
7.847847848E+01   -3.051825498E-02
7.857857858E+01   -3.047668592E-02
7.867867868E+01   -3.043188613E-02
7.877877878E+01   -3.038388687E-02
7.887887888E+01   -3.033271946E-02
7.897897898E+01   -3.027841526E-02
7.907907908E+01   -3.022100568E-02
7.917917918E+01   -3.016052220E-02
7.927927928E+01   -3.009699632E-02
7.937937938E+01   -3.003045960E-02
7.947947948E+01   -2.996094365E-02
7.957957958E+01   -2.988848011E-02
7.967967968E+01   -2.981310069E-02
7.977977978E+01   -2.973483710E-02
7.987987988E+01   -2.965372114E-02
7.997997998E+01   -2.956978460E-02
8.008008008E+01   -2.948305936E-02
8.018018018E+01   -2.939357730E-02
8.028028028E+01   -2.930137035E-02
8.038038038E+01   -2.920647047E-02
8.048048048E+01   -2.910890966E-02
8.058058058E+01   -2.900871996E-02
8.068068068E+01   -2.890593344E-02
8.078078078E+01   -2.880058219E-02
8.088088088E+01   -2.869269833E-02
8.098098098E+01   -2.858231404E-02
8.108108108E+01   -2.846946149E-02
8.118118118E+01   -2.835417290E-02
8.128128128E+01   -2.823648051E-02
8.138138138E+01   -2.811641660E-02
8.148148148E+01   -2.799401345E-02
8.158158158E+01   -2.786930339E-02
8.168168168E+01   -2.774231875E-02
8.178178178E+01   -2.761309190E-02
8.188188188E+01   -2.748165523E-02
8.198198198E+01   -2.734804115E-02
8.208208208E+01   -2.721228208E-02
8.218218218E+01   -2.707441046E-02
8.228228228E+01   -2.693445878E-02
8.238238238E+01   -2.679245950E-02
8.248248248E+01   -2.664844513E-02
8.258258258E+01   -2.650244819E-02
8.268268268E+01   -2.635450120E-02
8.278278278E+01   -2.620463673E-02
8.288288288E+01   -2.605288732E-02
8.298298298E+01   -2.589928556E-02
8.308308308E+01   -2.574386404E-02
8.318318318E+01   -2.558665534E-02
8.328328328E+01   -2.542769209E-02
8.338338338E+01   -2.526700691E-02
8.348348348E+01   -2.510463243E-02
8.358358358E+01   -2.494060130E-02
8.368368368E+01   -2.477494615E-02
8.378378378E+01   -2.460769966E-02
8.388388388E+01   -2.443889449E-02
8.398398398E+01   -2.426856332E-02
8.408408408E+01   -2.409673883E-02
8.418418418E+01   -2.392345370E-02
8.428428428E+01   -2.374874062E-02
8.438438438E+01   -2.357263230E-02
8.448448448E+01   -2.339516144E-02
8.458458458E+01   -2.321636074E-02
8.468468468E+01   -2.303626292E-02
8.478478478E+01   -2.285490067E-02
8.488488488E+01   -2.267230673E-02
8.498498498E+01   -2.248851381E-02
8.508508509E+01   -2.230355462E-02
8.518518519E+01   -2.211746188E-02
8.528528529E+01   -2.193026832E-02
8.538538539E+01   -2.174200665E-02
8.548548549E+01   -2.155270960E-02
8.558558559E+01   -2.136240988E-02
8.568568569E+01   -2.117114022E-02
8.578578579E+01   -2.097893333E-02
8.588588589E+01   -2.078582193E-02
8.598598599E+01   -2.059183872E-02
8.608608609E+01   -2.039701643E-02
8.618618619E+01   -2.020138776E-02
8.628628629E+01   -2.000498541E-02
8.638638639E+01   -1.980784209E-02
8.648648649E+01   -1.960999050E-02
8.658658659E+01   -1.941146332E-02
8.668668669E+01   -1.921229326E-02
8.678678679E+01   -1.901251299E-02
8.688688689E+01   -1.881215519E-02
8.698698699E+01   -1.861125254E-02
8.708708709E+01   -1.840983771E-02
8.718718719E+01   -1.820794336E-02
8.728728729E+01   -1.800560215E-02
8.738738739E+01   -1.780284674E-02
8.748748749E+01   -1.759970977E-02
8.758758759E+01   -1.739622387E-02
8.768768769E+01   -1.719242168E-02
8.778778779E+01   -1.698833583E-02
8.788788789E+01   -1.678399894E-02
8.798798799E+01   -1.657944361E-02
8.808808809E+01   -1.637470244E-02
8.818818819E+01   -1.616980805E-02
8.828828829E+01   -1.596479300E-02
8.838838839E+01   -1.575968989E-02
8.848848849E+01   -1.555453129E-02
8.858858859E+01   -1.534934975E-02
8.868868869E+01   -1.514417784E-02
8.878878879E+01   -1.493904810E-02
8.888888889E+01   -1.473399307E-02
8.898898899E+01   -1.452904529E-02
8.908908909E+01   -1.432423726E-02
8.918918919E+01   -1.411960152E-02
8.928928929E+01   -1.391517055E-02
8.938938939E+01   -1.371097686E-02
8.948948949E+01   -1.350705293E-02
8.958958959E+01   -1.330343124E-02
8.968968969E+01   -1.310014426E-02
8.978978979E+01   -1.289722444E-02
8.988988989E+01   -1.269470423E-02
8.998998999E+01   -1.249261608E-02
9.009009009E+01   -1.229099241E-02
9.019019019E+01   -1.208986566E-02
9.029029029E+01   -1.188926822E-02
9.039039039E+01   -1.168923251E-02
9.049049049E+01   -1.148979092E-02
9.059059059E+01   -1.129097583E-02
9.069069069E+01   -1.109281962E-02
9.079079079E+01   -1.089535466E-02
9.089089089E+01   -1.069861331E-02
9.099099099E+01   -1.050262790E-02
9.109109109E+01   -1.030743079E-02
9.119119119E+01   -1.011305430E-02
9.129129129E+01   -9.919530752E-03
9.139139139E+01   -9.726892460E-03
9.149149149E+01   -9.535171728E-03
9.159159159E+01   -9.344400848E-03
9.169169169E+01   -9.154612108E-03
9.179179179E+01   -8.965837784E-03
9.189189189E+01   -8.778110145E-03
9.199199199E+01   -8.591461449E-03
9.209209209E+01   -8.405923949E-03
9.219219219E+01   -8.221529886E-03
9.229229229E+01   -8.038311497E-03
9.239239239E+01   -7.856301006E-03
9.249249249E+01   -7.675530632E-03
9.259259259E+01   -7.496032585E-03
9.269269269E+01   -7.317839067E-03
9.279279279E+01   -7.140982273E-03
9.289289289E+01   -6.965494388E-03
9.299299299E+01   -6.791407593E-03
9.309309309E+01   -6.618754058E-03
9.319319319E+01   -6.447565947E-03
9.329329329E+01   -6.277875418E-03
9.339339339E+01   -6.109714619E-03
9.349349349E+01   -5.943115694E-03
9.359359359E+01   -5.778110778E-03
9.369369369E+01   -5.614732000E-03
9.379379379E+01   -5.453011482E-03
9.389389389E+01   -5.292981340E-03
9.399399399E+01   -5.134673684E-03
9.409409409E+01   -4.978120617E-03
9.419419419E+01   -4.823354235E-03
9.429429429E+01   -4.670406631E-03
9.439439439E+01   -4.519309888E-03
9.449449449E+01   -4.370096087E-03
9.459459459E+01   -4.222797301E-03
9.469469469E+01   -4.077445600E-03
9.479479479E+01   -3.934073046E-03
9.489489489E+01   -3.792711698E-03
9.499499499E+01   -3.653393608E-03
9.509509510E+01   -3.516150826E-03
9.519519520E+01   -3.381015395E-03
9.529529530E+01   -3.248019354E-03
9.539539540E+01   -3.117194739E-03
9.549549550E+01   -2.988573578E-03
9.559559560E+01   -2.862187899E-03
9.569569570E+01   -2.738069724E-03
9.579579580E+01   -2.616251072E-03
9.589589590E+01   -2.496763957E-03
9.599599600E+01   -2.379640391E-03
9.609609610E+01   -2.264912382E-03
9.619619620E+01   -2.152611934E-03
9.629629630E+01   -2.042771049E-03
9.639639640E+01   -1.935421726E-03
9.649649650E+01   -1.830595959E-03
9.659659660E+01   -1.728325743E-03
9.669669670E+01   -1.628643066E-03
9.679679680E+01   -1.531579918E-03
9.689689690E+01   -1.437168284E-03
9.699699700E+01   -1.345440146E-03
9.709709710E+01   -1.256427487E-03
9.719719720E+01   -1.170162285E-03
9.729729730E+01   -1.086676519E-03
9.739739740E+01   -1.006002163E-03
9.749749750E+01   -9.281711921E-04
9.759759760E+01   -8.532155787E-04
9.769769770E+01   -7.811672940E-04
9.779779780E+01   -7.120583080E-04
9.789789790E+01   -6.459205894E-04
9.799799800E+01   -5.827861060E-04
9.809809810E+01   -5.226868243E-04
9.819819820E+01   -4.656547103E-04
9.829829830E+01   -4.117217290E-04
9.839839840E+01   -3.609198445E-04
9.849849850E+01   -3.132810205E-04
9.859859860E+01   -2.688372201E-04
9.869869870E+01   -2.276204059E-04
9.879879880E+01   -1.896625400E-04
9.889889890E+01   -1.549955842E-04
9.899899900E+01   -1.236515001E-04
9.909909910E+01   -9.566224869E-05
9.919919920E+01   -7.105979120E-05
9.929929930E+01   -4.987608846E-05
9.939939940E+01   -3.214310125E-05
9.949949950E+01   -1.789279025E-05
9.959959960E+01   -7.157116095E-06
9.969969970E+01   3.196060085E-08
9.979979980E+01   3.642479247E-06
9.989989990E+01   3.642479247E-06
1.000000000E+02   0.000000000E+00
