0.000000000E+00   -6.817254012E-01
1.001001001E-01   -6.677254012E-01
2.002002002E-01   -6.538582742E-01
3.003003003E-01   -6.401240201E-01
4.004004004E-01   -6.265226378E-01
5.005005005E-01   -6.130541146E-01
6.006006006E-01   -5.997184260E-01
7.007007007E-01   -5.865155357E-01
8.008008008E-01   -5.734453957E-01
9.009009009E-01   -5.605079463E-01
1.001001001E+00   -5.477031160E-01
1.101101101E+00   -5.350308212E-01
1.201201201E+00   -5.224909668E-01
1.301301301E+00   -5.100834457E-01
1.401401401E+00   -4.978081389E-01
1.501501502E+00   -4.856649157E-01
1.601601602E+00   -4.736536333E-01
1.701701702E+00   -4.617741372E-01
1.801801802E+00   -4.500262610E-01
1.901901902E+00   -4.384098263E-01
2.002002002E+00   -4.269246430E-01
2.102102102E+00   -4.155705090E-01
2.202202202E+00   -4.043472105E-01
2.302302302E+00   -3.932545218E-01
2.402402402E+00   -3.822922052E-01
2.502502503E+00   -3.714600116E-01
2.602602603E+00   -3.607576798E-01
2.702702703E+00   -3.501849369E-01
2.802802803E+00   -3.397414983E-01
2.902902903E+00   -3.294270679E-01
3.003003003E+00   -3.192413376E-01
3.103103103E+00   -3.091839879E-01
3.203203203E+00   -2.992546876E-01
3.303303303E+00   -2.894530941E-01
3.403403403E+00   -2.797788532E-01
3.503503504E+00   -2.702315992E-01
3.603603604E+00   -2.608109552E-01
3.703703704E+00   -2.515165326E-01
3.803803804E+00   -2.423479317E-01
3.903903904E+00   -2.333047418E-01
4.004004004E+00   -2.243865406E-01
4.104104104E+00   -2.155928949E-01
4.204204204E+00   -2.069233605E-01
4.304304304E+00   -1.983774821E-01
4.404404404E+00   -1.899547935E-01
4.504504505E+00   -1.816548178E-01
4.604604605E+00   -1.734770672E-01
4.704704705E+00   -1.654210434E-01
4.804804805E+00   -1.574862372E-01
4.904904905E+00   -1.496721292E-01
5.005005005E+00   -1.419781894E-01
5.105105105E+00   -1.344038776E-01
5.205205205E+00   -1.269486433E-01
5.305305305E+00   -1.196119259E-01
5.405405405E+00   -1.123931546E-01
5.505505506E+00   -1.052917489E-01
5.605605606E+00   -9.830711821E-02
5.705705706E+00   -9.143866245E-02
5.805805806E+00   -8.468577177E-02
5.905905906E+00   -7.804782684E-02
6.006006006E+00   -7.152419893E-02
6.106106106E+00   -6.511425003E-02
6.206206206E+00   -5.881733295E-02
6.306306306E+00   -5.263279146E-02
6.406406406E+00   -4.655996040E-02
6.506506507E+00   -4.059816582E-02
6.606606607E+00   -3.474672507E-02
6.706706707E+00   -2.900494696E-02
6.806806807E+00   -2.337213190E-02
6.906906907E+00   -1.784757200E-02
7.007007007E+00   -1.243055122E-02
7.107107107E+00   -7.120345499E-03
7.207207207E+00   -1.916222919E-03
7.307307307E+00   3.182556185E-03
7.407407407E+00   8.176739072E-03
7.507507508E+00   1.306708045E-02
7.607607608E+00   1.785434232E-02
7.707707708E+00   2.253929386E-02
7.807807808E+00   2.712271125E-02
7.907907908E+00   3.160537751E-02
8.008008008E+00   3.598808239E-02
8.108108108E+00   4.027162218E-02
8.208208208E+00   4.445679957E-02
8.308308308E+00   4.854442349E-02
8.408408408E+00   5.253530895E-02
8.508508509E+00   5.643027690E-02
8.608608609E+00   6.023015405E-02
8.708708709E+00   6.393577269E-02
8.808808809E+00   6.754797059E-02
8.908908909E+00   7.106759078E-02
9.009009009E+00   7.449548139E-02
9.109109109E+00   7.783249553E-02
9.209209209E+00   8.107949106E-02
9.309309309E+00   8.423733049E-02
9.409409409E+00   8.730688074E-02
9.509509510E+00   9.028901304E-02
9.609609610E+00   9.318460272E-02
9.709709710E+00   9.599452904E-02
9.809809810E+00   9.871967504E-02
9.909909910E+00   1.013609274E-01
1.001001001E+01   1.039191761E-01
1.011011011E+01   1.063953145E-01
1.021021021E+01   1.087902391E-01
1.031031031E+01   1.111048490E-01
1.041041041E+01   1.133400465E-01
1.051051051E+01   1.154967361E-01
1.061061061E+01   1.175758248E-01
1.071071071E+01   1.195782218E-01
1.081081081E+01   1.215048386E-01
1.091091091E+01   1.233565881E-01
1.101101101E+01   1.251343853E-01
1.111111111E+01   1.268391466E-01
1.121121121E+01   1.284717897E-01
1.131131131E+01   1.300332335E-01
1.141141141E+01   1.315243980E-01
1.151151151E+01   1.329462040E-01
1.161161161E+01   1.342995729E-01
1.171171171E+01   1.355854268E-01
1.181181181E+01   1.368046878E-01
1.191191191E+01   1.379582785E-01
1.201201201E+01   1.390471213E-01
1.211211211E+01   1.400721384E-01
1.221221221E+01   1.410342518E-01
1.231231231E+01   1.419343829E-01
1.241241241E+01   1.427734525E-01
1.251251251E+01   1.435523804E-01
1.261261261E+01   1.442720856E-01
1.271271271E+01   1.449334857E-01
1.281281281E+01   1.455374972E-01
1.291291291E+01   1.460850350E-01
1.301301301E+01   1.465770124E-01
1.311311311E+01   1.470143407E-01
1.321321321E+01   1.473979296E-01
1.331331331E+01   1.477286864E-01
1.341341341E+01   1.480075161E-01
1.351351351E+01   1.482353215E-01
1.361361361E+01   1.484130026E-01
1.371371371E+01   1.485414568E-01
1.381381381E+01   1.486215785E-01
1.391391391E+01   1.486542592E-01
1.401401401E+01   1.486403872E-01
1.411411411E+01   1.485808474E-01
1.421421421E+01   1.484765213E-01
1.431431431E+01   1.483282867E-01
1.441441441E+01   1.481370179E-01
1.451451451E+01   1.479035852E-01
1.461461461E+01   1.476288547E-01
1.471471471E+01   1.473136887E-01
1.481481481E+01   1.469589451E-01
1.491491491E+01   1.465654773E-01
1.501501502E+01   1.461341344E-01
1.511511512E+01   1.456657607E-01
1.521521522E+01   1.451611959E-01
1.531531532E+01   1.446212746E-01
1.541541542E+01   1.440468266E-01
1.551551552E+01   1.434386766E-01
1.561561562E+01   1.427976440E-01
1.571571572E+01   1.421245428E-01
1.581581582E+01   1.414201817E-01
1.591591592E+01   1.406853639E-01
1.601601602E+01   1.399208868E-01
1.611611612E+01   1.391275421E-01
1.621621622E+01   1.383061158E-01
1.631631632E+01   1.374573877E-01
1.641641642E+01   1.365821317E-01
1.651651652E+01   1.356811156E-01
1.661661662E+01   1.347551009E-01
1.671671672E+01   1.338048428E-01
1.681681682E+01   1.328310902E-01
1.691691692E+01   1.318345854E-01
1.701701702E+01   1.308160640E-01
1.711711712E+01   1.297762553E-01
1.721721722E+01   1.287158816E-01
1.731731732E+01   1.276356586E-01
1.741741742E+01   1.265362948E-01
1.751751752E+01   1.254184921E-01
1.761761762E+01   1.242829452E-01
1.771771772E+01   1.231303418E-01
1.781781782E+01   1.219613624E-01
1.791791792E+01   1.207766802E-01
1.801801802E+01   1.195769614E-01
1.811811812E+01   1.183628647E-01
1.821821822E+01   1.171350413E-01
1.831831832E+01   1.158941351E-01
1.841841842E+01   1.146407827E-01
1.851851852E+01   1.133756127E-01
1.861861862E+01   1.120992465E-01
1.871871872E+01   1.108122977E-01
1.881881882E+01   1.095153724E-01
1.891891892E+01   1.082090688E-01
1.901901902E+01   1.068939773E-01
1.911911912E+01   1.055706808E-01
1.921921922E+01   1.042397542E-01
1.931931932E+01   1.029017645E-01
1.941941942E+01   1.015572709E-01
1.951951952E+01   1.002068247E-01
1.961961962E+01   9.885096929E-02
1.971971972E+01   9.749023998E-02
1.981981982E+01   9.612516422E-02
1.991991992E+01   9.475626145E-02
2.002002002E+01   9.338404308E-02
2.012012012E+01   9.200901251E-02
2.022022022E+01   9.063166508E-02
2.032032032E+01   8.925248811E-02
2.042042042E+01   8.787196085E-02
2.052052052E+01   8.649055449E-02
2.062062062E+01   8.510873216E-02
2.072072072E+01   8.372694891E-02
2.082082082E+01   8.234565174E-02
2.092092092E+01   8.096527956E-02
2.102102102E+01   7.958626325E-02
2.112112112E+01   7.820902559E-02
2.122122122E+01   7.683398136E-02
2.132132132E+01   7.546153727E-02
2.142142142E+01   7.409209200E-02
2.152152152E+01   7.272603624E-02
2.162162162E+01   7.136375265E-02
2.172172172E+01   7.000561593E-02
2.182182182E+01   6.865199281E-02
2.192192192E+01   6.730324208E-02
2.202202202E+01   6.595971460E-02
2.212212212E+01   6.462175335E-02
2.222222222E+01   6.328969343E-02
2.232232232E+01   6.196386209E-02
2.242242242E+01   6.064457879E-02
2.252252252E+01   5.933215518E-02
2.262262262E+01   5.802689519E-02
2.272272272E+01   5.672909501E-02
2.282282282E+01   5.543904317E-02
2.292292292E+01   5.415702054E-02
2.302302302E+01   5.288330041E-02
2.312312312E+01   5.161814848E-02
2.322322322E+01   5.036182297E-02
2.332332332E+01   4.911457458E-02
2.342342342E+01   4.787664661E-02
2.352352352E+01   4.664827495E-02
2.362362362E+01   4.542968819E-02
2.372372372E+01   4.422110760E-02
2.382382382E+01   4.302274723E-02
2.392392392E+01   4.183481393E-02
2.402402402E+01   4.065750743E-02
2.412412412E+01   3.949102038E-02
2.422422422E+01   3.833553841E-02
2.432432432E+01   3.719124020E-02
2.442442442E+01   3.605829749E-02
2.452452452E+01   3.493687519E-02
2.462462462E+01   3.382713144E-02
2.472472472E+01   3.272921764E-02
2.482482482E+01   3.164327852E-02
2.492492492E+01   3.056945223E-02
2.502502503E+01   2.950787038E-02
2.512512513E+01   2.845865810E-02
2.522522523E+01   2.742193413E-02
2.532532533E+01   2.639781088E-02
2.542542543E+01   2.538639449E-02
2.552552553E+01   2.438778491E-02
2.562562563E+01   2.340207596E-02
2.572572573E+01   2.242935541E-02
2.582582583E+01   2.146970504E-02
2.592592593E+01   2.052320073E-02
2.602602603E+01   1.958991252E-02
2.612612613E+01   1.866990469E-02
2.622622623E+01   1.776323584E-02
2.632632633E+01   1.686995895E-02
2.642642643E+01   1.599012146E-02
2.652652653E+01   1.512376537E-02
2.662662663E+01   1.427092728E-02
2.672672673E+01   1.343163851E-02
2.682682683E+01   1.260592512E-02
2.692692693E+01   1.179380807E-02
2.702702703E+01   1.099530321E-02
2.712712713E+01   1.021042143E-02
2.722722723E+01   9.439168708E-03
2.732732733E+01   8.681546186E-03
2.742742743E+01   7.937550271E-03
2.752752753E+01   7.207172701E-03
2.762762763E+01   6.490400632E-03
2.772772773E+01   5.787216718E-03
2.782782783E+01   5.097599193E-03
2.792792793E+01   4.421521956E-03
2.802802803E+01   3.758954646E-03
2.812812813E+01   3.109862732E-03
2.822822823E+01   2.474207593E-03
2.832832833E+01   1.851946599E-03
2.842842843E+01   1.243033192E-03
2.852852853E+01   6.474169765E-04
2.862862863E+01   6.504379247E-05
2.872872873E+01   -5.041441954E-04
2.882882883E+01   -1.060208418E-03
2.892892893E+01   -1.603213818E-03
2.902902903E+01   -2.133228768E-03
2.912912913E+01   -2.650324990E-03
2.922922923E+01   -3.154577467E-03
2.932932933E+01   -3.646064370E-03
2.942942943E+01   -4.124866970E-03
2.952952953E+01   -4.591069555E-03
2.962962963E+01   -5.044759357E-03
2.972972973E+01   -5.486026460E-03
2.982982983E+01   -5.914963728E-03
2.992992993E+01   -6.331666721E-03
3.003003003E+01   -6.736233613E-03
3.013013013E+01   -7.128765115E-03
3.023023023E+01   -7.509364395E-03
3.033033033E+01   -7.878136998E-03
3.043043043E+01   -8.235190770E-03
3.053053053E+01   -8.580635773E-03
3.063063063E+01   -8.914584218E-03
3.073073073E+01   -9.237150376E-03
3.083083083E+01   -9.548450511E-03
3.093093093E+01   -9.848602797E-03
3.103103103E+01   -1.013772725E-02
3.113113113E+01   -1.041594563E-02
3.123123123E+01   -1.068338142E-02
3.133133133E+01   -1.094015967E-02
3.143143143E+01   -1.118640701E-02
3.153153153E+01   -1.142225152E-02
3.163163163E+01   -1.164782266E-02
3.173173173E+01   -1.186325124E-02
3.183183183E+01   -1.206866931E-02
3.193193193E+01   -1.226421010E-02
3.203203203E+01   -1.245000796E-02
3.213213213E+01   -1.262619827E-02
3.223223223E+01   -1.279291740E-02
3.233233233E+01   -1.295030262E-02
3.243243243E+01   -1.309849205E-02
3.253253253E+01   -1.323762458E-02
3.263263263E+01   -1.336783982E-02
3.273273273E+01   -1.348927802E-02
3.283283283E+01   -1.360208000E-02
3.293293293E+01   -1.370638713E-02
3.303303303E+01   -1.380234122E-02
3.313313313E+01   -1.389008449E-02
3.323323323E+01   -1.396975949E-02
3.333333333E+01   -1.404150905E-02
3.343343343E+01   -1.410547622E-02
3.353353353E+01   -1.416180423E-02
3.363363363E+01   -1.421063639E-02
3.373373373E+01   -1.425211607E-02
3.383383383E+01   -1.428638666E-02
3.393393393E+01   -1.431359146E-02
3.403403403E+01   -1.433387367E-02
3.413413413E+01   -1.434737634E-02
3.423423423E+01   -1.435424230E-02
3.433433433E+01   -1.435461410E-02
3.443443443E+01   -1.434863399E-02
3.453453453E+01   -1.433644386E-02
3.463463463E+01   -1.431818519E-02
3.473473473E+01   -1.429399900E-02
3.483483483E+01   -1.426402581E-02
3.493493493E+01   -1.422840560E-02
3.503503504E+01   -1.418727775E-02
3.513513514E+01   -1.414078102E-02
3.523523524E+01   -1.408905348E-02
3.533533534E+01   -1.403223251E-02
3.543543544E+01   -1.397045471E-02
3.553553554E+01   -1.390385591E-02
3.563563564E+01   -1.383257109E-02
3.573573574E+01   -1.375673437E-02
3.583583584E+01   -1.367647897E-02
3.593593594E+01   -1.359193718E-02
3.603603604E+01   -1.350324029E-02
3.613613614E+01   -1.341051860E-02
3.623623624E+01   -1.331390139E-02
3.633633634E+01   -1.321351684E-02
3.643643644E+01   -1.310949205E-02
3.653653654E+01   -1.300195299E-02
3.663663664E+01   -1.289102447E-02
3.673673674E+01   -1.277683011E-02
3.683683684E+01   -1.265949233E-02
3.693693694E+01   -1.253913232E-02
3.703703704E+01   -1.241586999E-02
3.713713714E+01   -1.228982397E-02
3.723723724E+01   -1.216111160E-02
3.733733734E+01   -1.202984888E-02
3.743743744E+01   -1.189615045E-02
3.753753754E+01   -1.176012958E-02
3.763763764E+01   -1.162189819E-02
3.773773774E+01   -1.148156673E-02
3.783783784E+01   -1.133924427E-02
3.793793794E+01   -1.119503843E-02
3.803803804E+01   -1.104905536E-02
3.813813814E+01   -1.090139974E-02
3.823823824E+01   -1.075217478E-02
3.833833834E+01   -1.060148217E-02
3.843843844E+01   -1.044942210E-02
3.853853854E+01   -1.029609323E-02
3.863863864E+01   -1.014159268E-02
3.873873874E+01   -9.986016049E-03
3.883883884E+01   -9.829457355E-03
3.893893894E+01   -9.672009068E-03
3.903903904E+01   -9.513762087E-03
3.913913914E+01   -9.354805730E-03
3.923923924E+01   -9.195227737E-03
3.933933934E+01   -9.035114258E-03
3.943943944E+01   -8.874549849E-03
3.953953954E+01   -8.713617471E-03
3.963963964E+01   -8.552398484E-03
3.973973974E+01   -8.390972648E-03
3.983983984E+01   -8.229418115E-03
3.993993994E+01   -8.067811434E-03
4.004004004E+01   -7.906227548E-03
4.014014014E+01   -7.744739795E-03
4.024024024E+01   -7.583419907E-03
4.034034034E+01   -7.422338014E-03
4.044044044E+01   -7.261562644E-03
4.054054054E+01   -7.101160727E-03
4.064064064E+01   -6.941197598E-03
4.074074074E+01   -6.781737001E-03
4.084084084E+01   -6.622841093E-03
4.094094094E+01   -6.464570451E-03
4.104104104E+01   -6.306984074E-03
4.114114114E+01   -6.150139394E-03
4.124124124E+01   -5.994092278E-03
4.134134134E+01   -5.838897038E-03
4.144144144E+01   -5.684606439E-03
4.154154154E+01   -5.531271706E-03
4.164164164E+01   -5.378942533E-03
4.174174174E+01   -5.227667092E-03
4.184184184E+01   -5.077492045E-03
4.194194194E+01   -4.928462550E-03
4.204204204E+01   -4.780622276E-03
4.214214214E+01   -4.634013411E-03
4.224224224E+01   -4.488676675E-03
4.234234234E+01   -4.344651330E-03
4.244244244E+01   -4.201975196E-03
4.254254254E+01   -4.060684659E-03
4.264264264E+01   -3.920814686E-03
4.274274274E+01   -3.782398842E-03
4.284284284E+01   -3.645469296E-03
4.294294294E+01   -3.510056842E-03
4.304304304E+01   -3.376190911E-03
4.314314314E+01   -3.243899583E-03
4.324324324E+01   -3.113209608E-03
4.334334334E+01   -2.984146415E-03
4.344344344E+01   -2.856734131E-03
4.354354354E+01   -2.730995597E-03
4.364364364E+01   -2.606952382E-03
4.374374374E+01   -2.484624803E-03
4.384384384E+01   -2.364031935E-03
4.394394394E+01   -2.245191635E-03
4.404404404E+01   -2.128120557E-03
4.414414414E+01   -2.012834165E-03
4.424424424E+01   -1.899346756E-03
4.434434434E+01   -1.787671474E-03
4.444444444E+01   -1.677820330E-03
4.454454454E+01   -1.569804216E-03
4.464464464E+01   -1.463632929E-03
4.474474474E+01   -1.359315186E-03
4.484484484E+01   -1.256858639E-03
4.494494494E+01   -1.156269901E-03
4.504504505E+01   -1.057554558E-03
4.514514515E+01   -9.607171898E-04
4.524524525E+01   -8.657613896E-04
4.534534535E+01   -7.726897821E-04
4.544544545E+01   -6.815040423E-04
4.554554555E+01   -5.922049143E-04
4.564564565E+01   -5.047922307E-04
4.574574575E+01   -4.192649313E-04
4.584584585E+01   -3.356210824E-04
4.594594595E+01   -2.538578954E-04
4.604604605E+01   -1.739717466E-04
4.614614615E+01   -9.595819556E-05
4.624624625E+01   -1.981200482E-05
4.634634635E+01   5.447284148E-05
4.644644645E+01   1.269031183E-04
4.654654655E+01   1.974863408E-04
4.664664665E+01   2.662307452E-04
4.674674675E+01   3.331452701E-04
4.684684685E+01   3.982395372E-04
4.694694695E+01   4.615238327E-04
4.704704705E+01   5.230090887E-04
4.714714715E+01   5.827068640E-04
4.724724725E+01   6.406293260E-04
4.734734735E+01   6.967892319E-04
4.744744745E+01   7.511999103E-04
4.754754755E+01   8.038752428E-04
4.764764765E+01   8.548296460E-04
4.774774775E+01   9.040780531E-04
4.784784785E+01   9.516358961E-04
4.794794795E+01   9.975190879E-04
4.804804805E+01   1.041744004E-03
4.814814815E+01   1.084327467E-03
4.824824825E+01   1.125286726E-03
4.834834835E+01   1.164639441E-03
4.844844845E+01   1.202403666E-03
4.854854855E+01   1.238597832E-03
4.864864865E+01   1.273240728E-03
4.874874875E+01   1.306351489E-03
4.884884885E+01   1.337949575E-03
4.894894895E+01   1.368054755E-03
4.904904905E+01   1.396687094E-03
4.914914915E+01   1.423866934E-03
4.924924925E+01   1.449614881E-03
4.934934935E+01   1.473951785E-03
4.944944945E+01   1.496898731E-03
4.954954955E+01   1.518477018E-03
4.964964965E+01   1.538708146E-03
4.974974975E+01   1.557613803E-03
4.984984985E+01   1.575215848E-03
4.994994995E+01   1.591536297E-03
5.005005005E+01   1.606597311E-03
5.015015015E+01   1.620421180E-03
5.025025025E+01   1.633030309E-03
5.035035035E+01   1.644447206E-03
5.045045045E+01   1.654694468E-03
5.055055055E+01   1.663794769E-03
5.065065065E+01   1.671770844E-03
5.075075075E+01   1.678645481E-03
5.085085085E+01   1.684441506E-03
5.095095095E+01   1.689181770E-03
5.105105105E+01   1.692889139E-03
5.115115115E+01   1.695586482E-03
5.125125125E+01   1.697296660E-03
5.135135135E+01   1.698042512E-03
5.145145145E+01   1.697846849E-03
5.155155155E+01   1.696732438E-03
5.165165165E+01   1.694721996E-03
5.175175175E+01   1.691838178E-03
5.185185185E+01   1.688103565E-03
5.195195195E+01   1.683540658E-03
5.205205205E+01   1.678171865E-03
5.215215215E+01   1.672019496E-03
5.225225225E+01   1.665105750E-03
5.235235235E+01   1.657452707E-03
5.245245245E+01   1.649082321E-03
5.255255255E+01   1.640016411E-03
5.265265265E+01   1.630276652E-03
5.275275275E+01   1.619884570E-03
5.285285285E+01   1.608861530E-03
5.295295295E+01   1.597228732E-03
5.305305305E+01   1.585007204E-03
5.315315315E+01   1.572217792E-03
5.325325325E+01   1.558881158E-03
5.335335335E+01   1.545017768E-03
5.345345345E+01   1.530647893E-03
5.355355355E+01   1.515791595E-03
5.365365365E+01   1.500468726E-03
5.375375375E+01   1.484698924E-03
5.385385385E+01   1.468501603E-03
5.395395395E+01   1.451895951E-03
5.405405405E+01   1.434900925E-03
5.415415415E+01   1.417535246E-03
5.425425425E+01   1.399817393E-03
5.435435435E+01   1.381765601E-03
5.445445445E+01   1.363397859E-03
5.455455455E+01   1.344731898E-03
5.465465465E+01   1.325785199E-03
5.475475475E+01   1.306574980E-03
5.485485485E+01   1.287118196E-03
5.495495495E+01   1.267431539E-03
5.505505506E+01   1.247531431E-03
5.515515516E+01   1.227434024E-03
5.525525526E+01   1.207155197E-03
5.535535536E+01   1.186710553E-03
5.545545546E+01   1.166115417E-03
5.555555556E+01   1.145384836E-03
5.565565566E+01   1.124533576E-03
5.575575576E+01   1.103576120E-03
5.585585586E+01   1.082526669E-03
5.595595596E+01   1.061399138E-03
5.605605606E+01   1.040207157E-03
5.615615616E+01   1.018964069E-03
5.625625626E+01   9.976829306E-04
5.635635636E+01   9.763765112E-04
5.645645646E+01   9.550572922E-04
5.655655656E+01   9.337374671E-04
5.665665666E+01   9.124289421E-04
5.675675676E+01   8.911433352E-04
5.685685686E+01   8.698919776E-04
5.695695696E+01   8.486859135E-04
5.705705706E+01   8.275359007E-04
5.715715716E+01   8.064524118E-04
5.725725726E+01   7.854456347E-04
5.735735736E+01   7.645254735E-04
5.745745746E+01   7.437015500E-04
5.755755756E+01   7.229832047E-04
5.765765766E+01   7.023794982E-04
5.775775776E+01   6.818992128E-04
5.785785786E+01   6.615508538E-04
5.795795796E+01   6.413426517E-04
5.805805806E+01   6.212825637E-04
5.815815816E+01   6.013782754E-04
5.825825826E+01   5.816372034E-04
5.835835836E+01   5.620664971E-04
5.845845846E+01   5.426730409E-04
5.855855856E+01   5.234634565E-04
5.865865866E+01   5.044441054E-04
5.875875876E+01   4.856210915E-04
5.885885886E+01   4.670002634E-04
5.895895896E+01   4.485872173E-04
5.905905906E+01   4.303872993E-04
5.915915916E+01   4.124056089E-04
5.925925926E+01   3.946470013E-04
5.935935936E+01   3.771160906E-04
5.945945946E+01   3.598172527E-04
5.955955956E+01   3.427546284E-04
5.965965966E+01   3.259321265E-04
5.975975976E+01   3.093534272E-04
5.985985986E+01   2.930219850E-04
5.995995996E+01   2.769410320E-04
6.006006006E+01   2.611135819E-04
6.016016016E+01   2.455424322E-04
6.026026026E+01   2.302301688E-04
6.036036036E+01   2.151791688E-04
6.046046046E+01   2.003916041E-04
6.056056056E+01   1.858694449E-04
6.066066066E+01   1.716144635E-04
6.076076076E+01   1.576282379E-04
6.086086086E+01   1.439121548E-04
6.096096096E+01   1.304674142E-04
6.106106106E+01   1.172950322E-04
6.116116116E+01   1.043958455E-04
6.126126126E+01   9.177051414E-05
6.136136136E+01   7.941952618E-05
6.146146146E+01   6.734320081E-05
6.156156156E+01   5.554169232E-05
6.166166166E+01   4.401499379E-05
6.176176176E+01   3.276294089E-05
6.186186186E+01   2.178521557E-05
6.196196196E+01   1.108134987E-05
6.206206206E+01   6.507296707E-07
6.216216216E+01   -9.507401577E-06
6.226226226E+01   -1.939393909E-05
6.236236236E+01   -2.900991300E-05
6.246246246E+01   -3.835648463E-05
6.256256256E+01   -4.743494280E-05
6.266266266E+01   -5.624670005E-05
6.276276276E+01   -6.479328901E-05
6.286286286E+01   -7.307635868E-05
6.296296296E+01   -8.109767077E-05
6.306306306E+01   -8.885909609E-05
6.316316316E+01   -9.636261087E-05
6.326326326E+01   -1.036102932E-04
6.336336336E+01   -1.106043195E-04
6.346346346E+01   -1.173469609E-04
6.356356356E+01   -1.238405795E-04
6.366366366E+01   -1.300876255E-04
6.376376376E+01   -1.360906331E-04
6.386386386E+01   -1.418522172E-04
6.396396396E+01   -1.473750703E-04
6.406406406E+01   -1.526619589E-04
6.416416416E+01   -1.577157200E-04
6.426426426E+01   -1.625392582E-04
6.436436436E+01   -1.671355421E-04
6.446446446E+01   -1.715076011E-04
6.456456456E+01   -1.756585226E-04
6.466466466E+01   -1.795914481E-04
6.476476476E+01   -1.833095710E-04
6.486486486E+01   -1.868161328E-04
6.496496496E+01   -1.901144204E-04
6.506506507E+01   -1.932077631E-04
6.516516517E+01   -1.960995296E-04
6.526526527E+01   -1.987931250E-04
6.536536537E+01   -2.012919883E-04
6.546546547E+01   -2.035995892E-04
6.556556557E+01   -2.057194256E-04
6.566566567E+01   -2.076550209E-04
6.576576577E+01   -2.094099209E-04
6.586586587E+01   -2.109876919E-04
6.596596597E+01   -2.123919175E-04
6.606606607E+01   -2.136261964E-04
6.616616617E+01   -2.146941400E-04
6.626626627E+01   -2.155993696E-04
6.636636637E+01   -2.163455145E-04
6.646646647E+01   -2.169362091E-04
6.656656657E+01   -2.173750914E-04
6.666666667E+01   -2.176658001E-04
6.676676677E+01   -2.178119727E-04
6.686686687E+01   -2.178172434E-04
6.696696697E+01   -2.176852409E-04
6.706706707E+01   -2.174195867E-04
6.716716717E+01   -2.170238926E-04
6.726726727E+01   -2.165017593E-04
6.736736737E+01   -2.158567741E-04
6.746746747E+01   -2.150925096E-04
6.756756757E+01   -2.142125214E-04
6.766766767E+01   -2.132203467E-04
6.776776777E+01   -2.121195025E-04
6.786786787E+01   -2.109134841E-04
6.796796797E+01   -2.096057635E-04
6.806806807E+01   -2.081997878E-04
6.816816817E+01   -2.066989778E-04
6.826826827E+01   -2.051067267E-04
6.836836837E+01   -2.034263984E-04
6.846846847E+01   -2.016613265E-04
6.856856857E+01   -1.998148130E-04
6.866866867E+01   -1.978901270E-04
6.876876877E+01   -1.958905035E-04
6.886886887E+01   -1.938191423E-04
6.896896897E+01   -1.916792070E-04
6.906906907E+01   -1.894738238E-04
6.916916917E+01   -1.872060806E-04
6.926926927E+01   -1.848790263E-04
6.936936937E+01   -1.824956696E-04
6.946946947E+01   -1.800589780E-04
6.956956957E+01   -1.775718776E-04
6.966966967E+01   -1.750372516E-04
6.976976977E+01   -1.724579403E-04
6.986986987E+01   -1.698367399E-04
6.996996997E+01   -1.671764021E-04
7.007007007E+01   -1.644796333E-04
7.017017017E+01   -1.617490944E-04
7.027027027E+01   -1.589874000E-04
7.037037037E+01   -1.561971181E-04
7.047047047E+01   -1.533807695E-04
7.057057057E+01   -1.505408274E-04
7.067067067E+01   -1.476797175E-04
7.077077077E+01   -1.447998169E-04
7.087087087E+01   -1.419034545E-04
7.097097097E+01   -1.389929104E-04
7.107107107E+01   -1.360704159E-04
7.117117117E+01   -1.331381531E-04
7.127127127E+01   -1.301982549E-04
7.137137137E+01   -1.272528048E-04
7.147147147E+01   -1.243038369E-04
7.157157157E+01   -1.213533361E-04
7.167167167E+01   -1.184032374E-04
7.177177177E+01   -1.154554266E-04
7.187187187E+01   -1.125117402E-04
7.197197197E+01   -1.095739650E-04
7.207207207E+01   -1.066438390E-04
7.217217217E+01   -1.037230507E-04
7.227227227E+01   -1.008132400E-04
7.237237237E+01   -9.791599783E-05
7.247247247E+01   -9.503286670E-05
7.257257257E+01   -9.216534074E-05
7.267267267E+01   -8.931486609E-05
7.277277277E+01   -8.648284109E-05
7.287287287E+01   -8.367061663E-05
7.297297297E+01   -8.087949647E-05
7.307307307E+01   -7.811073760E-05
7.317317317E+01   -7.536555058E-05
7.327327327E+01   -7.264509995E-05
7.337337337E+01   -6.995050463E-05
7.347347347E+01   -6.728283836E-05
7.357357357E+01   -6.464313013E-05
7.367367367E+01   -6.203236463E-05
7.377377377E+01   -5.945148277E-05
7.387387387E+01   -5.690138212E-05
7.397397397E+01   -5.438291746E-05
7.407407407E+01   -5.189690128E-05
7.417417417E+01   -4.944410433E-05
7.427427427E+01   -4.702525616E-05
7.437437437E+01   -4.464104569E-05
7.447447447E+01   -4.229212176E-05
7.457457457E+01   -3.997909376E-05
7.467467467E+01   -3.770253219E-05
7.477477477E+01   -3.546296927E-05
7.487487487E+01   -3.326089957E-05
7.497497497E+01   -3.109678062E-05
7.507507508E+01   -2.897103355E-05
7.517517518E+01   -2.688404372E-05
7.527527528E+01   -2.483616138E-05
7.537537538E+01   -2.282770231E-05
7.547547548E+01   -2.085894849E-05
7.557557558E+01   -1.893014874E-05
7.567567568E+01   -1.704151944E-05
7.577577578E+01   -1.519324513E-05
7.587587588E+01   -1.338547928E-05
7.597597598E+01   -1.161834486E-05
7.607607608E+01   -9.891935116E-06
7.617617618E+01   -8.206314215E-06
7.627627628E+01   -6.561517930E-06
7.637637638E+01   -4.957554338E-06
7.647647648E+01   -3.394404504E-06
7.657657658E+01   -1.872023175E-06
7.667667668E+01   -3.903394624E-07
7.677677678E+01   1.050742462E-06
7.687687688E+01   2.451342682E-06
7.697697698E+01   3.811604852E-06
7.707707708E+01   5.131695507E-06
7.717717718E+01   6.411803384E-06
7.727727728E+01   7.652138743E-06
7.737737738E+01   8.852932684E-06
7.747747748E+01   1.001443648E-05
7.757757758E+01   1.113692090E-05
7.767767768E+01   1.222067555E-05
7.777777778E+01   1.326600821E-05
7.787787788E+01   1.427324415E-05
7.797797798E+01   1.524272553E-05
7.807807808E+01   1.617481071E-05
7.817817818E+01   1.706987361E-05
7.827827828E+01   1.792830311E-05
7.837837838E+01   1.875050237E-05
7.847847848E+01   1.953688825E-05
7.857857858E+01   2.028789064E-05
7.867867868E+01   2.100395193E-05
7.877877878E+01   2.168552632E-05
7.887887888E+01   2.233307928E-05
7.897897898E+01   2.294708693E-05
7.907907908E+01   2.352803549E-05
7.917917918E+01   2.407642067E-05
7.927927928E+01   2.459274714E-05
7.937937938E+01   2.507752795E-05
7.947947948E+01   2.553128398E-05
7.957957958E+01   2.595454341E-05
7.967967968E+01   2.634784118E-05
7.977977978E+01   2.671171849E-05
7.987987988E+01   2.704672225E-05
7.997997998E+01   2.735340459E-05
8.008008008E+01   2.763232237E-05
8.018018018E+01   2.788403671E-05
8.028028028E+01   2.810911245E-05
8.038038038E+01   2.830811777E-05
8.048048048E+01   2.848162365E-05
8.058058058E+01   2.863020348E-05
8.068068068E+01   2.875443258E-05
8.078078078E+01   2.885488780E-05
8.088088088E+01   2.893214707E-05
8.098098098E+01   2.898678904E-05
8.108108108E+01   2.901939261E-05
8.118118118E+01   2.903053660E-05
8.128128128E+01   2.902079934E-05
8.138138138E+01   2.899075828E-05
8.148148148E+01   2.894098970E-05
8.158158158E+01   2.887206828E-05
8.168168168E+01   2.878456678E-05
8.178178178E+01   2.867905575E-05
8.188188188E+01   2.855610314E-05
8.198198198E+01   2.841627407E-05
8.208208208E+01   2.826013043E-05
8.218218218E+01   2.808823067E-05
8.228228228E+01   2.790112947E-05
8.238238238E+01   2.769937750E-05
8.248248248E+01   2.748352112E-05
8.258258258E+01   2.725410214E-05
8.268268268E+01   2.701165758E-05
8.278278278E+01   2.675671945E-05
8.288288288E+01   2.648981447E-05
8.298298298E+01   2.621146392E-05
8.308308308E+01   2.592218337E-05
8.318318318E+01   2.562248251E-05
8.328328328E+01   2.531286498E-05
8.338338338E+01   2.499382814E-05
8.348348348E+01   2.466586294E-05
8.358358358E+01   2.432945373E-05
8.368368368E+01   2.398507811E-05
8.378378378E+01   2.363320677E-05
8.388388388E+01   2.327430339E-05
8.398398398E+01   2.290882447E-05
8.408408408E+01   2.253721921E-05
8.418418418E+01   2.215992941E-05
8.428428428E+01   2.177738937E-05
8.438438438E+01   2.139002576E-05
8.448448448E+01   2.099825753E-05
8.458458458E+01   2.060249588E-05
8.468468468E+01   2.020314409E-05
8.478478478E+01   1.980059753E-05
8.488488488E+01   1.939524357E-05
8.498498498E+01   1.898746149E-05
8.508508509E+01   1.857762250E-05
8.518518519E+01   1.816608961E-05
8.528528529E+01   1.775321767E-05
8.538538539E+01   1.733935330E-05
8.548548549E+01   1.692483486E-05
8.558558559E+01   1.650999247E-05
8.568568569E+01   1.609514793E-05
8.578578579E+01   1.568061479E-05
8.588588589E+01   1.526669831E-05
8.598598599E+01   1.485369544E-05
8.608608609E+01   1.444189487E-05
8.618618619E+01   1.403157704E-05
8.628628629E+01   1.362301414E-05
8.638638639E+01   1.321647013E-05
8.648648649E+01   1.281220079E-05
8.658658659E+01   1.241045376E-05
8.668668669E+01   1.201146855E-05
8.678678679E+01   1.161547658E-05
8.688688689E+01   1.122270126E-05
8.698698699E+01   1.083335802E-05
8.708708709E+01   1.044765435E-05
8.718718719E+01   1.006578988E-05
8.728728729E+01   9.687956439E-06
8.738738739E+01   9.314338105E-06
8.748748749E+01   8.945111281E-06
8.758758759E+01   8.580444767E-06
8.768768769E+01   8.220499833E-06
8.778778779E+01   7.865430293E-06
8.788788789E+01   7.515382589E-06
8.798798799E+01   7.170495869E-06
8.808808809E+01   6.830902071E-06
8.818818819E+01   6.496726014E-06
8.828828829E+01   6.168085481E-06
8.838838839E+01   5.845091316E-06
8.848848849E+01   5.527847512E-06
8.858858859E+01   5.216451307E-06
8.868868869E+01   4.910993282E-06
8.878878879E+01   4.611557456E-06
8.888888889E+01   4.318221390E-06
8.898898899E+01   4.031056281E-06
8.908908909E+01   3.750127070E-06
8.918918919E+01   3.475492542E-06
8.928928929E+01   3.207205430E-06
8.938938939E+01   2.945312520E-06
8.948948949E+01   2.689854759E-06
8.958958959E+01   2.440867358E-06
8.968968969E+01   2.198379901E-06
8.978978979E+01   1.962416451E-06
8.988988989E+01   1.732995660E-06
8.998998999E+01   1.510130875E-06
9.009009009E+01   1.293830246E-06
9.019019019E+01   1.084096836E-06
9.029029029E+01   8.809287306E-07
9.039039039E+01   6.843191418E-07
9.049049049E+01   4.942565202E-07
9.059059059E+01   3.107246614E-07
9.069069069E+01   1.337028138E-07
9.079079079E+01   -3.683421425E-08
9.089089089E+01   -2.009159473E-07
9.099099099E+01   -3.585761368E-07
9.109109109E+01   -5.098526557E-07
9.119119119E+01   -6.547873930E-07
9.129129129E+01   -7.934261499E-07
9.139139139E+01   -9.258185361E-07
9.149149149E+01   -1.052017867E-06
9.159159159E+01   -1.172081064E-06
9.169169169E+01   -1.286068550E-06
9.179179179E+01   -1.394044152E-06
9.189189189E+01   -1.496075005E-06
9.199199199E+01   -1.592231449E-06
9.209209209E+01   -1.682586937E-06
9.219219219E+01   -1.767217939E-06
9.229229229E+01   -1.846203846E-06
9.239239239E+01   -1.919626882E-06
9.249249249E+01   -1.987572007E-06
9.259259259E+01   -2.050126833E-06
9.269269269E+01   -2.107381530E-06
9.279279279E+01   -2.159428743E-06
9.289289289E+01   -2.206363507E-06
9.299299299E+01   -2.248283157E-06
9.309309309E+01   -2.285287254E-06
9.319319319E+01   -2.317477498E-06
9.329329329E+01   -2.344957648E-06
9.339339339E+01   -2.367833450E-06
9.349349349E+01   -2.386212555E-06
9.359359359E+01   -2.400204447E-06
9.369369369E+01   -2.409920368E-06
9.379379379E+01   -2.415473251E-06
9.389389389E+01   -2.416977644E-06
9.399399399E+01   -2.414549646E-06
9.409409409E+01   -2.408306842E-06
9.419419419E+01   -2.398368232E-06
9.429429429E+01   -2.384854174E-06
9.439439439E+01   -2.367886320E-06
9.449449449E+01   -2.347587557E-06
9.459459459E+01   -2.324081945E-06
9.469469469E+01   -2.297494668E-06
9.479479479E+01   -2.267951973E-06
9.489489489E+01   -2.235581117E-06
9.499499499E+01   -2.200510321E-06
9.509509510E+01   -2.162868713E-06
9.519519520E+01   -2.122786283E-06
9.529529530E+01   -2.080393839E-06
9.539539540E+01   -2.035822957E-06
9.549549550E+01   -1.989205939E-06
9.559559560E+01   -1.940675773E-06
9.569569570E+01   -1.890366090E-06
9.579579580E+01   -1.838411128E-06
9.589589590E+01   -1.784945691E-06
9.599599600E+01   -1.730105116E-06
9.609609610E+01   -1.674025237E-06
9.619619620E+01   -1.616842354E-06
9.629629630E+01   -1.558693197E-06
9.639639640E+01   -1.499714902E-06
9.649649650E+01   -1.440044978E-06
9.659659660E+01   -1.379821279E-06
9.669669670E+01   -1.319181983E-06
9.679679680E+01   -1.258265560E-06
9.689689690E+01   -1.197210754E-06
9.699699700E+01   -1.136156559E-06
9.709709710E+01   -1.075242197E-06
9.719719720E+01   -1.014607100E-06
9.729729730E+01   -9.543908882E-07
9.739739740E+01   -8.947333562E-07
9.749749750E+01   -8.357744534E-07
9.759759760E+01   -7.776542700E-07
9.769769770E+01   -7.205130220E-07
9.779779780E+01   -6.644910381E-07
9.789789790E+01   -6.097287468E-07
9.799799800E+01   -5.563666655E-07
9.809809810E+01   -5.045453889E-07
9.819819820E+01   -4.544055801E-07
9.829829830E+01   -4.060879610E-07
9.839839840E+01   -3.597333045E-07
9.849849850E+01   -3.154824269E-07
9.859859860E+01   -2.734761812E-07
9.869869870E+01   -2.338554512E-07
9.879879880E+01   -1.967611461E-07
9.889889890E+01   -1.623341960E-07
9.899899900E+01   -1.307155473E-07
9.909909910E+01   -1.020461595E-07
9.919919920E+01   -7.646700211E-08
9.929929930E+01   -5.411905200E-08
9.939939940E+01   -3.514329122E-08
9.949949950E+01   -1.968070538E-08
9.959959960E+01   -7.872282235E-09
9.969969970E+01   1.409892764E-10
9.979979980E+01   4.218119751E-09
9.989989990E+01   4.218119750E-09
1.000000000E+02   0.000000000E+00
