0.000000000E+00   -1.004481436E+00
1.001001001E-01   -9.904814363E-01
2.002002002E-01   -9.765700622E-01
3.003003003E-01   -9.627473143E-01
4.004004004E-01   -9.490131890E-01
5.005005005E-01   -9.353676790E-01
6.006006006E-01   -9.218107734E-01
7.007007007E-01   -9.083424576E-01
8.008008008E-01   -8.949627135E-01
9.009009009E-01   -8.816715190E-01
1.001001001E+00   -8.684688487E-01
1.101101101E+00   -8.553546732E-01
1.201201201E+00   -8.423289598E-01
1.301301301E+00   -8.293916720E-01
1.401401401E+00   -8.165427694E-01
1.501501502E+00   -8.037822084E-01
1.601601602E+00   -7.911099415E-01
1.701701702E+00   -7.785259176E-01
1.801801802E+00   -7.660300819E-01
1.901901902E+00   -7.536223762E-01
2.002002002E+00   -7.413027384E-01
2.102102102E+00   -7.290711031E-01
2.202202202E+00   -7.169274009E-01
2.302302302E+00   -7.048715592E-01
2.402402402E+00   -6.929035015E-01
2.502502503E+00   -6.810231480E-01
2.602602603E+00   -6.692304150E-01
2.702702703E+00   -6.575252154E-01
2.802802803E+00   -6.459074586E-01
2.902902903E+00   -6.343770504E-01
3.003003003E+00   -6.229338929E-01
3.103103103E+00   -6.115778848E-01
3.203203203E+00   -6.003089214E-01
3.303303303E+00   -5.891268943E-01
3.403403403E+00   -5.780316915E-01
3.503503504E+00   -5.670231978E-01
3.603603604E+00   -5.561012942E-01
3.703703704E+00   -5.452658585E-01
3.803803804E+00   -5.345167648E-01
3.903903904E+00   -5.238538840E-01
4.004004004E+00   -5.132770833E-01
4.104104104E+00   -5.027862266E-01
4.204204204E+00   -4.923811744E-01
4.304304304E+00   -4.820617837E-01
4.404404404E+00   -4.718279083E-01
4.504504505E+00   -4.616793983E-01
4.604604605E+00   -4.516161008E-01
4.704704705E+00   -4.416378593E-01
4.804804805E+00   -4.317445140E-01
4.904904905E+00   -4.219359019E-01
5.005005005E+00   -4.122118566E-01
5.105105105E+00   -4.025722083E-01
5.205205205E+00   -3.930167842E-01
5.305305305E+00   -3.835454080E-01
5.405405405E+00   -3.741579003E-01
5.505505506E+00   -3.648540783E-01
5.605605606E+00   -3.556337562E-01
5.705705706E+00   -3.464967448E-01
5.805805806E+00   -3.374428518E-01
5.905905906E+00   -3.284718819E-01
6.006006006E+00   -3.195836363E-01
6.106106106E+00   -3.107779135E-01
6.206206206E+00   -3.020545085E-01
6.306306306E+00   -2.934132135E-01
6.406406406E+00   -2.848538174E-01
6.506506507E+00   -2.763761063E-01
6.606606607E+00   -2.679798629E-01
6.706706707E+00   -2.596648673E-01
6.806806807E+00   -2.514308964E-01
6.906906907E+00   -2.432777240E-01
7.007007007E+00   -2.352051213E-01
7.107107107E+00   -2.272128561E-01
7.207207207E+00   -2.193006936E-01
7.307307307E+00   -2.114683961E-01
7.407407407E+00   -2.037157230E-01
7.507507508E+00   -1.960424307E-01
7.607607608E+00   -1.884482729E-01
7.707707708E+00   -1.809330005E-01
7.807807808E+00   -1.734963616E-01
7.907907908E+00   -1.661381015E-01
8.008008008E+00   -1.588579628E-01
8.108108108E+00   -1.516556853E-01
8.208208208E+00   -1.445310062E-01
8.308308308E+00   -1.374836599E-01
8.408408408E+00   -1.305133784E-01
8.508508509E+00   -1.236198908E-01
8.608608609E+00   -1.168029237E-01
8.708708709E+00   -1.100622011E-01
8.808808809E+00   -1.033974446E-01
8.908908909E+00   -9.680837298E-02
9.009009009E+00   -9.029470276E-02
9.109109109E+00   -8.385614786E-02
9.209209209E+00   -7.749241976E-02
9.309309309E+00   -7.120322753E-02
9.409409409E+00   -6.498827779E-02
9.509509510E+00   -5.884727483E-02
9.609609610E+00   -5.277992053E-02
9.709709710E+00   -4.678591449E-02
9.809809810E+00   -4.086495395E-02
9.909909910E+00   -3.501673392E-02
1.001001001E+01   -2.924094711E-02
1.011011011E+01   -2.353728405E-02
1.021021021E+01   -1.790543304E-02
1.031031031E+01   -1.234508020E-02
1.041041041E+01   -6.855909516E-03
1.051051051E+01   -1.437602856E-03
1.061061061E+01   3.910160015E-03
1.071071071E+01   9.187701396E-03
1.081081081E+01   1.439534562E-02
1.091091091E+01   1.953341905E-02
1.101101101E+01   2.460225001E-02
1.111111111E+01   2.960216878E-02
1.121121121E+01   3.453350760E-02
1.131131131E+01   3.939660058E-02
1.141141141E+01   4.419178371E-02
1.151151151E+01   4.891939483E-02
1.161161161E+01   5.357977360E-02
1.171171171E+01   5.817326145E-02
1.181181181E+01   6.270020159E-02
1.191191191E+01   6.716093895E-02
1.201201201E+01   7.155582016E-02
1.211211211E+01   7.588519354E-02
1.221221221E+01   8.014940902E-02
1.231231231E+01   8.434881819E-02
1.241241241E+01   8.848377418E-02
1.251251251E+01   9.255463173E-02
1.261261261E+01   9.656174705E-02
1.271271271E+01   1.005054779E-01
1.281281281E+01   1.043861835E-01
1.291291291E+01   1.082042244E-01
1.301301301E+01   1.119599628E-01
1.311311311E+01   1.156537620E-01
1.321321321E+01   1.192859869E-01
1.331331331E+01   1.228570036E-01
1.341341341E+01   1.263671795E-01
1.351351351E+01   1.298168832E-01
1.361361361E+01   1.332064846E-01
1.371371371E+01   1.365363549E-01
1.381381381E+01   1.398068663E-01
1.391391391E+01   1.430183922E-01
1.401401401E+01   1.461713072E-01
1.411411411E+01   1.492659868E-01
1.421421421E+01   1.523028078E-01
1.431431431E+01   1.552821478E-01
1.441441441E+01   1.582043855E-01
1.451451451E+01   1.610699006E-01
1.461461461E+01   1.638790736E-01
1.471471471E+01   1.666322860E-01
1.481481481E+01   1.693299201E-01
1.491491491E+01   1.719723592E-01
1.501501502E+01   1.745599872E-01
1.511511512E+01   1.770931889E-01
1.521521522E+01   1.795723500E-01
1.531531532E+01   1.819978566E-01
1.541541542E+01   1.843700956E-01
1.551551552E+01   1.866894548E-01
1.561561562E+01   1.889563224E-01
1.571571572E+01   1.911710871E-01
1.581581582E+01   1.933341385E-01
1.591591592E+01   1.954458665E-01
1.601601602E+01   1.975066616E-01
1.611611612E+01   1.995169147E-01
1.621621622E+01   2.014770172E-01
1.631631632E+01   2.033873611E-01
1.641641642E+01   2.052483385E-01
1.651651652E+01   2.070603419E-01
1.661661662E+01   2.088237645E-01
1.671671672E+01   2.105389993E-01
1.681681682E+01   2.122064399E-01
1.691691692E+01   2.138264800E-01
1.701701702E+01   2.153995136E-01
1.711711712E+01   2.169259349E-01
1.721721722E+01   2.184061382E-01
1.731731732E+01   2.198405179E-01
1.741741742E+01   2.212294686E-01
1.751751752E+01   2.225733849E-01
1.761761762E+01   2.238726614E-01
1.771771772E+01   2.251276928E-01
1.781781782E+01   2.263388738E-01
1.791791792E+01   2.275065989E-01
1.801801802E+01   2.286312628E-01
1.811811812E+01   2.297132598E-01
1.821821822E+01   2.307529843E-01
1.831831832E+01   2.317508304E-01
1.841841842E+01   2.327071921E-01
1.851851852E+01   2.336224631E-01
1.861861862E+01   2.344970369E-01
1.871871872E+01   2.353313068E-01
1.881881882E+01   2.361256656E-01
1.891891892E+01   2.368805062E-01
1.901901902E+01   2.375962206E-01
1.911911912E+01   2.382732008E-01
1.921921922E+01   2.389118382E-01
1.931931932E+01   2.395125240E-01
1.941941942E+01   2.400756486E-01
1.951951952E+01   2.406016022E-01
1.961961962E+01   2.410907744E-01
1.971971972E+01   2.415435542E-01
1.981981982E+01   2.419603302E-01
1.991991992E+01   2.423414901E-01
2.002002002E+01   2.426874212E-01
2.012012012E+01   2.429985102E-01
2.022022022E+01   2.432751431E-01
2.032032032E+01   2.435177050E-01
2.042042042E+01   2.437265806E-01
2.052052052E+01   2.439021536E-01
2.062062062E+01   2.440448070E-01
2.072072072E+01   2.441549231E-01
2.082082082E+01   2.442328832E-01
2.092092092E+01   2.442790679E-01
2.102102102E+01   2.442938569E-01
2.112112112E+01   2.442776290E-01
2.122122122E+01   2.442307621E-01
2.132132132E+01   2.441536331E-01
2.142142142E+01   2.440466179E-01
2.152152152E+01   2.439100916E-01
2.162162162E+01   2.437444280E-01
2.172172172E+01   2.435500002E-01
2.182182182E+01   2.433271800E-01
2.192192192E+01   2.430763382E-01
2.202202202E+01   2.427978444E-01
2.212212212E+01   2.424920673E-01
2.222222222E+01   2.421593742E-01
2.232232232E+01   2.418001314E-01
2.242242242E+01   2.414147039E-01
2.252252252E+01   2.410034555E-01
2.262262262E+01   2.405667489E-01
2.272272272E+01   2.401049454E-01
2.282282282E+01   2.396184051E-01
2.292292292E+01   2.391074867E-01
2.302302302E+01   2.385725476E-01
2.312312312E+01   2.380139441E-01
2.322322322E+01   2.374320307E-01
2.332332332E+01   2.368271610E-01
2.342342342E+01   2.361996869E-01
2.352352352E+01   2.355499589E-01
2.362362362E+01   2.348783262E-01
2.372372372E+01   2.341851364E-01
2.382382382E+01   2.334707357E-01
2.392392392E+01   2.327354688E-01
2.402402402E+01   2.319796789E-01
2.412412412E+01   2.312037076E-01
2.422422422E+01   2.304078951E-01
2.432432432E+01   2.295925799E-01
2.442442442E+01   2.287580989E-01
2.452452452E+01   2.279047876E-01
2.462462462E+01   2.270329795E-01
2.472472472E+01   2.261430070E-01
2.482482482E+01   2.252352003E-01
2.492492492E+01   2.243098883E-01
2.502502503E+01   2.233673982E-01
2.512512513E+01   2.224080552E-01
2.522522523E+01   2.214321832E-01
2.532532533E+01   2.204401041E-01
2.542542543E+01   2.194321380E-01
2.552552553E+01   2.184086035E-01
2.562562563E+01   2.173698173E-01
2.572572573E+01   2.163160943E-01
2.582582583E+01   2.152477475E-01
2.592592593E+01   2.141650882E-01
2.602602603E+01   2.130684259E-01
2.612612613E+01   2.119580682E-01
2.622622623E+01   2.108343209E-01
2.632632633E+01   2.096974879E-01
2.642642643E+01   2.085478711E-01
2.652652653E+01   2.073857706E-01
2.662662663E+01   2.062114847E-01
2.672672673E+01   2.050253097E-01
2.682682683E+01   2.038275398E-01
2.692692693E+01   2.026184676E-01
2.702702703E+01   2.013983834E-01
2.712712713E+01   2.001675758E-01
2.722722723E+01   1.989263313E-01
2.732732733E+01   1.976749344E-01
2.742742743E+01   1.964136677E-01
2.752752753E+01   1.951428117E-01
2.762762763E+01   1.938626450E-01
2.772772773E+01   1.925734439E-01
2.782782783E+01   1.912754831E-01
2.792792793E+01   1.899690349E-01
2.802802803E+01   1.886543697E-01
2.812812813E+01   1.873317558E-01
2.822822823E+01   1.860014595E-01
2.832832833E+01   1.846637449E-01
2.842842843E+01   1.833188741E-01
2.852852853E+01   1.819671072E-01
2.862862863E+01   1.806087019E-01
2.872872873E+01   1.792439142E-01
2.882882883E+01   1.778729976E-01
2.892892893E+01   1.764962039E-01
2.902902903E+01   1.751137823E-01
2.912912913E+01   1.737259802E-01
2.922922923E+01   1.723330427E-01
2.932932933E+01   1.709352130E-01
2.942942943E+01   1.695327319E-01
2.952952953E+01   1.681258381E-01
2.962962963E+01   1.667147683E-01
2.972972973E+01   1.652997567E-01
2.982982983E+01   1.638810357E-01
2.992992993E+01   1.624588353E-01
3.003003003E+01   1.610333835E-01
3.013013013E+01   1.596049060E-01
3.023023023E+01   1.581736263E-01
3.033033033E+01   1.567397658E-01
3.043043043E+01   1.553035436E-01
3.053053053E+01   1.538651768E-01
3.063063063E+01   1.524248802E-01
3.073073073E+01   1.509828663E-01
3.083083083E+01   1.495393456E-01
3.093093093E+01   1.480945263E-01
3.103103103E+01   1.466486144E-01
3.113113113E+01   1.452018137E-01
3.123123123E+01   1.437543258E-01
3.133133133E+01   1.423063501E-01
3.143143143E+01   1.408580839E-01
3.153153153E+01   1.394097221E-01
3.163163163E+01   1.379614575E-01
3.173173173E+01   1.365134808E-01
3.183183183E+01   1.350659803E-01
3.193193193E+01   1.336191423E-01
3.203203203E+01   1.321731507E-01
3.213213213E+01   1.307281873E-01
3.223223223E+01   1.292844318E-01
3.233233233E+01   1.278420615E-01
3.243243243E+01   1.264012516E-01
3.253253253E+01   1.249621751E-01
3.263263263E+01   1.235250029E-01
3.273273273E+01   1.220899036E-01
3.283283283E+01   1.206570436E-01
3.293293293E+01   1.192265872E-01
3.303303303E+01   1.177986964E-01
3.313313313E+01   1.163735313E-01
3.323323323E+01   1.149512494E-01
3.333333333E+01   1.135320064E-01
3.343343343E+01   1.121159556E-01
3.353353353E+01   1.107032482E-01
3.363363363E+01   1.092940334E-01
3.373373373E+01   1.078884580E-01
3.383383383E+01   1.064866668E-01
3.393393393E+01   1.050888025E-01
3.403403403E+01   1.036950053E-01
3.413413413E+01   1.023054138E-01
3.423423423E+01   1.009201642E-01
3.433433433E+01   9.953939040E-02
3.443443443E+01   9.816322449E-02
3.453453453E+01   9.679179631E-02
3.463463463E+01   9.542523359E-02
3.473473473E+01   9.406366197E-02
3.483483483E+01   9.270720500E-02
3.493493493E+01   9.135598414E-02
3.503503504E+01   9.001011878E-02
3.513513514E+01   8.866972620E-02
3.523523524E+01   8.733492166E-02
3.533533534E+01   8.600581832E-02
3.543543544E+01   8.468252731E-02
3.553553554E+01   8.336515772E-02
3.563563564E+01   8.205381658E-02
3.573573574E+01   8.074860890E-02
3.583583584E+01   7.944963769E-02
3.593593594E+01   7.815700392E-02
3.603603604E+01   7.687080655E-02
3.613613614E+01   7.559114259E-02
3.623623624E+01   7.431810700E-02
3.633633634E+01   7.305179282E-02
3.643643644E+01   7.179229108E-02
3.653653654E+01   7.053969087E-02
3.663663664E+01   6.929407932E-02
3.673673674E+01   6.805554163E-02
3.683683684E+01   6.682416105E-02
3.693693694E+01   6.560001892E-02
3.703703704E+01   6.438319468E-02
3.713713714E+01   6.317376584E-02
3.723723724E+01   6.197180804E-02
3.733733734E+01   6.077739502E-02
3.743743744E+01   5.959059868E-02
3.753753754E+01   5.841148901E-02
3.763763764E+01   5.724013421E-02
3.773773774E+01   5.607660059E-02
3.783783784E+01   5.492095265E-02
3.793793794E+01   5.377325308E-02
3.803803804E+01   5.263356276E-02
3.813813814E+01   5.150194076E-02
3.823823824E+01   5.037844439E-02
3.833833834E+01   4.926312917E-02
3.843843844E+01   4.815604886E-02
3.853853854E+01   4.705725549E-02
3.863863864E+01   4.596679933E-02
3.873873874E+01   4.488472894E-02
3.883883884E+01   4.381109115E-02
3.893893894E+01   4.274593110E-02
3.903903904E+01   4.168929226E-02
3.913913914E+01   4.064121638E-02
3.923923924E+01   3.960174358E-02
3.933933934E+01   3.857091231E-02
3.943943944E+01   3.754875940E-02
3.953953954E+01   3.653532004E-02
3.963963964E+01   3.553062779E-02
3.973973974E+01   3.453471464E-02
3.983983984E+01   3.354761098E-02
3.993993994E+01   3.256934562E-02
4.004004004E+01   3.159994580E-02
4.014014014E+01   3.063943723E-02
4.024024024E+01   2.968784407E-02
4.034034034E+01   2.874518897E-02
4.044044044E+01   2.781149305E-02
4.054054054E+01   2.688677595E-02
4.064064064E+01   2.597105583E-02
4.074074074E+01   2.506434937E-02
4.084084084E+01   2.416667180E-02
4.094094094E+01   2.327803690E-02
4.104104104E+01   2.239845703E-02
4.114114114E+01   2.152794314E-02
4.124124124E+01   2.066650477E-02
4.134134134E+01   1.981415007E-02
4.144144144E+01   1.897088582E-02
4.154154154E+01   1.813671745E-02
4.164164164E+01   1.731164904E-02
4.174174174E+01   1.649568333E-02
4.184184184E+01   1.568882175E-02
4.194194194E+01   1.489106443E-02
4.204204204E+01   1.410241019E-02
4.214214214E+01   1.332285661E-02
4.224224224E+01   1.255239999E-02
4.234234234E+01   1.179103537E-02
4.244244244E+01   1.103875658E-02
4.254254254E+01   1.029555622E-02
4.264264264E+01   9.561425684E-03
4.274274274E+01   8.836355190E-03
4.284284284E+01   8.120333768E-03
4.294294294E+01   7.413349289E-03
4.304304304E+01   6.715388480E-03
4.314314314E+01   6.026436933E-03
4.324324324E+01   5.346479124E-03
4.334334334E+01   4.675498422E-03
4.344344344E+01   4.013477111E-03
4.354354354E+01   3.360396397E-03
4.364364364E+01   2.716236425E-03
4.374374374E+01   2.080976295E-03
4.384384384E+01   1.454594075E-03
4.394394394E+01   8.370668148E-04
4.404404404E+01   2.283705618E-04
4.414414414E+01   -3.715196263E-04
4.424424424E+01   -9.626296660E-04
4.434434434E+01   -1.544986434E-03
4.444444444E+01   -2.118617752E-03
4.454454454E+01   -2.683552375E-03
4.464464464E+01   -3.239819974E-03
4.474474474E+01   -3.787451123E-03
4.484484484E+01   -4.326477285E-03
4.494494494E+01   -4.856930797E-03
4.504504505E+01   -5.378844857E-03
4.514514515E+01   -5.892253508E-03
4.524524525E+01   -6.397191625E-03
4.534534535E+01   -6.893694903E-03
4.544544545E+01   -7.381799836E-03
4.554554555E+01   -7.861543712E-03
4.564564565E+01   -8.332964593E-03
4.574574575E+01   -8.796101300E-03
4.584584585E+01   -9.250993405E-03
4.594594595E+01   -9.697681212E-03
4.604604605E+01   -1.013620574E-02
4.614614615E+01   -1.056660873E-02
4.624624625E+01   -1.098893259E-02
4.634634635E+01   -1.140322043E-02
4.644644645E+01   -1.180951600E-02
4.654654655E+01   -1.220786373E-02
4.664664665E+01   -1.259830866E-02
4.674674675E+01   -1.298089647E-02
4.684684685E+01   -1.335567344E-02
4.694694695E+01   -1.372268645E-02
4.704704705E+01   -1.408198297E-02
4.714714715E+01   -1.443361102E-02
4.724724725E+01   -1.477761921E-02
4.734734735E+01   -1.511405665E-02
4.744744745E+01   -1.544297302E-02
4.754754755E+01   -1.576441849E-02
4.764764765E+01   -1.607844374E-02
4.774774775E+01   -1.638509993E-02
4.784784785E+01   -1.668443874E-02
4.794794795E+01   -1.697651225E-02
4.804804805E+01   -1.726137304E-02
4.814814815E+01   -1.753907412E-02
4.824824825E+01   -1.780966891E-02
4.834834835E+01   -1.807321125E-02
4.844844845E+01   -1.832975539E-02
4.854854855E+01   -1.857935596E-02
4.864864865E+01   -1.882206797E-02
4.874874875E+01   -1.905794679E-02
4.884884885E+01   -1.928704814E-02
4.894894895E+01   -1.950942809E-02
4.904904905E+01   -1.972514301E-02
4.914914915E+01   -1.993424962E-02
4.924924925E+01   -2.013680492E-02
4.934934935E+01   -2.033286620E-02
4.944944945E+01   -2.052249105E-02
4.954954955E+01   -2.070573730E-02
4.964964965E+01   -2.088266305E-02
4.974974975E+01   -2.105332665E-02
4.984984985E+01   -2.121778667E-02
4.994994995E+01   -2.137610191E-02
5.005005005E+01   -2.152833137E-02
5.015015015E+01   -2.167453426E-02
5.025025025E+01   -2.181476997E-02
5.035035035E+01   -2.194909807E-02
5.045045045E+01   -2.207757829E-02
5.055055055E+01   -2.220027053E-02
5.065065065E+01   -2.231723481E-02
5.075075075E+01   -2.242853130E-02
5.085085085E+01   -2.253422029E-02
5.095095095E+01   -2.263436218E-02
5.105105105E+01   -2.272901746E-02
5.115115115E+01   -2.281824674E-02
5.125125125E+01   -2.290211068E-02
5.135135135E+01   -2.298067003E-02
5.145145145E+01   -2.305398560E-02
5.155155155E+01   -2.312211824E-02
5.165165165E+01   -2.318512884E-02
5.175175175E+01   -2.324307834E-02
5.185185185E+01   -2.329602769E-02
5.195195195E+01   -2.334403784E-02
5.205205205E+01   -2.338716976E-02
5.215215215E+01   -2.342548441E-02
5.225225225E+01   -2.345904273E-02
5.235235235E+01   -2.348790563E-02
5.245245245E+01   -2.351213400E-02
5.255255255E+01   -2.353178867E-02
5.265265265E+01   -2.354693044E-02
5.275275275E+01   -2.355762002E-02
5.285285285E+01   -2.356391807E-02
5.295295295E+01   -2.356588517E-02
5.305305305E+01   -2.356358181E-02
5.315315315E+01   -2.355706839E-02
5.325325325E+01   -2.354640520E-02
5.335335335E+01   -2.353165241E-02
5.345345345E+01   -2.351287011E-02
5.355355355E+01   -2.349011821E-02
5.365365365E+01   -2.346345652E-02
5.375375375E+01   -2.343294469E-02
5.385385385E+01   -2.339864224E-02
5.395395395E+01   -2.336060852E-02
5.405405405E+01   -2.331890269E-02
5.415415415E+01   -2.327358378E-02
5.425425425E+01   -2.322471062E-02
5.435435435E+01   -2.317234185E-02
5.445445445E+01   -2.311653593E-02
5.455455455E+01   -2.305735109E-02
5.465465465E+01   -2.299484538E-02
5.475475475E+01   -2.292907663E-02
5.485485485E+01   -2.286010245E-02
5.495495495E+01   -2.278798021E-02
5.505505506E+01   -2.271276705E-02
5.515515516E+01   -2.263451989E-02
5.525525526E+01   -2.255329539E-02
5.535535536E+01   -2.246914994E-02
5.545545546E+01   -2.238213970E-02
5.555555556E+01   -2.229232055E-02
5.565565566E+01   -2.219974811E-02
5.575575576E+01   -2.210447772E-02
5.585585586E+01   -2.200656443E-02
5.595595596E+01   -2.190606302E-02
5.605605606E+01   -2.180302797E-02
5.615615616E+01   -2.169751346E-02
5.625625626E+01   -2.158957337E-02
5.635635636E+01   -2.147926128E-02
5.645645646E+01   -2.136663045E-02
5.655655656E+01   -2.125173384E-02
5.665665666E+01   -2.113462405E-02
5.675675676E+01   -2.101535339E-02
5.685685686E+01   -2.089397384E-02
5.695695696E+01   -2.077053701E-02
5.705705706E+01   -2.064509422E-02
5.715715716E+01   -2.051769640E-02
5.725725726E+01   -2.038839417E-02
5.735735736E+01   -2.025723777E-02
5.745745746E+01   -2.012427710E-02
5.755755756E+01   -1.998956169E-02
5.765765766E+01   -1.985314073E-02
5.775775776E+01   -1.971506302E-02
5.785785786E+01   -1.957537700E-02
5.795795796E+01   -1.943413073E-02
5.805805806E+01   -1.929137190E-02
5.815815816E+01   -1.914714783E-02
5.825825826E+01   -1.900150542E-02
5.835835836E+01   -1.885449124E-02
5.845845846E+01   -1.870615141E-02
5.855855856E+01   -1.855653171E-02
5.865865866E+01   -1.840567750E-02
5.875875876E+01   -1.825363373E-02
5.885885886E+01   -1.810044500E-02
5.895895896E+01   -1.794615544E-02
5.905905906E+01   -1.779080884E-02
5.915915916E+01   -1.763444853E-02
5.925925926E+01   -1.747711747E-02
5.935935936E+01   -1.731885820E-02
5.945945946E+01   -1.715971282E-02
5.955955956E+01   -1.699972305E-02
5.965965966E+01   -1.683893018E-02
5.975975976E+01   -1.667737508E-02
5.985985986E+01   -1.651509820E-02
5.995995996E+01   -1.635213956E-02
6.006006006E+01   -1.618853878E-02
6.016016016E+01   -1.602433504E-02
6.026026026E+01   -1.585956709E-02
6.036036036E+01   -1.569427326E-02
6.046046046E+01   -1.552849146E-02
6.056056056E+01   -1.536225915E-02
6.066066066E+01   -1.519561337E-02
6.076076076E+01   -1.502859075E-02
6.086086086E+01   -1.486122745E-02
6.096096096E+01   -1.469355922E-02
6.106106106E+01   -1.452562137E-02
6.116116116E+01   -1.435744880E-02
6.126126126E+01   -1.418907593E-02
6.136136136E+01   -1.402053678E-02
6.146146146E+01   -1.385186493E-02
6.156156156E+01   -1.368309352E-02
6.166166166E+01   -1.351425524E-02
6.176176176E+01   -1.334538239E-02
6.186186186E+01   -1.317650677E-02
6.196196196E+01   -1.300765981E-02
6.206206206E+01   -1.283887245E-02
6.216216216E+01   -1.267017522E-02
6.226226226E+01   -1.250159823E-02
6.236236236E+01   -1.233317113E-02
6.246246246E+01   -1.216492314E-02
6.256256256E+01   -1.199688306E-02
6.266266266E+01   -1.182907924E-02
6.276276276E+01   -1.166153961E-02
6.286286286E+01   -1.149429166E-02
6.296296296E+01   -1.132736246E-02
6.306306306E+01   -1.116077863E-02
6.316316316E+01   -1.099456638E-02
6.326326326E+01   -1.082875148E-02
6.336336336E+01   -1.066335929E-02
6.346346346E+01   -1.049841471E-02
6.356356356E+01   -1.033394224E-02
6.366366366E+01   -1.016996596E-02
6.376376376E+01   -1.000650951E-02
6.386386386E+01   -9.843596110E-03
6.396396396E+01   -9.681248574E-03
6.406406406E+01   -9.519489284E-03
6.416416416E+01   -9.358340209E-03
6.426426426E+01   -9.197822900E-03
6.436436436E+01   -9.037958496E-03
6.446446446E+01   -8.878767721E-03
6.456456456E+01   -8.720270889E-03
6.466466466E+01   -8.562487903E-03
6.476476476E+01   -8.405438260E-03
6.486486486E+01   -8.249141051E-03
6.496496496E+01   -8.093614962E-03
6.506506507E+01   -7.938878276E-03
6.516516517E+01   -7.784948878E-03
6.526526527E+01   -7.631844254E-03
6.536536537E+01   -7.479581492E-03
6.546546547E+01   -7.328177290E-03
6.556556557E+01   -7.177647949E-03
6.566566567E+01   -7.028009385E-03
6.576576577E+01   -6.879277123E-03
6.586586587E+01   -6.731466305E-03
6.596596597E+01   -6.584591690E-03
6.606606607E+01   -6.438667654E-03
6.616616617E+01   -6.293708198E-03
6.626626627E+01   -6.149726944E-03
6.636636637E+01   -6.006737144E-03
6.646646647E+01   -5.864751677E-03
6.656656657E+01   -5.723783055E-03
6.666666667E+01   -5.583843423E-03
6.676676677E+01   -5.444944563E-03
6.686686687E+01   -5.307097897E-03
6.696696697E+01   -5.170314490E-03
6.706706707E+01   -5.034605051E-03
6.716716717E+01   -4.899979936E-03
6.726726727E+01   -4.766449152E-03
6.736736737E+01   -4.634022359E-03
6.746746747E+01   -4.502708874E-03
6.756756757E+01   -4.372517672E-03
6.766766767E+01   -4.243457388E-03
6.776776777E+01   -4.115536324E-03
6.786786787E+01   -3.988762449E-03
6.796796797E+01   -3.863143402E-03
6.806806807E+01   -3.738686494E-03
6.816816817E+01   -3.615398716E-03
6.826826827E+01   -3.493286734E-03
6.836836837E+01   -3.372356899E-03
6.846846847E+01   -3.252615248E-03
6.856856857E+01   -3.134067505E-03
6.866866867E+01   -3.016719086E-03
6.876876877E+01   -2.900575102E-03
6.886886887E+01   -2.785640362E-03
6.896896897E+01   -2.671919376E-03
6.906906907E+01   -2.559416357E-03
6.916916917E+01   -2.448135226E-03
6.926926927E+01   -2.338079617E-03
6.936936937E+01   -2.229252873E-03
6.946946947E+01   -2.121658058E-03
6.956956957E+01   -2.015297954E-03
6.966966967E+01   -1.910175067E-03
6.976976977E+01   -1.806291630E-03
6.986986987E+01   -1.703649605E-03
6.996996997E+01   -1.602250688E-03
7.007007007E+01   -1.502096311E-03
7.017017017E+01   -1.403187646E-03
7.027027027E+01   -1.305525608E-03
7.037037037E+01   -1.209110858E-03
7.047047047E+01   -1.113943806E-03
7.057057057E+01   -1.020024618E-03
7.067067067E+01   -9.273532112E-04
7.077077077E+01   -8.359292669E-04
7.087087087E+01   -7.457522271E-04
7.097097097E+01   -6.568213003E-04
7.107107107E+01   -5.691354648E-04
7.117117117E+01   -4.826934715E-04
7.127127127E+01   -3.974938476E-04
7.137137137E+01   -3.135348997E-04
7.147147147E+01   -2.308147172E-04
7.157157157E+01   -1.493311760E-04
7.167167167E+01   -6.908194107E-05
7.177177177E+01   9.935529641E-06
7.187187187E+01   8.772398208E-05
7.197197197E+01   1.642863628E-04
7.207207207E+01   2.396258155E-04
7.217217217E+01   3.137456780E-04
7.227227227E+01   3.866494786E-04
7.237237237E+01   4.583409330E-04
7.247247247E+01   5.288239412E-04
7.257257257E+01   5.981025835E-04
7.267267267E+01   6.661811182E-04
7.277277277E+01   7.330639776E-04
7.287287287E+01   7.987557649E-04
7.297297297E+01   8.632612513E-04
7.307307307E+01   9.265853723E-04
7.317317317E+01   9.887332247E-04
7.327327327E+01   1.049710063E-03
7.337337337E+01   1.109521298E-03
7.347347347E+01   1.168172490E-03
7.357357357E+01   1.225669349E-03
7.367367367E+01   1.282017731E-03
7.377377377E+01   1.337223632E-03
7.387387387E+01   1.391293189E-03
7.397397397E+01   1.444232673E-03
7.407407407E+01   1.496048491E-03
7.417417417E+01   1.546747175E-03
7.427427427E+01   1.596335387E-03
7.437437437E+01   1.644819912E-03
7.447447447E+01   1.692207654E-03
7.457457457E+01   1.738505635E-03
7.467467467E+01   1.783720993E-03
7.477477477E+01   1.827860975E-03
7.487487487E+01   1.870932937E-03
7.497497497E+01   1.912944341E-03
7.507507508E+01   1.953902751E-03
7.517517518E+01   1.993815832E-03
7.527527528E+01   2.032691342E-03
7.537537538E+01   2.070537136E-03
7.547547548E+01   2.107361158E-03
7.557557558E+01   2.143171442E-03
7.567567568E+01   2.177976105E-03
7.577577578E+01   2.211783348E-03
7.587587588E+01   2.244601449E-03
7.597597598E+01   2.276438765E-03
7.607607608E+01   2.307303727E-03
7.617617618E+01   2.337204836E-03
7.627627628E+01   2.366150663E-03
7.637637638E+01   2.394149843E-03
7.647647648E+01   2.421211076E-03
7.657657658E+01   2.447343122E-03
7.667667668E+01   2.472554799E-03
7.677677678E+01   2.496854980E-03
7.687687688E+01   2.520252591E-03
7.697697698E+01   2.542756609E-03
7.707707708E+01   2.564376058E-03
7.717717718E+01   2.585120006E-03
7.727727728E+01   2.604997567E-03
7.737737738E+01   2.624017892E-03
7.747747748E+01   2.642190174E-03
7.757757758E+01   2.659523636E-03
7.767767768E+01   2.676027539E-03
7.777777778E+01   2.691711173E-03
7.787787788E+01   2.706583856E-03
7.797797798E+01   2.720654933E-03
7.807807808E+01   2.733933773E-03
7.817817818E+01   2.746429766E-03
7.827827828E+01   2.758152323E-03
7.837837838E+01   2.769110870E-03
7.847847848E+01   2.779314852E-03
7.857857858E+01   2.788773722E-03
7.867867868E+01   2.797496948E-03
7.877877878E+01   2.805494005E-03
7.887887888E+01   2.812774376E-03
7.897897898E+01   2.819347548E-03
7.907907908E+01   2.825223010E-03
7.917917918E+01   2.830410255E-03
7.927927928E+01   2.834918771E-03
7.937937938E+01   2.838758045E-03
7.947947948E+01   2.841937560E-03
7.957957958E+01   2.844466790E-03
7.967967968E+01   2.846355203E-03
7.977977978E+01   2.847612256E-03
7.987987988E+01   2.848247391E-03
7.997997998E+01   2.848270041E-03
8.008008008E+01   2.847689620E-03
8.018018018E+01   2.846515526E-03
8.028028028E+01   2.844757138E-03
8.038038038E+01   2.842423814E-03
8.048048048E+01   2.839524892E-03
8.058058058E+01   2.836069683E-03
8.068068068E+01   2.832067476E-03
8.078078078E+01   2.827527532E-03
8.088088088E+01   2.822459082E-03
8.098098098E+01   2.816871331E-03
8.108108108E+01   2.810773451E-03
8.118118118E+01   2.804174581E-03
8.128128128E+01   2.797083827E-03
8.138138138E+01   2.789510260E-03
8.148148148E+01   2.781462914E-03
8.158158158E+01   2.772950787E-03
8.168168168E+01   2.763982834E-03
8.178178178E+01   2.754567975E-03
8.188188188E+01   2.744715085E-03
8.198198198E+01   2.734432997E-03
8.208208208E+01   2.723730501E-03
8.218218218E+01   2.712616343E-03
8.228228228E+01   2.701099220E-03
8.238238238E+01   2.689187787E-03
8.248248248E+01   2.676890645E-03
8.258258258E+01   2.664216351E-03
8.268268268E+01   2.651173411E-03
8.278278278E+01   2.637770277E-03
8.288288288E+01   2.624015353E-03
8.298298298E+01   2.609916989E-03
8.308308308E+01   2.595483481E-03
8.318318318E+01   2.580723070E-03
8.328328328E+01   2.565643945E-03
8.338338338E+01   2.550254234E-03
8.348348348E+01   2.534562013E-03
8.358358358E+01   2.518575298E-03
8.368368368E+01   2.502302047E-03
8.378378378E+01   2.485750160E-03
8.388388388E+01   2.468927477E-03
8.398398398E+01   2.451841778E-03
8.408408408E+01   2.434500783E-03
8.418418418E+01   2.416912150E-03
8.428428428E+01   2.399083474E-03
8.438438438E+01   2.381022290E-03
8.448448448E+01   2.362736070E-03
8.458458458E+01   2.344232220E-03
8.468468468E+01   2.325518086E-03
8.478478478E+01   2.306600947E-03
8.488488488E+01   2.287488019E-03
8.498498498E+01   2.268186452E-03
8.508508509E+01   2.248703332E-03
8.518518519E+01   2.229045679E-03
8.528528529E+01   2.209220446E-03
8.538538539E+01   2.189234523E-03
8.548548549E+01   2.169094729E-03
8.558558559E+01   2.148807820E-03
8.568568569E+01   2.128380484E-03
8.578578579E+01   2.107819343E-03
8.588588589E+01   2.087130950E-03
8.598598599E+01   2.066321791E-03
8.608608609E+01   2.045398287E-03
8.618618619E+01   2.024366788E-03
8.628628629E+01   2.003233580E-03
8.638638639E+01   1.982004879E-03
8.648648649E+01   1.960686834E-03
8.658658659E+01   1.939285526E-03
8.668668669E+01   1.917806970E-03
8.678678679E+01   1.896257111E-03
8.688688689E+01   1.874641829E-03
8.698698699E+01   1.852966934E-03
8.708708709E+01   1.831238170E-03
8.718718719E+01   1.809461216E-03
8.728728729E+01   1.787641679E-03
8.738738739E+01   1.765785102E-03
8.748748749E+01   1.743896963E-03
8.758758759E+01   1.721982669E-03
8.768768769E+01   1.700047565E-03
8.778778779E+01   1.678096926E-03
8.788788789E+01   1.656135965E-03
8.798798799E+01   1.634169826E-03
8.808808809E+01   1.612203589E-03
8.818818819E+01   1.590242270E-03
8.828828829E+01   1.568290818E-03
8.838838839E+01   1.546354120E-03
8.848848849E+01   1.524436997E-03
8.858858859E+01   1.502544208E-03
8.868868869E+01   1.480680447E-03
8.878878879E+01   1.458850346E-03
8.888888889E+01   1.437058475E-03
8.898898899E+01   1.415309340E-03
8.908908909E+01   1.393607388E-03
8.918918919E+01   1.371957003E-03
8.928928929E+01   1.350362508E-03
8.938938939E+01   1.328828167E-03
8.948948949E+01   1.307358184E-03
8.958958959E+01   1.285956703E-03
8.968968969E+01   1.264627809E-03
8.978978979E+01   1.243375531E-03
8.988988989E+01   1.222203837E-03
8.998998999E+01   1.201116641E-03
9.009009009E+01   1.180117798E-03
9.019019019E+01   1.159211109E-03
9.029029029E+01   1.138400318E-03
9.039039039E+01   1.117689116E-03
9.049049049E+01   1.097081137E-03
9.059059059E+01   1.076579963E-03
9.069069069E+01   1.056189125E-03
9.079079079E+01   1.035912099E-03
9.089089089E+01   1.015752309E-03
9.099099099E+01   9.957131304E-04
9.109109109E+01   9.757978863E-04
9.119119119E+01   9.560098508E-04
9.129129129E+01   9.363522490E-04
9.139139139E+01   9.168282574E-04
9.149149149E+01   8.974410050E-04
9.159159159E+01   8.781935739E-04
9.169169169E+01   8.590889997E-04
9.179179179E+01   8.401302727E-04
9.189189189E+01   8.213203383E-04
9.199199199E+01   8.026620976E-04
9.209209209E+01   7.841584086E-04
9.219219219E+01   7.658120863E-04
9.229229229E+01   7.476259041E-04
9.239239239E+01   7.296025940E-04
9.249249249E+01   7.117448476E-04
9.259259259E+01   6.940553166E-04
9.269269269E+01   6.765366141E-04
9.279279279E+01   6.591913147E-04
9.289289289E+01   6.420219555E-04
9.299299299E+01   6.250310370E-04
9.309309309E+01   6.082210238E-04
9.319319319E+01   5.915943451E-04
9.329329329E+01   5.751533957E-04
9.339339339E+01   5.589005368E-04
9.349349349E+01   5.428380966E-04
9.359359359E+01   5.269683711E-04
9.369369369E+01   5.112936248E-04
9.379379379E+01   4.958160917E-04
9.389389389E+01   4.805379757E-04
9.399399399E+01   4.654614516E-04
9.409409409E+01   4.505886659E-04
9.419419419E+01   4.359217372E-04
9.429429429E+01   4.214627573E-04
9.439439439E+01   4.072137918E-04
9.449449449E+01   3.931768810E-04
9.459459459E+01   3.793540402E-04
9.469469469E+01   3.657472610E-04
9.479479479E+01   3.523585116E-04
9.489489489E+01   3.391897377E-04
9.499499499E+01   3.262428632E-04
9.509509510E+01   3.135197910E-04
9.519519520E+01   3.010224035E-04
9.529529530E+01   2.887525634E-04
9.539539540E+01   2.767121145E-04
9.549549550E+01   2.649028823E-04
9.559559560E+01   2.533266746E-04
9.569569570E+01   2.419852823E-04
9.579579580E+01   2.308804800E-04
9.589589590E+01   2.200140267E-04
9.599599600E+01   2.093876664E-04
9.609609610E+01   1.990031288E-04
9.619619620E+01   1.888621298E-04
9.629629630E+01   1.789663724E-04
9.639639640E+01   1.693175470E-04
9.649649650E+01   1.599173321E-04
9.659659660E+01   1.507673950E-04
9.669669670E+01   1.418693924E-04
9.679679680E+01   1.332249705E-04
9.689689690E+01   1.248357664E-04
9.699699700E+01   1.167034079E-04
9.709709710E+01   1.088295143E-04
9.719719720E+01   1.012156970E-04
9.729729730E+01   9.386355997E-05
9.739739740E+01   8.677470014E-05
9.749749750E+01   7.995070797E-05
9.759759760E+01   7.339316788E-05
9.769769770E+01   6.710365874E-05
9.779779780E+01   6.108375427E-05
9.789789790E+01   5.533502346E-05
9.799799800E+01   4.985903102E-05
9.809809810E+01   4.465733772E-05
9.819819820E+01   3.973150079E-05
9.829829830E+01   3.508307426E-05
9.839839840E+01   3.071360935E-05
9.849849850E+01   2.662465472E-05
9.859859860E+01   2.281775683E-05
9.869869870E+01   1.929446020E-05
9.879879880E+01   1.605630771E-05
9.889889890E+01   1.310484080E-05
9.899899900E+01   1.044159978E-05
9.909909910E+01   8.068123954E-06
9.919919920E+01   5.985951876E-06
9.929929930E+01   4.196621499E-06
9.939939940E+01   2.701670333E-06
9.949949950E+01   1.502635574E-06
9.959959960E+01   6.010542156E-07
9.969969970E+01   -1.536860300E-09
9.979979980E+01   -3.036008168E-07
9.989989990E+01   -3.036008168E-07
1.000000000E+02   0.000000000E+00
