0.000000000E+00   -7.531295424E-01
1.001001001E-01   -7.391295424E-01
2.002002002E-01   -7.252496941E-01
3.003003003E-01   -7.114899975E-01
4.004004004E-01   -6.978504517E-01
5.005005005E-01   -6.843310474E-01
6.006006006E-01   -6.709317666E-01
7.007007007E-01   -6.576525826E-01
8.008008008E-01   -6.444934601E-01
9.009009009E-01   -6.314543552E-01
1.001001001E+00   -6.185352152E-01
1.101101101E+00   -6.057359788E-01
1.201201201E+00   -5.930565760E-01
1.301301301E+00   -5.804969279E-01
1.401401401E+00   -5.680569472E-01
1.501501502E+00   -5.557365375E-01
1.601601602E+00   -5.435355939E-01
1.701701702E+00   -5.314540028E-01
1.801801802E+00   -5.194916417E-01
1.901901902E+00   -5.076483795E-01
2.002002002E+00   -4.959240761E-01
2.102102102E+00   -4.843185830E-01
2.202202202E+00   -4.728317427E-01
2.302302302E+00   -4.614633891E-01
2.402402402E+00   -4.502133474E-01
2.502502503E+00   -4.390814339E-01
2.602602603E+00   -4.280674564E-01
2.702702703E+00   -4.171712139E-01
2.802802803E+00   -4.063924969E-01
2.902902903E+00   -3.957310868E-01
3.003003003E+00   -3.851867569E-01
3.103103103E+00   -3.747592715E-01
3.203203203E+00   -3.644483864E-01
3.303303303E+00   -3.542538488E-01
3.403403403E+00   -3.441753975E-01
3.503503504E+00   -3.342127625E-01
3.603603604E+00   -3.243656655E-01
3.703703704E+00   -3.146338195E-01
3.803803804E+00   -3.050169294E-01
3.903903904E+00   -2.955146913E-01
4.004004004E+00   -2.861267932E-01
4.104104104E+00   -2.768529146E-01
4.204204204E+00   -2.676927267E-01
4.304304304E+00   -2.586458925E-01
4.404404404E+00   -2.497120668E-01
4.504504505E+00   -2.408908961E-01
4.604604605E+00   -2.321820189E-01
4.704704705E+00   -2.235850653E-01
4.804804805E+00   -2.150996577E-01
4.904904905E+00   -2.067254104E-01
5.005005005E+00   -1.984619295E-01
5.105105105E+00   -1.903088137E-01
5.205205205E+00   -1.822656533E-01
5.305305305E+00   -1.743320312E-01
5.405405405E+00   -1.665075224E-01
5.505505506E+00   -1.587916943E-01
5.605605606E+00   -1.511841066E-01
5.705705706E+00   -1.436843115E-01
5.805805806E+00   -1.362918538E-01
5.905905906E+00   -1.290062706E-01
6.006006006E+00   -1.218270919E-01
6.106106106E+00   -1.147538403E-01
6.206206206E+00   -1.077860313E-01
6.306306306E+00   -1.009231730E-01
6.406406406E+00   -9.416476673E-02
6.506506507E+00   -8.751030656E-02
6.606606607E+00   -8.095927974E-02
6.706706707E+00   -7.451116665E-02
6.806806807E+00   -6.816544091E-02
6.906906907E+00   -6.192156941E-02
7.007007007E+00   -5.577901243E-02
7.107107107E+00   -4.973722374E-02
7.207207207E+00   -4.379565064E-02
7.307307307E+00   -3.795373404E-02
7.407407407E+00   -3.221090861E-02
7.507507508E+00   -2.656660280E-02
7.607607608E+00   -2.102023895E-02
7.707707708E+00   -1.557123339E-02
7.807807808E+00   -1.021899652E-02
7.907907908E+00   -4.962932921E-03
8.008008008E+00   1.975585997E-04
8.108108108E+00   5.263084863E-03
8.208208208E+00   1.023425825E-02
8.308308308E+00   1.511169660E-02
8.408408408E+00   1.989602310E-02
8.508508509E+00   2.458786623E-02
8.608608609E+00   2.918785961E-02
8.708708709E+00   3.369664192E-02
8.808808809E+00   3.811485682E-02
8.908908909E+00   4.244315282E-02
9.009009009E+00   4.668218320E-02
9.109109109E+00   5.083260587E-02
9.209209209E+00   5.489508332E-02
9.309309309E+00   5.887028247E-02
9.409409409E+00   6.275887458E-02
9.509509510E+00   6.656153515E-02
9.609609610E+00   7.027894379E-02
9.709709710E+00   7.391178415E-02
9.809809810E+00   7.746074377E-02
9.909909910E+00   8.092651400E-02
1.001001001E+01   8.430978987E-02
1.011011011E+01   8.761127000E-02
1.021021021E+01   9.083165649E-02
1.031031031E+01   9.397165476E-02
1.041041041E+01   9.703197351E-02
1.051051051E+01   1.000133246E-01
1.061061061E+01   1.029164228E-01
1.071071071E+01   1.057419859E-01
1.081081081E+01   1.084907344E-01
1.091091091E+01   1.111633916E-01
1.101101101E+01   1.137606832E-01
1.111111111E+01   1.162833376E-01
1.121121121E+01   1.187320853E-01
1.131131131E+01   1.211076590E-01
1.141141141E+01   1.234107938E-01
1.151151151E+01   1.256422264E-01
1.161161161E+01   1.278026958E-01
1.171171171E+01   1.298929425E-01
1.181181181E+01   1.319137086E-01
1.191191191E+01   1.338657379E-01
1.201201201E+01   1.357497755E-01
1.211211211E+01   1.375665680E-01
1.221221221E+01   1.393168629E-01
1.231231231E+01   1.410014090E-01
1.241241241E+01   1.426209560E-01
1.251251251E+01   1.441762544E-01
1.261261261E+01   1.456680553E-01
1.271271271E+01   1.470971108E-01
1.281281281E+01   1.484641732E-01
1.291291291E+01   1.497699952E-01
1.301301301E+01   1.510153299E-01
1.311311311E+01   1.522009305E-01
1.321321321E+01   1.533275503E-01
1.331331331E+01   1.543959424E-01
1.341341341E+01   1.554068598E-01
1.351351351E+01   1.563610553E-01
1.361361361E+01   1.572592812E-01
1.371371371E+01   1.581022894E-01
1.381381381E+01   1.588908311E-01
1.391391391E+01   1.596256567E-01
1.401401401E+01   1.603075159E-01
1.411411411E+01   1.609371575E-01
1.421421421E+01   1.615153291E-01
1.431431431E+01   1.620427772E-01
1.441441441E+01   1.625202471E-01
1.451451451E+01   1.629484827E-01
1.461461461E+01   1.633282264E-01
1.471471471E+01   1.636602190E-01
1.481481481E+01   1.639451997E-01
1.491491491E+01   1.641839059E-01
1.501501502E+01   1.643770731E-01
1.511511512E+01   1.645254348E-01
1.521521522E+01   1.646297224E-01
1.531531532E+01   1.646906652E-01
1.541541542E+01   1.647089903E-01
1.551551552E+01   1.646854221E-01
1.561561562E+01   1.646206829E-01
1.571571572E+01   1.645154921E-01
1.581581582E+01   1.643705668E-01
1.591591592E+01   1.641866211E-01
1.601601602E+01   1.639643662E-01
1.611611612E+01   1.637045107E-01
1.621621622E+01   1.634077600E-01
1.631631632E+01   1.630748162E-01
1.641641642E+01   1.627063786E-01
1.651651652E+01   1.623031429E-01
1.661661662E+01   1.618658017E-01
1.671671672E+01   1.613950441E-01
1.681681682E+01   1.608915555E-01
1.691691692E+01   1.603560180E-01
1.701701702E+01   1.597891098E-01
1.711711712E+01   1.591915056E-01
1.721721722E+01   1.585638760E-01
1.731731732E+01   1.579068878E-01
1.741741742E+01   1.572212040E-01
1.751751752E+01   1.565074834E-01
1.761761762E+01   1.557663806E-01
1.771771772E+01   1.549985463E-01
1.781781782E+01   1.542046267E-01
1.791791792E+01   1.533852638E-01
1.801801802E+01   1.525410953E-01
1.811811812E+01   1.516727543E-01
1.821821822E+01   1.507808694E-01
1.831831832E+01   1.498660648E-01
1.841841842E+01   1.489289599E-01
1.851851852E+01   1.479701696E-01
1.861861862E+01   1.469903038E-01
1.871871872E+01   1.459899679E-01
1.881881882E+01   1.449697622E-01
1.891891892E+01   1.439302823E-01
1.901901902E+01   1.428721186E-01
1.911911912E+01   1.417958568E-01
1.921921922E+01   1.407020773E-01
1.931931932E+01   1.395913554E-01
1.941941942E+01   1.384642614E-01
1.951951952E+01   1.373213604E-01
1.961961962E+01   1.361632120E-01
1.971971972E+01   1.349903709E-01
1.981981982E+01   1.338033862E-01
1.991991992E+01   1.326028017E-01
2.002002002E+01   1.313891558E-01
2.012012012E+01   1.301629816E-01
2.022022022E+01   1.289248064E-01
2.032032032E+01   1.276751523E-01
2.042042042E+01   1.264145358E-01
2.052052052E+01   1.251434676E-01
2.062062062E+01   1.238624531E-01
2.072072072E+01   1.225719919E-01
2.082082082E+01   1.212725780E-01
2.092092092E+01   1.199646996E-01
2.102102102E+01   1.186488392E-01
2.112112112E+01   1.173254738E-01
2.122122122E+01   1.159950743E-01
2.132132132E+01   1.146581061E-01
2.142142142E+01   1.133150286E-01
2.152152152E+01   1.119662954E-01
2.162162162E+01   1.106123544E-01
2.172172172E+01   1.092536475E-01
2.182182182E+01   1.078906108E-01
2.192192192E+01   1.065236745E-01
2.202202202E+01   1.051532629E-01
2.212212212E+01   1.037797944E-01
2.222222222E+01   1.024036814E-01
2.232232232E+01   1.010253306E-01
2.242242242E+01   9.964514256E-02
2.252252252E+01   9.826351191E-02
2.262262262E+01   9.688082742E-02
2.272272272E+01   9.549747187E-02
2.282282282E+01   9.411382210E-02
2.292292292E+01   9.273024899E-02
2.302302302E+01   9.134711747E-02
2.312312312E+01   8.996478654E-02
2.322322322E+01   8.858360922E-02
2.332332332E+01   8.720393260E-02
2.342342342E+01   8.582609784E-02
2.352352352E+01   8.445044016E-02
2.362362362E+01   8.307728884E-02
2.372372372E+01   8.170696726E-02
2.382382382E+01   8.033979289E-02
2.392392392E+01   7.897607727E-02
2.402402402E+01   7.761612610E-02
2.412412412E+01   7.626023918E-02
2.422422422E+01   7.490871044E-02
2.432432432E+01   7.356182798E-02
2.442442442E+01   7.221987406E-02
2.452452452E+01   7.088312514E-02
2.462462462E+01   6.955185187E-02
2.472472472E+01   6.822631912E-02
2.482482482E+01   6.690678601E-02
2.492492492E+01   6.559350594E-02
2.502502503E+01   6.428672656E-02
2.512512513E+01   6.298668987E-02
2.522522523E+01   6.169363216E-02
2.532532533E+01   6.040778411E-02
2.542542543E+01   5.912937078E-02
2.552552553E+01   5.785861162E-02
2.562562563E+01   5.659572053E-02
2.572572573E+01   5.534090588E-02
2.582582583E+01   5.409437053E-02
2.592592593E+01   5.285631186E-02
2.602602603E+01   5.162692183E-02
2.612612613E+01   5.040638696E-02
2.622622623E+01   4.919488841E-02
2.632632633E+01   4.799260198E-02
2.642642643E+01   4.679969818E-02
2.652652653E+01   4.561634222E-02
2.662662663E+01   4.444269410E-02
2.672672673E+01   4.327890859E-02
2.682682683E+01   4.212513532E-02
2.692692693E+01   4.098151876E-02
2.702702703E+01   3.984819833E-02
2.712712713E+01   3.872530838E-02
2.722722723E+01   3.761297825E-02
2.732732733E+01   3.651133232E-02
2.742742743E+01   3.542049006E-02
2.752752753E+01   3.434056602E-02
2.762762763E+01   3.327166994E-02
2.772772773E+01   3.221390676E-02
2.782782783E+01   3.116737665E-02
2.792792793E+01   3.013217509E-02
2.802802803E+01   2.910839289E-02
2.812812813E+01   2.809611625E-02
2.822822823E+01   2.709542678E-02
2.832832833E+01   2.610640160E-02
2.842842843E+01   2.512911333E-02
2.852852853E+01   2.416363015E-02
2.862862863E+01   2.321001590E-02
2.872872873E+01   2.226833004E-02
2.882882883E+01   2.133862779E-02
2.892892893E+01   2.042096011E-02
2.902902903E+01   1.951537379E-02
2.912912913E+01   1.862191149E-02
2.922922923E+01   1.774061178E-02
2.932932933E+01   1.687150919E-02
2.942942943E+01   1.601463430E-02
2.952952953E+01   1.517001374E-02
2.962962963E+01   1.433767028E-02
2.972972973E+01   1.351762285E-02
2.982982983E+01   1.270988661E-02
2.992992993E+01   1.191447304E-02
3.003003003E+01   1.113138990E-02
3.013013013E+01   1.036064138E-02
3.023023023E+01   9.602228108E-03
3.033033033E+01   8.856147193E-03
3.043043043E+01   8.122392308E-03
3.053053053E+01   7.400953727E-03
3.063063063E+01   6.691818386E-03
3.073073073E+01   5.994969932E-03
3.083083083E+01   5.310388784E-03
3.093093093E+01   4.638052183E-03
3.103103103E+01   3.977934248E-03
3.113113113E+01   3.330006033E-03
3.123123123E+01   2.694235578E-03
3.133133133E+01   2.070587968E-03
3.143143143E+01   1.459025386E-03
3.153153153E+01   8.595071680E-04
3.163163163E+01   2.719898592E-04
3.173173173E+01   -3.035727318E-04
3.183183183E+01   -8.672294777E-04
3.193193193E+01   -1.419031877E-03
3.203203203E+01   -1.959034001E-03
3.213213213E+01   -2.487292434E-03
3.223223223E+01   -3.003866225E-03
3.233233233E+01   -3.508816827E-03
3.243243243E+01   -4.002208048E-03
3.253253253E+01   -4.484105991E-03
3.263263263E+01   -4.954579001E-03
3.273273273E+01   -5.413697615E-03
3.283283283E+01   -5.861534502E-03
3.293293293E+01   -6.298164412E-03
3.303303303E+01   -6.723664122E-03
3.313313313E+01   -7.138112382E-03
3.323323323E+01   -7.541589861E-03
3.333333333E+01   -7.934179095E-03
3.343343343E+01   -8.315964435E-03
3.353353353E+01   -8.687031990E-03
3.363363363E+01   -9.047469580E-03
3.373373373E+01   -9.397366678E-03
3.383383383E+01   -9.736814364E-03
3.393393393E+01   -1.006590527E-02
3.403403403E+01   -1.038473352E-02
3.413413413E+01   -1.069339471E-02
3.423423423E+01   -1.099198582E-02
3.433433433E+01   -1.128060516E-02
3.443443443E+01   -1.155935238E-02
3.453453453E+01   -1.182832835E-02
3.463463463E+01   -1.208763515E-02
3.473473473E+01   -1.233737601E-02
3.483483483E+01   -1.257765524E-02
3.493493493E+01   -1.280857824E-02
3.503503504E+01   -1.303025140E-02
3.513513514E+01   -1.324278205E-02
3.523523524E+01   -1.344627846E-02
3.533533534E+01   -1.364084975E-02
3.543543544E+01   -1.382660585E-02
3.553553554E+01   -1.400365747E-02
3.563563564E+01   -1.417211605E-02
3.573573574E+01   -1.433209371E-02
3.583583584E+01   -1.448370321E-02
3.593593594E+01   -1.462705789E-02
3.603603604E+01   -1.476227165E-02
3.613613614E+01   -1.488945889E-02
3.623623624E+01   -1.500873448E-02
3.633633634E+01   -1.512021372E-02
3.643643644E+01   -1.522401226E-02
3.653653654E+01   -1.532024612E-02
3.663663664E+01   -1.540903160E-02
3.673673674E+01   -1.549048526E-02
3.683683684E+01   -1.556472390E-02
3.693693694E+01   -1.563186446E-02
3.703703704E+01   -1.569202404E-02
3.713713714E+01   -1.574531986E-02
3.723723724E+01   -1.579186917E-02
3.733733734E+01   -1.583178928E-02
3.743743744E+01   -1.586519746E-02
3.753753754E+01   -1.589221097E-02
3.763763764E+01   -1.591294696E-02
3.773773774E+01   -1.592752249E-02
3.783783784E+01   -1.593605444E-02
3.793793794E+01   -1.593865953E-02
3.803803804E+01   -1.593545426E-02
3.813813814E+01   -1.592655489E-02
3.823823824E+01   -1.591207738E-02
3.833833834E+01   -1.589213739E-02
3.843843844E+01   -1.586685022E-02
3.853853854E+01   -1.583633084E-02
3.863863864E+01   -1.580069376E-02
3.873873874E+01   -1.576005309E-02
3.883883884E+01   -1.571452249E-02
3.893893894E+01   -1.566421510E-02
3.903903904E+01   -1.560924357E-02
3.913913914E+01   -1.554971999E-02
3.923923924E+01   -1.548575588E-02
3.933933934E+01   -1.541746219E-02
3.943943944E+01   -1.534494922E-02
3.953953954E+01   -1.526832664E-02
3.963963964E+01   -1.518770345E-02
3.973973974E+01   -1.510318795E-02
3.983983984E+01   -1.501488774E-02
3.993993994E+01   -1.492290968E-02
4.004004004E+01   -1.482735985E-02
4.014014014E+01   -1.472834358E-02
4.024024024E+01   -1.462596539E-02
4.034034034E+01   -1.452032896E-02
4.044044044E+01   -1.441153716E-02
4.054054054E+01   -1.429969199E-02
4.064064064E+01   -1.418489456E-02
4.074074074E+01   -1.406724511E-02
4.084084084E+01   -1.394684295E-02
4.094094094E+01   -1.382378648E-02
4.104104104E+01   -1.369817313E-02
4.114114114E+01   -1.357009939E-02
4.124124124E+01   -1.343966077E-02
4.134134134E+01   -1.330695180E-02
4.144144144E+01   -1.317206600E-02
4.154154154E+01   -1.303509586E-02
4.164164164E+01   -1.289613286E-02
4.174174174E+01   -1.275526744E-02
4.184184184E+01   -1.261258898E-02
4.194194194E+01   -1.246818580E-02
4.204204204E+01   -1.232214514E-02
4.214214214E+01   -1.217455315E-02
4.224224224E+01   -1.202549491E-02
4.234234234E+01   -1.187505438E-02
4.244244244E+01   -1.172331439E-02
4.254254254E+01   -1.157035669E-02
4.264264264E+01   -1.141626186E-02
4.274274274E+01   -1.126110939E-02
4.284284284E+01   -1.110497758E-02
4.294294294E+01   -1.094794362E-02
4.304304304E+01   -1.079008353E-02
4.314314314E+01   -1.063147216E-02
4.324324324E+01   -1.047218323E-02
4.334334334E+01   -1.031228926E-02
4.344344344E+01   -1.015186161E-02
4.354354354E+01   -9.990970459E-03
4.364364364E+01   -9.829684818E-03
4.374374374E+01   -9.668072507E-03
4.384384384E+01   -9.506200169E-03
4.394394394E+01   -9.344133257E-03
4.404404404E+01   -9.181936042E-03
4.414414414E+01   -9.019671605E-03
4.424424424E+01   -8.857401841E-03
4.434434434E+01   -8.695187457E-03
4.444444444E+01   -8.533087971E-03
4.454454454E+01   -8.371161717E-03
4.464464464E+01   -8.209465841E-03
4.474474474E+01   -8.048056306E-03
4.484484484E+01   -7.886987893E-03
4.494494494E+01   -7.726314203E-03
4.504504505E+01   -7.566087657E-03
4.514514515E+01   -7.406359506E-03
4.524524525E+01   -7.247179825E-03
4.534534535E+01   -7.088597524E-03
4.544544545E+01   -6.930660348E-03
4.554554555E+01   -6.773414885E-03
4.564564565E+01   -6.616906564E-03
4.574574575E+01   -6.461179666E-03
4.584584585E+01   -6.306277329E-03
4.594594595E+01   -6.152241549E-03
4.604604605E+01   -5.999113190E-03
4.614614615E+01   -5.846931987E-03
4.624624625E+01   -5.695736557E-03
4.634634635E+01   -5.545564400E-03
4.644644645E+01   -5.396451909E-03
4.654654655E+01   -5.248434378E-03
4.664664665E+01   -5.101546008E-03
4.674674675E+01   -4.955819914E-03
4.684684685E+01   -4.811288135E-03
4.694694695E+01   -4.667981641E-03
4.704704705E+01   -4.525930341E-03
4.714714715E+01   -4.385163092E-03
4.724724725E+01   -4.245707710E-03
4.734734735E+01   -4.107590974E-03
4.744744745E+01   -3.970838642E-03
4.754754755E+01   -3.835475455E-03
4.764764765E+01   -3.701525148E-03
4.774774775E+01   -3.569010462E-03
4.784784785E+01   -3.437953151E-03
4.794794795E+01   -3.308373997E-03
4.804804805E+01   -3.180292812E-03
4.814814815E+01   -3.053728459E-03
4.824824825E+01   -2.928698855E-03
4.834834835E+01   -2.805220983E-03
4.844844845E+01   -2.683310906E-03
4.854854855E+01   -2.562983778E-03
4.864864865E+01   -2.444253850E-03
4.874874875E+01   -2.327134488E-03
4.884884885E+01   -2.211638181E-03
4.894894895E+01   -2.097776554E-03
4.904904905E+01   -1.985560376E-03
4.914914915E+01   -1.874999580E-03
4.924924925E+01   -1.766103265E-03
4.934934935E+01   -1.658879717E-03
4.944944945E+01   -1.553336413E-03
4.954954955E+01   -1.449480041E-03
4.964964965E+01   -1.347316506E-03
4.974974975E+01   -1.246850947E-03
4.984984985E+01   -1.148087745E-03
4.994994995E+01   -1.051030539E-03
5.005005005E+01   -9.556822373E-04
5.015015015E+01   -8.620450305E-04
5.025025025E+01   -7.701204028E-04
5.035035035E+01   -6.799091458E-04
5.045045045E+01   -5.914113712E-04
5.055055055E+01   -5.046265229E-04
5.065065065E+01   -4.195533902E-04
5.075075075E+01   -3.361901205E-04
5.085085085E+01   -2.545342318E-04
5.095095095E+01   -1.745826256E-04
5.105105105E+01   -9.633159992E-05
5.115115115E+01   -1.977686172E-05
5.125125125E+01   5.508646020E-05
5.135135135E+01   1.282638024E-04
5.145145145E+01   1.997611543E-04
5.155155155E+01   2.695850449E-04
5.165165165E+01   3.377425308E-04
5.175175175E+01   4.042411831E-04
5.185185185E+01   4.690890749E-04
5.195195195E+01   5.322947686E-04
5.205205205E+01   5.938673035E-04
5.215215215E+01   6.538161830E-04
5.225225225E+01   7.121513627E-04
5.235235235E+01   7.688832373E-04
5.245245245E+01   8.240226289E-04
5.255255255E+01   8.775807740E-04
5.265265265E+01   9.295693120E-04
5.275275275E+01   9.800002725E-04
5.285285285E+01   1.028886063E-03
5.295295295E+01   1.076239459E-03
5.305305305E+01   1.122073587E-03
5.315315315E+01   1.166401920E-03
5.325325325E+01   1.209238259E-03
5.335335335E+01   1.250596723E-03
5.345345345E+01   1.290491742E-03
5.355355355E+01   1.328938039E-03
5.365365365E+01   1.365950622E-03
5.375375375E+01   1.401544772E-03
5.385385385E+01   1.435736033E-03
5.395395395E+01   1.468540198E-03
5.405405405E+01   1.499973300E-03
5.415415415E+01   1.530051603E-03
5.425425425E+01   1.558791586E-03
5.435435435E+01   1.586209936E-03
5.445445445E+01   1.612323538E-03
5.455455455E+01   1.637149463E-03
5.465465465E+01   1.660704956E-03
5.475475475E+01   1.683007430E-03
5.485485485E+01   1.704074451E-03
5.495495495E+01   1.723923733E-03
5.505505506E+01   1.742573125E-03
5.515515516E+01   1.760040600E-03
5.525525526E+01   1.776344251E-03
5.535535536E+01   1.791502274E-03
5.545545546E+01   1.805532966E-03
5.555555556E+01   1.818454709E-03
5.565565566E+01   1.830285966E-03
5.575575576E+01   1.841045272E-03
5.585585586E+01   1.850751220E-03
5.595595596E+01   1.859422457E-03
5.605605606E+01   1.867077676E-03
5.615615616E+01   1.873735603E-03
5.625625626E+01   1.879414995E-03
5.635635636E+01   1.884134625E-03
5.645645646E+01   1.887913280E-03
5.655655656E+01   1.890769750E-03
5.665665666E+01   1.892722820E-03
5.675675676E+01   1.893791265E-03
5.685685686E+01   1.893993840E-03
5.695695696E+01   1.893349275E-03
5.705705706E+01   1.891876265E-03
5.715715716E+01   1.889593467E-03
5.725725726E+01   1.886519487E-03
5.735735736E+01   1.882672883E-03
5.745745746E+01   1.878072146E-03
5.755755756E+01   1.872735707E-03
5.765765766E+01   1.866681918E-03
5.775775776E+01   1.859929057E-03
5.785785786E+01   1.852495313E-03
5.795795796E+01   1.844398787E-03
5.805805806E+01   1.835657483E-03
5.815815816E+01   1.826289302E-03
5.825825826E+01   1.816312038E-03
5.835835836E+01   1.805743373E-03
5.845845846E+01   1.794600871E-03
5.855855856E+01   1.782901973E-03
5.865865866E+01   1.770663994E-03
5.875875876E+01   1.757904116E-03
5.885885886E+01   1.744639383E-03
5.895895896E+01   1.730886701E-03
5.905905906E+01   1.716662828E-03
5.915915916E+01   1.701984375E-03
5.925925926E+01   1.686867798E-03
5.935935936E+01   1.671329398E-03
5.945945946E+01   1.655385312E-03
5.955955956E+01   1.639051516E-03
5.965965966E+01   1.622343816E-03
5.975975976E+01   1.605277848E-03
5.985985986E+01   1.587869074E-03
5.995995996E+01   1.570132778E-03
6.006006006E+01   1.552084065E-03
6.016016016E+01   1.533737856E-03
6.026026026E+01   1.515108887E-03
6.036036036E+01   1.496211706E-03
6.046046046E+01   1.477060671E-03
6.056056056E+01   1.457669947E-03
6.066066066E+01   1.438053504E-03
6.076076076E+01   1.418225115E-03
6.086086086E+01   1.398198355E-03
6.096096096E+01   1.377986599E-03
6.106106106E+01   1.357603018E-03
6.116116116E+01   1.337060581E-03
6.126126126E+01   1.316372052E-03
6.136136136E+01   1.295549988E-03
6.146146146E+01   1.274606738E-03
6.156156156E+01   1.253554442E-03
6.166166166E+01   1.232405032E-03
6.176176176E+01   1.211170228E-03
6.186186186E+01   1.189861539E-03
6.196196196E+01   1.168490263E-03
6.206206206E+01   1.147067483E-03
6.216216216E+01   1.125604071E-03
6.226226226E+01   1.104110686E-03
6.236236236E+01   1.082597771E-03
6.246246246E+01   1.061075557E-03
6.256256256E+01   1.039554060E-03
6.266266266E+01   1.018043083E-03
6.276276276E+01   9.965522154E-04
6.286286286E+01   9.750908312E-04
6.296296296E+01   9.536680925E-04
6.306306306E+01   9.322929480E-04
6.316316316E+01   9.109741338E-04
6.326326326E+01   8.897201740E-04
6.336336336E+01   8.685393813E-04
6.346346346E+01   8.474398575E-04
6.356356356E+01   8.264294947E-04
6.366366366E+01   8.055159757E-04
6.376376376E+01   7.847067750E-04
6.386386386E+01   7.640091600E-04
6.396396396E+01   7.434301919E-04
6.406406406E+01   7.229767266E-04
6.416416416E+01   7.026554166E-04
6.426426426E+01   6.824727113E-04
6.436436436E+01   6.624348591E-04
6.446446446E+01   6.425479083E-04
6.456456456E+01   6.228177087E-04
6.466466466E+01   6.032499133E-04
6.476476476E+01   5.838499796E-04
6.486486486E+01   5.646231710E-04
6.496496496E+01   5.455745589E-04
6.506506507E+01   5.267090245E-04
6.516516517E+01   5.080312597E-04
6.526526527E+01   4.895457701E-04
6.536536537E+01   4.712568759E-04
6.546546547E+01   4.531687141E-04
6.556556557E+01   4.352852407E-04
6.566566567E+01   4.176102324E-04
6.576576577E+01   4.001472886E-04
6.586586587E+01   3.828998337E-04
6.596596597E+01   3.658711188E-04
6.606606607E+01   3.490642244E-04
6.616616617E+01   3.324820619E-04
6.626626627E+01   3.161273763E-04
6.636636637E+01   3.000027484E-04
6.646646647E+01   2.841105965E-04
6.656656657E+01   2.684531795E-04
6.666666667E+01   2.530325986E-04
6.676676677E+01   2.378507998E-04
6.686686687E+01   2.229095763E-04
6.696696697E+01   2.082105709E-04
6.706706707E+01   1.937552783E-04
6.716716717E+01   1.795450476E-04
6.726726727E+01   1.655810846E-04
6.736736737E+01   1.518644543E-04
6.746746747E+01   1.383960836E-04
6.756756757E+01   1.251767632E-04
6.766766767E+01   1.122071508E-04
6.776776777E+01   9.948777293E-05
6.786786787E+01   8.701902796E-05
6.796796797E+01   7.480118827E-05
6.806806807E+01   6.283440294E-05
6.816816817E+01   5.111870021E-05
6.826826827E+01   3.965399002E-05
6.836836837E+01   2.844006653E-05
6.846846847E+01   1.747661064E-05
6.856856857E+01   6.763192552E-06
6.866866867E+01   -3.700725755E-06
6.876876877E+01   -1.391578795E-05
6.886886887E+01   -2.388274086E-05
6.896896897E+01   -3.360243192E-05
6.906906907E+01   -4.307580671E-05
6.916916917E+01   -5.230390637E-05
6.926926927E+01   -6.128786518E-05
6.936936937E+01   -7.002890803E-05
6.946946947E+01   -7.852834792E-05
6.956956957E+01   -8.678758352E-05
6.966966967E+01   -9.480809668E-05
6.976976977E+01   -1.025914500E-04
6.986986987E+01   -1.101392844E-04
6.996996997E+01   -1.174533166E-04
7.007007007E+01   -1.245353370E-04
7.017017017E+01   -1.313872068E-04
7.027027027E+01   -1.380108560E-04
7.037037037E+01   -1.444082810E-04
7.047047047E+01   -1.505815422E-04
7.057057057E+01   -1.565327615E-04
7.067067067E+01   -1.622641204E-04
7.077077077E+01   -1.677778572E-04
7.087087087E+01   -1.730762652E-04
7.097097097E+01   -1.781616901E-04
7.107107107E+01   -1.830365281E-04
7.117117117E+01   -1.877032234E-04
7.127127127E+01   -1.921642661E-04
7.137137137E+01   -1.964221903E-04
7.147147147E+01   -2.004795715E-04
7.157157157E+01   -2.043390249E-04
7.167167167E+01   -2.080032031E-04
7.177177177E+01   -2.114747941E-04
7.187187187E+01   -2.147565194E-04
7.197197197E+01   -2.178511316E-04
7.207207207E+01   -2.207614128E-04
7.217217217E+01   -2.234901727E-04
7.227227227E+01   -2.260402463E-04
7.237237237E+01   -2.284144922E-04
7.247247247E+01   -2.306157908E-04
7.257257257E+01   -2.326470424E-04
7.267267267E+01   -2.345111653E-04
7.277277277E+01   -2.362110941E-04
7.287287287E+01   -2.377497781E-04
7.297297297E+01   -2.391301791E-04
7.307307307E+01   -2.403552704E-04
7.317317317E+01   -2.414280343E-04
7.327327327E+01   -2.423514613E-04
7.337337337E+01   -2.431285478E-04
7.347347347E+01   -2.437622952E-04
7.357357357E+01   -2.442557076E-04
7.367367367E+01   -2.446117908E-04
7.377377377E+01   -2.448335507E-04
7.387387387E+01   -2.449239920E-04
7.397397397E+01   -2.448861162E-04
7.407407407E+01   -2.447229210E-04
7.417417417E+01   -2.444373984E-04
7.427427427E+01   -2.440325336E-04
7.437437437E+01   -2.435113034E-04
7.447447447E+01   -2.428766754E-04
7.457457457E+01   -2.421316064E-04
7.467467467E+01   -2.412790415E-04
7.477477477E+01   -2.403219126E-04
7.487487487E+01   -2.392631372E-04
7.497497497E+01   -2.381056180E-04
7.507507508E+01   -2.368522408E-04
7.517517518E+01   -2.355058742E-04
7.527527528E+01   -2.340693684E-04
7.537537538E+01   -2.325455539E-04
7.547547548E+01   -2.309372410E-04
7.557557558E+01   -2.292472187E-04
7.567567568E+01   -2.274782534E-04
7.577577578E+01   -2.256330887E-04
7.587587588E+01   -2.237144443E-04
7.597597598E+01   -2.217250148E-04
7.607607608E+01   -2.196674695E-04
7.617617618E+01   -2.175444514E-04
7.627627628E+01   -2.153585764E-04
7.637637638E+01   -2.131124325E-04
7.647647648E+01   -2.108085798E-04
7.657657658E+01   -2.084495487E-04
7.667667668E+01   -2.060378406E-04
7.677677678E+01   -2.035759262E-04
7.687687688E+01   -2.010662457E-04
7.697697698E+01   -1.985112078E-04
7.707707708E+01   -1.959131895E-04
7.717717718E+01   -1.932745355E-04
7.727727728E+01   -1.905975576E-04
7.737737738E+01   -1.878845347E-04
7.747747748E+01   -1.851377118E-04
7.757757758E+01   -1.823593003E-04
7.767767768E+01   -1.795514769E-04
7.777777778E+01   -1.767163841E-04
7.787787788E+01   -1.738561292E-04
7.797797798E+01   -1.709727844E-04
7.807807808E+01   -1.680683863E-04
7.817817818E+01   -1.651449361E-04
7.827827828E+01   -1.622043988E-04
7.837837838E+01   -1.592487035E-04
7.847847848E+01   -1.562797431E-04
7.857857858E+01   -1.532993739E-04
7.867867868E+01   -1.503094158E-04
7.877877878E+01   -1.473116521E-04
7.887887888E+01   -1.443078295E-04
7.897897898E+01   -1.412996578E-04
7.907907908E+01   -1.382888101E-04
7.917917918E+01   -1.352769225E-04
7.927927928E+01   -1.322655947E-04
7.937937938E+01   -1.292563892E-04
7.947947948E+01   -1.262508319E-04
7.957957958E+01   -1.232504119E-04
7.967967968E+01   -1.202565819E-04
7.977977978E+01   -1.172707578E-04
7.987987988E+01   -1.142943192E-04
7.997997998E+01   -1.113286092E-04
8.008008008E+01   -1.083749349E-04
8.018018018E+01   -1.054345673E-04
8.028028028E+01   -1.025087414E-04
8.038038038E+01   -9.959865661E-05
8.048048048E+01   -9.670547688E-05
8.058058058E+01   -9.383033079E-05
8.068068068E+01   -9.097431187E-05
8.078078078E+01   -8.813847880E-05
8.088088088E+01   -8.532385569E-05
8.098098098E+01   -8.253143230E-05
8.108108108E+01   -7.976216432E-05
8.118118118E+01   -7.701697370E-05
8.128128128E+01   -7.429674886E-05
8.138138138E+01   -7.160234507E-05
8.148148148E+01   -6.893458472E-05
8.158158158E+01   -6.629425766E-05
8.168168168E+01   -6.368212154E-05
8.178178178E+01   -6.109890213E-05
8.188188188E+01   -5.854529370E-05
8.198198198E+01   -5.602195936E-05
8.208208208E+01   -5.352953143E-05
8.218218218E+01   -5.106861183E-05
8.228228228E+01   -4.863977245E-05
8.238238238E+01   -4.624355554E-05
8.248248248E+01   -4.388047410E-05
8.258258258E+01   -4.155101232E-05
8.268268268E+01   -3.925562593E-05
8.278278278E+01   -3.699474267E-05
8.288288288E+01   -3.476876267E-05
8.298298298E+01   -3.257805889E-05
8.308308308E+01   -3.042297755E-05
8.318318318E+01   -2.830383854E-05
8.328328328E+01   -2.622093592E-05
8.338338338E+01   -2.417453827E-05
8.348348348E+01   -2.216488920E-05
8.358358358E+01   -2.019220778E-05
8.368368368E+01   -1.825668898E-05
8.378378378E+01   -1.635850411E-05
8.388388388E+01   -1.449780132E-05
8.398398398E+01   -1.267470600E-05
8.408408408E+01   -1.088932127E-05
8.418418418E+01   -9.141728424E-06
8.428428428E+01   -7.431987387E-06
8.438438438E+01   -5.760137188E-06
8.448448448E+01   -4.126196403E-06
8.458458458E+01   -2.530163624E-06
8.468468468E+01   -9.720179138E-07
8.478478478E+01   5.482807354E-07
8.488488488E+01   2.030790943E-06
8.498498498E+01   3.475589482E-06
8.508508509E+01   4.882770828E-06
8.518518519E+01   6.252446700E-06
8.528528529E+01   7.584745610E-06
8.538538539E+01   8.879812412E-06
8.548548549E+01   1.013780786E-05
8.558558559E+01   1.135890814E-05
8.568568569E+01   1.254330445E-05
8.578578579E+01   1.369120257E-05
8.588588589E+01   1.480282237E-05
8.598598599E+01   1.587839744E-05
8.608608609E+01   1.691817460E-05
8.618618619E+01   1.792241353E-05
8.628628629E+01   1.889138630E-05
8.638638639E+01   1.982537697E-05
8.648648649E+01   2.072468115E-05
8.658658659E+01   2.158960564E-05
8.668668669E+01   2.242046795E-05
8.678678679E+01   2.321759597E-05
8.688688689E+01   2.398132751E-05
8.698698699E+01   2.471200994E-05
8.708708709E+01   2.540999978E-05
8.718718719E+01   2.607566235E-05
8.728728729E+01   2.670937135E-05
8.738738739E+01   2.731150849E-05
8.748748749E+01   2.788246317E-05
8.758758759E+01   2.842263205E-05
8.768768769E+01   2.893241874E-05
8.778778779E+01   2.941223341E-05
8.788788789E+01   2.986249249E-05
8.798798799E+01   3.028361830E-05
8.808808809E+01   3.067603869E-05
8.818818819E+01   3.104018678E-05
8.828828829E+01   3.137650058E-05
8.838838839E+01   3.168542270E-05
8.848848849E+01   3.196740000E-05
8.858858859E+01   3.222288337E-05
8.868868869E+01   3.245232735E-05
8.878878879E+01   3.265618987E-05
8.888888889E+01   3.283493197E-05
8.898898899E+01   3.298901751E-05
8.908908909E+01   3.311891292E-05
8.918918919E+01   3.322508691E-05
8.928928929E+01   3.330801022E-05
8.938938939E+01   3.336815537E-05
8.948948949E+01   3.340599642E-05
8.958958959E+01   3.342200871E-05
8.968968969E+01   3.341666867E-05
8.978978979E+01   3.339045353E-05
8.988988989E+01   3.334384116E-05
8.998998999E+01   3.327730985E-05
9.009009009E+01   3.319133805E-05
9.019019019E+01   3.308640426E-05
9.029029029E+01   3.296298675E-05
9.039039039E+01   3.282156343E-05
9.049049049E+01   3.266261165E-05
9.059059059E+01   3.248660804E-05
9.069069069E+01   3.229402831E-05
9.079079079E+01   3.208534715E-05
9.089089089E+01   3.186103802E-05
9.099099099E+01   3.162157303E-05
9.109109109E+01   3.136742280E-05
9.119119119E+01   3.109905630E-05
9.129129129E+01   3.081694078E-05
9.139139139E+01   3.052154157E-05
9.149149149E+01   3.021332204E-05
9.159159159E+01   2.989274345E-05
9.169169169E+01   2.956026483E-05
9.179179179E+01   2.921634293E-05
9.189189189E+01   2.886143210E-05
9.199199199E+01   2.849598421E-05
9.209209209E+01   2.812044857E-05
9.219219219E+01   2.773527184E-05
9.229229229E+01   2.734089800E-05
9.239239239E+01   2.693776827E-05
9.249249249E+01   2.652632101E-05
9.259259259E+01   2.610699175E-05
9.269269269E+01   2.568021307E-05
9.279279279E+01   2.524641459E-05
9.289289289E+01   2.480602296E-05
9.299299299E+01   2.435946176E-05
9.309309309E+01   2.390715155E-05
9.319319319E+01   2.344950978E-05
9.329329329E+01   2.298695084E-05
9.339339339E+01   2.251988598E-05
9.349349349E+01   2.204872336E-05
9.359359359E+01   2.157386801E-05
9.369369369E+01   2.109572185E-05
9.379379379E+01   2.061468370E-05
9.389389389E+01   2.013114926E-05
9.399399399E+01   1.964551115E-05
9.409409409E+01   1.915815892E-05
9.419419419E+01   1.866947907E-05
9.429429429E+01   1.817985508E-05
9.439439439E+01   1.768966743E-05
9.449449449E+01   1.719929363E-05
9.459459459E+01   1.670910826E-05
9.469469469E+01   1.621948303E-05
9.479479479E+01   1.573078675E-05
9.489489489E+01   1.524338548E-05
9.499499499E+01   1.475764247E-05
9.509509510E+01   1.427391828E-05
9.519519520E+01   1.379257082E-05
9.529529530E+01   1.331395537E-05
9.539539540E+01   1.283842467E-05
9.549549550E+01   1.236632897E-05
9.559559560E+01   1.189801609E-05
9.569569570E+01   1.143383147E-05
9.579579580E+01   1.097411825E-05
9.589589590E+01   1.051921733E-05
9.599599600E+01   1.006946744E-05
9.609609610E+01   9.625205195E-06
9.619619620E+01   9.186765180E-06
9.629629630E+01   8.754480010E-06
9.639639640E+01   8.328680406E-06
9.649649650E+01   7.909695264E-06
9.659659660E+01   7.497851728E-06
9.669669670E+01   7.093475265E-06
9.679679680E+01   6.696889735E-06
9.689689690E+01   6.308417464E-06
9.699699700E+01   5.928379321E-06
9.709709710E+01   5.557094784E-06
9.719719720E+01   5.194882022E-06
9.729729730E+01   4.842057959E-06
9.739739740E+01   4.498938350E-06
9.749749750E+01   4.165837850E-06
9.759759760E+01   3.843070085E-06
9.769769770E+01   3.530947722E-06
9.779779780E+01   3.229782535E-06
9.789789790E+01   2.939885472E-06
9.799799800E+01   2.661566721E-06
9.809809810E+01   2.395135772E-06
9.819819820E+01   2.140901481E-06
9.829829830E+01   1.899172126E-06
9.839839840E+01   1.670255469E-06
9.849849850E+01   1.454458810E-06
9.859859860E+01   1.252089038E-06
9.869869870E+01   1.063452685E-06
9.879879880E+01   8.888559712E-07
9.889889890E+01   7.286048521E-07
9.899899900E+01   5.830050604E-07
9.909909910E+01   4.523621447E-07
9.919919920E+01   3.369815057E-07
9.929929930E+01   2.371684287E-07
9.939939940E+01   1.532281127E-07
9.949949950E+01   8.546569555E-08
9.959959960E+01   3.418627532E-08
9.969969970E+01   -3.050719704E-10
9.979979980E+01   -1.770327924E-08
9.989989990E+01   -1.770327924E-08
1.000000000E+02   0.000000000E+00
