0.000000000E+00   -1.110339395E+00
1.001001001E-01   -1.096339395E+00
2.002002002E-01   -1.082419496E+00
3.003003003E-01   -1.068579697E+00
4.004004004E-01   -1.054819998E+00
5.005005005E-01   -1.041140391E+00
6.006006006E-01   -1.027540870E+00
7.007007007E-01   -1.014021422E+00
8.008008008E-01   -1.000582036E+00
9.009009009E-01   -9.872226951E-01
1.001001001E+00   -9.739433800E-01
1.101101101E+00   -9.607440695E-01
1.201201201E+00   -9.476247394E-01
1.301301301E+00   -9.345853628E-01
1.401401401E+00   -9.216259102E-01
1.501501502E+00   -9.087463493E-01
1.601601602E+00   -8.959466451E-01
1.701701702E+00   -8.832267600E-01
1.801801802E+00   -8.705866537E-01
1.901901902E+00   -8.580262832E-01
2.002002002E+00   -8.455456028E-01
2.102102102E+00   -8.331445641E-01
2.202202202E+00   -8.208231163E-01
2.302302302E+00   -8.085812056E-01
2.402402402E+00   -7.964187756E-01
2.502502503E+00   -7.843357674E-01
2.602602603E+00   -7.723321195E-01
2.702702703E+00   -7.604077674E-01
2.802802803E+00   -7.485626442E-01
2.902902903E+00   -7.367966805E-01
3.003003003E+00   -7.251098041E-01
3.103103103E+00   -7.135019400E-01
3.203203203E+00   -7.019730110E-01
3.303303303E+00   -6.905229370E-01
3.403403403E+00   -6.791516352E-01
3.503503504E+00   -6.678590205E-01
3.603603604E+00   -6.566450051E-01
3.703703704E+00   -6.455094985E-01
3.803803804E+00   -6.344524076E-01
3.903903904E+00   -6.234736369E-01
4.004004004E+00   -6.125730883E-01
4.104104104E+00   -6.017506610E-01
4.204204204E+00   -5.910062518E-01
4.304304304E+00   -5.803397549E-01
4.404404404E+00   -5.697510619E-01
4.504504505E+00   -5.592400619E-01
4.604604605E+00   -5.488066415E-01
4.704704705E+00   -5.384506849E-01
4.804804805E+00   -5.281720736E-01
4.904904905E+00   -5.179706867E-01
5.005005005E+00   -5.078464009E-01
5.105105105E+00   -4.977990902E-01
5.205205205E+00   -4.878286263E-01
5.305305305E+00   -4.779348784E-01
5.405405405E+00   -4.681177134E-01
5.505505506E+00   -4.583769954E-01
5.605605606E+00   -4.487125865E-01
5.705705706E+00   -4.391243460E-01
5.805805806E+00   -4.296121310E-01
5.905905906E+00   -4.201757962E-01
6.006006006E+00   -4.108151940E-01
6.106106106E+00   -4.015301741E-01
6.206206206E+00   -3.923205841E-01
6.306306306E+00   -3.831862692E-01
6.406406406E+00   -3.741270723E-01
6.506506507E+00   -3.651428338E-01
6.606606607E+00   -3.562333920E-01
6.706706707E+00   -3.473985828E-01
6.806806807E+00   -3.386382396E-01
6.906906907E+00   -3.299521939E-01
7.007007007E+00   -3.213402746E-01
7.107107107E+00   -3.128023086E-01
7.207207207E+00   -3.043381203E-01
7.307307307E+00   -2.959475321E-01
7.407407407E+00   -2.876303640E-01
7.507507508E+00   -2.793864339E-01
7.607607608E+00   -2.712155575E-01
7.707707708E+00   -2.631175482E-01
7.807807808E+00   -2.550922174E-01
7.907907908E+00   -2.471393742E-01
8.008008008E+00   -2.392588257E-01
8.108108108E+00   -2.314503768E-01
8.208208208E+00   -2.237138302E-01
8.308308308E+00   -2.160489866E-01
8.408408408E+00   -2.084556447E-01
8.508508509E+00   -2.009336010E-01
8.608608609E+00   -1.934826499E-01
8.708708709E+00   -1.861025839E-01
8.808808809E+00   -1.787931935E-01
8.908908909E+00   -1.715542669E-01
9.009009009E+00   -1.643855907E-01
9.109109109E+00   -1.572869492E-01
9.209209209E+00   -1.502581249E-01
9.309309309E+00   -1.432988984E-01
9.409409409E+00   -1.364090482E-01
9.509509510E+00   -1.295883509E-01
9.609609610E+00   -1.228365814E-01
9.709709710E+00   -1.161535124E-01
9.809809810E+00   -1.095389151E-01
9.909909910E+00   -1.029925585E-01
1.001001001E+01   -9.651420997E-02
1.011011011E+01   -9.010363501E-02
1.021021021E+01   -8.376059729E-02
1.031031031E+01   -7.748485870E-02
1.041041041E+01   -7.127617939E-02
1.051051051E+01   -6.513431771E-02
1.061061061E+01   -5.905903030E-02
1.071071071E+01   -5.305007208E-02
1.081081081E+01   -4.710719626E-02
1.091091091E+01   -4.123015437E-02
1.101101101E+01   -3.541869626E-02
1.111111111E+01   -2.967257014E-02
1.121121121E+01   -2.399152257E-02
1.131131131E+01   -1.837529853E-02
1.141141141E+01   -1.282364136E-02
1.151151151E+01   -7.336292847E-03
1.161161161E+01   -1.912993203E-03
1.171171171E+01   3.446518900E-03
1.181181181E+01   8.742506315E-03
1.191191191E+01   1.397523341E-02
1.201201201E+01   1.914496603E-02
1.211211211E+01   2.425197150E-02
1.221221221E+01   2.929651860E-02
1.231231231E+01   3.427887755E-02
1.241241241E+01   3.919931997E-02
1.251251251E+01   4.405811888E-02
1.261261261E+01   4.885554869E-02
1.271271271E+01   5.359188517E-02
1.281281281E+01   5.826740542E-02
1.291291291E+01   6.288238787E-02
1.301301301E+01   6.743711225E-02
1.311311311E+01   7.193185957E-02
1.321321321E+01   7.636691212E-02
1.331331331E+01   8.074255343E-02
1.341341341E+01   8.505906824E-02
1.351351351E+01   8.931674251E-02
1.361361361E+01   9.351586341E-02
1.371371371E+01   9.765671924E-02
1.381381381E+01   1.017395995E-01
1.391391391E+01   1.057647947E-01
1.401401401E+01   1.097325967E-01
1.411411411E+01   1.136432981E-01
1.421421421E+01   1.174971930E-01
1.431431431E+01   1.212945761E-01
1.441441441E+01   1.250357436E-01
1.451451451E+01   1.287209922E-01
1.461461461E+01   1.323506201E-01
1.471471471E+01   1.359249260E-01
1.481481481E+01   1.394442100E-01
1.491491491E+01   1.429087728E-01
1.501501502E+01   1.463189162E-01
1.511511512E+01   1.496749428E-01
1.521521522E+01   1.529771561E-01
1.531531532E+01   1.562258605E-01
1.541541542E+01   1.594213611E-01
1.551551552E+01   1.625639640E-01
1.561561562E+01   1.656539759E-01
1.571571572E+01   1.686917045E-01
1.581581582E+01   1.716774580E-01
1.591591592E+01   1.746115455E-01
1.601601602E+01   1.774942768E-01
1.611611612E+01   1.803259624E-01
1.621621622E+01   1.831069134E-01
1.631631632E+01   1.858374416E-01
1.641641642E+01   1.885178594E-01
1.651651652E+01   1.911484799E-01
1.661661662E+01   1.937296168E-01
1.671671672E+01   1.962615841E-01
1.681681682E+01   1.987446968E-01
1.691691692E+01   2.011792701E-01
1.701701702E+01   2.035656198E-01
1.711711712E+01   2.059040622E-01
1.721721722E+01   2.081949142E-01
1.731731732E+01   2.104384929E-01
1.741741742E+01   2.126351160E-01
1.751751752E+01   2.147851016E-01
1.761761762E+01   2.168887683E-01
1.771771772E+01   2.189464347E-01
1.781781782E+01   2.209584203E-01
1.791791792E+01   2.229250444E-01
1.801801802E+01   2.248466270E-01
1.811811812E+01   2.267234882E-01
1.821821822E+01   2.285559485E-01
1.831831832E+01   2.303443285E-01
1.841841842E+01   2.320889491E-01
1.851851852E+01   2.337901315E-01
1.861861862E+01   2.354481971E-01
1.871871872E+01   2.370634672E-01
1.881881882E+01   2.386362637E-01
1.891891892E+01   2.401669083E-01
1.901901902E+01   2.416557229E-01
1.911911912E+01   2.431030295E-01
1.921921922E+01   2.445091503E-01
1.931931932E+01   2.458744075E-01
1.941941942E+01   2.471991231E-01
1.951951952E+01   2.484836195E-01
1.961961962E+01   2.497282189E-01
1.971971972E+01   2.509332435E-01
1.981981982E+01   2.520990155E-01
1.991991992E+01   2.532258570E-01
2.002002002E+01   2.543140900E-01
2.012012012E+01   2.553640365E-01
2.022022022E+01   2.563760184E-01
2.032032032E+01   2.573503574E-01
2.042042042E+01   2.582873750E-01
2.052052052E+01   2.591873927E-01
2.062062062E+01   2.600507316E-01
2.072072072E+01   2.608777128E-01
2.082082082E+01   2.616686572E-01
2.092092092E+01   2.624238851E-01
2.102102102E+01   2.631437169E-01
2.112112112E+01   2.638284727E-01
2.122122122E+01   2.644784722E-01
2.132132132E+01   2.650940347E-01
2.142142142E+01   2.656754794E-01
2.152152152E+01   2.662231249E-01
2.162162162E+01   2.667372896E-01
2.172172172E+01   2.672182916E-01
2.182182182E+01   2.676664483E-01
2.192192192E+01   2.680820769E-01
2.202202202E+01   2.684654943E-01
2.212212212E+01   2.688170165E-01
2.222222222E+01   2.691369594E-01
2.232232232E+01   2.694256383E-01
2.242242242E+01   2.696833681E-01
2.252252252E+01   2.699104629E-01
2.262262262E+01   2.701072365E-01
2.272272272E+01   2.702740021E-01
2.282282282E+01   2.704110723E-01
2.292292292E+01   2.705187592E-01
2.302302302E+01   2.705973740E-01
2.312312312E+01   2.706472277E-01
2.322322322E+01   2.706686303E-01
2.332332332E+01   2.706618914E-01
2.342342342E+01   2.706273198E-01
2.352352352E+01   2.705652236E-01
2.362362362E+01   2.704759102E-01
2.372372372E+01   2.703596864E-01
2.382382382E+01   2.702168582E-01
2.392392392E+01   2.700477307E-01
2.402402402E+01   2.698526085E-01
2.412412412E+01   2.696317952E-01
2.422422422E+01   2.693855938E-01
2.432432432E+01   2.691143062E-01
2.442442442E+01   2.688182339E-01
2.452452452E+01   2.684976771E-01
2.462462462E+01   2.681529355E-01
2.472472472E+01   2.677843077E-01
2.482482482E+01   2.673920915E-01
2.492492492E+01   2.669765839E-01
2.502502503E+01   2.665380809E-01
2.512512513E+01   2.660768775E-01
2.522522523E+01   2.655932679E-01
2.532532533E+01   2.650875452E-01
2.542542543E+01   2.645600017E-01
2.552552553E+01   2.640109285E-01
2.562562563E+01   2.634406160E-01
2.572572573E+01   2.628493533E-01
2.582582583E+01   2.622374286E-01
2.592592593E+01   2.616051291E-01
2.602602603E+01   2.609527410E-01
2.612612613E+01   2.602805493E-01
2.622622623E+01   2.595888380E-01
2.632632633E+01   2.588778899E-01
2.642642643E+01   2.581479870E-01
2.652652653E+01   2.573994098E-01
2.662662663E+01   2.566324380E-01
2.672672673E+01   2.558473500E-01
2.682682683E+01   2.550444231E-01
2.692692693E+01   2.542239335E-01
2.702702703E+01   2.533861560E-01
2.712712713E+01   2.525313646E-01
2.722722723E+01   2.516598317E-01
2.732732733E+01   2.507718288E-01
2.742742743E+01   2.498676260E-01
2.752752753E+01   2.489474924E-01
2.762762763E+01   2.480116956E-01
2.772772773E+01   2.470605020E-01
2.782782783E+01   2.460941770E-01
2.792792793E+01   2.451129844E-01
2.802802803E+01   2.441171869E-01
2.812812813E+01   2.431070459E-01
2.822822823E+01   2.420828215E-01
2.832832833E+01   2.410447724E-01
2.842842843E+01   2.399931562E-01
2.852852853E+01   2.389282289E-01
2.862862863E+01   2.378502453E-01
2.872872873E+01   2.367594590E-01
2.882882883E+01   2.356561219E-01
2.892892893E+01   2.345404849E-01
2.902902903E+01   2.334127973E-01
2.912912913E+01   2.322733071E-01
2.922922923E+01   2.311222608E-01
2.932932933E+01   2.299599038E-01
2.942942943E+01   2.287864797E-01
2.952952953E+01   2.276022311E-01
2.962962963E+01   2.264073987E-01
2.972972973E+01   2.252022223E-01
2.982982983E+01   2.239869398E-01
2.992992993E+01   2.227617880E-01
3.003003003E+01   2.215270020E-01
3.013013013E+01   2.202828157E-01
3.023023023E+01   2.190294612E-01
3.033033033E+01   2.177671694E-01
3.043043043E+01   2.164961697E-01
3.053053053E+01   2.152166898E-01
3.063063063E+01   2.139289563E-01
3.073073073E+01   2.126331938E-01
3.083083083E+01   2.113296259E-01
3.093093093E+01   2.100184743E-01
3.103103103E+01   2.086999594E-01
3.113113113E+01   2.073743001E-01
3.123123123E+01   2.060417135E-01
3.133133133E+01   2.047024156E-01
3.143143143E+01   2.033566204E-01
3.153153153E+01   2.020045408E-01
3.163163163E+01   2.006463878E-01
3.173173173E+01   1.992823710E-01
3.183183183E+01   1.979126985E-01
3.193193193E+01   1.965375768E-01
3.203203203E+01   1.951572107E-01
3.213213213E+01   1.937718037E-01
3.223223223E+01   1.923815575E-01
3.233233233E+01   1.909866723E-01
3.243243243E+01   1.895873466E-01
3.253253253E+01   1.881837777E-01
3.263263263E+01   1.867761608E-01
3.273273273E+01   1.853646900E-01
3.283283283E+01   1.839495573E-01
3.293293293E+01   1.825309536E-01
3.303303303E+01   1.811090679E-01
3.313313313E+01   1.796840877E-01
3.323323323E+01   1.782561988E-01
3.333333333E+01   1.768255855E-01
3.343343343E+01   1.753924305E-01
3.353353353E+01   1.739569148E-01
3.363363363E+01   1.725192179E-01
3.373373373E+01   1.710795175E-01
3.383383383E+01   1.696379899E-01
3.393393393E+01   1.681948098E-01
3.403403403E+01   1.667501499E-01
3.413413413E+01   1.653041818E-01
3.423423423E+01   1.638570751E-01
3.433433433E+01   1.624089979E-01
3.443443443E+01   1.609601168E-01
3.453453453E+01   1.595105966E-01
3.463463463E+01   1.580606005E-01
3.473473473E+01   1.566102901E-01
3.483483483E+01   1.551598256E-01
3.493493493E+01   1.537093651E-01
3.503503504E+01   1.522590655E-01
3.513513514E+01   1.508090819E-01
3.523523524E+01   1.493595677E-01
3.533533534E+01   1.479106749E-01
3.543543544E+01   1.464625537E-01
3.553553554E+01   1.450153527E-01
3.563563564E+01   1.435692190E-01
3.573573574E+01   1.421242978E-01
3.583583584E+01   1.406807330E-01
3.593593594E+01   1.392386668E-01
3.603603604E+01   1.377982396E-01
3.613613614E+01   1.363595903E-01
3.623623624E+01   1.349228563E-01
3.633633634E+01   1.334881733E-01
3.643643644E+01   1.320556753E-01
3.653653654E+01   1.306254948E-01
3.663663664E+01   1.291977626E-01
3.673673674E+01   1.277726080E-01
3.683683684E+01   1.263501587E-01
3.693693694E+01   1.249305407E-01
3.703703704E+01   1.235138785E-01
3.713713714E+01   1.221002949E-01
3.723723724E+01   1.206899112E-01
3.733733734E+01   1.192828471E-01
3.743743744E+01   1.178792208E-01
3.753753754E+01   1.164791486E-01
3.763763764E+01   1.150827455E-01
3.773773774E+01   1.136901250E-01
3.783783784E+01   1.123013987E-01
3.793793794E+01   1.109166770E-01
3.803803804E+01   1.095360684E-01
3.813813814E+01   1.081596801E-01
3.823823824E+01   1.067876176E-01
3.833833834E+01   1.054199848E-01
3.843843844E+01   1.040568843E-01
3.853853854E+01   1.026984169E-01
3.863863864E+01   1.013446819E-01
3.873873874E+01   9.999577721E-02
3.883883884E+01   9.865179907E-02
3.893893894E+01   9.731284223E-02
3.903903904E+01   9.597899993E-02
3.913913914E+01   9.465036390E-02
3.923923924E+01   9.332702433E-02
3.933933934E+01   9.200906994E-02
3.943943944E+01   9.069658791E-02
3.953953954E+01   8.938966395E-02
3.963963964E+01   8.808838227E-02
3.973973974E+01   8.679282560E-02
3.983983984E+01   8.550307518E-02
3.993993994E+01   8.421921078E-02
4.004004004E+01   8.294131072E-02
4.014014014E+01   8.166945183E-02
4.024024024E+01   8.040370949E-02
4.034034034E+01   7.914415765E-02
4.044044044E+01   7.789086879E-02
4.054054054E+01   7.664391397E-02
4.064064064E+01   7.540336281E-02
4.074074074E+01   7.416928349E-02
4.084084084E+01   7.294174281E-02
4.094094094E+01   7.172080611E-02
4.104104104E+01   7.050653737E-02
4.114114114E+01   6.929899914E-02
4.124124124E+01   6.809825259E-02
4.134134134E+01   6.690435749E-02
4.144144144E+01   6.571737226E-02
4.154154154E+01   6.453735393E-02
4.164164164E+01   6.336435815E-02
4.174174174E+01   6.219843925E-02
4.184184184E+01   6.103965019E-02
4.194194194E+01   5.988804257E-02
4.204204204E+01   5.874366669E-02
4.214214214E+01   5.760657151E-02
4.224224224E+01   5.647680464E-02
4.234234234E+01   5.535441243E-02
4.244244244E+01   5.423943988E-02
4.254254254E+01   5.313193072E-02
4.264264264E+01   5.203192737E-02
4.274274274E+01   5.093947099E-02
4.284284284E+01   4.985460145E-02
4.294294294E+01   4.877735736E-02
4.304304304E+01   4.770777608E-02
4.314314314E+01   4.664589371E-02
4.324324324E+01   4.559174510E-02
4.334334334E+01   4.454536389E-02
4.344344344E+01   4.350678248E-02
4.354354354E+01   4.247603206E-02
4.364364364E+01   4.145314260E-02
4.374374374E+01   4.043814288E-02
4.384384384E+01   3.943106049E-02
4.394394394E+01   3.843192184E-02
4.404404404E+01   3.744075215E-02
4.414414414E+01   3.645757549E-02
4.424424424E+01   3.548241476E-02
4.434434434E+01   3.451529172E-02
4.444444444E+01   3.355622700E-02
4.454454454E+01   3.260524007E-02
4.464464464E+01   3.166234931E-02
4.474474474E+01   3.072757197E-02
4.484484484E+01   2.980092419E-02
4.494494494E+01   2.888242103E-02
4.504504505E+01   2.797207646E-02
4.514514515E+01   2.706990336E-02
4.524524525E+01   2.617591356E-02
4.534534535E+01   2.529011781E-02
4.544544545E+01   2.441252583E-02
4.554554555E+01   2.354314630E-02
4.564564565E+01   2.268198684E-02
4.574574575E+01   2.182905407E-02
4.584584585E+01   2.098435360E-02
4.594594595E+01   2.014789003E-02
4.604604605E+01   1.931966696E-02
4.614614615E+01   1.849968700E-02
4.624624625E+01   1.768795180E-02
4.634634635E+01   1.688446203E-02
4.644644645E+01   1.608921742E-02
4.654654655E+01   1.530221672E-02
4.664664665E+01   1.452345777E-02
4.674674675E+01   1.375293748E-02
4.684684685E+01   1.299065181E-02
4.694694695E+01   1.223659585E-02
4.704704705E+01   1.149076376E-02
4.714714715E+01   1.075314882E-02
4.724724725E+01   1.002374343E-02
4.734734735E+01   9.302539109E-03
4.744744745E+01   8.589526516E-03
4.754754755E+01   7.884695461E-03
4.764764765E+01   7.188034907E-03
4.774774775E+01   6.499532982E-03
4.784784785E+01   5.819176991E-03
4.794794795E+01   5.146953421E-03
4.804804805E+01   4.482847955E-03
4.814814815E+01   3.826845481E-03
4.824824825E+01   3.178930098E-03
4.834834835E+01   2.539085128E-03
4.844844845E+01   1.907293128E-03
4.854854855E+01   1.283535893E-03
4.864864865E+01   6.677944742E-04
4.874874875E+01   6.004918001E-05
4.884884885E+01   -5.397204086E-04
4.894894895E+01   -1.131535431E-03
4.904904905E+01   -1.715417736E-03
4.914914915E+01   -2.291389875E-03
4.924924925E+01   -2.859475088E-03
4.934934935E+01   -3.419697300E-03
4.944944945E+01   -3.972081105E-03
4.954954955E+01   -4.516651761E-03
4.964964965E+01   -5.053435180E-03
4.974974975E+01   -5.582457918E-03
4.984984985E+01   -6.103747162E-03
4.994994995E+01   -6.617330729E-03
5.005005005E+01   -7.123237047E-03
5.015015015E+01   -7.621495152E-03
5.025025025E+01   -8.112134678E-03
5.035035035E+01   -8.595185844E-03
5.045045045E+01   -9.070679448E-03
5.055055055E+01   -9.538646856E-03
5.065065065E+01   -9.999119994E-03
5.075075075E+01   -1.045213134E-02
5.085085085E+01   -1.089771391E-02
5.095095095E+01   -1.133590124E-02
5.105105105E+01   -1.176672742E-02
5.115115115E+01   -1.219022703E-02
5.125125125E+01   -1.260643515E-02
5.135135135E+01   -1.301538736E-02
5.145145145E+01   -1.341711973E-02
5.155155155E+01   -1.381166881E-02
5.165165165E+01   -1.419907161E-02
5.175175175E+01   -1.457936561E-02
5.185185185E+01   -1.495258871E-02
5.195195195E+01   -1.531877928E-02
5.205205205E+01   -1.567797612E-02
5.215215215E+01   -1.603021843E-02
5.225225225E+01   -1.637554586E-02
5.235235235E+01   -1.671399842E-02
5.245245245E+01   -1.704561656E-02
5.255255255E+01   -1.737044109E-02
5.265265265E+01   -1.768851320E-02
5.275275275E+01   -1.799987447E-02
5.285285285E+01   -1.830456681E-02
5.295295295E+01   -1.860263252E-02
5.305305305E+01   -1.889411421E-02
5.315315315E+01   -1.917905485E-02
5.325325325E+01   -1.945749772E-02
5.335335335E+01   -1.972948643E-02
5.345345345E+01   -1.999506490E-02
5.355355355E+01   -2.025427734E-02
5.365365365E+01   -2.050716827E-02
5.375375375E+01   -2.075378248E-02
5.385385385E+01   -2.099416505E-02
5.395395395E+01   -2.122836133E-02
5.405405405E+01   -2.145641690E-02
5.415415415E+01   -2.167837765E-02
5.425425425E+01   -2.189428965E-02
5.435435435E+01   -2.210419926E-02
5.445445445E+01   -2.230815303E-02
5.455455455E+01   -2.250619776E-02
5.465465465E+01   -2.269838044E-02
5.475475475E+01   -2.288474828E-02
5.485485485E+01   -2.306534867E-02
5.495495495E+01   -2.324022922E-02
5.505505506E+01   -2.340943769E-02
5.515515516E+01   -2.357302204E-02
5.525525526E+01   -2.373103036E-02
5.535535536E+01   -2.388351095E-02
5.545545546E+01   -2.403051221E-02
5.555555556E+01   -2.417208272E-02
5.565565566E+01   -2.430827118E-02
5.575575576E+01   -2.443912644E-02
5.585585586E+01   -2.456469744E-02
5.595595596E+01   -2.468503325E-02
5.605605606E+01   -2.480018306E-02
5.615615616E+01   -2.491019615E-02
5.625625626E+01   -2.501512189E-02
5.635635636E+01   -2.511500974E-02
5.645645646E+01   -2.520990925E-02
5.655655656E+01   -2.529987002E-02
5.665665666E+01   -2.538494173E-02
5.675675676E+01   -2.546517413E-02
5.685685686E+01   -2.554061701E-02
5.695695696E+01   -2.561132021E-02
5.705705706E+01   -2.567733359E-02
5.715715716E+01   -2.573870708E-02
5.725725726E+01   -2.579549062E-02
5.735735736E+01   -2.584773414E-02
5.745745746E+01   -2.589548764E-02
5.755755756E+01   -2.593880108E-02
5.765765766E+01   -2.597772444E-02
5.775775776E+01   -2.601230770E-02
5.785785786E+01   -2.604260083E-02
5.795795796E+01   -2.606865376E-02
5.805805806E+01   -2.609051642E-02
5.815815816E+01   -2.610823871E-02
5.825825826E+01   -2.612187048E-02
5.835835836E+01   -2.613146156E-02
5.845845846E+01   -2.613706170E-02
5.855855856E+01   -2.613872064E-02
5.865865866E+01   -2.613648803E-02
5.875875876E+01   -2.613041347E-02
5.885885886E+01   -2.612054649E-02
5.895895896E+01   -2.610693655E-02
5.905905906E+01   -2.608963302E-02
5.915915916E+01   -2.606868520E-02
5.925925926E+01   -2.604414227E-02
5.935935936E+01   -2.601605335E-02
5.945945946E+01   -2.598446743E-02
5.955955956E+01   -2.594943343E-02
5.965965966E+01   -2.591100012E-02
5.975975976E+01   -2.586921618E-02
5.985985986E+01   -2.582413016E-02
5.995995996E+01   -2.577579048E-02
6.006006006E+01   -2.572424544E-02
6.016016016E+01   -2.566954320E-02
6.026026026E+01   -2.561173179E-02
6.036036036E+01   -2.555085907E-02
6.046046046E+01   -2.548697279E-02
6.056056056E+01   -2.542012052E-02
6.066066066E+01   -2.535034967E-02
6.076076076E+01   -2.527770750E-02
6.086086086E+01   -2.520224111E-02
6.096096096E+01   -2.512399742E-02
6.106106106E+01   -2.504302317E-02
6.116116116E+01   -2.495936494E-02
6.126126126E+01   -2.487306910E-02
6.136136136E+01   -2.478418187E-02
6.146146146E+01   -2.469274925E-02
6.156156156E+01   -2.459881705E-02
6.166166166E+01   -2.450243091E-02
6.176176176E+01   -2.440363622E-02
6.186186186E+01   -2.430247822E-02
6.196196196E+01   -2.419900190E-02
6.206206206E+01   -2.409325205E-02
6.216216216E+01   -2.398527325E-02
6.226226226E+01   -2.387510986E-02
6.236236236E+01   -2.376280601E-02
6.246246246E+01   -2.364840561E-02
6.256256256E+01   -2.353195235E-02
6.266266266E+01   -2.341348967E-02
6.276276276E+01   -2.329306079E-02
6.286286286E+01   -2.317070869E-02
6.296296296E+01   -2.304647609E-02
6.306306306E+01   -2.292040550E-02
6.316316316E+01   -2.279253915E-02
6.326326326E+01   -2.266291905E-02
6.336336336E+01   -2.253158693E-02
6.346346346E+01   -2.239858429E-02
6.356356356E+01   -2.226395236E-02
6.366366366E+01   -2.212773210E-02
6.376376376E+01   -2.198996423E-02
6.386386386E+01   -2.185068919E-02
6.396396396E+01   -2.170994715E-02
6.406406406E+01   -2.156777804E-02
6.416416416E+01   -2.142422147E-02
6.426426426E+01   -2.127931682E-02
6.436436436E+01   -2.113310316E-02
6.446446446E+01   -2.098561931E-02
6.456456456E+01   -2.083690379E-02
6.466466466E+01   -2.068699485E-02
6.476476476E+01   -2.053593044E-02
6.486486486E+01   -2.038374825E-02
6.496496496E+01   -2.023048565E-02
6.506506507E+01   -2.007617975E-02
6.516516517E+01   -1.992086735E-02
6.526526527E+01   -1.976458497E-02
6.536536537E+01   -1.960736882E-02
6.546546547E+01   -1.944925483E-02
6.556556557E+01   -1.929027862E-02
6.566566567E+01   -1.913047552E-02
6.576576577E+01   -1.896988055E-02
6.586586587E+01   -1.880852844E-02
6.596596597E+01   -1.864645362E-02
6.606606607E+01   -1.848369019E-02
6.616616617E+01   -1.832027197E-02
6.626626627E+01   -1.815623247E-02
6.636636637E+01   -1.799160489E-02
6.646646647E+01   -1.782642212E-02
6.656656657E+01   -1.766071673E-02
6.666666667E+01   -1.749452101E-02
6.676676677E+01   -1.732786690E-02
6.686686687E+01   -1.716078606E-02
6.696696697E+01   -1.699330982E-02
6.706706707E+01   -1.682546921E-02
6.716716717E+01   -1.665729493E-02
6.726726727E+01   -1.648881737E-02
6.736736737E+01   -1.632006662E-02
6.746746747E+01   -1.615107243E-02
6.756756757E+01   -1.598186425E-02
6.766766767E+01   -1.581247121E-02
6.776776777E+01   -1.564292212E-02
6.786786787E+01   -1.547324548E-02
6.796796797E+01   -1.530346946E-02
6.806806807E+01   -1.513362192E-02
6.816816817E+01   -1.496373040E-02
6.826826827E+01   -1.479382213E-02
6.836836837E+01   -1.462392401E-02
6.846846847E+01   -1.445406262E-02
6.856856857E+01   -1.428426423E-02
6.866866867E+01   -1.411455479E-02
6.876876877E+01   -1.394495993E-02
6.886886887E+01   -1.377550496E-02
6.896896897E+01   -1.360621487E-02
6.906906907E+01   -1.343711433E-02
6.916916917E+01   -1.326822771E-02
6.926926927E+01   -1.309957903E-02
6.936936937E+01   -1.293119203E-02
6.946946947E+01   -1.276309011E-02
6.956956957E+01   -1.259529635E-02
6.966966967E+01   -1.242783353E-02
6.976976977E+01   -1.226072409E-02
6.986986987E+01   -1.209399019E-02
6.996996997E+01   -1.192765364E-02
7.007007007E+01   -1.176173595E-02
7.017017017E+01   -1.159625833E-02
7.027027027E+01   -1.143124165E-02
7.037037037E+01   -1.126670648E-02
7.047047047E+01   -1.110267308E-02
7.057057057E+01   -1.093916141E-02
7.067067067E+01   -1.077619109E-02
7.077077077E+01   -1.061378146E-02
7.087087087E+01   -1.045195152E-02
7.097097097E+01   -1.029072000E-02
7.107107107E+01   -1.013010529E-02
7.117117117E+01   -9.970125496E-03
7.127127127E+01   -9.810798401E-03
7.137137137E+01   -9.652141495E-03
7.147147147E+01   -9.494171962E-03
7.157157157E+01   -9.336906681E-03
7.167167167E+01   -9.180362232E-03
7.177177177E+01   -9.024554896E-03
7.187187187E+01   -8.869500651E-03
7.197197197E+01   -8.715215180E-03
7.207207207E+01   -8.561713867E-03
7.217217217E+01   -8.409011803E-03
7.227227227E+01   -8.257123782E-03
7.237237237E+01   -8.106064304E-03
7.247247247E+01   -7.955847581E-03
7.257257257E+01   -7.806487529E-03
7.267267267E+01   -7.657997779E-03
7.277277277E+01   -7.510391672E-03
7.287287287E+01   -7.363682261E-03
7.297297297E+01   -7.217882315E-03
7.307307307E+01   -7.073004319E-03
7.317317317E+01   -6.929060476E-03
7.327327327E+01   -6.786062705E-03
7.337337337E+01   -6.644022648E-03
7.347347347E+01   -6.502951668E-03
7.357357357E+01   -6.362860850E-03
7.367367367E+01   -6.223761006E-03
7.377377377E+01   -6.085662673E-03
7.387387387E+01   -5.948576115E-03
7.397397397E+01   -5.812511326E-03
7.407407407E+01   -5.677478031E-03
7.417417417E+01   -5.543485689E-03
7.427427427E+01   -5.410543490E-03
7.437437437E+01   -5.278660363E-03
7.447447447E+01   -5.147844973E-03
7.457457457E+01   -5.018105722E-03
7.467467467E+01   -4.889450758E-03
7.477477477E+01   -4.761887966E-03
7.487487487E+01   -4.635424978E-03
7.497497497E+01   -4.510069173E-03
7.507507508E+01   -4.385827674E-03
7.517517518E+01   -4.262707356E-03
7.527527528E+01   -4.140714845E-03
7.537537538E+01   -4.019856520E-03
7.547547548E+01   -3.900138512E-03
7.557557558E+01   -3.781566713E-03
7.567567568E+01   -3.664146769E-03
7.577577578E+01   -3.547884089E-03
7.587587588E+01   -3.432783842E-03
7.597597598E+01   -3.318850962E-03
7.607607608E+01   -3.206090148E-03
7.617617618E+01   -3.094505867E-03
7.627627628E+01   -2.984102353E-03
7.637637638E+01   -2.874883614E-03
7.647647648E+01   -2.766853430E-03
7.657657658E+01   -2.660015356E-03
7.667667668E+01   -2.554372722E-03
7.677677678E+01   -2.449928639E-03
7.687687688E+01   -2.346685997E-03
7.697697698E+01   -2.244647470E-03
7.707707708E+01   -2.143815514E-03
7.717717718E+01   -2.044192374E-03
7.727727728E+01   -1.945780080E-03
7.737737738E+01   -1.848580456E-03
7.747747748E+01   -1.752595114E-03
7.757757758E+01   -1.657825462E-03
7.767767768E+01   -1.564272705E-03
7.777777778E+01   -1.471937842E-03
7.787787788E+01   -1.380821675E-03
7.797797798E+01   -1.290924808E-03
7.807807808E+01   -1.202247645E-03
7.817817818E+01   -1.114790400E-03
7.827827828E+01   -1.028553090E-03
7.837837838E+01   -9.435355449E-04
7.847847848E+01   -8.597374041E-04
7.857857858E+01   -7.771581209E-04
7.867867868E+01   -6.957969636E-04
7.877877878E+01   -6.156530175E-04
7.887887888E+01   -5.367251872E-04
7.897897898E+01   -4.590121982E-04
7.907907908E+01   -3.825125987E-04
7.917917918E+01   -3.072247622E-04
7.927927928E+01   -2.331468886E-04
7.937937938E+01   -1.602770066E-04
7.947947948E+01   -8.861297548E-05
7.957957958E+01   -1.815248721E-05
7.967967968E+01   5.110693194E-05
7.977977978E+01   1.191679193E-04
7.987987988E+01   1.860332740E-04
7.997997998E+01   2.517059549E-04
8.008008008E+01   3.161890789E-04
8.018018018E+01   3.794859188E-04
8.028028028E+01   4.415999019E-04
8.038038038E+01   5.025346073E-04
8.048048048E+01   5.622937650E-04
8.058058058E+01   6.208812531E-04
8.068068068E+01   6.783010969E-04
8.078078078E+01   7.345574659E-04
8.088088088E+01   7.896546731E-04
8.098098098E+01   8.435971724E-04
8.108108108E+01   8.963895571E-04
8.118118118E+01   9.480365578E-04
8.128128128E+01   9.985430409E-04
8.138138138E+01   1.047914007E-03
8.148148148E+01   1.096154587E-03
8.158158158E+01   1.143270045E-03
8.168168168E+01   1.189265771E-03
8.178178178E+01   1.234147284E-03
8.188188188E+01   1.277920224E-03
8.198198198E+01   1.320590359E-03
8.208208208E+01   1.362163576E-03
8.218218218E+01   1.402645880E-03
8.228228228E+01   1.442043397E-03
8.238238238E+01   1.480362367E-03
8.248248248E+01   1.517609147E-03
8.258258258E+01   1.553790203E-03
8.268268268E+01   1.588912116E-03
8.278278278E+01   1.622981575E-03
8.288288288E+01   1.656005375E-03
8.298298298E+01   1.687990419E-03
8.308308308E+01   1.718943715E-03
8.318318318E+01   1.748872372E-03
8.328328328E+01   1.777783600E-03
8.338338338E+01   1.805684712E-03
8.348348348E+01   1.832583116E-03
8.358358358E+01   1.858486315E-03
8.368368368E+01   1.883401911E-03
8.378378378E+01   1.907337597E-03
8.388388388E+01   1.930301156E-03
8.398398398E+01   1.952300465E-03
8.408408408E+01   1.973343486E-03
8.418418418E+01   1.993438271E-03
8.428428428E+01   2.012592955E-03
8.438438438E+01   2.030815760E-03
8.448448448E+01   2.048114987E-03
8.458458458E+01   2.064499022E-03
8.468468468E+01   2.079976329E-03
8.478478478E+01   2.094555449E-03
8.488488488E+01   2.108245002E-03
8.498498498E+01   2.121053682E-03
8.508508509E+01   2.132990259E-03
8.518518519E+01   2.144063573E-03
8.528528529E+01   2.154282538E-03
8.538538539E+01   2.163656135E-03
8.548548549E+01   2.172193417E-03
8.558558559E+01   2.179903501E-03
8.568568569E+01   2.186795573E-03
8.578578579E+01   2.192878880E-03
8.588588589E+01   2.198162737E-03
8.598598599E+01   2.202656518E-03
8.608608609E+01   2.206369657E-03
8.618618619E+01   2.209311651E-03
8.628628629E+01   2.211492053E-03
8.638638639E+01   2.212920473E-03
8.648648649E+01   2.213606578E-03
8.658658659E+01   2.213560090E-03
8.668668669E+01   2.212790783E-03
8.678678679E+01   2.211308485E-03
8.688688689E+01   2.209123074E-03
8.698698699E+01   2.206244480E-03
8.708708709E+01   2.202682681E-03
8.718718719E+01   2.198447701E-03
8.728728729E+01   2.193549615E-03
8.738738739E+01   2.187998540E-03
8.748748749E+01   2.181804640E-03
8.758758759E+01   2.174978122E-03
8.768768769E+01   2.167529235E-03
8.778778779E+01   2.159468271E-03
8.788788789E+01   2.150805560E-03
8.798798799E+01   2.141551476E-03
8.808808809E+01   2.131716428E-03
8.818818819E+01   2.121310863E-03
8.828828829E+01   2.110345267E-03
8.838838839E+01   2.098830160E-03
8.848848849E+01   2.086776098E-03
8.858858859E+01   2.074193670E-03
8.868868869E+01   2.061093498E-03
8.878878879E+01   2.047486238E-03
8.888888889E+01   2.033382575E-03
8.898898899E+01   2.018793227E-03
8.908908909E+01   2.003728941E-03
8.918918919E+01   1.988200491E-03
8.928928929E+01   1.972218681E-03
8.938938939E+01   1.955794343E-03
8.948948949E+01   1.938938334E-03
8.958958959E+01   1.921661537E-03
8.968968969E+01   1.903974860E-03
8.978978979E+01   1.885889236E-03
8.988988989E+01   1.867415622E-03
8.998998999E+01   1.848564996E-03
9.009009009E+01   1.829348360E-03
9.019019019E+01   1.809776736E-03
9.029029029E+01   1.789861168E-03
9.039039039E+01   1.769612721E-03
9.049049049E+01   1.749042476E-03
9.059059059E+01   1.728161537E-03
9.069069069E+01   1.706981023E-03
9.079079079E+01   1.685512074E-03
9.089089089E+01   1.663765844E-03
9.099099099E+01   1.641753506E-03
9.109109109E+01   1.619486247E-03
9.119119119E+01   1.596975270E-03
9.129129129E+01   1.574231793E-03
9.139139139E+01   1.551267050E-03
9.149149149E+01   1.528092285E-03
9.159159159E+01   1.504718759E-03
9.169169169E+01   1.481157743E-03
9.179179179E+01   1.457420524E-03
9.189189189E+01   1.433518396E-03
9.199199199E+01   1.409462668E-03
9.209209209E+01   1.385264660E-03
9.219219219E+01   1.360935700E-03
9.229229229E+01   1.336487128E-03
9.239239239E+01   1.311930294E-03
9.249249249E+01   1.287276555E-03
9.259259259E+01   1.262537280E-03
9.269269269E+01   1.237723845E-03
9.279279279E+01   1.212847634E-03
9.289289289E+01   1.187920038E-03
9.299299299E+01   1.162952457E-03
9.309309309E+01   1.137956298E-03
9.319319319E+01   1.112942974E-03
9.329329329E+01   1.087923905E-03
9.339339339E+01   1.062910517E-03
9.349349349E+01   1.037914241E-03
9.359359359E+01   1.012946516E-03
9.369369369E+01   9.880187828E-04
9.379379379E+01   9.631424904E-04
9.389389389E+01   9.383290910E-04
9.399399399E+01   9.135900416E-04
9.409409409E+01   8.889368033E-04
9.419419419E+01   8.643808414E-04
9.429429429E+01   8.399336251E-04
9.439439439E+01   8.156066271E-04
9.449449449E+01   7.914113233E-04
9.459459459E+01   7.673591930E-04
9.469469469E+01   7.434617185E-04
9.479479479E+01   7.197303847E-04
9.489489489E+01   6.961766793E-04
9.499499499E+01   6.728120923E-04
9.509509510E+01   6.496481162E-04
9.519519520E+01   6.266962454E-04
9.529529530E+01   6.039679764E-04
9.539539540E+01   5.814748075E-04
9.549549550E+01   5.592282388E-04
9.559559560E+01   5.372397719E-04
9.569569570E+01   5.155209099E-04
9.579579580E+01   4.940831570E-04
9.589589590E+01   4.729380191E-04
9.599599600E+01   4.520970027E-04
9.609609610E+01   4.315716158E-04
9.619619620E+01   4.113733670E-04
9.629629630E+01   3.915137660E-04
9.639639640E+01   3.720043229E-04
9.649649650E+01   3.528565490E-04
9.659659660E+01   3.340819558E-04
9.669669670E+01   3.156920555E-04
9.679679680E+01   2.976983609E-04
9.689689690E+01   2.801123850E-04
9.699699700E+01   2.629456414E-04
9.709709710E+01   2.462096440E-04
9.719719720E+01   2.299159068E-04
9.729729730E+01   2.140759443E-04
9.739739740E+01   1.987012710E-04
9.749749750E+01   1.838034018E-04
9.759759760E+01   1.693938515E-04
9.769769770E+01   1.554841352E-04
9.779779780E+01   1.420857681E-04
9.789789790E+01   1.292102652E-04
9.799799800E+01   1.168691420E-04
9.809809810E+01   1.050739137E-04
9.819819820E+01   9.383609566E-05
9.829829830E+01   8.316720323E-05
9.839839840E+01   7.307875176E-05
9.849849850E+01   6.358225663E-05
9.859859860E+01   5.468923318E-05
9.869869870E+01   4.641119676E-05
9.879879880E+01   3.875966270E-05
9.889889890E+01   3.174614630E-05
9.899899900E+01   2.538216289E-05
9.909909910E+01   1.967922773E-05
9.919919920E+01   1.464885610E-05
9.929929930E+01   1.030256326E-05
9.939939940E+01   6.651864471E-06
9.949949950E+01   3.708274966E-06
9.959959960E+01   1.483309986E-06
9.969969970E+01   -1.151523485E-08
9.979979980E+01   -7.646854620E-07
9.989989990E+01   -7.646854620E-07
1.000000000E+02   0.000000000E+00
