0.000000000E+00   -8.083110932E-01
1.001001001E-01   -7.943110932E-01
2.002002002E-01   -7.804229668E-01
3.003003003E-01   -7.666467140E-01
4.004004004E-01   -7.529823342E-01
5.005005005E-01   -7.394298198E-01
6.006006006E-01   -7.259891564E-01
7.007007007E-01   -7.126603224E-01
8.008008008E-01   -6.994432895E-01
9.009009009E-01   -6.863380224E-01
1.001001001E+00   -6.733444787E-01
1.101101101E+00   -6.604626091E-01
1.201201201E+00   -6.476923571E-01
1.301301301E+00   -6.350336595E-01
1.401401401E+00   -6.224864460E-01
1.501501502E+00   -6.100506390E-01
1.601601602E+00   -5.977261541E-01
1.701701702E+00   -5.855129000E-01
1.801801802E+00   -5.734107780E-01
1.901901902E+00   -5.614196828E-01
2.002002002E+00   -5.495395016E-01
2.102102102E+00   -5.377701148E-01
2.202202202E+00   -5.261113959E-01
2.302302302E+00   -5.145632111E-01
2.402402402E+00   -5.031254197E-01
2.502502503E+00   -4.917978739E-01
2.602602603E+00   -4.805804190E-01
2.702702703E+00   -4.694728932E-01
2.802802803E+00   -4.584751277E-01
2.902902903E+00   -4.475869466E-01
3.003003003E+00   -4.368081673E-01
3.103103103E+00   -4.261386000E-01
3.203203203E+00   -4.155780479E-01
3.303303303E+00   -4.051263074E-01
3.403403403E+00   -3.947831680E-01
3.503503504E+00   -3.845484121E-01
3.603603604E+00   -3.744218152E-01
3.703703704E+00   -3.644031462E-01
3.803803804E+00   -3.544921669E-01
3.903903904E+00   -3.446886323E-01
4.004004004E+00   -3.349922906E-01
4.104104104E+00   -3.254028833E-01
4.204204204E+00   -3.159201448E-01
4.304304304E+00   -3.065438033E-01
4.404404404E+00   -2.972735797E-01
4.504504505E+00   -2.881091888E-01
4.604604605E+00   -2.790503381E-01
4.704704705E+00   -2.700967291E-01
4.804804805E+00   -2.612480563E-01
4.904904905E+00   -2.525040077E-01
5.005005005E+00   -2.438642648E-01
5.105105105E+00   -2.353285028E-01
5.205205205E+00   -2.268963901E-01
5.305305305E+00   -2.185675889E-01
5.405405405E+00   -2.103417549E-01
5.505505506E+00   -2.022185376E-01
5.605605606E+00   -1.941975801E-01
5.705705706E+00   -1.862785193E-01
5.805805806E+00   -1.784609857E-01
5.905905906E+00   -1.707446038E-01
6.006006006E+00   -1.631289920E-01
6.106106106E+00   -1.556137624E-01
6.206206206E+00   -1.481985214E-01
6.306306306E+00   -1.408828691E-01
6.406406406E+00   -1.336663999E-01
6.506506507E+00   -1.265487020E-01
6.606606607E+00   -1.195293582E-01
6.706706707E+00   -1.126079451E-01
6.806806807E+00   -1.057840337E-01
6.906906907E+00   -9.905718959E-02
7.007007007E+00   -9.242697237E-02
7.107107107E+00   -8.589293625E-02
7.207207207E+00   -7.945462992E-02
7.307307307E+00   -7.311159660E-02
7.407407407E+00   -6.686337414E-02
7.507507508E+00   -6.070949505E-02
7.607607608E+00   -5.464948659E-02
7.707707708E+00   -4.868287079E-02
7.807807808E+00   -4.280916456E-02
7.907907908E+00   -3.702787972E-02
8.008008008E+00   -3.133852307E-02
8.108108108E+00   -2.574059650E-02
8.208208208E+00   -2.023359696E-02
8.308308308E+00   -1.481701665E-02
8.408408408E+00   -9.490342974E-03
8.508508509E+00   -4.253058688E-03
8.608608609E+00   8.953580678E-04
8.708708709E+00   5.955433686E-03
8.808808809E+00   1.092769903E-02
8.908908909E+00   1.581268934E-02
9.009009009E+00   2.061094420E-02
9.109109109E+00   2.532300742E-02
9.209209209E+00   2.994942699E-02
9.309309309E+00   3.449075500E-02
9.409409409E+00   3.894754755E-02
9.509509510E+00   4.332036471E-02
9.609609610E+00   4.760977040E-02
9.709709710E+00   5.181633233E-02
9.809809810E+00   5.594062194E-02
9.909909910E+00   5.998321430E-02
1.001001001E+01   6.394468802E-02
1.011011011E+01   6.782562521E-02
1.021021021E+01   7.162661138E-02
1.031031031E+01   7.534823532E-02
1.041041041E+01   7.899108911E-02
1.051051051E+01   8.255576794E-02
1.061061061E+01   8.604287010E-02
1.071071071E+01   8.945299685E-02
1.081081081E+01   9.278675238E-02
1.091091091E+01   9.604474369E-02
1.101101101E+01   9.922758053E-02
1.111111111E+01   1.023358753E-01
1.121121121E+01   1.053702430E-01
1.131131131E+01   1.083313011E-01
1.141141141E+01   1.112196694E-01
1.151151151E+01   1.140359702E-01
1.161161161E+01   1.167808278E-01
1.171171171E+01   1.194548690E-01
1.181181181E+01   1.220587222E-01
1.191191191E+01   1.245930182E-01
1.201201201E+01   1.270583895E-01
1.211211211E+01   1.294554703E-01
1.221221221E+01   1.317848968E-01
1.231231231E+01   1.340473067E-01
1.241241241E+01   1.362433391E-01
1.251251251E+01   1.383736348E-01
1.261261261E+01   1.404388359E-01
1.271271271E+01   1.424395857E-01
1.281281281E+01   1.443765288E-01
1.291291291E+01   1.462503109E-01
1.301301301E+01   1.480615787E-01
1.311311311E+01   1.498109800E-01
1.321321321E+01   1.514991631E-01
1.331331331E+01   1.531267776E-01
1.341341341E+01   1.546944732E-01
1.351351351E+01   1.562029007E-01
1.361361361E+01   1.576527112E-01
1.371371371E+01   1.590445562E-01
1.381381381E+01   1.603790876E-01
1.391391391E+01   1.616569576E-01
1.401401401E+01   1.628788184E-01
1.411411411E+01   1.640453227E-01
1.421421421E+01   1.651571226E-01
1.431431431E+01   1.662148708E-01
1.441441441E+01   1.672192193E-01
1.451451451E+01   1.681708200E-01
1.461461461E+01   1.690703247E-01
1.471471471E+01   1.699183846E-01
1.481481481E+01   1.707156504E-01
1.491491491E+01   1.714627723E-01
1.501501502E+01   1.721603998E-01
1.511511512E+01   1.728091816E-01
1.521521522E+01   1.734097657E-01
1.531531532E+01   1.739627993E-01
1.541541542E+01   1.744689283E-01
1.551551552E+01   1.749287979E-01
1.561561562E+01   1.753430519E-01
1.571571572E+01   1.757123330E-01
1.581581582E+01   1.760372827E-01
1.591591592E+01   1.763185410E-01
1.601601602E+01   1.765567464E-01
1.611611612E+01   1.767525361E-01
1.621621622E+01   1.769065455E-01
1.631631632E+01   1.770194085E-01
1.641641642E+01   1.770917571E-01
1.651651652E+01   1.771242217E-01
1.661661662E+01   1.771174304E-01
1.671671672E+01   1.770720099E-01
1.681681682E+01   1.769885844E-01
1.691691692E+01   1.768677762E-01
1.701701702E+01   1.767102054E-01
1.711711712E+01   1.765164900E-01
1.721721722E+01   1.762872454E-01
1.731731732E+01   1.760230848E-01
1.741741742E+01   1.757246190E-01
1.751751752E+01   1.753924563E-01
1.761761762E+01   1.750272024E-01
1.771771772E+01   1.746294602E-01
1.781781782E+01   1.741998303E-01
1.791791792E+01   1.737389102E-01
1.801801802E+01   1.732472947E-01
1.811811812E+01   1.727255758E-01
1.821821822E+01   1.721743425E-01
1.831831832E+01   1.715941808E-01
1.841841842E+01   1.709856737E-01
1.851851852E+01   1.703494011E-01
1.861861862E+01   1.696859398E-01
1.871871872E+01   1.689958632E-01
1.881881882E+01   1.682797416E-01
1.891891892E+01   1.675381420E-01
1.901901902E+01   1.667716279E-01
1.911911912E+01   1.659807595E-01
1.921921922E+01   1.651660935E-01
1.931931932E+01   1.643281830E-01
1.941941942E+01   1.634675777E-01
1.951951952E+01   1.625848235E-01
1.961961962E+01   1.616804628E-01
1.971971972E+01   1.607550343E-01
1.981981982E+01   1.598090728E-01
1.991991992E+01   1.588431094E-01
2.002002002E+01   1.578576714E-01
2.012012012E+01   1.568532821E-01
2.022022022E+01   1.558304610E-01
2.032032032E+01   1.547897237E-01
2.042042042E+01   1.537315816E-01
2.052052052E+01   1.526565422E-01
2.062062062E+01   1.515651090E-01
2.072072072E+01   1.504577812E-01
2.082082082E+01   1.493350540E-01
2.092092092E+01   1.481974184E-01
2.102102102E+01   1.470453612E-01
2.112112112E+01   1.458793649E-01
2.122122122E+01   1.446999077E-01
2.132132132E+01   1.435074636E-01
2.142142142E+01   1.423025023E-01
2.152152152E+01   1.410854889E-01
2.162162162E+01   1.398568845E-01
2.172172172E+01   1.386171453E-01
2.182182182E+01   1.373667235E-01
2.192192192E+01   1.361060666E-01
2.202202202E+01   1.348356176E-01
2.212212212E+01   1.335558151E-01
2.222222222E+01   1.322670931E-01
2.232232232E+01   1.309698810E-01
2.242242242E+01   1.296646037E-01
2.252252252E+01   1.283516815E-01
2.262262262E+01   1.270315300E-01
2.272272272E+01   1.257045602E-01
2.282282282E+01   1.243711786E-01
2.292292292E+01   1.230317867E-01
2.302302302E+01   1.216867817E-01
2.312312312E+01   1.203365559E-01
2.322322322E+01   1.189814969E-01
2.332332332E+01   1.176219876E-01
2.342342342E+01   1.162584061E-01
2.352352352E+01   1.148911260E-01
2.362362362E+01   1.135205159E-01
2.372372372E+01   1.121469396E-01
2.382382382E+01   1.107707565E-01
2.392392392E+01   1.093923208E-01
2.402402402E+01   1.080119822E-01
2.412412412E+01   1.066300854E-01
2.422422422E+01   1.052469706E-01
2.432432432E+01   1.038629729E-01
2.442442442E+01   1.024784228E-01
2.452452452E+01   1.010936460E-01
2.462462462E+01   9.970896327E-02
2.472472472E+01   9.832469071E-02
2.482482482E+01   9.694113957E-02
2.492492492E+01   9.555861633E-02
2.502502503E+01   9.417742265E-02
2.512512513E+01   9.279785543E-02
2.522522523E+01   9.142020677E-02
2.532532533E+01   9.004476399E-02
2.542542543E+01   8.867180964E-02
2.552552553E+01   8.730162152E-02
2.562562563E+01   8.593447265E-02
2.572572573E+01   8.457063130E-02
2.582582583E+01   8.321036100E-02
2.592592593E+01   8.185392055E-02
2.602602603E+01   8.050156403E-02
2.612612613E+01   7.915354081E-02
2.622622623E+01   7.781009554E-02
2.632632633E+01   7.647146822E-02
2.642642643E+01   7.513789414E-02
2.652652653E+01   7.380960394E-02
2.662662663E+01   7.248682364E-02
2.672672673E+01   7.116977461E-02
2.682682683E+01   6.985867359E-02
2.692692693E+01   6.855373276E-02
2.702702703E+01   6.725515969E-02
2.712712713E+01   6.596315741E-02
2.722722723E+01   6.467792441E-02
2.732732733E+01   6.339965463E-02
2.742742743E+01   6.212853754E-02
2.752752753E+01   6.086475810E-02
2.762762763E+01   5.960849684E-02
2.772772773E+01   5.835992984E-02
2.782782783E+01   5.711922874E-02
2.792792793E+01   5.588656083E-02
2.802802803E+01   5.466208900E-02
2.812812813E+01   5.344597180E-02
2.822822823E+01   5.223836349E-02
2.832832833E+01   5.103941400E-02
2.842842843E+01   4.984926901E-02
2.852852853E+01   4.866806995E-02
2.862862863E+01   4.749595405E-02
2.872872873E+01   4.633305435E-02
2.882882883E+01   4.517949972E-02
2.892892893E+01   4.403541492E-02
2.902902903E+01   4.290092059E-02
2.912912913E+01   4.177613333E-02
2.922922923E+01   4.066116566E-02
2.932932933E+01   3.955612612E-02
2.942942943E+01   3.846111928E-02
2.952952953E+01   3.737624572E-02
2.962962963E+01   3.630160215E-02
2.972972973E+01   3.523728139E-02
2.982982983E+01   3.418337238E-02
2.992992993E+01   3.313996029E-02
3.003003003E+01   3.210712646E-02
3.013013013E+01   3.108494853E-02
3.023023023E+01   3.007350039E-02
3.033033033E+01   2.907285227E-02
3.043043043E+01   2.808307074E-02
3.053053053E+01   2.710421878E-02
3.063063063E+01   2.613635579E-02
3.073073073E+01   2.517953763E-02
3.083083083E+01   2.423381667E-02
3.093093093E+01   2.329924181E-02
3.103103103E+01   2.237585851E-02
3.113113113E+01   2.146370888E-02
3.123123123E+01   2.056283164E-02
3.133133133E+01   1.967326221E-02
3.143143143E+01   1.879503275E-02
3.153153153E+01   1.792817217E-02
3.163163163E+01   1.707270618E-02
3.173173173E+01   1.622865734E-02
3.183183183E+01   1.539604507E-02
3.193193193E+01   1.457488575E-02
3.203203203E+01   1.376519269E-02
3.213213213E+01   1.296697619E-02
3.223223223E+01   1.218024361E-02
3.233233233E+01   1.140499938E-02
3.243243243E+01   1.064124506E-02
3.253253253E+01   9.888979350E-03
3.263263263E+01   9.148198160E-03
3.273273273E+01   8.418894641E-03
3.283283283E+01   7.701059224E-03
3.293293293E+01   6.994679662E-03
3.303303303E+01   6.299741070E-03
3.313313313E+01   5.616225967E-03
3.323323323E+01   4.944114317E-03
3.333333333E+01   4.283383569E-03
3.343343343E+01   3.634008701E-03
3.353353353E+01   2.995962258E-03
3.363363363E+01   2.369214394E-03
3.373373373E+01   1.753732916E-03
3.383383383E+01   1.149483320E-03
3.393393393E+01   5.564288403E-04
3.403403403E+01   -2.546951856E-05
3.413413413E+01   -5.962529335E-04
3.423423423E+01   -1.155964724E-03
3.433433433E+01   -1.704650312E-03
3.443443443E+01   -2.242357178E-03
3.453453453E+01   -2.769134822E-03
3.463463463E+01   -3.285034721E-03
3.473473473E+01   -3.790110290E-03
3.483483483E+01   -4.284416837E-03
3.493493493E+01   -4.768011527E-03
3.503503504E+01   -5.240953339E-03
3.513513514E+01   -5.703303022E-03
3.523523524E+01   -6.155123061E-03
3.533533534E+01   -6.596477631E-03
3.543543544E+01   -7.027432557E-03
3.553553554E+01   -7.448055279E-03
3.563563564E+01   -7.858414805E-03
3.573573574E+01   -8.258581674E-03
3.583583584E+01   -8.648627918E-03
3.593593594E+01   -9.028627019E-03
3.603603604E+01   -9.398653872E-03
3.613613614E+01   -9.758784743E-03
3.623623624E+01   -1.010909723E-02
3.633633634E+01   -1.044967024E-02
3.643643644E+01   -1.078058391E-02
3.653653654E+01   -1.110191961E-02
3.663663664E+01   -1.141375989E-02
3.673673674E+01   -1.171618843E-02
3.683683684E+01   -1.200929003E-02
3.693693694E+01   -1.229315054E-02
3.703703704E+01   -1.256785684E-02
3.713713714E+01   -1.283349680E-02
3.723723724E+01   -1.309015925E-02
3.733733734E+01   -1.333793393E-02
3.743743744E+01   -1.357691147E-02
3.753753754E+01   -1.380718332E-02
3.763763764E+01   -1.402884177E-02
3.773773774E+01   -1.424197985E-02
3.783783784E+01   -1.444669135E-02
3.793793794E+01   -1.464307076E-02
3.803803804E+01   -1.483121323E-02
3.813813814E+01   -1.501121454E-02
3.823823824E+01   -1.518317108E-02
3.833833834E+01   -1.534717979E-02
3.843843844E+01   -1.550333815E-02
3.853853854E+01   -1.565174414E-02
3.863863864E+01   -1.579249620E-02
3.873873874E+01   -1.592569320E-02
3.883883884E+01   -1.605143441E-02
3.893893894E+01   -1.616981948E-02
3.903903904E+01   -1.628094838E-02
3.913913914E+01   -1.638492140E-02
3.923923924E+01   -1.648183910E-02
3.933933934E+01   -1.657180227E-02
3.943943944E+01   -1.665491192E-02
3.953953954E+01   -1.673126926E-02
3.963963964E+01   -1.680097565E-02
3.973973974E+01   -1.686413254E-02
3.983983984E+01   -1.692084153E-02
3.993993994E+01   -1.697120425E-02
4.004004004E+01   -1.701532239E-02
4.014014014E+01   -1.705329763E-02
4.024024024E+01   -1.708523165E-02
4.034034034E+01   -1.711122611E-02
4.044044044E+01   -1.713138255E-02
4.054054054E+01   -1.714580246E-02
4.064064064E+01   -1.715458719E-02
4.074074074E+01   -1.715783795E-02
4.084084084E+01   -1.715565579E-02
4.094094094E+01   -1.714814153E-02
4.104104104E+01   -1.713539581E-02
4.114114114E+01   -1.711751901E-02
4.124124124E+01   -1.709461124E-02
4.134134134E+01   -1.706677233E-02
4.144144144E+01   -1.703410179E-02
4.154154154E+01   -1.699669881E-02
4.164164164E+01   -1.695466220E-02
4.174174174E+01   -1.690809042E-02
4.184184184E+01   -1.685708152E-02
4.194194194E+01   -1.680173312E-02
4.204204204E+01   -1.674214243E-02
4.214214214E+01   -1.667840617E-02
4.224224224E+01   -1.661062060E-02
4.234234234E+01   -1.653888149E-02
4.244244244E+01   -1.646328408E-02
4.254254254E+01   -1.638392308E-02
4.264264264E+01   -1.630089265E-02
4.274274274E+01   -1.621428639E-02
4.284284284E+01   -1.612419731E-02
4.294294294E+01   -1.603071781E-02
4.304304304E+01   -1.593393968E-02
4.314314314E+01   -1.583395408E-02
4.324324324E+01   -1.573085152E-02
4.334334334E+01   -1.562472184E-02
4.344344344E+01   -1.551565420E-02
4.354354354E+01   -1.540373709E-02
4.364364364E+01   -1.528905827E-02
4.374374374E+01   -1.517170478E-02
4.384384384E+01   -1.505176295E-02
4.394394394E+01   -1.492931834E-02
4.404404404E+01   -1.480445577E-02
4.414414414E+01   -1.467725929E-02
4.424424424E+01   -1.454781217E-02
4.434434434E+01   -1.441619687E-02
4.444444444E+01   -1.428249507E-02
4.454454454E+01   -1.414678764E-02
4.464464464E+01   -1.400915460E-02
4.474474474E+01   -1.386967518E-02
4.484484484E+01   -1.372842773E-02
4.494494494E+01   -1.358548977E-02
4.504504505E+01   -1.344093797E-02
4.514514515E+01   -1.329484812E-02
4.524524525E+01   -1.314729513E-02
4.534534535E+01   -1.299835305E-02
4.544544545E+01   -1.284809503E-02
4.554554555E+01   -1.269659333E-02
4.564564565E+01   -1.254391930E-02
4.574574575E+01   -1.239014338E-02
4.584584585E+01   -1.223533513E-02
4.594594595E+01   -1.207956315E-02
4.604604605E+01   -1.192289514E-02
4.614614615E+01   -1.176539788E-02
4.624624625E+01   -1.160713719E-02
4.634634635E+01   -1.144817799E-02
4.644644645E+01   -1.128858423E-02
4.654654655E+01   -1.112841894E-02
4.664664665E+01   -1.096774419E-02
4.674674675E+01   -1.080662111E-02
4.684684685E+01   -1.064510988E-02
4.694694695E+01   -1.048326971E-02
4.704704705E+01   -1.032115889E-02
4.714714715E+01   -1.015883473E-02
4.724724725E+01   -9.996353576E-03
4.734734735E+01   -9.833770841E-03
4.744744745E+01   -9.671140965E-03
4.754754755E+01   -9.508517432E-03
4.764764765E+01   -9.345952765E-03
4.774774775E+01   -9.183498533E-03
4.784784785E+01   -9.021205345E-03
4.794794795E+01   -8.859122854E-03
4.804804805E+01   -8.697299755E-03
4.814814815E+01   -8.535783792E-03
4.824824825E+01   -8.374621752E-03
4.834834835E+01   -8.213859475E-03
4.844844845E+01   -8.053541849E-03
4.854854855E+01   -7.893712817E-03
4.864864865E+01   -7.734415376E-03
4.874874875E+01   -7.575691583E-03
4.884884885E+01   -7.417582557E-03
4.894894895E+01   -7.260128481E-03
4.904904905E+01   -7.103368607E-03
4.914914915E+01   -6.947341259E-03
4.924924925E+01   -6.792083838E-03
4.934934935E+01   -6.637632823E-03
4.944944945E+01   -6.484023779E-03
4.954954955E+01   -6.331291362E-03
4.964964965E+01   -6.179469317E-03
4.974974975E+01   -6.028590494E-03
4.984984985E+01   -5.878686840E-03
4.994994995E+01   -5.729789418E-03
5.005005005E+01   -5.581928402E-03
5.015015015E+01   -5.435133085E-03
5.025025025E+01   -5.289431891E-03
5.035035035E+01   -5.144852373E-03
5.045045045E+01   -5.001421222E-03
5.055055055E+01   -4.859164276E-03
5.065065065E+01   -4.718106523E-03
5.075075075E+01   -4.578272110E-03
5.085085085E+01   -4.439684348E-03
5.095095095E+01   -4.302365720E-03
5.105105105E+01   -4.166337887E-03
5.115115115E+01   -4.031621698E-03
5.125125125E+01   -3.898237194E-03
5.135135135E+01   -3.766203618E-03
5.145145145E+01   -3.635539420E-03
5.155155155E+01   -3.506262267E-03
5.165165165E+01   -3.378389052E-03
5.175175175E+01   -3.251935897E-03
5.185185185E+01   -3.126918168E-03
5.195195195E+01   -3.003350474E-03
5.205205205E+01   -2.881246686E-03
5.215215215E+01   -2.760619938E-03
5.225225225E+01   -2.641482636E-03
5.235235235E+01   -2.523846471E-03
5.245245245E+01   -2.407722422E-03
5.255255255E+01   -2.293120769E-03
5.265265265E+01   -2.180051100E-03
5.275275275E+01   -2.068522320E-03
5.285285285E+01   -1.958542659E-03
5.295295295E+01   -1.850119684E-03
5.305305305E+01   -1.743260305E-03
5.315315315E+01   -1.637970786E-03
5.325325325E+01   -1.534256751E-03
5.335335335E+01   -1.432123199E-03
5.345345345E+01   -1.331574508E-03
5.355355355E+01   -1.232614447E-03
5.365365365E+01   -1.135246184E-03
5.375375375E+01   -1.039472297E-03
5.385385385E+01   -9.452947808E-04
5.395395395E+01   -8.527150604E-04
5.405405405E+01   -7.617339968E-04
5.415415415E+01   -6.723518981E-04
5.425425425E+01   -5.845685294E-04
5.435435435E+01   -4.983831214E-04
5.445445445E+01   -4.137943806E-04
5.455455455E+01   -3.308004989E-04
5.465465465E+01   -2.493991627E-04
5.475475475E+01   -1.695875630E-04
5.485485485E+01   -9.136240479E-05
5.495495495E+01   -1.471991656E-05
5.505505506E+01   6.034413997E-05
5.515515516E+01   1.338344603E-04
5.525525526E+01   2.057561877E-04
5.535535536E+01   2.761149035E-04
5.545545546E+01   3.449166175E-04
5.555555556E+01   4.121677587E-04
5.565565566E+01   4.778751656E-04
5.575575576E+01   5.420460767E-04
5.585585586E+01   6.046881213E-04
5.595595596E+01   6.658093097E-04
5.605605606E+01   7.254180241E-04
5.615615616E+01   7.835230092E-04
5.625625626E+01   8.401333629E-04
5.635635636E+01   8.952585267E-04
5.645645646E+01   9.489082771E-04
5.655655656E+01   1.001092716E-03
5.665665666E+01   1.051822260E-03
5.675675676E+01   1.101107636E-03
5.685685686E+01   1.148959867E-03
5.695695696E+01   1.195390266E-03
5.705705706E+01   1.240410424E-03
5.715715716E+01   1.284032206E-03
5.725725726E+01   1.326267738E-03
5.735735736E+01   1.367129401E-03
5.745745746E+01   1.406629820E-03
5.755755756E+01   1.444781857E-03
5.765765766E+01   1.481598600E-03
5.775775776E+01   1.517093360E-03
5.785785786E+01   1.551279655E-03
5.795795796E+01   1.584171207E-03
5.805805806E+01   1.615781933E-03
5.815815816E+01   1.646125936E-03
5.825825826E+01   1.675217496E-03
5.835835836E+01   1.703071062E-03
5.845845846E+01   1.729701247E-03
5.855855856E+01   1.755122816E-03
5.865865866E+01   1.779350682E-03
5.875875876E+01   1.802399894E-03
5.885885886E+01   1.824285634E-03
5.895895896E+01   1.845023206E-03
5.905905906E+01   1.864628029E-03
5.915915916E+01   1.883115632E-03
5.925925926E+01   1.900501643E-03
5.935935936E+01   1.916801786E-03
5.945945946E+01   1.932031869E-03
5.955955956E+01   1.946207782E-03
5.965965966E+01   1.959345485E-03
5.975975976E+01   1.971461007E-03
5.985985986E+01   1.982570434E-03
5.995995996E+01   1.992689904E-03
6.006006006E+01   2.001835602E-03
6.016016016E+01   2.010023751E-03
6.026026026E+01   2.017270608E-03
6.036036036E+01   2.023592457E-03
6.046046046E+01   2.029005602E-03
6.056056056E+01   2.033526361E-03
6.066066066E+01   2.037171061E-03
6.076076076E+01   2.039956030E-03
6.086086086E+01   2.041897596E-03
6.096096096E+01   2.043012076E-03
6.106106106E+01   2.043315771E-03
6.116116116E+01   2.042824966E-03
6.126126126E+01   2.041555917E-03
6.136136136E+01   2.039524851E-03
6.146146146E+01   2.036747960E-03
6.156156156E+01   2.033241393E-03
6.166166166E+01   2.029021254E-03
6.176176176E+01   2.024103598E-03
6.186186186E+01   2.018504423E-03
6.196196196E+01   2.012239666E-03
6.206206206E+01   2.005325201E-03
6.216216216E+01   1.997776831E-03
6.226226226E+01   1.989610288E-03
6.236236236E+01   1.980841224E-03
6.246246246E+01   1.971485210E-03
6.256256256E+01   1.961557731E-03
6.266266266E+01   1.951074180E-03
6.276276276E+01   1.940049860E-03
6.286286286E+01   1.928499973E-03
6.296296296E+01   1.916439622E-03
6.306306306E+01   1.903883803E-03
6.316316316E+01   1.890847406E-03
6.326326326E+01   1.877345207E-03
6.336336336E+01   1.863391870E-03
6.346346346E+01   1.849001938E-03
6.356356356E+01   1.834189833E-03
6.366366366E+01   1.818969857E-03
6.376376376E+01   1.803356179E-03
6.386386386E+01   1.787362842E-03
6.396396396E+01   1.771003756E-03
6.406406406E+01   1.754292695E-03
6.416416416E+01   1.737243296E-03
6.426426426E+01   1.719869056E-03
6.436436436E+01   1.702183329E-03
6.446446446E+01   1.684199327E-03
6.456456456E+01   1.665930111E-03
6.466466466E+01   1.647388597E-03
6.476476476E+01   1.628587548E-03
6.486486486E+01   1.609539577E-03
6.496496496E+01   1.590257139E-03
6.506506507E+01   1.570752537E-03
6.516516517E+01   1.551037913E-03
6.526526527E+01   1.531125253E-03
6.536536537E+01   1.511026379E-03
6.546546547E+01   1.490752953E-03
6.556556557E+01   1.470316474E-03
6.566566567E+01   1.449728277E-03
6.576576577E+01   1.428999529E-03
6.586586587E+01   1.408141233E-03
6.596596597E+01   1.387164223E-03
6.606606607E+01   1.366079165E-03
6.616616617E+01   1.344896557E-03
6.626626627E+01   1.323626725E-03
6.636636637E+01   1.302279826E-03
6.646646647E+01   1.280865845E-03
6.656656657E+01   1.259394597E-03
6.666666667E+01   1.237875722E-03
6.676676677E+01   1.216318690E-03
6.686686687E+01   1.194732797E-03
6.696696697E+01   1.173127167E-03
6.706706707E+01   1.151510750E-03
6.716716717E+01   1.129892324E-03
6.726726727E+01   1.108280493E-03
6.736736737E+01   1.086683687E-03
6.746746747E+01   1.065110164E-03
6.756756757E+01   1.043568009E-03
6.766766767E+01   1.022065133E-03
6.776776777E+01   1.000609278E-03
6.786786787E+01   9.792080096E-04
6.796796797E+01   9.578687245E-04
6.806806807E+01   9.365986472E-04
6.816816817E+01   9.154048318E-04
6.826826827E+01   8.942941621E-04
6.836836837E+01   8.732733523E-04
6.846846847E+01   8.523489479E-04
6.856856857E+01   8.315273261E-04
6.866866867E+01   8.108146968E-04
6.876876877E+01   7.902171033E-04
6.886886887E+01   7.697404233E-04
6.896896897E+01   7.493903694E-04
6.906906907E+01   7.291724908E-04
6.916916917E+01   7.090921735E-04
6.926926927E+01   6.891546418E-04
6.936936937E+01   6.693649593E-04
6.946946947E+01   6.497280301E-04
6.956956957E+01   6.302485996E-04
6.966966967E+01   6.109312563E-04
6.976976977E+01   5.917804324E-04
6.986986987E+01   5.728004056E-04
6.996996997E+01   5.539953000E-04
7.007007007E+01   5.353690877E-04
7.017017017E+01   5.169255902E-04
7.027027027E+01   4.986684795E-04
7.037037037E+01   4.806012799E-04
7.047047047E+01   4.627273692E-04
7.057057057E+01   4.450499805E-04
7.067067067E+01   4.275722033E-04
7.077077077E+01   4.102969854E-04
7.087087087E+01   3.932271342E-04
7.097097097E+01   3.763653188E-04
7.107107107E+01   3.597140708E-04
7.117117117E+01   3.432757869E-04
7.127127127E+01   3.270527296E-04
7.137137137E+01   3.110470298E-04
7.147147147E+01   2.952606877E-04
7.157157157E+01   2.796955753E-04
7.167167167E+01   2.643534373E-04
7.177177177E+01   2.492358937E-04
7.187187187E+01   2.343444408E-04
7.197197197E+01   2.196804537E-04
7.207207207E+01   2.052451875E-04
7.217217217E+01   1.910397795E-04
7.227227227E+01   1.770652509E-04
7.237237237E+01   1.633225085E-04
7.247247247E+01   1.498123469E-04
7.257257257E+01   1.365354499E-04
7.267267267E+01   1.234923929E-04
7.277277277E+01   1.106836441E-04
7.287287287E+01   9.810956704E-05
7.297297297E+01   8.577042209E-05
7.307307307E+01   7.366636844E-05
7.317317317E+01   6.179746601E-05
7.327327327E+01   5.016367731E-05
7.337337337E+01   3.876486940E-05
7.347347347E+01   2.760081572E-05
7.357357357E+01   1.667119804E-05
7.367367367E+01   5.975608325E-06
7.377377377E+01   -4.486449325E-06
7.387387387E+01   -1.471555680E-05
7.397397397E+01   -2.471238008E-05
7.407407407E+01   -3.447766731E-05
7.417417417E+01   -4.401224698E-05
7.427427427E+01   -5.331702593E-05
7.437437437E+01   -6.239298757E-05
7.447447447E+01   -7.124118992E-05
7.457457457E+01   -7.986276380E-05
7.467467467E+01   -8.825891091E-05
7.477477477E+01   -9.643090202E-05
7.487487487E+01   -1.043800751E-04
7.497497497E+01   -1.121078333E-04
7.507507508E+01   -1.196156437E-04
7.517517518E+01   -1.269050346E-04
7.527527528E+01   -1.339775944E-04
7.537537538E+01   -1.408349695E-04
7.547547548E+01   -1.474788628E-04
7.557557558E+01   -1.539110313E-04
7.567567568E+01   -1.601332849E-04
7.577577578E+01   -1.661474847E-04
7.587587588E+01   -1.719555405E-04
7.597597598E+01   -1.775594101E-04
7.607607608E+01   -1.829610968E-04
7.617617618E+01   -1.881626478E-04
7.627627628E+01   -1.931661530E-04
7.637637638E+01   -1.979737429E-04
7.647647648E+01   -2.025875867E-04
7.657657658E+01   -2.070098915E-04
7.667667668E+01   -2.112428998E-04
7.677677678E+01   -2.152888883E-04
7.687687688E+01   -2.191501664E-04
7.697697698E+01   -2.228290743E-04
7.707707708E+01   -2.263279816E-04
7.717717718E+01   -2.296492860E-04
7.727727728E+01   -2.327954112E-04
7.737737738E+01   -2.357688059E-04
7.747747748E+01   -2.385719422E-04
7.757757758E+01   -2.412073140E-04
7.767767768E+01   -2.436774356E-04
7.777777778E+01   -2.459848402E-04
7.787787788E+01   -2.481320789E-04
7.797797798E+01   -2.501217186E-04
7.807807808E+01   -2.519563413E-04
7.817817818E+01   -2.536385421E-04
7.827827828E+01   -2.551709286E-04
7.837837838E+01   -2.565561189E-04
7.847847848E+01   -2.577967408E-04
7.857857858E+01   -2.588954304E-04
7.867867868E+01   -2.598548305E-04
7.877877878E+01   -2.606775898E-04
7.887887888E+01   -2.613663617E-04
7.897897898E+01   -2.619238027E-04
7.907907908E+01   -2.623525716E-04
7.917917918E+01   -2.626553283E-04
7.927927928E+01   -2.628347325E-04
7.937937938E+01   -2.628934427E-04
7.947947948E+01   -2.628341152E-04
7.957957958E+01   -2.626594030E-04
7.967967968E+01   -2.623719546E-04
7.977977978E+01   -2.619744131E-04
7.987987988E+01   -2.614694153E-04
7.997997998E+01   -2.608595905E-04
8.008008008E+01   -2.601475598E-04
8.018018018E+01   -2.593359349E-04
8.028028028E+01   -2.584273175E-04
8.038038038E+01   -2.574242980E-04
8.048048048E+01   -2.563294549E-04
8.058058058E+01   -2.551453542E-04
8.068068068E+01   -2.538745478E-04
8.078078078E+01   -2.525195736E-04
8.088088088E+01   -2.510829541E-04
8.098098098E+01   -2.495671957E-04
8.108108108E+01   -2.479747882E-04
8.118118118E+01   -2.463082041E-04
8.128128128E+01   -2.445698975E-04
8.138138138E+01   -2.427623037E-04
8.148148148E+01   -2.408878386E-04
8.158158158E+01   -2.389488980E-04
8.168168168E+01   -2.369478567E-04
8.178178178E+01   -2.348870684E-04
8.188188188E+01   -2.327688647E-04
8.198198198E+01   -2.305955547E-04
8.208208208E+01   -2.283694245E-04
8.218218218E+01   -2.260927365E-04
8.228228228E+01   -2.237677293E-04
8.238238238E+01   -2.213966165E-04
8.248248248E+01   -2.189815871E-04
8.258258258E+01   -2.165248044E-04
8.268268268E+01   -2.140284057E-04
8.278278278E+01   -2.114945022E-04
8.288288288E+01   -2.089251783E-04
8.298298298E+01   -2.063224912E-04
8.308308308E+01   -2.036884708E-04
8.318318318E+01   -2.010251191E-04
8.328328328E+01   -1.983344101E-04
8.338338338E+01   -1.956182894E-04
8.348348348E+01   -1.928786737E-04
8.358358358E+01   -1.901174511E-04
8.368368368E+01   -1.873364801E-04
8.378378378E+01   -1.845375899E-04
8.388388388E+01   -1.817225801E-04
8.398398398E+01   -1.788932203E-04
8.408408408E+01   -1.760512500E-04
8.418418418E+01   -1.731983786E-04
8.428428428E+01   -1.703362849E-04
8.438438438E+01   -1.674666173E-04
8.448448448E+01   -1.645909935E-04
8.458458458E+01   -1.617110002E-04
8.468468468E+01   -1.588281935E-04
8.478478478E+01   -1.559440983E-04
8.488488488E+01   -1.530602085E-04
8.498498498E+01   -1.501779869E-04
8.508508509E+01   -1.472988652E-04
8.518518519E+01   -1.444242438E-04
8.528528529E+01   -1.415554918E-04
8.538538539E+01   -1.386939474E-04
8.548548549E+01   -1.358409171E-04
8.558558559E+01   -1.329976768E-04
8.568568569E+01   -1.301654706E-04
8.578578579E+01   -1.273455119E-04
8.588588589E+01   -1.245389828E-04
8.598598599E+01   -1.217470346E-04
8.608608609E+01   -1.189707874E-04
8.618618619E+01   -1.162113306E-04
8.628628629E+01   -1.134697228E-04
8.638638639E+01   -1.107469920E-04
8.648648649E+01   -1.080441355E-04
8.658658659E+01   -1.053621203E-04
8.668668669E+01   -1.027018832E-04
8.678678679E+01   -1.000643306E-04
8.688688689E+01   -9.745033908E-05
8.698698699E+01   -9.486075547E-05
8.708708709E+01   -9.229639679E-05
8.718718719E+01   -8.975805064E-05
8.728728729E+01   -8.724647533E-05
8.738738739E+01   -8.476240004E-05
8.748748749E+01   -8.230652507E-05
8.758758759E+01   -7.987952203E-05
8.768768769E+01   -7.748203402E-05
8.778778779E+01   -7.511467593E-05
8.788788789E+01   -7.277803459E-05
8.798798799E+01   -7.047266904E-05
8.808808809E+01   -6.819911078E-05
8.818818819E+01   -6.595786398E-05
8.828828829E+01   -6.374940578E-05
8.838838839E+01   -6.157418651E-05
8.848848849E+01   -5.943262999E-05
8.858858859E+01   -5.732513375E-05
8.868868869E+01   -5.525206933E-05
8.878878879E+01   -5.321378257E-05
8.888888889E+01   -5.121059387E-05
8.898898899E+01   -4.924279850E-05
8.908908909E+01   -4.731066684E-05
8.918918919E+01   -4.541444474E-05
8.928928929E+01   -4.355435377E-05
8.938938939E+01   -4.173059154E-05
8.948948949E+01   -3.994333201E-05
8.958958959E+01   -3.819272576E-05
8.968968969E+01   -3.647890035E-05
8.978978979E+01   -3.480196061E-05
8.988988989E+01   -3.316198894E-05
8.998998999E+01   -3.155904565E-05
9.009009009E+01   -2.999316926E-05
9.019019019E+01   -2.846437684E-05
9.029029029E+01   -2.697266432E-05
9.039039039E+01   -2.551800681E-05
9.049049049E+01   -2.410035894E-05
9.059059059E+01   -2.271965519E-05
9.069069069E+01   -2.137581017E-05
9.079079079E+01   -2.006871903E-05
9.089089089E+01   -1.879825770E-05
9.099099099E+01   -1.756428331E-05
9.109109109E+01   -1.636663443E-05
9.119119119E+01   -1.520513147E-05
9.129129129E+01   -1.407957698E-05
9.139139139E+01   -1.298975597E-05
9.149149149E+01   -1.193543628E-05
9.159159159E+01   -1.091636887E-05
9.169169169E+01   -9.932288149E-06
9.179179179E+01   -8.982912346E-06
9.189189189E+01   -8.067943793E-06
9.199199199E+01   -7.187069274E-06
9.209209209E+01   -6.339960343E-06
9.219219219E+01   -5.526273654E-06
9.229229229E+01   -4.745651282E-06
9.239239239E+01   -3.997721043E-06
9.249249249E+01   -3.282096819E-06
9.259259259E+01   -2.598378874E-06
9.269269269E+01   -1.946154172E-06
9.279279279E+01   -1.324996692E-06
9.289289289E+01   -7.344677431E-07
9.299299299E+01   -1.741162735E-07
9.309309309E+01   3.565208188E-07
9.319319319E+01   8.579183793E-07
9.329329329E+01   1.330562693E-06
9.339339339E+01   1.774951181E-06
9.349349349E+01   2.191592102E-06
9.359359359E+01   2.581004256E-06
9.369369369E+01   2.943716688E-06
9.379379379E+01   3.280268400E-06
9.389389389E+01   3.591208058E-06
9.399399399E+01   3.877093710E-06
9.409409409E+01   4.138492504E-06
9.419419419E+01   4.375980406E-06
9.429429429E+01   4.590141927E-06
9.439439439E+01   4.781569848E-06
9.449449449E+01   4.950864952E-06
9.459459459E+01   5.098635758E-06
9.469469469E+01   5.225498259E-06
9.479479479E+01   5.332075663E-06
9.489489489E+01   5.418998138E-06
9.499499499E+01   5.486902560E-06
9.509509510E+01   5.536432268E-06
9.519519520E+01   5.568236818E-06
9.529529530E+01   5.582971744E-06
9.539539540E+01   5.581298321E-06
9.549549550E+01   5.563883337E-06
9.559559560E+01   5.531398862E-06
9.569569570E+01   5.484522026E-06
9.579579580E+01   5.423934799E-06
9.589589590E+01   5.350323775E-06
9.599599600E+01   5.264379966E-06
9.609609610E+01   5.166798590E-06
9.619619620E+01   5.058278871E-06
9.629629630E+01   4.939523844E-06
9.639639640E+01   4.811240157E-06
9.649649650E+01   4.674137889E-06
9.659659660E+01   4.528930360E-06
9.669669670E+01   4.376333956E-06
9.679679680E+01   4.217067950E-06
9.689689690E+01   4.051854338E-06
9.699699700E+01   3.881417670E-06
9.709709710E+01   3.706484890E-06
9.719719720E+01   3.527785180E-06
9.729729730E+01   3.346049812E-06
9.739739740E+01   3.162012002E-06
9.749749750E+01   2.976406764E-06
9.759759760E+01   2.789970782E-06
9.769769770E+01   2.603442273E-06
9.779779780E+01   2.417560866E-06
9.789789790E+01   2.233067477E-06
9.799799800E+01   2.050704198E-06
9.809809810E+01   1.871214183E-06
9.819819820E+01   1.695341544E-06
9.829829830E+01   1.523831255E-06
9.839839840E+01   1.357429049E-06
9.849849850E+01   1.196881338E-06
9.859859860E+01   1.042935122E-06
9.869869870E+01   8.963379159E-07
9.879879880E+01   7.578376707E-07
9.889889890E+01   6.281827108E-07
9.899899900E+01   5.081216688E-07
9.909909910E+01   3.984034300E-07
9.919919920E+01   2.997770804E-07
9.929929930E+01   2.129918616E-07
9.939939940E+01   1.387971304E-07
9.949949950E+01   7.794232436E-08
9.959959960E+01   3.117693324E-08
9.969969970E+01   -7.495243755E-10
9.979979980E+01   -1.708751826E-08
9.989989990E+01   -1.708751824E-08
1.000000000E+02   0.000000000E+00
