0.000000000E+00   -1.192203012E+00
1.001001001E-01   -1.178203012E+00
2.002002002E-01   -1.164277568E+00
3.003003003E-01   -1.150426681E+00
4.004004004E-01   -1.136650348E+00
5.005005005E-01   -1.122948564E+00
6.006006006E-01   -1.109321324E+00
7.007007007E-01   -1.095768619E+00
8.008008008E-01   -1.082290439E+00
9.009009009E-01   -1.068886769E+00
1.001001001E+00   -1.055557595E+00
1.101101101E+00   -1.042302899E+00
1.201201201E+00   -1.029122663E+00
1.301301301E+00   -1.016016864E+00
1.401401401E+00   -1.002985479E+00
1.501501502E+00   -9.900284817E-01
1.601601602E+00   -9.771458438E-01
1.701701702E+00   -9.643375349E-01
1.801801802E+00   -9.516035228E-01
1.901901902E+00   -9.389437727E-01
2.002002002E+00   -9.263582479E-01
2.102102102E+00   -9.138469095E-01
2.202202202E+00   -9.014097162E-01
2.302302302E+00   -8.890466249E-01
2.402402402E+00   -8.767575902E-01
2.502502503E+00   -8.645425646E-01
2.602602603E+00   -8.524014983E-01
2.702702703E+00   -8.403343396E-01
2.802802803E+00   -8.283410346E-01
2.902902903E+00   -8.164215271E-01
3.003003003E+00   -8.045757589E-01
3.103103103E+00   -7.928036698E-01
3.203203203E+00   -7.811051973E-01
3.303303303E+00   -7.694802769E-01
3.403403403E+00   -7.579288418E-01
3.503503504E+00   -7.464508234E-01
3.603603604E+00   -7.350461508E-01
3.703703704E+00   -7.237147510E-01
3.803803804E+00   -7.124565489E-01
3.903903904E+00   -7.012714674E-01
4.004004004E+00   -6.901594273E-01
4.104104104E+00   -6.791203473E-01
4.204204204E+00   -6.681541440E-01
4.304304304E+00   -6.572607320E-01
4.404404404E+00   -6.464400237E-01
4.504504505E+00   -6.356919297E-01
4.604604605E+00   -6.250163583E-01
4.704704705E+00   -6.144132159E-01
4.804804805E+00   -6.038824068E-01
4.904904905E+00   -5.934238333E-01
5.005005005E+00   -5.830373956E-01
5.105105105E+00   -5.727229920E-01
5.205205205E+00   -5.624805187E-01
5.305305305E+00   -5.523098700E-01
5.405405405E+00   -5.422109380E-01
5.505505506E+00   -5.321836130E-01
5.605605606E+00   -5.222277832E-01
5.705705706E+00   -5.123433350E-01
5.805805806E+00   -5.025301525E-01
5.905905906E+00   -4.927881182E-01
6.006006006E+00   -4.831171125E-01
6.106106106E+00   -4.735170137E-01
6.206206206E+00   -4.639876983E-01
6.306306306E+00   -4.545290409E-01
6.406406406E+00   -4.451409142E-01
6.506506507E+00   -4.358231888E-01
6.606606607E+00   -4.265757335E-01
6.706706707E+00   -4.173984154E-01
6.806806807E+00   -4.082910993E-01
6.906906907E+00   -3.992536484E-01
7.007007007E+00   -3.902859240E-01
7.107107107E+00   -3.813877854E-01
7.207207207E+00   -3.725590903E-01
7.307307307E+00   -3.637996942E-01
7.407407407E+00   -3.551094510E-01
7.507507508E+00   -3.464882128E-01
7.607607608E+00   -3.379358297E-01
7.707707708E+00   -3.294521501E-01
7.807807808E+00   -3.210370207E-01
7.907907908E+00   -3.126902861E-01
8.008008008E+00   -3.044117894E-01
8.108108108E+00   -2.962013718E-01
8.208208208E+00   -2.880588729E-01
8.308308308E+00   -2.799841302E-01
8.408408408E+00   -2.719769799E-01
8.508508509E+00   -2.640372561E-01
8.608608609E+00   -2.561647914E-01
8.708708709E+00   -2.483594165E-01
8.808808809E+00   -2.406209607E-01
8.908908909E+00   -2.329492512E-01
9.009009009E+00   -2.253441139E-01
9.109109109E+00   -2.178053728E-01
9.209209209E+00   -2.103328503E-01
9.309309309E+00   -2.029263672E-01
9.409409409E+00   -1.955857427E-01
9.509509510E+00   -1.883107942E-01
9.609609610E+00   -1.811013375E-01
9.709709710E+00   -1.739571871E-01
9.809809810E+00   -1.668781556E-01
9.909909910E+00   -1.598640541E-01
1.001001001E+01   -1.529146922E-01
1.011011011E+01   -1.460298779E-01
1.021021021E+01   -1.392094176E-01
1.031031031E+01   -1.324531162E-01
1.041041041E+01   -1.257607772E-01
1.051051051E+01   -1.191322024E-01
1.061061061E+01   -1.125671923E-01
1.071071071E+01   -1.060655457E-01
1.081081081E+01   -9.962706009E-02
1.091091091E+01   -9.325153144E-02
1.101101101E+01   -8.693875430E-02
1.111111111E+01   -8.068852176E-02
1.121121121E+01   -7.450062551E-02
1.131131131E+01   -6.837485581E-02
1.141141141E+01   -6.231100154E-02
1.151151151E+01   -5.630885020E-02
1.161161161E+01   -5.036818789E-02
1.171171171E+01   -4.448879939E-02
1.181181181E+01   -3.867046812E-02
1.191191191E+01   -3.291297615E-02
1.201201201E+01   -2.721610427E-02
1.211211211E+01   -2.157963194E-02
1.221221221E+01   -1.600333732E-02
1.231231231E+01   -1.048699732E-02
1.241241241E+01   -5.030387555E-03
1.251251251E+01   3.667175863E-04
1.261261261E+01   5.704544968E-03
1.271271271E+01   1.098332268E-02
1.281281281E+01   1.620328000E-02
1.291291291E+01   2.136464744E-02
1.301301301E+01   2.646765667E-02
1.311311311E+01   3.151254054E-02
1.321321321E+01   3.649953304E-02
1.331331331E+01   4.142886932E-02
1.341341341E+01   4.630078564E-02
1.351351351E+01   5.111551941E-02
1.361361361E+01   5.587330909E-02
1.371371371E+01   6.057439425E-02
1.381381381E+01   6.521901555E-02
1.391391391E+01   6.980741468E-02
1.401401401E+01   7.433983438E-02
1.411411411E+01   7.881651842E-02
1.421421421E+01   8.323771159E-02
1.431431431E+01   8.760365967E-02
1.441441441E+01   9.191460944E-02
1.451451451E+01   9.617080864E-02
1.461461461E+01   1.003725060E-01
1.471471471E+01   1.045199511E-01
1.481481481E+01   1.086133945E-01
1.491491491E+01   1.126530877E-01
1.501501502E+01   1.166392832E-01
1.511511512E+01   1.205722341E-01
1.521521522E+01   1.244521947E-01
1.531531532E+01   1.282794198E-01
1.541541542E+01   1.320541653E-01
1.551551552E+01   1.357766880E-01
1.561561562E+01   1.394472452E-01
1.571571572E+01   1.430660951E-01
1.581581582E+01   1.466334970E-01
1.591591592E+01   1.501497105E-01
1.601601602E+01   1.536149962E-01
1.611611612E+01   1.570296154E-01
1.621621622E+01   1.603938302E-01
1.631631632E+01   1.637079032E-01
1.641641642E+01   1.669720979E-01
1.651651652E+01   1.701866783E-01
1.661661662E+01   1.733519093E-01
1.671671672E+01   1.764680562E-01
1.681681682E+01   1.795353850E-01
1.691691692E+01   1.825541624E-01
1.701701702E+01   1.855246557E-01
1.711711712E+01   1.884471327E-01
1.721721722E+01   1.913218617E-01
1.731731732E+01   1.941491119E-01
1.741741742E+01   1.969291525E-01
1.751751752E+01   1.996622539E-01
1.761761762E+01   2.023486863E-01
1.771771772E+01   2.049887210E-01
1.781781782E+01   2.075826294E-01
1.791791792E+01   2.101306835E-01
1.801801802E+01   2.126331557E-01
1.811811812E+01   2.150903190E-01
1.821821822E+01   2.175024467E-01
1.831831832E+01   2.198698124E-01
1.841841842E+01   2.221926902E-01
1.851851852E+01   2.244713547E-01
1.861861862E+01   2.267060807E-01
1.871871872E+01   2.288971434E-01
1.881881882E+01   2.310448182E-01
1.891891892E+01   2.331493810E-01
1.901901902E+01   2.352111081E-01
1.911911912E+01   2.372302757E-01
1.921921922E+01   2.392071605E-01
1.931931932E+01   2.411420397E-01
1.941941942E+01   2.430351902E-01
1.951951952E+01   2.448868897E-01
1.961961962E+01   2.466974156E-01
1.971971972E+01   2.484670459E-01
1.981981982E+01   2.501960586E-01
1.991991992E+01   2.518847318E-01
2.002002002E+01   2.535333439E-01
2.012012012E+01   2.551421735E-01
2.022022022E+01   2.567114990E-01
2.032032032E+01   2.582415993E-01
2.042042042E+01   2.597327531E-01
2.052052052E+01   2.611852393E-01
2.062062062E+01   2.625993370E-01
2.072072072E+01   2.639753251E-01
2.082082082E+01   2.653134826E-01
2.092092092E+01   2.666140887E-01
2.102102102E+01   2.678774225E-01
2.112112112E+01   2.691037630E-01
2.122122122E+01   2.702933892E-01
2.132132132E+01   2.714465803E-01
2.142142142E+01   2.725636152E-01
2.152152152E+01   2.736447728E-01
2.162162162E+01   2.746903320E-01
2.172172172E+01   2.757005715E-01
2.182182182E+01   2.766757699E-01
2.192192192E+01   2.776162058E-01
2.202202202E+01   2.785221576E-01
2.212212212E+01   2.793939035E-01
2.222222222E+01   2.802317217E-01
2.232232232E+01   2.810358899E-01
2.242242242E+01   2.818066861E-01
2.252252252E+01   2.825443876E-01
2.262262262E+01   2.832492719E-01
2.272272272E+01   2.839216159E-01
2.282282282E+01   2.845616965E-01
2.292292292E+01   2.851697904E-01
2.302302302E+01   2.857461738E-01
2.312312312E+01   2.862911227E-01
2.322322322E+01   2.868049130E-01
2.332332332E+01   2.872878199E-01
2.342342342E+01   2.877401187E-01
2.352352352E+01   2.881620841E-01
2.362362362E+01   2.885539905E-01
2.372372372E+01   2.889161120E-01
2.382382382E+01   2.892487223E-01
2.392392392E+01   2.895520946E-01
2.402402402E+01   2.898265019E-01
2.412412412E+01   2.900722167E-01
2.422422422E+01   2.902895110E-01
2.432432432E+01   2.904786564E-01
2.442442442E+01   2.906399241E-01
2.452452452E+01   2.907735848E-01
2.462462462E+01   2.908799088E-01
2.472472472E+01   2.909591657E-01
2.482482482E+01   2.910116249E-01
2.492492492E+01   2.910375551E-01
2.502502503E+01   2.910372244E-01
2.512512513E+01   2.910109006E-01
2.522522523E+01   2.909588508E-01
2.532532533E+01   2.908813414E-01
2.542542543E+01   2.907786386E-01
2.552552553E+01   2.906510077E-01
2.562562563E+01   2.904987136E-01
2.572572573E+01   2.903220203E-01
2.582582583E+01   2.901211916E-01
2.592592593E+01   2.898964904E-01
2.602602603E+01   2.896481790E-01
2.612612613E+01   2.893765189E-01
2.622622623E+01   2.890817714E-01
2.632632633E+01   2.887641965E-01
2.642642643E+01   2.884240541E-01
2.652652653E+01   2.880616030E-01
2.662662663E+01   2.876771014E-01
2.672672673E+01   2.872708069E-01
2.682682683E+01   2.868429762E-01
2.692692693E+01   2.863938654E-01
2.702702703E+01   2.859237298E-01
2.712712713E+01   2.854328239E-01
2.722722723E+01   2.849214014E-01
2.732732733E+01   2.843897154E-01
2.742742743E+01   2.838380179E-01
2.752752753E+01   2.832665605E-01
2.762762763E+01   2.826755936E-01
2.772772773E+01   2.820653670E-01
2.782782783E+01   2.814361297E-01
2.792792793E+01   2.807881296E-01
2.802802803E+01   2.801216141E-01
2.812812813E+01   2.794368295E-01
2.822822823E+01   2.787340212E-01
2.832832833E+01   2.780134340E-01
2.842842843E+01   2.772753114E-01
2.852852853E+01   2.765198965E-01
2.862862863E+01   2.757474310E-01
2.872872873E+01   2.749581559E-01
2.882882883E+01   2.741523115E-01
2.892892893E+01   2.733301367E-01
2.902902903E+01   2.724918699E-01
2.912912913E+01   2.716377482E-01
2.922922923E+01   2.707680080E-01
2.932932933E+01   2.698828846E-01
2.942942943E+01   2.689826124E-01
2.952952953E+01   2.680674247E-01
2.962962963E+01   2.671375539E-01
2.972972973E+01   2.661932313E-01
2.982982983E+01   2.652346875E-01
2.992992993E+01   2.642621516E-01
3.003003003E+01   2.632758520E-01
3.013013013E+01   2.622760161E-01
3.023023023E+01   2.612628701E-01
3.033033033E+01   2.602366392E-01
3.043043043E+01   2.591975476E-01
3.053053053E+01   2.581458184E-01
3.063063063E+01   2.570816735E-01
3.073073073E+01   2.560053341E-01
3.083083083E+01   2.549170199E-01
3.093093093E+01   2.538169497E-01
3.103103103E+01   2.527053413E-01
3.113113113E+01   2.515824112E-01
3.123123123E+01   2.504483749E-01
3.133133133E+01   2.493034468E-01
3.143143143E+01   2.481478402E-01
3.153153153E+01   2.469817671E-01
3.163163163E+01   2.458054386E-01
3.173173173E+01   2.446190644E-01
3.183183183E+01   2.434228534E-01
3.193193193E+01   2.422170131E-01
3.203203203E+01   2.410017499E-01
3.213213213E+01   2.397772689E-01
3.223223223E+01   2.385437744E-01
3.233233233E+01   2.373014692E-01
3.243243243E+01   2.360505549E-01
3.253253253E+01   2.347912322E-01
3.263263263E+01   2.335237005E-01
3.273273273E+01   2.322481577E-01
3.283283283E+01   2.309648011E-01
3.293293293E+01   2.296738261E-01
3.303303303E+01   2.283754276E-01
3.313313313E+01   2.270697987E-01
3.323323323E+01   2.257571316E-01
3.333333333E+01   2.244376171E-01
3.343343343E+01   2.231114451E-01
3.353353353E+01   2.217788039E-01
3.363363363E+01   2.204398808E-01
3.373373373E+01   2.190948616E-01
3.383383383E+01   2.177439313E-01
3.393393393E+01   2.163872732E-01
3.403403403E+01   2.150250696E-01
3.413413413E+01   2.136575015E-01
3.423423423E+01   2.122847487E-01
3.433433433E+01   2.109069897E-01
3.443443443E+01   2.095244015E-01
3.453453453E+01   2.081371604E-01
3.463463463E+01   2.067454408E-01
3.473473473E+01   2.053494163E-01
3.483483483E+01   2.039492589E-01
3.493493493E+01   2.025451397E-01
3.503503504E+01   2.011372281E-01
3.513513514E+01   1.997256924E-01
3.523523524E+01   1.983106998E-01
3.533533534E+01   1.968924160E-01
3.543543544E+01   1.954710054E-01
3.553553554E+01   1.940466311E-01
3.563563564E+01   1.926194552E-01
3.573573574E+01   1.911896381E-01
3.583583584E+01   1.897573392E-01
3.593593594E+01   1.883227164E-01
3.603603604E+01   1.868859265E-01
3.613613614E+01   1.854471249E-01
3.623623624E+01   1.840064656E-01
3.633633634E+01   1.825641015E-01
3.643643644E+01   1.811201840E-01
3.653653654E+01   1.796748633E-01
3.663663664E+01   1.782282883E-01
3.673673674E+01   1.767806067E-01
3.683683684E+01   1.753319646E-01
3.693693694E+01   1.738825070E-01
3.703703704E+01   1.724323776E-01
3.713713714E+01   1.709817187E-01
3.723723724E+01   1.695306714E-01
3.733733734E+01   1.680793754E-01
3.743743744E+01   1.666279691E-01
3.753753754E+01   1.651765896E-01
3.763763764E+01   1.637253726E-01
3.773773774E+01   1.622744528E-01
3.783783784E+01   1.608239633E-01
3.793793794E+01   1.593740359E-01
3.803803804E+01   1.579248012E-01
3.813813814E+01   1.564763884E-01
3.823823824E+01   1.550289256E-01
3.833833834E+01   1.535825393E-01
3.843843844E+01   1.521373548E-01
3.853853854E+01   1.506934963E-01
3.863863864E+01   1.492510863E-01
3.873873874E+01   1.478102464E-01
3.883883884E+01   1.463710966E-01
3.893893894E+01   1.449337558E-01
3.903903904E+01   1.434983414E-01
3.913913914E+01   1.420649697E-01
3.923923924E+01   1.406337555E-01
3.933933934E+01   1.392048126E-01
3.943943944E+01   1.377782532E-01
3.953953954E+01   1.363541884E-01
3.963963964E+01   1.349327278E-01
3.973973974E+01   1.335139801E-01
3.983983984E+01   1.320980522E-01
3.993993994E+01   1.306850501E-01
4.004004004E+01   1.292750785E-01
4.014014014E+01   1.278682405E-01
4.024024024E+01   1.264646383E-01
4.034034034E+01   1.250643726E-01
4.044044044E+01   1.236675429E-01
4.054054054E+01   1.222742474E-01
4.064064064E+01   1.208845830E-01
4.074074074E+01   1.194986455E-01
4.084084084E+01   1.181165293E-01
4.094094094E+01   1.167383275E-01
4.104104104E+01   1.153641320E-01
4.114114114E+01   1.139940334E-01
4.124124124E+01   1.126281213E-01
4.134134134E+01   1.112664836E-01
4.144144144E+01   1.099092074E-01
4.154154154E+01   1.085563782E-01
4.164164164E+01   1.072080805E-01
4.174174174E+01   1.058643975E-01
4.184184184E+01   1.045254111E-01
4.194194194E+01   1.031912021E-01
4.204204204E+01   1.018618500E-01
4.214214214E+01   1.005374330E-01
4.224224224E+01   9.921802828E-02
4.234234234E+01   9.790371160E-02
4.244244244E+01   9.659455763E-02
4.254254254E+01   9.529063982E-02
4.264264264E+01   9.399203041E-02
4.274274274E+01   9.269880043E-02
4.284284284E+01   9.141101974E-02
4.294294294E+01   9.012875700E-02
4.304304304E+01   8.885207968E-02
4.314314314E+01   8.758105409E-02
4.324324324E+01   8.631574535E-02
4.334334334E+01   8.505621740E-02
4.344344344E+01   8.380253304E-02
4.354354354E+01   8.255475388E-02
4.364364364E+01   8.131294041E-02
4.374374374E+01   8.007715192E-02
4.384384384E+01   7.884744659E-02
4.394394394E+01   7.762388145E-02
4.404404404E+01   7.640651238E-02
4.414414414E+01   7.519539414E-02
4.424424424E+01   7.399058037E-02
4.434434434E+01   7.279212355E-02
4.444444444E+01   7.160007509E-02
4.454454454E+01   7.041448526E-02
4.464464464E+01   6.923540323E-02
4.474474474E+01   6.806287708E-02
4.484484484E+01   6.689695376E-02
4.494494494E+01   6.573767917E-02
4.504504505E+01   6.458509810E-02
4.514514515E+01   6.343925427E-02
4.524524525E+01   6.230019033E-02
4.534534535E+01   6.116794784E-02
4.544544545E+01   6.004256731E-02
4.554554555E+01   5.892408821E-02
4.564564565E+01   5.781254894E-02
4.574574575E+01   5.670798685E-02
4.584584585E+01   5.561043825E-02
4.594594595E+01   5.451993844E-02
4.604604605E+01   5.343652167E-02
4.614614615E+01   5.236022117E-02
4.624624625E+01   5.129106916E-02
4.634634635E+01   5.022909684E-02
4.644644645E+01   4.917433442E-02
4.654654655E+01   4.812681110E-02
4.664664665E+01   4.708655510E-02
4.674674675E+01   4.605359364E-02
4.684684685E+01   4.502795297E-02
4.694694695E+01   4.400965837E-02
4.704704705E+01   4.299873415E-02
4.714714715E+01   4.199520365E-02
4.724724725E+01   4.099908927E-02
4.734734735E+01   4.001041245E-02
4.744744745E+01   3.902919371E-02
4.754754755E+01   3.805545261E-02
4.764764765E+01   3.708920779E-02
4.774774775E+01   3.613047698E-02
4.784784785E+01   3.517927698E-02
4.794794795E+01   3.423562370E-02
4.804804805E+01   3.329953211E-02
4.814814815E+01   3.237101633E-02
4.824824825E+01   3.145008957E-02
4.834834835E+01   3.053676415E-02
4.844844845E+01   2.963105154E-02
4.854854855E+01   2.873296232E-02
4.864864865E+01   2.784250620E-02
4.874874875E+01   2.695969207E-02
4.884884885E+01   2.608452795E-02
4.894894895E+01   2.521702101E-02
4.904904905E+01   2.435717760E-02
4.914914915E+01   2.350500325E-02
4.924924925E+01   2.266050265E-02
4.934934935E+01   2.182367967E-02
4.944944945E+01   2.099453742E-02
4.954954955E+01   2.017307815E-02
4.964964965E+01   1.935930337E-02
4.974974975E+01   1.855321376E-02
4.984984985E+01   1.775480924E-02
4.994994995E+01   1.696408898E-02
5.005005005E+01   1.618105135E-02
5.015015015E+01   1.540569399E-02
5.025025025E+01   1.463801376E-02
5.035035035E+01   1.387800680E-02
5.045045045E+01   1.312566851E-02
5.055055055E+01   1.238099355E-02
5.065065065E+01   1.164397587E-02
5.075075075E+01   1.091460870E-02
5.085085085E+01   1.019288457E-02
5.095095095E+01   9.478795280E-03
5.105105105E+01   8.772331974E-03
5.115115115E+01   8.073485088E-03
5.125125125E+01   7.382244382E-03
5.135135135E+01   6.698598946E-03
5.145145145E+01   6.022537202E-03
5.155155155E+01   5.354046916E-03
5.165165165E+01   4.693115201E-03
5.175175175E+01   4.039728530E-03
5.185185185E+01   3.393872736E-03
5.195195195E+01   2.755533022E-03
5.205205205E+01   2.124693973E-03
5.215215215E+01   1.501339556E-03
5.225225225E+01   8.854531283E-04
5.235235235E+01   2.770174503E-04
5.245245245E+01   -3.239853135E-04
5.255255255E+01   -9.175735843E-04
5.265265265E+01   -1.503766363E-03
5.275275275E+01   -2.082583223E-03
5.285285285E+01   -2.654044301E-03
5.295295295E+01   -3.218170293E-03
5.305305305E+01   -3.774982446E-03
5.315315315E+01   -4.324502550E-03
5.325325325E+01   -4.866752932E-03
5.335335335E+01   -5.401756446E-03
5.345345345E+01   -5.929536473E-03
5.355355355E+01   -6.450116904E-03
5.365365365E+01   -6.963522141E-03
5.375375375E+01   -7.469777087E-03
5.385385385E+01   -7.968907139E-03
5.395395395E+01   -8.460938179E-03
5.405405405E+01   -8.945896570E-03
5.415415415E+01   -9.423809150E-03
5.425425425E+01   -9.894703219E-03
5.435435435E+01   -1.035860654E-02
5.445445445E+01   -1.081554732E-02
5.455455455E+01   -1.126555422E-02
5.465465465E+01   -1.170865634E-02
5.475475475E+01   -1.214488319E-02
5.485485485E+01   -1.257426474E-02
5.495495495E+01   -1.299683134E-02
5.505505506E+01   -1.341261379E-02
5.515515516E+01   -1.382164324E-02
5.525525526E+01   -1.422395129E-02
5.535535536E+01   -1.461956990E-02
5.545545546E+01   -1.500853142E-02
5.555555556E+01   -1.539086857E-02
5.565565566E+01   -1.576661446E-02
5.575575576E+01   -1.613580253E-02
5.585585586E+01   -1.649846660E-02
5.595595596E+01   -1.685464083E-02
5.605605606E+01   -1.720435972E-02
5.615615616E+01   -1.754765813E-02
5.625625626E+01   -1.788457120E-02
5.635635636E+01   -1.821513444E-02
5.645645646E+01   -1.853938365E-02
5.655655656E+01   -1.885735495E-02
5.665665666E+01   -1.916908476E-02
5.675675676E+01   -1.947460979E-02
5.685685686E+01   -1.977396704E-02
5.695695696E+01   -2.006719381E-02
5.705705706E+01   -2.035432765E-02
5.715715716E+01   -2.063540640E-02
5.725725726E+01   -2.091046816E-02
5.735735736E+01   -2.117955128E-02
5.745745746E+01   -2.144269438E-02
5.755755756E+01   -2.169993629E-02
5.765765766E+01   -2.195131612E-02
5.775775776E+01   -2.219687317E-02
5.785785786E+01   -2.243664701E-02
5.795795796E+01   -2.267067740E-02
5.805805806E+01   -2.289900432E-02
5.815815816E+01   -2.312166795E-02
5.825825826E+01   -2.333870870E-02
5.835835836E+01   -2.355016714E-02
5.845845846E+01   -2.375608405E-02
5.855855856E+01   -2.395650038E-02
5.865865866E+01   -2.415145729E-02
5.875875876E+01   -2.434099606E-02
5.885885886E+01   -2.452515817E-02
5.895895896E+01   -2.470398526E-02
5.905905906E+01   -2.487751912E-02
5.915915916E+01   -2.504580166E-02
5.925925926E+01   -2.520887498E-02
5.935935936E+01   -2.536678128E-02
5.945945946E+01   -2.551956290E-02
5.955955956E+01   -2.566726232E-02
5.965965966E+01   -2.580992212E-02
5.975975976E+01   -2.594758500E-02
5.985985986E+01   -2.608029377E-02
5.995995996E+01   -2.620809135E-02
6.006006006E+01   -2.633102074E-02
6.016016016E+01   -2.644912504E-02
6.026026026E+01   -2.656244745E-02
6.036036036E+01   -2.667103122E-02
6.046046046E+01   -2.677491971E-02
6.056056056E+01   -2.687415633E-02
6.066066066E+01   -2.696878456E-02
6.076076076E+01   -2.705884793E-02
6.086086086E+01   -2.714439005E-02
6.096096096E+01   -2.722545456E-02
6.106106106E+01   -2.730208513E-02
6.116116116E+01   -2.737432551E-02
6.126126126E+01   -2.744221945E-02
6.136136136E+01   -2.750581074E-02
6.146146146E+01   -2.756514321E-02
6.156156156E+01   -2.762026067E-02
6.166166166E+01   -2.767120699E-02
6.176176176E+01   -2.771802602E-02
6.186186186E+01   -2.776076162E-02
6.196196196E+01   -2.779945767E-02
6.206206206E+01   -2.783415801E-02
6.216216216E+01   -2.786490650E-02
6.226226226E+01   -2.789174698E-02
6.236236236E+01   -2.791472326E-02
6.246246246E+01   -2.793387914E-02
6.256256256E+01   -2.794925838E-02
6.266266266E+01   -2.796090473E-02
6.276276276E+01   -2.796886188E-02
6.286286286E+01   -2.797317349E-02
6.296296296E+01   -2.797388318E-02
6.306306306E+01   -2.797103450E-02
6.316316316E+01   -2.796467097E-02
6.326326326E+01   -2.795483604E-02
6.336336336E+01   -2.794157310E-02
6.346346346E+01   -2.792492548E-02
6.356356356E+01   -2.790493643E-02
6.366366366E+01   -2.788164912E-02
6.376376376E+01   -2.785510667E-02
6.386386386E+01   -2.782535209E-02
6.396396396E+01   -2.779242832E-02
6.406406406E+01   -2.775637819E-02
6.416416416E+01   -2.771724446E-02
6.426426426E+01   -2.767506978E-02
6.436436436E+01   -2.762989670E-02
6.446446446E+01   -2.758176766E-02
6.456456456E+01   -2.753072500E-02
6.466466466E+01   -2.747681095E-02
6.476476476E+01   -2.742006761E-02
6.486486486E+01   -2.736053697E-02
6.496496496E+01   -2.729826090E-02
6.506506507E+01   -2.723328114E-02
6.516516517E+01   -2.716563929E-02
6.526526527E+01   -2.709537683E-02
6.536536537E+01   -2.702253511E-02
6.546546547E+01   -2.694715532E-02
6.556556557E+01   -2.686927851E-02
6.566566567E+01   -2.678894561E-02
6.576576577E+01   -2.670619737E-02
6.586586587E+01   -2.662107439E-02
6.596596597E+01   -2.653361714E-02
6.606606607E+01   -2.644386591E-02
6.616616617E+01   -2.635186083E-02
6.626626627E+01   -2.625764188E-02
6.636636637E+01   -2.616124884E-02
6.646646647E+01   -2.606272136E-02
6.656656657E+01   -2.596209890E-02
6.666666667E+01   -2.585942073E-02
6.676676677E+01   -2.575472596E-02
6.686686687E+01   -2.564805352E-02
6.696696697E+01   -2.553944214E-02
6.706706707E+01   -2.542893038E-02
6.716716717E+01   -2.531655660E-02
6.726726727E+01   -2.520235898E-02
6.736736737E+01   -2.508637549E-02
6.746746747E+01   -2.496864392E-02
6.756756757E+01   -2.484920185E-02
6.766766767E+01   -2.472808667E-02
6.776776777E+01   -2.460533555E-02
6.786786787E+01   -2.448098547E-02
6.796796797E+01   -2.435507320E-02
6.806806807E+01   -2.422763529E-02
6.816816817E+01   -2.409870809E-02
6.826826827E+01   -2.396832773E-02
6.836836837E+01   -2.383653012E-02
6.846846847E+01   -2.370335096E-02
6.856856857E+01   -2.356882572E-02
6.866866867E+01   -2.343298966E-02
6.876876877E+01   -2.329587781E-02
6.886886887E+01   -2.315752497E-02
6.896896897E+01   -2.301796572E-02
6.906906907E+01   -2.287723440E-02
6.916916917E+01   -2.273536514E-02
6.926926927E+01   -2.259239180E-02
6.936936937E+01   -2.244834804E-02
6.946946947E+01   -2.230326728E-02
6.956956957E+01   -2.215718268E-02
6.966966967E+01   -2.201012718E-02
6.976976977E+01   -2.186213347E-02
6.986986987E+01   -2.171323401E-02
6.996996997E+01   -2.156346101E-02
7.007007007E+01   -2.141284642E-02
7.017017017E+01   -2.126142197E-02
7.027027027E+01   -2.110921912E-02
7.037037037E+01   -2.095626910E-02
7.047047047E+01   -2.080260287E-02
7.057057057E+01   -2.064825115E-02
7.067067067E+01   -2.049324441E-02
7.077077077E+01   -2.033761286E-02
7.087087087E+01   -2.018138646E-02
7.097097097E+01   -2.002459491E-02
7.107107107E+01   -1.986726766E-02
7.117117117E+01   -1.970943390E-02
7.127127127E+01   -1.955112255E-02
7.137137137E+01   -1.939236228E-02
7.147147147E+01   -1.923318150E-02
7.157157157E+01   -1.907360836E-02
7.167167167E+01   -1.891367075E-02
7.177177177E+01   -1.875339628E-02
7.187187187E+01   -1.859281233E-02
7.197197197E+01   -1.843194597E-02
7.207207207E+01   -1.827082405E-02
7.217217217E+01   -1.810947312E-02
7.227227227E+01   -1.794791949E-02
7.237237237E+01   -1.778618919E-02
7.247247247E+01   -1.762430797E-02
7.257257257E+01   -1.746230135E-02
7.267267267E+01   -1.730019454E-02
7.277277277E+01   -1.713801251E-02
7.287287287E+01   -1.697577995E-02
7.297297297E+01   -1.681352128E-02
7.307307307E+01   -1.665126065E-02
7.317317317E+01   -1.648902195E-02
7.327327327E+01   -1.632682878E-02
7.337337337E+01   -1.616470449E-02
7.347347347E+01   -1.600267215E-02
7.357357357E+01   -1.584075456E-02
7.367367367E+01   -1.567897425E-02
7.377377377E+01   -1.551735347E-02
7.387387387E+01   -1.535591421E-02
7.397397397E+01   -1.519467820E-02
7.407407407E+01   -1.503366686E-02
7.417417417E+01   -1.487290139E-02
7.427427427E+01   -1.471240267E-02
7.437437437E+01   -1.455219133E-02
7.447447447E+01   -1.439228775E-02
7.457457457E+01   -1.423271200E-02
7.467467467E+01   -1.407348390E-02
7.477477477E+01   -1.391462301E-02
7.487487487E+01   -1.375614859E-02
7.497497497E+01   -1.359807966E-02
7.507507508E+01   -1.344043494E-02
7.517517518E+01   -1.328323292E-02
7.527527528E+01   -1.312649178E-02
7.537537538E+01   -1.297022945E-02
7.547547548E+01   -1.281446359E-02
7.557557558E+01   -1.265921160E-02
7.567567568E+01   -1.250449060E-02
7.577577578E+01   -1.235031744E-02
7.587587588E+01   -1.219670871E-02
7.597597598E+01   -1.204368074E-02
7.607607608E+01   -1.189124958E-02
7.617617618E+01   -1.173943102E-02
7.627627628E+01   -1.158824059E-02
7.637637638E+01   -1.143769355E-02
7.647647648E+01   -1.128780490E-02
7.657657658E+01   -1.113858937E-02
7.667667668E+01   -1.099006144E-02
7.677677678E+01   -1.084223531E-02
7.687687688E+01   -1.069512494E-02
7.697697698E+01   -1.054874401E-02
7.707707708E+01   -1.040310595E-02
7.717717718E+01   -1.025822393E-02
7.727727728E+01   -1.011411087E-02
7.737737738E+01   -9.970779423E-03
7.747747748E+01   -9.828241979E-03
7.757757758E+01   -9.686510685E-03
7.767767768E+01   -9.545597427E-03
7.777777778E+01   -9.405513839E-03
7.787787788E+01   -9.266271302E-03
7.797797798E+01   -9.127880942E-03
7.807807808E+01   -8.990353638E-03
7.817817818E+01   -8.853700014E-03
7.827827828E+01   -8.717930449E-03
7.837837838E+01   -8.583055070E-03
7.847847848E+01   -8.449083759E-03
7.857857858E+01   -8.316026150E-03
7.867867868E+01   -8.183891633E-03
7.877877878E+01   -8.052689352E-03
7.887887888E+01   -7.922428211E-03
7.897897898E+01   -7.793116867E-03
7.907907908E+01   -7.664763741E-03
7.917917918E+01   -7.537377010E-03
7.927927928E+01   -7.410964614E-03
7.937937938E+01   -7.285534257E-03
7.947947948E+01   -7.161093402E-03
7.957957958E+01   -7.037649282E-03
7.967967968E+01   -6.915208891E-03
7.977977978E+01   -6.793778994E-03
7.987987988E+01   -6.673366122E-03
7.997997998E+01   -6.553976575E-03
8.008008008E+01   -6.435616426E-03
8.018018018E+01   -6.318291518E-03
8.028028028E+01   -6.202007469E-03
8.038038038E+01   -6.086769671E-03
8.048048048E+01   -5.972583289E-03
8.058058058E+01   -5.859453270E-03
8.068068068E+01   -5.747384336E-03
8.078078078E+01   -5.636380991E-03
8.088088088E+01   -5.526447517E-03
8.098098098E+01   -5.417587982E-03
8.108108108E+01   -5.309806235E-03
8.118118118E+01   -5.203105913E-03
8.128128128E+01   -5.097490438E-03
8.138138138E+01   -4.992963019E-03
8.148148148E+01   -4.889526655E-03
8.158158158E+01   -4.787184138E-03
8.168168168E+01   -4.685938050E-03
8.178178178E+01   -4.585790766E-03
8.188188188E+01   -4.486744457E-03
8.198198198E+01   -4.388801092E-03
8.208208208E+01   -4.291962436E-03
8.218218218E+01   -4.196230054E-03
8.228228228E+01   -4.101605312E-03
8.238238238E+01   -4.008089378E-03
8.248248248E+01   -3.915683224E-03
8.258258258E+01   -3.824387628E-03
8.268268268E+01   -3.734203174E-03
8.278278278E+01   -3.645130254E-03
8.288288288E+01   -3.557169071E-03
8.298298298E+01   -3.470319639E-03
8.308308308E+01   -3.384581785E-03
8.318318318E+01   -3.299955149E-03
8.328328328E+01   -3.216439188E-03
8.338338338E+01   -3.134033177E-03
8.348348348E+01   -3.052736210E-03
8.358358358E+01   -2.972547200E-03
8.368368368E+01   -2.893464884E-03
8.378378378E+01   -2.815487820E-03
8.388388388E+01   -2.738614395E-03
8.398398398E+01   -2.662842820E-03
8.408408408E+01   -2.588171135E-03
8.418418418E+01   -2.514597209E-03
8.428428428E+01   -2.442118744E-03
8.438438438E+01   -2.370733276E-03
8.448448448E+01   -2.300438171E-03
8.458458458E+01   -2.231230637E-03
8.468468468E+01   -2.163107715E-03
8.478478478E+01   -2.096066289E-03
8.488488488E+01   -2.030103081E-03
8.498498498E+01   -1.965214657E-03
8.508508509E+01   -1.901397427E-03
8.518518519E+01   -1.838647647E-03
8.528528529E+01   -1.776961420E-03
8.538538539E+01   -1.716334696E-03
8.548548549E+01   -1.656763279E-03
8.558558559E+01   -1.598242823E-03
8.568568569E+01   -1.540768835E-03
8.578578579E+01   -1.484336678E-03
8.588588589E+01   -1.428941573E-03
8.598598599E+01   -1.374578597E-03
8.608608609E+01   -1.321242689E-03
8.618618619E+01   -1.268928648E-03
8.628628629E+01   -1.217631138E-03
8.638638639E+01   -1.167344686E-03
8.648648649E+01   -1.118063686E-03
8.658658659E+01   -1.069782400E-03
8.668668669E+01   -1.022494959E-03
8.678678679E+01   -9.761953656E-04
8.688688689E+01   -9.308774950E-04
8.698698699E+01   -8.865350961E-04
8.708708709E+01   -8.431617940E-04
8.718718719E+01   -8.007510909E-04
8.728728729E+01   -7.592963680E-04
8.738738739E+01   -7.187908867E-04
8.748748749E+01   -6.792277908E-04
8.758758759E+01   -6.406001072E-04
8.768768769E+01   -6.029007484E-04
8.778778779E+01   -5.661225130E-04
8.788788789E+01   -5.302580883E-04
8.798798799E+01   -4.953000508E-04
8.808808809E+01   -4.612408687E-04
8.818818819E+01   -4.280729026E-04
8.828828829E+01   -3.957884078E-04
8.838838839E+01   -3.643795350E-04
8.848848849E+01   -3.338383325E-04
8.858858859E+01   -3.041567472E-04
8.868868869E+01   -2.753266266E-04
8.878878879E+01   -2.473397198E-04
8.888888889E+01   -2.201876793E-04
8.898898899E+01   -1.938620624E-04
8.908908909E+01   -1.683543326E-04
8.918918919E+01   -1.436558612E-04
8.928928929E+01   -1.197579288E-04
8.938938939E+01   -9.665172636E-05
8.948948949E+01   -7.432835727E-05
8.958958959E+01   -5.277883831E-05
8.968968969E+01   -3.199410130E-05
8.978978979E+01   -1.196499447E-05
8.988988989E+01   7.317716118E-06
8.998998999E+01   2.586334513E-05
9.009009009E+01   4.368128659E-05
9.019019019E+01   6.078101243E-05
9.029029029E+01   7.717207116E-05
9.039039039E+01   9.286408645E-05
9.049049049E+01   1.078667558E-04
9.059059059E+01   1.221898490E-04
9.069069069E+01   1.358432070E-04
9.079079079E+01   1.488367406E-04
9.089089089E+01   1.611804288E-04
9.099099099E+01   1.728843176E-04
9.109109109E+01   1.839585190E-04
9.119119119E+01   1.944132092E-04
9.129129129E+01   2.042586275E-04
9.139139139E+01   2.135050753E-04
9.149149149E+01   2.221629141E-04
9.159159159E+01   2.302425650E-04
9.169169169E+01   2.377545070E-04
9.179179179E+01   2.447092759E-04
9.189189189E+01   2.511174628E-04
9.199199199E+01   2.569897135E-04
9.209209209E+01   2.623367264E-04
9.219219219E+01   2.671692519E-04
9.229229229E+01   2.714980912E-04
9.239239239E+01   2.753340947E-04
9.249249249E+01   2.786881613E-04
9.259259259E+01   2.815712368E-04
9.269269269E+01   2.839943130E-04
9.279279279E+01   2.859684267E-04
9.289289289E+01   2.875046580E-04
9.299299299E+01   2.886141300E-04
9.309309309E+01   2.893080067E-04
9.319319319E+01   2.895974930E-04
9.329329329E+01   2.894938327E-04
9.339339339E+01   2.890083078E-04
9.349349349E+01   2.881522375E-04
9.359359359E+01   2.869369771E-04
9.369369369E+01   2.853739169E-04
9.379379379E+01   2.834744811E-04
9.389389389E+01   2.812501271E-04
9.399399399E+01   2.787123441E-04
9.409409409E+01   2.758726524E-04
9.419419419E+01   2.727426025E-04
9.429429429E+01   2.693337736E-04
9.439439439E+01   2.656577735E-04
9.449449449E+01   2.617262368E-04
9.459459459E+01   2.575508246E-04
9.469469469E+01   2.531432234E-04
9.479479479E+01   2.485151441E-04
9.489489489E+01   2.436783213E-04
9.499499499E+01   2.386445122E-04
9.509509510E+01   2.334254961E-04
9.519519520E+01   2.280330732E-04
9.529529530E+01   2.224790641E-04
9.539539540E+01   2.167753087E-04
9.549549550E+01   2.109336657E-04
9.559559560E+01   2.049660115E-04
9.569569570E+01   1.988842397E-04
9.579579580E+01   1.927002604E-04
9.589589590E+01   1.864259991E-04
9.599599600E+01   1.800733964E-04
9.609609610E+01   1.736544071E-04
9.619619620E+01   1.671809994E-04
9.629629630E+01   1.606651544E-04
9.639639640E+01   1.541188657E-04
9.649649650E+01   1.475541380E-04
9.659659660E+01   1.409829874E-04
9.669669670E+01   1.344174400E-04
9.679679680E+01   1.278695318E-04
9.689689690E+01   1.213513080E-04
9.699699700E+01   1.148748223E-04
9.709709710E+01   1.084521367E-04
9.719719720E+01   1.020953206E-04
9.729729730E+01   9.581645030E-05
9.739739740E+01   8.962760896E-05
9.749749750E+01   8.354088561E-05
9.759759760E+01   7.756837498E-05
9.769769770E+01   7.172217694E-05
9.779779780E+01   6.601439613E-05
9.789789790E+01   6.045714154E-05
9.799799800E+01   5.506252609E-05
9.809809810E+01   4.984266632E-05
9.819819820E+01   4.480968199E-05
9.829829830E+01   3.997569574E-05
9.839839840E+01   3.535283279E-05
9.849849850E+01   3.095322065E-05
9.859859860E+01   2.678898881E-05
9.869869870E+01   2.287226848E-05
9.879879880E+01   1.921519237E-05
9.889889890E+01   1.582989441E-05
9.899899900E+01   1.272850959E-05
9.909909910E+01   9.923173762E-06
9.919919920E+01   7.426023434E-06
9.929929930E+01   5.249195648E-06
9.939939940E+01   3.404827831E-06
9.949949950E+01   1.905057685E-06
9.959959960E+01   7.620230859E-07
9.969969970E+01   -1.213799287E-08
9.979979980E+01   -4.052875386E-07
9.989989990E+01   -4.052875386E-07
1.000000000E+02   0.000000000E+00
