0.000000000E+00   -8.539049142E-01
1.001001001E-01   -8.399049142E-01
2.002002002E-01   -8.260107617E-01
3.003003003E-01   -8.122224568E-01
4.004004004E-01   -7.985399989E-01
5.005005005E-01   -7.849633817E-01
6.006006006E-01   -7.714925928E-01
7.007007007E-01   -7.581276142E-01
8.008008008E-01   -7.448684220E-01
9.009009009E-01   -7.317149862E-01
1.001001001E+00   -7.186672711E-01
1.101101101E+00   -7.057252350E-01
1.201201201E+00   -6.928888303E-01
1.301301301E+00   -6.801580035E-01
1.401401401E+00   -6.675326951E-01
1.501501502E+00   -6.550128398E-01
1.601601602E+00   -6.425983663E-01
1.701701702E+00   -6.302891972E-01
1.801801802E+00   -6.180852494E-01
1.901901902E+00   -6.059864338E-01
2.002002002E+00   -5.939926551E-01
2.102102102E+00   -5.821038123E-01
2.202202202E+00   -5.703197985E-01
2.302302302E+00   -5.586405006E-01
2.402402402E+00   -5.470657997E-01
2.502502503E+00   -5.355955711E-01
2.602602603E+00   -5.242296838E-01
2.702702703E+00   -5.129680012E-01
2.802802803E+00   -5.018103805E-01
2.902902903E+00   -4.907566733E-01
3.003003003E+00   -4.798067249E-01
3.103103103E+00   -4.689603750E-01
3.203203203E+00   -4.582174572E-01
3.303303303E+00   -4.475777994E-01
3.403403403E+00   -4.370412234E-01
3.503503504E+00   -4.266075452E-01
3.603603604E+00   -4.162765750E-01
3.703703704E+00   -4.060481173E-01
3.803803804E+00   -3.959219704E-01
3.903903904E+00   -3.858979270E-01
4.004004004E+00   -3.759757741E-01
4.104104104E+00   -3.661552927E-01
4.204204204E+00   -3.564362583E-01
4.304304304E+00   -3.468184403E-01
4.404404404E+00   -3.373016027E-01
4.504504505E+00   -3.278855035E-01
4.604604605E+00   -3.185698954E-01
4.704704705E+00   -3.093545251E-01
4.804804805E+00   -3.002391338E-01
4.904904905E+00   -2.912234570E-01
5.005005005E+00   -2.823072247E-01
5.105105105E+00   -2.734901613E-01
5.205205205E+00   -2.647719856E-01
5.305305305E+00   -2.561524111E-01
5.405405405E+00   -2.476311455E-01
5.505505506E+00   -2.392078914E-01
5.605605606E+00   -2.308823456E-01
5.705705706E+00   -2.226541997E-01
5.805805806E+00   -2.145231401E-01
5.905905906E+00   -2.064888475E-01
6.006006006E+00   -1.985509977E-01
6.106106106E+00   -1.907092608E-01
6.206206206E+00   -1.829633021E-01
6.306306306E+00   -1.753127814E-01
6.406406406E+00   -1.677573536E-01
6.506506507E+00   -1.602966683E-01
6.606606607E+00   -1.529303699E-01
6.706706707E+00   -1.456580982E-01
6.806806807E+00   -1.384794875E-01
6.906906907E+00   -1.313941675E-01
7.007007007E+00   -1.244017628E-01
7.107107107E+00   -1.175018932E-01
7.207207207E+00   -1.106941737E-01
7.307307307E+00   -1.039782143E-01
7.407407407E+00   -9.735362047E-02
7.507507508E+00   -9.081999297E-02
7.607607608E+00   -8.437692782E-02
7.707707708E+00   -7.802401647E-02
7.807807808E+00   -7.176084581E-02
7.907907908E+00   -6.558699822E-02
8.008008008E+00   -5.950205161E-02
8.108108108E+00   -5.350557949E-02
8.208208208E+00   -4.759715101E-02
8.308308308E+00   -4.177633098E-02
8.408408408E+00   -3.604267999E-02
8.508508509E+00   -3.039575440E-02
8.608608609E+00   -2.483510641E-02
8.708708709E+00   -1.936028413E-02
8.808808809E+00   -1.397083162E-02
8.908908909E+00   -8.666288956E-03
9.009009009E+00   -3.446192265E-03
9.109109109E+00   1.689926203E-03
9.209209209E+00   6.742538022E-03
9.309309309E+00   1.171211853E-02
9.409409409E+00   1.659914678E-02
9.509509510E+00   2.140410548E-02
9.609609610E+00   2.612748092E-02
9.709709710E+00   3.076976292E-02
9.809809810E+00   3.533144480E-02
9.909909910E+00   3.981302327E-02
1.001001001E+01   4.421499839E-02
1.011011011E+01   4.853787354E-02
1.021021021E+01   5.278215529E-02
1.031031031E+01   5.694835342E-02
1.041041041E+01   6.103698078E-02
1.051051051E+01   6.504855329E-02
1.061061061E+01   6.898358983E-02
1.071071071E+01   7.284261221E-02
1.081081081E+01   7.662614508E-02
1.091091091E+01   8.033471588E-02
1.101101101E+01   8.396885478E-02
1.111111111E+01   8.752909461E-02
1.121121121E+01   9.101597077E-02
1.131131131E+01   9.443002121E-02
1.141141141E+01   9.777178633E-02
1.151151151E+01   1.010418089E-01
1.161161161E+01   1.042406341E-01
1.171171171E+01   1.073688093E-01
1.181181181E+01   1.104268840E-01
1.191191191E+01   1.134154100E-01
1.201201201E+01   1.163349410E-01
1.211211211E+01   1.191860327E-01
1.221221221E+01   1.219692429E-01
1.231231231E+01   1.246851311E-01
1.241241241E+01   1.273342586E-01
1.251251251E+01   1.299171884E-01
1.261261261E+01   1.324344852E-01
1.271271271E+01   1.348867152E-01
1.281281281E+01   1.372744464E-01
1.291291291E+01   1.395982478E-01
1.301301301E+01   1.418586900E-01
1.311311311E+01   1.440563451E-01
1.321321321E+01   1.461917860E-01
1.331331331E+01   1.482655872E-01
1.341341341E+01   1.502783241E-01
1.351351351E+01   1.522305729E-01
1.361361361E+01   1.541229113E-01
1.371371371E+01   1.559559174E-01
1.381381381E+01   1.577301705E-01
1.391391391E+01   1.594462502E-01
1.401401401E+01   1.611047373E-01
1.411411411E+01   1.627062128E-01
1.421421421E+01   1.642512586E-01
1.431431431E+01   1.657404568E-01
1.441441441E+01   1.671743900E-01
1.451451451E+01   1.685536411E-01
1.461461461E+01   1.698787935E-01
1.471471471E+01   1.711504306E-01
1.481481481E+01   1.723691359E-01
1.491491491E+01   1.735354930E-01
1.501501502E+01   1.746500858E-01
1.511511512E+01   1.757134977E-01
1.521521522E+01   1.767263122E-01
1.531531532E+01   1.776891126E-01
1.541541542E+01   1.786024819E-01
1.551551552E+01   1.794670028E-01
1.561561562E+01   1.802832576E-01
1.571571572E+01   1.810518281E-01
1.581581582E+01   1.817732956E-01
1.591591592E+01   1.824482408E-01
1.601601602E+01   1.830772438E-01
1.611611612E+01   1.836608839E-01
1.621621622E+01   1.841997398E-01
1.631631632E+01   1.846943890E-01
1.641641642E+01   1.851454084E-01
1.651651652E+01   1.855533739E-01
1.661661662E+01   1.859188602E-01
1.671671672E+01   1.862424411E-01
1.681681682E+01   1.865246890E-01
1.691691692E+01   1.867661753E-01
1.701701702E+01   1.869674700E-01
1.711711712E+01   1.871291419E-01
1.721721722E+01   1.872517582E-01
1.731731732E+01   1.873358848E-01
1.741741742E+01   1.873820860E-01
1.751751752E+01   1.873909245E-01
1.761761762E+01   1.873629614E-01
1.771771772E+01   1.872987562E-01
1.781781782E+01   1.871988666E-01
1.791791792E+01   1.870638483E-01
1.801801802E+01   1.868942554E-01
1.811811812E+01   1.866906399E-01
1.821821822E+01   1.864535521E-01
1.831831832E+01   1.861835400E-01
1.841841842E+01   1.858811496E-01
1.851851852E+01   1.855469249E-01
1.861861862E+01   1.851814076E-01
1.871871872E+01   1.847851372E-01
1.881881882E+01   1.843586510E-01
1.891891892E+01   1.839024839E-01
1.901901902E+01   1.834171685E-01
1.911911912E+01   1.829032349E-01
1.921921922E+01   1.823612107E-01
1.931931932E+01   1.817916212E-01
1.941941942E+01   1.811949889E-01
1.951951952E+01   1.805718339E-01
1.961961962E+01   1.799226734E-01
1.971971972E+01   1.792480223E-01
1.981981982E+01   1.785483923E-01
1.991991992E+01   1.778242927E-01
2.002002002E+01   1.770762298E-01
2.012012012E+01   1.763047071E-01
2.022022022E+01   1.755102252E-01
2.032032032E+01   1.746932816E-01
2.042042042E+01   1.738543711E-01
2.052052052E+01   1.729939853E-01
2.062062062E+01   1.721126128E-01
2.072072072E+01   1.712107392E-01
2.082082082E+01   1.702888466E-01
2.092092092E+01   1.693474145E-01
2.102102102E+01   1.683869187E-01
2.112112112E+01   1.674078320E-01
2.122122122E+01   1.664106241E-01
2.132132132E+01   1.653957609E-01
2.142142142E+01   1.643637056E-01
2.152152152E+01   1.633149175E-01
2.162162162E+01   1.622498527E-01
2.172172172E+01   1.611689641E-01
2.182182182E+01   1.600727007E-01
2.192192192E+01   1.589615084E-01
2.202202202E+01   1.578358294E-01
2.212212212E+01   1.566961025E-01
2.222222222E+01   1.555427627E-01
2.232232232E+01   1.543762417E-01
2.242242242E+01   1.531969674E-01
2.252252252E+01   1.520053640E-01
2.262262262E+01   1.508018523E-01
2.272272272E+01   1.495868491E-01
2.282282282E+01   1.483607678E-01
2.292292292E+01   1.471240177E-01
2.302302302E+01   1.458770048E-01
2.312312312E+01   1.446201310E-01
2.322322322E+01   1.433537945E-01
2.332332332E+01   1.420783897E-01
2.342342342E+01   1.407943072E-01
2.352352352E+01   1.395019336E-01
2.362362362E+01   1.382016519E-01
2.372372372E+01   1.368938410E-01
2.382382382E+01   1.355788760E-01
2.392392392E+01   1.342571281E-01
2.402402402E+01   1.329289646E-01
2.412412412E+01   1.315947488E-01
2.422422422E+01   1.302548400E-01
2.432432432E+01   1.289095937E-01
2.442442442E+01   1.275593614E-01
2.452452452E+01   1.262044904E-01
2.462462462E+01   1.248453244E-01
2.472472472E+01   1.234822026E-01
2.482482482E+01   1.221154608E-01
2.492492492E+01   1.207454302E-01
2.502502503E+01   1.193724383E-01
2.512512513E+01   1.179968086E-01
2.522522523E+01   1.166188603E-01
2.532532533E+01   1.152389089E-01
2.542542543E+01   1.138572656E-01
2.552552553E+01   1.124742376E-01
2.562562563E+01   1.110901282E-01
2.572572573E+01   1.097052364E-01
2.582582583E+01   1.083198573E-01
2.592592593E+01   1.069342820E-01
2.602602603E+01   1.055487974E-01
2.612612613E+01   1.041636863E-01
2.622622623E+01   1.027792277E-01
2.632632633E+01   1.013956964E-01
2.642642643E+01   1.000133630E-01
2.652652653E+01   9.863249428E-02
2.662662663E+01   9.725335282E-02
2.672672673E+01   9.587619725E-02
2.682682683E+01   9.450128209E-02
2.692692693E+01   9.312885787E-02
2.702702703E+01   9.175917108E-02
2.712712713E+01   9.039246416E-02
2.722722723E+01   8.902897558E-02
2.732732733E+01   8.766893977E-02
2.742742743E+01   8.631258715E-02
2.752752753E+01   8.496014417E-02
2.762762763E+01   8.361183329E-02
2.772772773E+01   8.226787299E-02
2.782782783E+01   8.092847778E-02
2.792792793E+01   7.959385824E-02
2.802802803E+01   7.826422098E-02
2.812812813E+01   7.693976870E-02
2.822822823E+01   7.562070016E-02
2.832832833E+01   7.430721023E-02
2.842842843E+01   7.299948989E-02
2.852852853E+01   7.169772624E-02
2.862862863E+01   7.040210251E-02
2.872872873E+01   6.911279807E-02
2.882882883E+01   6.782998848E-02
2.892892893E+01   6.655384546E-02
2.902902903E+01   6.528453695E-02
2.912912913E+01   6.402222710E-02
2.922922923E+01   6.276707627E-02
2.932932933E+01   6.151924109E-02
2.942942943E+01   6.027887445E-02
2.952952953E+01   5.904612555E-02
2.962962963E+01   5.782113985E-02
2.972972973E+01   5.660405919E-02
2.982982983E+01   5.539502171E-02
2.992992993E+01   5.419416194E-02
3.003003003E+01   5.300161079E-02
3.013013013E+01   5.181749558E-02
3.023023023E+01   5.064194006E-02
3.033033033E+01   4.947506442E-02
3.043043043E+01   4.831698535E-02
3.053053053E+01   4.716781601E-02
3.063063063E+01   4.602766609E-02
3.073073073E+01   4.489664183E-02
3.083083083E+01   4.377484603E-02
3.093093093E+01   4.266237809E-02
3.103103103E+01   4.155933402E-02
3.113113113E+01   4.046580646E-02
3.123123123E+01   3.938188474E-02
3.133133133E+01   3.830765488E-02
3.143143143E+01   3.724319960E-02
3.153153153E+01   3.618859837E-02
3.163163163E+01   3.514392745E-02
3.173173173E+01   3.410925988E-02
3.183183183E+01   3.308466553E-02
3.193193193E+01   3.207021113E-02
3.203203203E+01   3.106596028E-02
3.213213213E+01   3.007197349E-02
3.223223223E+01   2.908830822E-02
3.233233233E+01   2.811501888E-02
3.243243243E+01   2.715215690E-02
3.253253253E+01   2.619977069E-02
3.263263263E+01   2.525790575E-02
3.273273273E+01   2.432660466E-02
3.283283283E+01   2.340590709E-02
3.293293293E+01   2.249584987E-02
3.303303303E+01   2.159646701E-02
3.313313313E+01   2.070778969E-02
3.323323323E+01   1.982984637E-02
3.333333333E+01   1.896266273E-02
3.343343343E+01   1.810626177E-02
3.353353353E+01   1.726066381E-02
3.363363363E+01   1.642588654E-02
3.373373373E+01   1.560194501E-02
3.383383383E+01   1.478885171E-02
3.393393393E+01   1.398661659E-02
3.403403403E+01   1.319524706E-02
3.413413413E+01   1.241474808E-02
3.423423423E+01   1.164512212E-02
3.433433433E+01   1.088636925E-02
3.443443443E+01   1.013848717E-02
3.453453453E+01   9.401471182E-03
3.463463463E+01   8.675314305E-03
3.473473473E+01   7.960007248E-03
3.483483483E+01   7.255538469E-03
3.493493493E+01   6.561894202E-03
3.503503504E+01   5.879058487E-03
3.513513514E+01   5.207013206E-03
3.523523524E+01   4.545738117E-03
3.533533534E+01   3.895210883E-03
3.543543544E+01   3.255407108E-03
3.553553554E+01   2.626300369E-03
3.563563564E+01   2.007862249E-03
3.573573574E+01   1.400062371E-03
3.583583584E+01   8.028684297E-04
3.593593594E+01   2.162462254E-04
3.603603604E+01   -3.598403036E-04
3.613613614E+01   -9.254290470E-04
3.623623624E+01   -1.480559690E-03
3.633633634E+01   -2.025273681E-03
3.643643644E+01   -2.559614197E-03
3.653653654E+01   -3.083626111E-03
3.663663664E+01   -3.597355962E-03
3.673673674E+01   -4.100851918E-03
3.683683684E+01   -4.594163744E-03
3.693693694E+01   -5.077342773E-03
3.703703704E+01   -5.550441867E-03
3.713713714E+01   -6.013515392E-03
3.723723724E+01   -6.466619179E-03
3.733733734E+01   -6.909810494E-03
3.743743744E+01   -7.343148006E-03
3.753753754E+01   -7.766691755E-03
3.763763764E+01   -8.180503118E-03
3.773773774E+01   -8.584644780E-03
3.783783784E+01   -8.979180698E-03
3.793793794E+01   -9.364176074E-03
3.803803804E+01   -9.739697318E-03
3.813813814E+01   -1.010581202E-02
3.823823824E+01   -1.046258892E-02
3.833833834E+01   -1.081009788E-02
3.843843844E+01   -1.114840983E-02
3.853853854E+01   -1.147759677E-02
3.863863864E+01   -1.179773171E-02
3.873873874E+01   -1.210888867E-02
3.883883884E+01   -1.241114263E-02
3.893893894E+01   -1.270456948E-02
3.903903904E+01   -1.298924603E-02
3.913913914E+01   -1.326524997E-02
3.923923924E+01   -1.353265982E-02
3.933933934E+01   -1.379155490E-02
3.943943944E+01   -1.404201534E-02
3.953953954E+01   -1.428412201E-02
3.963963964E+01   -1.451795649E-02
3.973973974E+01   -1.474360110E-02
3.983983984E+01   -1.496113877E-02
3.993993994E+01   -1.517065311E-02
4.004004004E+01   -1.537222832E-02
4.014014014E+01   -1.556594921E-02
4.024024024E+01   -1.575190110E-02
4.034034034E+01   -1.593016988E-02
4.044044044E+01   -1.610084192E-02
4.054054054E+01   -1.626400407E-02
4.064064064E+01   -1.641974361E-02
4.074074074E+01   -1.656814825E-02
4.084084084E+01   -1.670930612E-02
4.094094094E+01   -1.684330566E-02
4.104104104E+01   -1.697023571E-02
4.114114114E+01   -1.709018539E-02
4.124124124E+01   -1.720324412E-02
4.134134134E+01   -1.730950158E-02
4.144144144E+01   -1.740904770E-02
4.154154154E+01   -1.750197263E-02
4.164164164E+01   -1.758836669E-02
4.174174174E+01   -1.766832039E-02
4.184184184E+01   -1.774192437E-02
4.194194194E+01   -1.780926939E-02
4.204204204E+01   -1.787044633E-02
4.214214214E+01   -1.792554612E-02
4.224224224E+01   -1.797465975E-02
4.234234234E+01   -1.801787823E-02
4.244244244E+01   -1.805529259E-02
4.254254254E+01   -1.808699385E-02
4.264264264E+01   -1.811307297E-02
4.274274274E+01   -1.813362088E-02
4.284284284E+01   -1.814872841E-02
4.294294294E+01   -1.815848632E-02
4.304304304E+01   -1.816298521E-02
4.314314314E+01   -1.816231557E-02
4.324324324E+01   -1.815656773E-02
4.334334334E+01   -1.814583184E-02
4.344344344E+01   -1.813019783E-02
4.354354354E+01   -1.810975545E-02
4.364364364E+01   -1.808459418E-02
4.374374374E+01   -1.805480328E-02
4.384384384E+01   -1.802047172E-02
4.394394394E+01   -1.798168817E-02
4.404404404E+01   -1.793854103E-02
4.414414414E+01   -1.789111835E-02
4.424424424E+01   -1.783950784E-02
4.434434434E+01   -1.778379686E-02
4.444444444E+01   -1.772407241E-02
4.454454454E+01   -1.766042108E-02
4.464464464E+01   -1.759292907E-02
4.474474474E+01   -1.752168216E-02
4.484484484E+01   -1.744676570E-02
4.494494494E+01   -1.736826457E-02
4.504504505E+01   -1.728626323E-02
4.514514515E+01   -1.720084562E-02
4.524524525E+01   -1.711209522E-02
4.534534535E+01   -1.702009499E-02
4.544544545E+01   -1.692492739E-02
4.554554555E+01   -1.682667433E-02
4.564564565E+01   -1.672541720E-02
4.574574575E+01   -1.662123681E-02
4.584584585E+01   -1.651421345E-02
4.594594595E+01   -1.640442678E-02
4.604604605E+01   -1.629195590E-02
4.614614615E+01   -1.617687931E-02
4.624624625E+01   -1.605927491E-02
4.634634635E+01   -1.593921995E-02
4.644644645E+01   -1.581679107E-02
4.654654655E+01   -1.569206428E-02
4.664664665E+01   -1.556511491E-02
4.674674675E+01   -1.543601767E-02
4.684684685E+01   -1.530484657E-02
4.694694695E+01   -1.517167495E-02
4.704704705E+01   -1.503657549E-02
4.714714715E+01   -1.489962015E-02
4.724724725E+01   -1.476088019E-02
4.734734735E+01   -1.462042619E-02
4.744744745E+01   -1.447832798E-02
4.754754755E+01   -1.433465470E-02
4.764764765E+01   -1.418947474E-02
4.774774775E+01   -1.404285575E-02
4.784784785E+01   -1.389486467E-02
4.794794795E+01   -1.374556767E-02
4.804804805E+01   -1.359503017E-02
4.814814815E+01   -1.344331682E-02
4.824824825E+01   -1.329049154E-02
4.834834835E+01   -1.313661746E-02
4.844844845E+01   -1.298175694E-02
4.854854855E+01   -1.282597156E-02
4.864864865E+01   -1.266932214E-02
4.874874875E+01   -1.251186869E-02
4.884884885E+01   -1.235367045E-02
4.894894895E+01   -1.219478586E-02
4.904904905E+01   -1.203527257E-02
4.914914915E+01   -1.187518744E-02
4.924924925E+01   -1.171458652E-02
4.934934935E+01   -1.155352506E-02
4.944944945E+01   -1.139205751E-02
4.954954955E+01   -1.123023751E-02
4.964964965E+01   -1.106811792E-02
4.974974975E+01   -1.090575074E-02
4.984984985E+01   -1.074318721E-02
4.994994995E+01   -1.058047774E-02
5.005005005E+01   -1.041767192E-02
5.015015015E+01   -1.025481854E-02
5.025025025E+01   -1.009196558E-02
5.035035035E+01   -9.929160198E-03
5.045045045E+01   -9.766448758E-03
5.055055055E+01   -9.603876797E-03
5.065065065E+01   -9.441489046E-03
5.075075075E+01   -9.279329429E-03
5.085085085E+01   -9.117441058E-03
5.095095095E+01   -8.955866239E-03
5.105105105E+01   -8.794646471E-03
5.115115115E+01   -8.633822450E-03
5.125125125E+01   -8.473434068E-03
5.135135135E+01   -8.313520415E-03
5.145145145E+01   -8.154119783E-03
5.155155155E+01   -7.995269668E-03
5.165165165E+01   -7.837006771E-03
5.175175175E+01   -7.679367003E-03
5.185185185E+01   -7.522385483E-03
5.195195195E+01   -7.366096548E-03
5.205205205E+01   -7.210533750E-03
5.215215215E+01   -7.055729863E-03
5.225225225E+01   -6.901716883E-03
5.235235235E+01   -6.748526037E-03
5.245245245E+01   -6.596187782E-03
5.255255255E+01   -6.444731808E-03
5.265265265E+01   -6.294187049E-03
5.275275275E+01   -6.144581678E-03
5.285285285E+01   -5.995943120E-03
5.295295295E+01   -5.848298051E-03
5.305305305E+01   -5.701672401E-03
5.315315315E+01   -5.556091368E-03
5.325325325E+01   -5.411579410E-03
5.335335335E+01   -5.268160262E-03
5.345345345E+01   -5.125856932E-03
5.355355355E+01   -4.984691713E-03
5.365365365E+01   -4.844686182E-03
5.375375375E+01   -4.705861212E-03
5.385385385E+01   -4.568236971E-03
5.395395395E+01   -4.431832935E-03
5.405405405E+01   -4.296667886E-03
5.415415415E+01   -4.162759924E-03
5.425425425E+01   -4.030126470E-03
5.435435435E+01   -3.898784272E-03
5.445445445E+01   -3.768749413E-03
5.455455455E+01   -3.640037314E-03
5.465465465E+01   -3.512662746E-03
5.475475475E+01   -3.386639830E-03
5.485485485E+01   -3.261982046E-03
5.495495495E+01   -3.138702243E-03
5.505505506E+01   -3.016812640E-03
5.515515516E+01   -2.896324836E-03
5.525525526E+01   -2.777249816E-03
5.535535536E+01   -2.659597958E-03
5.545545546E+01   -2.543379041E-03
5.555555556E+01   -2.428602249E-03
5.565565566E+01   -2.315276182E-03
5.575575576E+01   -2.203408859E-03
5.585585586E+01   -2.093007729E-03
5.595595596E+01   -1.984079676E-03
5.605605606E+01   -1.876631025E-03
5.615615616E+01   -1.770667554E-03
5.625625626E+01   -1.666194495E-03
5.635635636E+01   -1.563216548E-03
5.645645646E+01   -1.461737882E-03
5.655655656E+01   -1.361762148E-03
5.665665666E+01   -1.263292483E-03
5.675675676E+01   -1.166331519E-03
5.685685686E+01   -1.070881389E-03
5.695695696E+01   -9.769437367E-04
5.705705706E+01   -8.845197235E-04
5.715715716E+01   -7.936100348E-04
5.725725726E+01   -7.042148888E-04
5.735735736E+01   -6.163340439E-04
5.745745746E+01   -5.299668063E-04
5.755755756E+01   -4.451120377E-04
5.765765766E+01   -3.617681630E-04
5.775775776E+01   -2.799331779E-04
5.785785786E+01   -1.996046566E-04
5.795795796E+01   -1.207797596E-04
5.805805806E+01   -4.345524135E-05
5.815815816E+01   3.237254229E-05
5.825825826E+01   1.067076260E-04
5.835835836E+01   1.795544278E-04
5.845845846E+01   2.509177406E-04
5.855855856E+01   3.208027256E-04
5.865865866E+01   3.892149037E-04
5.875875876E+01   4.561601486E-04
5.885885886E+01   5.216446785E-04
5.895895896E+01   5.856750492E-04
5.905905906E+01   6.482581460E-04
5.915915916E+01   7.094011765E-04
5.925925926E+01   7.691116627E-04
5.935935936E+01   8.273974342E-04
5.945945946E+01   8.842666197E-04
5.955955956E+01   9.397276405E-04
5.965965966E+01   9.937892026E-04
5.975975976E+01   1.046460289E-03
5.985985986E+01   1.097750155E-03
5.995995996E+01   1.147668315E-03
6.006006006E+01   1.196224541E-03
6.016016016E+01   1.243428855E-03
6.026026026E+01   1.289291516E-03
6.036036036E+01   1.333823021E-03
6.046046046E+01   1.377034091E-03
6.056056056E+01   1.418935669E-03
6.066066066E+01   1.459538909E-03
6.076076076E+01   1.498855172E-03
6.086086086E+01   1.536896017E-03
6.096096096E+01   1.573673195E-03
6.106106106E+01   1.609198645E-03
6.116116116E+01   1.643484480E-03
6.126126126E+01   1.676542988E-03
6.136136136E+01   1.708386620E-03
6.146146146E+01   1.739027989E-03
6.156156156E+01   1.768479855E-03
6.166166166E+01   1.796755128E-03
6.176176176E+01   1.823866855E-03
6.186186186E+01   1.849828215E-03
6.196196196E+01   1.874652516E-03
6.206206206E+01   1.898353183E-03
6.216216216E+01   1.920943757E-03
6.226226226E+01   1.942437887E-03
6.236236236E+01   1.962849323E-03
6.246246246E+01   1.982191912E-03
6.256256256E+01   2.000479590E-03
6.266266266E+01   2.017726377E-03
6.276276276E+01   2.033946371E-03
6.286286286E+01   2.049153746E-03
6.296296296E+01   2.063362738E-03
6.306306306E+01   2.076587648E-03
6.316316316E+01   2.088842831E-03
6.326326326E+01   2.100142694E-03
6.336336336E+01   2.110501689E-03
6.346346346E+01   2.119934306E-03
6.356356356E+01   2.128455073E-03
6.366366366E+01   2.136078544E-03
6.376376376E+01   2.142819299E-03
6.386386386E+01   2.148691939E-03
6.396396396E+01   2.153711077E-03
6.406406406E+01   2.157891338E-03
6.416416416E+01   2.161247349E-03
6.426426426E+01   2.163793741E-03
6.436436436E+01   2.165545137E-03
6.446446446E+01   2.166516155E-03
6.456456456E+01   2.166721396E-03
6.466466466E+01   2.166175446E-03
6.476476476E+01   2.164892867E-03
6.486486486E+01   2.162888196E-03
6.496496496E+01   2.160175939E-03
6.506506507E+01   2.156770569E-03
6.516516517E+01   2.152686517E-03
6.526526527E+01   2.147938175E-03
6.536536537E+01   2.142539887E-03
6.546546547E+01   2.136505949E-03
6.556556557E+01   2.129850600E-03
6.566566567E+01   2.122588025E-03
6.576576577E+01   2.114732346E-03
6.586586587E+01   2.106297621E-03
6.596596597E+01   2.097297841E-03
6.606606607E+01   2.087746926E-03
6.616616617E+01   2.077658720E-03
6.626626627E+01   2.067046993E-03
6.636636637E+01   2.055925430E-03
6.646646647E+01   2.044307636E-03
6.656656657E+01   2.032207129E-03
6.666666667E+01   2.019637337E-03
6.676676677E+01   2.006611597E-03
6.686686687E+01   1.993143148E-03
6.696696697E+01   1.979245137E-03
6.706706707E+01   1.964930607E-03
6.716716717E+01   1.950212499E-03
6.726726727E+01   1.935103651E-03
6.736736737E+01   1.919616792E-03
6.746746747E+01   1.903764543E-03
6.756756757E+01   1.887559413E-03
6.766766767E+01   1.871013797E-03
6.776776777E+01   1.854139974E-03
6.786786787E+01   1.836950105E-03
6.796796797E+01   1.819456233E-03
6.806806807E+01   1.801670279E-03
6.816816817E+01   1.783604039E-03
6.826826827E+01   1.765269185E-03
6.836836837E+01   1.746677264E-03
6.846846847E+01   1.727839693E-03
6.856856857E+01   1.708767761E-03
6.866866867E+01   1.689472623E-03
6.876876877E+01   1.669965305E-03
6.886886887E+01   1.650256697E-03
6.896896897E+01   1.630357555E-03
6.906906907E+01   1.610278500E-03
6.916916917E+01   1.590030013E-03
6.926926927E+01   1.569622439E-03
6.936936937E+01   1.549065984E-03
6.946946947E+01   1.528370711E-03
6.956956957E+01   1.507546545E-03
6.966966967E+01   1.486603269E-03
6.976976977E+01   1.465550521E-03
6.986986987E+01   1.444397799E-03
6.996996997E+01   1.423154454E-03
7.007007007E+01   1.401829696E-03
7.017017017E+01   1.380432587E-03
7.027027027E+01   1.358972045E-03
7.037037037E+01   1.337456842E-03
7.047047047E+01   1.315895605E-03
7.057057057E+01   1.294296814E-03
7.067067067E+01   1.272668800E-03
7.077077077E+01   1.251019752E-03
7.087087087E+01   1.229357708E-03
7.097097097E+01   1.207690561E-03
7.107107107E+01   1.186026055E-03
7.117117117E+01   1.164371790E-03
7.127127127E+01   1.142735217E-03
7.137137137E+01   1.121123641E-03
7.147147147E+01   1.099544219E-03
7.157157157E+01   1.078003963E-03
7.167167167E+01   1.056509739E-03
7.177177177E+01   1.035068265E-03
7.187187187E+01   1.013686116E-03
7.197197197E+01   9.923697201E-04
7.207207207E+01   9.711253612E-04
7.217217217E+01   9.499591790E-04
7.227227227E+01   9.288771692E-04
7.237237237E+01   9.078851845E-04
7.247247247E+01   8.869889346E-04
7.257257257E+01   8.661939875E-04
7.267267267E+01   8.455057697E-04
7.277277277E+01   8.249295669E-04
7.287287287E+01   8.044705249E-04
7.297297297E+01   7.841336505E-04
7.307307307E+01   7.639238119E-04
7.317317317E+01   7.438457398E-04
7.327327327E+01   7.239040283E-04
7.337337337E+01   7.041031355E-04
7.347347347E+01   6.844473848E-04
7.357357357E+01   6.649409657E-04
7.367367367E+01   6.455879348E-04
7.377377377E+01   6.263922165E-04
7.387387387E+01   6.073576046E-04
7.397397397E+01   5.884877631E-04
7.407407407E+01   5.697862272E-04
7.417417417E+01   5.512564044E-04
7.427427427E+01   5.329015760E-04
7.437437437E+01   5.147248978E-04
7.447447447E+01   4.967294016E-04
7.457457457E+01   4.789179962E-04
7.467467467E+01   4.612934690E-04
7.477477477E+01   4.438584867E-04
7.487487487E+01   4.266155971E-04
7.497497497E+01   4.095672299E-04
7.507507508E+01   3.927156986E-04
7.517517518E+01   3.760632013E-04
7.527527528E+01   3.596118221E-04
7.537537538E+01   3.433635330E-04
7.547547548E+01   3.273201944E-04
7.557557558E+01   3.114835574E-04
7.567567568E+01   2.958552645E-04
7.577577578E+01   2.804368513E-04
7.587587588E+01   2.652297479E-04
7.597597598E+01   2.502352806E-04
7.607607608E+01   2.354546728E-04
7.617617618E+01   2.208890469E-04
7.627627628E+01   2.065394256E-04
7.637637638E+01   1.924067335E-04
7.647647648E+01   1.784917984E-04
7.657657658E+01   1.647953530E-04
7.667667668E+01   1.513180362E-04
7.677677678E+01   1.380603949E-04
7.687687688E+01   1.250228852E-04
7.697697698E+01   1.122058741E-04
7.707707708E+01   9.960964089E-05
7.717717718E+01   8.723437901E-05
7.727727728E+01   7.508019718E-05
7.737737738E+01   6.314712116E-05
7.747747748E+01   5.143509524E-05
7.757757758E+01   3.994398380E-05
7.767767768E+01   2.867357282E-05
7.777777778E+01   1.762357145E-05
7.787787788E+01   6.793613537E-06
7.797797798E+01   -3.816740806E-06
7.807807808E+01   -1.420800369E-05
7.817817818E+01   -2.438075789E-05
7.827827828E+01   -3.433565531E-05
7.837837838E+01   -4.407341546E-05
7.847847848E+01   -5.359482388E-05
7.857857858E+01   -6.290073068E-05
7.867867868E+01   -7.199204894E-05
7.877877878E+01   -8.086975325E-05
7.887887888E+01   -8.953487815E-05
7.897897898E+01   -9.798851666E-05
7.907907908E+01   -1.062318187E-04
7.917917918E+01   -1.142659897E-04
7.927927928E+01   -1.220922891E-04
7.937937938E+01   -1.297120286E-04
7.947947948E+01   -1.371265712E-04
7.957957958E+01   -1.443373291E-04
7.967967968E+01   -1.513457629E-04
7.977977978E+01   -1.581533795E-04
7.987987988E+01   -1.647617312E-04
7.997997998E+01   -1.711724140E-04
8.008008008E+01   -1.773870660E-04
8.018018018E+01   -1.834073666E-04
8.028028028E+01   -1.892350343E-04
8.038038038E+01   -1.948718258E-04
8.048048048E+01   -2.003195347E-04
8.058058058E+01   -2.055799898E-04
8.068068068E+01   -2.106550539E-04
8.078078078E+01   -2.155466224E-04
8.088088088E+01   -2.202566220E-04
8.098098098E+01   -2.247870096E-04
8.108108108E+01   -2.291397704E-04
8.118118118E+01   -2.333169174E-04
8.128128128E+01   -2.373204894E-04
8.138138138E+01   -2.411525501E-04
8.148148148E+01   -2.448151869E-04
8.158158158E+01   -2.483105092E-04
8.168168168E+01   -2.516406479E-04
8.178178178E+01   -2.548077536E-04
8.188188188E+01   -2.578139955E-04
8.198198198E+01   -2.606615606E-04
8.208208208E+01   -2.633526520E-04
8.218218218E+01   -2.658894880E-04
8.228228228E+01   -2.682743011E-04
8.238238238E+01   -2.705093366E-04
8.248248248E+01   -2.725968518E-04
8.258258258E+01   -2.745391146E-04
8.268268268E+01   -2.763384026E-04
8.278278278E+01   -2.779970020E-04
8.288288288E+01   -2.795172066E-04
8.298298298E+01   -2.809013167E-04
8.308308308E+01   -2.821516383E-04
8.318318318E+01   -2.832704818E-04
8.328328328E+01   -2.842601611E-04
8.338338338E+01   -2.851229930E-04
8.348348348E+01   -2.858612957E-04
8.358358358E+01   -2.864773883E-04
8.368368368E+01   -2.869735897E-04
8.378378378E+01   -2.873522179E-04
8.388388388E+01   -2.876155887E-04
8.398398398E+01   -2.877660155E-04
8.408408408E+01   -2.878058078E-04
8.418418418E+01   -2.877372708E-04
8.428428428E+01   -2.875627046E-04
8.438438438E+01   -2.872844030E-04
8.448448448E+01   -2.869046533E-04
8.458458458E+01   -2.864257352E-04
8.468468468E+01   -2.858499201E-04
8.478478478E+01   -2.851794705E-04
8.488488488E+01   -2.844166391E-04
8.498498498E+01   -2.835636684E-04
8.508508509E+01   -2.826227899E-04
8.518518519E+01   -2.815962233E-04
8.528528529E+01   -2.804861761E-04
8.538538539E+01   -2.792948429E-04
8.548548549E+01   -2.780244050E-04
8.558558559E+01   -2.766770292E-04
8.568568569E+01   -2.752548682E-04
8.578578579E+01   -2.737600591E-04
8.588588589E+01   -2.721947236E-04
8.598598599E+01   -2.705609670E-04
8.608608609E+01   -2.688608782E-04
8.618618619E+01   -2.670965286E-04
8.628628629E+01   -2.652699723E-04
8.638638639E+01   -2.633832451E-04
8.648648649E+01   -2.614383643E-04
8.658658659E+01   -2.594373287E-04
8.668668669E+01   -2.573821173E-04
8.678678679E+01   -2.552746899E-04
8.688688689E+01   -2.531169859E-04
8.698698699E+01   -2.509109246E-04
8.708708709E+01   -2.486584047E-04
8.718718719E+01   -2.463613035E-04
8.728728729E+01   -2.440214775E-04
8.738738739E+01   -2.416407612E-04
8.748748749E+01   -2.392209677E-04
8.758758759E+01   -2.367638876E-04
8.768768769E+01   -2.342712896E-04
8.778778779E+01   -2.317449194E-04
8.788788789E+01   -2.291865005E-04
8.798798799E+01   -2.265977330E-04
8.808808809E+01   -2.239802941E-04
8.818818819E+01   -2.213358379E-04
8.828828829E+01   -2.186659947E-04
8.838838839E+01   -2.159723717E-04
8.848848849E+01   -2.132565522E-04
8.858858859E+01   -2.105200957E-04
8.868868869E+01   -2.077645381E-04
8.878878879E+01   -2.049913910E-04
8.888888889E+01   -2.022021424E-04
8.898898899E+01   -1.993982559E-04
8.908908909E+01   -1.965811714E-04
8.918918919E+01   -1.937523044E-04
8.928928929E+01   -1.909130463E-04
8.938938939E+01   -1.880647645E-04
8.948948949E+01   -1.852088023E-04
8.958958959E+01   -1.823464788E-04
8.968968969E+01   -1.794790892E-04
8.978978979E+01   -1.766079044E-04
8.988988989E+01   -1.737341718E-04
8.998998999E+01   -1.708591146E-04
9.009009009E+01   -1.679839323E-04
9.019019019E+01   -1.651098007E-04
9.029029029E+01   -1.622378719E-04
9.039039039E+01   -1.593692746E-04
9.049049049E+01   -1.565051142E-04
9.059059059E+01   -1.536464728E-04
9.069069069E+01   -1.507944092E-04
9.079079079E+01   -1.479499595E-04
9.089089089E+01   -1.451141370E-04
9.099099099E+01   -1.422879322E-04
9.109109109E+01   -1.394723134E-04
9.119119119E+01   -1.366682264E-04
9.129129129E+01   -1.338765951E-04
9.139139139E+01   -1.310983214E-04
9.149149149E+01   -1.283342857E-04
9.159159159E+01   -1.255853468E-04
9.169169169E+01   -1.228523426E-04
9.179179179E+01   -1.201360895E-04
9.189189189E+01   -1.174373837E-04
9.199199199E+01   -1.147570006E-04
9.209209209E+01   -1.120956954E-04
9.219219219E+01   -1.094542034E-04
9.229229229E+01   -1.068332402E-04
9.239239239E+01   -1.042335017E-04
9.249249249E+01   -1.016556651E-04
9.259259259E+01   -9.910038826E-05
9.269269269E+01   -9.656831069E-05
9.279279279E+01   -9.406005353E-05
9.289289289E+01   -9.157621991E-05
9.299299299E+01   -8.911739524E-05
9.309309309E+01   -8.668414755E-05
9.319319319E+01   -8.427702776E-05
9.329329329E+01   -8.189657000E-05
9.339339339E+01   -7.954329196E-05
9.349349349E+01   -7.721769515E-05
9.359359359E+01   -7.492026528E-05
9.369369369E+01   -7.265147256E-05
9.379379379E+01   -7.041177200E-05
9.389389389E+01   -6.820160380E-05
9.399399399E+01   -6.602139364E-05
9.409409409E+01   -6.387155303E-05
9.419419419E+01   -6.175247961E-05
9.429429429E+01   -5.966455756E-05
9.439439439E+01   -5.760815787E-05
9.449449449E+01   -5.558363869E-05
9.459459459E+01   -5.359134571E-05
9.469469469E+01   -5.163161245E-05
9.479479479E+01   -4.970476063E-05
9.489489489E+01   -4.781110049E-05
9.499499499E+01   -4.595093116E-05
9.509509510E+01   -4.412454096E-05
9.519519520E+01   -4.233220775E-05
9.529529530E+01   -4.057419930E-05
9.539539540E+01   -3.885077357E-05
9.549549550E+01   -3.716217907E-05
9.559559560E+01   -3.550865522E-05
9.569569570E+01   -3.389043262E-05
9.579579580E+01   -3.230773344E-05
9.589589590E+01   -3.076077168E-05
9.599599600E+01   -2.924975356E-05
9.609609610E+01   -2.777487779E-05
9.619619620E+01   -2.633633591E-05
9.629629630E+01   -2.493431257E-05
9.639639640E+01   -2.356898589E-05
9.649649650E+01   -2.224052773E-05
9.659659660E+01   -2.094910399E-05
9.669669670E+01   -1.969487492E-05
9.679679680E+01   -1.847799540E-05
9.689689690E+01   -1.729861524E-05
9.699699700E+01   -1.615687943E-05
9.709709710E+01   -1.505292847E-05
9.719719720E+01   -1.398689857E-05
9.729729730E+01   -1.295892197E-05
9.739739740E+01   -1.196912719E-05
9.749749750E+01   -1.101763924E-05
9.759759760E+01   -1.010457991E-05
9.769769770E+01   -9.230068007E-06
9.779779780E+01   -8.394219542E-06
9.789789790E+01   -7.597147999E-06
9.799799800E+01   -6.838964529E-06
9.809809810E+01   -6.119778163E-06
9.819819820E+01   -5.439696008E-06
9.829829830E+01   -4.798823446E-06
9.839839840E+01   -4.197264307E-06
9.849849850E+01   -3.635121050E-06
9.859859860E+01   -3.112494926E-06
9.869869870E+01   -2.629486132E-06
9.879879880E+01   -2.186193958E-06
9.889889890E+01   -1.782716924E-06
9.899899900E+01   -1.419152906E-06
9.909909910E+01   -1.095599250E-06
9.919919920E+01   -8.121528791E-07
9.929929930E+01   -5.689103892E-07
9.939939940E+01   -3.659681301E-07
9.949949950E+01   -2.034222796E-07
9.959959960E+01   -8.136890407E-08
9.969969970E+01   9.599235471E-11
9.979979980E+01   4.087643036E-08
9.989989990E+01   4.087643039E-08
1.000000000E+02   0.000000000E+00
