0.000000000E+00   -1.259873136E+00
1.001001001E-01   -1.245873136E+00
2.002002002E-01   -1.231943657E+00
3.003003003E-01   -1.218084700E+00
4.004004004E-01   -1.204296263E+00
5.005005005E-01   -1.190578342E+00
6.006006006E-01   -1.176930932E+00
7.007007007E-01   -1.163354025E+00
8.008008008E-01   -1.149847614E+00
9.009009009E-01   -1.136411686E+00
1.001001001E+00   -1.123046229E+00
1.101101101E+00   -1.109751228E+00
1.201201201E+00   -1.096526668E+00
1.301301301E+00   -1.083372529E+00
1.401401401E+00   -1.070288793E+00
1.501501502E+00   -1.057275435E+00
1.601601602E+00   -1.044332434E+00
1.701701702E+00   -1.031459764E+00
1.801801802E+00   -1.018657396E+00
1.901901902E+00   -1.005925302E+00
2.002002002E+00   -9.932634510E-01
2.102102102E+00   -9.806718097E-01
2.202202202E+00   -9.681503435E-01
2.302302302E+00   -9.556990158E-01
2.402402402E+00   -9.433177884E-01
2.502502503E+00   -9.310066210E-01
2.602602603E+00   -9.187654716E-01
2.702702703E+00   -9.065942964E-01
2.802802803E+00   -8.944930499E-01
2.902902903E+00   -8.824616845E-01
3.003003003E+00   -8.705001512E-01
3.103103103E+00   -8.586083988E-01
3.203203203E+00   -8.467863746E-01
3.303303303E+00   -8.350340239E-01
3.403403403E+00   -8.233512904E-01
3.503503504E+00   -8.117381158E-01
3.603603604E+00   -8.001944402E-01
3.703703704E+00   -7.887202018E-01
3.803803804E+00   -7.773153371E-01
3.903903904E+00   -7.659797807E-01
4.004004004E+00   -7.547134657E-01
4.104104104E+00   -7.435163231E-01
4.204204204E+00   -7.323882824E-01
4.304304304E+00   -7.213292711E-01
4.404404404E+00   -7.103392152E-01
4.504504505E+00   -6.994180389E-01
4.604604605E+00   -6.885656644E-01
4.704704705E+00   -6.777820125E-01
4.804804805E+00   -6.670670020E-01
4.904904905E+00   -6.564205502E-01
5.005005005E+00   -6.458425725E-01
5.105105105E+00   -6.353329826E-01
5.205205205E+00   -6.248916925E-01
5.305305305E+00   -6.145186126E-01
5.405405405E+00   -6.042136515E-01
5.505505506E+00   -5.939767160E-01
5.605605606E+00   -5.838077113E-01
5.705705706E+00   -5.737065410E-01
5.805805806E+00   -5.636731069E-01
5.905905906E+00   -5.537073091E-01
6.006006006E+00   -5.438090461E-01
6.106106106E+00   -5.339782147E-01
6.206206206E+00   -5.242147101E-01
6.306306306E+00   -5.145184257E-01
6.406406406E+00   -5.048892534E-01
6.506506507E+00   -4.953270833E-01
6.606606607E+00   -4.858318041E-01
6.706706707E+00   -4.764033026E-01
6.806806807E+00   -4.670414641E-01
6.906906907E+00   -4.577461724E-01
7.007007007E+00   -4.485173094E-01
7.107107107E+00   -4.393547557E-01
7.207207207E+00   -4.302583901E-01
7.307307307E+00   -4.212280899E-01
7.407407407E+00   -4.122637308E-01
7.507507508E+00   -4.033651869E-01
7.607607608E+00   -3.945323306E-01
7.707707708E+00   -3.857650331E-01
7.807807808E+00   -3.770631637E-01
7.907907908E+00   -3.684265903E-01
8.008008008E+00   -3.598551793E-01
8.108108108E+00   -3.513487953E-01
8.208208208E+00   -3.429073017E-01
8.308308308E+00   -3.345305603E-01
8.408408408E+00   -3.262184312E-01
8.508508509E+00   -3.179707733E-01
8.608608609E+00   -3.097874437E-01
8.708708709E+00   -3.016682982E-01
8.808808809E+00   -2.936131911E-01
8.908908909E+00   -2.856219752E-01
9.009009009E+00   -2.776945018E-01
9.109109109E+00   -2.698306208E-01
9.209209209E+00   -2.620301807E-01
9.309309309E+00   -2.542930285E-01
9.409409409E+00   -2.466190096E-01
9.509509510E+00   -2.390079683E-01
9.609609610E+00   -2.314597474E-01
9.709709710E+00   -2.239741881E-01
9.809809810E+00   -2.165511304E-01
9.909909910E+00   -2.091904128E-01
1.001001001E+01   -2.018918726E-01
1.011011011E+01   -1.946553455E-01
1.021021021E+01   -1.874806660E-01
1.031031031E+01   -1.803676672E-01
1.041041041E+01   -1.733161808E-01
1.051051051E+01   -1.663260374E-01
1.061061061E+01   -1.593970659E-01
1.071071071E+01   -1.525290942E-01
1.081081081E+01   -1.457219487E-01
1.091091091E+01   -1.389754548E-01
1.101101101E+01   -1.322894362E-01
1.111111111E+01   -1.256637157E-01
1.121121121E+01   -1.190981146E-01
1.131131131E+01   -1.125924530E-01
1.141141141E+01   -1.061465498E-01
1.151151151E+01   -9.976022264E-02
1.161161161E+01   -9.343328795E-02
1.171171171E+01   -8.716556092E-02
1.181181181E+01   -8.095685554E-02
1.191191191E+01   -7.480698461E-02
1.201201201E+01   -6.871575974E-02
1.211211211E+01   -6.268299138E-02
1.221221221E+01   -5.670848880E-02
1.231231231E+01   -5.079206012E-02
1.241241241E+01   -4.493351231E-02
1.251251251E+01   -3.913265123E-02
1.261261261E+01   -3.338928158E-02
1.271271271E+01   -2.770320699E-02
1.281281281E+01   -2.207422995E-02
1.291291291E+01   -1.650215188E-02
1.301301301E+01   -1.098677311E-02
1.311311311E+01   -5.527892919E-03
1.321321321E+01   -1.253094986E-04
1.331331331E+01   5.221179989E-03
1.341341341E+01   1.051177942E-02
1.351351351E+01   1.574669371E-02
1.361361361E+01   2.092612878E-02
1.371371371E+01   2.605029155E-02
1.381381381E+01   3.111938994E-02
1.391391391E+01   3.613363285E-02
1.401401401E+01   4.109323017E-02
1.411411411E+01   4.599839272E-02
1.421421421E+01   5.084933228E-02
1.431431431E+01   5.564626159E-02
1.441441441E+01   6.038939428E-02
1.451451451E+01   6.507894492E-02
1.461461461E+01   6.971512898E-02
1.471471471E+01   7.429816282E-02
1.481481481E+01   7.882826368E-02
1.491491491E+01   8.330564966E-02
1.501501502E+01   8.773053975E-02
1.511511512E+01   9.210315376E-02
1.521521522E+01   9.642371233E-02
1.531531532E+01   1.006924369E-01
1.541541542E+01   1.049095499E-01
1.551551552E+01   1.090752743E-01
1.561561562E+01   1.131898339E-01
1.571571572E+01   1.172534536E-01
1.581581582E+01   1.212663586E-01
1.591591592E+01   1.252287751E-01
1.601601602E+01   1.291409302E-01
1.611611612E+01   1.330030513E-01
1.621621622E+01   1.368153670E-01
1.631631632E+01   1.405781062E-01
1.641641642E+01   1.442914987E-01
1.651651652E+01   1.479557750E-01
1.661661662E+01   1.515711663E-01
1.671671672E+01   1.551379042E-01
1.681681682E+01   1.586562213E-01
1.691691692E+01   1.621263506E-01
1.701701702E+01   1.655485258E-01
1.711711712E+01   1.689229811E-01
1.721721722E+01   1.722499516E-01
1.731731732E+01   1.755296727E-01
1.741741742E+01   1.787623805E-01
1.751751752E+01   1.819483116E-01
1.761761762E+01   1.850877031E-01
1.771771772E+01   1.881807930E-01
1.781781782E+01   1.912278193E-01
1.791791792E+01   1.942290208E-01
1.801801802E+01   1.971846370E-01
1.811811812E+01   2.000949074E-01
1.821821822E+01   2.029600724E-01
1.831831832E+01   2.057803727E-01
1.841841842E+01   2.085560494E-01
1.851851852E+01   2.112873443E-01
1.861861862E+01   2.139744993E-01
1.871871872E+01   2.166177569E-01
1.881881882E+01   2.192173601E-01
1.891891892E+01   2.217735520E-01
1.901901902E+01   2.242865764E-01
1.911911912E+01   2.267566773E-01
1.921921922E+01   2.291840991E-01
1.931931932E+01   2.315690866E-01
1.941941942E+01   2.339118848E-01
1.951951952E+01   2.362127391E-01
1.961961962E+01   2.384718953E-01
1.971971972E+01   2.406895994E-01
1.981981982E+01   2.428660977E-01
1.991991992E+01   2.450016368E-01
2.002002002E+01   2.470964635E-01
2.012012012E+01   2.491508250E-01
2.022022022E+01   2.511649686E-01
2.032032032E+01   2.531391418E-01
2.042042042E+01   2.550735926E-01
2.052052052E+01   2.569685688E-01
2.062062062E+01   2.588243187E-01
2.072072072E+01   2.606410907E-01
2.082082082E+01   2.624191332E-01
2.092092092E+01   2.641586950E-01
2.102102102E+01   2.658600250E-01
2.112112112E+01   2.675233721E-01
2.122122122E+01   2.691489855E-01
2.132132132E+01   2.707371143E-01
2.142142142E+01   2.722880079E-01
2.152152152E+01   2.738019157E-01
2.162162162E+01   2.752790871E-01
2.172172172E+01   2.767197718E-01
2.182182182E+01   2.781242193E-01
2.192192192E+01   2.794926793E-01
2.202202202E+01   2.808254013E-01
2.212212212E+01   2.821226352E-01
2.222222222E+01   2.833846306E-01
2.232232232E+01   2.846116372E-01
2.242242242E+01   2.858039047E-01
2.252252252E+01   2.869616828E-01
2.262262262E+01   2.880852209E-01
2.272272272E+01   2.891747688E-01
2.282282282E+01   2.902305759E-01
2.292292292E+01   2.912528915E-01
2.302302302E+01   2.922419652E-01
2.312312312E+01   2.931980460E-01
2.322322322E+01   2.941213832E-01
2.332332332E+01   2.950122257E-01
2.342342342E+01   2.958708225E-01
2.352352352E+01   2.966974223E-01
2.362362362E+01   2.974922736E-01
2.372372372E+01   2.982556251E-01
2.382382382E+01   2.989877248E-01
2.392392392E+01   2.996888209E-01
2.402402402E+01   3.003591613E-01
2.412412412E+01   3.009989937E-01
2.422422422E+01   3.016085654E-01
2.432432432E+01   3.021881239E-01
2.442442442E+01   3.027379159E-01
2.452452452E+01   3.032581885E-01
2.462462462E+01   3.037491879E-01
2.472472472E+01   3.042111604E-01
2.482482482E+01   3.046443520E-01
2.492492492E+01   3.050490083E-01
2.502502503E+01   3.054253748E-01
2.512512513E+01   3.057736963E-01
2.522522523E+01   3.060942176E-01
2.532532533E+01   3.063871832E-01
2.542542543E+01   3.066528371E-01
2.552552553E+01   3.068914229E-01
2.562562563E+01   3.071031840E-01
2.572572573E+01   3.072883633E-01
2.582582583E+01   3.074472034E-01
2.592592593E+01   3.075799465E-01
2.602602603E+01   3.076868344E-01
2.612612613E+01   3.077681085E-01
2.622622623E+01   3.078240096E-01
2.632632633E+01   3.078547782E-01
2.642642643E+01   3.078606546E-01
2.652652653E+01   3.078418782E-01
2.662662663E+01   3.077986882E-01
2.672672673E+01   3.077313234E-01
2.682682683E+01   3.076400219E-01
2.692692693E+01   3.075250213E-01
2.702702703E+01   3.073865591E-01
2.712712713E+01   3.072248718E-01
2.722722723E+01   3.070401956E-01
2.732732733E+01   3.068327662E-01
2.742742743E+01   3.066028188E-01
2.752752753E+01   3.063505879E-01
2.762762763E+01   3.060763075E-01
2.772772773E+01   3.057802111E-01
2.782782783E+01   3.054625316E-01
2.792792793E+01   3.051235013E-01
2.802802803E+01   3.047633519E-01
2.812812813E+01   3.043823146E-01
2.822822823E+01   3.039806199E-01
2.832832833E+01   3.035584976E-01
2.842842843E+01   3.031161771E-01
2.852852853E+01   3.026538870E-01
2.862862863E+01   3.021718553E-01
2.872872873E+01   3.016703093E-01
2.882882883E+01   3.011494758E-01
2.892892893E+01   3.006095808E-01
2.902902903E+01   3.000508496E-01
2.912912913E+01   2.994735069E-01
2.922922923E+01   2.988777767E-01
2.932932933E+01   2.982638823E-01
2.942942943E+01   2.976320463E-01
2.952952953E+01   2.969824906E-01
2.962962963E+01   2.963154362E-01
2.972972973E+01   2.956311037E-01
2.982982983E+01   2.949297127E-01
2.992992993E+01   2.942114821E-01
3.003003003E+01   2.934766302E-01
3.013013013E+01   2.927253743E-01
3.023023023E+01   2.919579312E-01
3.033033033E+01   2.911745167E-01
3.043043043E+01   2.903753460E-01
3.053053053E+01   2.895606333E-01
3.063063063E+01   2.887305922E-01
3.073073073E+01   2.878854355E-01
3.083083083E+01   2.870253750E-01
3.093093093E+01   2.861506219E-01
3.103103103E+01   2.852613864E-01
3.113113113E+01   2.843578781E-01
3.123123123E+01   2.834403055E-01
3.133133133E+01   2.825088764E-01
3.143143143E+01   2.815637978E-01
3.153153153E+01   2.806052757E-01
3.163163163E+01   2.796335154E-01
3.173173173E+01   2.786487212E-01
3.183183183E+01   2.776510966E-01
3.193193193E+01   2.766408442E-01
3.203203203E+01   2.756181657E-01
3.213213213E+01   2.745832620E-01
3.223223223E+01   2.735363330E-01
3.233233233E+01   2.724775778E-01
3.243243243E+01   2.714071944E-01
3.253253253E+01   2.703253800E-01
3.263263263E+01   2.692323311E-01
3.273273273E+01   2.681282429E-01
3.283283283E+01   2.670133098E-01
3.293293293E+01   2.658877255E-01
3.303303303E+01   2.647516824E-01
3.313313313E+01   2.636053722E-01
3.323323323E+01   2.624489856E-01
3.333333333E+01   2.612827122E-01
3.343343343E+01   2.601067409E-01
3.353353353E+01   2.589212594E-01
3.363363363E+01   2.577264545E-01
3.373373373E+01   2.565225122E-01
3.383383383E+01   2.553096173E-01
3.393393393E+01   2.540879536E-01
3.403403403E+01   2.528577041E-01
3.413413413E+01   2.516190507E-01
3.423423423E+01   2.503721744E-01
3.433433433E+01   2.491172549E-01
3.443443443E+01   2.478544713E-01
3.453453453E+01   2.465840014E-01
3.463463463E+01   2.453060222E-01
3.473473473E+01   2.440207095E-01
3.483483483E+01   2.427282382E-01
3.493493493E+01   2.414287821E-01
3.503503504E+01   2.401225140E-01
3.513513514E+01   2.388096056E-01
3.523523524E+01   2.374902279E-01
3.533533534E+01   2.361645503E-01
3.543543544E+01   2.348327417E-01
3.553553554E+01   2.334949696E-01
3.563563564E+01   2.321514006E-01
3.573573574E+01   2.308022003E-01
3.583583584E+01   2.294475330E-01
3.593593594E+01   2.280875623E-01
3.603603604E+01   2.267224504E-01
3.613613614E+01   2.253523587E-01
3.623623624E+01   2.239774474E-01
3.633633634E+01   2.225978756E-01
3.643643644E+01   2.212138015E-01
3.653653654E+01   2.198253821E-01
3.663663664E+01   2.184327733E-01
3.673673674E+01   2.170361300E-01
3.683683684E+01   2.156356059E-01
3.693693694E+01   2.142313539E-01
3.703703704E+01   2.128235255E-01
3.713713714E+01   2.114122713E-01
3.723723724E+01   2.099977407E-01
3.733733734E+01   2.085800821E-01
3.743743744E+01   2.071594427E-01
3.753753754E+01   2.057359689E-01
3.763763764E+01   2.043098055E-01
3.773773774E+01   2.028810968E-01
3.783783784E+01   2.014499854E-01
3.793793794E+01   2.000166134E-01
3.803803804E+01   1.985811212E-01
3.813813814E+01   1.971436487E-01
3.823823824E+01   1.957043341E-01
3.833833834E+01   1.942633151E-01
3.843843844E+01   1.928207278E-01
3.853853854E+01   1.913767074E-01
3.863863864E+01   1.899313880E-01
3.873873874E+01   1.884849026E-01
3.883883884E+01   1.870373831E-01
3.893893894E+01   1.855889602E-01
3.903903904E+01   1.841397636E-01
3.913913914E+01   1.826899218E-01
3.923923924E+01   1.812395623E-01
3.933933934E+01   1.797888113E-01
3.943943944E+01   1.783377942E-01
3.953953954E+01   1.768866350E-01
3.963963964E+01   1.754354566E-01
3.973973974E+01   1.739843811E-01
3.983983984E+01   1.725335291E-01
3.993993994E+01   1.710830204E-01
4.004004004E+01   1.696329734E-01
4.014014014E+01   1.681835057E-01
4.024024024E+01   1.667347336E-01
4.034034034E+01   1.652867722E-01
4.044044044E+01   1.638397358E-01
4.054054054E+01   1.623937373E-01
4.064064064E+01   1.609488887E-01
4.074074074E+01   1.595053007E-01
4.084084084E+01   1.580630830E-01
4.094094094E+01   1.566223442E-01
4.104104104E+01   1.551831918E-01
4.114114114E+01   1.537457322E-01
4.124124124E+01   1.523100706E-01
4.134134134E+01   1.508763113E-01
4.144144144E+01   1.494445573E-01
4.154154154E+01   1.480149105E-01
4.164164164E+01   1.465874719E-01
4.174174174E+01   1.451623412E-01
4.184184184E+01   1.437396171E-01
4.194194194E+01   1.423193973E-01
4.204204204E+01   1.409017781E-01
4.214214214E+01   1.394868551E-01
4.224224224E+01   1.380747225E-01
4.234234234E+01   1.366654736E-01
4.244244244E+01   1.352592005E-01
4.254254254E+01   1.338559943E-01
4.264264264E+01   1.324559449E-01
4.274274274E+01   1.310591413E-01
4.284284284E+01   1.296656713E-01
4.294294294E+01   1.282756216E-01
4.304304304E+01   1.268890779E-01
4.314314314E+01   1.255061249E-01
4.324324324E+01   1.241268460E-01
4.334334334E+01   1.227513237E-01
4.344344344E+01   1.213796394E-01
4.354354354E+01   1.200118735E-01
4.364364364E+01   1.186481052E-01
4.374374374E+01   1.172884128E-01
4.384384384E+01   1.159328734E-01
4.394394394E+01   1.145815632E-01
4.404404404E+01   1.132345572E-01
4.414414414E+01   1.118919294E-01
4.424424424E+01   1.105537528E-01
4.434434434E+01   1.092200993E-01
4.444444444E+01   1.078910400E-01
4.454454454E+01   1.065666445E-01
4.464464464E+01   1.052469818E-01
4.474474474E+01   1.039321196E-01
4.484484484E+01   1.026221248E-01
4.494494494E+01   1.013170630E-01
4.504504505E+01   1.000169991E-01
4.514514515E+01   9.872199668E-02
4.524524525E+01   9.743211854E-02
4.534534535E+01   9.614742636E-02
4.544544545E+01   9.486798083E-02
4.554554555E+01   9.359384163E-02
4.564564565E+01   9.232506747E-02
4.574574575E+01   9.106171603E-02
4.584584585E+01   8.980384404E-02
4.594594595E+01   8.855150720E-02
4.604604605E+01   8.730476025E-02
4.614614615E+01   8.606365695E-02
4.624624625E+01   8.482825007E-02
4.634634635E+01   8.359859143E-02
4.644644645E+01   8.237473185E-02
4.654654655E+01   8.115672121E-02
4.664664665E+01   7.994460843E-02
4.674674675E+01   7.873844145E-02
4.684684685E+01   7.753826728E-02
4.694694695E+01   7.634413198E-02
4.704704705E+01   7.515608066E-02
4.714714715E+01   7.397415748E-02
4.724724725E+01   7.279840567E-02
4.734734735E+01   7.162886755E-02
4.744744745E+01   7.046558448E-02
4.754754755E+01   6.930859692E-02
4.764764765E+01   6.815794441E-02
4.774774775E+01   6.701366555E-02
4.784784785E+01   6.587579807E-02
4.794794795E+01   6.474437876E-02
4.804804805E+01   6.361944354E-02
4.814814815E+01   6.250102740E-02
4.824824825E+01   6.138916448E-02
4.834834835E+01   6.028388799E-02
4.844844845E+01   5.918523028E-02
4.854854855E+01   5.809322284E-02
4.864864865E+01   5.700789625E-02
4.874874875E+01   5.592928025E-02
4.884884885E+01   5.485740370E-02
4.894894895E+01   5.379229463E-02
4.904904905E+01   5.273398017E-02
4.914914915E+01   5.168248665E-02
4.924924925E+01   5.063783953E-02
4.934934935E+01   4.960006344E-02
4.944944945E+01   4.856918216E-02
4.954954955E+01   4.754521866E-02
4.964964965E+01   4.652819510E-02
4.974974975E+01   4.551813279E-02
4.984984985E+01   4.451505223E-02
4.994994995E+01   4.351897315E-02
5.005005005E+01   4.252991443E-02
5.015015015E+01   4.154789417E-02
5.025025025E+01   4.057292970E-02
5.035035035E+01   3.960503753E-02
5.045045045E+01   3.864423340E-02
5.055055055E+01   3.769053229E-02
5.065065065E+01   3.674394837E-02
5.075075075E+01   3.580449509E-02
5.085085085E+01   3.487218510E-02
5.095095095E+01   3.394703032E-02
5.105105105E+01   3.302904191E-02
5.115115115E+01   3.211823029E-02
5.125125125E+01   3.121460514E-02
5.135135135E+01   3.031817539E-02
5.145145145E+01   2.942894928E-02
5.155155155E+01   2.854693429E-02
5.165165165E+01   2.767213720E-02
5.175175175E+01   2.680456408E-02
5.185185185E+01   2.594422028E-02
5.195195195E+01   2.509111047E-02
5.205205205E+01   2.424523860E-02
5.215215215E+01   2.340660796E-02
5.225225225E+01   2.257522113E-02
5.235235235E+01   2.175108003E-02
5.245245245E+01   2.093418590E-02
5.255255255E+01   2.012453931E-02
5.265265265E+01   1.932214017E-02
5.275275275E+01   1.852698774E-02
5.285285285E+01   1.773908063E-02
5.295295295E+01   1.695841680E-02
5.305305305E+01   1.618499357E-02
5.315315315E+01   1.541880764E-02
5.325325325E+01   1.465985507E-02
5.335335335E+01   1.390813130E-02
5.345345345E+01   1.316363116E-02
5.355355355E+01   1.242634887E-02
5.365365365E+01   1.169627803E-02
5.375375375E+01   1.097341167E-02
5.385385385E+01   1.025774221E-02
5.395395395E+01   9.549261473E-03
5.405405405E+01   8.847960722E-03
5.415415415E+01   8.153830635E-03
5.425425425E+01   7.466861319E-03
5.435435435E+01   6.787042319E-03
5.445445445E+01   6.114362623E-03
5.455455455E+01   5.448810665E-03
5.465465465E+01   4.790374333E-03
5.475475475E+01   4.139040974E-03
5.485485485E+01   3.494797402E-03
5.495495495E+01   2.857629899E-03
5.505505506E+01   2.227524227E-03
5.515515516E+01   1.604465627E-03
5.525525526E+01   9.884388309E-04
5.535535536E+01   3.794280634E-04
5.545545546E+01   -2.225829505E-04
5.555555556E+01   -8.176109801E-04
5.565565566E+01   -1.405673284E-03
5.575575576E+01   -1.986787601E-03
5.585585586E+01   -2.560972152E-03
5.595595596E+01   -3.128245623E-03
5.605605606E+01   -3.688627170E-03
5.615615616E+01   -4.242136406E-03
5.625625626E+01   -4.788793400E-03
5.635635636E+01   -5.328618667E-03
5.645645646E+01   -5.861633167E-03
5.655655656E+01   -6.387858294E-03
5.665665666E+01   -6.907315874E-03
5.675675676E+01   -7.420028159E-03
5.685685686E+01   -7.926017818E-03
5.695695696E+01   -8.425307937E-03
5.705705706E+01   -8.917922008E-03
5.715715716E+01   -9.403883926E-03
5.725725726E+01   -9.883217981E-03
5.735735736E+01   -1.035594886E-02
5.745745746E+01   -1.082210162E-02
5.755755756E+01   -1.128170172E-02
5.765765766E+01   -1.173477497E-02
5.775775776E+01   -1.218134757E-02
5.785785786E+01   -1.262144606E-02
5.795795796E+01   -1.305509736E-02
5.805805806E+01   -1.348232873E-02
5.815815816E+01   -1.390316777E-02
5.825825826E+01   -1.431764243E-02
5.835835836E+01   -1.472578099E-02
5.845845846E+01   -1.512761207E-02
5.855855856E+01   -1.552316458E-02
5.865865866E+01   -1.591246780E-02
5.875875876E+01   -1.629555128E-02
5.885885886E+01   -1.667244489E-02
5.895895896E+01   -1.704317882E-02
5.905905906E+01   -1.740778352E-02
5.915915916E+01   -1.776628976E-02
5.925925926E+01   -1.811872858E-02
5.935935936E+01   -1.846513131E-02
5.945945946E+01   -1.880552956E-02
5.955955956E+01   -1.913995518E-02
5.965965966E+01   -1.946844031E-02
5.975975976E+01   -1.979101735E-02
5.985985986E+01   -2.010771893E-02
5.995995996E+01   -2.041857795E-02
6.006006006E+01   -2.072362755E-02
6.016016016E+01   -2.102290109E-02
6.026026026E+01   -2.131643218E-02
6.036036036E+01   -2.160425465E-02
6.046046046E+01   -2.188640255E-02
6.056056056E+01   -2.216291015E-02
6.066066066E+01   -2.243381193E-02
6.076076076E+01   -2.269914258E-02
6.086086086E+01   -2.295893698E-02
6.096096096E+01   -2.321323021E-02
6.106106106E+01   -2.346205755E-02
6.116116116E+01   -2.370545446E-02
6.126126126E+01   -2.394345657E-02
6.136136136E+01   -2.417609971E-02
6.146146146E+01   -2.440341985E-02
6.156156156E+01   -2.462545315E-02
6.166166166E+01   -2.484223592E-02
6.176176176E+01   -2.505380463E-02
6.186186186E+01   -2.526019591E-02
6.196196196E+01   -2.546144650E-02
6.206206206E+01   -2.565759333E-02
6.216216216E+01   -2.584867344E-02
6.226226226E+01   -2.603472399E-02
6.236236236E+01   -2.621578230E-02
6.246246246E+01   -2.639188578E-02
6.256256256E+01   -2.656307199E-02
6.266266266E+01   -2.672937857E-02
6.276276276E+01   -2.689084328E-02
6.286286286E+01   -2.704750400E-02
6.296296296E+01   -2.719939869E-02
6.306306306E+01   -2.734656541E-02
6.316316316E+01   -2.748904230E-02
6.326326326E+01   -2.762686761E-02
6.336336336E+01   -2.776007965E-02
6.346346346E+01   -2.788871682E-02
6.356356356E+01   -2.801281757E-02
6.366366366E+01   -2.813242044E-02
6.376376376E+01   -2.824756402E-02
6.386386386E+01   -2.835828697E-02
6.396396396E+01   -2.846462800E-02
6.406406406E+01   -2.856662586E-02
6.416416416E+01   -2.866431937E-02
6.426426426E+01   -2.875774736E-02
6.436436436E+01   -2.884694872E-02
6.446446446E+01   -2.893196237E-02
6.456456456E+01   -2.901282726E-02
6.466466466E+01   -2.908958235E-02
6.476476476E+01   -2.916226665E-02
6.486486486E+01   -2.923091915E-02
6.496496496E+01   -2.929557889E-02
6.506506507E+01   -2.935628489E-02
6.516516517E+01   -2.941307620E-02
6.526526527E+01   -2.946599185E-02
6.536536537E+01   -2.951507088E-02
6.546546547E+01   -2.956035231E-02
6.556556557E+01   -2.960187518E-02
6.566566567E+01   -2.963967847E-02
6.576576577E+01   -2.967380118E-02
6.586586587E+01   -2.970428227E-02
6.596596597E+01   -2.973116068E-02
6.606606607E+01   -2.975447532E-02
6.616616617E+01   -2.977426508E-02
6.626626627E+01   -2.979056879E-02
6.636636637E+01   -2.980342525E-02
6.646646647E+01   -2.981287323E-02
6.656656657E+01   -2.981895143E-02
6.666666667E+01   -2.982169852E-02
6.676676677E+01   -2.982115310E-02
6.686686687E+01   -2.981735372E-02
6.696696697E+01   -2.981033888E-02
6.706706707E+01   -2.980014700E-02
6.716716717E+01   -2.978681643E-02
6.726726727E+01   -2.977038548E-02
6.736736737E+01   -2.975089235E-02
6.746746747E+01   -2.972837517E-02
6.756756757E+01   -2.970287202E-02
6.766766767E+01   -2.967442086E-02
6.776776777E+01   -2.964305957E-02
6.786786787E+01   -2.960882597E-02
6.796796797E+01   -2.957175776E-02
6.806806807E+01   -2.953189254E-02
6.816816817E+01   -2.948926784E-02
6.826826827E+01   -2.944392105E-02
6.836836837E+01   -2.939588950E-02
6.846846847E+01   -2.934521038E-02
6.856856857E+01   -2.929192078E-02
6.866866867E+01   -2.923605768E-02
6.876876877E+01   -2.917765794E-02
6.886886887E+01   -2.911675831E-02
6.896896897E+01   -2.905339541E-02
6.906906907E+01   -2.898760573E-02
6.916916917E+01   -2.891942567E-02
6.926926927E+01   -2.884889145E-02
6.936936937E+01   -2.877603919E-02
6.946946947E+01   -2.870090488E-02
6.956956957E+01   -2.862352436E-02
6.966966967E+01   -2.854393333E-02
6.976976977E+01   -2.846216735E-02
6.986986987E+01   -2.837826186E-02
6.996996997E+01   -2.829225211E-02
7.007007007E+01   -2.820417325E-02
7.017017017E+01   -2.811406024E-02
7.027027027E+01   -2.802194791E-02
7.037037037E+01   -2.792787093E-02
7.047047047E+01   -2.783186380E-02
7.057057057E+01   -2.773396089E-02
7.067067067E+01   -2.763419637E-02
7.077077077E+01   -2.753260429E-02
7.087087087E+01   -2.742921849E-02
7.097097097E+01   -2.732407268E-02
7.107107107E+01   -2.721720037E-02
7.117117117E+01   -2.710863493E-02
7.127127127E+01   -2.699840953E-02
7.137137137E+01   -2.688655718E-02
7.147147147E+01   -2.677311070E-02
7.157157157E+01   -2.665810275E-02
7.167167167E+01   -2.654156579E-02
7.177177177E+01   -2.642353211E-02
7.187187187E+01   -2.630403380E-02
7.197197197E+01   -2.618310279E-02
7.207207207E+01   -2.606077081E-02
7.217217217E+01   -2.593706939E-02
7.227227227E+01   -2.581202988E-02
7.237237237E+01   -2.568568344E-02
7.247247247E+01   -2.555806103E-02
7.257257257E+01   -2.542919343E-02
7.267267267E+01   -2.529911120E-02
7.277277277E+01   -2.516784472E-02
7.287287287E+01   -2.503542416E-02
7.297297297E+01   -2.490187949E-02
7.307307307E+01   -2.476724049E-02
7.317317317E+01   -2.463153672E-02
7.327327327E+01   -2.449479756E-02
7.337337337E+01   -2.435705215E-02
7.347347347E+01   -2.421832945E-02
7.357357357E+01   -2.407865820E-02
7.367367367E+01   -2.393806693E-02
7.377377377E+01   -2.379658398E-02
7.387387387E+01   -2.365423745E-02
7.397397397E+01   -2.351105523E-02
7.407407407E+01   -2.336706503E-02
7.417417417E+01   -2.322229431E-02
7.427427427E+01   -2.307677032E-02
7.437437437E+01   -2.293052011E-02
7.447447447E+01   -2.278357051E-02
7.457457457E+01   -2.263594811E-02
7.467467467E+01   -2.248767931E-02
7.477477477E+01   -2.233879026E-02
7.487487487E+01   -2.218930693E-02
7.497497497E+01   -2.203925504E-02
7.507507508E+01   -2.188866009E-02
7.517517518E+01   -2.173754736E-02
7.527527528E+01   -2.158594191E-02
7.537537538E+01   -2.143386859E-02
7.547547548E+01   -2.128135200E-02
7.557557558E+01   -2.112841653E-02
7.567567568E+01   -2.097508634E-02
7.577577578E+01   -2.082138537E-02
7.587587588E+01   -2.066733732E-02
7.597597598E+01   -2.051296570E-02
7.607607608E+01   -2.035829374E-02
7.617617618E+01   -2.020334448E-02
7.627627628E+01   -2.004814073E-02
7.637637638E+01   -1.989270506E-02
7.647647648E+01   -1.973705981E-02
7.657657658E+01   -1.958122710E-02
7.667667668E+01   -1.942522882E-02
7.677677678E+01   -1.926908663E-02
7.687687688E+01   -1.911282196E-02
7.697697698E+01   -1.895645602E-02
7.707707708E+01   -1.880000977E-02
7.717717718E+01   -1.864350397E-02
7.727727728E+01   -1.848695911E-02
7.737737738E+01   -1.833039549E-02
7.747747748E+01   -1.817383317E-02
7.757757758E+01   -1.801729196E-02
7.767767768E+01   -1.786079146E-02
7.777777778E+01   -1.770435103E-02
7.787787788E+01   -1.754798983E-02
7.797797798E+01   -1.739172674E-02
7.807807808E+01   -1.723558045E-02
7.817817818E+01   -1.707956941E-02
7.827827828E+01   -1.692371184E-02
7.837837838E+01   -1.676802572E-02
7.847847848E+01   -1.661252883E-02
7.857857858E+01   -1.645723870E-02
7.867867868E+01   -1.630217264E-02
7.877877878E+01   -1.614734772E-02
7.887887888E+01   -1.599278081E-02
7.897897898E+01   -1.583848852E-02
7.907907908E+01   -1.568448725E-02
7.917917918E+01   -1.553079319E-02
7.927927928E+01   -1.537742227E-02
7.937937938E+01   -1.522439022E-02
7.947947948E+01   -1.507171254E-02
7.957957958E+01   -1.491940450E-02
7.967967968E+01   -1.476748115E-02
7.977977978E+01   -1.461595733E-02
7.987987988E+01   -1.446484763E-02
7.997997998E+01   -1.431416643E-02
8.008008008E+01   -1.416392791E-02
8.018018018E+01   -1.401414599E-02
8.028028028E+01   -1.386483440E-02
8.038038038E+01   -1.371600664E-02
8.048048048E+01   -1.356767599E-02
8.058058058E+01   -1.341985551E-02
8.068068068E+01   -1.327255805E-02
8.078078078E+01   -1.312579624E-02
8.088088088E+01   -1.297958250E-02
8.098098098E+01   -1.283392901E-02
8.108108108E+01   -1.268884777E-02
8.118118118E+01   -1.254435055E-02
8.128128128E+01   -1.240044890E-02
8.138138138E+01   -1.225715416E-02
8.148148148E+01   -1.211447748E-02
8.158158158E+01   -1.197242977E-02
8.168168168E+01   -1.183102176E-02
8.178178178E+01   -1.169026395E-02
8.188188188E+01   -1.155016663E-02
8.198198198E+01   -1.141073990E-02
8.208208208E+01   -1.127199366E-02
8.218218218E+01   -1.113393758E-02
8.228228228E+01   -1.099658113E-02
8.238238238E+01   -1.085993361E-02
8.248248248E+01   -1.072400408E-02
8.258258258E+01   -1.058880142E-02
8.268268268E+01   -1.045433431E-02
8.278278278E+01   -1.032061122E-02
8.288288288E+01   -1.018764044E-02
8.298298298E+01   -1.005543004E-02
8.308308308E+01   -9.923987919E-03
8.318318318E+01   -9.793321774E-03
8.328328328E+01   -9.663439107E-03
8.338338338E+01   -9.534347228E-03
8.348348348E+01   -9.406053260E-03
8.358358358E+01   -9.278564134E-03
8.368368368E+01   -9.151886595E-03
8.378378378E+01   -9.026027201E-03
8.388388388E+01   -8.900992324E-03
8.398398398E+01   -8.776788152E-03
8.408408408E+01   -8.653420690E-03
8.418418418E+01   -8.530895761E-03
8.428428428E+01   -8.409219009E-03
8.438438438E+01   -8.288395896E-03
8.448448448E+01   -8.168431709E-03
8.458458458E+01   -8.049331557E-03
8.468468468E+01   -7.931100374E-03
8.478478478E+01   -7.813742920E-03
8.488488488E+01   -7.697263783E-03
8.498498498E+01   -7.581667380E-03
8.508508509E+01   -7.466957956E-03
8.518518519E+01   -7.353139590E-03
8.528528529E+01   -7.240216192E-03
8.538538539E+01   -7.128191508E-03
8.548548549E+01   -7.017069119E-03
8.558558559E+01   -6.906852441E-03
8.568568569E+01   -6.797544733E-03
8.578578579E+01   -6.689149089E-03
8.588588589E+01   -6.581668447E-03
8.598598599E+01   -6.475105587E-03
8.608608609E+01   -6.369463134E-03
8.618618619E+01   -6.264743558E-03
8.628628629E+01   -6.160949175E-03
8.638638639E+01   -6.058082151E-03
8.648648649E+01   -5.956144502E-03
8.658658659E+01   -5.855138094E-03
8.668668669E+01   -5.755064647E-03
8.678678679E+01   -5.655925736E-03
8.688688689E+01   -5.557722790E-03
8.698698699E+01   -5.460457098E-03
8.708708709E+01   -5.364129805E-03
8.718718719E+01   -5.268741918E-03
8.728728729E+01   -5.174294307E-03
8.738738739E+01   -5.080787702E-03
8.748748749E+01   -4.988222702E-03
8.758758759E+01   -4.896599768E-03
8.768768769E+01   -4.805919233E-03
8.778778779E+01   -4.716181297E-03
8.788788789E+01   -4.627386032E-03
8.798798799E+01   -4.539533382E-03
8.808808809E+01   -4.452623164E-03
8.818818819E+01   -4.366655073E-03
8.828828829E+01   -4.281628680E-03
8.838838839E+01   -4.197543433E-03
8.848848849E+01   -4.114398662E-03
8.858858859E+01   -4.032193579E-03
8.868868869E+01   -3.950927278E-03
8.878878879E+01   -3.870598737E-03
8.888888889E+01   -3.791206823E-03
8.898898899E+01   -3.712750288E-03
8.908908909E+01   -3.635227775E-03
8.918918919E+01   -3.558637817E-03
8.928928929E+01   -3.482978841E-03
8.938938939E+01   -3.408249165E-03
8.948948949E+01   -3.334447006E-03
8.958958959E+01   -3.261570474E-03
8.968968969E+01   -3.189617582E-03
8.978978979E+01   -3.118586240E-03
8.988988989E+01   -3.048474261E-03
8.998998999E+01   -2.979279359E-03
9.009009009E+01   -2.910999154E-03
9.019019019E+01   -2.843631175E-03
9.029029029E+01   -2.777172853E-03
9.039039039E+01   -2.711621532E-03
9.049049049E+01   -2.646974465E-03
9.059059059E+01   -2.583228819E-03
9.069069069E+01   -2.520381673E-03
9.079079079E+01   -2.458430022E-03
9.089089089E+01   -2.397370776E-03
9.099099099E+01   -2.337200765E-03
9.109109109E+01   -2.277916738E-03
9.119119119E+01   -2.219515365E-03
9.129129129E+01   -2.161993237E-03
9.139139139E+01   -2.105346873E-03
9.149149149E+01   -2.049572713E-03
9.159159159E+01   -1.994667126E-03
9.169169169E+01   -1.940626409E-03
9.179179179E+01   -1.887446789E-03
9.189189189E+01   -1.835124423E-03
9.199199199E+01   -1.783655403E-03
9.209209209E+01   -1.733035753E-03
9.219219219E+01   -1.683261432E-03
9.229229229E+01   -1.634328337E-03
9.239239239E+01   -1.586232303E-03
9.249249249E+01   -1.538969104E-03
9.259259259E+01   -1.492534456E-03
9.269269269E+01   -1.446924016E-03
9.279279279E+01   -1.402133385E-03
9.289289289E+01   -1.358158109E-03
9.299299299E+01   -1.314993681E-03
9.309309309E+01   -1.272635540E-03
9.319319319E+01   -1.231079076E-03
9.329329329E+01   -1.190319627E-03
9.339339339E+01   -1.150352484E-03
9.349349349E+01   -1.111172890E-03
9.359359359E+01   -1.072776043E-03
9.369369369E+01   -1.035157096E-03
9.379379379E+01   -9.983111566E-04
9.389389389E+01   -9.622332930E-04
9.399399399E+01   -9.269185306E-04
9.409409409E+01   -8.923618556E-04
9.419419419E+01   -8.585582154E-04
9.429429429E+01   -8.255025198E-04
9.439439439E+01   -7.931896426E-04
9.449449449E+01   -7.616144222E-04
9.459459459E+01   -7.307716631E-04
9.469469469E+01   -7.006561369E-04
9.479479479E+01   -6.712625834E-04
9.489489489E+01   -6.425857117E-04
9.499499499E+01   -6.146202013E-04
9.509509510E+01   -5.873607032E-04
9.519519520E+01   -5.608018408E-04
9.529529530E+01   -5.349382111E-04
9.539539540E+01   -5.097643856E-04
9.549549550E+01   -4.852749115E-04
9.559559560E+01   -4.614643122E-04
9.569569570E+01   -4.383270890E-04
9.579579580E+01   -4.158577213E-04
9.589589590E+01   -3.940506682E-04
9.599599600E+01   -3.729003688E-04
9.609609610E+01   -3.524012437E-04
9.619619620E+01   -3.325476953E-04
9.629629630E+01   -3.133341091E-04
9.639639640E+01   -2.947548544E-04
9.649649650E+01   -2.768042851E-04
9.659659660E+01   -2.594767405E-04
9.669669670E+01   -2.427665461E-04
9.679679680E+01   -2.266680144E-04
9.689689690E+01   -2.111754457E-04
9.699699700E+01   -1.962831287E-04
9.709709710E+01   -1.819853412E-04
9.719719720E+01   -1.682763511E-04
9.729729730E+01   -1.551504166E-04
9.739739740E+01   -1.426017871E-04
9.749749750E+01   -1.306247040E-04
9.759759760E+01   -1.192134011E-04
9.769769770E+01   -1.083621049E-04
9.779779780E+01   -9.806503588E-05
9.789789790E+01   -8.831640837E-05
9.799799800E+01   -7.911043145E-05
9.809809810E+01   -7.044130928E-05
9.819819820E+01   -6.230324168E-05
9.829829830E+01   -5.469042449E-05
9.839839840E+01   -4.759705006E-05
9.849849850E+01   -4.101730763E-05
9.859859860E+01   -3.494538375E-05
9.869869870E+01   -2.937546257E-05
9.879879880E+01   -2.430172623E-05
9.889889890E+01   -1.971835516E-05
9.899899900E+01   -1.561952837E-05
9.909909910E+01   -1.199942368E-05
9.919919920E+01   -8.852217980E-06
9.929929930E+01   -6.172087461E-06
9.939939940E+01   -3.953207761E-06
9.949949950E+01   -2.189754147E-06
9.959959960E+01   -8.759016422E-07
9.969969970E+01   -5.825136793E-09
9.979979980E+01   4.263005338E-07
9.989989990E+01   4.263005338E-07
1.000000000E+02   0.000000000E+00
