0.000000000E+00   -1.318035319E+00
1.001001001E-01   -1.304035319E+00
2.002002002E-01   -1.290102710E+00
3.003003003E-01   -1.276237491E+00
4.004004004E-01   -1.262439662E+00
5.005005005E-01   -1.248709219E+00
6.006006006E-01   -1.235046156E+00
7.007007007E-01   -1.221450469E+00
8.008008008E-01   -1.207922149E+00
9.009009009E-01   -1.194461187E+00
1.001001001E+00   -1.181067570E+00
1.101101101E+00   -1.167741288E+00
1.201201201E+00   -1.154482324E+00
1.301301301E+00   -1.141290664E+00
1.401401401E+00   -1.128166290E+00
1.501501502E+00   -1.115109182E+00
1.601601602E+00   -1.102119320E+00
1.701701702E+00   -1.089196682E+00
1.801801802E+00   -1.076341243E+00
1.901901902E+00   -1.063552979E+00
2.002002002E+00   -1.050831861E+00
2.102102102E+00   -1.038177861E+00
2.202202202E+00   -1.025590949E+00
2.302302302E+00   -1.013071093E+00
2.402402402E+00   -1.000618260E+00
2.502502503E+00   -9.882324142E-01
2.602602603E+00   -9.759135191E-01
2.702702703E+00   -9.636615365E-01
2.802802803E+00   -9.514764265E-01
2.902902903E+00   -9.393581479E-01
3.003003003E+00   -9.273066577E-01
3.103103103E+00   -9.153219112E-01
3.203203203E+00   -9.034038625E-01
3.303303303E+00   -8.915524637E-01
3.403403403E+00   -8.797676658E-01
3.503503504E+00   -8.680494178E-01
3.603603604E+00   -8.563976674E-01
3.703703704E+00   -8.448123607E-01
3.803803804E+00   -8.332934422E-01
3.903903904E+00   -8.218408549E-01
4.004004004E+00   -8.104545402E-01
4.104104104E+00   -7.991344379E-01
4.204204204E+00   -7.878804865E-01
4.304304304E+00   -7.766926226E-01
4.404404404E+00   -7.655707816E-01
4.504504505E+00   -7.545148972E-01
4.604604605E+00   -7.435249015E-01
4.704704705E+00   -7.326007254E-01
4.804804805E+00   -7.217422978E-01
4.904904905E+00   -7.109495464E-01
5.005005005E+00   -7.002223974E-01
5.105105105E+00   -6.895607753E-01
5.205205205E+00   -6.789646033E-01
5.305305305E+00   -6.684338029E-01
5.405405405E+00   -6.579682943E-01
5.505505506E+00   -6.475679961E-01
5.605605606E+00   -6.372328253E-01
5.705705706E+00   -6.269626976E-01
5.805805806E+00   -6.167575271E-01
5.905905906E+00   -6.066172266E-01
6.006006006E+00   -5.965417072E-01
6.106106106E+00   -5.865308786E-01
6.206206206E+00   -5.765846491E-01
6.306306306E+00   -5.667029256E-01
6.406406406E+00   -5.568856133E-01
6.506506507E+00   -5.471326163E-01
6.606606607E+00   -5.374438368E-01
6.706706707E+00   -5.278191761E-01
6.806806807E+00   -5.182585336E-01
6.906906907E+00   -5.087618075E-01
7.007007007E+00   -4.993288946E-01
7.107107107E+00   -4.899596902E-01
7.207207207E+00   -4.806540881E-01
7.307307307E+00   -4.714119810E-01
7.407407407E+00   -4.622332599E-01
7.507507508E+00   -4.531178145E-01
7.607607608E+00   -4.440655331E-01
7.707707708E+00   -4.350763027E-01
7.807807808E+00   -4.261500088E-01
7.907907908E+00   -4.172865356E-01
8.008008008E+00   -4.084857660E-01
8.108108108E+00   -3.997475813E-01
8.208208208E+00   -3.910718616E-01
8.308308308E+00   -3.824584858E-01
8.408408408E+00   -3.739073312E-01
8.508508509E+00   -3.654182739E-01
8.608608609E+00   -3.569911887E-01
8.708708709E+00   -3.486259489E-01
8.808808809E+00   -3.403224267E-01
8.908908909E+00   -3.320804929E-01
9.009009009E+00   -3.239000169E-01
9.109109109E+00   -3.157808670E-01
9.209209209E+00   -3.077229101E-01
9.309309309E+00   -2.997260118E-01
9.409409409E+00   -2.917900363E-01
9.509509510E+00   -2.839148469E-01
9.609609610E+00   -2.761003053E-01
9.709709710E+00   -2.683462721E-01
9.809809810E+00   -2.606526066E-01
9.909909910E+00   -2.530191668E-01
1.001001001E+01   -2.454458096E-01
1.011011011E+01   -2.379323905E-01
1.021021021E+01   -2.304787641E-01
1.031031031E+01   -2.230847834E-01
1.041041041E+01   -2.157503004E-01
1.051051051E+01   -2.084751659E-01
1.061061061E+01   -2.012592295E-01
1.071071071E+01   -1.941023396E-01
1.081081081E+01   -1.870043433E-01
1.091091091E+01   -1.799650868E-01
1.101101101E+01   -1.729844150E-01
1.111111111E+01   -1.660621716E-01
1.121121121E+01   -1.591981991E-01
1.131131131E+01   -1.523923391E-01
1.141141141E+01   -1.456444320E-01
1.151151151E+01   -1.389543168E-01
1.161161161E+01   -1.323218318E-01
1.171171171E+01   -1.257468140E-01
1.181181181E+01   -1.192290992E-01
1.191191191E+01   -1.127685222E-01
1.201201201E+01   -1.063649169E-01
1.211211211E+01   -1.000181159E-01
1.221221221E+01   -9.372795071E-02
1.231231231E+01   -8.749425201E-02
1.241241241E+01   -8.131684926E-02
1.251251251E+01   -7.519557094E-02
1.261261261E+01   -6.913024448E-02
1.271271271E+01   -6.312069631E-02
1.281281281E+01   -5.716675184E-02
1.291291291E+01   -5.126823548E-02
1.301301301E+01   -4.542497064E-02
1.311311311E+01   -3.963677974E-02
1.321321321E+01   -3.390348424E-02
1.331331331E+01   -2.822490462E-02
1.341341341E+01   -2.260086040E-02
1.351351351E+01   -1.703117014E-02
1.361361361E+01   -1.151565149E-02
1.371371371E+01   -6.054121128E-03
1.381381381E+01   -6.463948414E-04
1.391391391E+01   4.707712517E-03
1.401401401E+01   1.000838699E-02
1.411411411E+01   1.525581553E-02
1.421421421E+01   2.045018596E-02
1.431431431E+01   2.559168700E-02
1.441441441E+01   3.068050821E-02
1.451451451E+01   3.571684005E-02
1.461461461E+01   4.070087379E-02
1.471471471E+01   4.563280158E-02
1.481481481E+01   5.051281638E-02
1.491491491E+01   5.534111196E-02
1.501501502E+01   6.011788293E-02
1.511511512E+01   6.484332470E-02
1.521521522E+01   6.951763346E-02
1.531531532E+01   7.414100620E-02
1.541541542E+01   7.871364067E-02
1.551551552E+01   8.323573540E-02
1.561561562E+01   8.770748968E-02
1.571571572E+01   9.212910353E-02
1.581581582E+01   9.650077772E-02
1.591591592E+01   1.008227137E-01
1.601601602E+01   1.050951138E-01
1.611611612E+01   1.093181809E-01
1.621621622E+01   1.134921185E-01
1.631631632E+01   1.176171311E-01
1.641641642E+01   1.216934235E-01
1.651651652E+01   1.257212015E-01
1.661661662E+01   1.297006714E-01
1.671671672E+01   1.336320401E-01
1.681681682E+01   1.375155153E-01
1.691691692E+01   1.413513052E-01
1.701701702E+01   1.451396187E-01
1.711711712E+01   1.488806652E-01
1.721721722E+01   1.525746549E-01
1.731731732E+01   1.562217983E-01
1.741741742E+01   1.598223068E-01
1.751751752E+01   1.633763921E-01
1.761761762E+01   1.668842667E-01
1.771771772E+01   1.703461435E-01
1.781781782E+01   1.737622360E-01
1.791791792E+01   1.771327581E-01
1.801801802E+01   1.804579245E-01
1.811811812E+01   1.837379501E-01
1.821821822E+01   1.869730506E-01
1.831831832E+01   1.901634418E-01
1.841841842E+01   1.933093405E-01
1.851851852E+01   1.964109635E-01
1.861861862E+01   1.994685284E-01
1.871871872E+01   2.024822530E-01
1.881881882E+01   2.054523557E-01
1.891891892E+01   2.083790553E-01
1.901901902E+01   2.112625709E-01
1.911911912E+01   2.141031223E-01
1.921921922E+01   2.169009294E-01
1.931931932E+01   2.196562127E-01
1.941941942E+01   2.223691929E-01
1.951951952E+01   2.250400912E-01
1.961961962E+01   2.276691292E-01
1.971971972E+01   2.302565287E-01
1.981981982E+01   2.328025120E-01
1.991991992E+01   2.353073016E-01
2.002002002E+01   2.377711204E-01
2.012012012E+01   2.401941917E-01
2.022022022E+01   2.425767389E-01
2.032032032E+01   2.449189857E-01
2.042042042E+01   2.472211563E-01
2.052052052E+01   2.494834751E-01
2.062062062E+01   2.517061666E-01
2.072072072E+01   2.538894557E-01
2.082082082E+01   2.560335674E-01
2.092092092E+01   2.581387272E-01
2.102102102E+01   2.602051606E-01
2.112112112E+01   2.622330934E-01
2.122122122E+01   2.642227515E-01
2.132132132E+01   2.661743610E-01
2.142142142E+01   2.680881485E-01
2.152152152E+01   2.699643403E-01
2.162162162E+01   2.718031632E-01
2.172172172E+01   2.736048440E-01
2.182182182E+01   2.753696097E-01
2.192192192E+01   2.770976874E-01
2.202202202E+01   2.787893043E-01
2.212212212E+01   2.804446879E-01
2.222222222E+01   2.820640655E-01
2.232232232E+01   2.836476647E-01
2.242242242E+01   2.851957132E-01
2.252252252E+01   2.867084387E-01
2.262262262E+01   2.881860689E-01
2.272272272E+01   2.896288317E-01
2.282282282E+01   2.910369550E-01
2.292292292E+01   2.924106667E-01
2.302302302E+01   2.937501947E-01
2.312312312E+01   2.950557670E-01
2.322322322E+01   2.963276115E-01
2.332332332E+01   2.975659563E-01
2.342342342E+01   2.987710293E-01
2.352352352E+01   2.999430584E-01
2.362362362E+01   3.010822715E-01
2.372372372E+01   3.021888964E-01
2.382382382E+01   3.032631611E-01
2.392392392E+01   3.043052933E-01
2.402402402E+01   3.053155205E-01
2.412412412E+01   3.062940705E-01
2.422422422E+01   3.072411708E-01
2.432432432E+01   3.081570488E-01
2.442442442E+01   3.090419317E-01
2.452452452E+01   3.098960469E-01
2.462462462E+01   3.107196214E-01
2.472472472E+01   3.115128821E-01
2.482482482E+01   3.122760558E-01
2.492492492E+01   3.130093692E-01
2.502502503E+01   3.137130488E-01
2.512512513E+01   3.143873209E-01
2.522522523E+01   3.150324116E-01
2.532532533E+01   3.156485469E-01
2.542542543E+01   3.162359526E-01
2.552552553E+01   3.167948541E-01
2.562562563E+01   3.173254769E-01
2.572572573E+01   3.178280460E-01
2.582582583E+01   3.183027863E-01
2.592592593E+01   3.187499225E-01
2.602602603E+01   3.191696789E-01
2.612612613E+01   3.195622797E-01
2.622622623E+01   3.199279488E-01
2.632632633E+01   3.202669096E-01
2.642642643E+01   3.205793856E-01
2.652652653E+01   3.208655997E-01
2.662662663E+01   3.211257746E-01
2.672672673E+01   3.213601327E-01
2.682682683E+01   3.215688961E-01
2.692692693E+01   3.217522866E-01
2.702702703E+01   3.219105255E-01
2.712712713E+01   3.220438339E-01
2.722722723E+01   3.221524326E-01
2.732732733E+01   3.222365419E-01
2.742742743E+01   3.222963818E-01
2.752752753E+01   3.223321718E-01
2.762762763E+01   3.223441313E-01
2.772772773E+01   3.223324790E-01
2.782782783E+01   3.222974333E-01
2.792792793E+01   3.222392124E-01
2.802802803E+01   3.221580338E-01
2.812812813E+01   3.220541147E-01
2.822822823E+01   3.219276717E-01
2.832832833E+01   3.217789214E-01
2.842842843E+01   3.216080794E-01
2.852852853E+01   3.214153612E-01
2.862862863E+01   3.212009818E-01
2.872872873E+01   3.209651555E-01
2.882882883E+01   3.207080964E-01
2.892892893E+01   3.204300181E-01
2.902902903E+01   3.201311334E-01
2.912912913E+01   3.198116549E-01
2.922922923E+01   3.194717946E-01
2.932932933E+01   3.191117641E-01
2.942942943E+01   3.187317741E-01
2.952952953E+01   3.183320353E-01
2.962962963E+01   3.179127574E-01
2.972972973E+01   3.174741498E-01
2.982982983E+01   3.170164213E-01
2.992992993E+01   3.165397802E-01
3.003003003E+01   3.160444341E-01
3.013013013E+01   3.155305901E-01
3.023023023E+01   3.149984547E-01
3.033033033E+01   3.144482340E-01
3.043043043E+01   3.138801331E-01
3.053053053E+01   3.132943568E-01
3.063063063E+01   3.126911094E-01
3.073073073E+01   3.120705942E-01
3.083083083E+01   3.114330143E-01
3.093093093E+01   3.107785718E-01
3.103103103E+01   3.101074685E-01
3.113113113E+01   3.094199053E-01
3.123123123E+01   3.087160826E-01
3.133133133E+01   3.079962001E-01
3.143143143E+01   3.072604569E-01
3.153153153E+01   3.065090513E-01
3.163163163E+01   3.057421811E-01
3.173173173E+01   3.049600433E-01
3.183183183E+01   3.041628342E-01
3.193193193E+01   3.033507496E-01
3.203203203E+01   3.025239845E-01
3.213213213E+01   3.016827331E-01
3.223223223E+01   3.008271890E-01
3.233233233E+01   2.999575450E-01
3.243243243E+01   2.990739934E-01
3.253253253E+01   2.981767255E-01
3.263263263E+01   2.972659321E-01
3.273273273E+01   2.963418031E-01
3.283283283E+01   2.954045278E-01
3.293293293E+01   2.944542947E-01
3.303303303E+01   2.934912914E-01
3.313313313E+01   2.925157050E-01
3.323323323E+01   2.915277218E-01
3.333333333E+01   2.905275272E-01
3.343343343E+01   2.895153058E-01
3.353353353E+01   2.884912417E-01
3.363363363E+01   2.874555179E-01
3.373373373E+01   2.864083169E-01
3.383383383E+01   2.853498201E-01
3.393393393E+01   2.842802085E-01
3.403403403E+01   2.831996619E-01
3.413413413E+01   2.821083596E-01
3.423423423E+01   2.810064799E-01
3.433433433E+01   2.798942004E-01
3.443443443E+01   2.787716978E-01
3.453453453E+01   2.776391482E-01
3.463463463E+01   2.764967265E-01
3.473473473E+01   2.753446071E-01
3.483483483E+01   2.741829633E-01
3.493493493E+01   2.730119680E-01
3.503503504E+01   2.718317926E-01
3.513513514E+01   2.706426083E-01
3.523523524E+01   2.694445851E-01
3.533533534E+01   2.682378922E-01
3.543543544E+01   2.670226980E-01
3.553553554E+01   2.657991700E-01
3.563563564E+01   2.645674748E-01
3.573573574E+01   2.633277782E-01
3.583583584E+01   2.620802451E-01
3.593593594E+01   2.608250396E-01
3.603603604E+01   2.595623248E-01
3.613613614E+01   2.582922630E-01
3.623623624E+01   2.570150155E-01
3.633633634E+01   2.557307430E-01
3.643643644E+01   2.544396049E-01
3.653653654E+01   2.531417600E-01
3.663663664E+01   2.518373662E-01
3.673673674E+01   2.505265804E-01
3.683683684E+01   2.492095585E-01
3.693693694E+01   2.478864557E-01
3.703703704E+01   2.465574263E-01
3.713713714E+01   2.452226234E-01
3.723723724E+01   2.438821996E-01
3.733733734E+01   2.425363063E-01
3.743743744E+01   2.411850939E-01
3.753753754E+01   2.398287122E-01
3.763763764E+01   2.384673099E-01
3.773773774E+01   2.371010348E-01
3.783783784E+01   2.357300336E-01
3.793793794E+01   2.343544524E-01
3.803803804E+01   2.329744360E-01
3.813813814E+01   2.315901287E-01
3.823823824E+01   2.302016734E-01
3.833833834E+01   2.288092125E-01
3.843843844E+01   2.274128870E-01
3.853853854E+01   2.260128374E-01
3.863863864E+01   2.246092030E-01
3.873873874E+01   2.232021222E-01
3.883883884E+01   2.217917325E-01
3.893893894E+01   2.203781703E-01
3.903903904E+01   2.189615713E-01
3.913913914E+01   2.175420700E-01
3.923923924E+01   2.161198002E-01
3.933933934E+01   2.146948946E-01
3.943943944E+01   2.132674848E-01
3.953953954E+01   2.118377017E-01
3.963963964E+01   2.104056751E-01
3.973973974E+01   2.089715339E-01
3.983983984E+01   2.075354061E-01
3.993993994E+01   2.060974185E-01
4.004004004E+01   2.046576972E-01
4.014014014E+01   2.032163671E-01
4.024024024E+01   2.017735525E-01
4.034034034E+01   2.003293763E-01
4.044044044E+01   1.988839608E-01
4.054054054E+01   1.974374270E-01
4.064064064E+01   1.959898952E-01
4.074074074E+01   1.945414847E-01
4.084084084E+01   1.930923137E-01
4.094094094E+01   1.916424994E-01
4.104104104E+01   1.901921583E-01
4.114114114E+01   1.887414057E-01
4.124124124E+01   1.872903561E-01
4.134134134E+01   1.858391227E-01
4.144144144E+01   1.843878182E-01
4.154154154E+01   1.829365539E-01
4.164164164E+01   1.814854405E-01
4.174174174E+01   1.800345875E-01
4.184184184E+01   1.785841034E-01
4.194194194E+01   1.771340959E-01
4.204204204E+01   1.756846716E-01
4.214214214E+01   1.742359363E-01
4.224224224E+01   1.727879945E-01
4.234234234E+01   1.713409502E-01
4.244244244E+01   1.698949060E-01
4.254254254E+01   1.684499638E-01
4.264264264E+01   1.670062244E-01
4.274274274E+01   1.655637877E-01
4.284284284E+01   1.641227527E-01
4.294294294E+01   1.626832172E-01
4.304304304E+01   1.612452783E-01
4.314314314E+01   1.598090321E-01
4.324324324E+01   1.583745735E-01
4.334334334E+01   1.569419967E-01
4.344344344E+01   1.555113949E-01
4.354354354E+01   1.540828603E-01
4.364364364E+01   1.526564840E-01
4.374374374E+01   1.512323564E-01
4.384384384E+01   1.498105668E-01
4.394394394E+01   1.483912035E-01
4.404404404E+01   1.469743541E-01
4.414414414E+01   1.455601050E-01
4.424424424E+01   1.441485416E-01
4.434434434E+01   1.427397486E-01
4.444444444E+01   1.413338097E-01
4.454454454E+01   1.399308074E-01
4.464464464E+01   1.385308235E-01
4.474474474E+01   1.371339389E-01
4.484484484E+01   1.357402334E-01
4.494494494E+01   1.343497860E-01
4.504504505E+01   1.329626745E-01
4.514514515E+01   1.315789761E-01
4.524524525E+01   1.301987669E-01
4.534534535E+01   1.288221222E-01
4.544544545E+01   1.274491160E-01
4.554554555E+01   1.260798219E-01
4.564564565E+01   1.247143122E-01
4.574574575E+01   1.233526584E-01
4.584584585E+01   1.219949310E-01
4.594594595E+01   1.206411998E-01
4.604604605E+01   1.192915335E-01
4.614614615E+01   1.179459999E-01
4.624624625E+01   1.166046660E-01
4.634634635E+01   1.152675976E-01
4.644644645E+01   1.139348600E-01
4.654654655E+01   1.126065174E-01
4.664664665E+01   1.112826330E-01
4.674674675E+01   1.099632692E-01
4.684684685E+01   1.086484876E-01
4.694694695E+01   1.073383488E-01
4.704704705E+01   1.060329125E-01
4.714714715E+01   1.047322376E-01
4.724724725E+01   1.034363819E-01
4.734734735E+01   1.021454026E-01
4.744744745E+01   1.008593558E-01
4.754754755E+01   9.957829694E-02
4.764764765E+01   9.830228039E-02
4.774774775E+01   9.703135974E-02
4.784784785E+01   9.576558771E-02
4.794794795E+01   9.450501612E-02
4.804804805E+01   9.324969597E-02
4.814814815E+01   9.199967739E-02
4.824824825E+01   9.075500965E-02
4.834834835E+01   8.951574117E-02
4.844844845E+01   8.828191951E-02
4.854854855E+01   8.705359142E-02
4.864864865E+01   8.583080278E-02
4.874874875E+01   8.461359864E-02
4.884884885E+01   8.340202321E-02
4.894894895E+01   8.219611988E-02
4.904904905E+01   8.099593121E-02
4.914914915E+01   7.980149892E-02
4.924924925E+01   7.861286393E-02
4.934934935E+01   7.743006634E-02
4.944944945E+01   7.625314542E-02
4.954954955E+01   7.508213964E-02
4.964964965E+01   7.391708668E-02
4.974974975E+01   7.275802338E-02
4.984984985E+01   7.160498583E-02
4.994994995E+01   7.045800928E-02
5.005005005E+01   6.931712821E-02
5.015015015E+01   6.818237631E-02
5.025025025E+01   6.705378649E-02
5.035035035E+01   6.593139087E-02
5.045045045E+01   6.481522080E-02
5.055055055E+01   6.370530687E-02
5.065065065E+01   6.260167888E-02
5.075075075E+01   6.150436588E-02
5.085085085E+01   6.041339614E-02
5.095095095E+01   5.932879722E-02
5.105105105E+01   5.825059587E-02
5.115115115E+01   5.717881813E-02
5.125125125E+01   5.611348929E-02
5.135135135E+01   5.505463389E-02
5.145145145E+01   5.400227574E-02
5.155155155E+01   5.295643792E-02
5.165165165E+01   5.191714278E-02
5.175175175E+01   5.088441195E-02
5.185185185E+01   4.985826635E-02
5.195195195E+01   4.883872616E-02
5.205205205E+01   4.782581087E-02
5.215215215E+01   4.681953926E-02
5.225225225E+01   4.581992941E-02
5.235235235E+01   4.482699869E-02
5.245245245E+01   4.384076380E-02
5.255255255E+01   4.286124074E-02
5.265265265E+01   4.188844481E-02
5.275275275E+01   4.092239065E-02
5.285285285E+01   3.996309223E-02
5.295295295E+01   3.901056283E-02
5.305305305E+01   3.806481507E-02
5.315315315E+01   3.712586092E-02
5.325325325E+01   3.619371168E-02
5.335335335E+01   3.526837799E-02
5.345345345E+01   3.434986987E-02
5.355355355E+01   3.343819666E-02
5.365365365E+01   3.253336710E-02
5.375375375E+01   3.163538926E-02
5.385385385E+01   3.074427060E-02
5.395395395E+01   2.986001795E-02
5.405405405E+01   2.898263752E-02
5.415415415E+01   2.811213490E-02
5.425425425E+01   2.724851508E-02
5.435435435E+01   2.639178242E-02
5.445445445E+01   2.554194071E-02
5.455455455E+01   2.469899312E-02
5.465465465E+01   2.386294223E-02
5.475475475E+01   2.303379003E-02
5.485485485E+01   2.221153794E-02
5.495495495E+01   2.139618680E-02
5.505505506E+01   2.058773686E-02
5.515515516E+01   1.978618781E-02
5.525525526E+01   1.899153878E-02
5.535535536E+01   1.820378835E-02
5.545545546E+01   1.742293451E-02
5.555555556E+01   1.664897474E-02
5.565565566E+01   1.588190595E-02
5.575575576E+01   1.512172451E-02
5.585585586E+01   1.436842629E-02
5.595595596E+01   1.362200657E-02
5.605605606E+01   1.288246015E-02
5.615615616E+01   1.214978130E-02
5.625625626E+01   1.142396377E-02
5.635635636E+01   1.070500078E-02
5.645645646E+01   9.992885072E-03
5.655655656E+01   9.287608877E-03
5.665665666E+01   8.589163925E-03
5.675675676E+01   7.897541456E-03
5.685685686E+01   7.212732224E-03
5.695695696E+01   6.534726499E-03
5.705705706E+01   5.863514077E-03
5.715715716E+01   5.199084277E-03
5.725725726E+01   4.541425953E-03
5.735735736E+01   3.890527496E-03
5.745745746E+01   3.246376839E-03
5.755755756E+01   2.608961460E-03
5.765765766E+01   1.978268391E-03
5.775775776E+01   1.354284220E-03
5.785785786E+01   7.369950954E-04
5.795795796E+01   1.263867338E-04
5.805805806E+01   -4.775555786E-04
5.815815816E+01   -1.074846979E-03
5.825825826E+01   -1.665503024E-03
5.835835836E+01   -2.249539685E-03
5.845845846E+01   -2.826973342E-03
5.855855856E+01   -3.397820779E-03
5.865865866E+01   -3.962099182E-03
5.875875876E+01   -4.519826130E-03
5.885885886E+01   -5.071019593E-03
5.895895896E+01   -5.615697926E-03
5.905905906E+01   -6.153879866E-03
5.915915916E+01   -6.685584523E-03
5.925925926E+01   -7.210831380E-03
5.935935936E+01   -7.729640286E-03
5.945945946E+01   -8.242031450E-03
5.955955956E+01   -8.748025439E-03
5.965965966E+01   -9.247643171E-03
5.975975976E+01   -9.740905911E-03
5.985985986E+01   -1.022783527E-02
5.995995996E+01   -1.070845318E-02
6.006006006E+01   -1.118278194E-02
6.016016016E+01   -1.165084414E-02
6.026026026E+01   -1.211266271E-02
6.036036036E+01   -1.256826090E-02
6.046046046E+01   -1.301766228E-02
6.056056056E+01   -1.346089071E-02
6.066066066E+01   -1.389797037E-02
6.076076076E+01   -1.432892573E-02
6.086086086E+01   -1.475378157E-02
6.096096096E+01   -1.517256294E-02
6.106106106E+01   -1.558529519E-02
6.116116116E+01   -1.599200395E-02
6.126126126E+01   -1.639271513E-02
6.136136136E+01   -1.678745490E-02
6.146146146E+01   -1.717624970E-02
6.156156156E+01   -1.755912625E-02
6.166166166E+01   -1.793611150E-02
6.176176176E+01   -1.830723268E-02
6.186186186E+01   -1.867251726E-02
6.196196196E+01   -1.903199295E-02
6.206206206E+01   -1.938568770E-02
6.216216216E+01   -1.973362970E-02
6.226226226E+01   -2.007584737E-02
6.236236236E+01   -2.041236937E-02
6.246246246E+01   -2.074322455E-02
6.256256256E+01   -2.106844201E-02
6.266266266E+01   -2.138805105E-02
6.276276276E+01   -2.170208118E-02
6.286286286E+01   -2.201056211E-02
6.296296296E+01   -2.231352376E-02
6.306306306E+01   -2.261099625E-02
6.316316316E+01   -2.290300987E-02
6.326326326E+01   -2.318959511E-02
6.336336336E+01   -2.347078266E-02
6.346346346E+01   -2.374660335E-02
6.356356356E+01   -2.401708823E-02
6.366366366E+01   -2.428226848E-02
6.376376376E+01   -2.454217548E-02
6.386386386E+01   -2.479684074E-02
6.396396396E+01   -2.504629596E-02
6.406406406E+01   -2.529057296E-02
6.416416416E+01   -2.552970374E-02
6.426426426E+01   -2.576372043E-02
6.436436436E+01   -2.599265531E-02
6.446446446E+01   -2.621654077E-02
6.456456456E+01   -2.643540937E-02
6.466466466E+01   -2.664929379E-02
6.476476476E+01   -2.685822681E-02
6.486486486E+01   -2.706224136E-02
6.496496496E+01   -2.726137047E-02
6.506506507E+01   -2.745564730E-02
6.516516517E+01   -2.764510511E-02
6.526526527E+01   -2.782977725E-02
6.536536537E+01   -2.800969720E-02
6.546546547E+01   -2.818489852E-02
6.556556557E+01   -2.835541486E-02
6.566566567E+01   -2.852127998E-02
6.576576577E+01   -2.868252770E-02
6.586586587E+01   -2.883919195E-02
6.596596597E+01   -2.899130672E-02
6.606606607E+01   -2.913890607E-02
6.616616617E+01   -2.928202416E-02
6.626626627E+01   -2.942069518E-02
6.636636637E+01   -2.955495341E-02
6.646646647E+01   -2.968483319E-02
6.656656657E+01   -2.981036891E-02
6.666666667E+01   -2.993159500E-02
6.676676677E+01   -3.004854596E-02
6.686686687E+01   -3.016125633E-02
6.696696697E+01   -3.026976069E-02
6.706706707E+01   -3.037409366E-02
6.716716717E+01   -3.047428990E-02
6.726726727E+01   -3.057038410E-02
6.736736737E+01   -3.066241097E-02
6.746746747E+01   -3.075040525E-02
6.756756757E+01   -3.083440172E-02
6.766766767E+01   -3.091443515E-02
6.776776777E+01   -3.099054034E-02
6.786786787E+01   -3.106275211E-02
6.796796797E+01   -3.113110528E-02
6.806806807E+01   -3.119563467E-02
6.816816817E+01   -3.125637512E-02
6.826826827E+01   -3.131336144E-02
6.836836837E+01   -3.136662847E-02
6.846846847E+01   -3.141621103E-02
6.856856857E+01   -3.146214391E-02
6.866866867E+01   -3.150446193E-02
6.876876877E+01   -3.154319985E-02
6.886886887E+01   -3.157839245E-02
6.896896897E+01   -3.161007445E-02
6.906906907E+01   -3.163828057E-02
6.916916917E+01   -3.166304550E-02
6.926926927E+01   -3.168440389E-02
6.936936937E+01   -3.170239037E-02
6.946946947E+01   -3.171703951E-02
6.956956957E+01   -3.172838588E-02
6.966966967E+01   -3.173646397E-02
6.976976977E+01   -3.174130824E-02
6.986986987E+01   -3.174295310E-02
6.996996997E+01   -3.174143293E-02
7.007007007E+01   -3.173678202E-02
7.017017017E+01   -3.172903463E-02
7.027027027E+01   -3.171822497E-02
7.037037037E+01   -3.170438716E-02
7.047047047E+01   -3.168755528E-02
7.057057057E+01   -3.166776334E-02
7.067067067E+01   -3.164504527E-02
7.077077077E+01   -3.161943495E-02
7.087087087E+01   -3.159096617E-02
7.097097097E+01   -3.155967265E-02
7.107107107E+01   -3.152558804E-02
7.117117117E+01   -3.148874590E-02
7.127127127E+01   -3.144917970E-02
7.137137137E+01   -3.140692285E-02
7.147147147E+01   -3.136200865E-02
7.157157157E+01   -3.131447033E-02
7.167167167E+01   -3.126434100E-02
7.177177177E+01   -3.121165372E-02
7.187187187E+01   -3.115644140E-02
7.197197197E+01   -3.109873691E-02
7.207207207E+01   -3.103857297E-02
7.217217217E+01   -3.097598222E-02
7.227227227E+01   -3.091099721E-02
7.237237237E+01   -3.084365037E-02
7.247247247E+01   -3.077397400E-02
7.257257257E+01   -3.070200033E-02
7.267267267E+01   -3.062776146E-02
7.277277277E+01   -3.055128937E-02
7.287287287E+01   -3.047261593E-02
7.297297297E+01   -3.039177289E-02
7.307307307E+01   -3.030879190E-02
7.317317317E+01   -3.022370446E-02
7.327327327E+01   -3.013654196E-02
7.337337337E+01   -3.004733567E-02
7.347347347E+01   -2.995611674E-02
7.357357357E+01   -2.986291617E-02
7.367367367E+01   -2.976776485E-02
7.377377377E+01   -2.967069353E-02
7.387387387E+01   -2.957173283E-02
7.397397397E+01   -2.947091323E-02
7.407407407E+01   -2.936826510E-02
7.417417417E+01   -2.926381864E-02
7.427427427E+01   -2.915760392E-02
7.437437437E+01   -2.904965089E-02
7.447447447E+01   -2.893998934E-02
7.457457457E+01   -2.882864891E-02
7.467467467E+01   -2.871565913E-02
7.477477477E+01   -2.860104935E-02
7.487487487E+01   -2.848484879E-02
7.497497497E+01   -2.836708651E-02
7.507507508E+01   -2.824779145E-02
7.517517518E+01   -2.812699236E-02
7.527527528E+01   -2.800471787E-02
7.537537538E+01   -2.788099644E-02
7.547547548E+01   -2.775585639E-02
7.557557558E+01   -2.762932587E-02
7.567567568E+01   -2.750143289E-02
7.577577578E+01   -2.737220530E-02
7.587587588E+01   -2.724167077E-02
7.597597598E+01   -2.710985685E-02
7.607607608E+01   -2.697679090E-02
7.617617618E+01   -2.684250013E-02
7.627627628E+01   -2.670701159E-02
7.637637638E+01   -2.657035217E-02
7.647647648E+01   -2.643254859E-02
7.657657658E+01   -2.629362741E-02
7.667667668E+01   -2.615361503E-02
7.677677678E+01   -2.601253767E-02
7.687687688E+01   -2.587042140E-02
7.697697698E+01   -2.572729212E-02
7.707707708E+01   -2.558317555E-02
7.717717718E+01   -2.543809727E-02
7.727727728E+01   -2.529208265E-02
7.737737738E+01   -2.514515692E-02
7.747747748E+01   -2.499734514E-02
7.757757758E+01   -2.484867220E-02
7.767767768E+01   -2.469916280E-02
7.777777778E+01   -2.454884148E-02
7.787787788E+01   -2.439773262E-02
7.797797798E+01   -2.424586041E-02
7.807807808E+01   -2.409324888E-02
7.817817818E+01   -2.393992187E-02
7.827827828E+01   -2.378590308E-02
7.837837838E+01   -2.363121599E-02
7.847847848E+01   -2.347588395E-02
7.857857858E+01   -2.331993010E-02
7.867867868E+01   -2.316337744E-02
7.877877878E+01   -2.300624877E-02
7.887887888E+01   -2.284856671E-02
7.897897898E+01   -2.269035373E-02
7.907907908E+01   -2.253163211E-02
7.917917918E+01   -2.237242396E-02
7.927927928E+01   -2.221275120E-02
7.937937938E+01   -2.205263558E-02
7.947947948E+01   -2.189209870E-02
7.957957958E+01   -2.173116196E-02
7.967967968E+01   -2.156984657E-02
7.977977978E+01   -2.140817360E-02
7.987987988E+01   -2.124616391E-02
7.997997998E+01   -2.108383822E-02
8.008008008E+01   -2.092121703E-02
8.018018018E+01   -2.075832072E-02
8.028028028E+01   -2.059516944E-02
8.038038038E+01   -2.043178320E-02
8.048048048E+01   -2.026818182E-02
8.058058058E+01   -2.010438495E-02
8.068068068E+01   -1.994041206E-02
8.078078078E+01   -1.977628246E-02
8.088088088E+01   -1.961201527E-02
8.098098098E+01   -1.944762943E-02
8.108108108E+01   -1.928314374E-02
8.118118118E+01   -1.911857679E-02
8.128128128E+01   -1.895394701E-02
8.138138138E+01   -1.878927267E-02
8.148148148E+01   -1.862457184E-02
8.158158158E+01   -1.845986246E-02
8.168168168E+01   -1.829516225E-02
8.178178178E+01   -1.813048879E-02
8.188188188E+01   -1.796585948E-02
8.198198198E+01   -1.780129156E-02
8.208208208E+01   -1.763680209E-02
8.218218218E+01   -1.747240795E-02
8.228228228E+01   -1.730812588E-02
8.238238238E+01   -1.714397242E-02
8.248248248E+01   -1.697996397E-02
8.258258258E+01   -1.681611676E-02
8.268268268E+01   -1.665244683E-02
8.278278278E+01   -1.648897007E-02
8.288288288E+01   -1.632570222E-02
8.298298298E+01   -1.616265882E-02
8.308308308E+01   -1.599985529E-02
8.318318318E+01   -1.583730684E-02
8.328328328E+01   -1.567502856E-02
8.338338338E+01   -1.551303535E-02
8.348348348E+01   -1.535134197E-02
8.358358358E+01   -1.518996299E-02
8.368368368E+01   -1.502891286E-02
8.378378378E+01   -1.486820584E-02
8.388388388E+01   -1.470785605E-02
8.398398398E+01   -1.454787744E-02
8.408408408E+01   -1.438828381E-02
8.418418418E+01   -1.422908881E-02
8.428428428E+01   -1.407030593E-02
8.438438438E+01   -1.391194850E-02
8.448448448E+01   -1.375402972E-02
8.458458458E+01   -1.359656261E-02
8.468468468E+01   -1.343956006E-02
8.478478478E+01   -1.328303479E-02
8.488488488E+01   -1.312699940E-02
8.498498498E+01   -1.297146632E-02
8.508508509E+01   -1.281644783E-02
8.518518519E+01   -1.266195608E-02
8.528528529E+01   -1.250800307E-02
8.538538539E+01   -1.235460065E-02
8.548548549E+01   -1.220176053E-02
8.558558559E+01   -1.204949427E-02
8.568568569E+01   -1.189781332E-02
8.578578579E+01   -1.174672895E-02
8.588588589E+01   -1.159625231E-02
8.598598599E+01   -1.144639442E-02
8.608608609E+01   -1.129716615E-02
8.618618619E+01   -1.114857823E-02
8.628628629E+01   -1.100064128E-02
8.638638639E+01   -1.085336577E-02
8.648648649E+01   -1.070676203E-02
8.658658659E+01   -1.056084027E-02
8.668668669E+01   -1.041561057E-02
8.678678679E+01   -1.027108289E-02
8.688688689E+01   -1.012726703E-02
8.698698699E+01   -9.984172703E-03
8.708708709E+01   -9.841809473E-03
8.718718719E+01   -9.700186787E-03
8.728728729E+01   -9.559313968E-03
8.738738739E+01   -9.419200218E-03
8.748748749E+01   -9.279854618E-03
8.758758759E+01   -9.141286130E-03
8.768768769E+01   -9.003503598E-03
8.778778779E+01   -8.866515749E-03
8.788788789E+01   -8.730331194E-03
8.798798799E+01   -8.594958432E-03
8.808808809E+01   -8.460405845E-03
8.818818819E+01   -8.326681707E-03
8.828828829E+01   -8.193794179E-03
8.838838839E+01   -8.061751314E-03
8.848848849E+01   -7.930561055E-03
8.858858859E+01   -7.800231242E-03
8.868868869E+01   -7.670769605E-03
8.878878879E+01   -7.542183773E-03
8.888888889E+01   -7.414481271E-03
8.898898899E+01   -7.287669523E-03
8.908908909E+01   -7.161755850E-03
8.918918919E+01   -7.036747479E-03
8.928928929E+01   -6.912651533E-03
8.938938939E+01   -6.789475044E-03
8.948948949E+01   -6.667224946E-03
8.958958959E+01   -6.545908079E-03
8.968968969E+01   -6.425531191E-03
8.978978979E+01   -6.306100940E-03
8.988988989E+01   -6.187623892E-03
8.998998999E+01   -6.070106526E-03
9.009009009E+01   -5.953555231E-03
9.019019019E+01   -5.837976314E-03
9.029029029E+01   -5.723375994E-03
9.039039039E+01   -5.609760408E-03
9.049049049E+01   -5.497135609E-03
9.059059059E+01   -5.385507573E-03
9.069069069E+01   -5.274882193E-03
9.079079079E+01   -5.165265284E-03
9.089089089E+01   -5.056662587E-03
9.099099099E+01   -4.949079764E-03
9.109109109E+01   -4.842522404E-03
9.119119119E+01   -4.736996024E-03
9.129129129E+01   -4.632506068E-03
9.139139139E+01   -4.529057909E-03
9.149149149E+01   -4.426656853E-03
9.159159159E+01   -4.325308136E-03
9.169169169E+01   -4.225016929E-03
9.179179179E+01   -4.125788336E-03
9.189189189E+01   -4.027627398E-03
9.199199199E+01   -3.930539093E-03
9.209209209E+01   -3.834528339E-03
9.219219219E+01   -3.739599991E-03
9.229229229E+01   -3.645758846E-03
9.239239239E+01   -3.553009645E-03
9.249249249E+01   -3.461357070E-03
9.259259259E+01   -3.370805748E-03
9.269269269E+01   -3.281360254E-03
9.279279279E+01   -3.193025109E-03
9.289289289E+01   -3.105804781E-03
9.299299299E+01   -3.019703690E-03
9.309309309E+01   -2.934726204E-03
9.319319319E+01   -2.850876646E-03
9.329329329E+01   -2.768159290E-03
9.339339339E+01   -2.686578365E-03
9.349349349E+01   -2.606138055E-03
9.359359359E+01   -2.526842503E-03
9.369369369E+01   -2.448695806E-03
9.379379379E+01   -2.371702023E-03
9.389389389E+01   -2.295865172E-03
9.399399399E+01   -2.221189232E-03
9.409409409E+01   -2.147678145E-03
9.419419419E+01   -2.075335814E-03
9.429429429E+01   -2.004166111E-03
9.439439439E+01   -1.934172870E-03
9.449449449E+01   -1.865359892E-03
9.459459459E+01   -1.797730947E-03
9.469469469E+01   -1.731289774E-03
9.479479479E+01   -1.666040079E-03
9.489489489E+01   -1.601985542E-03
9.499499499E+01   -1.539129813E-03
9.509509510E+01   -1.477476515E-03
9.519519520E+01   -1.417029246E-03
9.529529530E+01   -1.357791578E-03
9.539539540E+01   -1.299767057E-03
9.549549550E+01   -1.242959208E-03
9.559559560E+01   -1.187371533E-03
9.569569570E+01   -1.133007513E-03
9.579579580E+01   -1.079870605E-03
9.589589590E+01   -1.027964252E-03
9.599599600E+01   -9.772918725E-04
9.609609610E+01   -9.278568707E-04
9.619619620E+01   -8.796626321E-04
9.629629630E+01   -8.327125260E-04
9.639639640E+01   -7.870099064E-04
9.649649650E+01   -7.425581122E-04
9.659659660E+01   -6.993604684E-04
9.669669670E+01   -6.574202869E-04
9.679679680E+01   -6.167408667E-04
9.689689690E+01   -5.773254954E-04
9.699699700E+01   -5.391774492E-04
9.709709710E+01   -5.022999939E-04
9.719719720E+01   -4.666963857E-04
9.729729730E+01   -4.323698713E-04
9.739739740E+01   -3.993236893E-04
9.749749750E+01   -3.675610701E-04
9.759759760E+01   -3.370852370E-04
9.769769770E+01   -3.078994062E-04
9.779779780E+01   -2.800067879E-04
9.789789790E+01   -2.534105867E-04
9.799799800E+01   -2.281140018E-04
9.809809810E+01   -2.041202278E-04
9.819819820E+01   -1.814324549E-04
9.829829830E+01   -1.600538696E-04
9.839839840E+01   -1.399876550E-04
9.849849850E+01   -1.212369911E-04
9.859859860E+01   -1.038050553E-04
9.869869870E+01   -8.769502276E-05
9.879879880E+01   -7.291006655E-05
9.889889890E+01   -5.945335815E-05
9.899899900E+01   -4.732806763E-05
9.909909910E+01   -3.653736392E-05
9.919919920E+01   -2.708441504E-05
9.929929930E+01   -1.897238831E-05
9.939939940E+01   -1.220445051E-05
9.949949950E+01   -6.783768087E-06
9.959959960E+01   -2.713507219E-06
9.969969970E+01   3.166033003E-09
9.979979980E+01   1.363085662E-06
9.989989990E+01   1.363085662E-06
1.000000000E+02   0.000000000E+00
