0.000000000E+00   -8.930769244E-01
1.001001001E-01   -8.790769245E-01
2.002002002E-01   -8.651780900E-01
3.003003003E-01   -8.513804210E-01
4.004004004E-01   -8.376839171E-01
5.005005005E-01   -8.240885728E-01
6.006006006E-01   -8.105943774E-01
7.007007007E-01   -7.972013151E-01
8.008008008E-01   -7.839093650E-01
9.009009009E-01   -7.707185012E-01
1.001001001E+00   -7.576286925E-01
1.101101101E+00   -7.446399026E-01
1.201201201E+00   -7.317520900E-01
1.301301301E+00   -7.189652081E-01
1.401401401E+00   -7.062792050E-01
1.501501502E+00   -6.936940240E-01
1.601601602E+00   -6.812096027E-01
1.701701702E+00   -6.688258739E-01
1.801801802E+00   -6.565427651E-01
1.901901902E+00   -6.443601985E-01
2.002002002E+00   -6.322780914E-01
2.102102102E+00   -6.202963556E-01
2.202202202E+00   -6.084148979E-01
2.302302302E+00   -5.966336198E-01
2.402402402E+00   -5.849524177E-01
2.502502503E+00   -5.733711828E-01
2.602602603E+00   -5.618898011E-01
2.702702703E+00   -5.505081534E-01
2.802802803E+00   -5.392261153E-01
2.902902903E+00   -5.280435573E-01
3.003003003E+00   -5.169603448E-01
3.103103103E+00   -5.059763378E-01
3.203203203E+00   -4.950913913E-01
3.303303303E+00   -4.843053553E-01
3.403403403E+00   -4.736180742E-01
3.503503504E+00   -4.630293879E-01
3.603603604E+00   -4.525391306E-01
3.703703704E+00   -4.421471317E-01
3.803803804E+00   -4.318532154E-01
3.903903904E+00   -4.216572010E-01
4.004004004E+00   -4.115589023E-01
4.104104104E+00   -4.015581285E-01
4.204204204E+00   -3.916546835E-01
4.304304304E+00   -3.818483661E-01
4.404404404E+00   -3.721389703E-01
4.504504505E+00   -3.625262850E-01
4.604604605E+00   -3.530100940E-01
4.704704705E+00   -3.435901761E-01
4.804804805E+00   -3.342663055E-01
4.904904905E+00   -3.250382511E-01
5.005005005E+00   -3.159057769E-01
5.105105105E+00   -3.068686423E-01
5.205205205E+00   -2.979266014E-01
5.305305305E+00   -2.890794039E-01
5.405405405E+00   -2.803267942E-01
5.505505506E+00   -2.716685122E-01
5.605605606E+00   -2.631042929E-01
5.705705706E+00   -2.546338667E-01
5.805805806E+00   -2.462569589E-01
5.905905906E+00   -2.379732904E-01
6.006006006E+00   -2.297825773E-01
6.106106106E+00   -2.216845311E-01
6.206206206E+00   -2.136788585E-01
6.306306306E+00   -2.057652618E-01
6.406406406E+00   -1.979434386E-01
6.506506507E+00   -1.902130819E-01
6.606606607E+00   -1.825738803E-01
6.706706707E+00   -1.750255179E-01
6.806806807E+00   -1.675676743E-01
6.906906907E+00   -1.602000246E-01
7.007007007E+00   -1.529222397E-01
7.107107107E+00   -1.457339860E-01
7.207207207E+00   -1.386349255E-01
7.307307307E+00   -1.316247160E-01
7.407407407E+00   -1.247030112E-01
7.507507508E+00   -1.178694604E-01
7.607607608E+00   -1.111237086E-01
7.707707708E+00   -1.044653970E-01
7.807807808E+00   -9.789416229E-02
7.907907908E+00   -9.140963738E-02
8.008008008E+00   -8.501145105E-02
8.108108108E+00   -7.869922807E-02
8.208208208E+00   -7.247258927E-02
8.308308308E+00   -6.633115157E-02
8.408408408E+00   -6.027452802E-02
8.508508509E+00   -5.430232781E-02
8.608608609E+00   -4.841415638E-02
8.708708709E+00   -4.260961540E-02
8.808808809E+00   -3.688830284E-02
8.908908909E+00   -3.124981300E-02
9.009009009E+00   -2.569373659E-02
9.109109109E+00   -2.021966072E-02
9.209209209E+00   -1.482716898E-02
9.309309309E+00   -9.515841498E-03
9.409409409E+00   -4.285254945E-03
9.509509510E+00   8.650173866E-04
9.609609610E+00   5.935405548E-03
9.709709710E+00   1.092634288E-02
9.809809810E+00   1.583826598E-02
9.909909910E+00   2.067161464E-02
1.001001001E+01   2.542683178E-02
1.011011011E+01   3.010436345E-02
1.021021021E+01   3.470465874E-02
1.031031031E+01   3.922816972E-02
1.041041041E+01   4.367535145E-02
1.051051051E+01   4.804666184E-02
1.061061061E+01   5.234256170E-02
1.071071071E+01   5.656351459E-02
1.081081081E+01   6.070998684E-02
1.091091091E+01   6.478244747E-02
1.101101101E+01   6.878136814E-02
1.111111111E+01   7.270722309E-02
1.121121121E+01   7.656048909E-02
1.131131131E+01   8.034164542E-02
1.141141141E+01   8.405117374E-02
1.151151151E+01   8.768955813E-02
1.161161161E+01   9.125728496E-02
1.171171171E+01   9.475484287E-02
1.181181181E+01   9.818272271E-02
1.191191191E+01   1.015414175E-01
1.201201201E+01   1.048314223E-01
1.211211211E+01   1.080532343E-01
1.221221221E+01   1.112073527E-01
1.231231231E+01   1.142942784E-01
1.241241241E+01   1.173145145E-01
1.251251251E+01   1.202685657E-01
1.261261261E+01   1.231569385E-01
1.271271271E+01   1.259801413E-01
1.281281281E+01   1.287386837E-01
1.291291291E+01   1.314330775E-01
1.301301301E+01   1.340638355E-01
1.311311311E+01   1.366314723E-01
1.321321321E+01   1.391365037E-01
1.331331331E+01   1.415794472E-01
1.341341341E+01   1.439608212E-01
1.351351351E+01   1.462811457E-01
1.361361361E+01   1.485409416E-01
1.371371371E+01   1.507407312E-01
1.381381381E+01   1.528810377E-01
1.391391391E+01   1.549623854E-01
1.401401401E+01   1.569852995E-01
1.411411411E+01   1.589503063E-01
1.421421421E+01   1.608579326E-01
1.431431431E+01   1.627087063E-01
1.441441441E+01   1.645031560E-01
1.451451451E+01   1.662418107E-01
1.461461461E+01   1.679252004E-01
1.471471471E+01   1.695538555E-01
1.481481481E+01   1.711283068E-01
1.491491491E+01   1.726490857E-01
1.501501502E+01   1.741167239E-01
1.511511512E+01   1.755317534E-01
1.521521522E+01   1.768947067E-01
1.531531532E+01   1.782061163E-01
1.541541542E+01   1.794665150E-01
1.551551552E+01   1.806764355E-01
1.561561562E+01   1.818364107E-01
1.571571572E+01   1.829469736E-01
1.581581582E+01   1.840086570E-01
1.591591592E+01   1.850219936E-01
1.601601602E+01   1.859875160E-01
1.611611612E+01   1.869057564E-01
1.621621622E+01   1.877772468E-01
1.631631632E+01   1.886025191E-01
1.641641642E+01   1.893821044E-01
1.651651652E+01   1.901165337E-01
1.661661662E+01   1.908063373E-01
1.671671672E+01   1.914520450E-01
1.681681682E+01   1.920541860E-01
1.691691692E+01   1.926132889E-01
1.701701702E+01   1.931298814E-01
1.711711712E+01   1.936044907E-01
1.721721722E+01   1.940376429E-01
1.731731732E+01   1.944298635E-01
1.741741742E+01   1.947816768E-01
1.751751752E+01   1.950936064E-01
1.761761762E+01   1.953661747E-01
1.771771772E+01   1.955999030E-01
1.781781782E+01   1.957953116E-01
1.791791792E+01   1.959529195E-01
1.801801802E+01   1.960732446E-01
1.811811812E+01   1.961568035E-01
1.821821822E+01   1.962041112E-01
1.831831832E+01   1.962156818E-01
1.841841842E+01   1.961920276E-01
1.851851852E+01   1.961336596E-01
1.861861862E+01   1.960410872E-01
1.871871872E+01   1.959148183E-01
1.881881882E+01   1.957553591E-01
1.891891892E+01   1.955632144E-01
1.901901902E+01   1.953388869E-01
1.911911912E+01   1.950828778E-01
1.921921922E+01   1.947956866E-01
1.931931932E+01   1.944778108E-01
1.941941942E+01   1.941297460E-01
1.951951952E+01   1.937519861E-01
1.961961962E+01   1.933450228E-01
1.971971972E+01   1.929093459E-01
1.981981982E+01   1.924454433E-01
1.991991992E+01   1.919538005E-01
2.002002002E+01   1.914349013E-01
2.012012012E+01   1.908892270E-01
2.022022022E+01   1.903172568E-01
2.032032032E+01   1.897194678E-01
2.042042042E+01   1.890963345E-01
2.052052052E+01   1.884483296E-01
2.062062062E+01   1.877759229E-01
2.072072072E+01   1.870795823E-01
2.082082082E+01   1.863597729E-01
2.092092092E+01   1.856169576E-01
2.102102102E+01   1.848515967E-01
2.112112112E+01   1.840641481E-01
2.122122122E+01   1.832550669E-01
2.132132132E+01   1.824248059E-01
2.142142142E+01   1.815738150E-01
2.152152152E+01   1.807025418E-01
2.162162162E+01   1.798114309E-01
2.172172172E+01   1.789009243E-01
2.182182182E+01   1.779714614E-01
2.192192192E+01   1.770234785E-01
2.202202202E+01   1.760574094E-01
2.212212212E+01   1.750736850E-01
2.222222222E+01   1.740727333E-01
2.232232232E+01   1.730549794E-01
2.242242242E+01   1.720208455E-01
2.252252252E+01   1.709707510E-01
2.262262262E+01   1.699051120E-01
2.272272272E+01   1.688243420E-01
2.282282282E+01   1.677288513E-01
2.292292292E+01   1.666190472E-01
2.302302302E+01   1.654953338E-01
2.312312312E+01   1.643581124E-01
2.322322322E+01   1.632077810E-01
2.332332332E+01   1.620447345E-01
2.342342342E+01   1.608693646E-01
2.352352352E+01   1.596820600E-01
2.362362362E+01   1.584832061E-01
2.372372372E+01   1.572731850E-01
2.382382382E+01   1.560523759E-01
2.392392392E+01   1.548211543E-01
2.402402402E+01   1.535798928E-01
2.412412412E+01   1.523289606E-01
2.422422422E+01   1.510687236E-01
2.432432432E+01   1.497995444E-01
2.442442442E+01   1.485217822E-01
2.452452452E+01   1.472357930E-01
2.462462462E+01   1.459419293E-01
2.472472472E+01   1.446405403E-01
2.482482482E+01   1.433319718E-01
2.492492492E+01   1.420165664E-01
2.502502503E+01   1.406946628E-01
2.512512513E+01   1.393665969E-01
2.522522523E+01   1.380327006E-01
2.532532533E+01   1.366933028E-01
2.542542543E+01   1.353487286E-01
2.552552553E+01   1.339993000E-01
2.562562563E+01   1.326453352E-01
2.572572573E+01   1.312871490E-01
2.582582583E+01   1.299250530E-01
2.592592593E+01   1.285593548E-01
2.602602603E+01   1.271903590E-01
2.612612613E+01   1.258183664E-01
2.622622623E+01   1.244436743E-01
2.632632633E+01   1.230665765E-01
2.642642643E+01   1.216873635E-01
2.652652653E+01   1.203063220E-01
2.662662663E+01   1.189237353E-01
2.672672673E+01   1.175398831E-01
2.682682683E+01   1.161550416E-01
2.692692693E+01   1.147694835E-01
2.702702703E+01   1.133834778E-01
2.712712713E+01   1.119972903E-01
2.722722723E+01   1.106111828E-01
2.732732733E+01   1.092254140E-01
2.742742743E+01   1.078402389E-01
2.752752753E+01   1.064559087E-01
2.762762763E+01   1.050726715E-01
2.772772773E+01   1.036907716E-01
2.782782783E+01   1.023104498E-01
2.792792793E+01   1.009319435E-01
2.802802803E+01   9.955548628E-02
2.812812813E+01   9.818130855E-02
2.822822823E+01   9.680963700E-02
2.832832833E+01   9.544069485E-02
2.842842843E+01   9.407470181E-02
2.852852853E+01   9.271187411E-02
2.862862863E+01   9.135242445E-02
2.872872873E+01   8.999656208E-02
2.882882883E+01   8.864449274E-02
2.892892893E+01   8.729641872E-02
2.902902903E+01   8.595253881E-02
2.912912913E+01   8.461304838E-02
2.922922923E+01   8.327813933E-02
2.932932933E+01   8.194800014E-02
2.942942943E+01   8.062281584E-02
2.952952953E+01   7.930276806E-02
2.962962963E+01   7.798803501E-02
2.972972973E+01   7.667879150E-02
2.982982983E+01   7.537520898E-02
2.992992993E+01   7.407745550E-02
3.003003003E+01   7.278569576E-02
3.013013013E+01   7.150009110E-02
3.023023023E+01   7.022079955E-02
3.033033033E+01   6.894797580E-02
3.043043043E+01   6.768177124E-02
3.053053053E+01   6.642233394E-02
3.063063063E+01   6.516980874E-02
3.073073073E+01   6.392433716E-02
3.083083083E+01   6.268605753E-02
3.093093093E+01   6.145510489E-02
3.103103103E+01   6.023161111E-02
3.113113113E+01   5.901570482E-02
3.123123123E+01   5.780751150E-02
3.133133133E+01   5.660715343E-02
3.143143143E+01   5.541474978E-02
3.153153153E+01   5.423041655E-02
3.163163163E+01   5.305426665E-02
3.173173173E+01   5.188640989E-02
3.183183183E+01   5.072695299E-02
3.193193193E+01   4.957599962E-02
3.203203203E+01   4.843365043E-02
3.213213213E+01   4.730000303E-02
3.223223223E+01   4.617515204E-02
3.233233233E+01   4.505918908E-02
3.243243243E+01   4.395220285E-02
3.253253253E+01   4.285427909E-02
3.263263263E+01   4.176550062E-02
3.273273273E+01   4.068594737E-02
3.283283283E+01   3.961569639E-02
3.293293293E+01   3.855482191E-02
3.303303303E+01   3.750339528E-02
3.313313313E+01   3.646148507E-02
3.323323323E+01   3.542915708E-02
3.333333333E+01   3.440647431E-02
3.343343343E+01   3.339349705E-02
3.353353353E+01   3.239028286E-02
3.363363363E+01   3.139688662E-02
3.373373373E+01   3.041336053E-02
3.383383383E+01   2.943975414E-02
3.393393393E+01   2.847611439E-02
3.403403403E+01   2.752248563E-02
3.413413413E+01   2.657890960E-02
3.423423423E+01   2.564542555E-02
3.433433433E+01   2.472207015E-02
3.443443443E+01   2.380887760E-02
3.453453453E+01   2.290587964E-02
3.463463463E+01   2.201310553E-02
3.473473473E+01   2.113058212E-02
3.483483483E+01   2.025833388E-02
3.493493493E+01   1.939638289E-02
3.503503504E+01   1.854474889E-02
3.513513514E+01   1.770344929E-02
3.523523524E+01   1.687249923E-02
3.533533534E+01   1.605191156E-02
3.543543544E+01   1.524169691E-02
3.553553554E+01   1.444186367E-02
3.563563564E+01   1.365241807E-02
3.573573574E+01   1.287336417E-02
3.583583584E+01   1.210470388E-02
3.593593594E+01   1.134643702E-02
3.603603604E+01   1.059856132E-02
3.613613614E+01   9.861072471E-03
3.623623624E+01   9.133964123E-03
3.633633634E+01   8.417227931E-03
3.643643644E+01   7.710853581E-03
3.653653654E+01   7.014828812E-03
3.663663664E+01   6.329139447E-03
3.673673674E+01   5.653769416E-03
3.683683684E+01   4.988700792E-03
3.693693694E+01   4.333913807E-03
3.703703704E+01   3.689386891E-03
3.713713714E+01   3.055096689E-03
3.723723724E+01   2.431018098E-03
3.733733734E+01   1.817124287E-03
3.743743744E+01   1.213386727E-03
3.753753754E+01   6.197752234E-04
3.763763764E+01   3.625793474E-05
3.773773774E+01   -5.371985928E-04
3.783783784E+01   -1.100629401E-03
3.793793794E+01   -1.654071090E-03
3.803803804E+01   -2.197561795E-03
3.813813814E+01   -2.731141152E-03
3.823823824E+01   -3.254850278E-03
3.833833834E+01   -3.768731737E-03
3.843843844E+01   -4.272829516E-03
3.853853854E+01   -4.767188998E-03
3.863863864E+01   -5.251856934E-03
3.873873874E+01   -5.726881413E-03
3.883883884E+01   -6.192311840E-03
3.893893894E+01   -6.648198906E-03
3.903903904E+01   -7.094594560E-03
3.913913914E+01   -7.531551983E-03
3.923923924E+01   -7.959125563E-03
3.933933934E+01   -8.377370865E-03
3.943943944E+01   -8.786344606E-03
3.953953954E+01   -9.186104628E-03
3.963963964E+01   -9.576709873E-03
3.973973974E+01   -9.958220353E-03
3.983983984E+01   -1.033069713E-02
3.993993994E+01   -1.069420227E-02
4.004004004E+01   -1.104879886E-02
4.014014014E+01   -1.139455093E-02
4.024024024E+01   -1.173152345E-02
4.034034034E+01   -1.205978234E-02
4.044044044E+01   -1.237939436E-02
4.054054054E+01   -1.269042717E-02
4.064064064E+01   -1.299294926E-02
4.074074074E+01   -1.328702993E-02
4.084084084E+01   -1.357273926E-02
4.094094094E+01   -1.385014812E-02
4.104104104E+01   -1.411932808E-02
4.114114114E+01   -1.438035147E-02
4.124124124E+01   -1.463329126E-02
4.134134134E+01   -1.487822113E-02
4.144144144E+01   -1.511521537E-02
4.154154154E+01   -1.534434889E-02
4.164164164E+01   -1.556569721E-02
4.174174174E+01   -1.577933640E-02
4.184184184E+01   -1.598534308E-02
4.194194194E+01   -1.618379441E-02
4.204204204E+01   -1.637476801E-02
4.214214214E+01   -1.655834202E-02
4.224224224E+01   -1.673459499E-02
4.234234234E+01   -1.690360594E-02
4.244244244E+01   -1.706545426E-02
4.254254254E+01   -1.722021976E-02
4.264264264E+01   -1.736798258E-02
4.274274274E+01   -1.750882322E-02
4.284284284E+01   -1.764282251E-02
4.294294294E+01   -1.777006154E-02
4.304304304E+01   -1.789062172E-02
4.314314314E+01   -1.800458469E-02
4.324324324E+01   -1.811203232E-02
4.334334334E+01   -1.821304672E-02
4.344344344E+01   -1.830771015E-02
4.354354354E+01   -1.839610510E-02
4.364364364E+01   -1.847831416E-02
4.374374374E+01   -1.855442008E-02
4.384384384E+01   -1.862450571E-02
4.394394394E+01   -1.868865402E-02
4.404404404E+01   -1.874694802E-02
4.414414414E+01   -1.879947079E-02
4.424424424E+01   -1.884630546E-02
4.434434434E+01   -1.888753516E-02
4.444444444E+01   -1.892324302E-02
4.454454454E+01   -1.895351216E-02
4.464464464E+01   -1.897842567E-02
4.474474474E+01   -1.899806657E-02
4.484484484E+01   -1.901251782E-02
4.494494494E+01   -1.902186229E-02
4.504504505E+01   -1.902618274E-02
4.514514515E+01   -1.902556181E-02
4.524524525E+01   -1.902008201E-02
4.534534535E+01   -1.900982568E-02
4.544544545E+01   -1.899487500E-02
4.554554555E+01   -1.897531197E-02
4.564564565E+01   -1.895121838E-02
4.574574575E+01   -1.892267579E-02
4.584584585E+01   -1.888976555E-02
4.594594595E+01   -1.885256876E-02
4.604604605E+01   -1.881116624E-02
4.614614615E+01   -1.876563855E-02
4.624624625E+01   -1.871606597E-02
4.634634635E+01   -1.866252846E-02
4.644644645E+01   -1.860510566E-02
4.654654655E+01   -1.854387689E-02
4.664664665E+01   -1.847892113E-02
4.674674675E+01   -1.841031699E-02
4.684684685E+01   -1.833814273E-02
4.694694695E+01   -1.826247621E-02
4.704704705E+01   -1.818339490E-02
4.714714715E+01   -1.810097589E-02
4.724724725E+01   -1.801529581E-02
4.734734735E+01   -1.792643090E-02
4.744744745E+01   -1.783445694E-02
4.754754755E+01   -1.773944927E-02
4.764764765E+01   -1.764148276E-02
4.774774775E+01   -1.754063183E-02
4.784784785E+01   -1.743697039E-02
4.794794795E+01   -1.733057188E-02
4.804804805E+01   -1.722150923E-02
4.814814815E+01   -1.710985486E-02
4.824824825E+01   -1.699568067E-02
4.834834835E+01   -1.687905805E-02
4.844844845E+01   -1.676005781E-02
4.854854855E+01   -1.663875027E-02
4.864864865E+01   -1.651520515E-02
4.874874875E+01   -1.638949163E-02
4.884884885E+01   -1.626167832E-02
4.894894895E+01   -1.613183324E-02
4.904904905E+01   -1.600002384E-02
4.914914915E+01   -1.586631698E-02
4.924924925E+01   -1.573077890E-02
4.934934935E+01   -1.559347525E-02
4.944944945E+01   -1.545447107E-02
4.954954955E+01   -1.531383079E-02
4.964964965E+01   -1.517161818E-02
4.974974975E+01   -1.502789643E-02
4.984984985E+01   -1.488272805E-02
4.994994995E+01   -1.473617495E-02
5.005005005E+01   -1.458829835E-02
5.015015015E+01   -1.443915886E-02
5.025025025E+01   -1.428881641E-02
5.035035035E+01   -1.413733027E-02
5.045045045E+01   -1.398475907E-02
5.055055055E+01   -1.383116075E-02
5.065065065E+01   -1.367659258E-02
5.075075075E+01   -1.352111115E-02
5.085085085E+01   -1.336477239E-02
5.095095095E+01   -1.320763154E-02
5.105105105E+01   -1.304974314E-02
5.115115115E+01   -1.289116105E-02
5.125125125E+01   -1.273193845E-02
5.135135135E+01   -1.257212782E-02
5.145145145E+01   -1.241178094E-02
5.155155155E+01   -1.225094889E-02
5.165165165E+01   -1.208968207E-02
5.175175175E+01   -1.192803014E-02
5.185185185E+01   -1.176604210E-02
5.195195195E+01   -1.160376623E-02
5.205205205E+01   -1.144125009E-02
5.215215215E+01   -1.127854056E-02
5.225225225E+01   -1.111568378E-02
5.235235235E+01   -1.095272522E-02
5.245245245E+01   -1.078970962E-02
5.255255255E+01   -1.062668102E-02
5.265265265E+01   -1.046368273E-02
5.275275275E+01   -1.030075739E-02
5.285285285E+01   -1.013794689E-02
5.295295295E+01   -9.975292458E-03
5.305305305E+01   -9.812834575E-03
5.315315315E+01   -9.650613036E-03
5.325325325E+01   -9.488666927E-03
5.335335335E+01   -9.327034627E-03
5.345345345E+01   -9.165753816E-03
5.355355355E+01   -9.004861468E-03
5.365365365E+01   -8.844393861E-03
5.375375375E+01   -8.684386571E-03
5.385385385E+01   -8.524874478E-03
5.395395395E+01   -8.365891768E-03
5.405405405E+01   -8.207471933E-03
5.415415415E+01   -8.049647775E-03
5.425425425E+01   -7.892451408E-03
5.435435435E+01   -7.735914259E-03
5.445445445E+01   -7.580067072E-03
5.455455455E+01   -7.424939912E-03
5.465465465E+01   -7.270562164E-03
5.475475475E+01   -7.116962540E-03
5.485485485E+01   -6.964169079E-03
5.495495495E+01   -6.812209154E-03
5.505505506E+01   -6.661109470E-03
5.515515516E+01   -6.510896072E-03
5.525525526E+01   -6.361594347E-03
5.535535536E+01   -6.213229027E-03
5.545545546E+01   -6.065824193E-03
5.555555556E+01   -5.919403282E-03
5.565565566E+01   -5.773989085E-03
5.575575576E+01   -5.629603755E-03
5.585585586E+01   -5.486268813E-03
5.595595596E+01   -5.344005147E-03
5.605605606E+01   -5.202833020E-03
5.615615616E+01   -5.062772074E-03
5.625625626E+01   -4.923841335E-03
5.635635636E+01   -4.786059216E-03
5.645645646E+01   -4.649443522E-03
5.655655656E+01   -4.514011456E-03
5.665665666E+01   -4.379779625E-03
5.675675676E+01   -4.246764040E-03
5.685685686E+01   -4.114980127E-03
5.695695696E+01   -3.984442729E-03
5.705705706E+01   -3.855166111E-03
5.715715716E+01   -3.727163966E-03
5.725725726E+01   -3.600449421E-03
5.735735736E+01   -3.475035041E-03
5.745745746E+01   -3.350932836E-03
5.755755756E+01   -3.228154264E-03
5.765765766E+01   -3.106710239E-03
5.775775776E+01   -2.986611138E-03
5.785785786E+01   -2.867866801E-03
5.795795796E+01   -2.750486543E-03
5.805805806E+01   -2.634479155E-03
5.815815816E+01   -2.519852914E-03
5.825825826E+01   -2.406615586E-03
5.835835836E+01   -2.294774432E-03
5.845845846E+01   -2.184336216E-03
5.855855856E+01   -2.075307208E-03
5.865865866E+01   -1.967693195E-03
5.875875876E+01   -1.861499480E-03
5.885885886E+01   -1.756730894E-03
5.895895896E+01   -1.653391801E-03
5.905905906E+01   -1.551486102E-03
5.915915916E+01   -1.451017243E-03
5.925925926E+01   -1.351988220E-03
5.935935936E+01   -1.254401587E-03
5.945945946E+01   -1.158259462E-03
5.955955956E+01   -1.063563532E-03
5.965965966E+01   -9.703150578E-04
5.975975976E+01   -8.785148859E-04
5.985985986E+01   -7.881634498E-04
5.995995996E+01   -6.992607781E-04
6.006006006E+01   -6.118065009E-04
6.016016016E+01   -5.257998564E-04
6.026026026E+01   -4.412396964E-04
6.036036036E+01   -3.581244939E-04
6.046046046E+01   -2.764523485E-04
6.056056056E+01   -1.962209934E-04
6.066066066E+01   -1.174278014E-04
6.076076076E+01   -4.006979183E-05
6.086086086E+01   3.585636355E-05
6.096096096E+01   1.103543339E-04
6.106106106E+01   1.834281229E-04
6.116116116E+01   2.550820625E-04
6.126126126E+01   3.253208064E-04
6.136136136E+01   3.941493236E-04
6.146146146E+01   4.615728923E-04
6.156156156E+01   5.275970935E-04
6.166166166E+01   5.922278043E-04
6.176176176E+01   6.554711922E-04
6.186186186E+01   7.173337082E-04
6.196196196E+01   7.778220809E-04
6.206206206E+01   8.369433102E-04
6.216216216E+01   8.947046608E-04
6.226226226E+01   9.511136563E-04
6.236236236E+01   1.006178073E-03
6.246246246E+01   1.059905933E-03
6.256256256E+01   1.112305500E-03
6.266266266E+01   1.163385270E-03
6.276276276E+01   1.213153969E-03
6.286286286E+01   1.261620543E-03
6.296296296E+01   1.308794157E-03
6.306306306E+01   1.354684182E-03
6.316316316E+01   1.399300197E-03
6.326326326E+01   1.442651977E-03
6.336336336E+01   1.484749488E-03
6.346346346E+01   1.525602887E-03
6.356356356E+01   1.565222506E-03
6.366366366E+01   1.603618855E-03
6.376376376E+01   1.640802614E-03
6.386386386E+01   1.676784624E-03
6.396396396E+01   1.711575885E-03
6.406406406E+01   1.745187550E-03
6.416416416E+01   1.777630915E-03
6.426426426E+01   1.808917423E-03
6.436436436E+01   1.839058647E-03
6.446446446E+01   1.868066293E-03
6.456456456E+01   1.895952191E-03
6.466466466E+01   1.922728293E-03
6.476476476E+01   1.948406661E-03
6.486486486E+01   1.972999468E-03
6.496496496E+01   1.996518992E-03
6.506506507E+01   2.018977608E-03
6.516516517E+01   2.040387785E-03
6.526526527E+01   2.060762082E-03
6.536536537E+01   2.080113138E-03
6.546546547E+01   2.098453675E-03
6.556556557E+01   2.115796486E-03
6.566566567E+01   2.132154433E-03
6.576576577E+01   2.147540445E-03
6.586586587E+01   2.161967506E-03
6.596596597E+01   2.175448660E-03
6.606606607E+01   2.187996997E-03
6.616616617E+01   2.199625655E-03
6.626626627E+01   2.210347813E-03
6.636636637E+01   2.220176686E-03
6.646646647E+01   2.229125523E-03
6.656656657E+01   2.237207600E-03
6.666666667E+01   2.244436217E-03
6.676676677E+01   2.250824694E-03
6.686686687E+01   2.256386367E-03
6.696696697E+01   2.261134583E-03
6.706706707E+01   2.265082698E-03
6.716716717E+01   2.268244069E-03
6.726726727E+01   2.270632054E-03
6.736736737E+01   2.272260009E-03
6.746746747E+01   2.273141278E-03
6.756756757E+01   2.273289198E-03
6.766766767E+01   2.272717087E-03
6.776776777E+01   2.271438246E-03
6.786786787E+01   2.269465954E-03
6.796796797E+01   2.266813464E-03
6.806806807E+01   2.263493998E-03
6.816816817E+01   2.259520748E-03
6.826826827E+01   2.254906869E-03
6.836836837E+01   2.249665478E-03
6.846846847E+01   2.243809649E-03
6.856856857E+01   2.237352411E-03
6.866866867E+01   2.230306743E-03
6.876876877E+01   2.222685577E-03
6.886886887E+01   2.214501787E-03
6.896896897E+01   2.205768192E-03
6.906906907E+01   2.196497551E-03
6.916916917E+01   2.186702559E-03
6.926926927E+01   2.176395848E-03
6.936936937E+01   2.165589982E-03
6.946946947E+01   2.154297452E-03
6.956956957E+01   2.142530681E-03
6.966966967E+01   2.130302012E-03
6.976976977E+01   2.117623714E-03
6.986986987E+01   2.104507974E-03
6.996996997E+01   2.090966899E-03
7.007007007E+01   2.077012510E-03
7.017017017E+01   2.062656742E-03
7.027027027E+01   2.047911442E-03
7.037037037E+01   2.032788367E-03
7.047047047E+01   2.017299180E-03
7.057057057E+01   2.001455451E-03
7.067067067E+01   1.985268654E-03
7.077077077E+01   1.968750165E-03
7.087087087E+01   1.951911261E-03
7.097097097E+01   1.934763115E-03
7.107107107E+01   1.917316801E-03
7.117117117E+01   1.899583287E-03
7.127127127E+01   1.881573433E-03
7.137137137E+01   1.863297996E-03
7.147147147E+01   1.844767621E-03
7.157157157E+01   1.825992843E-03
7.167167167E+01   1.806984089E-03
7.177177177E+01   1.787751669E-03
7.187187187E+01   1.768305783E-03
7.197197197E+01   1.748656514E-03
7.207207207E+01   1.728813830E-03
7.217217217E+01   1.708787582E-03
7.227227227E+01   1.688587504E-03
7.237237237E+01   1.668223210E-03
7.247247247E+01   1.647704194E-03
7.257257257E+01   1.627039832E-03
7.267267267E+01   1.606239376E-03
7.277277277E+01   1.585311958E-03
7.287287287E+01   1.564266587E-03
7.297297297E+01   1.543112148E-03
7.307307307E+01   1.521857404E-03
7.317317317E+01   1.500510992E-03
7.327327327E+01   1.479081425E-03
7.337337337E+01   1.457577091E-03
7.347347347E+01   1.436006252E-03
7.357357357E+01   1.414377045E-03
7.367367367E+01   1.392697479E-03
7.377377377E+01   1.370975439E-03
7.387387387E+01   1.349218680E-03
7.397397397E+01   1.327434834E-03
7.407407407E+01   1.305631403E-03
7.417417417E+01   1.283815763E-03
7.427427427E+01   1.261995163E-03
7.437437437E+01   1.240176724E-03
7.447447447E+01   1.218367441E-03
7.457457457E+01   1.196574182E-03
7.467467467E+01   1.174803687E-03
7.477477477E+01   1.153062568E-03
7.487487487E+01   1.131357314E-03
7.497497497E+01   1.109694285E-03
7.507507508E+01   1.088079714E-03
7.517517518E+01   1.066519711E-03
7.527527528E+01   1.045020257E-03
7.537537538E+01   1.023587210E-03
7.547547548E+01   1.002226302E-03
7.557557558E+01   9.809431410E-04
7.567567568E+01   9.597432110E-04
7.577577578E+01   9.386318721E-04
7.587587588E+01   9.176143613E-04
7.597597598E+01   8.966957931E-04
7.607607608E+01   8.758811600E-04
7.617617618E+01   8.551753330E-04
7.627627628E+01   8.345830624E-04
7.637637638E+01   8.141089781E-04
7.647647648E+01   7.937575908E-04
7.657657658E+01   7.735332921E-04
7.667667668E+01   7.534403557E-04
7.677677678E+01   7.334829377E-04
7.687687688E+01   7.136650779E-04
7.697697698E+01   6.939906999E-04
7.707707708E+01   6.744636128E-04
7.717717718E+01   6.550875110E-04
7.727727728E+01   6.358659760E-04
7.737737738E+01   6.168024766E-04
7.747747748E+01   5.979003702E-04
7.757757758E+01   5.791629034E-04
7.767767768E+01   5.605932133E-04
7.777777778E+01   5.421943280E-04
7.787787788E+01   5.239691681E-04
7.797797798E+01   5.059205471E-04
7.807807808E+01   4.880511728E-04
7.817817818E+01   4.703636483E-04
7.827827828E+01   4.528604730E-04
7.837837838E+01   4.355440432E-04
7.847847848E+01   4.184166540E-04
7.857857858E+01   4.014804997E-04
7.867867868E+01   3.847376750E-04
7.877877878E+01   3.681901765E-04
7.887887888E+01   3.518399033E-04
7.897897898E+01   3.356886584E-04
7.907907908E+01   3.197381497E-04
7.917917918E+01   3.039899913E-04
7.927927928E+01   2.884457046E-04
7.937937938E+01   2.731067192E-04
7.947947948E+01   2.579743745E-04
7.957957958E+01   2.430499207E-04
7.967967968E+01   2.283345198E-04
7.977977978E+01   2.138292470E-04
7.987987988E+01   1.995350918E-04
7.997997998E+01   1.854529593E-04
8.008008008E+01   1.715836713E-04
8.018018018E+01   1.579279677E-04
8.028028028E+01   1.444865075E-04
8.038038038E+01   1.312598699E-04
8.048048048E+01   1.182485561E-04
8.058058058E+01   1.054529899E-04
8.068068068E+01   9.287351920E-05
8.078078078E+01   8.051041735E-05
8.088088088E+01   6.836388415E-05
8.098098098E+01   5.643404719E-05
8.108108108E+01   4.472096311E-05
8.118118118E+01   3.322461880E-05
8.128128128E+01   2.194493263E-05
8.138138138E+01   1.088175569E-05
8.148148148E+01   3.487303542E-08
8.158158158E+01   -1.059599508E-05
8.168168168E+01   -2.101119200E-05
8.178178178E+01   -3.121112342E-05
8.188188188E+01   -4.119625617E-05
8.198198198E+01   -5.096711697E-05
8.208208208E+01   -6.052429125E-05
8.218218218E+01   -6.986842193E-05
8.228228228E+01   -7.900020818E-05
8.238238238E+01   -8.792040423E-05
8.248248248E+01   -9.662981820E-05
8.258258258E+01   -1.051293109E-04
8.268268268E+01   -1.134197945E-04
8.278278278E+01   -1.215022316E-04
8.288288288E+01   -1.293776340E-04
8.298298298E+01   -1.370470612E-04
8.308308308E+01   -1.445116196E-04
8.318318318E+01   -1.517724615E-04
8.328328328E+01   -1.588307832E-04
8.338338338E+01   -1.656878248E-04
8.348348348E+01   -1.723448684E-04
8.358358358E+01   -1.788032372E-04
8.368368368E+01   -1.850642944E-04
8.378378378E+01   -1.911294421E-04
8.388388388E+01   -1.970001203E-04
8.398398398E+01   -2.026778054E-04
8.408408408E+01   -2.081640097E-04
8.418418418E+01   -2.134602799E-04
8.428428428E+01   -2.185681963E-04
8.438438438E+01   -2.234893716E-04
8.448448448E+01   -2.282254500E-04
8.458458458E+01   -2.327781058E-04
8.468468468E+01   -2.371490431E-04
8.478478478E+01   -2.413399941E-04
8.488488488E+01   -2.453527185E-04
8.498498498E+01   -2.491890023E-04
8.508508509E+01   -2.528506572E-04
8.518518519E+01   -2.563395192E-04
8.528528529E+01   -2.596574477E-04
8.538538539E+01   -2.628063251E-04
8.548548549E+01   -2.657880552E-04
8.558558559E+01   -2.686045628E-04
8.568568569E+01   -2.712577924E-04
8.578578579E+01   -2.737497077E-04
8.588588589E+01   -2.760822906E-04
8.598598599E+01   -2.782575401E-04
8.608608609E+01   -2.802774718E-04
8.618618619E+01   -2.821441171E-04
8.628628629E+01   -2.838595220E-04
8.638638639E+01   -2.854257466E-04
8.648648649E+01   -2.868448643E-04
8.658658659E+01   -2.881189611E-04
8.668668669E+01   -2.892501344E-04
8.678678679E+01   -2.902404928E-04
8.688688689E+01   -2.910921553E-04
8.698698699E+01   -2.918072501E-04
8.708708709E+01   -2.923879146E-04
8.718718719E+01   -2.928362940E-04
8.728728729E+01   -2.931545412E-04
8.738738739E+01   -2.933448159E-04
8.748748749E+01   -2.934092839E-04
8.758758759E+01   -2.933501167E-04
8.768768769E+01   -2.931694905E-04
8.778778779E+01   -2.928695861E-04
8.788788789E+01   -2.924525878E-04
8.798798799E+01   -2.919206832E-04
8.808808809E+01   -2.912760625E-04
8.818818819E+01   -2.905209179E-04
8.828828829E+01   -2.896574433E-04
8.838838839E+01   -2.886878335E-04
8.848848849E+01   -2.876142838E-04
8.858858859E+01   -2.864389897E-04
8.868868869E+01   -2.851641460E-04
8.878878879E+01   -2.837919467E-04
8.888888889E+01   -2.823245847E-04
8.898898899E+01   -2.807642508E-04
8.908908909E+01   -2.791131338E-04
8.918918919E+01   -2.773734197E-04
8.928928929E+01   -2.755472918E-04
8.938938939E+01   -2.736369299E-04
8.948948949E+01   -2.716445099E-04
8.958958959E+01   -2.695722041E-04
8.968968969E+01   -2.674221798E-04
8.978978979E+01   -2.651966000E-04
8.988988989E+01   -2.628976226E-04
8.998998999E+01   -2.605273999E-04
9.009009009E+01   -2.580880790E-04
9.019019019E+01   -2.555818008E-04
9.029029029E+01   -2.530107001E-04
9.039039039E+01   -2.503769054E-04
9.049049049E+01   -2.476825386E-04
9.059059059E+01   -2.449297147E-04
9.069069069E+01   -2.421205416E-04
9.079079079E+01   -2.392571200E-04
9.089089089E+01   -2.363415434E-04
9.099099099E+01   -2.333758973E-04
9.109109109E+01   -2.303622598E-04
9.119119119E+01   -2.273027010E-04
9.129129129E+01   -2.241992827E-04
9.139139139E+01   -2.210540590E-04
9.149149149E+01   -2.178690755E-04
9.159159159E+01   -2.146463693E-04
9.169169169E+01   -2.113879692E-04
9.179179179E+01   -2.080958954E-04
9.189189189E+01   -2.047721596E-04
9.199199199E+01   -2.014187645E-04
9.209209209E+01   -1.980377045E-04
9.219219219E+01   -1.946309649E-04
9.229229229E+01   -1.912005224E-04
9.239239239E+01   -1.877483447E-04
9.249249249E+01   -1.842763907E-04
9.259259259E+01   -1.807866107E-04
9.269269269E+01   -1.772809458E-04
9.279279279E+01   -1.737613286E-04
9.289289289E+01   -1.702296828E-04
9.299299299E+01   -1.666879232E-04
9.309309309E+01   -1.631379561E-04
9.319319319E+01   -1.595816790E-04
9.329329329E+01   -1.560209808E-04
9.339339339E+01   -1.524577419E-04
9.349349349E+01   -1.488938341E-04
9.359359359E+01   -1.453311209E-04
9.369369369E+01   -1.417714574E-04
9.379379379E+01   -1.382166906E-04
9.389389389E+01   -1.346686593E-04
9.399399399E+01   -1.311291941E-04
9.409409409E+01   -1.276001180E-04
9.419419419E+01   -1.240832458E-04
9.429429429E+01   -1.205803851E-04
9.439439439E+01   -1.170933354E-04
9.449449449E+01   -1.136238893E-04
9.459459459E+01   -1.101738316E-04
9.469469469E+01   -1.067449404E-04
9.479479479E+01   -1.033389864E-04
9.489489489E+01   -9.995773371E-05
9.499499499E+01   -9.660293962E-05
9.509509510E+01   -9.327635487E-05
9.519519520E+01   -8.997972380E-05
9.529529530E+01   -8.671478453E-05
9.539539540E+01   -8.348326910E-05
9.549549550E+01   -8.028690364E-05
9.559559560E+01   -7.712740855E-05
9.569569570E+01   -7.400649868E-05
9.579579580E+01   -7.092588345E-05
9.589589590E+01   -6.788726711E-05
9.599599600E+01   -6.489234885E-05
9.609609610E+01   -6.194282297E-05
9.619619620E+01   -5.904037914E-05
9.629629630E+01   -5.618670247E-05
9.639639640E+01   -5.338347376E-05
9.649649650E+01   -5.063236968E-05
9.659659660E+01   -4.793506289E-05
9.669669670E+01   -4.529322227E-05
9.679679680E+01   -4.270851310E-05
9.689689690E+01   -4.018259718E-05
9.699699700E+01   -3.771713307E-05
9.709709710E+01   -3.531377622E-05
9.719719720E+01   -3.297417915E-05
9.729729730E+01   -3.069999163E-05
9.739739740E+01   -2.849286085E-05
9.749749750E+01   -2.635443154E-05
9.759759760E+01   -2.428634620E-05
9.769769770E+01   -2.229024520E-05
9.779779780E+01   -2.036776695E-05
9.789789790E+01   -1.852054807E-05
9.799799800E+01   -1.675022351E-05
9.809809810E+01   -1.505842670E-05
9.819819820E+01   -1.344678969E-05
9.829829830E+01   -1.191694330E-05
9.839839840E+01   -1.047051722E-05
9.849849850E+01   -9.109140126E-06
9.859859860E+01   -7.834439833E-06
9.869869870E+01   -6.648043378E-06
9.879879880E+01   -5.551577131E-06
9.889889890E+01   -4.546666895E-06
9.899899900E+01   -3.634937998E-06
9.909909910E+01   -2.818015373E-06
9.919919920E+01   -2.097523640E-06
9.929929930E+01   -1.475087172E-06
9.939939940E+01   -9.523301593E-07
9.949949950E+01   -5.308766630E-07
9.959959960E+01   -2.123506598E-07
9.969969970E+01   1.623920287E-09
9.979979980E+01   1.094231662E-07
9.989989990E+01   1.094231666E-07
1.000000000E+02   0.000000000E+00
