0.000000000E+00   -9.276081595E-01
1.001001001E-01   -9.136081595E-01
2.002002002E-01   -8.997055283E-01
3.003003003E-01   -8.859002659E-01
4.004004004E-01   -8.721923720E-01
5.005005005E-01   -8.585818415E-01
6.006006006E-01   -8.450686649E-01
7.007007007E-01   -8.316528283E-01
8.008008008E-01   -8.183343131E-01
9.009009009E-01   -8.051130960E-01
1.001001001E+00   -7.919891493E-01
1.101101101E+00   -7.789624407E-01
1.201201201E+00   -7.660329333E-01
1.301301301E+00   -7.532005855E-01
1.401401401E+00   -7.404653512E-01
1.501501502E+00   -7.278271798E-01
1.601601602E+00   -7.152860160E-01
1.701701702E+00   -7.028417997E-01
1.801801802E+00   -6.904944664E-01
1.901901902E+00   -6.782439470E-01
2.002002002E+00   -6.660901677E-01
2.102102102E+00   -6.540330502E-01
2.202202202E+00   -6.420725113E-01
2.302302302E+00   -6.302084634E-01
2.402402402E+00   -6.184408143E-01
2.502502503E+00   -6.067694672E-01
2.602602603E+00   -5.951943204E-01
2.702702703E+00   -5.837152680E-01
2.802802803E+00   -5.723321991E-01
2.902902903E+00   -5.610449985E-01
3.003003003E+00   -5.498535462E-01
3.103103103E+00   -5.387577176E-01
3.203203203E+00   -5.277573837E-01
3.303303303E+00   -5.168524107E-01
3.403403403E+00   -5.060426603E-01
3.503503504E+00   -4.953279895E-01
3.603603604E+00   -4.847082511E-01
3.703703704E+00   -4.741832928E-01
3.803803804E+00   -4.637529581E-01
3.903903904E+00   -4.534170859E-01
4.004004004E+00   -4.431755106E-01
4.104104104E+00   -4.330280618E-01
4.204204204E+00   -4.229745650E-01
4.304304304E+00   -4.130148409E-01
4.404404404E+00   -4.031487058E-01
4.504504505E+00   -3.933759715E-01
4.604604605E+00   -3.836964454E-01
4.704704705E+00   -3.741099302E-01
4.804804805E+00   -3.646162246E-01
4.904904905E+00   -3.552151225E-01
5.005005005E+00   -3.459064134E-01
5.105105105E+00   -3.366898827E-01
5.205205205E+00   -3.275653112E-01
5.305305305E+00   -3.185324753E-01
5.405405405E+00   -3.095911472E-01
5.505505506E+00   -3.007410946E-01
5.605605606E+00   -2.919820812E-01
5.705705706E+00   -2.833138660E-01
5.805805806E+00   -2.747362041E-01
5.905905906E+00   -2.662488462E-01
6.006006006E+00   -2.578515387E-01
6.106106106E+00   -2.495440239E-01
6.206206206E+00   -2.413260398E-01
6.306306306E+00   -2.331973205E-01
6.406406406E+00   -2.251575957E-01
6.506506507E+00   -2.172065911E-01
6.606606607E+00   -2.093440282E-01
6.706706707E+00   -2.015696247E-01
6.806806807E+00   -1.938830940E-01
6.906906907E+00   -1.862841455E-01
7.007007007E+00   -1.787724848E-01
7.107107107E+00   -1.713478135E-01
7.207207207E+00   -1.640098290E-01
7.307307307E+00   -1.567582252E-01
7.407407407E+00   -1.495926919E-01
7.507507508E+00   -1.425129150E-01
7.607607608E+00   -1.355185767E-01
7.707707708E+00   -1.286093554E-01
7.807807808E+00   -1.217849258E-01
7.907907908E+00   -1.150449587E-01
8.008008008E+00   -1.083891214E-01
8.108108108E+00   -1.018170774E-01
8.208208208E+00   -9.532848662E-02
8.308308308E+00   -8.892300549E-02
8.408408408E+00   -8.260028675E-02
8.508508509E+00   -7.635997965E-02
8.608608609E+00   -7.020172996E-02
8.708708709E+00   -6.412517999E-02
8.808808809E+00   -5.812996863E-02
8.908908909E+00   -5.221573139E-02
9.009009009E+00   -4.638210042E-02
9.109109109E+00   -4.062870457E-02
9.209209209E+00   -3.495516942E-02
9.309309309E+00   -2.936111729E-02
9.409409409E+00   -2.384616733E-02
9.509509510E+00   -1.840993552E-02
9.609609610E+00   -1.305203471E-02
9.709709710E+00   -7.772074682E-03
9.809809810E+00   -2.569662164E-03
9.909909910E+00   2.555599111E-03
1.001001001E+01   7.604108372E-03
1.011011011E+01   1.257626777E-02
1.021021021E+01   1.747248233E-02
1.031031031E+01   2.229315993E-02
1.041041041E+01   2.703871122E-02
1.051051051E+01   3.170954964E-02
1.061061061E+01   3.630609129E-02
1.071071071E+01   4.082875500E-02
1.081081081E+01   4.527796217E-02
1.091091091E+01   4.965413681E-02
1.101101101E+01   5.395770547E-02
1.111111111E+01   5.818909718E-02
1.121121121E+01   6.234874344E-02
1.131131131E+01   6.643707813E-02
1.141141141E+01   7.045453750E-02
1.151151151E+01   7.440156013E-02
1.161161161E+01   7.827858684E-02
1.171171171E+01   8.208606070E-02
1.181181181E+01   8.582442695E-02
1.191191191E+01   8.949413296E-02
1.201201201E+01   9.309562818E-02
1.211211211E+01   9.662936410E-02
1.221221221E+01   1.000957942E-01
1.231231231E+01   1.034953739E-01
1.241241241E+01   1.068285606E-01
1.251251251E+01   1.100958134E-01
1.261261261E+01   1.132975933E-01
1.271271271E+01   1.164343630E-01
1.281281281E+01   1.195065871E-01
1.291291291E+01   1.225147315E-01
1.301301301E+01   1.254592640E-01
1.311311311E+01   1.283406538E-01
1.321321321E+01   1.311593718E-01
1.331331331E+01   1.339158903E-01
1.341341341E+01   1.366106828E-01
1.351351351E+01   1.392442244E-01
1.361361361E+01   1.418169915E-01
1.371371371E+01   1.443294618E-01
1.381381381E+01   1.467821139E-01
1.391391391E+01   1.491754281E-01
1.401401401E+01   1.515098854E-01
1.411411411E+01   1.537859681E-01
1.421421421E+01   1.560041593E-01
1.431431431E+01   1.581649434E-01
1.441441441E+01   1.602688054E-01
1.451451451E+01   1.623162314E-01
1.461461461E+01   1.643077083E-01
1.471471471E+01   1.662437236E-01
1.481481481E+01   1.681247658E-01
1.491491491E+01   1.699513239E-01
1.501501502E+01   1.717238875E-01
1.511511512E+01   1.734429469E-01
1.521521522E+01   1.751089930E-01
1.531531532E+01   1.767225169E-01
1.541541542E+01   1.782840104E-01
1.551551552E+01   1.797939655E-01
1.561561562E+01   1.812528748E-01
1.571571572E+01   1.826612309E-01
1.581581582E+01   1.840195268E-01
1.591591592E+01   1.853282557E-01
1.601601602E+01   1.865879107E-01
1.611611612E+01   1.877989854E-01
1.621621622E+01   1.889619732E-01
1.631631632E+01   1.900773675E-01
1.641641642E+01   1.911456616E-01
1.651651652E+01   1.921673489E-01
1.661661662E+01   1.931429225E-01
1.671671672E+01   1.940728753E-01
1.681681682E+01   1.949577001E-01
1.691691692E+01   1.957978894E-01
1.701701702E+01   1.965939350E-01
1.711711712E+01   1.973463289E-01
1.721721722E+01   1.980555622E-01
1.731731732E+01   1.987221258E-01
1.741741742E+01   1.993465100E-01
1.751751752E+01   1.999292045E-01
1.761761762E+01   2.004706983E-01
1.771771772E+01   2.009714800E-01
1.781781782E+01   2.014320373E-01
1.791791792E+01   2.018528573E-01
1.801801802E+01   2.022344261E-01
1.811811812E+01   2.025772291E-01
1.821821822E+01   2.028817508E-01
1.831831832E+01   2.031484748E-01
1.841841842E+01   2.033778838E-01
1.851851852E+01   2.035704592E-01
1.861861862E+01   2.037266818E-01
1.871871872E+01   2.038470308E-01
1.881881882E+01   2.039319847E-01
1.891891892E+01   2.039820205E-01
1.901901902E+01   2.039976142E-01
1.911911912E+01   2.039792405E-01
1.921921922E+01   2.039273725E-01
1.931931932E+01   2.038424825E-01
1.941941942E+01   2.037250409E-01
1.951951952E+01   2.035755170E-01
1.961961962E+01   2.033943785E-01
1.971971972E+01   2.031820915E-01
1.981981982E+01   2.029391209E-01
1.991991992E+01   2.026659297E-01
2.002002002E+01   2.023629794E-01
2.012012012E+01   2.020307299E-01
2.022022022E+01   2.016696393E-01
2.032032032E+01   2.012801641E-01
2.042042042E+01   2.008627589E-01
2.052052052E+01   2.004178767E-01
2.062062062E+01   1.999459685E-01
2.072072072E+01   1.994474835E-01
2.082082082E+01   1.989228690E-01
2.092092092E+01   1.983725704E-01
2.102102102E+01   1.977970310E-01
2.112112112E+01   1.971966924E-01
2.122122122E+01   1.965719939E-01
2.132132132E+01   1.959233729E-01
2.142142142E+01   1.952512645E-01
2.152152152E+01   1.945561019E-01
2.162162162E+01   1.938383162E-01
2.172172172E+01   1.930983359E-01
2.182182182E+01   1.923365879E-01
2.192192192E+01   1.915534963E-01
2.202202202E+01   1.907494833E-01
2.212212212E+01   1.899249686E-01
2.222222222E+01   1.890803696E-01
2.232232232E+01   1.882161016E-01
2.242242242E+01   1.873325771E-01
2.252252252E+01   1.864302065E-01
2.262262262E+01   1.855093978E-01
2.272272272E+01   1.845705562E-01
2.282282282E+01   1.836140848E-01
2.292292292E+01   1.826403840E-01
2.302302302E+01   1.816498517E-01
2.312312312E+01   1.806428832E-01
2.322322322E+01   1.796198714E-01
2.332332332E+01   1.785812063E-01
2.342342342E+01   1.775272757E-01
2.352352352E+01   1.764584643E-01
2.362362362E+01   1.753751544E-01
2.372372372E+01   1.742777256E-01
2.382382382E+01   1.731665547E-01
2.392392392E+01   1.720420158E-01
2.402402402E+01   1.709044804E-01
2.412412412E+01   1.697543170E-01
2.422422422E+01   1.685918915E-01
2.432432432E+01   1.674175669E-01
2.442442442E+01   1.662317033E-01
2.452452452E+01   1.650346583E-01
2.462462462E+01   1.638267862E-01
2.472472472E+01   1.626084388E-01
2.482482482E+01   1.613799648E-01
2.492492492E+01   1.601417100E-01
2.502502503E+01   1.588940174E-01
2.512512513E+01   1.576372271E-01
2.522522523E+01   1.563716760E-01
2.532532533E+01   1.550976983E-01
2.542542543E+01   1.538156252E-01
2.552552553E+01   1.525257848E-01
2.562562563E+01   1.512285022E-01
2.572572573E+01   1.499240997E-01
2.582582583E+01   1.486128963E-01
2.592592593E+01   1.472952082E-01
2.602602603E+01   1.459713484E-01
2.612612613E+01   1.446416269E-01
2.622622623E+01   1.433063508E-01
2.632632633E+01   1.419658238E-01
2.642642643E+01   1.406203469E-01
2.652652653E+01   1.392702178E-01
2.662662663E+01   1.379157310E-01
2.672672673E+01   1.365571782E-01
2.682682683E+01   1.351948477E-01
2.692692693E+01   1.338290250E-01
2.702702703E+01   1.324599922E-01
2.712712713E+01   1.310880284E-01
2.722722723E+01   1.297134095E-01
2.732732733E+01   1.283364084E-01
2.742742743E+01   1.269572948E-01
2.752752753E+01   1.255763352E-01
2.762762763E+01   1.241937931E-01
2.772772773E+01   1.228099286E-01
2.782782783E+01   1.214249990E-01
2.792792793E+01   1.200392581E-01
2.802802803E+01   1.186529568E-01
2.812812813E+01   1.172663427E-01
2.822822823E+01   1.158796604E-01
2.832832833E+01   1.144931511E-01
2.842842843E+01   1.131070532E-01
2.852852853E+01   1.117216015E-01
2.862862863E+01   1.103370282E-01
2.872872873E+01   1.089535618E-01
2.882882883E+01   1.075714279E-01
2.892892893E+01   1.061908491E-01
2.902902903E+01   1.048120446E-01
2.912912913E+01   1.034352306E-01
2.922922923E+01   1.020606201E-01
2.932932933E+01   1.006884231E-01
2.942942943E+01   9.931884619E-02
2.952952953E+01   9.795209312E-02
2.962962963E+01   9.658836439E-02
2.972972973E+01   9.522785741E-02
2.982982983E+01   9.387076648E-02
2.992992993E+01   9.251728279E-02
3.003003003E+01   9.116759444E-02
3.013013013E+01   8.982188645E-02
3.023023023E+01   8.848034073E-02
3.033033033E+01   8.714313615E-02
3.043043043E+01   8.581044849E-02
3.053053053E+01   8.448245048E-02
3.063063063E+01   8.315931181E-02
3.073073073E+01   8.184119910E-02
3.083083083E+01   8.052827598E-02
3.093093093E+01   7.922070301E-02
3.103103103E+01   7.791863778E-02
3.113113113E+01   7.662223486E-02
3.123123123E+01   7.533164583E-02
3.133133133E+01   7.404701930E-02
3.143143143E+01   7.276850088E-02
3.153153153E+01   7.149623327E-02
3.163163163E+01   7.023035618E-02
3.173173173E+01   6.897100643E-02
3.183183183E+01   6.771831788E-02
3.193193193E+01   6.647242150E-02
3.203203203E+01   6.523344538E-02
3.213213213E+01   6.400151470E-02
3.223223223E+01   6.277675180E-02
3.233233233E+01   6.155927614E-02
3.243243243E+01   6.034920437E-02
3.253253253E+01   5.914665029E-02
3.263263263E+01   5.795172491E-02
3.273273273E+01   5.676453644E-02
3.283283283E+01   5.558519029E-02
3.293293293E+01   5.441378915E-02
3.303303303E+01   5.325043292E-02
3.313313313E+01   5.209521880E-02
3.323323323E+01   5.094824125E-02
3.333333333E+01   4.980959206E-02
3.343343343E+01   4.867936031E-02
3.353353353E+01   4.755763243E-02
3.363363363E+01   4.644449222E-02
3.373373373E+01   4.534002081E-02
3.383383383E+01   4.424429676E-02
3.393393393E+01   4.315739602E-02
3.403403403E+01   4.207939195E-02
3.413413413E+01   4.101035539E-02
3.423423423E+01   3.995035461E-02
3.433433433E+01   3.889945538E-02
3.443443443E+01   3.785772095E-02
3.453453453E+01   3.682521212E-02
3.463463463E+01   3.580198721E-02
3.473473473E+01   3.478810209E-02
3.483483483E+01   3.378361024E-02
3.493493493E+01   3.278856271E-02
3.503503504E+01   3.180300819E-02
3.513513514E+01   3.082699298E-02
3.523523524E+01   2.986056108E-02
3.533533534E+01   2.890375414E-02
3.543543544E+01   2.795661153E-02
3.553553554E+01   2.701917033E-02
3.563563564E+01   2.609146536E-02
3.573573574E+01   2.517352924E-02
3.583583584E+01   2.426539233E-02
3.593593594E+01   2.336708283E-02
3.603603604E+01   2.247862677E-02
3.613613614E+01   2.160004800E-02
3.623623624E+01   2.073136829E-02
3.633633634E+01   1.987260726E-02
3.643643644E+01   1.902378250E-02
3.653653654E+01   1.818490948E-02
3.663663664E+01   1.735600170E-02
3.673673674E+01   1.653707058E-02
3.683683684E+01   1.572812559E-02
3.693693694E+01   1.492917423E-02
3.703703704E+01   1.414022203E-02
3.713713714E+01   1.336127262E-02
3.723723724E+01   1.259232772E-02
3.733733734E+01   1.183338716E-02
3.743743744E+01   1.108444895E-02
3.753753754E+01   1.034550922E-02
3.763763764E+01   9.616562341E-03
3.773773774E+01   8.897600867E-03
3.783783784E+01   8.188615604E-03
3.793793794E+01   7.489595617E-03
3.803803804E+01   6.800528256E-03
3.813813814E+01   6.121399180E-03
3.823823824E+01   5.452192382E-03
3.833833834E+01   4.792890208E-03
3.843843844E+01   4.143473387E-03
3.853853854E+01   3.503921048E-03
3.863863864E+01   2.874210748E-03
3.873873874E+01   2.254318495E-03
3.883883884E+01   1.644218768E-03
3.893893894E+01   1.043884546E-03
3.903903904E+01   4.532873290E-04
3.913913914E+01   -1.276028394E-04
3.923923924E+01   -6.988173469E-04
3.933933934E+01   -1.260388989E-03
3.943943944E+01   -1.812351946E-03
3.953953954E+01   -2.354741759E-03
3.963963964E+01   -2.887595306E-03
3.973973974E+01   -3.410950780E-03
3.983983984E+01   -3.924847662E-03
3.993993994E+01   -4.429326703E-03
4.004004004E+01   -4.924429895E-03
4.014014014E+01   -5.410200450E-03
4.024024024E+01   -5.886682779E-03
4.034034034E+01   -6.353922464E-03
4.044044044E+01   -6.811966237E-03
4.054054054E+01   -7.260861959E-03
4.064064064E+01   -7.700658592E-03
4.074074074E+01   -8.131406182E-03
4.084084084E+01   -8.553155828E-03
4.094094094E+01   -8.965959669E-03
4.104104104E+01   -9.369870853E-03
4.114114114E+01   -9.764943515E-03
4.124124124E+01   -1.015123276E-02
4.134134134E+01   -1.052879464E-02
4.144144144E+01   -1.089768611E-02
4.154154154E+01   -1.125796505E-02
4.164164164E+01   -1.160969020E-02
4.174174174E+01   -1.195292115E-02
4.184184184E+01   -1.228771833E-02
4.194194194E+01   -1.261414299E-02
4.204204204E+01   -1.293225715E-02
4.214214214E+01   -1.324212359E-02
4.224224224E+01   -1.354380586E-02
4.234234234E+01   -1.383736821E-02
4.244244244E+01   -1.412287560E-02
4.254254254E+01   -1.440039368E-02
4.264264264E+01   -1.466998872E-02
4.274274274E+01   -1.493172768E-02
4.284284284E+01   -1.518567809E-02
4.294294294E+01   -1.543190810E-02
4.304304304E+01   -1.567048643E-02
4.314314314E+01   -1.590148235E-02
4.324324324E+01   -1.612496566E-02
4.334334334E+01   -1.634100667E-02
4.344344344E+01   -1.654967620E-02
4.354354354E+01   -1.675104553E-02
4.364364364E+01   -1.694518638E-02
4.374374374E+01   -1.713217092E-02
4.384384384E+01   -1.731207173E-02
4.394394394E+01   -1.748496177E-02
4.404404404E+01   -1.765091440E-02
4.414414414E+01   -1.781000330E-02
4.424424424E+01   -1.796230251E-02
4.434434434E+01   -1.810788637E-02
4.444444444E+01   -1.824682955E-02
4.454454454E+01   -1.837920695E-02
4.464464464E+01   -1.850509377E-02
4.474474474E+01   -1.862456543E-02
4.484484484E+01   -1.873769760E-02
4.494494494E+01   -1.884456612E-02
4.504504505E+01   -1.894524705E-02
4.514514515E+01   -1.903981660E-02
4.524524525E+01   -1.912835115E-02
4.534534535E+01   -1.921092720E-02
4.544544545E+01   -1.928762139E-02
4.554554555E+01   -1.935851045E-02
4.564564565E+01   -1.942367119E-02
4.574574575E+01   -1.948318050E-02
4.584584585E+01   -1.953711531E-02
4.594594595E+01   -1.958555262E-02
4.604604605E+01   -1.962856940E-02
4.614614615E+01   -1.966624267E-02
4.624624625E+01   -1.969864942E-02
4.634634635E+01   -1.972586661E-02
4.644644645E+01   -1.974797117E-02
4.654654655E+01   -1.976503996E-02
4.664664665E+01   -1.977714980E-02
4.674674675E+01   -1.978437738E-02
4.684684685E+01   -1.978679933E-02
4.694694695E+01   -1.978449214E-02
4.704704705E+01   -1.977753218E-02
4.714714715E+01   -1.976599569E-02
4.724724725E+01   -1.974995874E-02
4.734734735E+01   -1.972949723E-02
4.744744745E+01   -1.970468688E-02
4.754754755E+01   -1.967560323E-02
4.764764765E+01   -1.964232158E-02
4.774774775E+01   -1.960491705E-02
4.784784785E+01   -1.956346450E-02
4.794794795E+01   -1.951803854E-02
4.804804805E+01   -1.946871353E-02
4.814814815E+01   -1.941556358E-02
4.824824825E+01   -1.935866249E-02
4.834834835E+01   -1.929808378E-02
4.844844845E+01   -1.923390068E-02
4.854854855E+01   -1.916618607E-02
4.864864865E+01   -1.909501254E-02
4.874874875E+01   -1.902045233E-02
4.884884885E+01   -1.894257733E-02
4.894894895E+01   -1.886145908E-02
4.904904905E+01   -1.877716874E-02
4.914914915E+01   -1.868977711E-02
4.924924925E+01   -1.859935460E-02
4.934934935E+01   -1.850597122E-02
4.944944945E+01   -1.840969658E-02
4.954954955E+01   -1.831059986E-02
4.964964965E+01   -1.820874984E-02
4.974974975E+01   -1.810421485E-02
4.984984985E+01   -1.799706280E-02
4.994994995E+01   -1.788736113E-02
5.005005005E+01   -1.777517684E-02
5.015015015E+01   -1.766057645E-02
5.025025025E+01   -1.754362603E-02
5.035035035E+01   -1.742439116E-02
5.045045045E+01   -1.730293692E-02
5.055055055E+01   -1.717932791E-02
5.065065065E+01   -1.705362824E-02
5.075075075E+01   -1.692590150E-02
5.085085085E+01   -1.679621075E-02
5.095095095E+01   -1.666461857E-02
5.105105105E+01   -1.653118698E-02
5.115115115E+01   -1.639597748E-02
5.125125125E+01   -1.625905104E-02
5.135135135E+01   -1.612046806E-02
5.145145145E+01   -1.598028843E-02
5.155155155E+01   -1.583857145E-02
5.165165165E+01   -1.569537588E-02
5.175175175E+01   -1.555075992E-02
5.185185185E+01   -1.540478119E-02
5.195195195E+01   -1.525749674E-02
5.205205205E+01   -1.510896305E-02
5.215215215E+01   -1.495923600E-02
5.225225225E+01   -1.480837091E-02
5.235235235E+01   -1.465642248E-02
5.245245245E+01   -1.450344486E-02
5.255255255E+01   -1.434949156E-02
5.265265265E+01   -1.419461551E-02
5.275275275E+01   -1.403886905E-02
5.285285285E+01   -1.388230389E-02
5.295295295E+01   -1.372497115E-02
5.305305305E+01   -1.356692132E-02
5.315315315E+01   -1.340820430E-02
5.325325325E+01   -1.324886937E-02
5.335335335E+01   -1.308896517E-02
5.345345345E+01   -1.292853974E-02
5.355355355E+01   -1.276764051E-02
5.365365365E+01   -1.260631425E-02
5.375375375E+01   -1.244460714E-02
5.385385385E+01   -1.228256472E-02
5.395395395E+01   -1.212023190E-02
5.405405405E+01   -1.195765298E-02
5.415415415E+01   -1.179487160E-02
5.425425425E+01   -1.163193080E-02
5.435435435E+01   -1.146887297E-02
5.445445445E+01   -1.130573988E-02
5.455455455E+01   -1.114257267E-02
5.465465465E+01   -1.097941185E-02
5.475475475E+01   -1.081629728E-02
5.485485485E+01   -1.065326821E-02
5.495495495E+01   -1.049036326E-02
5.505505506E+01   -1.032762040E-02
5.515515516E+01   -1.016507698E-02
5.525525526E+01   -1.000276974E-02
5.535535536E+01   -9.840734767E-03
5.545545546E+01   -9.679007526E-03
5.555555556E+01   -9.517622860E-03
5.565565566E+01   -9.356614985E-03
5.575575576E+01   -9.196017493E-03
5.585585586E+01   -9.035863354E-03
5.595595596E+01   -8.876184916E-03
5.605605606E+01   -8.717013908E-03
5.615615616E+01   -8.558381442E-03
5.625625626E+01   -8.400318014E-03
5.635635636E+01   -8.242853506E-03
5.645645646E+01   -8.086017188E-03
5.655655656E+01   -7.929837721E-03
5.665665666E+01   -7.774343159E-03
5.675675676E+01   -7.619560951E-03
5.685685686E+01   -7.465517944E-03
5.695695696E+01   -7.312240385E-03
5.705705706E+01   -7.159753923E-03
5.715715716E+01   -7.008083616E-03
5.725725726E+01   -6.857253928E-03
5.735735736E+01   -6.707288736E-03
5.745745746E+01   -6.558211331E-03
5.755755756E+01   -6.410044423E-03
5.765765766E+01   -6.262810143E-03
5.775775776E+01   -6.116530046E-03
5.785785786E+01   -5.971225117E-03
5.795795796E+01   -5.826915771E-03
5.805805806E+01   -5.683621857E-03
5.815815816E+01   -5.541362667E-03
5.825825826E+01   -5.400156932E-03
5.835835836E+01   -5.260022830E-03
5.845845846E+01   -5.120977991E-03
5.855855856E+01   -4.983039499E-03
5.865865866E+01   -4.846223895E-03
5.875875876E+01   -4.710547184E-03
5.885885886E+01   -4.576024837E-03
5.895895896E+01   -4.442671797E-03
5.905905906E+01   -4.310502481E-03
5.915915916E+01   -4.179530786E-03
5.925925926E+01   -4.049770093E-03
5.935935936E+01   -3.921233273E-03
5.945945946E+01   -3.793932689E-03
5.955955956E+01   -3.667880201E-03
5.965965966E+01   -3.543087173E-03
5.975975976E+01   -3.419564475E-03
5.985985986E+01   -3.297322490E-03
5.995995996E+01   -3.176371115E-03
6.006006006E+01   -3.056719772E-03
6.016016016E+01   -2.938377406E-03
6.026026026E+01   -2.821352497E-03
6.036036036E+01   -2.705653059E-03
6.046046046E+01   -2.591286647E-03
6.056056056E+01   -2.478260362E-03
6.066066066E+01   -2.366580860E-03
6.076076076E+01   -2.256254349E-03
6.086086086E+01   -2.147286601E-03
6.096096096E+01   -2.039682956E-03
6.106106106E+01   -1.933448323E-03
6.116116116E+01   -1.828587190E-03
6.126126126E+01   -1.725103630E-03
6.136136136E+01   -1.623001299E-03
6.146146146E+01   -1.522283450E-03
6.156156156E+01   -1.422952933E-03
6.166166166E+01   -1.325012202E-03
6.176176176E+01   -1.228463322E-03
6.186186186E+01   -1.133307970E-03
6.196196196E+01   -1.039547444E-03
6.206206206E+01   -9.471826692E-04
6.216216216E+01   -8.562141991E-04
6.226226226E+01   -7.666422254E-04
6.236236236E+01   -6.784665808E-04
6.246246246E+01   -5.916867458E-04
6.256256256E+01   -5.063018534E-04
6.266266266E+01   -4.223106949E-04
6.276276276E+01   -3.397117253E-04
6.286286286E+01   -2.585030688E-04
6.296296296E+01   -1.786825244E-04
6.306306306E+01   -1.002475711E-04
6.316316316E+01   -2.319537382E-05
6.326326326E+01   5.247721163E-05
6.336336336E+01   1.267736327E-04
6.346346346E+01   1.996976347E-04
6.356356356E+01   2.712532555E-04
6.366366366E+01   3.414448198E-04
6.376376376E+01   4.102769339E-04
6.386386386E+01   4.777544802E-04
6.396396396E+01   5.438826118E-04
6.406406406E+01   6.086667468E-04
6.416416416E+01   6.721125635E-04
6.426426426E+01   7.342259942E-04
6.436436436E+01   7.950132206E-04
6.446446446E+01   8.544806680E-04
6.456456456E+01   9.126349999E-04
6.466466466E+01   9.694831131E-04
6.476476476E+01   1.025032132E-03
6.486486486E+01   1.079289403E-03
6.496496496E+01   1.132262491E-03
6.506506507E+01   1.183959171E-03
6.516516517E+01   1.234387426E-03
6.526526527E+01   1.283555441E-03
6.536536537E+01   1.331471595E-03
6.546546547E+01   1.378144461E-03
6.556556557E+01   1.423582797E-03
6.566566567E+01   1.467795541E-03
6.576576577E+01   1.510791809E-03
6.586586587E+01   1.552580886E-03
6.596596597E+01   1.593172224E-03
6.606606607E+01   1.632575436E-03
6.616616617E+01   1.670800292E-03
6.626626627E+01   1.707856710E-03
6.636636637E+01   1.743754757E-03
6.646646647E+01   1.778504642E-03
6.656656657E+01   1.812116708E-03
6.666666667E+01   1.844601432E-03
6.676676677E+01   1.875969417E-03
6.686686687E+01   1.906231391E-03
6.696696697E+01   1.935398196E-03
6.706706707E+01   1.963480790E-03
6.716716717E+01   1.990490238E-03
6.726726727E+01   2.016437712E-03
6.736736737E+01   2.041334480E-03
6.746746747E+01   2.065191908E-03
6.756756757E+01   2.088021450E-03
6.766766767E+01   2.109834651E-03
6.776776777E+01   2.130643133E-03
6.786786787E+01   2.150458599E-03
6.796796797E+01   2.169292824E-03
6.806806807E+01   2.187157655E-03
6.816816817E+01   2.204065001E-03
6.826826827E+01   2.220026833E-03
6.836836837E+01   2.235055182E-03
6.846846847E+01   2.249162128E-03
6.856856857E+01   2.262359802E-03
6.866866867E+01   2.274660382E-03
6.876876877E+01   2.286076083E-03
6.886886887E+01   2.296619161E-03
6.896896897E+01   2.306301906E-03
6.906906907E+01   2.315136635E-03
6.916916917E+01   2.323135694E-03
6.926926927E+01   2.330311450E-03
6.936936937E+01   2.336676291E-03
6.946946947E+01   2.342242618E-03
6.956956957E+01   2.347022847E-03
6.966966967E+01   2.351029400E-03
6.976976977E+01   2.354274706E-03
6.986986987E+01   2.356771195E-03
6.996996997E+01   2.358531296E-03
7.007007007E+01   2.359567432E-03
7.017017017E+01   2.359892022E-03
7.027027027E+01   2.359517469E-03
7.037037037E+01   2.358456165E-03
7.047047047E+01   2.356720485E-03
7.057057057E+01   2.354322782E-03
7.067067067E+01   2.351275388E-03
7.077077077E+01   2.347590608E-03
7.087087087E+01   2.343280718E-03
7.097097097E+01   2.338357963E-03
7.107107107E+01   2.332834553E-03
7.117117117E+01   2.326722663E-03
7.127127127E+01   2.320034425E-03
7.137137137E+01   2.312781932E-03
7.147147147E+01   2.304977231E-03
7.157157157E+01   2.296632320E-03
7.167167167E+01   2.287759151E-03
7.177177177E+01   2.278369621E-03
7.187187187E+01   2.268475573E-03
7.197197197E+01   2.258088794E-03
7.207207207E+01   2.247221012E-03
7.217217217E+01   2.235883893E-03
7.227227227E+01   2.224089041E-03
7.237237237E+01   2.211847994E-03
7.247247247E+01   2.199172223E-03
7.257257257E+01   2.186073128E-03
7.267267267E+01   2.172562040E-03
7.277277277E+01   2.158650214E-03
7.287287287E+01   2.144348833E-03
7.297297297E+01   2.129669000E-03
7.307307307E+01   2.114621743E-03
7.317317317E+01   2.099218006E-03
7.327327327E+01   2.083468653E-03
7.337337337E+01   2.067384464E-03
7.347347347E+01   2.050976133E-03
7.357357357E+01   2.034254269E-03
7.367367367E+01   2.017229391E-03
7.377377377E+01   1.999911930E-03
7.387387387E+01   1.982312224E-03
7.397397397E+01   1.964440521E-03
7.407407407E+01   1.946306975E-03
7.417417417E+01   1.927921643E-03
7.427427427E+01   1.909294488E-03
7.437437437E+01   1.890435374E-03
7.447447447E+01   1.871354070E-03
7.457457457E+01   1.852060243E-03
7.467467467E+01   1.832563458E-03
7.477477477E+01   1.812873183E-03
7.487487487E+01   1.792998781E-03
7.497497497E+01   1.772949511E-03
7.507507508E+01   1.752734529E-03
7.517517518E+01   1.732362887E-03
7.527527528E+01   1.711843529E-03
7.537537538E+01   1.691185295E-03
7.547547548E+01   1.670396917E-03
7.557557558E+01   1.649487018E-03
7.567567568E+01   1.628464113E-03
7.577577578E+01   1.607336610E-03
7.587587588E+01   1.586112805E-03
7.597597598E+01   1.564800885E-03
7.607607608E+01   1.543408927E-03
7.617617618E+01   1.521944896E-03
7.627627628E+01   1.500416647E-03
7.637637638E+01   1.478831921E-03
7.647647648E+01   1.457198348E-03
7.657657658E+01   1.435523448E-03
7.667667668E+01   1.413814626E-03
7.677677678E+01   1.392079173E-03
7.687687688E+01   1.370324271E-03
7.697697698E+01   1.348556986E-03
7.707707708E+01   1.326784270E-03
7.717717718E+01   1.305012964E-03
7.727727728E+01   1.283249795E-03
7.737737738E+01   1.261501375E-03
7.747747748E+01   1.239774205E-03
7.757757758E+01   1.218074670E-03
7.767767768E+01   1.196409044E-03
7.777777778E+01   1.174783487E-03
7.787787788E+01   1.153204044E-03
7.797797798E+01   1.131676651E-03
7.807807808E+01   1.110207126E-03
7.817817818E+01   1.088801180E-03
7.827827828E+01   1.067464408E-03
7.837837838E+01   1.046202293E-03
7.847847848E+01   1.025020207E-03
7.857857858E+01   1.003923412E-03
7.867867868E+01   9.829170558E-04
7.877877878E+01   9.620061775E-04
7.887887888E+01   9.411957050E-04
7.897897898E+01   9.204904562E-04
7.907907908E+01   8.998951396E-04
7.917917918E+01   8.794143543E-04
7.927927928E+01   8.590525907E-04
7.937937938E+01   8.388142312E-04
7.947947948E+01   8.187035504E-04
7.957957958E+01   7.987247156E-04
7.967967968E+01   7.788817876E-04
7.977977978E+01   7.591787213E-04
7.987987988E+01   7.396193658E-04
7.997997998E+01   7.202074658E-04
8.008008008E+01   7.009466613E-04
8.018018018E+01   6.818404891E-04
8.028028028E+01   6.628923828E-04
8.038038038E+01   6.441056741E-04
8.048048048E+01   6.254835928E-04
8.058058058E+01   6.070292680E-04
8.068068068E+01   5.887457288E-04
8.078078078E+01   5.706359046E-04
8.088088088E+01   5.527026266E-04
8.098098098E+01   5.349486277E-04
8.108108108E+01   5.173765439E-04
8.118118118E+01   4.999889150E-04
8.128128128E+01   4.827881852E-04
8.138138138E+01   4.657767039E-04
8.148148148E+01   4.489567268E-04
8.158158158E+01   4.323304165E-04
8.168168168E+01   4.158998434E-04
8.178178178E+01   3.996669866E-04
8.188188188E+01   3.836337348E-04
8.198198198E+01   3.678018869E-04
8.208208208E+01   3.521731534E-04
8.218218218E+01   3.367491566E-04
8.228228228E+01   3.215314323E-04
8.238238238E+01   3.065214301E-04
8.248248248E+01   2.917205143E-04
8.258258258E+01   2.771299654E-04
8.268268268E+01   2.627509803E-04
8.278278278E+01   2.485846738E-04
8.288288288E+01   2.346320792E-04
8.298298298E+01   2.208941495E-04
8.308308308E+01   2.073717579E-04
8.318318318E+01   1.940656994E-04
8.328328328E+01   1.809766912E-04
8.338338338E+01   1.681053739E-04
8.348348348E+01   1.554523123E-04
8.358358358E+01   1.430179967E-04
8.368368368E+01   1.308028436E-04
8.378378378E+01   1.188071965E-04
8.388388388E+01   1.070313273E-04
8.398398398E+01   9.547543693E-05
8.408408408E+01   8.413965655E-05
8.418418418E+01   7.302404832E-05
8.428428428E+01   6.212860647E-05
8.438438438E+01   5.145325830E-05
8.448448448E+01   4.099786507E-05
8.458458458E+01   3.076222304E-05
8.468468468E+01   2.074606439E-05
8.478478478E+01   1.094905823E-05
8.488488488E+01   1.370811534E-06
8.498498498E+01   -7.989129899E-06
8.508508509E+01   -1.713128046E-05
8.518518519E+01   -2.605621378E-05
8.528528529E+01   -3.476456179E-05
8.538538539E+01   -4.325701374E-05
8.548548549E+01   -5.153431528E-05
8.558558559E+01   -5.959726748E-05
8.568568569E+01   -6.744672592E-05
8.578578579E+01   -7.508359974E-05
8.588588589E+01   -8.250885069E-05
8.598598599E+01   -8.972349224E-05
8.608608609E+01   -9.672858861E-05
8.618618619E+01   -1.035252539E-04
8.628628629E+01   -1.101146511E-04
8.638638639E+01   -1.164979912E-04
8.648648649E+01   -1.226765325E-04
8.658658659E+01   -1.286515794E-04
8.668668669E+01   -1.344244816E-04
8.678678679E+01   -1.399966333E-04
8.688688689E+01   -1.453694724E-04
8.698698699E+01   -1.505444792E-04
8.708708709E+01   -1.555231762E-04
8.718718719E+01   -1.603071267E-04
8.728728729E+01   -1.648979342E-04
8.738738739E+01   -1.692972415E-04
8.748748749E+01   -1.735067297E-04
8.758758759E+01   -1.775281177E-04
8.768768769E+01   -1.813631614E-04
8.778778779E+01   -1.850136522E-04
8.788788789E+01   -1.884814172E-04
8.798798799E+01   -1.917683177E-04
8.808808809E+01   -1.948762485E-04
8.818818819E+01   -1.978071376E-04
8.828828829E+01   -2.005629446E-04
8.838838839E+01   -2.031456609E-04
8.848848849E+01   -2.055573081E-04
8.858858859E+01   -2.077999378E-04
8.868868869E+01   -2.098756308E-04
8.878878879E+01   -2.117864959E-04
8.888888889E+01   -2.135346700E-04
8.898898899E+01   -2.151223166E-04
8.908908909E+01   -2.165516256E-04
8.918918919E+01   -2.178248126E-04
8.928928929E+01   -2.189441177E-04
8.938938939E+01   -2.199118057E-04
8.948948949E+01   -2.207301646E-04
8.958958959E+01   -2.214015055E-04
8.968968969E+01   -2.219281617E-04
8.978978979E+01   -2.223124883E-04
8.988988989E+01   -2.225568612E-04
8.998998999E+01   -2.226636768E-04
9.009009009E+01   -2.226353516E-04
9.019019019E+01   -2.224743210E-04
9.029029029E+01   -2.221830391E-04
9.039039039E+01   -2.217639783E-04
9.049049049E+01   -2.212196283E-04
9.059059059E+01   -2.205524960E-04
9.069069069E+01   -2.197651046E-04
9.079079079E+01   -2.188599932E-04
9.089089089E+01   -2.178397165E-04
9.099099099E+01   -2.167068439E-04
9.109109109E+01   -2.154639593E-04
9.119119119E+01   -2.141136604E-04
9.129129129E+01   -2.126585584E-04
9.139139139E+01   -2.111012774E-04
9.149149149E+01   -2.094444542E-04
9.159159159E+01   -2.076907374E-04
9.169169169E+01   -2.058427874E-04
9.179179179E+01   -2.039032756E-04
9.189189189E+01   -2.018748844E-04
9.199199199E+01   -1.997603063E-04
9.209209209E+01   -1.975622439E-04
9.219219219E+01   -1.952834095E-04
9.229229229E+01   -1.929265243E-04
9.239239239E+01   -1.904943185E-04
9.249249249E+01   -1.879895307E-04
9.259259259E+01   -1.854149075E-04
9.269269269E+01   -1.827732035E-04
9.279279279E+01   -1.800671805E-04
9.289289289E+01   -1.772996075E-04
9.299299299E+01   -1.744732603E-04
9.309309309E+01   -1.715909210E-04
9.319319319E+01   -1.686553780E-04
9.329329329E+01   -1.656694258E-04
9.339339339E+01   -1.626358640E-04
9.349349349E+01   -1.595574980E-04
9.359359359E+01   -1.564371381E-04
9.369369369E+01   -1.532775993E-04
9.379379379E+01   -1.500817013E-04
9.389389389E+01   -1.468522681E-04
9.399399399E+01   -1.435921278E-04
9.409409409E+01   -1.403041124E-04
9.419419419E+01   -1.369910575E-04
9.429429429E+01   -1.336558021E-04
9.439439439E+01   -1.303011886E-04
9.449449449E+01   -1.269300624E-04
9.459459459E+01   -1.235452717E-04
9.469469469E+01   -1.201496675E-04
9.479479479E+01   -1.167461032E-04
9.489489489E+01   -1.133374348E-04
9.499499499E+01   -1.099265203E-04
9.509509510E+01   -1.065162197E-04
9.519519520E+01   -1.031093952E-04
9.529529530E+01   -9.970891047E-05
9.539539540E+01   -9.631763105E-05
9.549549550E+01   -9.293842390E-05
9.559559560E+01   -8.957415742E-05
9.569569570E+01   -8.622770127E-05
9.579579580E+01   -8.290192635E-05
9.589589590E+01   -7.959970460E-05
9.599599600E+01   -7.632390899E-05
9.609609610E+01   -7.307741339E-05
9.619619620E+01   -6.986309247E-05
9.629629630E+01   -6.668382165E-05
9.639639640E+01   -6.354247704E-05
9.649649650E+01   -6.044193532E-05
9.659659660E+01   -5.738507373E-05
9.669669670E+01   -5.437476994E-05
9.679679680E+01   -5.141390210E-05
9.689689690E+01   -4.850534866E-05
9.699699700E+01   -4.565198845E-05
9.709709710E+01   -4.285670054E-05
9.719719720E+01   -4.012236423E-05
9.729729730E+01   -3.745185905E-05
9.739739740E+01   -3.484806466E-05
9.749749750E+01   -3.231386089E-05
9.759759760E+01   -2.985212766E-05
9.769769770E+01   -2.746574498E-05
9.779779780E+01   -2.515759293E-05
9.789789790E+01   -2.293055164E-05
9.799799800E+01   -2.078750127E-05
9.809809810E+01   -1.873132199E-05
9.819819820E+01   -1.676489400E-05
9.829829830E+01   -1.489109748E-05
9.839839840E+01   -1.311281261E-05
9.849849850E+01   -1.143291955E-05
9.859859860E+01   -9.854298465E-06
9.869869870E+01   -8.379829476E-06
9.879879880E+01   -7.012392695E-06
9.889889890E+01   -5.754868212E-06
9.899899900E+01   -4.610136096E-06
9.909909910E+01   -3.581076396E-06
9.919919920E+01   -2.670569148E-06
9.929929930E+01   -1.881494370E-06
9.939939940E+01   -1.216732071E-06
9.949949950E+01   -6.791622502E-07
9.959959960E+01   -2.716649006E-07
9.969969970E+01   2.879987723E-09
9.979979980E+01   1.415924265E-07
9.989989990E+01   1.415924271E-07
1.000000000E+02   0.000000000E+00
