0.000000000E+00   -1.369335433E+00
1.001001001E-01   -1.355335433E+00
2.002002002E-01   -1.341400280E+00
3.003003003E-01   -1.327529974E+00
4.004004004E-01   -1.313724515E+00
5.005005005E-01   -1.299983899E+00
6.006006006E-01   -1.286308123E+00
7.007007007E-01   -1.272697180E+00
8.008008008E-01   -1.259151064E+00
9.009009009E-01   -1.245669767E+00
1.001001001E+00   -1.232253279E+00
1.101101101E+00   -1.218901587E+00
1.201201201E+00   -1.205614681E+00
1.301301301E+00   -1.192392545E+00
1.401401401E+00   -1.179235164E+00
1.501501502E+00   -1.166142521E+00
1.601601602E+00   -1.153114597E+00
1.701701702E+00   -1.140151373E+00
1.801801802E+00   -1.127252828E+00
1.901901902E+00   -1.114418939E+00
2.002002002E+00   -1.101649681E+00
2.102102102E+00   -1.088945029E+00
2.202202202E+00   -1.076304956E+00
2.302302302E+00   -1.063729434E+00
2.402402402E+00   -1.051218433E+00
2.502502503E+00   -1.038771922E+00
2.602602603E+00   -1.026389868E+00
2.702702703E+00   -1.014072237E+00
2.802802803E+00   -1.001818994E+00
2.902902903E+00   -9.896301017E-01
3.003003003E+00   -9.775055219E-01
3.103103103E+00   -9.654452151E-01
3.203203203E+00   -9.534491401E-01
3.303303303E+00   -9.415172544E-01
3.403403403E+00   -9.296495143E-01
3.503503504E+00   -9.178458744E-01
3.603603604E+00   -9.061062882E-01
3.703703704E+00   -8.944307074E-01
3.803803804E+00   -8.828190827E-01
3.903903904E+00   -8.712713634E-01
4.004004004E+00   -8.597874970E-01
4.104104104E+00   -8.483674302E-01
4.204204204E+00   -8.370111078E-01
4.304304304E+00   -8.257184736E-01
4.404404404E+00   -8.144894697E-01
4.504504505E+00   -8.033240372E-01
4.604604605E+00   -7.922221156E-01
4.704704705E+00   -7.811836430E-01
4.804804805E+00   -7.702085562E-01
4.904904905E+00   -7.592967908E-01
5.005005005E+00   -7.484482807E-01
5.105105105E+00   -7.376629587E-01
5.205205205E+00   -7.269407563E-01
5.305305305E+00   -7.162816034E-01
5.405405405E+00   -7.056854288E-01
5.505505506E+00   -6.951521598E-01
5.605605606E+00   -6.846817225E-01
5.705705706E+00   -6.742740416E-01
5.805805806E+00   -6.639290404E-01
5.905905906E+00   -6.536466409E-01
6.006006006E+00   -6.434267640E-01
6.106106106E+00   -6.332693290E-01
6.206206206E+00   -6.231742540E-01
6.306306306E+00   -6.131414557E-01
6.406406406E+00   -6.031708497E-01
6.506506507E+00   -5.932623502E-01
6.606606607E+00   -5.834158700E-01
6.706706707E+00   -5.736313207E-01
6.806806807E+00   -5.639086126E-01
6.906906907E+00   -5.542476548E-01
7.007007007E+00   -5.446483549E-01
7.107107107E+00   -5.351106194E-01
7.207207207E+00   -5.256343536E-01
7.307307307E+00   -5.162194613E-01
7.407407407E+00   -5.068658452E-01
7.507507508E+00   -4.975734068E-01
7.607607608E+00   -4.883420461E-01
7.707707708E+00   -4.791716620E-01
7.807807808E+00   -4.700621524E-01
7.907907908E+00   -4.610134135E-01
8.008008008E+00   -4.520253405E-01
8.108108108E+00   -4.430978275E-01
8.208208208E+00   -4.342307671E-01
8.308308308E+00   -4.254240510E-01
8.408408408E+00   -4.166775694E-01
8.508508509E+00   -4.079912113E-01
8.608608609E+00   -3.993648648E-01
8.708708709E+00   -3.907984166E-01
8.808808809E+00   -3.822917520E-01
8.908908909E+00   -3.738447556E-01
9.009009009E+00   -3.654573104E-01
9.109109109E+00   -3.571292984E-01
9.209209209E+00   -3.488606004E-01
9.309309309E+00   -3.406510960E-01
9.409409409E+00   -3.325006638E-01
9.509509510E+00   -3.244091811E-01
9.609609610E+00   -3.163765240E-01
9.709709710E+00   -3.084025676E-01
9.809809810E+00   -3.004871859E-01
9.909909910E+00   -2.926302516E-01
1.001001001E+01   -2.848316363E-01
1.011011011E+01   -2.770912106E-01
1.021021021E+01   -2.694088440E-01
1.031031031E+01   -2.617844048E-01
1.041041041E+01   -2.542177602E-01
1.051051051E+01   -2.467087763E-01
1.061061061E+01   -2.392573182E-01
1.071071071E+01   -2.318632499E-01
1.081081081E+01   -2.245264342E-01
1.091091091E+01   -2.172467331E-01
1.101101101E+01   -2.100240073E-01
1.111111111E+01   -2.028581164E-01
1.121121121E+01   -1.957489193E-01
1.131131131E+01   -1.886962734E-01
1.141141141E+01   -1.817000355E-01
1.151151151E+01   -1.747600611E-01
1.161161161E+01   -1.678762047E-01
1.171171171E+01   -1.610483198E-01
1.181181181E+01   -1.542762591E-01
1.191191191E+01   -1.475598740E-01
1.201201201E+01   -1.408990151E-01
1.211211211E+01   -1.342935319E-01
1.221221221E+01   -1.277432730E-01
1.231231231E+01   -1.212480860E-01
1.241241241E+01   -1.148078176E-01
1.251251251E+01   -1.084223133E-01
1.261261261E+01   -1.020914180E-01
1.271271271E+01   -9.581497542E-02
1.281281281E+01   -8.959282838E-02
1.291291291E+01   -8.342481881E-02
1.301301301E+01   -7.731078770E-02
1.311311311E+01   -7.125057513E-02
1.321321321E+01   -6.524402028E-02
1.331331331E+01   -5.929096141E-02
1.341341341E+01   -5.339123589E-02
1.351351351E+01   -4.754468022E-02
1.361361361E+01   -4.175113000E-02
1.371371371E+01   -3.601041999E-02
1.381381381E+01   -3.032238406E-02
1.391391391E+01   -2.468685523E-02
1.401401401E+01   -1.910366568E-02
1.411411411E+01   -1.357264674E-02
1.421421421E+01   -8.093628926E-03
1.431431431E+01   -2.666441903E-03
1.441441441E+01   2.709085465E-03
1.451451451E+01   8.033125125E-03
1.461461461E+01   1.330584983E-02
1.471471471E+01   1.852743312E-02
1.481481481E+01   2.369804933E-02
1.491491491E+01   2.881787356E-02
1.501501502E+01   3.388708170E-02
1.511511512E+01   3.890585038E-02
1.521521522E+01   4.387435701E-02
1.531531532E+01   4.879277971E-02
1.541541542E+01   5.366129738E-02
1.551551552E+01   5.848008962E-02
1.561561562E+01   6.324933677E-02
1.571571572E+01   6.796921987E-02
1.581581582E+01   7.263992068E-02
1.591591592E+01   7.726162165E-02
1.601601602E+01   8.183450592E-02
1.611611612E+01   8.635875731E-02
1.621621622E+01   9.083456033E-02
1.631631632E+01   9.526210014E-02
1.641641642E+01   9.964156255E-02
1.651651652E+01   1.039731340E-01
1.661661662E+01   1.082570017E-01
1.671671672E+01   1.124933533E-01
1.681681682E+01   1.166823772E-01
1.691691692E+01   1.208242624E-01
1.701701702E+01   1.249191984E-01
1.711711712E+01   1.289673756E-01
1.721721722E+01   1.329689845E-01
1.731731732E+01   1.369242167E-01
1.741741742E+01   1.408332640E-01
1.751751752E+01   1.446963190E-01
1.761761762E+01   1.485135746E-01
1.771771772E+01   1.522852246E-01
1.781781782E+01   1.560114631E-01
1.791791792E+01   1.596924847E-01
1.801801802E+01   1.633284847E-01
1.811811812E+01   1.669196588E-01
1.821821822E+01   1.704662032E-01
1.831831832E+01   1.739683147E-01
1.841841842E+01   1.774261904E-01
1.851851852E+01   1.808400281E-01
1.861861862E+01   1.842100259E-01
1.871871872E+01   1.875363825E-01
1.881881882E+01   1.908192969E-01
1.891891892E+01   1.940589688E-01
1.901901902E+01   1.972555980E-01
1.911911912E+01   2.004093850E-01
1.921921922E+01   2.035205306E-01
1.931931932E+01   2.065892360E-01
1.941941942E+01   2.096157030E-01
1.951951952E+01   2.126001335E-01
1.961961962E+01   2.155427300E-01
1.971971972E+01   2.184436953E-01
1.981981982E+01   2.213032325E-01
1.991991992E+01   2.241215452E-01
2.002002002E+01   2.268988373E-01
2.012012012E+01   2.296353130E-01
2.022022022E+01   2.323311770E-01
2.032032032E+01   2.349866340E-01
2.042042042E+01   2.376018893E-01
2.052052052E+01   2.401771485E-01
2.062062062E+01   2.427126174E-01
2.072072072E+01   2.452085020E-01
2.082082082E+01   2.476650089E-01
2.092092092E+01   2.500823446E-01
2.102102102E+01   2.524607162E-01
2.112112112E+01   2.548003308E-01
2.122122122E+01   2.571013959E-01
2.132132132E+01   2.593641192E-01
2.142142142E+01   2.615887087E-01
2.152152152E+01   2.637753724E-01
2.162162162E+01   2.659243188E-01
2.172172172E+01   2.680357564E-01
2.182182182E+01   2.701098940E-01
2.192192192E+01   2.721469406E-01
2.202202202E+01   2.741471053E-01
2.212212212E+01   2.761105975E-01
2.222222222E+01   2.780376267E-01
2.232232232E+01   2.799284024E-01
2.242242242E+01   2.817831345E-01
2.252252252E+01   2.836020328E-01
2.262262262E+01   2.853853076E-01
2.272272272E+01   2.871331689E-01
2.282282282E+01   2.888458271E-01
2.292292292E+01   2.905234925E-01
2.302302302E+01   2.921663756E-01
2.312312312E+01   2.937746871E-01
2.322322322E+01   2.953486376E-01
2.332332332E+01   2.968884378E-01
2.342342342E+01   2.983942986E-01
2.352352352E+01   2.998664308E-01
2.362362362E+01   3.013050453E-01
2.372372372E+01   3.027103531E-01
2.382382382E+01   3.040825651E-01
2.392392392E+01   3.054218924E-01
2.402402402E+01   3.067285459E-01
2.412412412E+01   3.080027366E-01
2.422422422E+01   3.092446757E-01
2.432432432E+01   3.104545740E-01
2.442442442E+01   3.116326426E-01
2.452452452E+01   3.127790924E-01
2.462462462E+01   3.138941344E-01
2.472472472E+01   3.149779794E-01
2.482482482E+01   3.160308383E-01
2.492492492E+01   3.170529217E-01
2.502502503E+01   3.180444406E-01
2.512512513E+01   3.190056053E-01
2.522522523E+01   3.199366266E-01
2.532532533E+01   3.208377148E-01
2.542542543E+01   3.217090803E-01
2.552552553E+01   3.225509334E-01
2.562562563E+01   3.233634841E-01
2.572572573E+01   3.241469425E-01
2.582582583E+01   3.249015185E-01
2.592592593E+01   3.256274217E-01
2.602602603E+01   3.263248618E-01
2.612612613E+01   3.269940483E-01
2.622622623E+01   3.276351903E-01
2.632632633E+01   3.282484970E-01
2.642642643E+01   3.288341773E-01
2.652652653E+01   3.293924400E-01
2.662662663E+01   3.299234936E-01
2.672672673E+01   3.304275464E-01
2.682682683E+01   3.309048066E-01
2.692692693E+01   3.313554821E-01
2.702702703E+01   3.317797806E-01
2.712712713E+01   3.321779096E-01
2.722722723E+01   3.325500764E-01
2.732732733E+01   3.328964878E-01
2.742742743E+01   3.332173506E-01
2.752752753E+01   3.335128714E-01
2.762762763E+01   3.337832563E-01
2.772772773E+01   3.340287112E-01
2.782782783E+01   3.342494418E-01
2.792792793E+01   3.344456535E-01
2.802802803E+01   3.346175513E-01
2.812812813E+01   3.347653399E-01
2.822822823E+01   3.348892239E-01
2.832832833E+01   3.349894074E-01
2.842842843E+01   3.350660941E-01
2.852852853E+01   3.351194875E-01
2.862862863E+01   3.351497909E-01
2.872872873E+01   3.351572069E-01
2.882882883E+01   3.351419380E-01
2.892892893E+01   3.351041863E-01
2.902902903E+01   3.350441535E-01
2.912912913E+01   3.349620410E-01
2.922922923E+01   3.348580496E-01
2.932932933E+01   3.347323800E-01
2.942942943E+01   3.345852324E-01
2.952952953E+01   3.344168064E-01
2.962962963E+01   3.342273016E-01
2.972972973E+01   3.340169169E-01
2.982982983E+01   3.337858507E-01
2.992992993E+01   3.335343013E-01
3.003003003E+01   3.332624663E-01
3.013013013E+01   3.329705429E-01
3.023023023E+01   3.326587279E-01
3.033033033E+01   3.323272177E-01
3.043043043E+01   3.319762082E-01
3.053053053E+01   3.316058948E-01
3.063063063E+01   3.312164725E-01
3.073073073E+01   3.308081357E-01
3.083083083E+01   3.303810784E-01
3.093093093E+01   3.299354941E-01
3.103103103E+01   3.294715759E-01
3.113113113E+01   3.289895162E-01
3.123123123E+01   3.284895071E-01
3.133133133E+01   3.279717401E-01
3.143143143E+01   3.274364060E-01
3.153153153E+01   3.268836955E-01
3.163163163E+01   3.263137983E-01
3.173173173E+01   3.257269040E-01
3.183183183E+01   3.251232012E-01
3.193193193E+01   3.245028784E-01
3.203203203E+01   3.238661232E-01
3.213213213E+01   3.232131229E-01
3.223223223E+01   3.225440641E-01
3.233233233E+01   3.218591328E-01
3.243243243E+01   3.211585145E-01
3.253253253E+01   3.204423942E-01
3.263263263E+01   3.197109560E-01
3.273273273E+01   3.189643839E-01
3.283283283E+01   3.182028608E-01
3.293293293E+01   3.174265693E-01
3.303303303E+01   3.166356914E-01
3.313313313E+01   3.158304084E-01
3.323323323E+01   3.150109009E-01
3.333333333E+01   3.141773490E-01
3.343343343E+01   3.133299323E-01
3.353353353E+01   3.124688294E-01
3.363363363E+01   3.115942187E-01
3.373373373E+01   3.107062776E-01
3.383383383E+01   3.098051830E-01
3.393393393E+01   3.088911113E-01
3.403403403E+01   3.079642379E-01
3.413413413E+01   3.070247380E-01
3.423423423E+01   3.060727856E-01
3.433433433E+01   3.051085545E-01
3.443443443E+01   3.041322175E-01
3.453453453E+01   3.031439470E-01
3.463463463E+01   3.021439145E-01
3.473473473E+01   3.011322910E-01
3.483483483E+01   3.001092465E-01
3.493493493E+01   2.990749507E-01
3.503503504E+01   2.980295724E-01
3.513513514E+01   2.969732796E-01
3.523523524E+01   2.959062398E-01
3.533533534E+01   2.948286197E-01
3.543543544E+01   2.937405853E-01
3.553553554E+01   2.926423018E-01
3.563563564E+01   2.915339338E-01
3.573573574E+01   2.904156452E-01
3.583583584E+01   2.892875989E-01
3.593593594E+01   2.881499575E-01
3.603603604E+01   2.870028824E-01
3.613613614E+01   2.858465346E-01
3.623623624E+01   2.846810743E-01
3.633633634E+01   2.835066608E-01
3.643643644E+01   2.823234528E-01
3.653653654E+01   2.811316082E-01
3.663663664E+01   2.799312842E-01
3.673673674E+01   2.787226370E-01
3.683683684E+01   2.775058224E-01
3.693693694E+01   2.762809951E-01
3.703703704E+01   2.750483093E-01
3.713713714E+01   2.738079182E-01
3.723723724E+01   2.725599745E-01
3.733733734E+01   2.713046298E-01
3.743743744E+01   2.700420352E-01
3.753753754E+01   2.687723408E-01
3.763763764E+01   2.674956960E-01
3.773773774E+01   2.662122495E-01
3.783783784E+01   2.649221491E-01
3.793793794E+01   2.636255418E-01
3.803803804E+01   2.623225738E-01
3.813813814E+01   2.610133905E-01
3.823823824E+01   2.596981367E-01
3.833833834E+01   2.583769561E-01
3.843843844E+01   2.570499918E-01
3.853853854E+01   2.557173859E-01
3.863863864E+01   2.543792799E-01
3.873873874E+01   2.530358143E-01
3.883883884E+01   2.516871289E-01
3.893893894E+01   2.503333627E-01
3.903903904E+01   2.489746537E-01
3.913913914E+01   2.476111394E-01
3.923923924E+01   2.462429561E-01
3.933933934E+01   2.448702396E-01
3.943943944E+01   2.434931247E-01
3.953953954E+01   2.421117453E-01
3.963963964E+01   2.407262346E-01
3.973973974E+01   2.393367250E-01
3.983983984E+01   2.379433480E-01
3.993993994E+01   2.365462343E-01
4.004004004E+01   2.351455136E-01
4.014014014E+01   2.337413149E-01
4.024024024E+01   2.323337665E-01
4.034034034E+01   2.309229955E-01
4.044044044E+01   2.295091286E-01
4.054054054E+01   2.280922912E-01
4.064064064E+01   2.266726081E-01
4.074074074E+01   2.252502034E-01
4.084084084E+01   2.238252000E-01
4.094094094E+01   2.223977201E-01
4.104104104E+01   2.209678853E-01
4.114114114E+01   2.195358159E-01
4.124124124E+01   2.181016316E-01
4.134134134E+01   2.166654513E-01
4.144144144E+01   2.152273930E-01
4.154154154E+01   2.137875737E-01
4.164164164E+01   2.123461096E-01
4.174174174E+01   2.109031163E-01
4.184184184E+01   2.094587082E-01
4.194194194E+01   2.080129990E-01
4.204204204E+01   2.065661015E-01
4.214214214E+01   2.051181277E-01
4.224224224E+01   2.036691888E-01
4.234234234E+01   2.022193949E-01
4.244244244E+01   2.007688554E-01
4.254254254E+01   1.993176789E-01
4.264264264E+01   1.978659730E-01
4.274274274E+01   1.964138446E-01
4.284284284E+01   1.949613996E-01
4.294294294E+01   1.935087431E-01
4.304304304E+01   1.920559792E-01
4.314314314E+01   1.906032115E-01
4.324324324E+01   1.891505423E-01
4.334334334E+01   1.876980733E-01
4.344344344E+01   1.862459053E-01
4.354354354E+01   1.847941382E-01
4.364364364E+01   1.833428711E-01
4.374374374E+01   1.818922022E-01
4.384384384E+01   1.804422288E-01
4.394394394E+01   1.789930474E-01
4.404404404E+01   1.775447536E-01
4.414414414E+01   1.760974422E-01
4.424424424E+01   1.746512072E-01
4.434434434E+01   1.732061415E-01
4.444444444E+01   1.717623373E-01
4.454454454E+01   1.703198861E-01
4.464464464E+01   1.688788782E-01
4.474474474E+01   1.674394033E-01
4.484484484E+01   1.660015502E-01
4.494494494E+01   1.645654068E-01
4.504504505E+01   1.631310602E-01
4.514514515E+01   1.616985966E-01
4.524524525E+01   1.602681013E-01
4.534534535E+01   1.588396589E-01
4.544544545E+01   1.574133531E-01
4.554554555E+01   1.559892667E-01
4.564564565E+01   1.545674815E-01
4.574574575E+01   1.531480789E-01
4.584584585E+01   1.517311391E-01
4.594594595E+01   1.503167415E-01
4.604604605E+01   1.489049647E-01
4.614614615E+01   1.474958865E-01
4.624624625E+01   1.460895838E-01
4.634634635E+01   1.446861328E-01
4.644644645E+01   1.432856086E-01
4.654654655E+01   1.418880857E-01
4.664664665E+01   1.404936377E-01
4.674674675E+01   1.391023373E-01
4.684684685E+01   1.377142565E-01
4.694694695E+01   1.363294664E-01
4.704704705E+01   1.349480372E-01
4.714714715E+01   1.335700383E-01
4.724724725E+01   1.321955385E-01
4.734734735E+01   1.308246056E-01
4.744744745E+01   1.294573064E-01
4.754754755E+01   1.280937072E-01
4.764764765E+01   1.267338734E-01
4.774774775E+01   1.253778694E-01
4.784784785E+01   1.240257591E-01
4.794794795E+01   1.226776052E-01
4.804804805E+01   1.213334701E-01
4.814814815E+01   1.199934148E-01
4.824824825E+01   1.186575001E-01
4.834834835E+01   1.173257855E-01
4.844844845E+01   1.159983300E-01
4.854854855E+01   1.146751917E-01
4.864864865E+01   1.133564279E-01
4.874874875E+01   1.120420951E-01
4.884884885E+01   1.107322491E-01
4.894894895E+01   1.094269448E-01
4.904904905E+01   1.081262364E-01
4.914914915E+01   1.068301772E-01
4.924924925E+01   1.055388200E-01
4.934934935E+01   1.042522164E-01
4.944944945E+01   1.029704175E-01
4.954954955E+01   1.016934737E-01
4.964964965E+01   1.004214345E-01
4.974974975E+01   9.915434845E-02
4.984984985E+01   9.789226370E-02
4.994994995E+01   9.663522742E-02
5.005005005E+01   9.538328607E-02
5.015015015E+01   9.413648536E-02
5.025025025E+01   9.289487023E-02
5.035035035E+01   9.165848488E-02
5.045045045E+01   9.042737276E-02
5.055055055E+01   8.920157658E-02
5.065065065E+01   8.798113831E-02
5.075075075E+01   8.676609916E-02
5.085085085E+01   8.555649963E-02
5.095095095E+01   8.435237948E-02
5.105105105E+01   8.315377773E-02
5.115115115E+01   8.196073269E-02
5.125125125E+01   8.077328193E-02
5.135135135E+01   7.959146230E-02
5.145145145E+01   7.841530995E-02
5.155155155E+01   7.724486030E-02
5.165165165E+01   7.608014805E-02
5.175175175E+01   7.492120722E-02
5.185185185E+01   7.376807111E-02
5.195195195E+01   7.262077230E-02
5.205205205E+01   7.147934271E-02
5.215215215E+01   7.034381353E-02
5.225225225E+01   6.921421528E-02
5.235235235E+01   6.809057778E-02
5.245245245E+01   6.697293017E-02
5.255255255E+01   6.586130090E-02
5.265265265E+01   6.475571776E-02
5.275275275E+01   6.365620785E-02
5.285285285E+01   6.256279761E-02
5.295295295E+01   6.147551278E-02
5.305305305E+01   6.039437848E-02
5.315315315E+01   5.931941915E-02
5.325325325E+01   5.825065856E-02
5.335335335E+01   5.718811984E-02
5.345345345E+01   5.613182547E-02
5.355355355E+01   5.508179728E-02
5.365365365E+01   5.403805645E-02
5.375375375E+01   5.300062353E-02
5.385385385E+01   5.196951844E-02
5.395395395E+01   5.094476045E-02
5.405405405E+01   4.992636821E-02
5.415415415E+01   4.891435975E-02
5.425425425E+01   4.790875247E-02
5.435435435E+01   4.690956316E-02
5.445445445E+01   4.591680799E-02
5.455455455E+01   4.493050252E-02
5.465465465E+01   4.395066171E-02
5.475475475E+01   4.297729991E-02
5.485485485E+01   4.201043088E-02
5.495495495E+01   4.105006778E-02
5.505505506E+01   4.009622317E-02
5.515515516E+01   3.914890905E-02
5.525525526E+01   3.820813680E-02
5.535535536E+01   3.727391725E-02
5.545545546E+01   3.634626063E-02
5.555555556E+01   3.542517663E-02
5.565565566E+01   3.451067435E-02
5.575575576E+01   3.360276232E-02
5.585585586E+01   3.270144852E-02
5.595595596E+01   3.180674039E-02
5.605605606E+01   3.091864478E-02
5.615615616E+01   3.003716803E-02
5.625625626E+01   2.916231591E-02
5.635635636E+01   2.829409367E-02
5.645645646E+01   2.743250600E-02
5.655655656E+01   2.657755708E-02
5.665665666E+01   2.572925055E-02
5.675675676E+01   2.488758953E-02
5.685685686E+01   2.405257661E-02
5.695695696E+01   2.322421388E-02
5.705705706E+01   2.240250290E-02
5.715715716E+01   2.158744475E-02
5.725725726E+01   2.077903997E-02
5.735735736E+01   1.997728863E-02
5.745745746E+01   1.918219028E-02
5.755755756E+01   1.839374399E-02
5.765765766E+01   1.761194836E-02
5.775775776E+01   1.683680147E-02
5.785785786E+01   1.606830095E-02
5.795795796E+01   1.530644393E-02
5.805805806E+01   1.455122710E-02
5.815815816E+01   1.380264664E-02
5.825825826E+01   1.306069832E-02
5.835835836E+01   1.232537740E-02
5.845845846E+01   1.159667871E-02
5.855855856E+01   1.087459663E-02
5.865865866E+01   1.015912509E-02
5.875875876E+01   9.450257580E-03
5.885885886E+01   8.747987139E-03
5.895895896E+01   8.052306383E-03
5.905905906E+01   7.363207496E-03
5.915915916E+01   6.680682233E-03
5.925925926E+01   6.004721930E-03
5.935935936E+01   5.335317501E-03
5.945945946E+01   4.672459451E-03
5.955955956E+01   4.016137870E-03
5.965965966E+01   3.366342446E-03
5.975975976E+01   2.723062464E-03
5.985985986E+01   2.086286811E-03
5.995995996E+01   1.456003983E-03
6.006006006E+01   8.322020832E-04
6.016016016E+01   2.148688324E-04
6.026026026E+01   -3.960084307E-04
6.036036036E+01   -1.000442744E-03
6.046046046E+01   -1.598447520E-03
6.056056056E+01   -2.190036536E-03
6.066066066E+01   -2.775223938E-03
6.076076076E+01   -3.354024231E-03
6.086086086E+01   -3.926452277E-03
6.096096096E+01   -4.492523289E-03
6.106106106E+01   -5.052252829E-03
6.116116116E+01   -5.605656805E-03
6.126126126E+01   -6.152751463E-03
6.136136136E+01   -6.693553387E-03
6.146146146E+01   -7.228079491E-03
6.156156156E+01   -7.756347019E-03
6.166166166E+01   -8.278373538E-03
6.176176176E+01   -8.794176936E-03
6.186186186E+01   -9.303775415E-03
6.196196196E+01   -9.807187492E-03
6.206206206E+01   -1.030443199E-02
6.216216216E+01   -1.079552803E-02
6.226226226E+01   -1.128049505E-02
6.236236236E+01   -1.175935277E-02
6.246246246E+01   -1.223212121E-02
6.256256256E+01   -1.269882066E-02
6.266266266E+01   -1.315947171E-02
6.276276276E+01   -1.361409524E-02
6.286286286E+01   -1.406271238E-02
6.296296296E+01   -1.450534455E-02
6.306306306E+01   -1.494201344E-02
6.316316316E+01   -1.537274100E-02
6.326326326E+01   -1.579754943E-02
6.336336336E+01   -1.621646120E-02
6.346346346E+01   -1.662949903E-02
6.356356356E+01   -1.703668589E-02
6.366366366E+01   -1.743804499E-02
6.376376376E+01   -1.783359979E-02
6.386386386E+01   -1.822337398E-02
6.396396396E+01   -1.860739147E-02
6.406406406E+01   -1.898567644E-02
6.416416416E+01   -1.935825325E-02
6.426426426E+01   -1.972514652E-02
6.436436436E+01   -2.008638106E-02
6.446446446E+01   -2.044198191E-02
6.456456456E+01   -2.079197431E-02
6.466466466E+01   -2.113638374E-02
6.476476476E+01   -2.147523583E-02
6.486486486E+01   -2.180855645E-02
6.496496496E+01   -2.213637166E-02
6.506506507E+01   -2.245870770E-02
6.516516517E+01   -2.277559101E-02
6.526526527E+01   -2.308704821E-02
6.536536537E+01   -2.339310609E-02
6.546546547E+01   -2.369379165E-02
6.556556557E+01   -2.398913204E-02
6.566566567E+01   -2.427915458E-02
6.576576577E+01   -2.456388677E-02
6.586586587E+01   -2.484335626E-02
6.596596597E+01   -2.511759088E-02
6.606606607E+01   -2.538661859E-02
6.616616617E+01   -2.565046752E-02
6.626626627E+01   -2.590916595E-02
6.636636637E+01   -2.616274231E-02
6.646646647E+01   -2.641122515E-02
6.656656657E+01   -2.665464320E-02
6.666666667E+01   -2.689302528E-02
6.676676677E+01   -2.712640037E-02
6.686686687E+01   -2.735479758E-02
6.696696697E+01   -2.757824614E-02
6.706706707E+01   -2.779677539E-02
6.716716717E+01   -2.801041482E-02
6.726726727E+01   -2.821919400E-02
6.736736737E+01   -2.842314265E-02
6.746746747E+01   -2.862229056E-02
6.756756757E+01   -2.881666766E-02
6.766766767E+01   -2.900630397E-02
6.776776777E+01   -2.919122960E-02
6.786786787E+01   -2.937147478E-02
6.796796797E+01   -2.954706980E-02
6.806806807E+01   -2.971804508E-02
6.816816817E+01   -2.988443109E-02
6.826826827E+01   -3.004625842E-02
6.836836837E+01   -3.020355771E-02
6.846846847E+01   -3.035635969E-02
6.856856857E+01   -3.050469518E-02
6.866866867E+01   -3.064859504E-02
6.876876877E+01   -3.078809023E-02
6.886886887E+01   -3.092321176E-02
6.896896897E+01   -3.105399070E-02
6.906906907E+01   -3.118045820E-02
6.916916917E+01   -3.130264544E-02
6.926926927E+01   -3.142058367E-02
6.936936937E+01   -3.153430420E-02
6.946946947E+01   -3.164383837E-02
6.956956957E+01   -3.174921758E-02
6.966966967E+01   -3.185047326E-02
6.976976977E+01   -3.194763689E-02
6.986986987E+01   -3.204074000E-02
6.996996997E+01   -3.212981412E-02
7.007007007E+01   -3.221489084E-02
7.017017017E+01   -3.229600178E-02
7.027027027E+01   -3.237317857E-02
7.037037037E+01   -3.244645288E-02
7.047047047E+01   -3.251585639E-02
7.057057057E+01   -3.258142080E-02
7.067067067E+01   -3.264317784E-02
7.077077077E+01   -3.270115924E-02
7.087087087E+01   -3.275539675E-02
7.097097097E+01   -3.280592211E-02
7.107107107E+01   -3.285276709E-02
7.117117117E+01   -3.289596346E-02
7.127127127E+01   -3.293554298E-02
7.137137137E+01   -3.297153742E-02
7.147147147E+01   -3.300397854E-02
7.157157157E+01   -3.303289809E-02
7.167167167E+01   -3.305832782E-02
7.177177177E+01   -3.308029948E-02
7.187187187E+01   -3.309884479E-02
7.197197197E+01   -3.311399545E-02
7.207207207E+01   -3.312578317E-02
7.217217217E+01   -3.313423962E-02
7.227227227E+01   -3.313939644E-02
7.237237237E+01   -3.314128528E-02
7.247247247E+01   -3.313993774E-02
7.257257257E+01   -3.313538538E-02
7.267267267E+01   -3.312765976E-02
7.277277277E+01   -3.311679240E-02
7.287287287E+01   -3.310281476E-02
7.297297297E+01   -3.308575830E-02
7.307307307E+01   -3.306565443E-02
7.317317317E+01   -3.304253450E-02
7.327327327E+01   -3.301642984E-02
7.337337337E+01   -3.298737174E-02
7.347347347E+01   -3.295539142E-02
7.357357357E+01   -3.292052007E-02
7.367367367E+01   -3.288278884E-02
7.377377377E+01   -3.284222880E-02
7.387387387E+01   -3.279887100E-02
7.397397397E+01   -3.275274640E-02
7.407407407E+01   -3.270388593E-02
7.417417417E+01   -3.265232045E-02
7.427427427E+01   -3.259808077E-02
7.437437437E+01   -3.254119763E-02
7.447447447E+01   -3.248170170E-02
7.457457457E+01   -3.241962360E-02
7.467467467E+01   -3.235499387E-02
7.477477477E+01   -3.228784300E-02
7.487487487E+01   -3.221820139E-02
7.497497497E+01   -3.214609938E-02
7.507507508E+01   -3.207156723E-02
7.517517518E+01   -3.199463514E-02
7.527527528E+01   -3.191533321E-02
7.537537538E+01   -3.183369149E-02
7.547547548E+01   -3.174973994E-02
7.557557558E+01   -3.166350844E-02
7.567567568E+01   -3.157502678E-02
7.577577578E+01   -3.148432468E-02
7.587587588E+01   -3.139143177E-02
7.597597598E+01   -3.129637761E-02
7.607607608E+01   -3.119919164E-02
7.617617618E+01   -3.109990324E-02
7.627627628E+01   -3.099854171E-02
7.637637638E+01   -3.089513622E-02
7.647647648E+01   -3.078971589E-02
7.657657658E+01   -3.068230973E-02
7.667667668E+01   -3.057294665E-02
7.677677678E+01   -3.046165547E-02
7.687687688E+01   -3.034846493E-02
7.697697698E+01   -3.023340366E-02
7.707707708E+01   -3.011650018E-02
7.717717718E+01   -2.999778294E-02
7.727727728E+01   -2.987728027E-02
7.737737738E+01   -2.975502040E-02
7.747747748E+01   -2.963103147E-02
7.757757758E+01   -2.950534151E-02
7.767767768E+01   -2.937797845E-02
7.777777778E+01   -2.924897011E-02
7.787787788E+01   -2.911834421E-02
7.797797798E+01   -2.898612837E-02
7.807807808E+01   -2.885235009E-02
7.817817818E+01   -2.871703678E-02
7.827827828E+01   -2.858021572E-02
7.837837838E+01   -2.844191410E-02
7.847847848E+01   -2.830215900E-02
7.857857858E+01   -2.816097738E-02
7.867867868E+01   -2.801839610E-02
7.877877878E+01   -2.787444189E-02
7.887887888E+01   -2.772914140E-02
7.897897898E+01   -2.758252113E-02
7.907907908E+01   -2.743460750E-02
7.917917918E+01   -2.728542680E-02
7.927927928E+01   -2.713500521E-02
7.937937938E+01   -2.698336879E-02
7.947947948E+01   -2.683054349E-02
7.957957958E+01   -2.667655515E-02
7.967967968E+01   -2.652142948E-02
7.977977978E+01   -2.636519210E-02
7.987987988E+01   -2.620786848E-02
7.997997998E+01   -2.604948399E-02
8.008008008E+01   -2.589006389E-02
8.018018018E+01   -2.572963331E-02
8.028028028E+01   -2.556821728E-02
8.038038038E+01   -2.540584068E-02
8.048048048E+01   -2.524252830E-02
8.058058058E+01   -2.507830480E-02
8.068068068E+01   -2.491319473E-02
8.078078078E+01   -2.474722251E-02
8.088088088E+01   -2.458041245E-02
8.098098098E+01   -2.441278873E-02
8.108108108E+01   -2.424437542E-02
8.118118118E+01   -2.407519647E-02
8.128128128E+01   -2.390527571E-02
8.138138138E+01   -2.373463685E-02
8.148148148E+01   -2.356330347E-02
8.158158158E+01   -2.339129905E-02
8.168168168E+01   -2.321864694E-02
8.178178178E+01   -2.304537036E-02
8.188188188E+01   -2.287149243E-02
8.198198198E+01   -2.269703615E-02
8.208208208E+01   -2.252202437E-02
8.218218218E+01   -2.234647986E-02
8.228228228E+01   -2.217042525E-02
8.238238238E+01   -2.199388305E-02
8.248248248E+01   -2.181687566E-02
8.258258258E+01   -2.163942535E-02
8.268268268E+01   -2.146155428E-02
8.278278278E+01   -2.128328450E-02
8.288288288E+01   -2.110463792E-02
8.298298298E+01   -2.092563634E-02
8.308308308E+01   -2.074630146E-02
8.318318318E+01   -2.056665484E-02
8.328328328E+01   -2.038671792E-02
8.338338338E+01   -2.020651205E-02
8.348348348E+01   -2.002605844E-02
8.358358358E+01   -1.984537819E-02
8.368368368E+01   -1.966449229E-02
8.378378378E+01   -1.948342160E-02
8.388388388E+01   -1.930218689E-02
8.398398398E+01   -1.912080878E-02
8.408408408E+01   -1.893930781E-02
8.418418418E+01   -1.875770438E-02
8.428428428E+01   -1.857601880E-02
8.438438438E+01   -1.839427125E-02
8.448448448E+01   -1.821248179E-02
8.458458458E+01   -1.803067039E-02
8.468468468E+01   -1.784885691E-02
8.478478478E+01   -1.766706106E-02
8.488488488E+01   -1.748530249E-02
8.498498498E+01   -1.730360070E-02
8.508508509E+01   -1.712197511E-02
8.518518519E+01   -1.694044501E-02
8.528528529E+01   -1.675902960E-02
8.538538539E+01   -1.657774795E-02
8.548548549E+01   -1.639661904E-02
8.558558559E+01   -1.621566173E-02
8.568568569E+01   -1.603489480E-02
8.578578579E+01   -1.585433690E-02
8.588588589E+01   -1.567400657E-02
8.598598599E+01   -1.549392228E-02
8.608608609E+01   -1.531410236E-02
8.618618619E+01   -1.513456505E-02
8.628628629E+01   -1.495532851E-02
8.638638639E+01   -1.477641077E-02
8.648648649E+01   -1.459782976E-02
8.658658659E+01   -1.441960334E-02
8.668668669E+01   -1.424174923E-02
8.678678679E+01   -1.406428509E-02
8.688688689E+01   -1.388722846E-02
8.698698699E+01   -1.371059679E-02
8.708708709E+01   -1.353440742E-02
8.718718719E+01   -1.335867763E-02
8.728728729E+01   -1.318342456E-02
8.738738739E+01   -1.300866530E-02
8.748748749E+01   -1.283441683E-02
8.758758759E+01   -1.266069601E-02
8.768768769E+01   -1.248751966E-02
8.778778779E+01   -1.231490448E-02
8.788788789E+01   -1.214286708E-02
8.798798799E+01   -1.197142398E-02
8.808808809E+01   -1.180059164E-02
8.818818819E+01   -1.163038640E-02
8.828828829E+01   -1.146082453E-02
8.838838839E+01   -1.129192221E-02
8.848848849E+01   -1.112369554E-02
8.858858859E+01   -1.095616054E-02
8.868868869E+01   -1.078933313E-02
8.878878879E+01   -1.062322918E-02
8.888888889E+01   -1.045786445E-02
8.898898899E+01   -1.029325463E-02
8.908908909E+01   -1.012941535E-02
8.918918919E+01   -9.966362122E-03
8.928928929E+01   -9.804110423E-03
8.938938939E+01   -9.642675632E-03
8.948948949E+01   -9.482073058E-03
8.958958959E+01   -9.322317937E-03
8.968968969E+01   -9.163425430E-03
8.978978979E+01   -9.005410629E-03
8.988988989E+01   -8.848288553E-03
8.998998999E+01   -8.692074153E-03
9.009009009E+01   -8.536782309E-03
9.019019019E+01   -8.382427835E-03
9.029029029E+01   -8.229025475E-03
9.039039039E+01   -8.076589911E-03
9.049049049E+01   -7.925135756E-03
9.059059059E+01   -7.774677562E-03
9.069069069E+01   -7.625229816E-03
9.079079079E+01   -7.476806944E-03
9.089089089E+01   -7.329423310E-03
9.099099099E+01   -7.183093219E-03
9.109109109E+01   -7.037830915E-03
9.119119119E+01   -6.893650585E-03
9.129129129E+01   -6.750566359E-03
9.139139139E+01   -6.608592311E-03
9.149149149E+01   -6.467742458E-03
9.159159159E+01   -6.328030765E-03
9.169169169E+01   -6.189471142E-03
9.179179179E+01   -6.052077448E-03
9.189189189E+01   -5.915863490E-03
9.199199199E+01   -5.780843025E-03
9.209209209E+01   -5.647029759E-03
9.219219219E+01   -5.514437353E-03
9.229229229E+01   -5.383079417E-03
9.239239239E+01   -5.252969518E-03
9.249249249E+01   -5.124121173E-03
9.259259259E+01   -4.996547860E-03
9.269269269E+01   -4.870263008E-03
9.279279279E+01   -4.745280008E-03
9.289289289E+01   -4.621612207E-03
9.299299299E+01   -4.499272910E-03
9.309309309E+01   -4.378275386E-03
9.319319319E+01   -4.258632862E-03
9.329329329E+01   -4.140358527E-03
9.339339339E+01   -4.023465536E-03
9.349349349E+01   -3.907967006E-03
9.359359359E+01   -3.793876018E-03
9.369369369E+01   -3.681205619E-03
9.379379379E+01   -3.569968825E-03
9.389389389E+01   -3.460178618E-03
9.399399399E+01   -3.351847947E-03
9.409409409E+01   -3.244989732E-03
9.419419419E+01   -3.139616865E-03
9.429429429E+01   -3.035742204E-03
9.439439439E+01   -2.933378585E-03
9.449449449E+01   -2.832538812E-03
9.459459459E+01   -2.733235665E-03
9.469469469E+01   -2.635481898E-03
9.479479479E+01   -2.539290241E-03
9.489489489E+01   -2.444673398E-03
9.499499499E+01   -2.351644052E-03
9.509509510E+01   -2.260214864E-03
9.519519520E+01   -2.170398472E-03
9.529529530E+01   -2.082207494E-03
9.539539540E+01   -1.995654528E-03
9.549549550E+01   -1.910752153E-03
9.559559560E+01   -1.827512929E-03
9.569569570E+01   -1.745949400E-03
9.579579580E+01   -1.666074091E-03
9.589589590E+01   -1.587899513E-03
9.599599600E+01   -1.511438158E-03
9.609609610E+01   -1.436702507E-03
9.619619620E+01   -1.363705025E-03
9.629629630E+01   -1.292458163E-03
9.639639640E+01   -1.222974361E-03
9.649649650E+01   -1.155266045E-03
9.659659660E+01   -1.089345630E-03
9.669669670E+01   -1.025225520E-03
9.679679680E+01   -9.629181097E-04
9.689689690E+01   -9.024357826E-04
9.699699700E+01   -8.437909137E-04
9.709709710E+01   -7.869958693E-04
9.719719720E+01   -7.320630075E-04
9.729729730E+01   -6.790046789E-04
9.739739740E+01   -6.278332272E-04
9.749749750E+01   -5.785609892E-04
9.759759760E+01   -5.312002960E-04
9.769769770E+01   -4.857634728E-04
9.779779780E+01   -4.422628397E-04
9.789789790E+01   -4.007107123E-04
9.799799800E+01   -3.611194016E-04
9.809809810E+01   -3.235012147E-04
9.819819820E+01   -2.878684554E-04
9.829829830E+01   -2.542334240E-04
9.839839840E+01   -2.226084183E-04
9.849849850E+01   -1.930057333E-04
9.859859860E+01   -1.654376619E-04
9.869869870E+01   -1.399164951E-04
9.879879880E+01   -1.164545223E-04
9.889889890E+01   -9.506403150E-05
9.899899900E+01   -7.575730945E-05
9.909909910E+01   -5.854664202E-05
9.919919920E+01   -4.344431430E-05
9.929929930E+01   -3.046261081E-05
9.939939940E+01   -1.961381561E-05
9.949949950E+01   -1.091021248E-05
9.959959960E+01   -4.364084979E-06
9.969969970E+01   1.228343638E-08
9.979979980E+01   2.206609351E-06
9.989989990E+01   2.206609351E-06
1.000000000E+02   0.000000000E+00
