0.000000000E+00   -1.415405396E+00
1.001001001E-01   -1.401405396E+00
2.002002002E-01   -1.387468119E+00
3.003003003E-01   -1.373593563E+00
4.004004004E-01   -1.359781729E+00
5.005005005E-01   -1.346032614E+00
6.006006006E-01   -1.332346213E+00
7.007007007E-01   -1.318722522E+00
8.008008008E-01   -1.305161534E+00
9.009009009E-01   -1.291663242E+00
1.001001001E+00   -1.278227636E+00
1.101101101E+00   -1.264854706E+00
1.201201201E+00   -1.251544441E+00
1.301301301E+00   -1.238296828E+00
1.401401401E+00   -1.225111853E+00
1.501501502E+00   -1.211989500E+00
1.601601602E+00   -1.198929753E+00
1.701701702E+00   -1.185932592E+00
1.801801802E+00   -1.172998001E+00
1.901901902E+00   -1.160125956E+00
2.002002002E+00   -1.147316438E+00
2.102102102E+00   -1.134569422E+00
2.202202202E+00   -1.121884884E+00
2.302302302E+00   -1.109262798E+00
2.402402402E+00   -1.096703138E+00
2.502502503E+00   -1.084205875E+00
2.602602603E+00   -1.071770980E+00
2.702702703E+00   -1.059398421E+00
2.802802803E+00   -1.047088167E+00
2.902902903E+00   -1.034840184E+00
3.003003003E+00   -1.022654438E+00
3.103103103E+00   -1.010530893E+00
3.203203203E+00   -9.984695109E-01
3.303303303E+00   -9.864702539E-01
3.403403403E+00   -9.745330823E-01
3.503503504E+00   -9.626579550E-01
3.603603604E+00   -9.508448298E-01
3.703703704E+00   -9.390936632E-01
3.803803804E+00   -9.274044104E-01
3.903903904E+00   -9.157770253E-01
4.004004004E+00   -9.042114608E-01
4.104104104E+00   -8.927076683E-01
4.204204204E+00   -8.812655980E-01
4.304304304E+00   -8.698851989E-01
4.404404404E+00   -8.585664188E-01
4.504504505E+00   -8.473092040E-01
4.604604605E+00   -8.361135000E-01
4.704704705E+00   -8.249792506E-01
4.804804805E+00   -8.139063987E-01
4.904904905E+00   -8.028948859E-01
5.005005005E+00   -7.919446523E-01
5.105105105E+00   -7.810556373E-01
5.205205205E+00   -7.702277785E-01
5.305305305E+00   -7.594610126E-01
5.405405405E+00   -7.487552752E-01
5.505505506E+00   -7.381105003E-01
5.605605606E+00   -7.275266210E-01
5.705705706E+00   -7.170035690E-01
5.805805806E+00   -7.065412751E-01
5.905905906E+00   -6.961396684E-01
6.006006006E+00   -6.857986773E-01
6.106106106E+00   -6.755182286E-01
6.206206206E+00   -6.652982483E-01
6.306306306E+00   -6.551386608E-01
6.406406406E+00   -6.450393896E-01
6.506506507E+00   -6.350003569E-01
6.606606607E+00   -6.250214837E-01
6.706706707E+00   -6.151026900E-01
6.806806807E+00   -6.052438944E-01
6.906906907E+00   -5.954450145E-01
7.007007007E+00   -5.857059665E-01
7.107107107E+00   -5.760266658E-01
7.207207207E+00   -5.664070263E-01
7.307307307E+00   -5.568469610E-01
7.407407407E+00   -5.473463815E-01
7.507507508E+00   -5.379051985E-01
7.607607608E+00   -5.285233214E-01
7.707707708E+00   -5.192006585E-01
7.807807808E+00   -5.099371170E-01
7.907907908E+00   -5.007326030E-01
8.008008008E+00   -4.915870213E-01
8.108108108E+00   -4.825002757E-01
8.208208208E+00   -4.734722690E-01
8.308308308E+00   -4.645029027E-01
8.408408408E+00   -4.555920772E-01
8.508508509E+00   -4.467396919E-01
8.608608609E+00   -4.379456450E-01
8.708708709E+00   -4.292098338E-01
8.808808809E+00   -4.205321543E-01
8.908908909E+00   -4.119125014E-01
9.009009009E+00   -4.033507690E-01
9.109109109E+00   -3.948468501E-01
9.209209209E+00   -3.864006362E-01
9.309309309E+00   -3.780120182E-01
9.409409409E+00   -3.696808856E-01
9.509509510E+00   -3.614071270E-01
9.609609610E+00   -3.531906299E-01
9.709709710E+00   -3.450312808E-01
9.809809810E+00   -3.369289650E-01
9.909909910E+00   -3.288835671E-01
1.001001001E+01   -3.208949702E-01
1.011011011E+01   -3.129630567E-01
1.021021021E+01   -3.050877080E-01
1.031031031E+01   -2.972688044E-01
1.041041041E+01   -2.895062250E-01
1.051051051E+01   -2.817998481E-01
1.061061061E+01   -2.741495511E-01
1.071071071E+01   -2.665552102E-01
1.081081081E+01   -2.590167007E-01
1.091091091E+01   -2.515338968E-01
1.101101101E+01   -2.441066719E-01
1.111111111E+01   -2.367348983E-01
1.121121121E+01   -2.294184473E-01
1.131131131E+01   -2.221571895E-01
1.141141141E+01   -2.149509943E-01
1.151151151E+01   -2.077997301E-01
1.161161161E+01   -2.007032645E-01
1.171171171E+01   -1.936614642E-01
1.181181181E+01   -1.866741947E-01
1.191191191E+01   -1.797413210E-01
1.201201201E+01   -1.728627067E-01
1.211211211E+01   -1.660382149E-01
1.221221221E+01   -1.592677075E-01
1.231231231E+01   -1.525510456E-01
1.241241241E+01   -1.458880895E-01
1.251251251E+01   -1.392786984E-01
1.261261261E+01   -1.327227308E-01
1.271271271E+01   -1.262200442E-01
1.281281281E+01   -1.197704954E-01
1.291291291E+01   -1.133739400E-01
1.301301301E+01   -1.070302331E-01
1.311311311E+01   -1.007392288E-01
1.321321321E+01   -9.450078018E-02
1.331331331E+01   -8.831473979E-02
1.341341341E+01   -8.218095915E-02
1.351351351E+01   -7.609928899E-02
1.361361361E+01   -7.006957922E-02
1.371371371E+01   -6.409167893E-02
1.381381381E+01   -5.816543640E-02
1.391391391E+01   -5.229069912E-02
1.401401401E+01   -4.646731376E-02
1.411411411E+01   -4.069512621E-02
1.421421421E+01   -3.497398159E-02
1.431431431E+01   -2.930372421E-02
1.441441441E+01   -2.368419764E-02
1.451451451E+01   -1.811524467E-02
1.461461461E+01   -1.259670734E-02
1.471471471E+01   -7.128426921E-03
1.481481481E+01   -1.710243964E-03
1.491491491E+01   3.658001732E-03
1.501501502E+01   8.976471093E-03
1.511511512E+01   1.424532577E-02
1.521521522E+01   1.946472814E-02
1.531531532E+01   2.463484127E-02
1.541541542E+01   2.975582894E-02
1.551551552E+01   3.482785565E-02
1.561561562E+01   3.985108655E-02
1.571571572E+01   4.482568749E-02
1.581581582E+01   4.975182500E-02
1.591591592E+01   5.462966628E-02
1.601601602E+01   5.945937917E-02
1.611611612E+01   6.424113220E-02
1.621621622E+01   6.897509452E-02
1.631631632E+01   7.366143593E-02
1.641641642E+01   7.830032685E-02
1.651651652E+01   8.289193836E-02
1.661661662E+01   8.743644211E-02
1.671671672E+01   9.193401041E-02
1.681681682E+01   9.638481615E-02
1.691691692E+01   1.007890328E-01
1.701701702E+01   1.051468345E-01
1.711711712E+01   1.094583958E-01
1.721721722E+01   1.137238921E-01
1.731731732E+01   1.179434991E-01
1.741741742E+01   1.221173931E-01
1.751751752E+01   1.262457512E-01
1.761761762E+01   1.303287508E-01
1.771771772E+01   1.343665699E-01
1.781781782E+01   1.383593870E-01
1.791791792E+01   1.423073812E-01
1.801801802E+01   1.462107322E-01
1.811811812E+01   1.500696199E-01
1.821821822E+01   1.538842250E-01
1.831831832E+01   1.576547286E-01
1.841841842E+01   1.613813123E-01
1.851851852E+01   1.650641581E-01
1.861861862E+01   1.687034486E-01
1.871871872E+01   1.722993668E-01
1.881881882E+01   1.758520961E-01
1.891891892E+01   1.793618204E-01
1.901901902E+01   1.828287241E-01
1.911911912E+01   1.862529921E-01
1.921921922E+01   1.896348094E-01
1.931931932E+01   1.929743618E-01
1.941941942E+01   1.962718353E-01
1.951951952E+01   1.995274164E-01
1.961961962E+01   2.027412920E-01
1.971971972E+01   2.059136492E-01
1.981981982E+01   2.090446757E-01
1.991991992E+01   2.121345596E-01
2.002002002E+01   2.151834892E-01
2.012012012E+01   2.181916533E-01
2.022022022E+01   2.211592409E-01
2.032032032E+01   2.240864415E-01
2.042042042E+01   2.269734450E-01
2.052052052E+01   2.298204413E-01
2.062062062E+01   2.326276209E-01
2.072072072E+01   2.353951747E-01
2.082082082E+01   2.381232936E-01
2.092092092E+01   2.408121690E-01
2.102102102E+01   2.434619926E-01
2.112112112E+01   2.460729563E-01
2.122122122E+01   2.486452523E-01
2.132132132E+01   2.511790732E-01
2.142142142E+01   2.536746117E-01
2.152152152E+01   2.561320608E-01
2.162162162E+01   2.585516137E-01
2.172172172E+01   2.609334641E-01
2.182182182E+01   2.632778055E-01
2.192192192E+01   2.655848321E-01
2.202202202E+01   2.678547379E-01
2.212212212E+01   2.700877173E-01
2.222222222E+01   2.722839650E-01
2.232232232E+01   2.744436757E-01
2.242242242E+01   2.765670445E-01
2.252252252E+01   2.786542665E-01
2.262262262E+01   2.807055370E-01
2.272272272E+01   2.827210516E-01
2.282282282E+01   2.847010058E-01
2.292292292E+01   2.866455956E-01
2.302302302E+01   2.885550169E-01
2.312312312E+01   2.904294657E-01
2.322322322E+01   2.922691383E-01
2.332332332E+01   2.940742311E-01
2.342342342E+01   2.958449406E-01
2.352352352E+01   2.975814632E-01
2.362362362E+01   2.992839956E-01
2.372372372E+01   3.009527347E-01
2.382382382E+01   3.025878773E-01
2.392392392E+01   3.041896202E-01
2.402402402E+01   3.057581605E-01
2.412412412E+01   3.072936953E-01
2.422422422E+01   3.087964217E-01
2.432432432E+01   3.102665367E-01
2.442442442E+01   3.117042377E-01
2.452452452E+01   3.131097219E-01
2.462462462E+01   3.144831866E-01
2.472472472E+01   3.158248289E-01
2.482482482E+01   3.171348463E-01
2.492492492E+01   3.184134360E-01
2.502502503E+01   3.196607953E-01
2.512512513E+01   3.208771216E-01
2.522522523E+01   3.220626121E-01
2.532532533E+01   3.232174640E-01
2.542542543E+01   3.243418746E-01
2.552552553E+01   3.254360411E-01
2.562562563E+01   3.265001605E-01
2.572572573E+01   3.275344301E-01
2.582582583E+01   3.285390468E-01
2.592592593E+01   3.295142075E-01
2.602602603E+01   3.304601093E-01
2.612612613E+01   3.313769488E-01
2.622622623E+01   3.322649229E-01
2.632632633E+01   3.331242281E-01
2.642642643E+01   3.339550610E-01
2.652652653E+01   3.347576180E-01
2.662662663E+01   3.355320954E-01
2.672672673E+01   3.362786894E-01
2.682682683E+01   3.369975961E-01
2.692692693E+01   3.376890113E-01
2.702702703E+01   3.383531310E-01
2.712712713E+01   3.389901506E-01
2.722722723E+01   3.396002658E-01
2.732732733E+01   3.401836718E-01
2.742742743E+01   3.407405637E-01
2.752752753E+01   3.412711366E-01
2.762762763E+01   3.417755852E-01
2.772772773E+01   3.422541041E-01
2.782782783E+01   3.427068878E-01
2.792792793E+01   3.431341305E-01
2.802802803E+01   3.435360261E-01
2.812812813E+01   3.439127684E-01
2.822822823E+01   3.442645511E-01
2.832832833E+01   3.445915675E-01
2.842842843E+01   3.448940106E-01
2.852852853E+01   3.451720733E-01
2.862862863E+01   3.454259482E-01
2.872872873E+01   3.456558278E-01
2.882882883E+01   3.458619041E-01
2.892892893E+01   3.460443689E-01
2.902902903E+01   3.462034139E-01
2.912912913E+01   3.463392302E-01
2.922922923E+01   3.464520090E-01
2.932932933E+01   3.465419409E-01
2.942942943E+01   3.466092163E-01
2.952952953E+01   3.466540255E-01
2.962962963E+01   3.466765580E-01
2.972972973E+01   3.466770036E-01
2.982982983E+01   3.466555513E-01
2.992992993E+01   3.466123900E-01
3.003003003E+01   3.465477081E-01
3.013013013E+01   3.464616939E-01
3.023023023E+01   3.463545353E-01
3.033033033E+01   3.462264196E-01
3.043043043E+01   3.460775339E-01
3.053053053E+01   3.459080652E-01
3.063063063E+01   3.457181997E-01
3.073073073E+01   3.455081235E-01
3.083083083E+01   3.452780221E-01
3.093093093E+01   3.450280810E-01
3.103103103E+01   3.447584848E-01
3.113113113E+01   3.444694182E-01
3.123123123E+01   3.441610651E-01
3.133133133E+01   3.438336092E-01
3.143143143E+01   3.434872338E-01
3.153153153E+01   3.431221218E-01
3.163163163E+01   3.427384554E-01
3.173173173E+01   3.423364167E-01
3.183183183E+01   3.419161872E-01
3.193193193E+01   3.414779481E-01
3.203203203E+01   3.410218799E-01
3.213213213E+01   3.405481630E-01
3.223223223E+01   3.400569770E-01
3.233233233E+01   3.395485012E-01
3.243243243E+01   3.390229146E-01
3.253253253E+01   3.384803953E-01
3.263263263E+01   3.379211214E-01
3.273273273E+01   3.373452703E-01
3.283283283E+01   3.367530187E-01
3.293293293E+01   3.361445432E-01
3.303303303E+01   3.355200198E-01
3.313313313E+01   3.348796237E-01
3.323323323E+01   3.342235300E-01
3.333333333E+01   3.335519131E-01
3.343343343E+01   3.328649469E-01
3.353353353E+01   3.321628047E-01
3.363363363E+01   3.314456595E-01
3.373373373E+01   3.307136835E-01
3.383383383E+01   3.299670486E-01
3.393393393E+01   3.292059259E-01
3.403403403E+01   3.284304864E-01
3.413413413E+01   3.276409000E-01
3.423423423E+01   3.268373365E-01
3.433433433E+01   3.260199649E-01
3.443443443E+01   3.251889537E-01
3.453453453E+01   3.243444709E-01
3.463463463E+01   3.234866838E-01
3.473473473E+01   3.226157593E-01
3.483483483E+01   3.217318635E-01
3.493493493E+01   3.208351621E-01
3.503503504E+01   3.199258203E-01
3.513513514E+01   3.190040024E-01
3.523523524E+01   3.180698723E-01
3.533533534E+01   3.171235934E-01
3.543543544E+01   3.161653283E-01
3.553553554E+01   3.151952391E-01
3.563563564E+01   3.142134873E-01
3.573573574E+01   3.132202337E-01
3.583583584E+01   3.122156387E-01
3.593593594E+01   3.111998617E-01
3.603603604E+01   3.101730619E-01
3.613613614E+01   3.091353975E-01
3.623623624E+01   3.080870264E-01
3.633633634E+01   3.070281057E-01
3.643643644E+01   3.059587918E-01
3.653653654E+01   3.048792406E-01
3.663663664E+01   3.037896073E-01
3.673673674E+01   3.026900463E-01
3.683683684E+01   3.015807117E-01
3.693693694E+01   3.004617567E-01
3.703703704E+01   2.993333338E-01
3.713713714E+01   2.981955949E-01
3.723723724E+01   2.970486914E-01
3.733733734E+01   2.958927738E-01
3.743743744E+01   2.947279920E-01
3.753753754E+01   2.935544954E-01
3.763763764E+01   2.923724324E-01
3.773773774E+01   2.911819510E-01
3.783783784E+01   2.899831983E-01
3.793793794E+01   2.887763210E-01
3.803803804E+01   2.875614649E-01
3.813813814E+01   2.863387750E-01
3.823823824E+01   2.851083960E-01
3.833833834E+01   2.838704715E-01
3.843843844E+01   2.826251447E-01
3.853853854E+01   2.813725578E-01
3.863863864E+01   2.801128526E-01
3.873873874E+01   2.788461700E-01
3.883883884E+01   2.775726504E-01
3.893893894E+01   2.762924331E-01
3.903903904E+01   2.750056571E-01
3.913913914E+01   2.737124605E-01
3.923923924E+01   2.724129807E-01
3.933933934E+01   2.711073543E-01
3.943943944E+01   2.697957173E-01
3.953953954E+01   2.684782050E-01
3.963963964E+01   2.671549519E-01
3.973973974E+01   2.658260918E-01
3.983983984E+01   2.644917576E-01
3.993993994E+01   2.631520818E-01
4.004004004E+01   2.618071959E-01
4.014014014E+01   2.604572308E-01
4.024024024E+01   2.591023165E-01
4.034034034E+01   2.577425826E-01
4.044044044E+01   2.563781575E-01
4.054054054E+01   2.550091693E-01
4.064064064E+01   2.536357450E-01
4.074074074E+01   2.522580111E-01
4.084084084E+01   2.508760932E-01
4.094094094E+01   2.494901162E-01
4.104104104E+01   2.481002043E-01
4.114114114E+01   2.467064809E-01
4.124124124E+01   2.453090686E-01
4.134134134E+01   2.439080894E-01
4.144144144E+01   2.425036644E-01
4.154154154E+01   2.410959140E-01
4.164164164E+01   2.396849578E-01
4.174174174E+01   2.382709147E-01
4.184184184E+01   2.368539028E-01
4.194194194E+01   2.354340394E-01
4.204204204E+01   2.340114411E-01
4.214214214E+01   2.325862239E-01
4.224224224E+01   2.311585026E-01
4.234234234E+01   2.297283916E-01
4.244244244E+01   2.282960045E-01
4.254254254E+01   2.268614539E-01
4.264264264E+01   2.254248520E-01
4.274274274E+01   2.239863098E-01
4.284284284E+01   2.225459379E-01
4.294294294E+01   2.211038460E-01
4.304304304E+01   2.196601430E-01
4.314314314E+01   2.182149369E-01
4.324324324E+01   2.167683352E-01
4.334334334E+01   2.153204445E-01
4.344344344E+01   2.138713706E-01
4.354354354E+01   2.124212186E-01
4.364364364E+01   2.109700927E-01
4.374374374E+01   2.095180964E-01
4.384384384E+01   2.080653325E-01
4.394394394E+01   2.066119030E-01
4.404404404E+01   2.051579090E-01
4.414414414E+01   2.037034509E-01
4.424424424E+01   2.022486283E-01
4.434434434E+01   2.007935402E-01
4.444444444E+01   1.993382846E-01
4.454454454E+01   1.978829588E-01
4.464464464E+01   1.964276594E-01
4.474474474E+01   1.949724821E-01
4.484484484E+01   1.935175219E-01
4.494494494E+01   1.920628730E-01
4.504504505E+01   1.906086288E-01
4.514514515E+01   1.891548821E-01
4.524524525E+01   1.877017246E-01
4.534534535E+01   1.862492476E-01
4.544544545E+01   1.847975413E-01
4.554554555E+01   1.833466953E-01
4.564564565E+01   1.818967985E-01
4.574574575E+01   1.804479388E-01
4.584584585E+01   1.790002036E-01
4.594594595E+01   1.775536792E-01
4.604604605E+01   1.761084514E-01
4.614614615E+01   1.746646052E-01
4.624624625E+01   1.732222247E-01
4.634634635E+01   1.717813933E-01
4.644644645E+01   1.703421937E-01
4.654654655E+01   1.689047077E-01
4.664664665E+01   1.674690165E-01
4.674674675E+01   1.660352003E-01
4.684684685E+01   1.646033389E-01
4.694694695E+01   1.631735109E-01
4.704704705E+01   1.617457944E-01
4.714714715E+01   1.603202667E-01
4.724724725E+01   1.588970044E-01
4.734734735E+01   1.574760832E-01
4.744744745E+01   1.560575782E-01
4.754754755E+01   1.546415635E-01
4.764764765E+01   1.532281127E-01
4.774774775E+01   1.518172985E-01
4.784784785E+01   1.504091929E-01
4.794794795E+01   1.490038672E-01
4.804804805E+01   1.476013918E-01
4.814814815E+01   1.462018365E-01
4.824824825E+01   1.448052703E-01
4.834834835E+01   1.434117613E-01
4.844844845E+01   1.420213772E-01
4.854854855E+01   1.406341846E-01
4.864864865E+01   1.392502496E-01
4.874874875E+01   1.378696374E-01
4.884884885E+01   1.364924125E-01
4.894894895E+01   1.351186388E-01
4.904904905E+01   1.337483793E-01
4.914914915E+01   1.323816963E-01
4.924924925E+01   1.310186515E-01
4.934934935E+01   1.296593056E-01
4.944944945E+01   1.283037187E-01
4.954954955E+01   1.269519504E-01
4.964964965E+01   1.256040592E-01
4.974974975E+01   1.242601031E-01
4.984984985E+01   1.229201393E-01
4.994994995E+01   1.215842243E-01
5.005005005E+01   1.202524140E-01
5.015015015E+01   1.189247633E-01
5.025025025E+01   1.176013267E-01
5.035035035E+01   1.162821578E-01
5.045045045E+01   1.149673094E-01
5.055055055E+01   1.136568339E-01
5.065065065E+01   1.123507828E-01
5.075075075E+01   1.110492068E-01
5.085085085E+01   1.097521561E-01
5.095095095E+01   1.084596800E-01
5.105105105E+01   1.071718273E-01
5.115115115E+01   1.058886461E-01
5.125125125E+01   1.046101836E-01
5.135135135E+01   1.033364864E-01
5.145145145E+01   1.020676005E-01
5.155155155E+01   1.008035712E-01
5.165165165E+01   9.954444305E-02
5.175175175E+01   9.829025990E-02
5.185185185E+01   9.704106497E-02
5.195195195E+01   9.579690081E-02
5.205205205E+01   9.455780927E-02
5.215215215E+01   9.332383154E-02
5.225225225E+01   9.209500815E-02
5.235235235E+01   9.087137893E-02
5.245245245E+01   8.965298308E-02
5.255255255E+01   8.843985912E-02
5.265265265E+01   8.723204491E-02
5.275275275E+01   8.602957767E-02
5.285285285E+01   8.483249394E-02
5.295295295E+01   8.364082964E-02
5.305305305E+01   8.245462001E-02
5.315315315E+01   8.127389966E-02
5.325325325E+01   8.009870256E-02
5.335335335E+01   7.892906204E-02
5.345345345E+01   7.776501076E-02
5.355355355E+01   7.660658080E-02
5.365365365E+01   7.545380356E-02
5.375375375E+01   7.430670984E-02
5.385385385E+01   7.316532980E-02
5.395395395E+01   7.202969297E-02
5.405405405E+01   7.089982827E-02
5.415415415E+01   6.977576401E-02
5.425425425E+01   6.865752787E-02
5.435435435E+01   6.754514692E-02
5.445445445E+01   6.643864763E-02
5.455455455E+01   6.533805584E-02
5.465465465E+01   6.424339682E-02
5.475475475E+01   6.315469522E-02
5.485485485E+01   6.207197509E-02
5.495495495E+01   6.099525989E-02
5.505505506E+01   5.992457251E-02
5.515515516E+01   5.885993520E-02
5.525525526E+01   5.780136968E-02
5.535535536E+01   5.674889706E-02
5.545545546E+01   5.570253788E-02
5.555555556E+01   5.466231209E-02
5.565565566E+01   5.362823909E-02
5.575575576E+01   5.260033769E-02
5.585585586E+01   5.157862614E-02
5.595595596E+01   5.056312213E-02
5.605605606E+01   4.955384279E-02
5.615615616E+01   4.855080469E-02
5.625625626E+01   4.755402386E-02
5.635635636E+01   4.656351575E-02
5.645645646E+01   4.557929529E-02
5.655655656E+01   4.460137686E-02
5.665665666E+01   4.362977429E-02
5.675675676E+01   4.266450089E-02
5.685685686E+01   4.170556940E-02
5.695695696E+01   4.075299208E-02
5.705705706E+01   3.980678063E-02
5.715715716E+01   3.886694623E-02
5.725725726E+01   3.793349954E-02
5.735735736E+01   3.700645070E-02
5.745745746E+01   3.608580936E-02
5.755755756E+01   3.517158462E-02
5.765765766E+01   3.426378509E-02
5.775775776E+01   3.336241890E-02
5.785785786E+01   3.246749363E-02
5.795795796E+01   3.157901641E-02
5.805805806E+01   3.069699385E-02
5.815815816E+01   2.982143208E-02
5.825825826E+01   2.895233673E-02
5.835835836E+01   2.808971296E-02
5.845845846E+01   2.723356545E-02
5.855855856E+01   2.638389838E-02
5.865865866E+01   2.554071550E-02
5.875875876E+01   2.470402004E-02
5.885885886E+01   2.387381481E-02
5.895895896E+01   2.305010212E-02
5.905905906E+01   2.223288384E-02
5.915915916E+01   2.142216138E-02
5.925925926E+01   2.061793569E-02
5.935935936E+01   1.982020729E-02
5.945945946E+01   1.902897624E-02
5.955955956E+01   1.824424215E-02
5.965965966E+01   1.746600420E-02
5.975975976E+01   1.669426115E-02
5.985985986E+01   1.592901130E-02
5.995995996E+01   1.517025255E-02
6.006006006E+01   1.441798234E-02
6.016016016E+01   1.367219773E-02
6.026026026E+01   1.293289533E-02
6.036036036E+01   1.220007134E-02
6.046046046E+01   1.147372157E-02
6.056056056E+01   1.075384141E-02
6.066066066E+01   1.004042584E-02
6.076076076E+01   9.333469437E-03
6.086086086E+01   8.632966399E-03
6.096096096E+01   7.938910518E-03
6.106106106E+01   7.251295197E-03
6.116116116E+01   6.570113456E-03
6.126126126E+01   5.895357930E-03
6.136136136E+01   5.227020875E-03
6.146146146E+01   4.565094172E-03
6.156156156E+01   3.909569327E-03
6.166166166E+01   3.260437481E-03
6.176176176E+01   2.617689407E-03
6.186186186E+01   1.981315517E-03
6.196196196E+01   1.351305863E-03
6.206206206E+01   7.276501455E-04
6.216216216E+01   1.103377100E-04
6.226226226E+01   -5.006424440E-04
6.236236236E+01   -1.105301662E-03
6.246246246E+01   -1.703651631E-03
6.256256256E+01   -2.295704374E-03
6.266266266E+01   -2.881472250E-03
6.276276276E+01   -3.460967947E-03
6.286286286E+01   -4.034204482E-03
6.296296296E+01   -4.601195194E-03
6.306306306E+01   -5.161953744E-03
6.316316316E+01   -5.716494108E-03
6.326326326E+01   -6.264830576E-03
6.336336336E+01   -6.806977749E-03
6.346346346E+01   -7.342950533E-03
6.356356356E+01   -7.872764140E-03
6.366366366E+01   -8.396434077E-03
6.376376376E+01   -8.913976153E-03
6.386386386E+01   -9.425406465E-03
6.396396396E+01   -9.930741402E-03
6.406406406E+01   -1.042999764E-02
6.416416416E+01   -1.092319214E-02
6.426426426E+01   -1.141034213E-02
6.436436436E+01   -1.189146513E-02
6.446446446E+01   -1.236657892E-02
6.456456456E+01   -1.283570156E-02
6.466466466E+01   -1.329885138E-02
6.476476476E+01   -1.375604695E-02
6.486486486E+01   -1.420730712E-02
6.496496496E+01   -1.465265099E-02
6.506506507E+01   -1.509209791E-02
6.516516517E+01   -1.552566749E-02
6.526526527E+01   -1.595337956E-02
6.536536537E+01   -1.637525423E-02
6.546546547E+01   -1.679131183E-02
6.556556557E+01   -1.720157292E-02
6.566566567E+01   -1.760605830E-02
6.576576577E+01   -1.800478901E-02
6.586586587E+01   -1.839778631E-02
6.596596597E+01   -1.878507166E-02
6.606606607E+01   -1.916666679E-02
6.616616617E+01   -1.954259360E-02
6.626626627E+01   -1.991287423E-02
6.636636637E+01   -2.027753102E-02
6.646646647E+01   -2.063658653E-02
6.656656657E+01   -2.099006351E-02
6.666666667E+01   -2.133798492E-02
6.676676677E+01   -2.168037392E-02
6.686686687E+01   -2.201725386E-02
6.696696697E+01   -2.234864828E-02
6.706706707E+01   -2.267458092E-02
6.716716717E+01   -2.299507570E-02
6.726726727E+01   -2.331015672E-02
6.736736737E+01   -2.361984826E-02
6.746746747E+01   -2.392417478E-02
6.756756757E+01   -2.422316092E-02
6.766766767E+01   -2.451683148E-02
6.776776777E+01   -2.480521143E-02
6.786786787E+01   -2.508832592E-02
6.796796797E+01   -2.536620024E-02
6.806806807E+01   -2.563885985E-02
6.816816817E+01   -2.590633038E-02
6.826826827E+01   -2.616863757E-02
6.836836837E+01   -2.642580737E-02
6.846846847E+01   -2.667786583E-02
6.856856857E+01   -2.692483917E-02
6.866866867E+01   -2.716675375E-02
6.876876877E+01   -2.740363604E-02
6.886886887E+01   -2.763551270E-02
6.896896897E+01   -2.786241047E-02
6.906906907E+01   -2.808435626E-02
6.916916917E+01   -2.830137708E-02
6.926926927E+01   -2.851350009E-02
6.936936937E+01   -2.872075256E-02
6.946946947E+01   -2.892316186E-02
6.956956957E+01   -2.912075552E-02
6.966966967E+01   -2.931356116E-02
6.976976977E+01   -2.950160650E-02
6.986986987E+01   -2.968491939E-02
6.996996997E+01   -2.986352778E-02
7.007007007E+01   -3.003745972E-02
7.017017017E+01   -3.020674337E-02
7.027027027E+01   -3.037140698E-02
7.037037037E+01   -3.053147891E-02
7.047047047E+01   -3.068698758E-02
7.057057057E+01   -3.083796155E-02
7.067067067E+01   -3.098442943E-02
7.077077077E+01   -3.112641993E-02
7.087087087E+01   -3.126396185E-02
7.097097097E+01   -3.139708405E-02
7.107107107E+01   -3.152581550E-02
7.117117117E+01   -3.165018522E-02
7.127127127E+01   -3.177022232E-02
7.137137137E+01   -3.188595598E-02
7.147147147E+01   -3.199741543E-02
7.157157157E+01   -3.210462998E-02
7.167167167E+01   -3.220762903E-02
7.177177177E+01   -3.230644200E-02
7.187187187E+01   -3.240109839E-02
7.197197197E+01   -3.249162777E-02
7.207207207E+01   -3.257805974E-02
7.217217217E+01   -3.266042396E-02
7.227227227E+01   -3.273875017E-02
7.237237237E+01   -3.281306811E-02
7.247247247E+01   -3.288340761E-02
7.257257257E+01   -3.294979852E-02
7.267267267E+01   -3.301227074E-02
7.277277277E+01   -3.307085422E-02
7.287287287E+01   -3.312557893E-02
7.297297297E+01   -3.317647488E-02
7.307307307E+01   -3.322357213E-02
7.317317317E+01   -3.326690076E-02
7.327327327E+01   -3.330649087E-02
7.337337337E+01   -3.334237262E-02
7.347347347E+01   -3.337457615E-02
7.357357357E+01   -3.340313168E-02
7.367367367E+01   -3.342806940E-02
7.377377377E+01   -3.344941955E-02
7.387387387E+01   -3.346721239E-02
7.397397397E+01   -3.348147818E-02
7.407407407E+01   -3.349224720E-02
7.417417417E+01   -3.349954976E-02
7.427427427E+01   -3.350341615E-02
7.437437437E+01   -3.350387671E-02
7.447447447E+01   -3.350096174E-02
7.457457457E+01   -3.349470159E-02
7.467467467E+01   -3.348512658E-02
7.477477477E+01   -3.347226706E-02
7.487487487E+01   -3.345615337E-02
7.497497497E+01   -3.343681583E-02
7.507507508E+01   -3.341428479E-02
7.517517518E+01   -3.338859058E-02
7.527527528E+01   -3.335976352E-02
7.537537538E+01   -3.332783393E-02
7.547547548E+01   -3.329283212E-02
7.557557558E+01   -3.325478839E-02
7.567567568E+01   -3.321373302E-02
7.577577578E+01   -3.316969630E-02
7.587587588E+01   -3.312270847E-02
7.597597598E+01   -3.307279977E-02
7.607607608E+01   -3.302000045E-02
7.617617618E+01   -3.296434069E-02
7.627627628E+01   -3.290585068E-02
7.637637638E+01   -3.284456059E-02
7.647647648E+01   -3.278050056E-02
7.657657658E+01   -3.271370069E-02
7.667667668E+01   -3.264419109E-02
7.677677678E+01   -3.257200180E-02
7.687687688E+01   -3.249716287E-02
7.697697698E+01   -3.241970429E-02
7.707707708E+01   -3.233965604E-02
7.717717718E+01   -3.225704806E-02
7.727727728E+01   -3.217191025E-02
7.737737738E+01   -3.208427248E-02
7.747747748E+01   -3.199416460E-02
7.757757758E+01   -3.190161640E-02
7.767767768E+01   -3.180665764E-02
7.777777778E+01   -3.170931804E-02
7.787787788E+01   -3.160962728E-02
7.797797798E+01   -3.150761501E-02
7.807807808E+01   -3.140331082E-02
7.817817818E+01   -3.129674427E-02
7.827827828E+01   -3.118794487E-02
7.837837838E+01   -3.107694208E-02
7.847847848E+01   -3.096376532E-02
7.857857858E+01   -3.084844397E-02
7.867867868E+01   -3.073100735E-02
7.877877878E+01   -3.061148472E-02
7.887887888E+01   -3.048990533E-02
7.897897898E+01   -3.036629834E-02
7.907907908E+01   -3.024069288E-02
7.917917918E+01   -3.011311801E-02
7.927927928E+01   -2.998360276E-02
7.937937938E+01   -2.985217608E-02
7.947947948E+01   -2.971886689E-02
7.957957958E+01   -2.958370404E-02
7.967967968E+01   -2.944671633E-02
7.977977978E+01   -2.930793250E-02
7.987987988E+01   -2.916738123E-02
7.997997998E+01   -2.902509115E-02
8.008008008E+01   -2.888109082E-02
8.018018018E+01   -2.873540874E-02
8.028028028E+01   -2.858807338E-02
8.038038038E+01   -2.843911311E-02
8.048048048E+01   -2.828855626E-02
8.058058058E+01   -2.813643108E-02
8.068068068E+01   -2.798276579E-02
8.078078078E+01   -2.782758852E-02
8.088088088E+01   -2.767092735E-02
8.098098098E+01   -2.751281028E-02
8.108108108E+01   -2.735326527E-02
8.118118118E+01   -2.719232019E-02
8.128128128E+01   -2.703000286E-02
8.138138138E+01   -2.686634105E-02
8.148148148E+01   -2.670136242E-02
8.158158158E+01   -2.653509460E-02
8.168168168E+01   -2.636756514E-02
8.178178178E+01   -2.619880154E-02
8.188188188E+01   -2.602883120E-02
8.198198198E+01   -2.585768149E-02
8.208208208E+01   -2.568537968E-02
8.218218218E+01   -2.551195298E-02
8.228228228E+01   -2.533742855E-02
8.238238238E+01   -2.516183347E-02
8.248248248E+01   -2.498519474E-02
8.258258258E+01   -2.480753931E-02
8.268268268E+01   -2.462889404E-02
8.278278278E+01   -2.444928573E-02
8.288288288E+01   -2.426874113E-02
8.298298298E+01   -2.408728689E-02
8.308308308E+01   -2.390494961E-02
8.318318318E+01   -2.372175580E-02
8.328328328E+01   -2.353773193E-02
8.338338338E+01   -2.335290437E-02
8.348348348E+01   -2.316729944E-02
8.358358358E+01   -2.298094338E-02
8.368368368E+01   -2.279386237E-02
8.378378378E+01   -2.260608249E-02
8.388388388E+01   -2.241762980E-02
8.398398398E+01   -2.222853024E-02
8.408408408E+01   -2.203880972E-02
8.418418418E+01   -2.184849405E-02
8.428428428E+01   -2.165760898E-02
8.438438438E+01   -2.146618019E-02
8.448448448E+01   -2.127423330E-02
8.458458458E+01   -2.108179386E-02
8.468468468E+01   -2.088888732E-02
8.478478478E+01   -2.069553909E-02
8.488488488E+01   -2.050177451E-02
8.498498498E+01   -2.030761884E-02
8.508508509E+01   -2.011309727E-02
8.518518519E+01   -1.991823494E-02
8.528528529E+01   -1.972305689E-02
8.538538539E+01   -1.952758811E-02
8.548548549E+01   -1.933185353E-02
8.558558559E+01   -1.913587799E-02
8.568568569E+01   -1.893968629E-02
8.578578579E+01   -1.874330313E-02
8.588588589E+01   -1.854675317E-02
8.598598599E+01   -1.835006099E-02
8.608608609E+01   -1.815325110E-02
8.618618619E+01   -1.795634795E-02
8.628628629E+01   -1.775937593E-02
8.638638639E+01   -1.756235934E-02
8.648648649E+01   -1.736532245E-02
8.658658659E+01   -1.716828944E-02
8.668668669E+01   -1.697128443E-02
8.678678679E+01   -1.677433147E-02
8.688688689E+01   -1.657745456E-02
8.698698699E+01   -1.638067764E-02
8.708708709E+01   -1.618402455E-02
8.718718719E+01   -1.598751911E-02
8.728728729E+01   -1.579118506E-02
8.738738739E+01   -1.559504607E-02
8.748748749E+01   -1.539912576E-02
8.758758759E+01   -1.520344769E-02
8.768768769E+01   -1.500803535E-02
8.778778779E+01   -1.481291218E-02
8.788788789E+01   -1.461810154E-02
8.798798799E+01   -1.442362677E-02
8.808808809E+01   -1.422951110E-02
8.818818819E+01   -1.403577774E-02
8.828828829E+01   -1.384244984E-02
8.838838839E+01   -1.364955047E-02
8.848848849E+01   -1.345710265E-02
8.858858859E+01   -1.326512937E-02
8.868868869E+01   -1.307365353E-02
8.878878879E+01   -1.288269799E-02
8.888888889E+01   -1.269228555E-02
8.898898899E+01   -1.250243897E-02
8.908908909E+01   -1.231318094E-02
8.918918919E+01   -1.212453410E-02
8.928928929E+01   -1.193652105E-02
8.938938939E+01   -1.174916433E-02
8.948948949E+01   -1.156248641E-02
8.958958959E+01   -1.137650974E-02
8.968968969E+01   -1.119125671E-02
8.978978979E+01   -1.100674964E-02
8.988988989E+01   -1.082301084E-02
8.998998999E+01   -1.064006253E-02
9.009009009E+01   -1.045792692E-02
9.019019019E+01   -1.027662614E-02
9.029029029E+01   -1.009618229E-02
9.039039039E+01   -9.916617429E-03
9.049049049E+01   -9.737953561E-03
9.059059059E+01   -9.560212649E-03
9.069069069E+01   -9.383416611E-03
9.079079079E+01   -9.207587322E-03
9.089089089E+01   -9.032746613E-03
9.099099099E+01   -8.858916276E-03
9.109109109E+01   -8.686118059E-03
9.119119119E+01   -8.514373669E-03
9.129129129E+01   -8.343704775E-03
9.139139139E+01   -8.174133004E-03
9.149149149E+01   -8.005679945E-03
9.159159159E+01   -7.838367151E-03
9.169169169E+01   -7.672216133E-03
9.179179179E+01   -7.507248369E-03
9.189189189E+01   -7.343485299E-03
9.199199199E+01   -7.180948327E-03
9.209209209E+01   -7.019658823E-03
9.219219219E+01   -6.859638122E-03
9.229229229E+01   -6.700907526E-03
9.239239239E+01   -6.543488303E-03
9.249249249E+01   -6.387401690E-03
9.259259259E+01   -6.232668891E-03
9.269269269E+01   -6.079311079E-03
9.279279279E+01   -5.927349398E-03
9.289289289E+01   -5.776804961E-03
9.299299299E+01   -5.627698853E-03
9.309309309E+01   -5.480052128E-03
9.319319319E+01   -5.333885815E-03
9.329329329E+01   -5.189220915E-03
9.339339339E+01   -5.046078402E-03
9.349349349E+01   -4.904479225E-03
9.359359359E+01   -4.764444306E-03
9.369369369E+01   -4.625994544E-03
9.379379379E+01   -4.489150814E-03
9.389389389E+01   -4.353933967E-03
9.399399399E+01   -4.220364830E-03
9.409409409E+01   -4.088464212E-03
9.419419419E+01   -3.958252895E-03
9.429429429E+01   -3.829751645E-03
9.439439439E+01   -3.702981205E-03
9.449449449E+01   -3.577962298E-03
9.459459459E+01   -3.454715630E-03
9.469469469E+01   -3.333261886E-03
9.479479479E+01   -3.213621736E-03
9.489489489E+01   -3.095815830E-03
9.499499499E+01   -2.979864803E-03
9.509509510E+01   -2.865789272E-03
9.519519520E+01   -2.753609841E-03
9.529529530E+01   -2.643347096E-03
9.539539540E+01   -2.535021611E-03
9.549549550E+01   -2.428653944E-03
9.559559560E+01   -2.324264642E-03
9.569569570E+01   -2.221874235E-03
9.579579580E+01   -2.121503246E-03
9.589589590E+01   -2.023172182E-03
9.599599600E+01   -1.926901540E-03
9.609609610E+01   -1.832711806E-03
9.619619620E+01   -1.740623456E-03
9.629629630E+01   -1.650656956E-03
9.639639640E+01   -1.562832762E-03
9.649649650E+01   -1.477171321E-03
9.659659660E+01   -1.393693074E-03
9.669669670E+01   -1.312418449E-03
9.679679680E+01   -1.233367872E-03
9.689689690E+01   -1.156561758E-03
9.699699700E+01   -1.082020516E-03
9.709709710E+01   -1.009764549E-03
9.719719720E+01   -9.398142543E-04
9.729729730E+01   -8.721900234E-04
9.739739740E+01   -8.069122424E-04
9.749749750E+01   -7.440012926E-04
9.759759760E+01   -6.834775509E-04
9.769769770E+01   -6.253613900E-04
9.779779780E+01   -5.696731789E-04
9.789789790E+01   -5.164332828E-04
9.799799800E+01   -4.656620640E-04
9.809809810E+01   -4.173798817E-04
9.819819820E+01   -3.716070926E-04
9.829829830E+01   -3.283640510E-04
9.839839840E+01   -2.876711090E-04
9.849849850E+01   -2.495486169E-04
9.859859860E+01   -2.140169235E-04
9.869869870E+01   -1.810963760E-04
9.879879880E+01   -1.508073204E-04
9.889889890E+01   -1.231701016E-04
9.899899900E+01   -9.820506390E-05
9.909909910E+01   -7.593255060E-05
9.919919920E+01   -5.637290457E-05
9.929929930E+01   -3.954646823E-05
9.939939940E+01   -2.547358365E-05
9.949949950E+01   -1.417459270E-05
9.959959960E+01   -5.669837068E-06
9.969969970E+01   2.034160788E-08
9.979979980E+01   2.875601741E-06
9.989989990E+01   2.875601741E-06
1.000000000E+02   0.000000000E+00
