0.000000000E+00   -9.586084194E-01
1.001001001E-01   -9.446084194E-01
2.002002002E-01   -9.307026142E-01
3.003003003E-01   -9.168910039E-01
4.004004004E-01   -9.031735881E-01
5.005005005E-01   -8.895503623E-01
6.006006006E-01   -8.760213179E-01
7.007007007E-01   -8.625864423E-01
8.008008008E-01   -8.492457186E-01
9.009009009E-01   -8.359991259E-01
1.001001001E+00   -8.228466392E-01
1.101101101E+00   -8.097882291E-01
1.201201201E+00   -7.968238624E-01
1.301301301E+00   -7.839535014E-01
1.401401401E+00   -7.711771045E-01
1.501501502E+00   -7.584946259E-01
1.601601602E+00   -7.459060155E-01
1.701701702E+00   -7.334112192E-01
1.801801802E+00   -7.210101786E-01
1.901901902E+00   -7.087028311E-01
2.002002002E+00   -6.964891101E-01
2.102102102E+00   -6.843689447E-01
2.202202202E+00   -6.723422598E-01
2.302302302E+00   -6.604089761E-01
2.402402402E+00   -6.485690104E-01
2.502502503E+00   -6.368222749E-01
2.602602603E+00   -6.251686778E-01
2.702702703E+00   -6.136081234E-01
2.802802803E+00   -6.021405113E-01
2.902902903E+00   -5.907657373E-01
3.003003003E+00   -5.794836930E-01
3.103103103E+00   -5.682942656E-01
3.203203203E+00   -5.571973385E-01
3.303303303E+00   -5.461927907E-01
3.403403403E+00   -5.352804970E-01
3.503503504E+00   -5.244603282E-01
3.603603604E+00   -5.137321510E-01
3.703703704E+00   -5.030958277E-01
3.803803804E+00   -4.925512167E-01
3.903903904E+00   -4.820981723E-01
4.004004004E+00   -4.717365445E-01
4.104104104E+00   -4.614661794E-01
4.204204204E+00   -4.512869188E-01
4.304304304E+00   -4.411986006E-01
4.404404404E+00   -4.312010585E-01
4.504504505E+00   -4.212941222E-01
4.604604605E+00   -4.114776172E-01
4.704704705E+00   -4.017513652E-01
4.804804805E+00   -3.921151836E-01
4.904904905E+00   -3.825688861E-01
5.005005005E+00   -3.731122820E-01
5.105105105E+00   -3.637451768E-01
5.205205205E+00   -3.544673722E-01
5.305305305E+00   -3.452786656E-01
5.405405405E+00   -3.361788506E-01
5.505505506E+00   -3.271677169E-01
5.605605606E+00   -3.182450502E-01
5.705705706E+00   -3.094106323E-01
5.805805806E+00   -3.006642412E-01
5.905905906E+00   -2.920056508E-01
6.006006006E+00   -2.834346315E-01
6.106106106E+00   -2.749509495E-01
6.206206206E+00   -2.665543674E-01
6.306306306E+00   -2.582446439E-01
6.406406406E+00   -2.500215339E-01
6.506506507E+00   -2.418847888E-01
6.606606607E+00   -2.338341558E-01
6.706706707E+00   -2.258693788E-01
6.806806807E+00   -2.179901977E-01
6.906906907E+00   -2.101963488E-01
7.007007007E+00   -2.024875650E-01
7.107107107E+00   -1.948635752E-01
7.207207207E+00   -1.873241049E-01
7.307307307E+00   -1.798688759E-01
7.407407407E+00   -1.724976065E-01
7.507507508E+00   -1.652100115E-01
7.607607608E+00   -1.580058021E-01
7.707707708E+00   -1.508846861E-01
7.807807808E+00   -1.438463677E-01
7.907907908E+00   -1.368905478E-01
8.008008008E+00   -1.300169239E-01
8.108108108E+00   -1.232251899E-01
8.208208208E+00   -1.165150367E-01
8.308308308E+00   -1.098861516E-01
8.408408408E+00   -1.033382186E-01
8.508508509E+00   -9.687091859E-02
8.608608609E+00   -9.048392909E-02
8.708708709E+00   -8.417692447E-02
8.808808809E+00   -7.794957590E-02
8.908908909E+00   -7.180155139E-02
9.009009009E+00   -6.573251584E-02
9.109109109E+00   -5.974213106E-02
9.209209209E+00   -5.383005579E-02
9.309309309E+00   -4.799594576E-02
9.409409409E+00   -4.223945370E-02
9.509509510E+00   -3.656022936E-02
9.609609610E+00   -3.095791959E-02
9.709709710E+00   -2.543216832E-02
9.809809810E+00   -1.998261664E-02
9.909909910E+00   -1.460890278E-02
1.001001001E+01   -9.310662220E-03
1.011011011E+01   -4.087527642E-03
1.021021021E+01   1.060870978E-03
1.031031031E+01   6.134906356E-03
1.041041041E+01   1.113495386E-02
1.051051051E+01   1.606139149E-02
1.061061061E+01   2.091459979E-02
1.071071071E+01   2.569496190E-02
1.081081081E+01   3.040286342E-02
1.091091091E+01   3.503869245E-02
1.101101101E+01   3.960283952E-02
1.111111111E+01   4.409569755E-02
1.121121121E+01   4.851766182E-02
1.131131131E+01   5.286912993E-02
1.141141141E+01   5.715050176E-02
1.151151151E+01   6.136217943E-02
1.161161161E+01   6.550456727E-02
1.171171171E+01   6.957807177E-02
1.181181181E+01   7.358310156E-02
1.191191191E+01   7.752006733E-02
1.201201201E+01   8.138938183E-02
1.211211211E+01   8.519145983E-02
1.221221221E+01   8.892671804E-02
1.231231231E+01   9.259557510E-02
1.241241241E+01   9.619845156E-02
1.251251251E+01   9.973576978E-02
1.261261261E+01   1.032079539E-01
1.271271271E+01   1.066154300E-01
1.281281281E+01   1.099586256E-01
1.291291291E+01   1.132379701E-01
1.301301301E+01   1.164538944E-01
1.311311311E+01   1.196068312E-01
1.321321321E+01   1.226972146E-01
1.331331331E+01   1.257254801E-01
1.341341341E+01   1.286920650E-01
1.351351351E+01   1.315974077E-01
1.361361361E+01   1.344419482E-01
1.371371371E+01   1.372261278E-01
1.381381381E+01   1.399503889E-01
1.391391391E+01   1.426151755E-01
1.401401401E+01   1.452209326E-01
1.411411411E+01   1.477681063E-01
1.421421421E+01   1.502571441E-01
1.431431431E+01   1.526884943E-01
1.441441441E+01   1.550626064E-01
1.451451451E+01   1.573799309E-01
1.461461461E+01   1.596409193E-01
1.471471471E+01   1.618460238E-01
1.481481481E+01   1.639956977E-01
1.491491491E+01   1.660903951E-01
1.501501502E+01   1.681305707E-01
1.511511512E+01   1.701166801E-01
1.521521522E+01   1.720491797E-01
1.531531532E+01   1.739285263E-01
1.541541542E+01   1.757551775E-01
1.551551552E+01   1.775295913E-01
1.561561562E+01   1.792522265E-01
1.571571572E+01   1.809235422E-01
1.581581582E+01   1.825439979E-01
1.591591592E+01   1.841140535E-01
1.601601602E+01   1.856341695E-01
1.611611612E+01   1.871048064E-01
1.621621622E+01   1.885264252E-01
1.631631632E+01   1.898994869E-01
1.641641642E+01   1.912244529E-01
1.651651652E+01   1.925017847E-01
1.661661662E+01   1.937319438E-01
1.671671672E+01   1.949153918E-01
1.681681682E+01   1.960525903E-01
1.691691692E+01   1.971440011E-01
1.701701702E+01   1.981900855E-01
1.711711712E+01   1.991913051E-01
1.721721722E+01   2.001481210E-01
1.731731732E+01   2.010609945E-01
1.741741742E+01   2.019303864E-01
1.751751752E+01   2.027567572E-01
1.761761762E+01   2.035405672E-01
1.771771772E+01   2.042822763E-01
1.781781782E+01   2.049823440E-01
1.791791792E+01   2.056412294E-01
1.801801802E+01   2.062593911E-01
1.811811812E+01   2.068372871E-01
1.821821822E+01   2.073753751E-01
1.831831832E+01   2.078741118E-01
1.841841842E+01   2.083339536E-01
1.851851852E+01   2.087553561E-01
1.861861862E+01   2.091387741E-01
1.871871872E+01   2.094846619E-01
1.881881882E+01   2.097934727E-01
1.891891892E+01   2.100656591E-01
1.901901902E+01   2.103016727E-01
1.911911912E+01   2.105019642E-01
1.921921922E+01   2.106669834E-01
1.931931932E+01   2.107971792E-01
1.941941942E+01   2.108929993E-01
1.951951952E+01   2.109548904E-01
1.961961962E+01   2.109832981E-01
1.971971972E+01   2.109786671E-01
1.981981982E+01   2.109414406E-01
1.991991992E+01   2.108720607E-01
2.002002002E+01   2.107709684E-01
2.012012012E+01   2.106386033E-01
2.022022022E+01   2.104754037E-01
2.032032032E+01   2.102818066E-01
2.042042042E+01   2.100582476E-01
2.052052052E+01   2.098051609E-01
2.062062062E+01   2.095229794E-01
2.072072072E+01   2.092121342E-01
2.082082082E+01   2.088730553E-01
2.092092092E+01   2.085061709E-01
2.102102102E+01   2.081119076E-01
2.112112112E+01   2.076906906E-01
2.122122122E+01   2.072429435E-01
2.132132132E+01   2.067690879E-01
2.142142142E+01   2.062695440E-01
2.152152152E+01   2.057447303E-01
2.162162162E+01   2.051950635E-01
2.172172172E+01   2.046209584E-01
2.182182182E+01   2.040228281E-01
2.192192192E+01   2.034010840E-01
2.202202202E+01   2.027561353E-01
2.212212212E+01   2.020883897E-01
2.222222222E+01   2.013982527E-01
2.232232232E+01   2.006861280E-01
2.242242242E+01   1.999524173E-01
2.252252252E+01   1.991975203E-01
2.262262262E+01   1.984218347E-01
2.272272272E+01   1.976257561E-01
2.282282282E+01   1.968096782E-01
2.292292292E+01   1.959739924E-01
2.302302302E+01   1.951190880E-01
2.312312312E+01   1.942453523E-01
2.322322322E+01   1.933531704E-01
2.332332332E+01   1.924429251E-01
2.342342342E+01   1.915149971E-01
2.352352352E+01   1.905697649E-01
2.362362362E+01   1.896076045E-01
2.372372372E+01   1.886288900E-01
2.382382382E+01   1.876339929E-01
2.392392392E+01   1.866232826E-01
2.402402402E+01   1.855971259E-01
2.412412412E+01   1.845558875E-01
2.422422422E+01   1.834999297E-01
2.432432432E+01   1.824296122E-01
2.442442442E+01   1.813452924E-01
2.452452452E+01   1.802473255E-01
2.462462462E+01   1.791360638E-01
2.472472472E+01   1.780118575E-01
2.482482482E+01   1.768750541E-01
2.492492492E+01   1.757259988E-01
2.502502503E+01   1.745650341E-01
2.512512513E+01   1.733925001E-01
2.522522523E+01   1.722087342E-01
2.532532533E+01   1.710140713E-01
2.542542543E+01   1.698088439E-01
2.552552553E+01   1.685933817E-01
2.562562563E+01   1.673680117E-01
2.572572573E+01   1.661330586E-01
2.582582583E+01   1.648888442E-01
2.592592593E+01   1.636356878E-01
2.602602603E+01   1.623739060E-01
2.612612613E+01   1.611038127E-01
2.622622623E+01   1.598257191E-01
2.632632633E+01   1.585399337E-01
2.642642643E+01   1.572467625E-01
2.652652653E+01   1.559465085E-01
2.662662663E+01   1.546394722E-01
2.672672673E+01   1.533259512E-01
2.682682683E+01   1.520062404E-01
2.692692693E+01   1.506806320E-01
2.702702703E+01   1.493494154E-01
2.712712713E+01   1.480128772E-01
2.722722723E+01   1.466713014E-01
2.732732733E+01   1.453249690E-01
2.742742743E+01   1.439741582E-01
2.752752753E+01   1.426191447E-01
2.762762763E+01   1.412602010E-01
2.772772773E+01   1.398975970E-01
2.782782783E+01   1.385315999E-01
2.792792793E+01   1.371624737E-01
2.802802803E+01   1.357904801E-01
2.812812813E+01   1.344158775E-01
2.822822823E+01   1.330389217E-01
2.832832833E+01   1.316598657E-01
2.842842843E+01   1.302789594E-01
2.852852853E+01   1.288964502E-01
2.862862863E+01   1.275125825E-01
2.872872873E+01   1.261275976E-01
2.882882883E+01   1.247417345E-01
2.892892893E+01   1.233552288E-01
2.902902903E+01   1.219683137E-01
2.912912913E+01   1.205812192E-01
2.922922923E+01   1.191941725E-01
2.932932933E+01   1.178073982E-01
2.942942943E+01   1.164211179E-01
2.952952953E+01   1.150355501E-01
2.962962963E+01   1.136509109E-01
2.972972973E+01   1.122674132E-01
2.982982983E+01   1.108852672E-01
2.992992993E+01   1.095046803E-01
3.003003003E+01   1.081258568E-01
3.013013013E+01   1.067489986E-01
3.023023023E+01   1.053743043E-01
3.033033033E+01   1.040019700E-01
3.043043043E+01   1.026321888E-01
3.053053053E+01   1.012651509E-01
3.063063063E+01   9.990104401E-02
3.073073073E+01   9.854005266E-02
3.083083083E+01   9.718235874E-02
3.093093093E+01   9.582814131E-02
3.103103103E+01   9.447757662E-02
3.113113113E+01   9.313083814E-02
3.123123123E+01   9.178809652E-02
3.133133133E+01   9.044951966E-02
3.143143143E+01   8.911527266E-02
3.153153153E+01   8.778551786E-02
3.163163163E+01   8.646041484E-02
3.173173173E+01   8.514012042E-02
3.183183183E+01   8.382478869E-02
3.193193193E+01   8.251457097E-02
3.203203203E+01   8.120961589E-02
3.213213213E+01   7.991006934E-02
3.223223223E+01   7.861607450E-02
3.233233233E+01   7.732777184E-02
3.243243243E+01   7.604529916E-02
3.253253253E+01   7.476879156E-02
3.263263263E+01   7.349838148E-02
3.273273273E+01   7.223419870E-02
3.283283283E+01   7.097637033E-02
3.293293293E+01   6.972502087E-02
3.303303303E+01   6.848027217E-02
3.313313313E+01   6.724224347E-02
3.323323323E+01   6.601105142E-02
3.333333333E+01   6.478681006E-02
3.343343343E+01   6.356963085E-02
3.353353353E+01   6.235962269E-02
3.363363363E+01   6.115689194E-02
3.373373373E+01   5.996154238E-02
3.383383383E+01   5.877367529E-02
3.393393393E+01   5.759338944E-02
3.403403403E+01   5.642078108E-02
3.413413413E+01   5.525594399E-02
3.423423423E+01   5.409896945E-02
3.433433433E+01   5.294994632E-02
3.443443443E+01   5.180896097E-02
3.453453453E+01   5.067609739E-02
3.463463463E+01   4.955143712E-02
3.473473473E+01   4.843505932E-02
3.483483483E+01   4.732704074E-02
3.493493493E+01   4.622745580E-02
3.503503504E+01   4.513637653E-02
3.513513514E+01   4.405387265E-02
3.523523524E+01   4.298001154E-02
3.533533534E+01   4.191485830E-02
3.543543544E+01   4.085847572E-02
3.553553554E+01   3.981092432E-02
3.563563564E+01   3.877226238E-02
3.573573574E+01   3.774254593E-02
3.583583584E+01   3.672182879E-02
3.593593594E+01   3.571016256E-02
3.603603604E+01   3.470759667E-02
3.613613614E+01   3.371417838E-02
3.623623624E+01   3.272995280E-02
3.633633634E+01   3.175496289E-02
3.643643644E+01   3.078924953E-02
3.653653654E+01   2.983285146E-02
3.663663664E+01   2.888580539E-02
3.673673674E+01   2.794814594E-02
3.683683684E+01   2.701990568E-02
3.693693694E+01   2.610111519E-02
3.703703704E+01   2.519180302E-02
3.713713714E+01   2.429199576E-02
3.723723724E+01   2.340171800E-02
3.733733734E+01   2.252099241E-02
3.743743744E+01   2.164983973E-02
3.753753754E+01   2.078827878E-02
3.763763764E+01   1.993632651E-02
3.773773774E+01   1.909399798E-02
3.783783784E+01   1.826130641E-02
3.793793794E+01   1.743826319E-02
3.803803804E+01   1.662487791E-02
3.813813814E+01   1.582115835E-02
3.823823824E+01   1.502711054E-02
3.833833834E+01   1.424273873E-02
3.843843844E+01   1.346804548E-02
3.853853854E+01   1.270303161E-02
3.863863864E+01   1.194769626E-02
3.873873874E+01   1.120203689E-02
3.883883884E+01   1.046604934E-02
3.893893894E+01   9.739727779E-03
3.903903904E+01   9.023064801E-03
3.913913914E+01   8.316051396E-03
3.923923924E+01   7.618676989E-03
3.933933934E+01   6.930929459E-03
3.943943944E+01   6.252795156E-03
3.953953954E+01   5.584258924E-03
3.963963964E+01   4.925304124E-03
3.973973974E+01   4.275912648E-03
3.983983984E+01   3.636064946E-03
3.993993994E+01   3.005740043E-03
4.004004004E+01   2.384915561E-03
4.014014014E+01   1.773567741E-03
4.024024024E+01   1.171671460E-03
4.034034034E+01   5.792002541E-04
4.044044044E+01   -3.873660181E-06
4.054054054E+01   -5.775793667E-04
4.064064064E+01   -1.141947229E-03
4.074074074E+01   -1.697008867E-03
4.084084084E+01   -2.242797142E-03
4.094094094E+01   -2.779346131E-03
4.104104104E+01   -3.306691106E-03
4.114114114E+01   -3.824868518E-03
4.124124124E+01   -4.333915971E-03
4.134134134E+01   -4.833872206E-03
4.144144144E+01   -5.324777078E-03
4.154154154E+01   -5.806671536E-03
4.164164164E+01   -6.279597602E-03
4.174174174E+01   -6.743598353E-03
4.184184184E+01   -7.198717897E-03
4.194194194E+01   -7.645001356E-03
4.204204204E+01   -8.082494845E-03
4.214214214E+01   -8.511245449E-03
4.224224224E+01   -8.931301207E-03
4.234234234E+01   -9.342711090E-03
4.244244244E+01   -9.745524981E-03
4.254254254E+01   -1.013979365E-02
4.264264264E+01   -1.052556876E-02
4.274274274E+01   -1.090290279E-02
4.284284284E+01   -1.127184908E-02
4.294294294E+01   -1.163246178E-02
4.304304304E+01   -1.198479583E-02
4.314314314E+01   -1.232890694E-02
4.324324324E+01   -1.266485157E-02
4.334334334E+01   -1.299268692E-02
4.344344344E+01   -1.331247093E-02
4.354354354E+01   -1.362426219E-02
4.364364364E+01   -1.392812001E-02
4.374374374E+01   -1.422410434E-02
4.384384384E+01   -1.451227576E-02
4.394394394E+01   -1.479269549E-02
4.404404404E+01   -1.506542535E-02
4.414414414E+01   -1.533052772E-02
4.424424424E+01   -1.558806559E-02
4.434434434E+01   -1.583810244E-02
4.444444444E+01   -1.608070234E-02
4.454454454E+01   -1.631592981E-02
4.464464464E+01   -1.654384991E-02
4.474474474E+01   -1.676452816E-02
4.484484484E+01   -1.697803052E-02
4.494494494E+01   -1.718442341E-02
4.504504505E+01   -1.738377366E-02
4.514514515E+01   -1.757614851E-02
4.524524525E+01   -1.776161558E-02
4.534534535E+01   -1.794024287E-02
4.544544545E+01   -1.811209872E-02
4.554554555E+01   -1.827725181E-02
4.564564565E+01   -1.843577115E-02
4.574574575E+01   -1.858772604E-02
4.584584585E+01   -1.873318606E-02
4.594594595E+01   -1.887222108E-02
4.604604605E+01   -1.900490119E-02
4.614614615E+01   -1.913129676E-02
4.624624625E+01   -1.925147833E-02
4.634634635E+01   -1.936551670E-02
4.644644645E+01   -1.947348281E-02
4.654654655E+01   -1.957544780E-02
4.664664665E+01   -1.967148296E-02
4.674674675E+01   -1.976165974E-02
4.684684685E+01   -1.984604969E-02
4.694694695E+01   -1.992472449E-02
4.704704705E+01   -1.999775592E-02
4.714714715E+01   -2.006521582E-02
4.724724725E+01   -2.012717614E-02
4.734734735E+01   -2.018370885E-02
4.744744745E+01   -2.023488597E-02
4.754754755E+01   -2.028077955E-02
4.764764765E+01   -2.032146166E-02
4.774774775E+01   -2.035700434E-02
4.784784785E+01   -2.038747966E-02
4.794794795E+01   -2.041295961E-02
4.804804805E+01   -2.043351618E-02
4.814814815E+01   -2.044922128E-02
4.824824825E+01   -2.046014678E-02
4.834834835E+01   -2.046636444E-02
4.844844845E+01   -2.046794594E-02
4.854854855E+01   -2.046496286E-02
4.864864865E+01   -2.045748665E-02
4.874874875E+01   -2.044558864E-02
4.884884885E+01   -2.042934003E-02
4.894894895E+01   -2.040881183E-02
4.904904905E+01   -2.038407491E-02
4.914914915E+01   -2.035519998E-02
4.924924925E+01   -2.032225753E-02
4.934934935E+01   -2.028531787E-02
4.944944945E+01   -2.024445110E-02
4.954954955E+01   -2.019972708E-02
4.964964965E+01   -2.015121548E-02
4.974974975E+01   -2.009898568E-02
4.984984985E+01   -2.004310684E-02
4.994994995E+01   -1.998364786E-02
5.005005005E+01   -1.992067735E-02
5.015015015E+01   -1.985426365E-02
5.025025025E+01   -1.978447481E-02
5.035035035E+01   -1.971137858E-02
5.045045045E+01   -1.963504239E-02
5.055055055E+01   -1.955553337E-02
5.065065065E+01   -1.947291830E-02
5.075075075E+01   -1.938726366E-02
5.085085085E+01   -1.929863554E-02
5.095095095E+01   -1.920709971E-02
5.105105105E+01   -1.911272157E-02
5.115115115E+01   -1.901556616E-02
5.125125125E+01   -1.891569811E-02
5.135135135E+01   -1.881318171E-02
5.145145145E+01   -1.870808082E-02
5.155155155E+01   -1.860045893E-02
5.165165165E+01   -1.849037911E-02
5.175175175E+01   -1.837790402E-02
5.185185185E+01   -1.826309589E-02
5.195195195E+01   -1.814601652E-02
5.205205205E+01   -1.802672731E-02
5.215215215E+01   -1.790528918E-02
5.225225225E+01   -1.778176262E-02
5.235235235E+01   -1.765620767E-02
5.245245245E+01   -1.752868391E-02
5.255255255E+01   -1.739925045E-02
5.265265265E+01   -1.726796595E-02
5.275275275E+01   -1.713488856E-02
5.285285285E+01   -1.700007598E-02
5.295295295E+01   -1.686358542E-02
5.305305305E+01   -1.672547359E-02
5.315315315E+01   -1.658579671E-02
5.325325325E+01   -1.644461049E-02
5.335335335E+01   -1.630197017E-02
5.345345345E+01   -1.615793044E-02
5.355355355E+01   -1.601254549E-02
5.365365365E+01   -1.586586902E-02
5.375375375E+01   -1.571795417E-02
5.385385385E+01   -1.556885358E-02
5.395395395E+01   -1.541861936E-02
5.405405405E+01   -1.526730309E-02
5.415415415E+01   -1.511495579E-02
5.425425425E+01   -1.496162799E-02
5.435435435E+01   -1.480736963E-02
5.445445445E+01   -1.465223015E-02
5.455455455E+01   -1.449625841E-02
5.465465465E+01   -1.433950275E-02
5.475475475E+01   -1.418201093E-02
5.485485485E+01   -1.402383018E-02
5.495495495E+01   -1.386500716E-02
5.505505506E+01   -1.370558799E-02
5.515515516E+01   -1.354561821E-02
5.525525526E+01   -1.338514282E-02
5.535535536E+01   -1.322420624E-02
5.545545546E+01   -1.306285233E-02
5.555555556E+01   -1.290112439E-02
5.565565566E+01   -1.273906516E-02
5.575575576E+01   -1.257671679E-02
5.585585586E+01   -1.241412089E-02
5.595595596E+01   -1.225131849E-02
5.605605606E+01   -1.208835003E-02
5.615615616E+01   -1.192525541E-02
5.625625626E+01   -1.176207393E-02
5.635635636E+01   -1.159884436E-02
5.645645646E+01   -1.143560486E-02
5.655655656E+01   -1.127239303E-02
5.665665666E+01   -1.110924590E-02
5.675675676E+01   -1.094619994E-02
5.685685686E+01   -1.078329103E-02
5.695695696E+01   -1.062055449E-02
5.705705706E+01   -1.045802507E-02
5.715715716E+01   -1.029573695E-02
5.725725726E+01   -1.013372374E-02
5.735735736E+01   -9.972018485E-03
5.745745746E+01   -9.810653654E-03
5.755755756E+01   -9.649661161E-03
5.765765766E+01   -9.489072349E-03
5.775775776E+01   -9.328918002E-03
5.785785786E+01   -9.169228337E-03
5.795795796E+01   -9.010033013E-03
5.805805806E+01   -8.851361129E-03
5.815815816E+01   -8.693241228E-03
5.825825826E+01   -8.535701295E-03
5.835835836E+01   -8.378768762E-03
5.845845846E+01   -8.222470507E-03
5.855855856E+01   -8.066832862E-03
5.865865866E+01   -7.911881607E-03
5.875875876E+01   -7.757641977E-03
5.885885886E+01   -7.604138666E-03
5.895895896E+01   -7.451395822E-03
5.905905906E+01   -7.299437058E-03
5.915915916E+01   -7.148285450E-03
5.925925926E+01   -6.997963539E-03
5.935935936E+01   -6.848493336E-03
5.945945946E+01   -6.699896323E-03
5.955955956E+01   -6.552193456E-03
5.965965966E+01   -6.405405170E-03
5.975975976E+01   -6.259551378E-03
5.985985986E+01   -6.114651480E-03
5.995995996E+01   -5.970724358E-03
6.006006006E+01   -5.827788386E-03
6.016016016E+01   -5.685861432E-03
6.026026026E+01   -5.544960857E-03
6.036036036E+01   -5.405103525E-03
6.046046046E+01   -5.266305800E-03
6.056056056E+01   -5.128583554E-03
6.066066066E+01   -4.991952169E-03
6.076076076E+01   -4.856426540E-03
6.086086086E+01   -4.722021079E-03
6.096096096E+01   -4.588749720E-03
6.106106106E+01   -4.456625921E-03
6.116116116E+01   -4.325662669E-03
6.126126126E+01   -4.195872482E-03
6.136136136E+01   -4.067267417E-03
6.146146146E+01   -3.939859070E-03
6.156156156E+01   -3.813658579E-03
6.166166166E+01   -3.688676634E-03
6.176176176E+01   -3.564923476E-03
6.186186186E+01   -3.442408902E-03
6.196196196E+01   -3.321142271E-03
6.206206206E+01   -3.201132506E-03
6.216216216E+01   -3.082388099E-03
6.226226226E+01   -2.964917118E-03
6.236236236E+01   -2.848727205E-03
6.246246246E+01   -2.733825588E-03
6.256256256E+01   -2.620219080E-03
6.266266266E+01   -2.507914085E-03
6.276276276E+01   -2.396916602E-03
6.286286286E+01   -2.287232232E-03
6.296296296E+01   -2.178866178E-03
6.306306306E+01   -2.071823255E-03
6.316316316E+01   -1.966107890E-03
6.326326326E+01   -1.861724128E-03
6.336336336E+01   -1.758675636E-03
6.346346346E+01   -1.656965712E-03
6.356356356E+01   -1.556597282E-03
6.366366366E+01   -1.457572912E-03
6.376376376E+01   -1.359894808E-03
6.386386386E+01   -1.263564822E-03
6.396396396E+01   -1.168584457E-03
6.406406406E+01   -1.074954872E-03
6.416416416E+01   -9.826768872E-04
6.426426426E+01   -8.917509861E-04
6.436436436E+01   -8.021773232E-04
6.446446446E+01   -7.139557275E-04
6.456456456E+01   -6.270857072E-04
6.466466466E+01   -5.415664549E-04
6.476476476E+01   -4.573968521E-04
6.486486486E+01   -3.745754742E-04
6.496496496E+01   -2.931005951E-04
6.506506507E+01   -2.129701921E-04
6.516516517E+01   -1.341819505E-04
6.526526527E+01   -5.673326882E-05
6.536536537E+01   1.937873675E-05
6.546546547E+01   9.415722752E-05
6.556556557E+01   1.676056374E-04
6.566566567E+01   2.397276682E-04
6.576576577E+01   3.105272847E-04
6.586586587E+01   3.800087102E-04
6.596596597E+01   4.481764215E-04
6.606606607E+01   5.150351440E-04
6.616616617E+01   5.805898473E-04
6.626626627E+01   6.448457404E-04
6.636636637E+01   7.078082667E-04
6.646646647E+01   7.694830995E-04
6.656656657E+01   8.298761374E-04
6.666666667E+01   8.889934993E-04
6.676676677E+01   9.468415199E-04
6.686686687E+01   1.003426745E-03
6.696696697E+01   1.058755928E-03
6.706706707E+01   1.112836021E-03
6.716716717E+01   1.165674178E-03
6.726726727E+01   1.217277742E-03
6.736736737E+01   1.267654246E-03
6.746746747E+01   1.316811404E-03
6.756756757E+01   1.364757114E-03
6.766766767E+01   1.411499443E-03
6.776776777E+01   1.457046631E-03
6.786786787E+01   1.501407084E-03
6.796796797E+01   1.544589368E-03
6.806806807E+01   1.586602206E-03
6.816816817E+01   1.627454473E-03
6.826826827E+01   1.667155193E-03
6.836836837E+01   1.705713532E-03
6.846846847E+01   1.743138798E-03
6.856856857E+01   1.779440431E-03
6.866866867E+01   1.814628005E-03
6.876876877E+01   1.848711217E-03
6.886886887E+01   1.881699890E-03
6.896896897E+01   1.913603964E-03
6.906906907E+01   1.944433491E-03
6.916916917E+01   1.974198636E-03
6.926926927E+01   2.002909669E-03
6.936936937E+01   2.030576962E-03
6.946946947E+01   2.057210984E-03
6.956956957E+01   2.082822299E-03
6.966966967E+01   2.107421562E-03
6.976976977E+01   2.131019511E-03
6.986986987E+01   2.153626969E-03
6.996996997E+01   2.175254837E-03
7.007007007E+01   2.195914090E-03
7.017017017E+01   2.215615775E-03
7.027027027E+01   2.234371005E-03
7.037037037E+01   2.252190956E-03
7.047047047E+01   2.269086866E-03
7.057057057E+01   2.285070028E-03
7.067067067E+01   2.300151787E-03
7.077077077E+01   2.314343538E-03
7.087087087E+01   2.327656722E-03
7.097097097E+01   2.340102822E-03
7.107107107E+01   2.351693358E-03
7.117117117E+01   2.362439887E-03
7.127127127E+01   2.372353999E-03
7.137137137E+01   2.381447312E-03
7.147147147E+01   2.389731467E-03
7.157157157E+01   2.397218131E-03
7.167167167E+01   2.403918987E-03
7.177177177E+01   2.409845737E-03
7.187187187E+01   2.415010093E-03
7.197197197E+01   2.419423779E-03
7.207207207E+01   2.423098524E-03
7.217217217E+01   2.426046062E-03
7.227227227E+01   2.428278127E-03
7.237237237E+01   2.429806452E-03
7.247247247E+01   2.430642764E-03
7.257257257E+01   2.430798783E-03
7.267267267E+01   2.430286218E-03
7.277277277E+01   2.429116766E-03
7.287287287E+01   2.427302107E-03
7.297297297E+01   2.424853903E-03
7.307307307E+01   2.421783793E-03
7.317317317E+01   2.418103397E-03
7.327327327E+01   2.413824303E-03
7.337337337E+01   2.408958075E-03
7.347347347E+01   2.403516243E-03
7.357357357E+01   2.397510306E-03
7.367367367E+01   2.390951724E-03
7.377377377E+01   2.383851922E-03
7.387387387E+01   2.376222283E-03
7.397397397E+01   2.368074147E-03
7.407407407E+01   2.359418811E-03
7.417417417E+01   2.350267522E-03
7.427427427E+01   2.340631482E-03
7.437437437E+01   2.330521839E-03
7.447447447E+01   2.319949688E-03
7.457457457E+01   2.308926071E-03
7.467467467E+01   2.297461970E-03
7.477477477E+01   2.285568311E-03
7.487487487E+01   2.273255958E-03
7.497497497E+01   2.260535712E-03
7.507507508E+01   2.247418310E-03
7.517517518E+01   2.233914423E-03
7.527527528E+01   2.220034656E-03
7.537537538E+01   2.205789541E-03
7.547547548E+01   2.191189543E-03
7.557557558E+01   2.176245051E-03
7.567567568E+01   2.160966382E-03
7.577577578E+01   2.145363778E-03
7.587587588E+01   2.129447401E-03
7.597597598E+01   2.113227338E-03
7.607607608E+01   2.096713595E-03
7.617617618E+01   2.079916096E-03
7.627627628E+01   2.062844684E-03
7.637637638E+01   2.045509117E-03
7.647647648E+01   2.027919069E-03
7.657657658E+01   2.010084129E-03
7.667667668E+01   1.992013796E-03
7.677677678E+01   1.973717484E-03
7.687687688E+01   1.955204515E-03
7.697697698E+01   1.936484122E-03
7.707707708E+01   1.917565447E-03
7.717717718E+01   1.898457538E-03
7.727727728E+01   1.879169352E-03
7.737737738E+01   1.859709750E-03
7.747747748E+01   1.840087499E-03
7.757757758E+01   1.820311270E-03
7.767767768E+01   1.800389637E-03
7.777777778E+01   1.780331078E-03
7.787787788E+01   1.760143972E-03
7.797797798E+01   1.739836598E-03
7.807807808E+01   1.719417139E-03
7.817817818E+01   1.698893675E-03
7.827827828E+01   1.678274186E-03
7.837837838E+01   1.657566553E-03
7.847847848E+01   1.636778553E-03
7.857857858E+01   1.615917862E-03
7.867867868E+01   1.594992053E-03
7.877877878E+01   1.574008596E-03
7.887887888E+01   1.552974859E-03
7.897897898E+01   1.531898104E-03
7.907907908E+01   1.510785491E-03
7.917917918E+01   1.489644075E-03
7.927927928E+01   1.468480805E-03
7.937937938E+01   1.447302528E-03
7.947947948E+01   1.426115982E-03
7.957957958E+01   1.404927804E-03
7.967967968E+01   1.383744523E-03
7.977977978E+01   1.362572562E-03
7.987987988E+01   1.341418240E-03
7.997997998E+01   1.320287770E-03
8.008008008E+01   1.299187257E-03
8.018018018E+01   1.278122704E-03
8.028028028E+01   1.257100005E-03
8.038038038E+01   1.236124949E-03
8.048048048E+01   1.215203219E-03
8.058058058E+01   1.194340394E-03
8.068068068E+01   1.173541945E-03
8.078078078E+01   1.152813239E-03
8.088088088E+01   1.132159537E-03
8.098098098E+01   1.111585996E-03
8.108108108E+01   1.091097665E-03
8.118118118E+01   1.070699492E-03
8.128128128E+01   1.050396318E-03
8.138138138E+01   1.030192881E-03
8.148148148E+01   1.010093813E-03
8.158158158E+01   9.901036434E-04
8.168168168E+01   9.702267992E-04
8.178178178E+01   9.504676030E-04
8.188188188E+01   9.308302747E-04
8.198198198E+01   9.113189322E-04
8.208208208E+01   8.919375910E-04
8.218218218E+01   8.726901651E-04
8.228228228E+01   8.535804675E-04
8.238238238E+01   8.346122100E-04
8.248248248E+01   8.157890046E-04
8.258258258E+01   7.971143630E-04
8.268268268E+01   7.785916978E-04
8.278278278E+01   7.602243227E-04
8.288288288E+01   7.420154531E-04
8.298298298E+01   7.239682065E-04
8.308308308E+01   7.060856033E-04
8.318318318E+01   6.883705669E-04
8.328328328E+01   6.708259250E-04
8.338338338E+01   6.534544095E-04
8.348348348E+01   6.362586574E-04
8.358358358E+01   6.192412115E-04
8.368368368E+01   6.024045208E-04
8.378378378E+01   5.857509414E-04
8.388388388E+01   5.692827367E-04
8.398398398E+01   5.530020788E-04
8.408408408E+01   5.369110484E-04
8.418418418E+01   5.210116360E-04
8.428428428E+01   5.053057423E-04
8.438438438E+01   4.897951792E-04
8.448448448E+01   4.744816700E-04
8.458458458E+01   4.593668508E-04
8.468468468E+01   4.444522708E-04
8.478478478E+01   4.297393930E-04
8.488488488E+01   4.152295952E-04
8.498498498E+01   4.009241706E-04
8.508508509E+01   3.868243285E-04
8.518518519E+01   3.729311952E-04
8.528528529E+01   3.592458149E-04
8.538538539E+01   3.457691502E-04
8.548548549E+01   3.325020828E-04
8.558558559E+01   3.194454150E-04
8.568568569E+01   3.065998695E-04
8.578578579E+01   2.939660910E-04
8.588588589E+01   2.815446466E-04
8.598598599E+01   2.693360270E-04
8.608608609E+01   2.573406467E-04
8.618618619E+01   2.455588454E-04
8.628628629E+01   2.339908885E-04
8.638638639E+01   2.226369683E-04
8.648648649E+01   2.114972043E-04
8.658658659E+01   2.005716444E-04
8.668668669E+01   1.898602657E-04
8.678678679E+01   1.793629754E-04
8.688688689E+01   1.690796114E-04
8.698698699E+01   1.590099433E-04
8.708708709E+01   1.491536734E-04
8.718718719E+01   1.395104373E-04
8.728728729E+01   1.300798048E-04
8.738738739E+01   1.208612809E-04
8.748748749E+01   1.118543065E-04
8.758758759E+01   1.030582594E-04
8.768768769E+01   9.447245504E-05
8.778778779E+01   8.609614729E-05
8.788788789E+01   7.792852947E-05
8.798798799E+01   6.996873512E-05
8.808808809E+01   6.221583887E-05
8.818818819E+01   5.466885724E-05
8.828828829E+01   4.732674959E-05
8.838838839E+01   4.018841886E-05
8.848848849E+01   3.325271249E-05
8.858858859E+01   2.651842325E-05
8.868868869E+01   1.998429006E-05
8.878878879E+01   1.364899885E-05
8.888888889E+01   7.511183398E-06
8.898898899E+01   1.569426169E-06
8.908908909E+01   -4.177740868E-06
8.918918919E+01   -9.731835396E-06
8.928928929E+01   -1.509442392E-05
8.938938939E+01   -2.026712097E-05
8.948948949E+01   -2.525158824E-05
8.958958959E+01   -3.004953381E-05
8.968968969E+01   -3.466271129E-05
8.978978979E+01   -3.909291908E-05
8.988988989E+01   -4.334199949E-05
8.998998999E+01   -4.741183798E-05
9.009009009E+01   -5.130436238E-05
9.019019019E+01   -5.502154205E-05
9.029029029E+01   -5.856538715E-05
9.039039039E+01   -6.193794782E-05
9.049049049E+01   -6.514131340E-05
9.059059059E+01   -6.817761171E-05
9.069069069E+01   -7.104900821E-05
9.079079079E+01   -7.375770533E-05
9.089089089E+01   -7.630594162E-05
9.099099099E+01   -7.869599107E-05
9.109109109E+01   -8.093016235E-05
9.119119119E+01   -8.301079807E-05
9.129129129E+01   -8.494027404E-05
9.139139139E+01   -8.672099855E-05
9.149149149E+01   -8.835541167E-05
9.159159159E+01   -8.984598453E-05
9.169169169E+01   -9.119521860E-05
9.179179179E+01   -9.240564501E-05
9.189189189E+01   -9.347982384E-05
9.199199199E+01   -9.442034347E-05
9.209209209E+01   -9.522981984E-05
9.219219219E+01   -9.591089587E-05
9.229229229E+01   -9.646624069E-05
9.239239239E+01   -9.689854909E-05
9.249249249E+01   -9.721054078E-05
9.259259259E+01   -9.740495980E-05
9.269269269E+01   -9.748457387E-05
9.279279279E+01   -9.745217378E-05
9.289289289E+01   -9.731057273E-05
9.299299299E+01   -9.706260576E-05
9.309309309E+01   -9.671112913E-05
9.319319319E+01   -9.625901971E-05
9.329329329E+01   -9.570917443E-05
9.339339339E+01   -9.506450964E-05
9.349349349E+01   -9.432796059E-05
9.359359359E+01   -9.350248084E-05
9.369369369E+01   -9.259104171E-05
9.379379379E+01   -9.159663173E-05
9.389389389E+01   -9.052225610E-05
9.399399399E+01   -8.937093614E-05
9.409409409E+01   -8.814570880E-05
9.419419419E+01   -8.684962612E-05
9.429429429E+01   -8.548575473E-05
9.439439439E+01   -8.405717534E-05
9.449449449E+01   -8.256698226E-05
9.459459459E+01   -8.101828291E-05
9.469469469E+01   -7.941419736E-05
9.479479479E+01   -7.775785785E-05
9.489489489E+01   -7.605240833E-05
9.499499499E+01   -7.430100401E-05
9.509509510E+01   -7.250681096E-05
9.519519520E+01   -7.067300561E-05
9.529529530E+01   -6.880277437E-05
9.539539540E+01   -6.689931322E-05
9.549549550E+01   -6.496582728E-05
9.559559560E+01   -6.300553043E-05
9.569569570E+01   -6.102164492E-05
9.579579580E+01   -5.901740097E-05
9.589589590E+01   -5.699603643E-05
9.599599600E+01   -5.496079639E-05
9.609609610E+01   -5.291493285E-05
9.619619620E+01   -5.086170437E-05
9.629629630E+01   -4.880437570E-05
9.639639640E+01   -4.674621750E-05
9.649649650E+01   -4.469050601E-05
9.659659660E+01   -4.264052270E-05
9.669669670E+01   -4.059955404E-05
9.679679680E+01   -3.857089113E-05
9.689689690E+01   -3.655782949E-05
9.699699700E+01   -3.456366872E-05
9.709709710E+01   -3.259171229E-05
9.719719720E+01   -3.064526724E-05
9.729729730E+01   -2.872764395E-05
9.739739740E+01   -2.684215592E-05
9.749749750E+01   -2.499211950E-05
9.759759760E+01   -2.318085370E-05
9.769769770E+01   -2.141167996E-05
9.779779780E+01   -1.968792195E-05
9.789789790E+01   -1.801290539E-05
9.799799800E+01   -1.638995783E-05
9.809809810E+01   -1.482240852E-05
9.819819820E+01   -1.331358820E-05
9.829829830E+01   -1.186682895E-05
9.839839840E+01   -1.048546406E-05
9.849849850E+01   -9.172827880E-06
9.859859860E+01   -7.932255656E-06
9.869869870E+01   -6.767083449E-06
9.879879880E+01   -5.680647998E-06
9.889889890E+01   -4.676286618E-06
9.899899900E+01   -3.757337102E-06
9.909909910E+01   -2.927137631E-06
9.919919920E+01   -2.189026697E-06
9.929929930E+01   -1.546343033E-06
9.939939940E+01   -1.002425546E-06
9.949949950E+01   -5.606132690E-07
9.959959960E+01   -2.242453133E-07
9.969969970E+01   3.339164416E-09
9.979979980E+01   1.188009904E-07
9.989989990E+01   1.188009906E-07
1.000000000E+02   0.000000000E+00
