0.000000000E+00   -9.868197225E-01
1.001001001E-01   -9.728197225E-01
2.002002002E-01   -9.589112036E-01
3.003003003E-01   -9.450941658E-01
4.004004004E-01   -9.313686087E-01
5.005005005E-01   -9.177345283E-01
6.006006006E-01   -9.041919168E-01
7.007007007E-01   -8.907407624E-01
8.008008008E-01   -8.773810498E-01
9.009009009E-01   -8.641127599E-01
1.001001001E+00   -8.509358696E-01
1.101101101E+00   -8.378503523E-01
1.201201201E+00   -8.248561773E-01
1.301301301E+00   -8.119533104E-01
1.401401401E+00   -7.991417134E-01
1.501501502E+00   -7.864213444E-01
1.601601602E+00   -7.737921575E-01
1.701701702E+00   -7.612541033E-01
1.801801802E+00   -7.488071283E-01
1.901901902E+00   -7.364511752E-01
2.002002002E+00   -7.241861831E-01
2.102102102E+00   -7.120120872E-01
2.202202202E+00   -6.999288186E-01
2.302302302E+00   -6.879363050E-01
2.402402402E+00   -6.760344700E-01
2.502502503E+00   -6.642232334E-01
2.602602603E+00   -6.525025112E-01
2.702702703E+00   -6.408722157E-01
2.802802803E+00   -6.293322553E-01
2.902902903E+00   -6.178825344E-01
3.003003003E+00   -6.065229539E-01
3.103103103E+00   -5.952534106E-01
3.203203203E+00   -5.840737976E-01
3.303303303E+00   -5.729840044E-01
3.403403403E+00   -5.619839163E-01
3.503503504E+00   -5.510734150E-01
3.603603604E+00   -5.402523786E-01
3.703703704E+00   -5.295206810E-01
3.803803804E+00   -5.188781926E-01
3.903903904E+00   -5.083247800E-01
4.004004004E+00   -4.978603059E-01
4.104104104E+00   -4.874846293E-01
4.204204204E+00   -4.771976056E-01
4.304304304E+00   -4.669990861E-01
4.404404404E+00   -4.568889186E-01
4.504504505E+00   -4.468669472E-01
4.604604605E+00   -4.369330122E-01
4.704704705E+00   -4.270869500E-01
4.804804805E+00   -4.173285937E-01
4.904904905E+00   -4.076577723E-01
5.005005005E+00   -3.980743114E-01
5.105105105E+00   -3.885780328E-01
5.205205205E+00   -3.791687546E-01
5.305305305E+00   -3.698462913E-01
5.405405405E+00   -3.606104538E-01
5.505505506E+00   -3.514610493E-01
5.605605606E+00   -3.423978814E-01
5.705705706E+00   -3.334207501E-01
5.805805806E+00   -3.245294520E-01
5.905905906E+00   -3.157237797E-01
6.006006006E+00   -3.070035227E-01
6.106106106E+00   -2.983684667E-01
6.206206206E+00   -2.898183939E-01
6.306306306E+00   -2.813530831E-01
6.406406406E+00   -2.729723095E-01
6.506506507E+00   -2.646758448E-01
6.606606607E+00   -2.564634574E-01
6.706706707E+00   -2.483349121E-01
6.806806807E+00   -2.402899703E-01
6.906906907E+00   -2.323283901E-01
7.007007007E+00   -2.244499261E-01
7.107107107E+00   -2.166543296E-01
7.207207207E+00   -2.089413485E-01
7.307307307E+00   -2.013107274E-01
7.407407407E+00   -1.937622076E-01
7.507507508E+00   -1.862955272E-01
7.607607608E+00   -1.789104208E-01
7.707707708E+00   -1.716066200E-01
7.807807808E+00   -1.643838530E-01
7.907907908E+00   -1.572418450E-01
8.008008008E+00   -1.501803178E-01
8.108108108E+00   -1.431989903E-01
8.208208208E+00   -1.362975779E-01
8.308308308E+00   -1.294757934E-01
8.408408408E+00   -1.227333461E-01
8.508508509E+00   -1.160699423E-01
8.608608609E+00   -1.094852856E-01
8.708708709E+00   -1.029790761E-01
8.808808809E+00   -9.655101142E-02
8.908908909E+00   -9.020078581E-02
9.009009009E+00   -8.392809082E-02
9.109109109E+00   -7.773261505E-02
9.209209209E+00   -7.161404421E-02
9.309309309E+00   -6.557206119E-02
9.409409409E+00   -5.960634605E-02
9.509509510E+00   -5.371657605E-02
9.609609610E+00   -4.790242570E-02
9.709709710E+00   -4.216356679E-02
9.809809810E+00   -3.649966838E-02
9.909909910E+00   -3.091039687E-02
1.001001001E+01   -2.539541601E-02
1.011011011E+01   -1.995438695E-02
1.021021021E+01   -1.458696824E-02
1.031031031E+01   -9.292815868E-03
1.041041041E+01   -4.071583325E-03
1.051051051E+01   1.077078408E-03
1.061061061E+01   6.153520807E-03
1.071071071E+01   1.115809778E-02
1.081081081E+01   1.609116562E-02
1.091091091E+01   2.095308300E-02
1.101101101E+01   2.574421092E-02
1.111111111E+01   3.046491268E-02
1.121121121E+01   3.511555384E-02
1.131131131E+01   3.969650220E-02
1.141141141E+01   4.420812777E-02
1.151151151E+01   4.865080272E-02
1.161161161E+01   5.302490133E-02
1.171171171E+01   5.733080002E-02
1.181181181E+01   6.156887724E-02
1.191191191E+01   6.573951349E-02
1.201201201E+01   6.984309126E-02
1.211211211E+01   7.387999500E-02
1.221221221E+01   7.785061108E-02
1.231231231E+01   8.175532777E-02
1.241241241E+01   8.559453518E-02
1.251251251E+01   8.936862526E-02
1.261261261E+01   9.307799173E-02
1.271271271E+01   9.672303006E-02
1.281281281E+01   1.003041374E-01
1.291291291E+01   1.038217127E-01
1.301301301E+01   1.072761563E-01
1.311311311E+01   1.106678704E-01
1.321321321E+01   1.139972587E-01
1.331331331E+01   1.172647263E-01
1.341341341E+01   1.204706799E-01
1.351351351E+01   1.236155276E-01
1.361361361E+01   1.266996790E-01
1.371371371E+01   1.297235450E-01
1.381381381E+01   1.326875379E-01
1.391391391E+01   1.355920713E-01
1.401401401E+01   1.384375600E-01
1.411411411E+01   1.412244200E-01
1.421421421E+01   1.439530687E-01
1.431431431E+01   1.466239245E-01
1.441441441E+01   1.492374068E-01
1.451451451E+01   1.517939363E-01
1.461461461E+01   1.542939347E-01
1.471471471E+01   1.567378245E-01
1.481481481E+01   1.591260295E-01
1.491491491E+01   1.614589741E-01
1.501501502E+01   1.637370838E-01
1.511511512E+01   1.659607848E-01
1.521521522E+01   1.681305043E-01
1.531531532E+01   1.702466700E-01
1.541541542E+01   1.723097106E-01
1.551551552E+01   1.743200554E-01
1.561561562E+01   1.762781343E-01
1.571571572E+01   1.781843778E-01
1.581581582E+01   1.800392172E-01
1.591591592E+01   1.818430840E-01
1.601601602E+01   1.835964105E-01
1.611611612E+01   1.852996294E-01
1.621621622E+01   1.869531737E-01
1.631631632E+01   1.885574768E-01
1.641641642E+01   1.901129727E-01
1.651651652E+01   1.916200954E-01
1.661661662E+01   1.930792794E-01
1.671671672E+01   1.944909594E-01
1.681681682E+01   1.958555700E-01
1.691691692E+01   1.971735465E-01
1.701701702E+01   1.984453239E-01
1.711711712E+01   1.996713374E-01
1.721721722E+01   2.008520223E-01
1.731731732E+01   2.019878140E-01
1.741741742E+01   2.030791476E-01
1.751751752E+01   2.041264583E-01
1.761761762E+01   2.051301813E-01
1.771771772E+01   2.060907515E-01
1.781781782E+01   2.070086038E-01
1.791791792E+01   2.078841726E-01
1.801801802E+01   2.087178923E-01
1.811811812E+01   2.095101970E-01
1.821821822E+01   2.102615203E-01
1.831831832E+01   2.109722958E-01
1.841841842E+01   2.116429562E-01
1.851851852E+01   2.122739343E-01
1.861861862E+01   2.128656620E-01
1.871871872E+01   2.134185710E-01
1.881881882E+01   2.139330924E-01
1.891891892E+01   2.144096565E-01
1.901901902E+01   2.148486934E-01
1.911911912E+01   2.152506322E-01
1.921921922E+01   2.156159015E-01
1.931931932E+01   2.159449292E-01
1.941941942E+01   2.162381423E-01
1.951951952E+01   2.164959673E-01
1.961961962E+01   2.167188297E-01
1.971971972E+01   2.169071541E-01
1.981981982E+01   2.170613644E-01
1.991991992E+01   2.171818835E-01
2.002002002E+01   2.172691332E-01
2.012012012E+01   2.173235347E-01
2.022022022E+01   2.173455078E-01
2.032032032E+01   2.173354716E-01
2.042042042E+01   2.172938438E-01
2.052052052E+01   2.172210412E-01
2.062062062E+01   2.171174794E-01
2.072072072E+01   2.169835729E-01
2.082082082E+01   2.168197349E-01
2.092092092E+01   2.166263775E-01
2.102102102E+01   2.164039114E-01
2.112112112E+01   2.161527462E-01
2.122122122E+01   2.158732899E-01
2.132132132E+01   2.155659495E-01
2.142142142E+01   2.152311304E-01
2.152152152E+01   2.148692366E-01
2.162162162E+01   2.144806708E-01
2.172172172E+01   2.140658341E-01
2.182182182E+01   2.136251264E-01
2.192192192E+01   2.131589456E-01
2.202202202E+01   2.126676885E-01
2.212212212E+01   2.121517502E-01
2.222222222E+01   2.116115242E-01
2.232232232E+01   2.110474023E-01
2.242242242E+01   2.104597748E-01
2.252252252E+01   2.098490303E-01
2.262262262E+01   2.092155556E-01
2.272272272E+01   2.085597359E-01
2.282282282E+01   2.078819547E-01
2.292292292E+01   2.071825937E-01
2.302302302E+01   2.064620326E-01
2.312312312E+01   2.057206496E-01
2.322322322E+01   2.049588209E-01
2.332332332E+01   2.041769209E-01
2.342342342E+01   2.033753221E-01
2.352352352E+01   2.025543951E-01
2.362362362E+01   2.017145087E-01
2.372372372E+01   2.008560294E-01
2.382382382E+01   1.999793222E-01
2.392392392E+01   1.990847498E-01
2.402402402E+01   1.981726730E-01
2.412412412E+01   1.972434505E-01
2.422422422E+01   1.962974392E-01
2.432432432E+01   1.953349936E-01
2.442442442E+01   1.943564663E-01
2.452452452E+01   1.933622078E-01
2.462462462E+01   1.923525664E-01
2.472472472E+01   1.913278885E-01
2.482482482E+01   1.902885179E-01
2.492492492E+01   1.892347966E-01
2.502502503E+01   1.881670644E-01
2.512512513E+01   1.870856587E-01
2.522522523E+01   1.859909147E-01
2.532532533E+01   1.848831656E-01
2.542542543E+01   1.837627420E-01
2.552552553E+01   1.826299725E-01
2.562562563E+01   1.814851834E-01
2.572572573E+01   1.803286985E-01
2.582582583E+01   1.791608394E-01
2.592592593E+01   1.779819255E-01
2.602602603E+01   1.767922737E-01
2.612612613E+01   1.755921986E-01
2.622622623E+01   1.743820123E-01
2.632632633E+01   1.731620248E-01
2.642642643E+01   1.719325435E-01
2.652652653E+01   1.706938735E-01
2.662662663E+01   1.694463173E-01
2.672672673E+01   1.681901752E-01
2.682682683E+01   1.669257449E-01
2.692692693E+01   1.656533219E-01
2.702702703E+01   1.643731989E-01
2.712712713E+01   1.630856663E-01
2.722722723E+01   1.617910120E-01
2.732732733E+01   1.604895216E-01
2.742742743E+01   1.591814779E-01
2.752752753E+01   1.578671613E-01
2.762762763E+01   1.565468498E-01
2.772772773E+01   1.552208188E-01
2.782782783E+01   1.538893411E-01
2.792792793E+01   1.525526871E-01
2.802802803E+01   1.512111246E-01
2.812812813E+01   1.498649188E-01
2.822822823E+01   1.485143324E-01
2.832832833E+01   1.471596255E-01
2.842842843E+01   1.458010558E-01
2.852852853E+01   1.444388781E-01
2.862862863E+01   1.430733450E-01
2.872872873E+01   1.417047062E-01
2.882882883E+01   1.403332091E-01
2.892892893E+01   1.389590981E-01
2.902902903E+01   1.375826156E-01
2.912912913E+01   1.362040008E-01
2.922922923E+01   1.348234907E-01
2.932932933E+01   1.334413195E-01
2.942942943E+01   1.320577190E-01
2.952952953E+01   1.306729181E-01
2.962962963E+01   1.292871433E-01
2.972972973E+01   1.279006186E-01
2.982982983E+01   1.265135650E-01
2.992992993E+01   1.251262012E-01
3.003003003E+01   1.237387433E-01
3.013013013E+01   1.223514046E-01
3.023023023E+01   1.209643959E-01
3.033033033E+01   1.195779254E-01
3.043043043E+01   1.181921987E-01
3.053053053E+01   1.168074186E-01
3.063063063E+01   1.154237856E-01
3.073073073E+01   1.140414973E-01
3.083083083E+01   1.126607490E-01
3.093093093E+01   1.112817330E-01
3.103103103E+01   1.099046395E-01
3.113113113E+01   1.085296556E-01
3.123123123E+01   1.071569661E-01
3.133133133E+01   1.057867532E-01
3.143143143E+01   1.044191964E-01
3.153153153E+01   1.030544727E-01
3.163163163E+01   1.016927564E-01
3.173173173E+01   1.003342195E-01
3.183183183E+01   9.897903105E-02
3.193193193E+01   9.762735782E-02
3.203203203E+01   9.627936390E-02
3.213213213E+01   9.493521086E-02
3.223223223E+01   9.359505771E-02
3.233233233E+01   9.225906091E-02
3.243243243E+01   9.092737440E-02
3.253253253E+01   8.960014957E-02
3.263263263E+01   8.827753530E-02
3.273273273E+01   8.695967795E-02
3.283283283E+01   8.564672136E-02
3.293293293E+01   8.433880688E-02
3.303303303E+01   8.303607337E-02
3.313313313E+01   8.173865719E-02
3.323323323E+01   8.044669223E-02
3.333333333E+01   7.916030991E-02
3.343343343E+01   7.787963918E-02
3.353353353E+01   7.660480655E-02
3.363363363E+01   7.533593609E-02
3.373373373E+01   7.407314942E-02
3.383383383E+01   7.281656576E-02
3.393393393E+01   7.156630189E-02
3.403403403E+01   7.032247221E-02
3.413413413E+01   6.908518871E-02
3.423423423E+01   6.785456101E-02
3.433433433E+01   6.663069635E-02
3.443443443E+01   6.541369961E-02
3.453453453E+01   6.420367333E-02
3.463463463E+01   6.300071769E-02
3.473473473E+01   6.180493057E-02
3.483483483E+01   6.061640751E-02
3.493493493E+01   5.943524177E-02
3.503503504E+01   5.826152431E-02
3.513513514E+01   5.709534380E-02
3.523523524E+01   5.593678665E-02
3.533533534E+01   5.478593703E-02
3.543543544E+01   5.364287686E-02
3.553553554E+01   5.250768583E-02
3.563563564E+01   5.138044142E-02
3.573573574E+01   5.026121890E-02
3.583583584E+01   4.915009138E-02
3.593593594E+01   4.804712976E-02
3.603603604E+01   4.695240280E-02
3.613613614E+01   4.586597712E-02
3.623623624E+01   4.478791721E-02
3.633633634E+01   4.371828542E-02
3.643643644E+01   4.265714202E-02
3.653653654E+01   4.160454519E-02
3.663663664E+01   4.056055104E-02
3.673673674E+01   3.952521360E-02
3.683683684E+01   3.849858489E-02
3.693693694E+01   3.748071488E-02
3.703703704E+01   3.647165154E-02
3.713713714E+01   3.547144085E-02
3.723723724E+01   3.448012678E-02
3.733733734E+01   3.349775137E-02
3.743743744E+01   3.252435469E-02
3.753753754E+01   3.155997489E-02
3.763763764E+01   3.060464819E-02
3.773773774E+01   2.965840893E-02
3.783783784E+01   2.872128954E-02
3.793793794E+01   2.779332061E-02
3.803803804E+01   2.687453086E-02
3.813813814E+01   2.596494719E-02
3.823823824E+01   2.506459466E-02
3.833833834E+01   2.417349656E-02
3.843843844E+01   2.329167437E-02
3.853853854E+01   2.241914782E-02
3.863863864E+01   2.155593489E-02
3.873873874E+01   2.070205181E-02
3.883883884E+01   1.985751313E-02
3.893893894E+01   1.902233168E-02
3.903903904E+01   1.819651860E-02
3.913913914E+01   1.738008339E-02
3.923923924E+01   1.657303389E-02
3.933933934E+01   1.577537633E-02
3.943943944E+01   1.498711532E-02
3.953953954E+01   1.420825387E-02
3.963963964E+01   1.343879344E-02
3.973973974E+01   1.267873390E-02
3.983983984E+01   1.192807363E-02
3.993993994E+01   1.118680944E-02
4.004004004E+01   1.045493667E-02
4.014014014E+01   9.732449174E-03
4.024024024E+01   9.019339333E-03
4.034034034E+01   8.315598081E-03
4.044044044E+01   7.621214928E-03
4.054054054E+01   6.936177970E-03
4.064064064E+01   6.260473912E-03
4.074074074E+01   5.594088085E-03
4.084084084E+01   4.937004462E-03
4.094094094E+01   4.289205681E-03
4.104104104E+01   3.650673061E-03
4.114114114E+01   3.021386618E-03
4.124124124E+01   2.401325087E-03
4.134134134E+01   1.790465939E-03
4.144144144E+01   1.188785400E-03
4.154154154E+01   5.962584664E-04
4.164164164E+01   1.285892783E-05
4.174174174E+01   -5.614406177E-04
4.184184184E+01   -1.126668744E-03
4.194194194E+01   -1.682855179E-03
4.204204204E+01   -2.230030785E-03
4.214214214E+01   -2.768227544E-03
4.224224224E+01   -3.297478535E-03
4.234234234E+01   -3.817817916E-03
4.244244244E+01   -4.329280911E-03
4.254254254E+01   -4.831903785E-03
4.264264264E+01   -5.325723831E-03
4.274274274E+01   -5.810779348E-03
4.284284284E+01   -6.287109624E-03
4.294294294E+01   -6.754754921E-03
4.304304304E+01   -7.213756451E-03
4.314314314E+01   -7.664156364E-03
4.324324324E+01   -8.105997726E-03
4.334334334E+01   -8.539324500E-03
4.344344344E+01   -8.964181535E-03
4.354354354E+01   -9.380614540E-03
4.364364364E+01   -9.788670070E-03
4.374374374E+01   -1.018839551E-02
4.384384384E+01   -1.057983905E-02
4.394394394E+01   -1.096304968E-02
4.404404404E+01   -1.133807715E-02
4.414414414E+01   -1.170497200E-02
4.424424424E+01   -1.206378547E-02
4.434434434E+01   -1.241456954E-02
4.444444444E+01   -1.275737690E-02
4.454454454E+01   -1.309226093E-02
4.464464464E+01   -1.341927567E-02
4.474474474E+01   -1.373847582E-02
4.484484484E+01   -1.404991671E-02
4.494494494E+01   -1.435365429E-02
4.504504505E+01   -1.464974513E-02
4.514514515E+01   -1.493824636E-02
4.524524525E+01   -1.521921570E-02
4.534534535E+01   -1.549271141E-02
4.544544545E+01   -1.575879230E-02
4.554554555E+01   -1.601751768E-02
4.564564565E+01   -1.626894737E-02
4.574574575E+01   -1.651314170E-02
4.584584585E+01   -1.675016144E-02
4.594594595E+01   -1.698006782E-02
4.604604605E+01   -1.720292253E-02
4.614614615E+01   -1.741878766E-02
4.624624625E+01   -1.762772571E-02
4.634634635E+01   -1.782979959E-02
4.644644645E+01   -1.802507257E-02
4.654654655E+01   -1.821360828E-02
4.664664665E+01   -1.839547070E-02
4.674674675E+01   -1.857072415E-02
4.684684685E+01   -1.873943324E-02
4.694694695E+01   -1.890166289E-02
4.704704705E+01   -1.905747833E-02
4.714714715E+01   -1.920694502E-02
4.724724725E+01   -1.935012871E-02
4.734734735E+01   -1.948709537E-02
4.744744745E+01   -1.961791120E-02
4.754754755E+01   -1.974264262E-02
4.764764765E+01   -1.986135623E-02
4.774774775E+01   -1.997411885E-02
4.784784785E+01   -2.008099743E-02
4.794794795E+01   -2.018205910E-02
4.804804805E+01   -2.027737113E-02
4.814814815E+01   -2.036700091E-02
4.824824825E+01   -2.045101596E-02
4.834834835E+01   -2.052948389E-02
4.844844845E+01   -2.060247239E-02
4.854854855E+01   -2.067004926E-02
4.864864865E+01   -2.073228234E-02
4.874874875E+01   -2.078923951E-02
4.884884885E+01   -2.084098872E-02
4.894894895E+01   -2.088759791E-02
4.904904905E+01   -2.092913506E-02
4.914914915E+01   -2.096566814E-02
4.924924925E+01   -2.099726511E-02
4.934934935E+01   -2.102399390E-02
4.944944945E+01   -2.104592242E-02
4.954954955E+01   -2.106311853E-02
4.964964965E+01   -2.107565001E-02
4.974974975E+01   -2.108358461E-02
4.984984985E+01   -2.108698995E-02
4.994994995E+01   -2.108593361E-02
5.005005005E+01   -2.108048303E-02
5.015015015E+01   -2.107070554E-02
5.025025025E+01   -2.105666837E-02
5.035035035E+01   -2.103843860E-02
5.045045045E+01   -2.101608314E-02
5.055055055E+01   -2.098966880E-02
5.065065065E+01   -2.095926217E-02
5.075075075E+01   -2.092492969E-02
5.085085085E+01   -2.088673762E-02
5.095095095E+01   -2.084475200E-02
5.105105105E+01   -2.079903871E-02
5.115115115E+01   -2.074966336E-02
5.125125125E+01   -2.069669139E-02
5.135135135E+01   -2.064018796E-02
5.145145145E+01   -2.058021802E-02
5.155155155E+01   -2.051684627E-02
5.165165165E+01   -2.045013714E-02
5.175175175E+01   -2.038015479E-02
5.185185185E+01   -2.030696312E-02
5.195195195E+01   -2.023062573E-02
5.205205205E+01   -2.015120594E-02
5.215215215E+01   -2.006876676E-02
5.225225225E+01   -1.998337092E-02
5.235235235E+01   -1.989508079E-02
5.245245245E+01   -1.980395846E-02
5.255255255E+01   -1.971006566E-02
5.265265265E+01   -1.961346380E-02
5.275275275E+01   -1.951421396E-02
5.285285285E+01   -1.941237682E-02
5.295295295E+01   -1.930801276E-02
5.305305305E+01   -1.920118176E-02
5.315315315E+01   -1.909194345E-02
5.325325325E+01   -1.898035706E-02
5.335335335E+01   -1.886648145E-02
5.345345345E+01   -1.875037511E-02
5.355355355E+01   -1.863209609E-02
5.365365365E+01   -1.851170209E-02
5.375375375E+01   -1.838925037E-02
5.385385385E+01   -1.826479779E-02
5.395395395E+01   -1.813840078E-02
5.405405405E+01   -1.801011538E-02
5.415415415E+01   -1.787999717E-02
5.425425425E+01   -1.774810131E-02
5.435435435E+01   -1.761448253E-02
5.445445445E+01   -1.747919511E-02
5.455455455E+01   -1.734229288E-02
5.465465465E+01   -1.720382923E-02
5.475475475E+01   -1.706385710E-02
5.485485485E+01   -1.692242894E-02
5.495495495E+01   -1.677959679E-02
5.505505506E+01   -1.663541217E-02
5.515515516E+01   -1.648992616E-02
5.525525526E+01   -1.634318937E-02
5.535535536E+01   -1.619525191E-02
5.545545546E+01   -1.604616343E-02
5.555555556E+01   -1.589597309E-02
5.565565566E+01   -1.574472955E-02
5.575575576E+01   -1.559248102E-02
5.585585586E+01   -1.543927516E-02
5.595595596E+01   -1.528515919E-02
5.605605606E+01   -1.513017980E-02
5.615615616E+01   -1.497438318E-02
5.625625626E+01   -1.481781504E-02
5.635635636E+01   -1.466052057E-02
5.645645646E+01   -1.450254445E-02
5.655655656E+01   -1.434393086E-02
5.665665666E+01   -1.418472347E-02
5.675675676E+01   -1.402496543E-02
5.685685686E+01   -1.386469938E-02
5.695695696E+01   -1.370396746E-02
5.705705706E+01   -1.354281127E-02
5.715715716E+01   -1.338127191E-02
5.725725726E+01   -1.321938994E-02
5.735735736E+01   -1.305720544E-02
5.745745746E+01   -1.289475792E-02
5.755755756E+01   -1.273208641E-02
5.765765766E+01   -1.256922940E-02
5.775775776E+01   -1.240622485E-02
5.785785786E+01   -1.224311021E-02
5.795795796E+01   -1.207992241E-02
5.805805806E+01   -1.191669784E-02
5.815815816E+01   -1.175347238E-02
5.825825826E+01   -1.159028137E-02
5.835835836E+01   -1.142715966E-02
5.845845846E+01   -1.126414154E-02
5.855855856E+01   -1.110126078E-02
5.865865866E+01   -1.093855066E-02
5.875875876E+01   -1.077604391E-02
5.885885886E+01   -1.061377273E-02
5.895895896E+01   -1.045176882E-02
5.905905906E+01   -1.029006335E-02
5.915915916E+01   -1.012868697E-02
5.925925926E+01   -9.967669817E-03
5.935935936E+01   -9.807041500E-03
5.945945946E+01   -9.646831118E-03
5.955955956E+01   -9.487067251E-03
5.965965966E+01   -9.327777967E-03
5.975975976E+01   -9.168990820E-03
5.985985986E+01   -9.010732851E-03
5.995995996E+01   -8.853030593E-03
6.006006006E+01   -8.695910069E-03
6.016016016E+01   -8.539396794E-03
6.026026026E+01   -8.383515781E-03
6.036036036E+01   -8.228291536E-03
6.046046046E+01   -8.073748066E-03
6.056056056E+01   -7.919908877E-03
6.066066066E+01   -7.766796978E-03
6.076076076E+01   -7.614434884E-03
6.086086086E+01   -7.462844614E-03
6.096096096E+01   -7.312047697E-03
6.106106106E+01   -7.162065176E-03
6.116116116E+01   -7.012917605E-03
6.126126126E+01   -6.864625054E-03
6.136136136E+01   -6.717207113E-03
6.146146146E+01   -6.570682894E-03
6.156156156E+01   -6.425071031E-03
6.166166166E+01   -6.280389685E-03
6.176176176E+01   -6.136656550E-03
6.186186186E+01   -5.993888846E-03
6.196196196E+01   -5.852103334E-03
6.206206206E+01   -5.711316311E-03
6.216216216E+01   -5.571543613E-03
6.226226226E+01   -5.432800623E-03
6.236236236E+01   -5.295102270E-03
6.246246246E+01   -5.158463034E-03
6.256256256E+01   -5.022896948E-03
6.266266266E+01   -4.888417603E-03
6.276276276E+01   -4.755038149E-03
6.286286286E+01   -4.622771299E-03
6.296296296E+01   -4.491629335E-03
6.306306306E+01   -4.361624107E-03
6.316316316E+01   -4.232767041E-03
6.326326326E+01   -4.105069138E-03
6.336336336E+01   -3.978540983E-03
6.346346346E+01   -3.853192741E-03
6.356356356E+01   -3.729034170E-03
6.366366366E+01   -3.606074617E-03
6.376376376E+01   -3.484323025E-03
6.386386386E+01   -3.363787936E-03
6.396396396E+01   -3.244477496E-03
6.406406406E+01   -3.126399457E-03
6.416416416E+01   -3.009561181E-03
6.426426426E+01   -2.893969647E-03
6.436436436E+01   -2.779631449E-03
6.446446446E+01   -2.666552807E-03
6.456456456E+01   -2.554739565E-03
6.466466466E+01   -2.444197198E-03
6.476476476E+01   -2.334930815E-03
6.486486486E+01   -2.226945164E-03
6.496496496E+01   -2.120244634E-03
6.506506507E+01   -2.014833263E-03
6.516516517E+01   -1.910714737E-03
6.526526527E+01   -1.807892397E-03
6.536536537E+01   -1.706369245E-03
6.546546547E+01   -1.606147944E-03
6.556556557E+01   -1.507230823E-03
6.566566567E+01   -1.409619886E-03
6.576576577E+01   -1.313316809E-03
6.586586587E+01   -1.218322949E-03
6.596596597E+01   -1.124639346E-03
6.606606607E+01   -1.032266731E-03
6.616616617E+01   -9.412055233E-04
6.626626627E+01   -8.514558415E-04
6.636636637E+01   -7.630175041E-04
6.646646647E+01   -6.758900348E-04
6.656656657E+01   -5.900726666E-04
6.666666667E+01   -5.055643464E-04
6.676676677E+01   -4.223637387E-04
6.686686687E+01   -3.404692303E-04
6.696696697E+01   -2.598789345E-04
6.706706707E+01   -1.805906951E-04
6.716716717E+01   -1.026020913E-04
6.726726727E+01   -2.591044120E-05
6.736736737E+01   4.948719322E-05
6.746746747E+01   1.235940023E-04
6.756756757E+01   1.964134242E-04
6.766766767E+01   2.679491406E-04
6.776776777E+01   3.382050728E-04
6.786786787E+01   4.071853768E-04
6.796796797E+01   4.748944396E-04
6.806806807E+01   5.413368750E-04
6.816816817E+01   6.065175187E-04
6.826826827E+01   6.704414249E-04
6.836836837E+01   7.331138614E-04
6.846846847E+01   7.945403060E-04
6.856856857E+01   8.547264416E-04
6.866866867E+01   9.136781526E-04
6.876876877E+01   9.714015206E-04
6.886886887E+01   1.027902820E-03
6.896896897E+01   1.083188514E-03
6.906906907E+01   1.137265251E-03
6.916916917E+01   1.190139859E-03
6.926926927E+01   1.241819343E-03
6.936936937E+01   1.292310880E-03
6.946946947E+01   1.341621817E-03
6.956956957E+01   1.389759662E-03
6.966966967E+01   1.436732086E-03
6.976976977E+01   1.482546916E-03
6.986986987E+01   1.527212129E-03
6.996996997E+01   1.570735853E-03
7.007007007E+01   1.613126359E-03
7.017017017E+01   1.654392057E-03
7.027027027E+01   1.694541496E-03
7.037037037E+01   1.733583356E-03
7.047047047E+01   1.771526446E-03
7.057057057E+01   1.808379700E-03
7.067067067E+01   1.844152173E-03
7.077077077E+01   1.878853037E-03
7.087087087E+01   1.912491578E-03
7.097097097E+01   1.945077191E-03
7.107107107E+01   1.976619378E-03
7.117117117E+01   2.007127742E-03
7.127127127E+01   2.036611986E-03
7.137137137E+01   2.065081908E-03
7.147147147E+01   2.092547395E-03
7.157157157E+01   2.119018426E-03
7.167167167E+01   2.144505061E-03
7.177177177E+01   2.169017441E-03
7.187187187E+01   2.192565787E-03
7.197197197E+01   2.215160391E-03
7.207207207E+01   2.236811616E-03
7.217217217E+01   2.257529893E-03
7.227227227E+01   2.277325717E-03
7.237237237E+01   2.296209640E-03
7.247247247E+01   2.314192276E-03
7.257257257E+01   2.331284288E-03
7.267267267E+01   2.347496393E-03
7.277277277E+01   2.362839352E-03
7.287287287E+01   2.377323974E-03
7.297297297E+01   2.390961106E-03
7.307307307E+01   2.403761633E-03
7.317317317E+01   2.415736477E-03
7.327327327E+01   2.426896588E-03
7.337337337E+01   2.437252949E-03
7.347347347E+01   2.446816565E-03
7.357357357E+01   2.455598466E-03
7.367367367E+01   2.463609701E-03
7.377377377E+01   2.470861336E-03
7.387387387E+01   2.477364453E-03
7.397397397E+01   2.483130142E-03
7.407407407E+01   2.488169503E-03
7.417417417E+01   2.492493644E-03
7.427427427E+01   2.496113673E-03
7.437437437E+01   2.499040701E-03
7.447447447E+01   2.501285835E-03
7.457457457E+01   2.502860177E-03
7.467467467E+01   2.503774825E-03
7.477477477E+01   2.504040863E-03
7.487487487E+01   2.503669366E-03
7.497497497E+01   2.502671393E-03
7.507507508E+01   2.501057985E-03
7.517517518E+01   2.498840164E-03
7.527527528E+01   2.496028932E-03
7.537537538E+01   2.492635265E-03
7.547547548E+01   2.488670113E-03
7.557557558E+01   2.484144397E-03
7.567567568E+01   2.479069007E-03
7.577577578E+01   2.473454802E-03
7.587587588E+01   2.467312604E-03
7.597597598E+01   2.460653198E-03
7.607607608E+01   2.453487331E-03
7.617617618E+01   2.445825707E-03
7.627627628E+01   2.437678988E-03
7.637637638E+01   2.429057791E-03
7.647647648E+01   2.419972686E-03
7.657657658E+01   2.410434193E-03
7.667667668E+01   2.400452782E-03
7.677677678E+01   2.390038870E-03
7.687687688E+01   2.379202821E-03
7.697697698E+01   2.367954943E-03
7.707707708E+01   2.356305484E-03
7.717717718E+01   2.344264635E-03
7.727727728E+01   2.331842526E-03
7.737737738E+01   2.319049223E-03
7.747747748E+01   2.305894729E-03
7.757757758E+01   2.292388982E-03
7.767767768E+01   2.278541851E-03
7.777777778E+01   2.264363138E-03
7.787787788E+01   2.249862576E-03
7.797797798E+01   2.235049826E-03
7.807807808E+01   2.219934475E-03
7.817817818E+01   2.204526037E-03
7.827827828E+01   2.188833953E-03
7.837837838E+01   2.172867585E-03
7.847847848E+01   2.156636218E-03
7.857857858E+01   2.140149059E-03
7.867867868E+01   2.123415236E-03
7.877877878E+01   2.106443793E-03
7.887887888E+01   2.089243696E-03
7.897897898E+01   2.071823825E-03
7.907907908E+01   2.054192977E-03
7.917917918E+01   2.036359864E-03
7.927927928E+01   2.018333112E-03
7.937937938E+01   2.000121261E-03
7.947947948E+01   1.981732763E-03
7.957957958E+01   1.963175980E-03
7.967967968E+01   1.944459188E-03
7.977977978E+01   1.925590568E-03
7.987987988E+01   1.906578216E-03
7.997997998E+01   1.887430132E-03
8.008008008E+01   1.868154225E-03
8.018018018E+01   1.848758313E-03
8.028028028E+01   1.829250117E-03
8.038038038E+01   1.809637268E-03
8.048048048E+01   1.789927300E-03
8.058058058E+01   1.770127651E-03
8.068068068E+01   1.750245665E-03
8.078078078E+01   1.730288591E-03
8.088088088E+01   1.710263578E-03
8.098098098E+01   1.690177680E-03
8.108108108E+01   1.670037854E-03
8.118118118E+01   1.649850959E-03
8.128128128E+01   1.629623755E-03
8.138138138E+01   1.609362905E-03
8.148148148E+01   1.589074971E-03
8.158158158E+01   1.568766420E-03
8.168168168E+01   1.548443615E-03
8.178178178E+01   1.528112823E-03
8.188188188E+01   1.507780211E-03
8.198198198E+01   1.487451845E-03
8.208208208E+01   1.467133693E-03
8.218218218E+01   1.446831621E-03
8.228228228E+01   1.426551397E-03
8.238238238E+01   1.406298687E-03
8.248248248E+01   1.386079058E-03
8.258258258E+01   1.365897977E-03
8.268268268E+01   1.345760810E-03
8.278278278E+01   1.325672825E-03
8.288288288E+01   1.305639187E-03
8.298298298E+01   1.285664963E-03
8.308308308E+01   1.265755120E-03
8.318318318E+01   1.245914525E-03
8.328328328E+01   1.226147946E-03
8.338338338E+01   1.206460050E-03
8.348348348E+01   1.186855406E-03
8.358358358E+01   1.167338485E-03
8.368368368E+01   1.147913657E-03
8.378378378E+01   1.128585196E-03
8.388388388E+01   1.109357275E-03
8.398398398E+01   1.090233970E-03
8.408408408E+01   1.071219261E-03
8.418418418E+01   1.052317028E-03
8.428428428E+01   1.033531057E-03
8.438438438E+01   1.014865033E-03
8.448448448E+01   9.963225503E-04
8.458458458E+01   9.779071025E-04
8.468468468E+01   9.596220899E-04
8.478478478E+01   9.414708174E-04
8.488488488E+01   9.234564952E-04
8.498498498E+01   9.055822396E-04
8.508508509E+01   8.878510727E-04
8.518518519E+01   8.702659237E-04
8.528528529E+01   8.528296291E-04
8.538538539E+01   8.355449332E-04
8.548548549E+01   8.184144884E-04
8.558558559E+01   8.014408563E-04
8.568568569E+01   7.846265076E-04
8.578578579E+01   7.679738233E-04
8.588588589E+01   7.514850948E-04
8.598598599E+01   7.351625247E-04
8.608608609E+01   7.190082274E-04
8.618618619E+01   7.030242298E-04
8.628628629E+01   6.872124718E-04
8.638638639E+01   6.715748067E-04
8.648648649E+01   6.561130026E-04
8.658658659E+01   6.408287424E-04
8.668668669E+01   6.257236244E-04
8.678678679E+01   6.107991637E-04
8.688688689E+01   5.960567922E-04
8.698698699E+01   5.814978596E-04
8.708708709E+01   5.671236342E-04
8.718718719E+01   5.529353033E-04
8.728728729E+01   5.389339742E-04
8.738738739E+01   5.251206750E-04
8.748748749E+01   5.114963550E-04
8.758758759E+01   4.980618858E-04
8.768768769E+01   4.848180620E-04
8.778778779E+01   4.717656018E-04
8.788788789E+01   4.589051479E-04
8.798798799E+01   4.462372683E-04
8.808808809E+01   4.337624570E-04
8.818818819E+01   4.214811350E-04
8.828828829E+01   4.093936508E-04
8.838838839E+01   3.975002815E-04
8.848848849E+01   3.858012335E-04
8.858858859E+01   3.742966431E-04
8.868868869E+01   3.629865777E-04
8.878878879E+01   3.518710365E-04
8.888888889E+01   3.409499512E-04
8.898898899E+01   3.302231869E-04
8.908908909E+01   3.196905429E-04
8.918918919E+01   3.093517539E-04
8.928928929E+01   2.992064903E-04
8.938938939E+01   2.892543593E-04
8.948948949E+01   2.794949059E-04
8.958958959E+01   2.699276136E-04
8.968968969E+01   2.605519050E-04
8.978978979E+01   2.513671434E-04
8.988988989E+01   2.423726327E-04
8.998998999E+01   2.335676191E-04
9.009009009E+01   2.249512915E-04
9.019019019E+01   2.165227824E-04
9.029029029E+01   2.082811689E-04
9.039039039E+01   2.002254736E-04
9.049049049E+01   1.923546651E-04
9.059059059E+01   1.846676595E-04
9.069069069E+01   1.771633207E-04
9.079079079E+01   1.698404613E-04
9.089089089E+01   1.626978440E-04
9.099099099E+01   1.557341819E-04
9.109109109E+01   1.489481394E-04
9.119119119E+01   1.423383336E-04
9.129129129E+01   1.359033343E-04
9.139139139E+01   1.296416657E-04
9.149149149E+01   1.235518067E-04
9.159159159E+01   1.176321921E-04
9.169169169E+01   1.118812130E-04
9.179179179E+01   1.062972183E-04
9.189189189E+01   1.008785148E-04
9.199199199E+01   9.562336862E-05
9.209209209E+01   9.053000590E-05
9.219219219E+01   8.559661343E-05
9.229229229E+01   8.082133968E-05
9.239239239E+01   7.620229554E-05
9.249249249E+01   7.173755519E-05
9.259259259E+01   6.742515687E-05
9.269269269E+01   6.326310375E-05
9.279279279E+01   5.924936468E-05
9.289289289E+01   5.538187503E-05
9.299299299E+01   5.165853748E-05
9.309309309E+01   4.807722282E-05
9.319319319E+01   4.463577070E-05
9.329329329E+01   4.133199047E-05
9.339339339E+01   3.816366191E-05
9.349349349E+01   3.512853603E-05
9.359359359E+01   3.222433580E-05
9.369369369E+01   2.944875695E-05
9.379379379E+01   2.679946868E-05
9.389389389E+01   2.427411442E-05
9.399399399E+01   2.187031257E-05
9.409409409E+01   1.958565724E-05
9.419419419E+01   1.741771893E-05
9.429429429E+01   1.536404528E-05
9.439439439E+01   1.342216179E-05
9.449449449E+01   1.158957247E-05
9.459459459E+01   9.863760565E-06
9.469469469E+01   8.242189237E-06
9.479479479E+01   6.722302224E-06
9.489489489E+01   5.301524514E-06
9.499499499E+01   3.977262999E-06
9.509509510E+01   2.746907126E-06
9.519519520E+01   1.607829532E-06
9.529529530E+01   5.573866721E-07
9.539539540E+01   -4.070805565E-07
9.549549550E+01   -1.288246208E-06
9.559559560E+01   -2.088798685E-06
9.569569570E+01   -2.811440151E-06
9.579579580E+01   -3.458885947E-06
9.589589590E+01   -4.033864025E-06
9.599599600E+01   -4.539114384E-06
9.609609610E+01   -4.977388525E-06
9.619619620E+01   -5.351448908E-06
9.629629630E+01   -5.664068430E-06
9.639639640E+01   -5.918029905E-06
9.649649650E+01   -6.116125559E-06
9.659659660E+01   -6.261156537E-06
9.669669670E+01   -6.355932420E-06
9.679679680E+01   -6.403270756E-06
9.689689690E+01   -6.405996598E-06
9.699699700E+01   -6.366942060E-06
9.709709710E+01   -6.288945882E-06
9.719719720E+01   -6.174853004E-06
9.729729730E+01   -6.027514163E-06
9.739739740E+01   -5.849785488E-06
9.749749750E+01   -5.644528120E-06
9.759759760E+01   -5.414607840E-06
9.769769770E+01   -5.162894707E-06
9.779779780E+01   -4.892262718E-06
9.789789790E+01   -4.605589471E-06
9.799799800E+01   -4.305755849E-06
9.809809810E+01   -3.995645714E-06
9.819819820E+01   -3.678145618E-06
9.829829830E+01   -3.356144522E-06
9.839839840E+01   -3.032533536E-06
9.849849850E+01   -2.710205671E-06
9.859859860E+01   -2.392055602E-06
9.869869870E+01   -2.080979449E-06
9.879879880E+01   -1.779874574E-06
9.889889890E+01   -1.491639388E-06
9.899899900E+01   -1.219173178E-06
9.909909910E+01   -9.653759472E-07
9.919919920E+01   -7.331482672E-07
9.929929930E+01   -5.253911528E-07
9.939939940E+01   -3.450059465E-07
9.949949950E+01   -1.948942207E-07
9.959959960E+01   -7.795769657E-08
9.969969970E+01   2.901822445E-09
9.979979980E+01   4.478249971E-08
9.989989990E+01   4.478249878E-08
1.000000000E+02   0.000000000E+00
