0.000000000E+00   -1.457339974E+00
1.001001001E-01   -1.443339974E+00
2.002002002E-01   -1.429400875E+00
3.003003003E-01   -1.415522677E+00
4.004004004E-01   -1.401705378E+00
5.005005005E-01   -1.387948977E+00
6.006006006E-01   -1.374253470E+00
7.007007007E-01   -1.360618852E+00
8.008008008E-01   -1.347045118E+00
9.009009009E-01   -1.333532260E+00
1.001001001E+00   -1.320080270E+00
1.101101101E+00   -1.306689138E+00
1.201201201E+00   -1.293358855E+00
1.301301301E+00   -1.280089409E+00
1.401401401E+00   -1.266880786E+00
1.501501502E+00   -1.253732972E+00
1.601601602E+00   -1.240645952E+00
1.701701702E+00   -1.227619710E+00
1.801801802E+00   -1.214654228E+00
1.901901902E+00   -1.201749487E+00
2.002002002E+00   -1.188905467E+00
2.102102102E+00   -1.176122147E+00
2.202202202E+00   -1.163399505E+00
2.302302302E+00   -1.150737517E+00
2.402402402E+00   -1.138136158E+00
2.502502503E+00   -1.125595403E+00
2.602602603E+00   -1.113115224E+00
2.702702703E+00   -1.100695593E+00
2.802802803E+00   -1.088336482E+00
2.902902903E+00   -1.076037859E+00
3.003003003E+00   -1.063799693E+00
3.103103103E+00   -1.051621950E+00
3.203203203E+00   -1.039504597E+00
3.303303303E+00   -1.027447599E+00
3.403403403E+00   -1.015450920E+00
3.503503504E+00   -1.003514521E+00
3.603603604E+00   -9.916383644E-01
3.703703704E+00   -9.798224101E-01
3.803803804E+00   -9.680666173E-01
3.903903904E+00   -9.563709438E-01
4.004004004E+00   -9.447353464E-01
4.104104104E+00   -9.331597806E-01
4.204204204E+00   -9.216442009E-01
4.304304304E+00   -9.101885607E-01
4.404404404E+00   -8.987928121E-01
4.504504505E+00   -8.874569061E-01
4.604604605E+00   -8.761807926E-01
4.704704705E+00   -8.649644203E-01
4.804804805E+00   -8.538077370E-01
4.904904905E+00   -8.427106891E-01
5.005005005E+00   -8.316732220E-01
5.105105105E+00   -8.206952799E-01
5.205205205E+00   -8.097768059E-01
5.305305305E+00   -7.989177420E-01
5.405405405E+00   -7.881180291E-01
5.505505506E+00   -7.773776070E-01
5.605605606E+00   -7.666964143E-01
5.705705706E+00   -7.560743885E-01
5.805805806E+00   -7.455114661E-01
5.905905906E+00   -7.350075825E-01
6.006006006E+00   -7.245626717E-01
6.106106106E+00   -7.141766670E-01
6.206206206E+00   -7.038495004E-01
6.306306306E+00   -6.935811027E-01
6.406406406E+00   -6.833714039E-01
6.506506507E+00   -6.732203327E-01
6.606606607E+00   -6.631278167E-01
6.706706707E+00   -6.530937826E-01
6.806806807E+00   -6.431181557E-01
6.906906907E+00   -6.332008606E-01
7.007007007E+00   -6.233418206E-01
7.107107107E+00   -6.135409580E-01
7.207207207E+00   -6.037981940E-01
7.307307307E+00   -5.941134487E-01
7.407407407E+00   -5.844866412E-01
7.507507508E+00   -5.749176897E-01
7.607607608E+00   -5.654065109E-01
7.707707708E+00   -5.559530210E-01
7.807807808E+00   -5.465571347E-01
7.907907908E+00   -5.372187659E-01
8.008008008E+00   -5.279378274E-01
8.108108108E+00   -5.187142310E-01
8.208208208E+00   -5.095478874E-01
8.308308308E+00   -5.004387063E-01
8.408408408E+00   -4.913865964E-01
8.508508509E+00   -4.823914654E-01
8.608608609E+00   -4.734532200E-01
8.708708709E+00   -4.645717656E-01
8.808808809E+00   -4.557470071E-01
8.908908909E+00   -4.469788479E-01
9.009009009E+00   -4.382671908E-01
9.109109109E+00   -4.296119373E-01
9.209209209E+00   -4.210129881E-01
9.309309309E+00   -4.124702428E-01
9.409409409E+00   -4.039836001E-01
9.509509510E+00   -3.955529577E-01
9.609609610E+00   -3.871782122E-01
9.709709710E+00   -3.788592595E-01
9.809809810E+00   -3.705959942E-01
9.909909910E+00   -3.623883102E-01
1.001001001E+01   -3.542361003E-01
1.011011011E+01   -3.461392564E-01
1.021021021E+01   -3.380976695E-01
1.031031031E+01   -3.301112295E-01
1.041041041E+01   -3.221798256E-01
1.051051051E+01   -3.143033458E-01
1.061061061E+01   -3.064816774E-01
1.071071071E+01   -2.987147065E-01
1.081081081E+01   -2.910023186E-01
1.091091091E+01   -2.833443981E-01
1.101101101E+01   -2.757408285E-01
1.111111111E+01   -2.681914924E-01
1.121121121E+01   -2.606962715E-01
1.131131131E+01   -2.532550466E-01
1.141141141E+01   -2.458676977E-01
1.151151151E+01   -2.385341038E-01
1.161161161E+01   -2.312541430E-01
1.171171171E+01   -2.240276926E-01
1.181181181E+01   -2.168546290E-01
1.191191191E+01   -2.097348278E-01
1.201201201E+01   -2.026681636E-01
1.211211211E+01   -1.956545101E-01
1.221221221E+01   -1.886937405E-01
1.231231231E+01   -1.817857268E-01
1.241241241E+01   -1.749303402E-01
1.251251251E+01   -1.681274513E-01
1.261261261E+01   -1.613769296E-01
1.271271271E+01   -1.546786439E-01
1.281281281E+01   -1.480324621E-01
1.291291291E+01   -1.414382515E-01
1.301301301E+01   -1.348958784E-01
1.311311311E+01   -1.284052082E-01
1.321321321E+01   -1.219661058E-01
1.331331331E+01   -1.155784350E-01
1.341341341E+01   -1.092420591E-01
1.351351351E+01   -1.029568404E-01
1.361361361E+01   -9.672264045E-02
1.371371371E+01   -9.053932020E-02
1.381381381E+01   -8.440673964E-02
1.391391391E+01   -7.832475811E-02
1.401401401E+01   -7.229323414E-02
1.411411411E+01   -6.631202554E-02
1.421421421E+01   -6.038098938E-02
1.431431431E+01   -5.449998198E-02
1.441441441E+01   -4.866885895E-02
1.451451451E+01   -4.288747515E-02
1.461461461E+01   -3.715568475E-02
1.471471471E+01   -3.147334117E-02
1.481481481E+01   -2.584029717E-02
1.491491491E+01   -2.025640476E-02
1.501501502E+01   -1.472151530E-02
1.511511512E+01   -9.235479431E-03
1.521521522E+01   -3.798147121E-03
1.531531532E+01   1.590632339E-03
1.541541542E+01   6.931010328E-03
1.551551552E+01   1.222313889E-02
1.561561562E+01   1.746717074E-02
1.571571572E+01   2.266325922E-02
1.581581582E+01   2.781155834E-02
1.591591592E+01   3.291222274E-02
1.601601602E+01   3.796540771E-02
1.611611612E+01   4.297126914E-02
1.621621622E+01   4.792996357E-02
1.631631632E+01   5.284164814E-02
1.641641642E+01   5.770648061E-02
1.651651652E+01   6.252461933E-02
1.661661662E+01   6.729622325E-02
1.671671672E+01   7.202145193E-02
1.681681682E+01   7.670046548E-02
1.691691692E+01   8.133342463E-02
1.701701702E+01   8.592049064E-02
1.711711712E+01   9.046182537E-02
1.721721722E+01   9.495759121E-02
1.731731732E+01   9.940795113E-02
1.741741742E+01   1.038130686E-01
1.751751752E+01   1.081731077E-01
1.761761762E+01   1.124882331E-01
1.771771772E+01   1.167586097E-01
1.781781782E+01   1.209844032E-01
1.791791792E+01   1.251657799E-01
1.801801802E+01   1.293029062E-01
1.811811812E+01   1.333959494E-01
1.821821822E+01   1.374450771E-01
1.831831832E+01   1.414504575E-01
1.841841842E+01   1.454122591E-01
1.851851852E+01   1.493306510E-01
1.861861862E+01   1.532058029E-01
1.871871872E+01   1.570378847E-01
1.881881882E+01   1.608270669E-01
1.891891892E+01   1.645735204E-01
1.901901902E+01   1.682774166E-01
1.911911912E+01   1.719389273E-01
1.921921922E+01   1.755582248E-01
1.931931932E+01   1.791354816E-01
1.941941942E+01   1.826708709E-01
1.951951952E+01   1.861645662E-01
1.961961962E+01   1.896167413E-01
1.971971972E+01   1.930275705E-01
1.981981982E+01   1.963972285E-01
1.991991992E+01   1.997258904E-01
2.002002002E+01   2.030137316E-01
2.012012012E+01   2.062609278E-01
2.022022022E+01   2.094676553E-01
2.032032032E+01   2.126340905E-01
2.042042042E+01   2.157604105E-01
2.052052052E+01   2.188467922E-01
2.062062062E+01   2.218934134E-01
2.072072072E+01   2.249004519E-01
2.082082082E+01   2.278680860E-01
2.092092092E+01   2.307964940E-01
2.102102102E+01   2.336858549E-01
2.112112112E+01   2.365363479E-01
2.122122122E+01   2.393481522E-01
2.132132132E+01   2.421214477E-01
2.142142142E+01   2.448564144E-01
2.152152152E+01   2.475532326E-01
2.162162162E+01   2.502120828E-01
2.172172172E+01   2.528331458E-01
2.182182182E+01   2.554166027E-01
2.192192192E+01   2.579626348E-01
2.202202202E+01   2.604714238E-01
2.212212212E+01   2.629431513E-01
2.222222222E+01   2.653779995E-01
2.232232232E+01   2.677761506E-01
2.242242242E+01   2.701377871E-01
2.252252252E+01   2.724630916E-01
2.262262262E+01   2.747522471E-01
2.272272272E+01   2.770054366E-01
2.282282282E+01   2.792228434E-01
2.292292292E+01   2.814046510E-01
2.302302302E+01   2.835510431E-01
2.312312312E+01   2.856622033E-01
2.322322322E+01   2.877383158E-01
2.332332332E+01   2.897795645E-01
2.342342342E+01   2.917861339E-01
2.352352352E+01   2.937582083E-01
2.362362362E+01   2.956959723E-01
2.372372372E+01   2.975996105E-01
2.382382382E+01   2.994693079E-01
2.392392392E+01   3.013052493E-01
2.402402402E+01   3.031076197E-01
2.412412412E+01   3.048766044E-01
2.422422422E+01   3.066123885E-01
2.432432432E+01   3.083151575E-01
2.442442442E+01   3.099850966E-01
2.452452452E+01   3.116223915E-01
2.462462462E+01   3.132272278E-01
2.472472472E+01   3.147997909E-01
2.482482482E+01   3.163402667E-01
2.492492492E+01   3.178488409E-01
2.502502503E+01   3.193256993E-01
2.512512513E+01   3.207710277E-01
2.522522523E+01   3.221850119E-01
2.532532533E+01   3.235678380E-01
2.542542543E+01   3.249196918E-01
2.552552553E+01   3.262407592E-01
2.562562563E+01   3.275312262E-01
2.572572573E+01   3.287912787E-01
2.582582583E+01   3.300211027E-01
2.592592593E+01   3.312208840E-01
2.602602603E+01   3.323908086E-01
2.612612613E+01   3.335310623E-01
2.622622623E+01   3.346418310E-01
2.632632633E+01   3.357233006E-01
2.642642643E+01   3.367756567E-01
2.652652653E+01   3.377990852E-01
2.662662663E+01   3.387937716E-01
2.672672673E+01   3.397599015E-01
2.682682683E+01   3.406976606E-01
2.692692693E+01   3.416072343E-01
2.702702703E+01   3.424888079E-01
2.712712713E+01   3.433425667E-01
2.722722723E+01   3.441686960E-01
2.732732733E+01   3.449673809E-01
2.742742743E+01   3.457388063E-01
2.752752753E+01   3.464831571E-01
2.762762763E+01   3.472006181E-01
2.772772773E+01   3.478913740E-01
2.782782783E+01   3.485556093E-01
2.792792793E+01   3.491935083E-01
2.802802803E+01   3.498052554E-01
2.812812813E+01   3.503910345E-01
2.822822823E+01   3.509510297E-01
2.832832833E+01   3.514854247E-01
2.842842843E+01   3.519944032E-01
2.852852853E+01   3.524781486E-01
2.862862863E+01   3.529368442E-01
2.872872873E+01   3.533706730E-01
2.882882883E+01   3.537798181E-01
2.892892893E+01   3.541644620E-01
2.902902903E+01   3.545247873E-01
2.912912913E+01   3.548609764E-01
2.922922923E+01   3.551732112E-01
2.932932933E+01   3.554616737E-01
2.942942943E+01   3.557265456E-01
2.952952953E+01   3.559680083E-01
2.962962963E+01   3.561862429E-01
2.972972973E+01   3.563814305E-01
2.982982983E+01   3.565537517E-01
2.992992993E+01   3.567033870E-01
3.003003003E+01   3.568305167E-01
3.013013013E+01   3.569353206E-01
3.023023023E+01   3.570179785E-01
3.033033033E+01   3.570786697E-01
3.043043043E+01   3.571175734E-01
3.053053053E+01   3.571348685E-01
3.063063063E+01   3.571307334E-01
3.073073073E+01   3.571053465E-01
3.083083083E+01   3.570588858E-01
3.093093093E+01   3.569915289E-01
3.103103103E+01   3.569034531E-01
3.113113113E+01   3.567948356E-01
3.123123123E+01   3.566658529E-01
3.133133133E+01   3.565166816E-01
3.143143143E+01   3.563474977E-01
3.153153153E+01   3.561584770E-01
3.163163163E+01   3.559497947E-01
3.173173173E+01   3.557216260E-01
3.183183183E+01   3.554741456E-01
3.193193193E+01   3.552075279E-01
3.203203203E+01   3.549219467E-01
3.213213213E+01   3.546175758E-01
3.223223223E+01   3.542945883E-01
3.233233233E+01   3.539531572E-01
3.243243243E+01   3.535934549E-01
3.253253253E+01   3.532156536E-01
3.263263263E+01   3.528199250E-01
3.273273273E+01   3.524064404E-01
3.283283283E+01   3.519753708E-01
3.293293293E+01   3.515268866E-01
3.303303303E+01   3.510611580E-01
3.313313313E+01   3.505783548E-01
3.323323323E+01   3.500786461E-01
3.333333333E+01   3.495622009E-01
3.343343343E+01   3.490291877E-01
3.353353353E+01   3.484797743E-01
3.363363363E+01   3.479141285E-01
3.373373373E+01   3.473324174E-01
3.383383383E+01   3.467348076E-01
3.393393393E+01   3.461214654E-01
3.403403403E+01   3.454925566E-01
3.413413413E+01   3.448482466E-01
3.423423423E+01   3.441887002E-01
3.433433433E+01   3.435140818E-01
3.443443443E+01   3.428245554E-01
3.453453453E+01   3.421202845E-01
3.463463463E+01   3.414014320E-01
3.473473473E+01   3.406681606E-01
3.483483483E+01   3.399206321E-01
3.493493493E+01   3.391590082E-01
3.503503504E+01   3.383834499E-01
3.513513514E+01   3.375941177E-01
3.523523524E+01   3.367911717E-01
3.533533534E+01   3.359747715E-01
3.543543544E+01   3.351450760E-01
3.553553554E+01   3.343022438E-01
3.563563564E+01   3.334464330E-01
3.573573574E+01   3.325778009E-01
3.583583584E+01   3.316965045E-01
3.593593594E+01   3.308027004E-01
3.603603604E+01   3.298965443E-01
3.613613614E+01   3.289781917E-01
3.623623624E+01   3.280477974E-01
3.633633634E+01   3.271055156E-01
3.643643644E+01   3.261515001E-01
3.653653654E+01   3.251859042E-01
3.663663664E+01   3.242088804E-01
3.673673674E+01   3.232205809E-01
3.683683684E+01   3.222211571E-01
3.693693694E+01   3.212107601E-01
3.703703704E+01   3.201895402E-01
3.713713714E+01   3.191576472E-01
3.723723724E+01   3.181152305E-01
3.733733734E+01   3.170624387E-01
3.743743744E+01   3.159994199E-01
3.753753754E+01   3.149263217E-01
3.763763764E+01   3.138432910E-01
3.773773774E+01   3.127504741E-01
3.783783784E+01   3.116480169E-01
3.793793794E+01   3.105360644E-01
3.803803804E+01   3.094147613E-01
3.813813814E+01   3.082842515E-01
3.823823824E+01   3.071446785E-01
3.833833834E+01   3.059961850E-01
3.843843844E+01   3.048389131E-01
3.853853854E+01   3.036730045E-01
3.863863864E+01   3.024986000E-01
3.873873874E+01   3.013158400E-01
3.883883884E+01   3.001248642E-01
3.893893894E+01   2.989258118E-01
3.903903904E+01   2.977188211E-01
3.913913914E+01   2.965040300E-01
3.923923924E+01   2.952815757E-01
3.933933934E+01   2.940515949E-01
3.943943944E+01   2.928142234E-01
3.953953954E+01   2.915695967E-01
3.963963964E+01   2.903178493E-01
3.973973974E+01   2.890591153E-01
3.983983984E+01   2.877935282E-01
3.993993994E+01   2.865212207E-01
4.004004004E+01   2.852423248E-01
4.014014014E+01   2.839569722E-01
4.024024024E+01   2.826652935E-01
4.034034034E+01   2.813674190E-01
4.044044044E+01   2.800634782E-01
4.054054054E+01   2.787535998E-01
4.064064064E+01   2.774379122E-01
4.074074074E+01   2.761165429E-01
4.084084084E+01   2.747896187E-01
4.094094094E+01   2.734572659E-01
4.104104104E+01   2.721196100E-01
4.114114114E+01   2.707767759E-01
4.124124124E+01   2.694288878E-01
4.134134134E+01   2.680760692E-01
4.144144144E+01   2.667184431E-01
4.154154154E+01   2.653561317E-01
4.164164164E+01   2.639892564E-01
4.174174174E+01   2.626179381E-01
4.184184184E+01   2.612422970E-01
4.194194194E+01   2.598624526E-01
4.204204204E+01   2.584785237E-01
4.214214214E+01   2.570906284E-01
4.224224224E+01   2.556988842E-01
4.234234234E+01   2.543034079E-01
4.244244244E+01   2.529043155E-01
4.254254254E+01   2.515017225E-01
4.264264264E+01   2.500957435E-01
4.274274274E+01   2.486864925E-01
4.284284284E+01   2.472740830E-01
4.294294294E+01   2.458586275E-01
4.304304304E+01   2.444402379E-01
4.314314314E+01   2.430190256E-01
4.324324324E+01   2.415951011E-01
4.334334334E+01   2.401685742E-01
4.344344344E+01   2.387395541E-01
4.354354354E+01   2.373081494E-01
4.364364364E+01   2.358744677E-01
4.374374374E+01   2.344386162E-01
4.384384384E+01   2.330007012E-01
4.394394394E+01   2.315608284E-01
4.404404404E+01   2.301191028E-01
4.414414414E+01   2.286756287E-01
4.424424424E+01   2.272305096E-01
4.434434434E+01   2.257838485E-01
4.444444444E+01   2.243357474E-01
4.454454454E+01   2.228863079E-01
4.464464464E+01   2.214356308E-01
4.474474474E+01   2.199838160E-01
4.484484484E+01   2.185309631E-01
4.494494494E+01   2.170771705E-01
4.504504505E+01   2.156225363E-01
4.514514515E+01   2.141671578E-01
4.524524525E+01   2.127111314E-01
4.534534535E+01   2.112545531E-01
4.544544545E+01   2.097975178E-01
4.554554555E+01   2.083401202E-01
4.564564565E+01   2.068824538E-01
4.574574575E+01   2.054246117E-01
4.584584585E+01   2.039666863E-01
4.594594595E+01   2.025087691E-01
4.604604605E+01   2.010509509E-01
4.614614615E+01   1.995933222E-01
4.624624625E+01   1.981359722E-01
4.634634635E+01   1.966789898E-01
4.644644645E+01   1.952224631E-01
4.654654655E+01   1.937664794E-01
4.664664665E+01   1.923111255E-01
4.674674675E+01   1.908564873E-01
4.684684685E+01   1.894026499E-01
4.694694695E+01   1.879496981E-01
4.704704705E+01   1.864977157E-01
4.714714715E+01   1.850467858E-01
4.724724725E+01   1.835969909E-01
4.734734735E+01   1.821484126E-01
4.744744745E+01   1.807011322E-01
4.754754755E+01   1.792552298E-01
4.764764765E+01   1.778107853E-01
4.774774775E+01   1.763678774E-01
4.784784785E+01   1.749265845E-01
4.794794795E+01   1.734869841E-01
4.804804805E+01   1.720491531E-01
4.814814815E+01   1.706131676E-01
4.824824825E+01   1.691791032E-01
4.834834835E+01   1.677470344E-01
4.844844845E+01   1.663170355E-01
4.854854855E+01   1.648891798E-01
4.864864865E+01   1.634635400E-01
4.874874875E+01   1.620401881E-01
4.884884885E+01   1.606191953E-01
4.894894895E+01   1.592006324E-01
4.904904905E+01   1.577845692E-01
4.914914915E+01   1.563710750E-01
4.924924925E+01   1.549602183E-01
4.934934935E+01   1.535520670E-01
4.944944945E+01   1.521466882E-01
4.954954955E+01   1.507441485E-01
4.964964965E+01   1.493445137E-01
4.974974975E+01   1.479478489E-01
4.984984985E+01   1.465542185E-01
4.994994995E+01   1.451636864E-01
5.005005005E+01   1.437763157E-01
5.015015015E+01   1.423921687E-01
5.025025025E+01   1.410113072E-01
5.035035035E+01   1.396337923E-01
5.045045045E+01   1.382596844E-01
5.055055055E+01   1.368890433E-01
5.065065065E+01   1.355219279E-01
5.075075075E+01   1.341583967E-01
5.085085085E+01   1.327985074E-01
5.095095095E+01   1.314423171E-01
5.105105105E+01   1.300898822E-01
5.115115115E+01   1.287412585E-01
5.125125125E+01   1.273965009E-01
5.135135135E+01   1.260556640E-01
5.145145145E+01   1.247188015E-01
5.155155155E+01   1.233859666E-01
5.165165165E+01   1.220572116E-01
5.175175175E+01   1.207325884E-01
5.185185185E+01   1.194121481E-01
5.195195195E+01   1.180959413E-01
5.205205205E+01   1.167840179E-01
5.215215215E+01   1.154764269E-01
5.225225225E+01   1.141732172E-01
5.235235235E+01   1.128744364E-01
5.245245245E+01   1.115801321E-01
5.255255255E+01   1.102903508E-01
5.265265265E+01   1.090051385E-01
5.275275275E+01   1.077245407E-01
5.285285285E+01   1.064486021E-01
5.295295295E+01   1.051773669E-01
5.305305305E+01   1.039108785E-01
5.315315315E+01   1.026491798E-01
5.325325325E+01   1.013923132E-01
5.335335335E+01   1.001403202E-01
5.345345345E+01   9.889324190E-02
5.355355355E+01   9.765111866E-02
5.365365365E+01   9.641399027E-02
5.375375375E+01   9.518189592E-02
5.385385385E+01   9.395487418E-02
5.395395395E+01   9.273296301E-02
5.405405405E+01   9.151619976E-02
5.415415415E+01   9.030462118E-02
5.425425425E+01   8.909826343E-02
5.435435435E+01   8.789716205E-02
5.445445445E+01   8.670135200E-02
5.455455455E+01   8.551086763E-02
5.465465465E+01   8.432574272E-02
5.475475475E+01   8.314601044E-02
5.485485485E+01   8.197170339E-02
5.495495495E+01   8.080285357E-02
5.505505506E+01   7.963949240E-02
5.515515516E+01   7.848165072E-02
5.525525526E+01   7.732935881E-02
5.535535536E+01   7.618264635E-02
5.545545546E+01   7.504154245E-02
5.555555556E+01   7.390607568E-02
5.565565566E+01   7.277627399E-02
5.575575576E+01   7.165216481E-02
5.585585586E+01   7.053377499E-02
5.595595596E+01   6.942113082E-02
5.605605606E+01   6.831425803E-02
5.615615616E+01   6.721318179E-02
5.625625626E+01   6.611792674E-02
5.635635636E+01   6.502851694E-02
5.645645646E+01   6.394497593E-02
5.655655656E+01   6.286732668E-02
5.665665666E+01   6.179559163E-02
5.675675676E+01   6.072979269E-02
5.685685686E+01   5.966995122E-02
5.695695696E+01   5.861608804E-02
5.705705706E+01   5.756822346E-02
5.715715716E+01   5.652637724E-02
5.725725726E+01   5.549056862E-02
5.735735736E+01   5.446081632E-02
5.745745746E+01   5.343713855E-02
5.755755756E+01   5.241955297E-02
5.765765766E+01   5.140807676E-02
5.775775776E+01   5.040272656E-02
5.785785786E+01   4.940351851E-02
5.795795796E+01   4.841046826E-02
5.805805806E+01   4.742359093E-02
5.815815816E+01   4.644290115E-02
5.825825826E+01   4.546841306E-02
5.835835836E+01   4.450014027E-02
5.845845846E+01   4.353809595E-02
5.855855856E+01   4.258229273E-02
5.865865866E+01   4.163274279E-02
5.875875876E+01   4.068945779E-02
5.885885886E+01   3.975244895E-02
5.895895896E+01   3.882172697E-02
5.905905906E+01   3.789730211E-02
5.915915916E+01   3.697918412E-02
5.925925926E+01   3.606738232E-02
5.935935936E+01   3.516190553E-02
5.945945946E+01   3.426276212E-02
5.955955956E+01   3.336995999E-02
5.965965966E+01   3.248350661E-02
5.975975976E+01   3.160340894E-02
5.985985986E+01   3.072967355E-02
5.995995996E+01   2.986230651E-02
6.006006006E+01   2.900131348E-02
6.016016016E+01   2.814669964E-02
6.026026026E+01   2.729846975E-02
6.036036036E+01   2.645662814E-02
6.046046046E+01   2.562117870E-02
6.056056056E+01   2.479212486E-02
6.066066066E+01   2.396946967E-02
6.076076076E+01   2.315321570E-02
6.086086086E+01   2.234336515E-02
6.096096096E+01   2.153991975E-02
6.106106106E+01   2.074288085E-02
6.116116116E+01   1.995224937E-02
6.126126126E+01   1.916802582E-02
6.136136136E+01   1.839021029E-02
6.146146146E+01   1.761880250E-02
6.156156156E+01   1.685380173E-02
6.166166166E+01   1.609520687E-02
6.176176176E+01   1.534301643E-02
6.186186186E+01   1.459722850E-02
6.196196196E+01   1.385784081E-02
6.206206206E+01   1.312485068E-02
6.216216216E+01   1.239825505E-02
6.226226226E+01   1.167805048E-02
6.236236236E+01   1.096423315E-02
6.246246246E+01   1.025679888E-02
6.256256256E+01   9.555743091E-03
6.266266266E+01   8.861060850E-03
6.276276276E+01   8.172746855E-03
6.286286286E+01   7.490795441E-03
6.296296296E+01   6.815200581E-03
6.306306306E+01   6.145955890E-03
6.316316316E+01   5.483054631E-03
6.326326326E+01   4.826489713E-03
6.336336336E+01   4.176253695E-03
6.346346346E+01   3.532338795E-03
6.356356356E+01   2.894736884E-03
6.366366366E+01   2.263439494E-03
6.376376376E+01   1.638437823E-03
6.386386386E+01   1.019722731E-03
6.396396396E+01   4.072847498E-04
6.406406406E+01   -1.988859167E-04
6.416416416E+01   -7.987993903E-04
6.426426426E+01   -1.392466115E-03
6.436436436E+01   -1.979896852E-03
6.446446446E+01   -2.561102682E-03
6.456456456E+01   -3.136094995E-03
6.466466466E+01   -3.704885495E-03
6.476476476E+01   -4.267486189E-03
6.486486486E+01   -4.823909391E-03
6.496496496E+01   -5.374167718E-03
6.506506507E+01   -5.918274081E-03
6.516516517E+01   -6.456241691E-03
6.526526527E+01   -6.988084048E-03
6.536536537E+01   -7.513814945E-03
6.546546547E+01   -8.033448460E-03
6.556556557E+01   -8.546998955E-03
6.566566567E+01   -9.054481073E-03
6.576576577E+01   -9.555909737E-03
6.586586587E+01   -1.005130014E-02
6.596596597E+01   -1.054066776E-02
6.606606607E+01   -1.102402833E-02
6.616616617E+01   -1.150139786E-02
6.626626627E+01   -1.197279261E-02
6.636636637E+01   -1.243822912E-02
6.646646647E+01   -1.289772418E-02
6.656656657E+01   -1.335129483E-02
6.666666667E+01   -1.379895837E-02
6.676676677E+01   -1.424073234E-02
6.686686687E+01   -1.467663455E-02
6.696696697E+01   -1.510668302E-02
6.706706707E+01   -1.553089604E-02
6.716716717E+01   -1.594929213E-02
6.726726727E+01   -1.636189005E-02
6.736736737E+01   -1.676870877E-02
6.746746747E+01   -1.716976752E-02
6.756756757E+01   -1.756508574E-02
6.766766767E+01   -1.795468311E-02
6.776776777E+01   -1.833857952E-02
6.786786787E+01   -1.871679508E-02
6.796796797E+01   -1.908935011E-02
6.806806807E+01   -1.945626517E-02
6.816816817E+01   -1.981756101E-02
6.826826827E+01   -2.017325860E-02
6.836836837E+01   -2.052337910E-02
6.846846847E+01   -2.086794388E-02
6.856856857E+01   -2.120697453E-02
6.866866867E+01   -2.154049281E-02
6.876876877E+01   -2.186852070E-02
6.886886887E+01   -2.219108035E-02
6.896896897E+01   -2.250819413E-02
6.906906907E+01   -2.281988456E-02
6.916916917E+01   -2.312617437E-02
6.926926927E+01   -2.342708648E-02
6.936936937E+01   -2.372264397E-02
6.946946947E+01   -2.401287011E-02
6.956956957E+01   -2.429778834E-02
6.966966967E+01   -2.457742227E-02
6.976976977E+01   -2.485179569E-02
6.986986987E+01   -2.512093256E-02
6.996996997E+01   -2.538485698E-02
7.007007007E+01   -2.564359324E-02
7.017017017E+01   -2.589716578E-02
7.027027027E+01   -2.614559919E-02
7.037037037E+01   -2.638891825E-02
7.047047047E+01   -2.662714784E-02
7.057057057E+01   -2.686031302E-02
7.067067067E+01   -2.708843902E-02
7.077077077E+01   -2.731155117E-02
7.087087087E+01   -2.752967497E-02
7.097097097E+01   -2.774283606E-02
7.107107107E+01   -2.795106022E-02
7.117117117E+01   -2.815437336E-02
7.127127127E+01   -2.835280153E-02
7.137137137E+01   -2.854637090E-02
7.147147147E+01   -2.873510779E-02
7.157157157E+01   -2.891903864E-02
7.167167167E+01   -2.909818999E-02
7.177177177E+01   -2.927258855E-02
7.187187187E+01   -2.944226111E-02
7.197197197E+01   -2.960723461E-02
7.207207207E+01   -2.976753608E-02
7.217217217E+01   -2.992319267E-02
7.227227227E+01   -3.007423167E-02
7.237237237E+01   -3.022068044E-02
7.247247247E+01   -3.036256647E-02
7.257257257E+01   -3.049991735E-02
7.267267267E+01   -3.063276078E-02
7.277277277E+01   -3.076112456E-02
7.287287287E+01   -3.088503658E-02
7.297297297E+01   -3.100452484E-02
7.307307307E+01   -3.111961742E-02
7.317317317E+01   -3.123034252E-02
7.327327327E+01   -3.133672840E-02
7.337337337E+01   -3.143880344E-02
7.347347347E+01   -3.153659607E-02
7.357357357E+01   -3.163013485E-02
7.367367367E+01   -3.171944840E-02
7.377377377E+01   -3.180456540E-02
7.387387387E+01   -3.188551466E-02
7.397397397E+01   -3.196232503E-02
7.407407407E+01   -3.203502545E-02
7.417417417E+01   -3.210364493E-02
7.427427427E+01   -3.216821255E-02
7.437437437E+01   -3.222875747E-02
7.447447447E+01   -3.228530892E-02
7.457457457E+01   -3.233789617E-02
7.467467467E+01   -3.238654859E-02
7.477477477E+01   -3.243129560E-02
7.487487487E+01   -3.247216668E-02
7.497497497E+01   -3.250919137E-02
7.507507508E+01   -3.254239926E-02
7.517517518E+01   -3.257182002E-02
7.527527528E+01   -3.259748335E-02
7.537537538E+01   -3.261941902E-02
7.547547548E+01   -3.263765684E-02
7.557557558E+01   -3.265222668E-02
7.567567568E+01   -3.266315844E-02
7.577577578E+01   -3.267048210E-02
7.587587588E+01   -3.267422766E-02
7.597597598E+01   -3.267442516E-02
7.607607608E+01   -3.267110470E-02
7.617617618E+01   -3.266429641E-02
7.627627628E+01   -3.265403046E-02
7.637637638E+01   -3.264033706E-02
7.647647648E+01   -3.262324645E-02
7.657657658E+01   -3.260278891E-02
7.667667668E+01   -3.257899475E-02
7.677677678E+01   -3.255189432E-02
7.687687688E+01   -3.252151800E-02
7.697697698E+01   -3.248789617E-02
7.707707708E+01   -3.245105928E-02
7.717717718E+01   -3.241103778E-02
7.727727728E+01   -3.236786215E-02
7.737737738E+01   -3.232156290E-02
7.747747748E+01   -3.227217056E-02
7.757757758E+01   -3.221971567E-02
7.767767768E+01   -3.216422879E-02
7.777777778E+01   -3.210574053E-02
7.787787788E+01   -3.204428147E-02
7.797797798E+01   -3.197988224E-02
7.807807808E+01   -3.191257347E-02
7.817817818E+01   -3.184238580E-02
7.827827828E+01   -3.176934991E-02
7.837837838E+01   -3.169349645E-02
7.847847848E+01   -3.161485611E-02
7.857857858E+01   -3.153345958E-02
7.867867868E+01   -3.144933756E-02
7.877877878E+01   -3.136252074E-02
7.887887888E+01   -3.127303983E-02
7.897897898E+01   -3.118092556E-02
7.907907908E+01   -3.108620863E-02
7.917917918E+01   -3.098891977E-02
7.927927928E+01   -3.088908970E-02
7.937937938E+01   -3.078674914E-02
7.947947948E+01   -3.068192880E-02
7.957957958E+01   -3.057465941E-02
7.967967968E+01   -3.046497169E-02
7.977977978E+01   -3.035289634E-02
7.987987988E+01   -3.023846408E-02
7.997997998E+01   -3.012170561E-02
8.008008008E+01   -3.000265163E-02
8.018018018E+01   -2.988133282E-02
8.028028028E+01   -2.975777987E-02
8.038038038E+01   -2.963202345E-02
8.048048048E+01   -2.950409424E-02
8.058058058E+01   -2.937402287E-02
8.068068068E+01   -2.924184000E-02
8.078078078E+01   -2.910757625E-02
8.088088088E+01   -2.897126224E-02
8.098098098E+01   -2.883292858E-02
8.108108108E+01   -2.869260586E-02
8.118118118E+01   -2.855032465E-02
8.128128128E+01   -2.840611552E-02
8.138138138E+01   -2.826000900E-02
8.148148148E+01   -2.811203563E-02
8.158158158E+01   -2.796222592E-02
8.168168168E+01   -2.781061035E-02
8.178178178E+01   -2.765721940E-02
8.188188188E+01   -2.750208352E-02
8.198198198E+01   -2.734523314E-02
8.208208208E+01   -2.718669868E-02
8.218218218E+01   -2.702651054E-02
8.228228228E+01   -2.686469907E-02
8.238238238E+01   -2.670129462E-02
8.248248248E+01   -2.653632753E-02
8.258258258E+01   -2.636982809E-02
8.268268268E+01   -2.620182658E-02
8.278278278E+01   -2.603235326E-02
8.288288288E+01   -2.586143835E-02
8.298298298E+01   -2.568911205E-02
8.308308308E+01   -2.551540455E-02
8.318318318E+01   -2.534034600E-02
8.328328328E+01   -2.516396653E-02
8.338338338E+01   -2.498629622E-02
8.348348348E+01   -2.480736516E-02
8.358358358E+01   -2.462720339E-02
8.368368368E+01   -2.444584093E-02
8.378378378E+01   -2.426330776E-02
8.388388388E+01   -2.407963385E-02
8.398398398E+01   -2.389484912E-02
8.408408408E+01   -2.370898348E-02
8.418418418E+01   -2.352206681E-02
8.428428428E+01   -2.333412893E-02
8.438438438E+01   -2.314519967E-02
8.448448448E+01   -2.295530882E-02
8.458458458E+01   -2.276448611E-02
8.468468468E+01   -2.257276128E-02
8.478478478E+01   -2.238016401E-02
8.488488488E+01   -2.218672397E-02
8.498498498E+01   -2.199247078E-02
8.508508509E+01   -2.179743404E-02
8.518518519E+01   -2.160164331E-02
8.528528529E+01   -2.140512814E-02
8.538538539E+01   -2.120791802E-02
8.548548549E+01   -2.101004242E-02
8.558558559E+01   -2.081153078E-02
8.568568569E+01   -2.061241251E-02
8.578578579E+01   -2.041271697E-02
8.588588589E+01   -2.021247352E-02
8.598598599E+01   -2.001171146E-02
8.608608609E+01   -1.981046006E-02
8.618618619E+01   -1.960874857E-02
8.628628629E+01   -1.940660620E-02
8.638638639E+01   -1.920406213E-02
8.648648649E+01   -1.900114551E-02
8.658658659E+01   -1.879788544E-02
8.668668669E+01   -1.859431101E-02
8.678678679E+01   -1.839045127E-02
8.688688689E+01   -1.818633523E-02
8.698698699E+01   -1.798199188E-02
8.708708709E+01   -1.777745016E-02
8.718718719E+01   -1.757273899E-02
8.728728729E+01   -1.736788727E-02
8.738738739E+01   -1.716292383E-02
8.748748749E+01   -1.695787751E-02
8.758758759E+01   -1.675277709E-02
8.768768769E+01   -1.654765134E-02
8.778778779E+01   -1.634252896E-02
8.788788789E+01   -1.613743866E-02
8.798798799E+01   -1.593240911E-02
8.808808809E+01   -1.572746892E-02
8.818818819E+01   -1.552264669E-02
8.828828829E+01   -1.531797100E-02
8.838838839E+01   -1.511347039E-02
8.848848849E+01   -1.490917334E-02
8.858858859E+01   -1.470510835E-02
8.868868869E+01   -1.450130385E-02
8.878878879E+01   -1.429778826E-02
8.888888889E+01   -1.409458996E-02
8.898898899E+01   -1.389173730E-02
8.908908909E+01   -1.368925861E-02
8.918918919E+01   -1.348718219E-02
8.928928929E+01   -1.328553628E-02
8.938938939E+01   -1.308434914E-02
8.948948949E+01   -1.288364897E-02
8.958958959E+01   -1.268346394E-02
8.968968969E+01   -1.248382221E-02
8.978978979E+01   -1.228475190E-02
8.988988989E+01   -1.208628109E-02
8.998998999E+01   -1.188843786E-02
9.009009009E+01   -1.169125025E-02
9.019019019E+01   -1.149474626E-02
9.029029029E+01   -1.129895389E-02
9.039039039E+01   -1.110390108E-02
9.049049049E+01   -1.090961577E-02
9.059059059E+01   -1.071612588E-02
9.069069069E+01   -1.052345927E-02
9.079079079E+01   -1.033164381E-02
9.089089089E+01   -1.014070732E-02
9.099099099E+01   -9.950677606E-03
9.109109109E+01   -9.761582457E-03
9.119119119E+01   -9.573449627E-03
9.129129129E+01   -9.386306849E-03
9.139139139E+01   -9.200181833E-03
9.149149149E+01   -9.015102267E-03
9.159159159E+01   -8.831095815E-03
9.169169169E+01   -8.648190119E-03
9.179179179E+01   -8.466412799E-03
9.189189189E+01   -8.285791454E-03
9.199199199E+01   -8.106353661E-03
9.209209209E+01   -7.928126975E-03
9.219219219E+01   -7.751138933E-03
9.229229229E+01   -7.575417050E-03
9.239239239E+01   -7.400988820E-03
9.249249249E+01   -7.227881720E-03
9.259259259E+01   -7.056123205E-03
9.269269269E+01   -6.885740714E-03
9.279279279E+01   -6.716761666E-03
9.289289289E+01   -6.549213462E-03
9.299299299E+01   -6.383123484E-03
9.309309309E+01   -6.218519100E-03
9.319319319E+01   -6.055427657E-03
9.329329329E+01   -5.893876488E-03
9.339339339E+01   -5.733892908E-03
9.349349349E+01   -5.575504218E-03
9.359359359E+01   -5.418737702E-03
9.369369369E+01   -5.263620629E-03
9.379379379E+01   -5.110180254E-03
9.389389389E+01   -4.958443815E-03
9.399399399E+01   -4.808438539E-03
9.409409409E+01   -4.660191638E-03
9.419419419E+01   -4.513730310E-03
9.429429429E+01   -4.369081742E-03
9.439439439E+01   -4.226273104E-03
9.449449449E+01   -4.085331559E-03
9.459459459E+01   -3.946284255E-03
9.469469469E+01   -3.809158329E-03
9.479479479E+01   -3.673980906E-03
9.489489489E+01   -3.540779101E-03
9.499499499E+01   -3.409580019E-03
9.509509510E+01   -3.280410753E-03
9.519519520E+01   -3.153298388E-03
9.529529530E+01   -3.028269999E-03
9.539539540E+01   -2.905352650E-03
9.549549550E+01   -2.784573399E-03
9.559559560E+01   -2.665959294E-03
9.569569570E+01   -2.549537374E-03
9.579579580E+01   -2.435334671E-03
9.589589590E+01   -2.323378210E-03
9.599599600E+01   -2.213695008E-03
9.609609610E+01   -2.106312075E-03
9.619619620E+01   -2.001256415E-03
9.629629630E+01   -1.898555025E-03
9.639639640E+01   -1.798234896E-03
9.649649650E+01   -1.700323014E-03
9.659659660E+01   -1.604846358E-03
9.669669670E+01   -1.511831903E-03
9.679679680E+01   -1.421306620E-03
9.689689690E+01   -1.333297474E-03
9.699699700E+01   -1.247831425E-03
9.709709710E+01   -1.164935430E-03
9.719719720E+01   -1.084636442E-03
9.729729730E+01   -1.006961411E-03
9.739739740E+01   -9.319372822E-04
9.749749750E+01   -8.595909985E-04
9.759759760E+01   -7.899494998E-04
9.769769770E+01   -7.230397232E-04
9.779779780E+01   -6.588886034E-04
9.789789790E+01   -5.975230728E-04
9.799799800E+01   -5.389700616E-04
9.809809810E+01   -4.832564984E-04
9.819819820E+01   -4.304093096E-04
9.829829830E+01   -3.804554204E-04
9.839839840E+01   -3.334217547E-04
9.849849850E+01   -2.893352349E-04
9.859859860E+01   -2.482227824E-04
9.869869870E+01   -2.101113178E-04
9.879879880E+01   -1.750277608E-04
9.889889890E+01   -1.429990304E-04
9.899899900E+01   -1.140520451E-04
9.909909910E+01   -8.821372278E-05
9.919919920E+01   -6.551098116E-05
9.929929930E+01   -4.597073754E-05
9.939939940E+01   -2.961990902E-05
9.949949950E+01   -1.648541255E-05
9.959959960E+01   -6.594165015E-06
9.969969970E+01   2.691679525E-08
9.979979980E+01   3.350916093E-06
9.989989990E+01   3.350916093E-06
1.000000000E+02   0.000000000E+00
