0.000000000E+00   -1.523594673E-02
2.512562814E-02   -1.273594673E-02
5.025125628E-02   -1.045954111E-02
7.537688442E-02   -8.406729883E-03
1.005025126E-01   -6.573898456E-03
1.256281407E-01   -4.954148539E-03
1.507537688E-01   -3.538014036E-03
1.758793970E-01   -2.314093735E-03
2.010050251E-01   -1.269604456E-03
2.261306533E-01   -3.908591199E-04
2.512562814E-01   3.363252650E-04
2.763819095E-01   9.262843632E-04
3.015075377E-01   1.393222468E-03
3.266331658E-01   1.750982062E-03
3.517587940E-01   2.012861427E-03
3.768844221E-01   2.191474901E-03
4.020100503E-01   2.298650587E-03
4.271356784E-01   2.345360588E-03
4.522613065E-01   2.341679140E-03
4.773869347E-01   2.296764369E-03
5.025125628E-01   2.218859726E-03
5.276381910E-01   2.115311538E-03
5.527638191E-01   1.992599427E-03
5.778894472E-01   1.856376769E-03
6.030150754E-01   1.711518616E-03
6.281407035E-01   1.562174910E-03
6.532663317E-01   1.411827064E-03
6.783919598E-01   1.263346297E-03
7.035175879E-01   1.119052363E-03
7.286432161E-01   9.807715419E-04
7.537688442E-01   8.498930089E-04
7.788944724E-01   7.274228431E-04
8.040201005E-01   6.140351511E-04
8.291457286E-01   5.101199039E-04
8.542713568E-01   4.158272271E-04
8.793969849E-01   3.311079909E-04
9.045226131E-01   2.557506409E-04
9.296482412E-01   1.894142901E-04
9.547738693E-01   1.316581539E-04
9.798994975E-01   8.196746163E-05
1.005025126E+00   3.977601600E-05
1.030150754E+00   4.485602886E-06
1.055276382E+00   -2.451752858E-05
1.080402010E+00   -4.784888136E-05
1.105527638E+00   -6.611438176E-05
1.130653266E+00   -7.990126603E-05
1.155778894E+00   -8.977094578E-05
1.180904523E+00   -9.625362277E-05
1.206030151E+00   -9.984443370E-05
1.231155779E+00   -1.010009181E-04
1.256281407E+00   -1.001416158E-04
1.281407035E+00   -9.764561490E-05
1.306532663E+00   -9.385288787E-05
1.331658291E+00   -8.906526615E-05
1.356783920E+00   -8.354792175E-05
1.381909548E+00   -7.753123730E-05
1.407035176E+00   -7.121296117E-05
1.432160804E+00   -6.476055758E-05
1.457286432E+00   -5.831367460E-05
1.482412060E+00   -5.198666444E-05
1.507537688E+00   -4.587110172E-05
1.532663317E+00   -4.003825474E-05
1.557788945E+00   -3.454147431E-05
1.582914573E+00   -2.941847209E-05
1.608040201E+00   -2.469346763E-05
1.633165829E+00   -2.037918949E-05
1.658291457E+00   -1.647872081E-05
1.683417085E+00   -1.298718451E-05
1.708542714E+00   -9.893266830E-06
1.733668342E+00   -7.180581143E-06
1.758793970E+00   -4.828876465E-06
1.783919598E+00   -2.815097032E-06
1.809045226E+00   -1.114300898E-06
1.834170854E+00   2.995534781E-07
1.859296482E+00   1.452942888E-06
1.884422111E+00   2.372227117E-06
1.909547739E+00   3.083198422E-06
1.934673367E+00   3.610722455E-06
1.959798995E+00   3.978460555E-06
1.984924623E+00   4.208663692E-06
2.010050251E+00   4.322028829E-06
2.035175879E+00   4.337608999E-06
2.060301508E+00   4.272769031E-06
2.085427136E+00   4.143179456E-06
2.110552764E+00   3.962841840E-06
2.135678392E+00   3.744139402E-06
2.160804020E+00   3.497907451E-06
2.185929648E+00   3.233518815E-06
2.211055276E+00   2.958980021E-06
2.236180905E+00   2.681034566E-06
2.261306533E+00   2.405270152E-06
2.286432161E+00   2.136227255E-06
2.311557789E+00   1.877506839E-06
2.336683417E+00   1.631875448E-06
2.361809045E+00   1.401366257E-06
2.386934673E+00   1.187375027E-06
2.412060302E+00   9.907501328E-07
2.437185930E+00   8.118761575E-07
2.462311558E+00   6.507506902E-07
2.487437186E+00   5.070541969E-07
2.512562814E+00   3.802129570E-07
2.537688442E+00   2.694551918E-07
2.562814070E+00   1.738606090E-07
2.587939698E+00   9.240366610E-08
2.613065327E+00   2.399090931E-08
2.638190955E+00   -3.250720836E-08
2.663316583E+00   -7.822960489E-08
2.688442211E+00   -1.143025008E-07
2.713567839E+00   -1.418215597E-07
2.738693467E+00   -1.618377980E-07
2.763819095E+00   -1.753468357E-07
2.788944724E+00   -1.832810785E-07
2.814070352E+00   -1.865044401E-07
2.839195980E+00   -1.858092440E-07
2.864321608E+00   -1.819149639E-07
2.889447236E+00   -1.754684955E-07
2.914572864E+00   -1.670456773E-07
2.939698492E+00   -1.571538091E-07
2.964824121E+00   -1.462349416E-07
2.989949749E+00   -1.346697403E-07
3.015075377E+00   -1.227817508E-07
3.040201005E+00   -1.108419157E-07
3.065326633E+00   -9.907321848E-08
3.090452261E+00   -8.765534712E-08
3.115577889E+00   -7.672929110E-08
3.140703518E+00   -6.640180122E-08
3.165829146E+00   -5.674965743E-08
3.190954774E+00   -4.782370273E-08
3.216080402E+00   -3.965261343E-08
3.241206030E+00   -3.224638561E-08
3.266331658E+00   -2.559952684E-08
3.291457286E+00   -1.969394907E-08
3.316582915E+00   -1.450156495E-08
3.341708543E+00   -9.986594531E-09
3.366834171E+00   -6.107593510E-09
3.391959799E+00   -2.819216745E-09
3.417085427E+00   -7.373344049E-11
3.442211055E+00   2.177688402E-09
3.467336683E+00   3.983909580E-09
3.492462312E+00   5.392940275E-09
3.517587940E+00   6.451234533E-09
3.542713568E+00   7.203139885E-09
3.567839196E+00   7.690483977E-09
3.592964824E+00   7.952280867E-09
3.618090452E+00   8.024540671E-09
3.643216080E+00   7.940167297E-09
3.668341709E+00   7.728930226E-09
3.693467337E+00   7.417497466E-09
3.718592965E+00   7.029518062E-09
3.743718593E+00   6.585743743E-09
3.768844221E+00   6.104180472E-09
3.793969849E+00   5.600261782E-09
3.819095477E+00   5.087036881E-09
3.844221106E+00   4.575367486E-09
3.869346734E+00   4.074128286E-09
3.894472362E+00   3.590406808E-09
3.919597990E+00   3.129699203E-09
3.944723618E+00   2.696099188E-09
3.969849246E+00   2.292478004E-09
3.994974874E+00   1.920653780E-09
4.020100503E+00   1.581549190E-09
4.045226131E+00   1.275336691E-09
4.070351759E+00   1.001570978E-09
4.095477387E+00   7.593085926E-10
4.120603015E+00   5.472148570E-10
4.145728643E+00   3.636585034E-10
4.170854271E+00   2.067945191E-10
4.195979899E+00   7.463584417E-11
4.221105528E+00   -3.488535617E-11
4.246231156E+00   -1.238660701E-10
4.271356784E+00   -1.943896592E-10
4.296482412E+00   -2.484911023E-10
4.321608040E+00   -2.881294489E-10
4.346733668E+00   -3.151666860E-10
4.371859296E+00   -3.313522560E-10
4.396984925E+00   -3.383124954E-10
4.422110553E+00   -3.375443126E-10
4.447236181E+00   -3.304124695E-10
4.472361809E+00   -3.181498810E-10
4.497487437E+00   -3.018604015E-10
4.522613065E+00   -2.825236141E-10
4.547738693E+00   -2.610011934E-10
4.572864322E+00   -2.380444591E-10
4.597989950E+00   -2.143027821E-10
4.623115578E+00   -1.903325520E-10
4.648241206E+00   -1.666064505E-10
4.673366834E+00   -1.435228144E-10
4.698492462E+00   -1.214149032E-10
4.723618090E+00   -1.005599153E-10
4.748743719E+00   -8.118762401E-11
4.773869347E+00   -6.348852342E-11
4.798994975E+00   -4.762139517E-11
4.824120603E+00   -3.372022198E-11
4.849246231E+00   -2.190038540E-11
4.874371859E+00   -1.226409567E-11
4.899497487E+00   -4.905008607E-12
4.924623116E+00   8.801037566E-14
4.949748744E+00   2.628011797E-12
4.974874372E+00   2.628011797E-12
5.000000000E+00   0.000000000E+00
