0.000000000E+00   -1.747963326E-02
2.512562814E-02   -1.497963326E-02
5.025125628E-02   -1.267218228E-02
7.537688442E-02   -1.055728032E-02
1.005025126E-01   -8.632452350E-03
1.256281407E-01   -6.893161359E-03
1.507537688E-01   -5.333184320E-03
1.758793970E-01   -3.944951881E-03
2.010050251E-01   -2.719853053E-03
2.261306533E-01   -1.648506351E-03
2.512562814E-01   -7.209990656E-04
2.763819095E-01   7.290348513E-05
3.015075377E-01   7.435768031E-04
3.266331658E-01   1.301382152E-03
3.517587940E-01   1.756535564E-03
3.768844221E-01   2.118998897E-03
4.020100503E-01   2.398390935E-03
4.271356784E-01   2.603916595E-03
4.522613065E-01   2.744312357E-03
4.773869347E-01   2.827806126E-03
5.025125628E-01   2.862089806E-03
5.276381910E-01   2.854302996E-03
5.527638191E-01   2.811026295E-03
5.778894472E-01   2.738282818E-03
6.030150754E-01   2.641546652E-03
6.281407035E-01   2.525757065E-03
6.532663317E-01   2.395337397E-03
6.783919598E-01   2.254217675E-03
7.035175879E-01   2.105860088E-03
7.286432161E-01   1.953286547E-03
7.537688442E-01   1.799107664E-03
7.788944724E-01   1.645552547E-03
8.040201005E-01   1.494498918E-03
8.291457286E-01   1.347503101E-03
8.542713568E-01   1.205829527E-03
8.793969849E-01   1.070479440E-03
9.045226131E-01   9.422185745E-04
9.296482412E-01   8.216035830E-04
9.547738693E-01   7.090070932E-04
9.798994975E-01   6.046412628E-04
1.005025126E+00   5.085797715E-04
1.030150754E+00   4.207782050E-04
1.055276382E+00   3.410928172E-04
1.080402010E+00   2.692976784E-04
1.105527638E+00   2.051002396E-04
1.130653266E+00   1.481553543E-04
1.155778894E+00   9.807781765E-05
1.180904523E+00   5.445348789E-05
1.206030151E+00   1.684906764E-05
1.231155779E+00   -1.517937599E-05
1.256281407E+00   -4.207906672E-05
1.281407035E+00   -6.429426354E-05
1.306532663E+00   -8.226100686E-05
1.331658291E+00   -9.640277965E-05
1.356783920E+00   -1.071269983E-04
1.381909548E+00   -1.148222504E-04
1.407035176E+00   -1.198562004E-04
1.432160804E+00   -1.225740866E-04
1.457286432E+00   -1.232977377E-04
1.482412060E+00   -1.223250424E-04
1.507537688E+00   -1.199298075E-04
1.532663317E+00   -1.163619485E-04
1.557788945E+00   -1.118479568E-04
1.582914573E+00   -1.065915972E-04
1.608040201E+00   -1.007747889E-04
1.633165829E+00   -9.455863256E-05
1.658291457E+00   -8.808454627E-05
1.683417085E+00   -8.147547961E-05
1.708542714E+00   -7.483717816E-05
1.733668342E+00   -6.825947430E-05
1.758793970E+00   -6.181758379E-05
1.783919598E+00   -5.557339047E-05
1.809045226E+00   -4.957670441E-05
1.834170854E+00   -4.386648151E-05
1.859296482E+00   -3.847199474E-05
1.884422111E+00   -3.341394937E-05
1.909547739E+00   -2.870553663E-05
1.934673367E+00   -2.435342157E-05
1.959798995E+00   -2.035866270E-05
1.984924623E+00   -1.671756200E-05
2.010050251E+00   -1.342244514E-05
2.035175879E+00   -1.046237267E-05
2.060301508E+00   -7.823783542E-06
2.085427136E+00   -5.491073277E-06
2.110552764E+00   -3.447109322E-06
2.135678392E+00   -1.673686646E-06
2.160804020E+00   -1.519269558E-07
2.185929648E+00   1.137374937E-06
2.211055276E+00   2.213453891E-06
2.236180905E+00   3.095322622E-06
2.261306533E+00   3.801561533E-06
2.286432161E+00   4.350146468E-06
2.311557789E+00   4.758310781E-06
2.336683417E+00   5.042438188E-06
2.361809045E+00   5.217983045E-06
2.386934673E+00   5.299414860E-06
2.412060302E+00   5.300184002E-06
2.437185930E+00   5.232705798E-06
2.462311558E+00   5.108360384E-06
2.487437186E+00   4.937505881E-06
2.512562814E+00   4.729502684E-06
2.537688442E+00   4.492746835E-06
2.562814070E+00   4.234710639E-06
2.587939698E+00   3.961988915E-06
2.613065327E+00   3.680349391E-06
2.638190955E+00   3.394785966E-06
2.663316583E+00   3.109573723E-06
2.688442211E+00   2.828324699E-06
2.713567839E+00   2.554043595E-06
2.738693467E+00   2.289182703E-06
2.763819095E+00   2.035695478E-06
2.788944724E+00   1.795088270E-06
2.814070352E+00   1.568469832E-06
2.839195980E+00   1.356598314E-06
2.864321608E+00   1.159925523E-06
2.889447236E+00   9.786383077E-07
2.914572864E+00   8.126969669E-07
2.939698492E+00   6.618706599E-07
2.964824121E+00   5.257698157E-07
2.989949749E+00   4.038755921E-07
3.015075377E+00   2.955664574E-07
3.040201005E+00   2.001419977E-07
3.065326633E+00   1.168440716E-07
3.090452261E+00   4.487544726E-08
3.115577889E+00   -1.658392823E-08
3.140703518E+00   -6.836287249E-08
3.165829146E+00   -1.112869641E-07
3.190954774E+00   -1.461684295E-07
3.216080402E+00   -1.737977594E-07
3.241206030E+00   -1.949368960E-07
3.266331658E+00   -2.103138367E-07
3.291457286E+00   -2.206185051E-07
3.316582915E+00   -2.264997480E-07
3.341708543E+00   -2.285633227E-07
3.366834171E+00   -2.273707482E-07
3.391959799E+00   -2.234389022E-07
3.417085427E+00   -2.172402541E-07
3.442211055E+00   -2.092036329E-07
3.467336683E+00   -1.997154377E-07
3.492462312E+00   -1.891212078E-07
3.517587940E+00   -1.777274754E-07
3.542713568E+00   -1.658038350E-07
3.567839196E+00   -1.535851687E-07
3.592964824E+00   -1.412739749E-07
3.618090452E+00   -1.290427552E-07
3.643216080E+00   -1.170364184E-07
3.668341709E+00   -1.053746696E-07
3.693467337E+00   -9.415435548E-08
3.718592965E+00   -8.345174148E-08
3.743718593E+00   -7.332470361E-08
3.768844221E+00   -6.381481873E-08
3.793969849E+00   -5.494934243E-08
3.819095477E+00   -4.674306649E-08
3.844221106E+00   -3.920005039E-08
3.869346734E+00   -3.231522411E-08
3.894472362E+00   -2.607586136E-08
3.919597990E+00   -2.046292430E-08
3.944723618E+00   -1.545228212E-08
3.969849246E+00   -1.101580738E-08
3.994974874E+00   -7.122354598E-09
4.020100503E+00   -3.738626759E-09
4.045226131E+00   -8.299357753E-10
4.070351759E+00   1.639136644E-09
4.095477387E+00   3.704170886E-09
4.120603015E+00   5.400427197E-09
4.145728643E+00   6.762442349E-09
4.170854271E+00   7.823698346E-09
4.195979899E+00   8.616356399E-09
4.221105528E+00   9.171049657E-09
4.246231156E+00   9.516728383E-09
4.271356784E+00   9.680551623E-09
4.296482412E+00   9.687819684E-09
4.321608040E+00   9.561942141E-09
4.346733668E+00   9.324436419E-09
4.371859296E+00   8.994952373E-09
4.396984925E+00   8.591318680E-09
4.422110553E+00   8.129607192E-09
4.447236181E+00   7.624211766E-09
4.472361809E+00   7.087938449E-09
4.497487437E+00   6.532104181E-09
4.522613065E+00   5.966641540E-09
4.547738693E+00   5.400207302E-09
4.572864322E+00   4.840292885E-09
4.597989950E+00   4.293334976E-09
4.623115578E+00   3.764824896E-09
4.648241206E+00   3.259415421E-09
4.673366834E+00   2.781024011E-09
4.698492462E+00   2.332931521E-09
4.723618090E+00   1.917875637E-09
4.748743719E+00   1.538138396E-09
4.773869347E+00   1.195627247E-09
4.798994975E+00   8.919492246E-10
4.824120603E+00   6.284778396E-10
4.849246231E+00   4.064123957E-10
4.874371859E+00   2.268294464E-10
4.899497487E+00   9.072616795E-11
4.924623116E+00   -9.445661447E-13
4.949748744E+00   -4.724760224E-11
4.974874372E+00   -4.724760224E-11
5.000000000E+00   0.000000000E+00
