0.000000000E+00   -5.462900544E-02
2.512562814E-02   -5.212900544E-02
5.025125628E-02   -4.968203164E-02
7.537688442E-02   -4.728808403E-02
1.005025126E-01   -4.494713702E-02
1.256281407E-01   -4.265913947E-02
1.507537688E-01   -4.042401477E-02
1.758793970E-01   -3.824166096E-02
2.010050251E-01   -3.611195082E-02
2.261306533E-01   -3.403473207E-02
2.512562814E-01   -3.200982753E-02
2.763819095E-01   -3.003703530E-02
3.015075377E-01   -2.811612903E-02
3.266331658E-01   -2.624685814E-02
3.517587940E-01   -2.442894812E-02
3.768844221E-01   -2.266210083E-02
4.020100503E-01   -2.094599480E-02
4.271356784E-01   -1.928028559E-02
4.522613065E-01   -1.766460618E-02
4.773869347E-01   -1.609856734E-02
5.025125628E-01   -1.458175804E-02
5.276381910E-01   -1.311374590E-02
5.527638191E-01   -1.169407762E-02
5.778894472E-01   -1.032227948E-02
6.030150754E-01   -8.997857815E-03
6.281407035E-01   -7.720299530E-03
6.532663317E-01   -6.489072629E-03
6.783919598E-01   -5.303626758E-03
7.035175879E-01   -4.163393767E-03
7.286432161E-01   -3.067788286E-03
7.537688442E-01   -2.016208314E-03
7.788944724E-01   -1.008035825E-03
8.040201005E-01   -4.263738712E-05
8.291457286E-01   8.806352139E-04
8.542713568E-01   1.762444328E-03
8.793969849E-01   2.603465795E-03
9.045226131E-01   3.404388279E-03
9.296482412E-01   4.165912604E-03
9.547738693E-01   4.888751076E-03
9.798994975E-01   5.573626798E-03
1.005025126E+00   6.221272984E-03
1.030150754E+00   6.832432261E-03
1.055276382E+00   7.407855972E-03
1.080402010E+00   7.948303477E-03
1.105527638E+00   8.454541446E-03
1.130653266E+00   8.927343154E-03
1.155778894E+00   9.367487776E-03
1.180904523E+00   9.775759685E-03
1.206030151E+00   1.015294774E-02
1.231155779E+00   1.049984460E-02
1.256281407E+00   1.081724600E-02
1.281407035E+00   1.110595008E-02
1.306532663E+00   1.136675669E-02
1.331658291E+00   1.160046670E-02
1.356783920E+00   1.180788131E-02
1.381909548E+00   1.198980142E-02
1.407035176E+00   1.214702692E-02
1.432160804E+00   1.228035608E-02
1.457286432E+00   1.239058485E-02
1.482412060E+00   1.247850629E-02
1.507537688E+00   1.254490991E-02
1.532663317E+00   1.259058105E-02
1.557788945E+00   1.261630032E-02
1.582914573E+00   1.262284298E-02
1.608040201E+00   1.261097837E-02
1.633165829E+00   1.258146937E-02
1.658291457E+00   1.253507185E-02
1.683417085E+00   1.247253413E-02
1.708542714E+00   1.239459647E-02
1.733668342E+00   1.230199060E-02
1.758793970E+00   1.219543921E-02
1.783919598E+00   1.207565548E-02
1.809045226E+00   1.194334268E-02
1.834170854E+00   1.179919369E-02
1.859296482E+00   1.164389063E-02
1.884422111E+00   1.147810445E-02
1.909547739E+00   1.130249456E-02
1.934673367E+00   1.111770848E-02
1.959798995E+00   1.092438150E-02
1.984924623E+00   1.072313637E-02
2.010050251E+00   1.051458301E-02
2.035175879E+00   1.029931821E-02
2.060301508E+00   1.007792541E-02
2.085427136E+00   9.850974425E-03
2.110552764E+00   9.619021252E-03
2.135678392E+00   9.382607865E-03
2.160804020E+00   9.142262035E-03
2.185929648E+00   8.898497171E-03
2.211055276E+00   8.651812180E-03
2.236180905E+00   8.402691347E-03
2.261306533E+00   8.151604234E-03
2.286432161E+00   7.899005594E-03
2.311557789E+00   7.645335307E-03
2.336683417E+00   7.391018337E-03
2.361809045E+00   7.136464700E-03
2.386934673E+00   6.882069457E-03
2.412060302E+00   6.628212715E-03
2.437185930E+00   6.375259657E-03
2.462311558E+00   6.123560580E-03
2.487437186E+00   5.873450953E-03
2.512562814E+00   5.625251486E-03
2.537688442E+00   5.379268222E-03
2.562814070E+00   5.135792639E-03
2.587939698E+00   4.895101769E-03
2.613065327E+00   4.657458327E-03
2.638190955E+00   4.423110855E-03
2.663316583E+00   4.192293888E-03
2.688442211E+00   3.965228115E-03
2.713567839E+00   3.742120568E-03
2.738693467E+00   3.523164815E-03
2.763819095E+00   3.308541164E-03
2.788944724E+00   3.098416878E-03
2.814070352E+00   2.892946403E-03
2.839195980E+00   2.692271597E-03
2.864321608E+00   2.496521979E-03
2.889447236E+00   2.305814976E-03
2.914572864E+00   2.120256182E-03
2.939698492E+00   1.939939623E-03
2.964824121E+00   1.764948028E-03
2.989949749E+00   1.595353107E-03
3.015075377E+00   1.431215832E-03
3.040201005E+00   1.272586725E-03
3.065326633E+00   1.119506146E-03
3.090452261E+00   9.720045862E-04
3.115577889E+00   8.301029686E-04
3.140703518E+00   6.938129418E-04
3.165829146E+00   5.631371829E-04
3.190954774E+00   4.380696975E-04
3.216080402E+00   3.185961219E-04
3.241206030E+00   2.046940247E-04
3.266331658E+00   9.633320819E-05
3.291457286E+00   -6.523991664E-06
3.316582915E+00   -1.039224063E-04
3.341708543E+00   -1.959137381E-04
3.366834171E+00   -2.825562655E-04
3.391959799E+00   -3.639145525E-04
3.417085427E+00   -4.400591594E-04
3.442211055E+00   -5.110663596E-04
3.467336683E+00   -5.770178585E-04
3.492462312E+00   -6.380005182E-04
3.517587940E+00   -6.941060863E-04
3.542713568E+00   -7.454309308E-04
3.567839196E+00   -7.920757792E-04
3.592964824E+00   -8.341454649E-04
3.618090452E+00   -8.717486788E-04
3.643216080E+00   -9.049977272E-04
3.668341709E+00   -9.340082975E-04
3.693467337E+00   -9.588992290E-04
3.718592965E+00   -9.797922923E-04
3.743718593E+00   -9.968119752E-04
3.768844221E+00   -1.010085276E-03
3.793969849E+00   -1.019741506E-03
3.819095477E+00   -1.025912094E-03
3.844221106E+00   -1.028730409E-03
3.869346734E+00   -1.028331580E-03
3.894472362E+00   -1.024852330E-03
3.919597990E+00   -1.018430815E-03
3.944723618E+00   -1.009206475E-03
3.969849246E+00   -9.973198872E-04
3.994974874E+00   -9.829126321E-04
4.020100503E+00   -9.661271653E-04
4.045226131E+00   -9.471066978E-04
4.070351759E+00   -9.259950834E-04
4.095477387E+00   -9.029367147E-04
4.120603015E+00   -8.780764264E-04
4.145728643E+00   -8.515594057E-04
4.170854271E+00   -8.235311109E-04
4.195979899E+00   -7.941371962E-04
4.221105528E+00   -7.635234440E-04
4.246231156E+00   -7.318357045E-04
4.271356784E+00   -6.992198405E-04
4.296482412E+00   -6.658216805E-04
4.321608040E+00   -6.317869762E-04
4.346733668E+00   -5.972613667E-04
4.371859296E+00   -5.623903489E-04
4.396984925E+00   -5.273192520E-04
4.422110553E+00   -4.921932180E-04
4.447236181E+00   -4.571571872E-04
4.472361809E+00   -4.223558871E-04
4.497487437E+00   -3.879338268E-04
4.522613065E+00   -3.540352943E-04
4.547738693E+00   -3.208043580E-04
4.572864322E+00   -2.883848709E-04
4.597989950E+00   -2.569204781E-04
4.623115578E+00   -2.265546266E-04
4.648241206E+00   -1.974305772E-04
4.673366834E+00   -1.696914186E-04
4.698492462E+00   -1.434800824E-04
4.723618090E+00   -1.189393595E-04
4.748743719E+00   -9.621191763E-05
4.773869347E+00   -7.544031810E-05
4.798994975E+00   -5.676703369E-05
4.824120603E+00   -4.033446548E-05
4.849246231E+00   -2.628495909E-05
4.874371859E+00   -1.476081966E-05
4.899497487E+00   -5.904325403E-06
4.924623116E+00   1.422608738E-07
4.949748744E+00   3.236682526E-06
4.974874372E+00   3.236682526E-06
5.000000000E+00   0.000000000E+00
