0.000000000E+00   -4.989704402E-02
2.512562814E-02   -4.739704402E-02
5.025125628E-02   -4.495618542E-02
7.537688442E-02   -4.257446821E-02
1.005025126E-01   -4.025188997E-02
1.256281407E-01   -3.798841600E-02
1.507537688E-01   -3.578397904E-02
1.758793970E-01   -3.363847886E-02
2.010050251E-01   -3.155178198E-02
2.261306533E-01   -2.952372145E-02
2.512562814E-01   -2.755409662E-02
2.763819095E-01   -2.564267303E-02
3.015075377E-01   -2.378918227E-02
3.266331658E-01   -2.199332198E-02
3.517587940E-01   -2.025475585E-02
3.768844221E-01   -1.857311372E-02
4.020100503E-01   -1.694799169E-02
4.271356784E-01   -1.537895235E-02
4.522613065E-01   -1.386552503E-02
4.773869347E-01   -1.240720614E-02
5.025125628E-01   -1.100345955E-02
5.276381910E-01   -9.653717050E-03
5.527638191E-01   -8.357378885E-03
5.778894472E-01   -7.113814324E-03
6.030150754E-01   -5.922362317E-03
6.281407035E-01   -4.782332207E-03
6.532663317E-01   -3.693004500E-03
6.783919598E-01   -2.653631698E-03
7.035175879E-01   -1.663439188E-03
7.286432161E-01   -7.216261828E-04
7.537688442E-01   1.726332770E-04
7.788944724E-01   1.020189280E-03
8.040201005E-01   1.821914947E-03
8.291457286E-01   2.578705298E-03
8.542713568E-01   3.291476068E-03
8.793969849E-01   3.961162493E-03
9.045226131E-01   4.588718064E-03
9.296482412E-01   5.175113242E-03
9.547738693E-01   5.721334158E-03
9.798994975E-01   6.228381281E-03
1.005025126E+00   6.697268073E-03
1.030150754E+00   7.129019629E-03
1.055276382E+00   7.524671302E-03
1.080402010E+00   7.885267327E-03
1.105527638E+00   8.211859434E-03
1.130653266E+00   8.505505468E-03
1.155778894E+00   8.767268012E-03
1.180904523E+00   8.998213006E-03
1.206030151E+00   9.199408394E-03
1.231155779E+00   9.371922769E-03
1.256281407E+00   9.516824042E-03
1.281407035E+00   9.635178132E-03
1.306532663E+00   9.728047665E-03
1.331658291E+00   9.796490718E-03
1.356783920E+00   9.841559568E-03
1.381909548E+00   9.864299488E-03
1.407035176E+00   9.865747560E-03
1.432160804E+00   9.846931533E-03
1.457286432E+00   9.808868705E-03
1.482412060E+00   9.752564849E-03
1.507537688E+00   9.679013175E-03
1.532663317E+00   9.589193325E-03
1.557788945E+00   9.484070423E-03
1.582914573E+00   9.364594147E-03
1.608040201E+00   9.231697864E-03
1.633165829E+00   9.086297788E-03
1.658291457E+00   8.929292201E-03
1.683417085E+00   8.761560705E-03
1.708542714E+00   8.583963523E-03
1.733668342E+00   8.397340853E-03
1.758793970E+00   8.202512253E-03
1.783919598E+00   8.000276089E-03
1.809045226E+00   7.791409011E-03
1.834170854E+00   7.576665497E-03
1.859296482E+00   7.356777418E-03
1.884422111E+00   7.132453674E-03
1.909547739E+00   6.904379854E-03
1.934673367E+00   6.673217957E-03
1.959798995E+00   6.439606151E-03
1.984924623E+00   6.204158576E-03
2.010050251E+00   5.967465193E-03
2.035175879E+00   5.730091679E-03
2.060301508E+00   5.492579356E-03
2.085427136E+00   5.255445173E-03
2.110552764E+00   5.019181720E-03
2.135678392E+00   4.784257285E-03
2.160804020E+00   4.551115957E-03
2.185929648E+00   4.320177751E-03
2.211055276E+00   4.091838792E-03
2.236180905E+00   3.866471511E-03
2.261306533E+00   3.644424899E-03
2.286432161E+00   3.426024776E-03
2.311557789E+00   3.211574104E-03
2.336683417E+00   3.001353325E-03
2.361809045E+00   2.795620733E-03
2.386934673E+00   2.594612869E-03
2.412060302E+00   2.398544946E-03
2.437185930E+00   2.207611305E-03
2.462311558E+00   2.021985881E-03
2.487437186E+00   1.841822704E-03
2.512562814E+00   1.667256417E-03
2.537688442E+00   1.498402813E-03
2.562814070E+00   1.335359387E-03
2.587939698E+00   1.178205910E-03
2.613065327E+00   1.027005012E-03
2.638190955E+00   8.818027876E-04
2.663316583E+00   7.426293976E-04
2.688442211E+00   6.094996966E-04
2.713567839E+00   4.824138602E-04
2.738693467E+00   3.613580214E-04
2.763819095E+00   2.463049130E-04
2.788944724E+00   1.372145138E-04
2.814070352E+00   3.403469747E-05
2.839195980E+00   -6.329811750E-05
2.864321608E+00   -1.548583176E-04
2.889447236E+00   -2.407304462E-04
2.914572864E+00   -3.210085573E-04
2.939698492E+00   -3.957955749E-04
2.964824121E+00   -4.652026557E-04
2.989949749E+00   -5.293485604E-04
3.015075377E+00   -5.883590311E-04
3.040201005E+00   -6.423661781E-04
3.065326633E+00   -6.915078767E-04
3.090452261E+00   -7.359271743E-04
3.115577889E+00   -7.757717098E-04
3.140703518E+00   -8.111931451E-04
3.165829146E+00   -8.423466107E-04
3.190954774E+00   -8.693901652E-04
3.216080402E+00   -8.924842700E-04
3.241206030E+00   -9.117912795E-04
3.266331658E+00   -9.274749479E-04
3.291457286E+00   -9.396999528E-04
3.316582915E+00   -9.486314362E-04
3.341708543E+00   -9.544345636E-04
3.366834171E+00   -9.572741009E-04
3.391959799E+00   -9.573140104E-04
3.417085427E+00   -9.547170659E-04
3.442211055E+00   -9.496444863E-04
3.467336683E+00   -9.422555894E-04
3.492462312E+00   -9.327074647E-04
3.517587940E+00   -9.211546661E-04
3.542713568E+00   -9.077489243E-04
3.567839196E+00   -8.926388791E-04
3.592964824E+00   -8.759698310E-04
3.618090452E+00   -8.578835122E-04
3.643216080E+00   -8.385178784E-04
3.668341709E+00   -8.180069180E-04
3.693467337E+00   -7.964804818E-04
3.718592965E+00   -7.740641313E-04
3.743718593E+00   -7.508790049E-04
3.768844221E+00   -7.270417032E-04
3.793969849E+00   -7.026641917E-04
3.819095477E+00   -6.778537213E-04
3.844221106E+00   -6.527127654E-04
3.869346734E+00   -6.273389745E-04
3.894472362E+00   -6.018251464E-04
3.919597990E+00   -5.762592119E-04
3.944723618E+00   -5.507242364E-04
3.969849246E+00   -5.252984355E-04
3.994974874E+00   -5.000552052E-04
4.020100503E+00   -4.750631648E-04
4.045226131E+00   -4.503862136E-04
4.070351759E+00   -4.260835992E-04
4.095477387E+00   -4.022099976E-04
4.120603015E+00   -3.788156048E-04
4.145728643E+00   -3.559462373E-04
4.170854271E+00   -3.336434442E-04
4.195979899E+00   -3.119446262E-04
4.221105528E+00   -2.908831646E-04
4.246231156E+00   -2.704885567E-04
4.271356784E+00   -2.507865583E-04
4.296482412E+00   -2.317993326E-04
4.321608040E+00   -2.135456040E-04
4.346733668E+00   -1.960408171E-04
4.371859296E+00   -1.792972990E-04
4.396984925E+00   -1.633244249E-04
4.422110553E+00   -1.481287867E-04
4.447236181E+00   -1.337143624E-04
4.472361809E+00   -1.200826869E-04
4.497487437E+00   -1.072330228E-04
4.522613065E+00   -9.516253102E-05
4.547738693E+00   -8.386643909E-05
4.572864322E+00   -7.333820849E-05
4.597989950E+00   -6.356969835E-05
4.623115578E+00   -5.455132585E-05
4.648241206E+00   -4.627222219E-05
4.673366834E+00   -3.872038337E-05
4.698492462E+00   -3.188281520E-05
4.723618090E+00   -2.574567163E-05
4.748743719E+00   -2.029438562E-05
4.773869347E+00   -1.551379200E-05
4.798994975E+00   -1.138824131E-05
4.824120603E+00   -7.901704108E-06
4.849246231E+00   -5.037864753E-06
4.874371859E+00   -2.780204142E-06
4.899497487E+00   -1.112070490E-06
4.924623116E+00   -1.673746173E-08
4.949748744E+00   5.225510967E-07
4.974874372E+00   5.225505873E-07
5.000000000E+00   0.000000000E+00
