  0.00000000    0.0
  0.10010010    0.0
  0.20020020    0.0
  0.30030030    0.0
  0.40040040    0.0
  0.50050050    0.0
  0.60060060    0.0
  0.70070070    0.0
  0.80080080    0.0
  0.90090090    0.0
  1.00100100    0.0
  1.10110110    0.0
  1.20120120    0.0
  1.30130130    0.0
  1.40140140    0.0
  1.50150150    0.0
  1.60160160    0.0
  1.70170170    0.0
  1.80180180    0.0
  1.90190190    0.0
  2.00200200    0.0
  2.10210210    0.0
  2.20220220    0.0
  2.30230230    0.0
  2.40240240    0.0
  2.50250250    0.0
  2.60260260    0.0
  2.70270270    0.0
  2.80280280    0.0
  2.90290290    0.0
  3.00300300    0.0
  3.10310310    0.0
  3.20320320    0.0
  3.30330330    0.0
  3.40340340    0.0
  3.50350350    0.0
  3.60360360    0.0
  3.70370370    0.0
  3.80380380    0.0
  3.90390390    0.0
  4.00400400    0.0
  4.10410410    0.0
  4.20420420    0.0
  4.30430430    0.0
  4.40440440    0.0
  4.50450450    0.0
  4.60460460    0.0
  4.70470470    0.0
  4.80480480    0.0
  4.90490490    0.0
  5.00500501    0.0
  5.10510511    0.0
  5.20520521    0.0
  5.30530531    0.0
  5.40540541    0.0
  5.50550551    0.0
  5.60560561    0.0
  5.70570571    0.0
  5.80580581    0.0
  5.90590591    0.0
  6.00600601    0.0
  6.10610611    0.0
  6.20620621    0.0
  6.30630631    0.0
  6.40640641    0.0
  6.50650651    0.0
  6.60660661    0.0
  6.70670671    0.0
  6.80680681    0.0
  6.90690691    0.0
  7.00700701    0.0
  7.10710711    0.0
  7.20720721    0.0
  7.30730731    0.0
  7.40740741    0.0
  7.50750751    0.0
  7.60760761    0.0
  7.70770771    0.0
  7.80780781    0.0
  7.90790791    0.0
  8.00800801    0.0
  8.10810811    0.0
  8.20820821    0.0
  8.30830831    0.0
  8.40840841    0.0
  8.50850851    0.0
  8.60860861    0.0
  8.70870871    0.0
  8.80880881    0.0
  8.90890891    0.0
  9.00900901    0.0
  9.10910911    0.0
  9.20920921    0.0
  9.30930931    0.0
  9.40940941    0.0
  9.50950951    0.0
  9.60960961    0.0
  9.70970971    0.0
  9.80980981    0.0
  9.90990991    0.0
 10.01001001    0.0
 10.11011011    0.0
 10.21021021    0.0
 10.31031031    0.0
 10.41041041    0.0
 10.51051051    0.0
 10.61061061    0.0
 10.71071071    0.0
 10.81081081    0.0
 10.91091091    0.0
 11.01101101    0.0
 11.11111111    0.0
 11.21121121    0.0
 11.31131131    0.0
 11.41141141    0.0
 11.51151151    0.0
 11.61161161    0.0
 11.71171171    0.0
 11.81181181    0.0
 11.91191191    0.0
 12.01201201    0.0
 12.11211211    0.0
 12.21221221    0.0
 12.31231231    0.0
 12.41241241    0.0
 12.51251251    0.0
 12.61261261    0.0
 12.71271271    0.0
 12.81281281    0.0
 12.91291291    0.0
 13.01301301    0.0
 13.11311311    0.0
 13.21321321    0.0
 13.31331331    0.0
 13.41341341    0.0
 13.51351351    0.0
 13.61361361    0.0
 13.71371371    0.0
 13.81381381    0.0
 13.91391391    0.0
 14.01401401    0.0
 14.11411411    0.0
 14.21421421    0.0
 14.31431431    0.0
 14.41441441    0.0
 14.51451451    0.0
 14.61461461    0.0
 14.71471471    0.0
 14.81481481    0.0
 14.91491491    0.0
 15.01501502    0.0
 15.11511512    0.0
 15.21521522    0.0
 15.31531532    0.0
 15.41541542    0.0
 15.51551552    0.0
 15.61561562    0.0
 15.71571572    0.0
 15.81581582    0.0
 15.91591592    0.0
 16.01601602    0.0
 16.11611612    0.0
 16.21621622    0.0
 16.31631632    0.0
 16.41641642    0.0
 16.51651652    0.0
 16.61661662    0.0
 16.71671672    0.0
 16.81681682    0.0
 16.91691692    0.0
 17.01701702    0.0
 17.11711712    0.0
 17.21721722    0.0
 17.31731732    0.0
 17.41741742    0.0
 17.51751752    0.0
 17.61761762    0.0
 17.71771772    0.0
 17.81781782    0.0
 17.91791792    0.0
 18.01801802    0.0
 18.11811812    0.0
 18.21821822    0.0
 18.31831832    0.0
 18.41841842    0.0
 18.51851852    0.0
 18.61861862    0.0
 18.71871872    0.0
 18.81881882    0.0
 18.91891892    0.0
 19.01901902    0.0
 19.11911912    0.0
 19.21921922    0.0
 19.31931932    0.0
 19.41941942    0.0
 19.51951952    0.0
 19.61961962    0.0
 19.71971972    0.0
 19.81981982    0.0
 19.91991992    0.0
 20.02002002    0.0
 20.12012012    0.0
 20.22022022    0.0
 20.32032032    0.0
 20.42042042    0.0
 20.52052052    0.0
 20.62062062    0.0
 20.72072072    0.0
 20.82082082    0.0
 20.92092092    0.0
 21.02102102    0.0
 21.12112112    0.0
 21.22122122    0.0
 21.32132132    0.0
 21.42142142    0.0
 21.52152152    0.0
 21.62162162    0.0
 21.72172172    0.0
 21.82182182    0.0
 21.92192192    0.0
 22.02202202    0.0
 22.12212212    0.0
 22.22222222    0.0
 22.32232232    0.0
 22.42242242    0.0
 22.52252252    0.0
 22.62262262    0.0
 22.72272272    0.0
 22.82282282    0.0
 22.92292292    0.0
 23.02302302    0.0
 23.12312312    0.0
 23.22322322    0.0
 23.32332332    0.0
 23.42342342    0.0
 23.52352352    0.0
 23.62362362    0.0
 23.72372372    0.0
 23.82382382    0.0
 23.92392392    0.0
 24.02402402    0.0
 24.12412412    0.0
 24.22422422    0.0
 24.32432432    0.0
 24.42442442    0.0
 24.52452452    0.0
 24.62462462    0.0
 24.72472472    0.0
 24.82482482    0.0
 24.92492492    0.0
 25.02502503    0.0
 25.12512513    0.0
 25.22522523    0.0
 25.32532533    0.0
 25.42542543    0.0
 25.52552553    0.0
 25.62562563    0.0
 25.72572573    0.0
 25.82582583    0.0
 25.92592593    0.0
 26.02602603    0.0
 26.12612613    0.0
 26.22622623    0.0
 26.32632633    0.0
 26.42642643    0.0
 26.52652653    0.0
 26.62662663    0.0
 26.72672673    0.0
 26.82682683    0.0
 26.92692693    0.0
 27.02702703    0.0
 27.12712713    0.0
 27.22722723    0.0
 27.32732733    0.0
 27.42742743    0.0
 27.52752753    0.0
 27.62762763    0.0
 27.72772773    0.0
 27.82782783    0.0
 27.92792793    0.0
 28.02802803    0.0
 28.12812813    0.0
 28.22822823    0.0
 28.32832833    0.0
 28.42842843    0.0
 28.52852853    0.0
 28.62862863    0.0
 28.72872873    0.0
 28.82882883    0.0
 28.92892893    0.0
 29.02902903    0.0
 29.12912913    0.0
 29.22922923    0.0
 29.32932933    0.0
 29.42942943    0.0
 29.52952953    0.0
 29.62962963    0.0
 29.72972973    0.0
 29.82982983    0.0
 29.92992993    0.0
 30.03003003    0.0
 30.13013013    0.0
 30.23023023    0.0
 30.33033033    0.0
 30.43043043    0.0
 30.53053053    0.0
 30.63063063    0.0
 30.73073073    0.0
 30.83083083    0.0
 30.93093093    0.0
 31.03103103    0.0
 31.13113113    0.0
 31.23123123    0.0
 31.33133133    0.0
 31.43143143    0.0
 31.53153153    0.0
 31.63163163    0.0
 31.73173173    0.0
 31.83183183    0.0
 31.93193193    0.0
 32.03203203    0.0
 32.13213213    0.0
 32.23223223    0.0
 32.33233233    0.0
 32.43243243    0.0
 32.53253253    0.0
 32.63263263    0.0
 32.73273273    0.0
 32.83283283    0.0
 32.93293293    0.0
 33.03303303    0.0
 33.13313313    0.0
 33.23323323    0.0
 33.33333333    0.0
 33.43343343    0.0
 33.53353353    0.0
 33.63363363    0.0
 33.73373373    0.0
 33.83383383    0.0
 33.93393393    0.0
 34.03403403    0.0
 34.13413413    0.0
 34.23423423    0.0
 34.33433433    0.0
 34.43443443    0.0
 34.53453453    0.0
 34.63463463    0.0
 34.73473473    0.0
 34.83483483    0.0
 34.93493493    0.0
 35.03503504    0.0
 35.13513514    0.0
 35.23523524    0.0
 35.33533534    0.0
 35.43543544    0.0
 35.53553554    0.0
 35.63563564    0.0
 35.73573574    0.0
 35.83583584    0.0
 35.93593594    0.0
 36.03603604    0.0
 36.13613614    0.0
 36.23623624    0.0
 36.33633634    0.0
 36.43643644    0.0
 36.53653654    0.0
 36.63663664    0.0
 36.73673674    0.0
 36.83683684    0.0
 36.93693694    0.0
 37.03703704    0.0
 37.13713714    0.0
 37.23723724    0.0
 37.33733734    0.0
 37.43743744    0.0
 37.53753754    0.0
 37.63763764    0.0
 37.73773774    0.0
 37.83783784    0.0
 37.93793794    0.0
 38.03803804    0.0
 38.13813814    0.0
 38.23823824    0.0
 38.33833834    0.0
 38.43843844    0.0
 38.53853854    0.0
 38.63863864    0.0
 38.73873874    0.0
 38.83883884    0.0
 38.93893894    0.0
 39.03903904    0.0
 39.13913914    0.0
 39.23923924    0.0
 39.33933934    0.0
 39.43943944    0.0
 39.53953954    0.0
 39.63963964    0.0
 39.73973974    0.0
 39.83983984    0.0
 39.93993994    0.0
 40.04004004    0.0
 40.14014014    0.0
 40.24024024    0.0
 40.34034034    0.0
 40.44044044    0.0
 40.54054054    0.0
 40.64064064    0.0
 40.74074074    0.0
 40.84084084    0.0
 40.94094094    0.0
 41.04104104    0.0
 41.14114114    0.0
 41.24124124    0.0
 41.34134134    0.0
 41.44144144    0.0
 41.54154154    0.0
 41.64164164    0.0
 41.74174174    0.0
 41.84184184    0.0
 41.94194194    0.0
 42.04204204    0.0
 42.14214214    0.0
 42.24224224    0.0
 42.34234234    0.0
 42.44244244    0.0
 42.54254254    0.0
 42.64264264    0.0
 42.74274274    0.0
 42.84284284    0.0
 42.94294294    0.0
 43.04304304    0.0
 43.14314314    0.0
 43.24324324    0.0
 43.34334334    0.0
 43.44344344    0.0
 43.54354354    0.0
 43.64364364    0.0
 43.74374374    0.0
 43.84384384    0.0
 43.94394394    0.0
 44.04404404    0.0
 44.14414414    0.0
 44.24424424    0.0
 44.34434434    0.0
 44.44444444    0.0
 44.54454454    0.0
 44.64464464    0.0
 44.74474474    0.0
 44.84484484    0.0
 44.94494494    0.0
 45.04504505    0.0
 45.14514515    0.0
 45.24524525    0.0
 45.34534535    0.0
 45.44544545    0.0
 45.54554555    0.0
 45.64564565    0.0
 45.74574575    0.0
 45.84584585    0.0
 45.94594595    0.0
 46.04604605    0.0
 46.14614615    0.0
 46.24624625    0.0
 46.34634635    0.0
 46.44644645    0.0
 46.54654655    0.0
 46.64664665    0.0
 46.74674675    0.0
 46.84684685    0.0
 46.94694695    0.0
 47.04704705    0.0
 47.14714715    0.0
 47.24724725    0.0
 47.34734735    0.0
 47.44744745    0.0
 47.54754755    0.0
 47.64764765    0.0
 47.74774775    0.0
 47.84784785    0.0
 47.94794795    0.0
 48.04804805    0.0
 48.14814815    0.0
 48.24824825    0.0
 48.34834835    0.0
 48.44844845    0.0
 48.54854855    0.0
 48.64864865    0.0
 48.74874875    0.0
 48.84884885    0.0
 48.94894895    0.0
 49.04904905    0.0
 49.14914915    0.0
 49.24924925    0.0
 49.34934935    0.0
 49.44944945    0.0
 49.54954955    0.0
 49.64964965    0.0
 49.74974975    0.0
 49.84984985    0.0
 49.94994995    0.0
 50.05005005    0.0
 50.15015015    0.0
 50.25025025    0.0
 50.35035035    0.0
 50.45045045    0.0
 50.55055055    0.0
 50.65065065    0.0
 50.75075075    0.0
 50.85085085    0.0
 50.95095095    0.0
 51.05105105    0.0
 51.15115115    0.0
 51.25125125    0.0
 51.35135135    0.0
 51.45145145    0.0
 51.55155155    0.0
 51.65165165    0.0
 51.75175175    0.0
 51.85185185    0.0
 51.95195195    0.0
 52.05205205    0.0
 52.15215215    0.0
 52.25225225    0.0
 52.35235235    0.0
 52.45245245    0.0
 52.55255255    0.0
 52.65265265    0.0
 52.75275275    0.0
 52.85285285    0.0
 52.95295295    0.0
 53.05305305    0.0
 53.15315315    0.0
 53.25325325    0.0
 53.35335335    0.0
 53.45345345    0.0
 53.55355355    0.0
 53.65365365    0.0
 53.75375375    0.0
 53.85385385    0.0
 53.95395395    0.0
 54.05405405    0.0
 54.15415415    0.0
 54.25425425    0.0
 54.35435435    0.0
 54.45445445    0.0
 54.55455455    0.0
 54.65465465    0.0
 54.75475475    0.0
 54.85485485    0.0
 54.95495495    0.0
 55.05505506    0.0
 55.15515516    0.0
 55.25525526    0.0
 55.35535536    0.0
 55.45545546    0.0
 55.55555556    0.0
 55.65565566    0.0
 55.75575576    0.0
 55.85585586    0.0
 55.95595596    0.0
 56.05605606    0.0
 56.15615616    0.0
 56.25625626    0.0
 56.35635636    0.0
 56.45645646    0.0
 56.55655656    0.0
 56.65665666    0.0
 56.75675676    0.0
 56.85685686    0.0
 56.95695696    0.0
 57.05705706    0.0
 57.15715716    0.0
 57.25725726    0.0
 57.35735736    0.0
 57.45745746    0.0
 57.55755756    0.0
 57.65765766    0.0
 57.75775776    0.0
 57.85785786    0.0
 57.95795796    0.0
 58.05805806    0.0
 58.15815816    0.0
 58.25825826    0.0
 58.35835836    0.0
 58.45845846    0.0
 58.55855856    0.0
 58.65865866    0.0
 58.75875876    0.0
 58.85885886    0.0
 58.95895896    0.0
 59.05905906    0.0
 59.15915916    0.0
 59.25925926    0.0
 59.35935936    0.0
 59.45945946    0.0
 59.55955956    0.0
 59.65965966    0.0
 59.75975976    0.0
 59.85985986    0.0
 59.95995996    0.0
 60.06006006    0.0
 60.16016016    0.0
 60.26026026    0.0
 60.36036036    0.0
 60.46046046    0.0
 60.56056056    0.0
 60.66066066    0.0
 60.76076076    0.0
 60.86086086    0.0
 60.96096096    0.0
 61.06106106    0.0
 61.16116116    0.0
 61.26126126    0.0
 61.36136136    0.0
 61.46146146    0.0
 61.56156156    0.0
 61.66166166    0.0
 61.76176176    0.0
 61.86186186    0.0
 61.96196196    0.0
 62.06206206    0.0
 62.16216216    0.0
 62.26226226    0.0
 62.36236236    0.0
 62.46246246    0.0
 62.56256256    0.0
 62.66266266    0.0
 62.76276276    0.0
 62.86286286    0.0
 62.96296296    0.0
 63.06306306    0.0
 63.16316316    0.0
 63.26326326    0.0
 63.36336336    0.0
 63.46346346    0.0
 63.56356356    0.0
 63.66366366    0.0
 63.76376376    0.0
 63.86386386    0.0
 63.96396396    0.0
 64.06406406    0.0
 64.16416416    0.0
 64.26426426    0.0
 64.36436436    0.0
 64.46446446    0.0
 64.56456456    0.0
 64.66466466    0.0
 64.76476476    0.0
 64.86486486    0.0
 64.96496496    0.0
 65.06506507    0.0
 65.16516517    0.0
 65.26526527    0.0
 65.36536537    0.0
 65.46546547    0.0
 65.56556557    0.0
 65.66566567    0.0
 65.76576577    0.0
 65.86586587    0.0
 65.96596597    0.0
 66.06606607    0.0
 66.16616617    0.0
 66.26626627    0.0
 66.36636637    0.0
 66.46646647    0.0
 66.56656657    0.0
 66.66666667    0.0
 66.76676677    0.0
 66.86686687    0.0
 66.96696697    0.0
 67.06706707    0.0
 67.16716717    0.0
 67.26726727    0.0
 67.36736737    0.0
 67.46746747    0.0
 67.56756757    0.0
 67.66766767    0.0
 67.76776777    0.0
 67.86786787    0.0
 67.96796797    0.0
 68.06806807    0.0
 68.16816817    0.0
 68.26826827    0.0
 68.36836837    0.0
 68.46846847    0.0
 68.56856857    0.0
 68.66866867    0.0
 68.76876877    0.0
 68.86886887    0.0
 68.96896897    0.0
 69.06906907    0.0
 69.16916917    0.0
 69.26926927    0.0
 69.36936937    0.0
 69.46946947    0.0
 69.56956957    0.0
 69.66966967    0.0
 69.76976977    0.0
 69.86986987    0.0
 69.96996997    0.0
 70.07007007    0.0
 70.17017017    0.0
 70.27027027    0.0
 70.37037037    0.0
 70.47047047    0.0
 70.57057057    0.0
 70.67067067    0.0
 70.77077077    0.0
 70.87087087    0.0
 70.97097097    0.0
 71.07107107    0.0
 71.17117117    0.0
 71.27127127    0.0
 71.37137137    0.0
 71.47147147    0.0
 71.57157157    0.0
 71.67167167    0.0
 71.77177177    0.0
 71.87187187    0.0
 71.97197197    0.0
 72.07207207    0.0
 72.17217217    0.0
 72.27227227    0.0
 72.37237237    0.0
 72.47247247    0.0
 72.57257257    0.0
 72.67267267    0.0
 72.77277277    0.0
 72.87287287    0.0
 72.97297297    0.0
 73.07307307    0.0
 73.17317317    0.0
 73.27327327    0.0
 73.37337337    0.0
 73.47347347    0.0
 73.57357357    0.0
 73.67367367    0.0
 73.77377377    0.0
 73.87387387    0.0
 73.97397397    0.0
 74.07407407    0.0
 74.17417417    0.0
 74.27427427    0.0
 74.37437437    0.0
 74.47447447    0.0
 74.57457457    0.0
 74.67467467    0.0
 74.77477477    0.0
 74.87487487    0.0
 74.97497497    0.0
 75.07507508    0.0
 75.17517518    0.0
 75.27527528    0.0
 75.37537538    0.0
 75.47547548    0.0
 75.57557558    0.0
 75.67567568    0.0
 75.77577578    0.0
 75.87587588    0.0
 75.97597598    0.0
 76.07607608    0.0
 76.17617618    0.0
 76.27627628    0.0
 76.37637638    0.0
 76.47647648    0.0
 76.57657658    0.0
 76.67667668    0.0
 76.77677678    0.0
 76.87687688    0.0
 76.97697698    0.0
 77.07707708    0.0
 77.17717718    0.0
 77.27727728    0.0
 77.37737738    0.0
 77.47747748    0.0
 77.57757758    0.0
 77.67767768    0.0
 77.77777778    0.0
 77.87787788    0.0
 77.97797798    0.0
 78.07807808    0.0
 78.17817818    0.0
 78.27827828    0.0
 78.37837838    0.0
 78.47847848    0.0
 78.57857858    0.0
 78.67867868    0.0
 78.77877878    0.0
 78.87887888    0.0
 78.97897898    0.0
 79.07907908    0.0
 79.17917918    0.0
 79.27927928    0.0
 79.37937938    0.0
 79.47947948    0.0
 79.57957958    0.0
 79.67967968    0.0
 79.77977978    0.0
 79.87987988    0.0
 79.97997998    0.0
 80.08008008    0.0
 80.18018018    0.0
 80.28028028    0.0
 80.38038038    0.0
 80.48048048    0.0
 80.58058058    0.0
 80.68068068    0.0
 80.78078078    0.0
 80.88088088    0.0
 80.98098098    0.0
 81.08108108    0.0
 81.18118118    0.0
 81.28128128    0.0
 81.38138138    0.0
 81.48148148    0.0
 81.58158158    0.0
 81.68168168    0.0
 81.78178178    0.0
 81.88188188    0.0
 81.98198198    0.0
 82.08208208    0.0
 82.18218218    0.0
 82.28228228    0.0
 82.38238238    0.0
 82.48248248    0.0
 82.58258258    0.0
 82.68268268    0.0
 82.78278278    0.0
 82.88288288    0.0
 82.98298298    0.0
 83.08308308    0.0
 83.18318318    0.0
 83.28328328    0.0
 83.38338338    0.0
 83.48348348    0.0
 83.58358358    0.0
 83.68368368    0.0
 83.78378378    0.0
 83.88388388    0.0
 83.98398398    0.0
 84.08408408    0.0
 84.18418418    0.0
 84.28428428    0.0
 84.38438438    0.0
 84.48448448    0.0
 84.58458458    0.0
 84.68468468    0.0
 84.78478478    0.0
 84.88488488    0.0
 84.98498498    0.0
 85.08508509    0.0
 85.18518519    0.0
 85.28528529    0.0
 85.38538539    0.0
 85.48548549    0.0
 85.58558559    0.0
 85.68568569    0.0
 85.78578579    0.0
 85.88588589    0.0
 85.98598599    0.0
 86.08608609    0.0
 86.18618619    0.0
 86.28628629    0.0
 86.38638639    0.0
 86.48648649    0.0
 86.58658659    0.0
 86.68668669    0.0
 86.78678679    0.0
 86.88688689    0.0
 86.98698699    0.0
 87.08708709    0.0
 87.18718719    0.0
 87.28728729    0.0
 87.38738739    0.0
 87.48748749    0.0
 87.58758759    0.0
 87.68768769    0.0
 87.78778779    0.0
 87.88788789    0.0
 87.98798799    0.0
 88.08808809    0.0
 88.18818819    0.0
 88.28828829    0.0
 88.38838839    0.0
 88.48848849    0.0
 88.58858859    0.0
 88.68868869    0.0
 88.78878879    0.0
 88.88888889    0.0
 88.98898899    0.0
 89.08908909    0.0
 89.18918919    0.0
 89.28928929    0.0
 89.38938939    0.0
 89.48948949    0.0
 89.58958959    0.0
 89.68968969    0.0
 89.78978979    0.0
 89.88988989    0.0
 89.98998999    0.0
 90.09009009    0.0
 90.19019019    0.0
 90.29029029    0.0
 90.39039039    0.0
 90.49049049    0.0
 90.59059059    0.0
 90.69069069    0.0
 90.79079079    0.0
 90.89089089    0.0
 90.99099099    0.0
 91.09109109    0.0
 91.19119119    0.0
 91.29129129    0.0
 91.39139139    0.0
 91.49149149    0.0
 91.59159159    0.0
 91.69169169    0.0
 91.79179179    0.0
 91.89189189    0.0
 91.99199199    0.0
 92.09209209    0.0
 92.19219219    0.0
 92.29229229    0.0
 92.39239239    0.0
 92.49249249    0.0
 92.59259259    0.0
 92.69269269    0.0
 92.79279279    0.0
 92.89289289    0.0
 92.99299299    0.0
 93.09309309    0.0
 93.19319319    0.0
 93.29329329    0.0
 93.39339339    0.0
 93.49349349    0.0
 93.59359359    0.0
 93.69369369    0.0
 93.79379379    0.0
 93.89389389    0.0
 93.99399399    0.0
 94.09409409    0.0
 94.19419419    0.0
 94.29429429    0.0
 94.39439439    0.0
 94.49449449    0.0
 94.59459459    0.0
 94.69469469    0.0
 94.79479479    0.0
 94.89489489    0.0
 94.99499499    0.0
 95.09509510    0.0
 95.19519520    0.0
 95.29529530    0.0
 95.39539540    0.0
 95.49549550    0.0
 95.59559560    0.0
 95.69569570    0.0
 95.79579580    0.0
 95.89589590    0.0
 95.99599600    0.0
 96.09609610    0.0
 96.19619620    0.0
 96.29629630    0.0
 96.39639640    0.0
 96.49649650    0.0
 96.59659660    0.0
 96.69669670    0.0
 96.79679680    0.0
 96.89689690    0.0
 96.99699700    0.0
 97.09709710    0.0
 97.19719720    0.0
 97.29729730    0.0
 97.39739740    0.0
 97.49749750    0.0
 97.59759760    0.0
 97.69769770    0.0
 97.79779780    0.0
 97.89789790    0.0
 97.99799800    0.0
 98.09809810    0.0
 98.19819820    0.0
 98.29829830    0.0
 98.39839840    0.0
 98.49849850    0.0
 98.59859860    0.0
 98.69869870    0.0
 98.79879880    0.0
 98.89889890    0.0
 98.99899900    0.0
 99.09909910    0.0
 99.19919920    0.0
 99.29929930    0.0
 99.39939940    0.0
 99.49949950    0.0
 99.59959960    0.0
 99.69969970    0.0
 99.79979980    0.0
 99.89989990    0.0
100.00000000    0.0
