  0.00000000    -1.03783750
  0.66711141    -0.94450417
  1.33422282    -0.85517163
  2.00133422    -0.76983987
  2.66844563    -0.68850059
  3.33555704    -0.61113722
  4.00266845    -0.53772503
  4.66977985    -0.46823131
  5.33689126    -0.40261549
  6.00400267    -0.34082935
  6.67111408    -0.28281727
  7.33822548    -0.22851648
  8.00533689    -0.17785733
  8.67244830    -0.13076364
  9.33955971    -0.08715302
 10.00667111    -0.04693723
 10.67378252    -0.01002258
 11.34089393     0.02368967
 12.00800534     0.05430292
 12.67511674     0.08192475
 13.34222815     0.10666651
 14.00933956     0.12864285
 14.67645097     0.14797125
 15.34356237     0.16477159
 16.01067378     0.17916563
 16.67778519     0.19127659
 17.34489660     0.20122864
 18.01200801     0.20914651
 18.67911941     0.21515494
 19.34623082     0.21937835
 20.01334223     0.22194031
 20.68045364     0.22296319
 21.34756504     0.22256775
 22.01467645     0.22087274
 22.68178786     0.21799454
 23.34889927     0.21404685
 24.01601067     0.20914032
 24.68312208     0.20338231
 25.35023349     0.19687657
 26.01734490     0.18972305
 26.68445630     0.18201761
 27.35156771     0.17385190
 28.01867912     0.16531311
 28.68579053     0.15648393
 29.35290193     0.14744235
 30.02001334     0.13826161
 30.68712475     0.12901014
 31.35423616     0.11975153
 32.02134757     0.11054448
 32.68845897     0.10144288
 33.35557038     0.09249578
 34.02268179     0.08374750
 34.68979320     0.07523766
 35.35690460     0.06700134
 36.02401601     0.05906915
 36.69112742     0.05146738
 37.35823883     0.04421815
 38.02535023     0.03733960
 38.69246164     0.03084601
 39.35957305     0.02474804
 40.02668446     0.01905290
 40.69379586     0.01376458
 41.36090727     0.00888403
 42.02801868     0.00440940
 42.69513009     0.00033624
 43.36224149    -0.00334225
 44.02935290    -0.00663502
 44.69646431    -0.00955298
 45.36357572    -0.01210870
 46.03068712    -0.01431627
 46.69779853    -0.01619108
 47.36490994    -0.01774957
 48.03202135    -0.01900909
 48.69913276    -0.01998769
 49.36624416    -0.02070391
 50.03335557    -0.02117666
 50.70046698    -0.02142501
 51.36757839    -0.02146810
 52.03468979    -0.02132491
 52.70180120    -0.02101422
 53.36891261    -0.02055444
 54.03602402    -0.01996350
 54.70313542    -0.01925879
 55.37024683    -0.01845703
 56.03735824    -0.01757424
 56.70446965    -0.01662564
 57.37158105    -0.01562561
 58.03869246    -0.01458766
 58.70580387    -0.01352440
 59.37291528    -0.01244746
 60.04002668    -0.01136757
 60.70713809    -0.01029447
 61.37424950    -0.00923697
 62.04136091    -0.00820292
 62.70847231    -0.00719926
 63.37558372    -0.00623202
 64.04269513    -0.00530634
 64.70980654    -0.00442653
 65.37691795    -0.00359610
 66.04402935    -0.00281779
 66.71114076    -0.00209361
 67.37825217    -0.00142490
 68.04536358    -0.00081239
 68.71247498    -0.00025620
 69.37958639     0.00024405
 70.04669780     0.00068923
 70.71380921     0.00108063
 71.38092061     0.00141991
 72.04803202     0.00170907
 72.71514343     0.00195038
 73.38225484     0.00214635
 74.04936624     0.00229966
 74.71647765     0.00241315
 75.38358906     0.00248978
 76.05070047     0.00253255
 76.71781187     0.00254452
 77.38492328     0.00252872
 78.05203469     0.00248819
 78.71914610     0.00242590
 79.38625751     0.00234472
 80.05336891     0.00224747
 80.72048032     0.00213680
 81.38759173     0.00201528
 82.05470314     0.00188529
 82.72181454     0.00174910
 83.38892595     0.00160877
 84.05603736     0.00146624
 84.72314877     0.00132325
 85.39026017     0.00118137
 86.05737158     0.00104202
 86.72448299     0.00090642
 87.39159440     0.00077564
 88.05870580     0.00065061
 88.72581721     0.00053207
 89.39292862     0.00042063
 90.06004003     0.00031677
 90.72715143     0.00022082
 91.39426284     0.00013300
 92.06137425     0.00005342
 92.72848566    -0.00001791
 93.39559706    -0.00008107
 94.06270847    -0.00013624
 94.72981988    -0.00018365
 95.39693129    -0.00022361
 96.06404270    -0.00025645
 96.73115410    -0.00028258
 97.39826551    -0.00030243
 98.06537692    -0.00031644
 98.73248833    -0.00032511
 99.39959973    -0.00032890
100.06671114    -0.00032831
100.73382255    -0.00032383
101.40093396    -0.00031594
102.06804536    -0.00030510
102.73515677    -0.00029178
103.40226818    -0.00027641
104.06937959    -0.00025940
104.73649099    -0.00024113
105.40360240    -0.00022197
106.07071381    -0.00020225
106.73782522    -0.00018228
107.40493662    -0.00016232
108.07204803    -0.00014263
108.73915944    -0.00012341
109.40627085    -0.00010484
110.07338225    -0.00008710
110.74049366    -0.00007030
111.40760507    -0.00005455
112.07471648    -0.00003994
112.74182789    -0.00002650
113.40893929    -0.00001430
114.07605070    -0.00000333
114.74316211     0.00000641
115.41027352     0.00001491
116.07738492     0.00002223
116.74449633     0.00002840
117.41160774     0.00003347
118.07871915     0.00003750
118.74583055     0.00004055
119.41294196     0.00004271
120.08005337     0.00004404
120.74716478     0.00004463
121.41427618     0.00004454
122.08138759     0.00004387
122.74849900     0.00004268
123.41561041     0.00004105
124.08272181     0.00003906
124.74983322     0.00003677
125.41694463     0.00003425
126.08405604     0.00003157
126.75116744     0.00002876
127.41827885     0.00002590
128.08539026     0.00002302
128.75250167     0.00002016
129.41961308     0.00001737
130.08672448     0.00001467
130.75383589     0.00001209
131.42094730     0.00000965
132.08805871     0.00000737
132.75517011     0.00000526
133.42228152     0.00000333
134.08939293     0.00000159
134.75650434     0.00000004
135.42361574    -0.00000133
136.09072715    -0.00000251
136.75783856    -0.00000351
137.42494997    -0.00000434
138.09206137    -0.00000500
138.75917278    -0.00000551
139.42628419    -0.00000587
140.09339560    -0.00000611
140.76050700    -0.00000623
141.42761841    -0.00000624
142.09472982    -0.00000616
142.76184123    -0.00000599
143.42895264    -0.00000576
144.09606404    -0.00000547
144.76317545    -0.00000514
145.43028686    -0.00000477
146.09739827    -0.00000437
146.76450967    -0.00000396
147.43162108    -0.00000354
148.09873249    -0.00000311
148.76584390    -0.00000270
149.43295530    -0.00000229
150.10006671    -0.00000190
150.76717812    -0.00000153
151.43428953    -0.00000118
152.10140093    -0.00000086
152.76851234    -0.00000056
153.43562375    -0.00000030
154.10273516    -0.00000006
154.76984656     0.00000015
155.43695797     0.00000033
156.10406938     0.00000048
156.77118079     0.00000061
157.43829219     0.00000071
158.10540360     0.00000078
158.77251501     0.00000084
159.43962642     0.00000087
160.10673783     0.00000089
160.77384923     0.00000089
161.44096064     0.00000087
162.10807205     0.00000085
162.77518346     0.00000081
163.44229486     0.00000077
164.10940627     0.00000072
164.77651768     0.00000066
165.44362909     0.00000060
166.11074049     0.00000054
166.77785190     0.00000047
167.44496331     0.00000041
168.11207472     0.00000035
168.77918612     0.00000029
169.44629753     0.00000024
170.11340894     0.00000018
170.78052035     0.00000013
171.44763175     0.00000009
172.11474316     0.00000005
172.78185457     0.00000001
173.44896598    -0.00000002
174.11607738    -0.00000005
174.78318879    -0.00000007
175.45030020    -0.00000009
176.11741161    -0.00000010
176.78452302    -0.00000011
177.45163442    -0.00000012
178.11874583    -0.00000013
178.78585724    -0.00000013
179.45296865    -0.00000013
180.12008005    -0.00000013
180.78719146    -0.00000012
181.45430287    -0.00000012
182.12141428    -0.00000011
182.78852568    -0.00000010
183.45563709    -0.00000009
184.12274850    -0.00000008
184.78985991    -0.00000007
185.45697131    -0.00000006
186.12408272    -0.00000005
186.79119413    -0.00000005
187.45830554    -0.00000004
188.12541694    -0.00000003
188.79252835    -0.00000002
189.45963976    -0.00000001
190.12675117    -0.00000001
190.79386258    -0.00000000
191.46097398     0.00000000
192.12808539     0.00000001
192.79519680     0.00000001
193.46230821     0.00000001
194.12941961     0.00000002
194.79653102     0.00000002
195.46364243     0.00000002
196.13075384     0.00000002
196.79786524     0.00000002
197.46497665     0.00000002
198.13208806     0.00000002
198.79919947     0.00000002
199.46631087     0.00000002
200.13342228     0.00000002
200.80053369     0.00000001
201.46764510     0.00000001
202.13475650     0.00000001
202.80186791     0.00000001
203.46897932     0.00000001
204.13609073     0.00000001
204.80320213     0.00000001
205.47031354     0.00000000
206.13742495     0.00000000
206.80453636     0.00000000
207.47164777     0.00000000
208.13875917     0.00000000
208.80587058    -0.00000000
209.47298199    -0.00000000
210.14009340    -0.00000000
210.80720480    -0.00000000
211.47431621    -0.00000000
212.14142762    -0.00000000
212.80853903    -0.00000000
213.47565043    -0.00000000
214.14276184    -0.00000000
214.80987325    -0.00000000
215.47698466    -0.00000000
216.14409606    -0.00000000
216.81120747    -0.00000000
217.47831888    -0.00000000
218.14543029    -0.00000000
218.81254169    -0.00000000
219.47965310    -0.00000000
220.14676451    -0.00000000
220.81387592    -0.00000000
221.48098732    -0.00000000
222.14809873    -0.00000000
222.81521014    -0.00000000
223.48232155    -0.00000000
224.14943296    -0.00000000
224.81654436    -0.00000000
225.48365577    -0.00000000
226.15076718     0.00000000
226.81787859     0.00000000
227.48498999     0.00000000
228.15210140     0.00000000
228.81921281     0.00000000
229.48632422     0.00000000
230.15343562     0.00000000
230.82054703     0.00000000
231.48765844     0.00000000
232.15476985     0.00000000
232.82188125     0.00000000
233.48899266     0.00000000
234.15610407     0.00000000
234.82321548     0.00000000
235.49032688     0.00000000
236.15743829     0.00000000
236.82454970     0.00000000
237.49166111     0.00000000
238.15877252     0.00000000
238.82588392     0.00000000
239.49299533     0.00000000
240.16010674     0.00000000
240.82721815     0.00000000
241.49432955     0.00000000
242.16144096     0.00000000
242.82855237    -0.00000000
243.49566378    -0.00000000
244.16277518    -0.00000000
244.82988659    -0.00000000
245.49699800    -0.00000000
246.16410941    -0.00000000
246.83122081    -0.00000000
247.49833222    -0.00000000
248.16544363    -0.00000000
248.83255504    -0.00000000
249.49966644    -0.00000000
250.16677785    -0.00000000
250.83388926    -0.00000000
251.50100067    -0.00000000
252.16811207    -0.00000000
252.83522348    -0.00000000
253.50233489    -0.00000000
254.16944630    -0.00000000
254.83655771    -0.00000000
255.50366911    -0.00000000
256.17078052    -0.00000000
256.83789193    -0.00000000
257.50500334    -0.00000000
258.17211474    -0.00000000
258.83922615     0.00000000
259.50633756     0.00000000
260.17344897     0.00000000
260.84056037     0.00000000
261.50767178     0.00000000
262.17478319     0.00000000
262.84189460     0.00000000
263.50900600     0.00000000
264.17611741     0.00000000
264.84322882     0.00000000
265.51034023     0.00000000
266.17745163     0.00000000
266.84456304     0.00000000
267.51167445     0.00000000
268.17878586     0.00000000
268.84589726     0.00000000
269.51300867     0.00000000
270.18012008     0.00000000
270.84723149     0.00000000
271.51434290     0.00000000
272.18145430     0.00000000
272.84856571     0.00000000
273.51567712     0.00000000
274.18278853     0.00000000
274.84989993    -0.00000000
275.51701134    -0.00000000
276.18412275    -0.00000000
276.85123416    -0.00000000
277.51834556    -0.00000000
278.18545697    -0.00000000
278.85256838    -0.00000000
279.51967979    -0.00000000
280.18679119    -0.00000000
280.85390260    -0.00000000
281.52101401    -0.00000000
282.18812542    -0.00000000
282.85523682    -0.00000000
283.52234823    -0.00000000
284.18945964    -0.00000000
284.85657105    -0.00000000
285.52368245    -0.00000000
286.19079386    -0.00000000
286.85790527    -0.00000000
287.52501668    -0.00000000
288.19212809    -0.00000000
288.85923949    -0.00000000
289.52635090    -0.00000000
290.19346231    -0.00000000
290.86057372     0.00000000
291.52768512     0.00000000
292.19479653     0.00000000
292.86190794     0.00000000
293.52901935     0.00000000
294.19613075     0.00000000
294.86324216     0.00000000
295.53035357     0.00000000
296.19746498     0.00000000
296.86457638     0.00000000
297.53168779     0.00000000
298.19879920     0.00000000
298.86591061     0.00000000
299.53302201     0.00000000
300.20013342     0.00000000
300.86724483     0.00000000
301.53435624     0.00000000
302.20146765     0.00000000
302.86857905     0.00000000
303.53569046     0.00000000
304.20280187     0.00000000
304.86991328     0.00000000
305.53702468     0.00000000
306.20413609    -0.00000000
306.87124750    -0.00000000
307.53835891    -0.00000000
308.20547031    -0.00000000
308.87258172    -0.00000000
309.53969313    -0.00000000
310.20680454    -0.00000000
310.87391594    -0.00000000
311.54102735    -0.00000000
312.20813876    -0.00000000
312.87525017    -0.00000000
313.54236157    -0.00000000
314.20947298    -0.00000000
314.87658439    -0.00000000
315.54369580    -0.00000000
316.21080720    -0.00000000
316.87791861    -0.00000000
317.54503002    -0.00000000
318.21214143    -0.00000000
318.87925284    -0.00000000
319.54636424    -0.00000000
320.21347565    -0.00000000
320.88058706    -0.00000000
321.54769847     0.00000000
322.21480987     0.00000000
322.88192128     0.00000000
323.54903269     0.00000000
324.21614410     0.00000000
324.88325550     0.00000000
325.55036691     0.00000000
326.21747832     0.00000000
326.88458973     0.00000000
327.55170113     0.00000000
328.21881254     0.00000000
328.88592395     0.00000000
329.55303536     0.00000000
330.22014676     0.00000000
330.88725817     0.00000000
331.55436958     0.00000000
332.22148099     0.00000000
332.88859239     0.00000000
333.55570380     0.00000000
334.22281521     0.00000000
334.88992662     0.00000000
335.55703803     0.00000000
336.22414943    -0.00000000
336.89126084    -0.00000000
337.55837225    -0.00000000
338.22548366    -0.00000000
338.89259506    -0.00000000
339.55970647    -0.00000000
340.22681788    -0.00000000
340.89392929    -0.00000000
341.56104069    -0.00000000
342.22815210    -0.00000000
342.89526351    -0.00000000
343.56237492    -0.00000000
344.22948632    -0.00000000
344.89659773    -0.00000000
345.56370914    -0.00000000
346.23082055    -0.00000000
346.89793195    -0.00000000
347.56504336    -0.00000000
348.23215477    -0.00000000
348.89926618    -0.00000000
349.56637759    -0.00000000
350.23348899    -0.00000000
350.90060040     0.00000000
351.56771181     0.00000000
352.23482322     0.00000000
352.90193462     0.00000000
353.56904603     0.00000000
354.23615744     0.00000000
354.90326885     0.00000000
355.57038025     0.00000000
356.23749166     0.00000000
356.90460307     0.00000000
357.57171448     0.00000000
358.23882588     0.00000000
358.90593729     0.00000000
359.57304870     0.00000000
360.24016011     0.00000000
360.90727151     0.00000000
361.57438292     0.00000000
362.24149433     0.00000000
362.90860574     0.00000000
363.57571714     0.00000000
364.24282855     0.00000000
364.90993996     0.00000000
365.57705137    -0.00000000
366.24416278    -0.00000000
366.91127418    -0.00000000
367.57838559    -0.00000000
368.24549700    -0.00000000
368.91260841    -0.00000000
369.57971981    -0.00000000
370.24683122    -0.00000000
370.91394263    -0.00000000
371.58105404    -0.00000000
372.24816544    -0.00000000
372.91527685    -0.00000000
373.58238826    -0.00000000
374.24949967    -0.00000000
374.91661107    -0.00000000
375.58372248    -0.00000000
376.25083389    -0.00000000
376.91794530    -0.00000000
377.58505670    -0.00000000
378.25216811    -0.00000000
378.91927952    -0.00000000
379.58639093     0.00000000
380.25350233     0.00000000
380.92061374     0.00000000
381.58772515     0.00000000
382.25483656     0.00000000
382.92194797     0.00000000
383.58905937     0.00000000
384.25617078     0.00000000
384.92328219     0.00000000
385.59039360     0.00000000
386.25750500     0.00000000
386.92461641     0.00000000
387.59172782     0.00000000
388.25883923     0.00000000
388.92595063     0.00000000
389.59306204     0.00000000
390.26017345     0.00000000
390.92728486     0.00000000
391.59439626     0.00000000
392.26150767     0.00000000
392.92861908     0.00000000
393.59573049    -0.00000000
394.26284189    -0.00000000
394.92995330    -0.00000000
395.59706471    -0.00000000
396.26417612    -0.00000000
396.93128753    -0.00000000
397.59839893    -0.00000000
398.26551034    -0.00000000
398.93262175    -0.00000000
399.59973316    -0.00000000
400.26684456    -0.00000000
400.93395597    -0.00000000
401.60106738    -0.00000000
402.26817879    -0.00000000
402.93529019    -0.00000000
403.60240160    -0.00000000
404.26951301    -0.00000000
404.93662442    -0.00000000
405.60373582    -0.00000000
406.27084723    -0.00000000
406.93795864    -0.00000000
407.60507005     0.00000000
408.27218145     0.00000000
408.93929286     0.00000000
409.60640427     0.00000000
410.27351568     0.00000000
410.94062708     0.00000000
411.60773849     0.00000000
412.27484990     0.00000000
412.94196131     0.00000000
413.60907272     0.00000000
414.27618412     0.00000000
414.94329553     0.00000000
415.61040694     0.00000000
416.27751835     0.00000000
416.94462975     0.00000000
417.61174116     0.00000000
418.27885257     0.00000000
418.94596398     0.00000000
419.61307538     0.00000000
420.28018679     0.00000000
420.94729820     0.00000000
421.61440961    -0.00000000
422.28152101    -0.00000000
422.94863242    -0.00000000
423.61574383    -0.00000000
424.28285524    -0.00000000
424.94996664    -0.00000000
425.61707805    -0.00000000
426.28418946    -0.00000000
426.95130087    -0.00000000
427.61841227    -0.00000000
428.28552368    -0.00000000
428.95263509    -0.00000000
429.61974650    -0.00000000
430.28685791    -0.00000000
430.95396931    -0.00000000
431.62108072    -0.00000000
432.28819213    -0.00000000
432.95530354    -0.00000000
433.62241494    -0.00000000
434.28952635    -0.00000000
434.95663776    -0.00000000
435.62374917     0.00000000
436.29086057     0.00000000
436.95797198     0.00000000
437.62508339     0.00000000
438.29219480     0.00000000
438.95930620     0.00000000
439.62641761     0.00000000
440.29352902     0.00000000
440.96064043     0.00000000
441.62775183     0.00000000
442.29486324     0.00000000
442.96197465     0.00000000
443.62908606     0.00000000
444.29619746     0.00000000
444.96330887     0.00000000
445.63042028     0.00000000
446.29753169     0.00000000
446.96464310     0.00000000
447.63175450     0.00000000
448.29886591     0.00000000
448.96597732    -0.00000000
449.63308873    -0.00000000
450.30020013    -0.00000000
450.96731154    -0.00000000
451.63442295    -0.00000000
452.30153436    -0.00000000
452.96864576    -0.00000000
453.63575717    -0.00000000
454.30286858    -0.00000000
454.96997999    -0.00000000
455.63709139    -0.00000000
456.30420280    -0.00000000
456.97131421    -0.00000000
457.63842562    -0.00000000
458.30553702    -0.00000000
458.97264843    -0.00000000
459.63975984    -0.00000000
460.30687125    -0.00000000
460.97398266    -0.00000000
461.64109406    -0.00000000
462.30820547     0.00000000
462.97531688     0.00000000
463.64242829     0.00000000
464.30953969     0.00000000
464.97665110     0.00000000
465.64376251     0.00000000
466.31087392     0.00000000
466.97798532     0.00000000
467.64509673     0.00000000
468.31220814     0.00000000
468.97931955     0.00000000
469.64643095     0.00000000
470.31354236     0.00000000
470.98065377     0.00000000
471.64776518     0.00000000
472.31487658     0.00000000
472.98198799     0.00000000
473.64909940     0.00000000
474.31621081     0.00000000
474.98332221     0.00000000
475.65043362    -0.00000000
476.31754503    -0.00000000
476.98465644    -0.00000000
477.65176785    -0.00000000
478.31887925    -0.00000000
478.98599066    -0.00000000
479.65310207    -0.00000000
480.32021348    -0.00000000
480.98732488    -0.00000000
481.65443629    -0.00000000
482.32154770    -0.00000000
482.98865911    -0.00000000
483.65577051    -0.00000000
484.32288192    -0.00000000
484.98999333    -0.00000000
485.65710474    -0.00000000
486.32421614    -0.00000000
486.99132755    -0.00000000
487.65843896    -0.00000000
488.32555037    -0.00000000
488.99266177     0.00000000
489.65977318     0.00000000
490.32688459     0.00000000
490.99399600     0.00000000
491.66110740     0.00000000
492.32821881     0.00000000
492.99533022     0.00000000
493.66244163     0.00000000
494.32955304     0.00000000
494.99666444     0.00000000
495.66377585     0.00000000
496.33088726     0.00000000
496.99799867     0.00000000
497.66511007     0.00000000
498.33222148     0.00000000
498.99933289     0.00000000
499.66644430     0.00000000
500.33355570     0.00000000
501.00066711     0.00000000
501.66777852     0.00000000
502.33488993    -0.00000000
503.00200133    -0.00000000
503.66911274    -0.00000000
504.33622415    -0.00000000
505.00333556    -0.00000000
505.67044696    -0.00000000
506.33755837    -0.00000000
507.00466978    -0.00000000
507.67178119    -0.00000000
508.33889260    -0.00000000
509.00600400    -0.00000000
509.67311541    -0.00000000
510.34022682    -0.00000000
511.00733823    -0.00000000
511.67444963    -0.00000000
512.34156104    -0.00000000
513.00867245    -0.00000000
513.67578386    -0.00000000
514.34289526    -0.00000000
515.01000667     0.00000000
515.67711808     0.00000000
516.34422949     0.00000000
517.01134089     0.00000000
517.67845230     0.00000000
518.34556371     0.00000000
519.01267512     0.00000000
519.67978652     0.00000000
520.34689793     0.00000000
521.01400934     0.00000000
521.68112075     0.00000000
522.34823215     0.00000000
523.01534356     0.00000000
523.68245497     0.00000000
524.34956638     0.00000000
525.01667779     0.00000000
525.68378919     0.00000000
526.35090060     0.00000000
527.01801201     0.00000000
527.68512342    -0.00000000
528.35223482    -0.00000000
529.01934623    -0.00000000
529.68645764    -0.00000000
530.35356905    -0.00000000
531.02068045    -0.00000000
531.68779186    -0.00000000
532.35490327    -0.00000000
533.02201468    -0.00000000
533.68912608    -0.00000000
534.35623749    -0.00000000
535.02334890    -0.00000000
535.69046031    -0.00000000
536.35757171    -0.00000000
537.02468312    -0.00000000
537.69179453    -0.00000000
538.35890594    -0.00000000
539.02601734    -0.00000000
539.69312875    -0.00000000
540.36024016    -0.00000000
541.02735157     0.00000000
541.69446298     0.00000000
542.36157438     0.00000000
543.02868579     0.00000000
543.69579720     0.00000000
544.36290861     0.00000000
545.03002001     0.00000000
545.69713142     0.00000000
546.36424283     0.00000000
547.03135424     0.00000000
547.69846564     0.00000000
548.36557705     0.00000000
549.03268846     0.00000000
549.69979987     0.00000000
550.36691127     0.00000000
551.03402268     0.00000000
551.70113409     0.00000000
552.36824550     0.00000000
553.03535690     0.00000000
553.70246831    -0.00000000
554.36957972    -0.00000000
555.03669113    -0.00000000
555.70380254    -0.00000000
556.37091394    -0.00000000
557.03802535    -0.00000000
557.70513676    -0.00000000
558.37224817    -0.00000000
559.03935957    -0.00000000
559.70647098    -0.00000000
560.37358239    -0.00000000
561.04069380    -0.00000000
561.70780520    -0.00000000
562.37491661    -0.00000000
563.04202802    -0.00000000
563.70913943    -0.00000000
564.37625083    -0.00000000
565.04336224    -0.00000000
565.71047365     0.00000000
566.37758506     0.00000000
567.04469646     0.00000000
567.71180787     0.00000000
568.37891928     0.00000000
569.04603069     0.00000000
569.71314209     0.00000000
570.38025350     0.00000000
571.04736491     0.00000000
571.71447632     0.00000000
572.38158773     0.00000000
573.04869913     0.00000000
573.71581054     0.00000000
574.38292195     0.00000000
575.05003336     0.00000000
575.71714476     0.00000000
576.38425617     0.00000000
577.05136758     0.00000000
577.71847899     0.00000000
578.38559039    -0.00000000
579.05270180    -0.00000000
579.71981321    -0.00000000
580.38692462    -0.00000000
581.05403602    -0.00000000
581.72114743    -0.00000000
582.38825884    -0.00000000
583.05537025    -0.00000000
583.72248165    -0.00000000
584.38959306    -0.00000000
585.05670447    -0.00000000
585.72381588    -0.00000000
586.39092728    -0.00000000
587.05803869    -0.00000000
587.72515010    -0.00000000
588.39226151    -0.00000000
589.05937292    -0.00000000
589.72648432    -0.00000000
590.39359573    -0.00000000
591.06070714     0.00000000
591.72781855     0.00000000
592.39492995     0.00000000
593.06204136     0.00000000
593.72915277     0.00000000
594.39626418     0.00000000
595.06337558     0.00000000
595.73048699     0.00000000
596.39759840     0.00000000
597.06470981     0.00000000
597.73182121     0.00000000
598.39893262     0.00000000
599.06604403     0.00000000
599.73315544     0.00000000
600.40026684     0.00000000
601.06737825     0.00000000
601.73448966     0.00000000
602.40160107     0.00000000
603.06871247    -0.00000000
603.73582388    -0.00000000
604.40293529    -0.00000000
605.07004670    -0.00000000
605.73715811    -0.00000000
606.40426951    -0.00000000
607.07138092    -0.00000000
607.73849233    -0.00000000
608.40560374    -0.00000000
609.07271514    -0.00000000
609.73982655    -0.00000000
610.40693796    -0.00000000
611.07404937    -0.00000000
611.74116077    -0.00000000
612.40827218    -0.00000000
613.07538359    -0.00000000
613.74249500    -0.00000000
614.40960640    -0.00000000
615.07671781    -0.00000000
615.74382922     0.00000000
616.41094063     0.00000000
617.07805203     0.00000000
617.74516344     0.00000000
618.41227485     0.00000000
619.07938626     0.00000000
619.74649767     0.00000000
620.41360907     0.00000000
621.08072048     0.00000000
621.74783189     0.00000000
622.41494330     0.00000000
623.08205470     0.00000000
623.74916611     0.00000000
624.41627752     0.00000000
625.08338893     0.00000000
625.75050033     0.00000000
626.41761174     0.00000000
627.08472315     0.00000000
627.75183456    -0.00000000
628.41894596    -0.00000000
629.08605737    -0.00000000
629.75316878    -0.00000000
630.42028019    -0.00000000
631.08739159    -0.00000000
631.75450300    -0.00000000
632.42161441    -0.00000000
633.08872582    -0.00000000
633.75583722    -0.00000000
634.42294863    -0.00000000
635.09006004    -0.00000000
635.75717145    -0.00000000
636.42428286    -0.00000000
637.09139426    -0.00000000
637.75850567    -0.00000000
638.42561708    -0.00000000
639.09272849    -0.00000000
639.75983989     0.00000000
640.42695130     0.00000000
641.09406271     0.00000000
641.76117412     0.00000000
642.42828552     0.00000000
643.09539693     0.00000000
643.76250834     0.00000000
644.42961975     0.00000000
645.09673115     0.00000000
645.76384256     0.00000000
646.43095397     0.00000000
647.09806538     0.00000000
647.76517678     0.00000000
648.43228819     0.00000000
649.09939960     0.00000000
649.76651101     0.00000000
650.43362241     0.00000000
651.10073382     0.00000000
651.76784523    -0.00000000
652.43495664    -0.00000000
653.10206805    -0.00000000
653.76917945    -0.00000000
654.43629086    -0.00000000
655.10340227    -0.00000000
655.77051368    -0.00000000
656.43762508    -0.00000000
657.10473649    -0.00000000
657.77184790    -0.00000000
658.43895931    -0.00000000
659.10607071    -0.00000000
659.77318212    -0.00000000
660.44029353    -0.00000000
661.10740494    -0.00000000
661.77451634    -0.00000000
662.44162775    -0.00000000
663.10873916    -0.00000000
663.77585057     0.00000000
664.44296197     0.00000000
665.11007338     0.00000000
665.77718479     0.00000000
666.44429620     0.00000000
667.11140761     0.00000000
667.77851901     0.00000000
668.44563042     0.00000000
669.11274183     0.00000000
669.77985324     0.00000000
670.44696464     0.00000000
671.11407605     0.00000000
671.78118746     0.00000000
672.44829887     0.00000000
673.11541027     0.00000000
673.78252168     0.00000000
674.44963309     0.00000000
675.11674450     0.00000000
675.78385590    -0.00000000
676.45096731    -0.00000000
677.11807872    -0.00000000
677.78519013    -0.00000000
678.45230153    -0.00000000
679.11941294    -0.00000000
679.78652435    -0.00000000
680.45363576    -0.00000000
681.12074716    -0.00000000
681.78785857    -0.00000000
682.45496998    -0.00000000
683.12208139    -0.00000000
683.78919280    -0.00000000
684.45630420    -0.00000000
685.12341561    -0.00000000
685.79052702    -0.00000000
686.45763843    -0.00000000
687.12474983    -0.00000000
687.79186124     0.00000000
688.45897265     0.00000000
689.12608406     0.00000000
689.79319546     0.00000000
690.46030687     0.00000000
691.12741828     0.00000000
691.79452969     0.00000000
692.46164109     0.00000000
693.12875250     0.00000000
693.79586391     0.00000000
694.46297532     0.00000000
695.13008672     0.00000000
695.79719813     0.00000000
696.46430954     0.00000000
697.13142095     0.00000000
697.79853235     0.00000000
698.46564376     0.00000000
699.13275517    -0.00000000
699.79986658    -0.00000000
700.46697799    -0.00000000
701.13408939    -0.00000000
701.80120080    -0.00000000
702.46831221    -0.00000000
703.13542362    -0.00000000
703.80253502    -0.00000000
704.46964643    -0.00000000
705.13675784    -0.00000000
705.80386925    -0.00000000
706.47098065    -0.00000000
707.13809206    -0.00000000
707.80520347    -0.00000000
708.47231488    -0.00000000
709.13942628    -0.00000000
709.80653769    -0.00000000
710.47364910    -0.00000000
711.14076051     0.00000000
711.80787191     0.00000000
712.47498332     0.00000000
713.14209473     0.00000000
713.80920614     0.00000000
714.47631755     0.00000000
715.14342895     0.00000000
715.81054036     0.00000000
716.47765177     0.00000000
717.14476318     0.00000000
717.81187458     0.00000000
718.47898599     0.00000000
719.14609740     0.00000000
719.81320881     0.00000000
720.48032021     0.00000000
721.14743162     0.00000000
721.81454303     0.00000000
722.48165444    -0.00000000
723.14876584    -0.00000000
723.81587725    -0.00000000
724.48298866    -0.00000000
725.15010007    -0.00000000
725.81721147    -0.00000000
726.48432288    -0.00000000
727.15143429    -0.00000000
727.81854570    -0.00000000
728.48565710    -0.00000000
729.15276851    -0.00000000
729.81987992    -0.00000000
730.48699133    -0.00000000
731.15410274    -0.00000000
731.82121414    -0.00000000
732.48832555    -0.00000000
733.15543696    -0.00000000
733.82254837    -0.00000000
734.48965977     0.00000000
735.15677118     0.00000000
735.82388259     0.00000000
736.49099400     0.00000000
737.15810540     0.00000000
737.82521681     0.00000000
738.49232822     0.00000000
739.15943963     0.00000000
739.82655103     0.00000000
740.49366244     0.00000000
741.16077385     0.00000000
741.82788526     0.00000000
742.49499666     0.00000000
743.16210807     0.00000000
743.82921948     0.00000000
744.49633089     0.00000000
745.16344229     0.00000000
745.83055370    -0.00000000
746.49766511    -0.00000000
747.16477652    -0.00000000
747.83188793    -0.00000000
748.49899933    -0.00000000
749.16611074    -0.00000000
749.83322215    -0.00000000
750.50033356    -0.00000000
751.16744496    -0.00000000
751.83455637    -0.00000000
752.50166778    -0.00000000
753.16877919    -0.00000000
753.83589059    -0.00000000
754.50300200    -0.00000000
755.17011341    -0.00000000
755.83722482    -0.00000000
756.50433622    -0.00000000
757.17144763     0.00000000
757.83855904     0.00000000
758.50567045     0.00000000
759.17278185     0.00000000
759.83989326     0.00000000
760.50700467     0.00000000
761.17411608     0.00000000
761.84122748     0.00000000
762.50833889     0.00000000
763.17545030     0.00000000
763.84256171     0.00000000
764.50967312     0.00000000
765.17678452     0.00000000
765.84389593     0.00000000
766.51100734     0.00000000
767.17811875     0.00000000
767.84523015     0.00000000
768.51234156    -0.00000000
769.17945297    -0.00000000
769.84656438    -0.00000000
770.51367578    -0.00000000
771.18078719    -0.00000000
771.84789860    -0.00000000
772.51501001    -0.00000000
773.18212141    -0.00000000
773.84923282    -0.00000000
774.51634423    -0.00000000
775.18345564    -0.00000000
775.85056704    -0.00000000
776.51767845    -0.00000000
777.18478986    -0.00000000
777.85190127    -0.00000000
778.51901268    -0.00000000
779.18612408    -0.00000000
779.85323549     0.00000000
780.52034690     0.00000000
781.18745831     0.00000000
781.85456971     0.00000000
782.52168112     0.00000000
783.18879253     0.00000000
783.85590394     0.00000000
784.52301534     0.00000000
785.19012675     0.00000000
785.85723816     0.00000000
786.52434957     0.00000000
787.19146097     0.00000000
787.85857238     0.00000000
788.52568379     0.00000000
789.19279520     0.00000000
789.85990660     0.00000000
790.52701801     0.00000000
791.19412942    -0.00000000
791.86124083    -0.00000000
792.52835223    -0.00000000
793.19546364    -0.00000000
793.86257505    -0.00000000
794.52968646    -0.00000000
795.19679787    -0.00000000
795.86390927    -0.00000000
796.53102068    -0.00000000
797.19813209    -0.00000000
797.86524350    -0.00000000
798.53235490    -0.00000000
799.19946631    -0.00000000
799.86657772    -0.00000000
800.53368913    -0.00000000
801.20080053    -0.00000000
801.86791194    -0.00000000
802.53502335     0.00000000
803.20213476     0.00000000
803.86924616     0.00000000
804.53635757     0.00000000
805.20346898     0.00000000
805.87058039     0.00000000
806.53769179     0.00000000
807.20480320     0.00000000
807.87191461     0.00000000
808.53902602     0.00000000
809.20613742     0.00000000
809.87324883     0.00000000
810.54036024     0.00000000
811.20747165     0.00000000
811.87458306     0.00000000
812.54169446     0.00000000
813.20880587     0.00000000
813.87591728    -0.00000000
814.54302869    -0.00000000
815.21014009    -0.00000000
815.87725150    -0.00000000
816.54436291    -0.00000000
817.21147432    -0.00000000
817.87858572    -0.00000000
818.54569713    -0.00000000
819.21280854    -0.00000000
819.87991995    -0.00000000
820.54703135    -0.00000000
821.21414276    -0.00000000
821.88125417    -0.00000000
822.54836558    -0.00000000
823.21547698    -0.00000000
823.88258839    -0.00000000
824.54969980    -0.00000000
825.21681121     0.00000000
825.88392262     0.00000000
826.55103402     0.00000000
827.21814543     0.00000000
827.88525684     0.00000000
828.55236825     0.00000000
829.21947965     0.00000000
829.88659106     0.00000000
830.55370247     0.00000000
831.22081388     0.00000000
831.88792528     0.00000000
832.55503669     0.00000000
833.22214810     0.00000000
833.88925951     0.00000000
834.55637091     0.00000000
835.22348232     0.00000000
835.89059373     0.00000000
836.55770514    -0.00000000
837.22481654    -0.00000000
837.89192795    -0.00000000
838.55903936    -0.00000000
839.22615077    -0.00000000
839.89326217    -0.00000000
840.56037358    -0.00000000
841.22748499    -0.00000000
841.89459640    -0.00000000
842.56170781    -0.00000000
843.22881921    -0.00000000
843.89593062    -0.00000000
844.56304203    -0.00000000
845.23015344    -0.00000000
845.89726484    -0.00000000
846.56437625    -0.00000000
847.23148766     0.00000000
847.89859907     0.00000000
848.56571047     0.00000000
849.23282188     0.00000000
849.89993329     0.00000000
850.56704470     0.00000000
851.23415610     0.00000000
851.90126751     0.00000000
852.56837892     0.00000000
853.23549033     0.00000000
853.90260173     0.00000000
854.56971314     0.00000000
855.23682455     0.00000000
855.90393596     0.00000000
856.57104736     0.00000000
857.23815877     0.00000000
857.90527018     0.00000000
858.57238159    -0.00000000
859.23949300    -0.00000000
859.90660440    -0.00000000
860.57371581    -0.00000000
861.24082722    -0.00000000
861.90793863    -0.00000000
862.57505003    -0.00000000
863.24216144    -0.00000000
863.90927285    -0.00000000
864.57638426    -0.00000000
865.24349566    -0.00000000
865.91060707    -0.00000000
866.57771848    -0.00000000
867.24482989    -0.00000000
867.91194129    -0.00000000
868.57905270    -0.00000000
869.24616411     0.00000000
869.91327552     0.00000000
870.58038692     0.00000000
871.24749833     0.00000000
871.91460974     0.00000000
872.58172115     0.00000000
873.24883256     0.00000000
873.91594396     0.00000000
874.58305537     0.00000000
875.25016678     0.00000000
875.91727819     0.00000000
876.58438959     0.00000000
877.25150100     0.00000000
877.91861241     0.00000000
878.58572382     0.00000000
879.25283522     0.00000000
879.91994663     0.00000000
880.58705804    -0.00000000
881.25416945    -0.00000000
881.92128085    -0.00000000
882.58839226    -0.00000000
883.25550367    -0.00000000
883.92261508    -0.00000000
884.58972648    -0.00000000
885.25683789    -0.00000000
885.92394930    -0.00000000
886.59106071    -0.00000000
887.25817211    -0.00000000
887.92528352    -0.00000000
888.59239493    -0.00000000
889.25950634    -0.00000000
889.92661775    -0.00000000
890.59372915    -0.00000000
891.26084056     0.00000000
891.92795197     0.00000000
892.59506338     0.00000000
893.26217478     0.00000000
893.92928619     0.00000000
894.59639760     0.00000000
895.26350901     0.00000000
895.93062041     0.00000000
896.59773182     0.00000000
897.26484323     0.00000000
897.93195464     0.00000000
898.59906604     0.00000000
899.26617745     0.00000000
899.93328886     0.00000000
900.60040027     0.00000000
901.26751167     0.00000000
901.93462308    -0.00000000
902.60173449    -0.00000000
903.26884590    -0.00000000
903.93595730    -0.00000000
904.60306871    -0.00000000
905.27018012    -0.00000000
905.93729153    -0.00000000
906.60440294    -0.00000000
907.27151434    -0.00000000
907.93862575    -0.00000000
908.60573716    -0.00000000
909.27284857    -0.00000000
909.93995997    -0.00000000
910.60707138    -0.00000000
911.27418279    -0.00000000
911.94129420    -0.00000000
912.60840560    -0.00000000
913.27551701     0.00000000
913.94262842     0.00000000
914.60973983     0.00000000
915.27685123     0.00000000
915.94396264     0.00000000
916.61107405     0.00000000
917.27818546     0.00000000
917.94529686     0.00000000
918.61240827     0.00000000
919.27951968     0.00000000
919.94663109     0.00000000
920.61374249     0.00000000
921.28085390     0.00000000
921.94796531     0.00000000
922.61507672     0.00000000
923.28218813     0.00000000
923.94929953    -0.00000000
924.61641094    -0.00000000
925.28352235    -0.00000000
925.95063376    -0.00000000
926.61774516    -0.00000000
927.28485657    -0.00000000
927.95196798    -0.00000000
928.61907939    -0.00000000
929.28619079    -0.00000000
929.95330220    -0.00000000
930.62041361    -0.00000000
931.28752502    -0.00000000
931.95463642    -0.00000000
932.62174783    -0.00000000
933.28885924    -0.00000000
933.95597065    -0.00000000
934.62308205     0.00000000
935.29019346     0.00000000
935.95730487     0.00000000
936.62441628     0.00000000
937.29152769     0.00000000
937.95863909     0.00000000
938.62575050     0.00000000
939.29286191     0.00000000
939.95997332     0.00000000
940.62708472     0.00000000
941.29419613     0.00000000
941.96130754     0.00000000
942.62841895     0.00000000
943.29553035     0.00000000
943.96264176     0.00000000
944.62975317     0.00000000
945.29686458    -0.00000000
945.96397598    -0.00000000
946.63108739    -0.00000000
947.29819880    -0.00000000
947.96531021    -0.00000000
948.63242161    -0.00000000
949.29953302    -0.00000000
949.96664443    -0.00000000
950.63375584    -0.00000000
951.30086724    -0.00000000
951.96797865    -0.00000000
952.63509006    -0.00000000
953.30220147    -0.00000000
953.96931288    -0.00000000
954.63642428    -0.00000000
955.30353569    -0.00000000
955.97064710     0.00000000
956.63775851     0.00000000
957.30486991     0.00000000
957.97198132     0.00000000
958.63909273     0.00000000
959.30620414     0.00000000
959.97331554     0.00000000
960.64042695     0.00000000
961.30753836     0.00000000
961.97464977     0.00000000
962.64176117     0.00000000
963.30887258     0.00000000
963.97598399     0.00000000
964.64309540     0.00000000
965.31020680     0.00000000
965.97731821     0.00000000
966.64442962    -0.00000000
967.31154103    -0.00000000
967.97865243    -0.00000000
968.64576384    -0.00000000
969.31287525    -0.00000000
969.97998666    -0.00000000
970.64709807    -0.00000000
971.31420947    -0.00000000
971.98132088    -0.00000000
972.64843229    -0.00000000
973.31554370    -0.00000000
973.98265510    -0.00000000
974.64976651    -0.00000000
975.31687792    -0.00000000
975.98398933    -0.00000000
976.65110073    -0.00000000
977.31821214     0.00000000
977.98532355     0.00000000
978.65243496     0.00000000
979.31954636     0.00000000
979.98665777     0.00000000
980.65376918     0.00000000
981.32088059     0.00000000
981.98799199     0.00000000
982.65510340     0.00000000
983.32221481     0.00000000
983.98932622     0.00000000
984.65643763     0.00000000
985.32354903     0.00000000
985.99066044     0.00000000
986.65777185     0.00000000
987.32488326     0.00000000
987.99199466    -0.00000000
988.65910607    -0.00000000
989.32621748    -0.00000000
989.99332889    -0.00000000
990.66044029    -0.00000000
991.32755170    -0.00000000
991.99466311    -0.00000000
992.66177452    -0.00000000
993.32888592    -0.00000000
993.99599733    -0.00000000
994.66310874    -0.00000000
995.33022015    -0.00000000
995.99733155    -0.00000000
996.66444296    -0.00000000
997.33155437    -0.00000000
997.99866578     0.00000000
998.66577718     0.00000000
999.33288859     0.00000000
1000.00000000     0.00000000
