  0.00000000    -1.49104171
  0.66711141    -1.39770838
  1.33422282    -1.30711084
  2.00133422    -1.21924910
  2.66844563    -1.13412058
  3.33555704    -1.05172015
  4.00266845    -0.97204015
  4.66977985    -0.89507036
  5.33689126    -0.82079809
  6.00400267    -0.74920816
  6.67111408    -0.68028296
  7.33822548    -0.61400247
  8.00533689    -0.55034434
  8.67244830    -0.48928387
  9.33955971    -0.43079414
 10.00667111    -0.37484600
 10.67378252    -0.32140819
 11.34089393    -0.27044733
 12.00800534    -0.22192808
 12.67511674    -0.17581312
 13.34222815    -0.13206328
 14.00933956    -0.09063760
 14.67645097    -0.05149343
 15.34356237    -0.01458647
 16.01067378     0.02012910
 16.67778519     0.05270055
 17.34489660     0.08317653
 18.01200801     0.11160693
 18.67911941     0.13804283
 19.34623082     0.16253638
 20.01334223     0.18514072
 20.68045364     0.20590988
 21.34756504     0.22489866
 22.01467645     0.24216258
 22.68178786     0.25775773
 23.34889927     0.27174069
 24.01601067     0.28416845
 24.68312208     0.29509829
 25.35023349     0.30458770
 26.01734490     0.31269427
 26.68445630     0.31947560
 27.35156771     0.32498921
 28.01867912     0.32929246
 28.68579053     0.33244242
 29.35290193     0.33449584
 30.02001334     0.33550901
 30.68712475     0.33553772
 31.35423616     0.33463715
 32.02134757     0.33286182
 32.68845897     0.33026547
 33.35557038     0.32690104
 34.02268179     0.32282057
 34.68979320     0.31807514
 35.35690460     0.31271482
 36.02401601     0.30678858
 36.69112742     0.30034429
 37.35823883     0.29342860
 38.02535023     0.28608694
 38.69246164     0.27836346
 39.35957305     0.27030101
 40.02668446     0.26194105
 40.69379586     0.25332368
 41.36090727     0.24448757
 42.02801868     0.23546994
 42.69513009     0.22630657
 43.36224149     0.21703173
 44.02935290     0.20767822
 44.69646431     0.19827730
 45.36357572     0.18885876
 46.03068712     0.17945082
 46.69779853     0.17008023
 47.36490994     0.16077221
 48.03202135     0.15155046
 48.69913276     0.14243720
 49.36624416     0.13345317
 50.03335557     0.12461762
 50.70046698     0.11594839
 51.36757839     0.10746186
 52.03468979     0.09917302
 52.70180120     0.09109549
 53.36891261     0.08324154
 54.03602402     0.07562213
 54.70313542     0.06824693
 55.37024683     0.06112439
 56.03735824     0.05426171
 56.70446965     0.04766497
 57.37158105     0.04133908
 58.03869246     0.03528790
 58.70580387     0.02951420
 59.37291528     0.02401981
 60.04002668     0.01880554
 60.70713809     0.01387134
 61.37424950     0.00921627
 62.04136091     0.00483857
 62.70847231     0.00073573
 63.37558372    -0.00309550
 64.04269513    -0.00665906
 64.70980654    -0.00995950
 65.37691795    -0.01300197
 66.04402935    -0.01579214
 66.71114076    -0.01833621
 67.37825217    -0.02064078
 68.04536358    -0.02271291
 68.71247498    -0.02455998
 69.37958639    -0.02618970
 70.04669780    -0.02761006
 70.71380921    -0.02882931
 71.38092061    -0.02985585
 72.04803202    -0.03069829
 72.71514343    -0.03136533
 73.38225484    -0.03186579
 74.04936624    -0.03220850
 74.71647765    -0.03240237
 75.38358906    -0.03245625
 76.05070047    -0.03237898
 76.71781187    -0.03217934
 77.38492328    -0.03186600
 78.05203469    -0.03144752
 78.71914610    -0.03093233
 79.38625751    -0.03032869
 80.05336891    -0.02964468
 80.72048032    -0.02888819
 81.38759173    -0.02806690
 82.05470314    -0.02718824
 82.72181454    -0.02625940
 83.38892595    -0.02528734
 84.05603736    -0.02427873
 84.72314877    -0.02323996
 85.39026017    -0.02217717
 86.05737158    -0.02109619
 86.72448299    -0.02000254
 87.39159440    -0.01890149
 88.05870580    -0.01779796
 88.72581721    -0.01669661
 89.39292862    -0.01560178
 90.06004003    -0.01451751
 90.72715143    -0.01344755
 91.39426284    -0.01239537
 92.06137425    -0.01136412
 92.72848566    -0.01035669
 93.39559706    -0.00937568
 94.06270847    -0.00842343
 94.72981988    -0.00750199
 95.39693129    -0.00661319
 96.06404270    -0.00575857
 96.73115410    -0.00493946
 97.39826551    -0.00415695
 98.06537692    -0.00341191
 98.73248833    -0.00270499
 99.39959973    -0.00203664
100.06671114    -0.00140713
100.73382255    -0.00081655
101.40093396    -0.00026479
102.06804536     0.00024837
102.73515677     0.00072334
103.40226818     0.00116064
104.06937959     0.00156094
104.73649099     0.00192501
105.40360240     0.00225373
106.07071381     0.00254807
106.73782522     0.00280911
107.40493662     0.00303796
108.07204803     0.00323585
108.73915944     0.00340402
109.40627085     0.00354379
110.07338225     0.00365650
110.74049366     0.00374353
111.40760507     0.00380628
112.07471648     0.00384617
112.74182789     0.00386462
113.40893929     0.00386305
114.07605070     0.00384290
114.74316211     0.00380556
115.41027352     0.00375243
116.07738492     0.00368489
116.74449633     0.00360427
117.41160774     0.00351190
118.07871915     0.00340904
118.74583055     0.00329695
119.41294196     0.00317682
120.08005337     0.00304981
120.74716478     0.00291703
121.41427618     0.00277954
122.08138759     0.00263834
122.74849900     0.00249440
123.41561041     0.00234862
124.08272181     0.00220185
124.74983322     0.00205490
125.41694463     0.00190849
126.08405604     0.00176332
126.75116744     0.00162004
127.41827885     0.00147920
128.08539026     0.00134136
128.75250167     0.00120698
129.41961308     0.00107649
130.08672448     0.00095028
130.75383589     0.00082866
131.42094730     0.00071192
132.08805871     0.00060032
132.75517011     0.00049403
133.42228152     0.00039322
134.08939293     0.00029801
134.75650434     0.00020847
135.42361574     0.00012466
136.09072715     0.00004659
136.75783856    -0.00002576
137.42494997    -0.00009243
138.09206137    -0.00015348
138.75917278    -0.00020903
139.42628419    -0.00025917
140.09339560    -0.00030405
140.76050700    -0.00034382
141.42761841    -0.00037864
142.09472982    -0.00040871
142.76184123    -0.00043420
143.42895264    -0.00045534
144.09606404    -0.00047233
144.76317545    -0.00048538
145.43028686    -0.00049473
146.09739827    -0.00050060
146.76450967    -0.00050323
147.43162108    -0.00050283
148.09873249    -0.00049964
148.76584390    -0.00049390
149.43295530    -0.00048581
150.10006671    -0.00047561
150.76717812    -0.00046352
151.43428953    -0.00044974
152.10140093    -0.00043447
152.76851234    -0.00041792
153.43562375    -0.00040028
154.10273516    -0.00038173
154.76984656    -0.00036244
155.43695797    -0.00034258
156.10406938    -0.00032230
156.77118079    -0.00030175
157.43829219    -0.00028107
158.10540360    -0.00026039
158.77251501    -0.00023983
159.43962642    -0.00021949
160.10673783    -0.00019947
160.77384923    -0.00017987
161.44096064    -0.00016076
162.10807205    -0.00014222
162.77518346    -0.00012432
163.44229486    -0.00010710
164.10940627    -0.00009062
164.77651768    -0.00007491
165.44362909    -0.00006000
166.11074049    -0.00004593
166.77785190    -0.00003271
167.44496331    -0.00002035
168.11207472    -0.00000886
168.77918612     0.00000176
169.44629753     0.00001152
170.11340894     0.00002042
170.78052035     0.00002849
171.44763175     0.00003573
172.11474316     0.00004217
172.78185457     0.00004782
173.44896598     0.00005273
174.11607738     0.00005692
174.78318879     0.00006042
175.45030020     0.00006325
176.11741161     0.00006547
176.78452302     0.00006710
177.45163442     0.00006818
178.11874583     0.00006874
178.78585724     0.00006883
179.45296865     0.00006848
180.12008005     0.00006773
180.78719146     0.00006661
181.45430287     0.00006516
182.12141428     0.00006342
182.78852568     0.00006142
183.45563709     0.00005919
184.12274850     0.00005677
184.78985991     0.00005418
185.45697131     0.00005146
186.12408272     0.00004863
186.79119413     0.00004572
187.45830554     0.00004276
188.12541694     0.00003976
188.79252835     0.00003676
189.45963976     0.00003376
190.12675117     0.00003079
190.79386258     0.00002787
191.46097398     0.00002501
192.12808539     0.00002222
192.79519680     0.00001952
193.46230821     0.00001691
194.12941961     0.00001441
194.79653102     0.00001202
195.46364243     0.00000975
196.13075384     0.00000760
196.79786524     0.00000558
197.46497665     0.00000370
198.13208806     0.00000194
198.79919947     0.00000032
199.46631087    -0.00000116
200.13342228    -0.00000252
200.80053369    -0.00000374
201.46764510    -0.00000484
202.13475650    -0.00000581
202.80186791    -0.00000666
203.46897932    -0.00000740
204.13609073    -0.00000802
204.80320213    -0.00000854
205.47031354    -0.00000895
206.13742495    -0.00000927
206.80453636    -0.00000950
207.47164777    -0.00000964
208.13875917    -0.00000971
208.80587058    -0.00000970
209.47298199    -0.00000963
210.14009340    -0.00000950
210.80720480    -0.00000931
211.47431621    -0.00000907
212.14142762    -0.00000879
212.80853903    -0.00000848
213.47565043    -0.00000813
214.14276184    -0.00000775
214.80987325    -0.00000736
215.47698466    -0.00000694
216.14409606    -0.00000651
216.81120747    -0.00000607
217.47831888    -0.00000563
218.14543029    -0.00000519
218.81254169    -0.00000474
219.47965310    -0.00000430
220.14676451    -0.00000387
220.81387592    -0.00000345
221.48098732    -0.00000304
222.14809873    -0.00000264
222.81521014    -0.00000226
223.48232155    -0.00000189
224.14943296    -0.00000154
224.81654436    -0.00000122
225.48365577    -0.00000091
226.15076718    -0.00000062
226.81787859    -0.00000035
227.48498999    -0.00000010
228.15210140     0.00000013
228.81921281     0.00000033
229.48632422     0.00000052
230.15343562     0.00000068
230.82054703     0.00000083
231.48765844     0.00000096
232.15476985     0.00000107
232.82188125     0.00000116
233.48899266     0.00000124
234.15610407     0.00000130
234.82321548     0.00000134
235.49032688     0.00000138
236.15743829     0.00000139
236.82454970     0.00000140
237.49166111     0.00000140
238.15877252     0.00000138
238.82588392     0.00000136
239.49299533     0.00000133
240.16010674     0.00000129
240.82721815     0.00000124
241.49432955     0.00000119
242.16144096     0.00000114
242.82855237     0.00000108
243.49566378     0.00000102
244.16277518     0.00000095
244.82988659     0.00000089
245.49699800     0.00000082
246.16410941     0.00000075
246.83122081     0.00000069
247.49833222     0.00000062
248.16544363     0.00000056
248.83255504     0.00000049
249.49966644     0.00000043
250.16677785     0.00000037
250.83388926     0.00000032
251.50100067     0.00000026
252.16811207     0.00000021
252.83522348     0.00000016
253.50233489     0.00000012
254.16944630     0.00000007
254.83655771     0.00000003
255.50366911    -0.00000000
256.17078052    -0.00000004
256.83789193    -0.00000006
257.50500334    -0.00000009
258.17211474    -0.00000011
258.83922615    -0.00000013
259.50633756    -0.00000015
260.17344897    -0.00000017
260.84056037    -0.00000018
261.50767178    -0.00000019
262.17478319    -0.00000020
262.84189460    -0.00000020
263.50900600    -0.00000020
264.17611741    -0.00000020
264.84322882    -0.00000020
265.51034023    -0.00000020
266.17745163    -0.00000020
266.84456304    -0.00000019
267.51167445    -0.00000019
268.17878586    -0.00000018
268.84589726    -0.00000017
269.51300867    -0.00000016
270.18012008    -0.00000016
270.84723149    -0.00000015
271.51434290    -0.00000014
272.18145430    -0.00000013
272.84856571    -0.00000012
273.51567712    -0.00000011
274.18278853    -0.00000010
274.84989993    -0.00000009
275.51701134    -0.00000008
276.18412275    -0.00000007
276.85123416    -0.00000006
277.51834556    -0.00000005
278.18545697    -0.00000004
278.85256838    -0.00000003
279.51967979    -0.00000003
280.18679119    -0.00000002
280.85390260    -0.00000001
281.52101401    -0.00000001
282.18812542     0.00000000
282.85523682     0.00000001
283.52234823     0.00000001
284.18945964     0.00000001
284.85657105     0.00000002
285.52368245     0.00000002
286.19079386     0.00000002
286.85790527     0.00000003
287.52501668     0.00000003
288.19212809     0.00000003
288.85923949     0.00000003
289.52635090     0.00000003
290.19346231     0.00000003
290.86057372     0.00000003
291.52768512     0.00000003
292.19479653     0.00000003
292.86190794     0.00000003
293.52901935     0.00000003
294.19613075     0.00000003
294.86324216     0.00000003
295.53035357     0.00000002
296.19746498     0.00000002
296.86457638     0.00000002
297.53168779     0.00000002
298.19879920     0.00000002
298.86591061     0.00000002
299.53302201     0.00000002
300.20013342     0.00000001
300.86724483     0.00000001
301.53435624     0.00000001
302.20146765     0.00000001
302.86857905     0.00000001
303.53569046     0.00000001
304.20280187     0.00000001
304.86991328     0.00000000
305.53702468     0.00000000
306.20413609     0.00000000
306.87124750     0.00000000
307.53835891     0.00000000
308.20547031    -0.00000000
308.87258172    -0.00000000
309.53969313    -0.00000000
310.20680454    -0.00000000
310.87391594    -0.00000000
311.54102735    -0.00000000
312.20813876    -0.00000000
312.87525017    -0.00000000
313.54236157    -0.00000000
314.20947298    -0.00000000
314.87658439    -0.00000000
315.54369580    -0.00000000
316.21080720    -0.00000000
316.87791861    -0.00000000
317.54503002    -0.00000000
318.21214143    -0.00000000
318.87925284    -0.00000000
319.54636424    -0.00000000
320.21347565    -0.00000000
320.88058706    -0.00000000
321.54769847    -0.00000000
322.21480987    -0.00000000
322.88192128    -0.00000000
323.54903269    -0.00000000
324.21614410    -0.00000000
324.88325550    -0.00000000
325.55036691    -0.00000000
326.21747832    -0.00000000
326.88458973    -0.00000000
327.55170113    -0.00000000
328.21881254    -0.00000000
328.88592395    -0.00000000
329.55303536    -0.00000000
330.22014676    -0.00000000
330.88725817    -0.00000000
331.55436958    -0.00000000
332.22148099    -0.00000000
332.88859239    -0.00000000
333.55570380     0.00000000
334.22281521     0.00000000
334.88992662     0.00000000
335.55703803     0.00000000
336.22414943     0.00000000
336.89126084     0.00000000
337.55837225     0.00000000
338.22548366     0.00000000
338.89259506     0.00000000
339.55970647     0.00000000
340.22681788     0.00000000
340.89392929     0.00000000
341.56104069     0.00000000
342.22815210     0.00000000
342.89526351     0.00000000
343.56237492     0.00000000
344.22948632     0.00000000
344.89659773     0.00000000
345.56370914     0.00000000
346.23082055     0.00000000
346.89793195     0.00000000
347.56504336     0.00000000
348.23215477     0.00000000
348.89926618     0.00000000
349.56637759     0.00000000
350.23348899     0.00000000
350.90060040     0.00000000
351.56771181     0.00000000
352.23482322     0.00000000
352.90193462     0.00000000
353.56904603     0.00000000
354.23615744     0.00000000
354.90326885     0.00000000
355.57038025     0.00000000
356.23749166     0.00000000
356.90460307     0.00000000
357.57171448     0.00000000
358.23882588    -0.00000000
358.90593729    -0.00000000
359.57304870    -0.00000000
360.24016011    -0.00000000
360.90727151    -0.00000000
361.57438292    -0.00000000
362.24149433    -0.00000000
362.90860574    -0.00000000
363.57571714    -0.00000000
364.24282855    -0.00000000
364.90993996    -0.00000000
365.57705137    -0.00000000
366.24416278    -0.00000000
366.91127418    -0.00000000
367.57838559    -0.00000000
368.24549700    -0.00000000
368.91260841    -0.00000000
369.57971981    -0.00000000
370.24683122    -0.00000000
370.91394263    -0.00000000
371.58105404    -0.00000000
372.24816544    -0.00000000
372.91527685    -0.00000000
373.58238826    -0.00000000
374.24949967    -0.00000000
374.91661107    -0.00000000
375.58372248    -0.00000000
376.25083389    -0.00000000
376.91794530    -0.00000000
377.58505670    -0.00000000
378.25216811    -0.00000000
378.91927952    -0.00000000
379.58639093    -0.00000000
380.25350233    -0.00000000
380.92061374    -0.00000000
381.58772515    -0.00000000
382.25483656     0.00000000
382.92194797     0.00000000
383.58905937     0.00000000
384.25617078     0.00000000
384.92328219     0.00000000
385.59039360     0.00000000
386.25750500     0.00000000
386.92461641     0.00000000
387.59172782     0.00000000
388.25883923     0.00000000
388.92595063     0.00000000
389.59306204     0.00000000
390.26017345     0.00000000
390.92728486     0.00000000
391.59439626     0.00000000
392.26150767     0.00000000
392.92861908     0.00000000
393.59573049     0.00000000
394.26284189     0.00000000
394.92995330     0.00000000
395.59706471     0.00000000
396.26417612     0.00000000
396.93128753     0.00000000
397.59839893     0.00000000
398.26551034     0.00000000
398.93262175     0.00000000
399.59973316     0.00000000
400.26684456     0.00000000
400.93395597     0.00000000
401.60106738     0.00000000
402.26817879     0.00000000
402.93529019     0.00000000
403.60240160     0.00000000
404.26951301     0.00000000
404.93662442     0.00000000
405.60373582    -0.00000000
406.27084723    -0.00000000
406.93795864    -0.00000000
407.60507005    -0.00000000
408.27218145    -0.00000000
408.93929286    -0.00000000
409.60640427    -0.00000000
410.27351568    -0.00000000
410.94062708    -0.00000000
411.60773849    -0.00000000
412.27484990    -0.00000000
412.94196131    -0.00000000
413.60907272    -0.00000000
414.27618412    -0.00000000
414.94329553    -0.00000000
415.61040694    -0.00000000
416.27751835    -0.00000000
416.94462975    -0.00000000
417.61174116    -0.00000000
418.27885257    -0.00000000
418.94596398    -0.00000000
419.61307538    -0.00000000
420.28018679    -0.00000000
420.94729820    -0.00000000
421.61440961    -0.00000000
422.28152101    -0.00000000
422.94863242    -0.00000000
423.61574383    -0.00000000
424.28285524    -0.00000000
424.94996664    -0.00000000
425.61707805    -0.00000000
426.28418946    -0.00000000
426.95130087    -0.00000000
427.61841227    -0.00000000
428.28552368    -0.00000000
428.95263509     0.00000000
429.61974650     0.00000000
430.28685791     0.00000000
430.95396931     0.00000000
431.62108072     0.00000000
432.28819213     0.00000000
432.95530354     0.00000000
433.62241494     0.00000000
434.28952635     0.00000000
434.95663776     0.00000000
435.62374917     0.00000000
436.29086057     0.00000000
436.95797198     0.00000000
437.62508339     0.00000000
438.29219480     0.00000000
438.95930620     0.00000000
439.62641761     0.00000000
440.29352902     0.00000000
440.96064043     0.00000000
441.62775183     0.00000000
442.29486324     0.00000000
442.96197465     0.00000000
443.62908606     0.00000000
444.29619746     0.00000000
444.96330887     0.00000000
445.63042028     0.00000000
446.29753169     0.00000000
446.96464310     0.00000000
447.63175450     0.00000000
448.29886591     0.00000000
448.96597732     0.00000000
449.63308873     0.00000000
450.30020013     0.00000000
450.96731154     0.00000000
451.63442295    -0.00000000
452.30153436    -0.00000000
452.96864576    -0.00000000
453.63575717    -0.00000000
454.30286858    -0.00000000
454.96997999    -0.00000000
455.63709139    -0.00000000
456.30420280    -0.00000000
456.97131421    -0.00000000
457.63842562    -0.00000000
458.30553702    -0.00000000
458.97264843    -0.00000000
459.63975984    -0.00000000
460.30687125    -0.00000000
460.97398266    -0.00000000
461.64109406    -0.00000000
462.30820547    -0.00000000
462.97531688    -0.00000000
463.64242829    -0.00000000
464.30953969    -0.00000000
464.97665110    -0.00000000
465.64376251    -0.00000000
466.31087392    -0.00000000
466.97798532    -0.00000000
467.64509673    -0.00000000
468.31220814    -0.00000000
468.97931955    -0.00000000
469.64643095    -0.00000000
470.31354236    -0.00000000
470.98065377    -0.00000000
471.64776518    -0.00000000
472.31487658    -0.00000000
472.98198799    -0.00000000
473.64909940    -0.00000000
474.31621081     0.00000000
474.98332221     0.00000000
475.65043362     0.00000000
476.31754503     0.00000000
476.98465644     0.00000000
477.65176785     0.00000000
478.31887925     0.00000000
478.98599066     0.00000000
479.65310207     0.00000000
480.32021348     0.00000000
480.98732488     0.00000000
481.65443629     0.00000000
482.32154770     0.00000000
482.98865911     0.00000000
483.65577051     0.00000000
484.32288192     0.00000000
484.98999333     0.00000000
485.65710474     0.00000000
486.32421614     0.00000000
486.99132755     0.00000000
487.65843896     0.00000000
488.32555037     0.00000000
488.99266177     0.00000000
489.65977318     0.00000000
490.32688459     0.00000000
490.99399600     0.00000000
491.66110740     0.00000000
492.32821881     0.00000000
492.99533022     0.00000000
493.66244163     0.00000000
494.32955304     0.00000000
494.99666444     0.00000000
495.66377585     0.00000000
496.33088726    -0.00000000
496.99799867    -0.00000000
497.66511007    -0.00000000
498.33222148    -0.00000000
498.99933289    -0.00000000
499.66644430    -0.00000000
500.33355570    -0.00000000
501.00066711    -0.00000000
501.66777852    -0.00000000
502.33488993    -0.00000000
503.00200133    -0.00000000
503.66911274    -0.00000000
504.33622415    -0.00000000
505.00333556    -0.00000000
505.67044696    -0.00000000
506.33755837    -0.00000000
507.00466978    -0.00000000
507.67178119    -0.00000000
508.33889260    -0.00000000
509.00600400    -0.00000000
509.67311541    -0.00000000
510.34022682    -0.00000000
511.00733823    -0.00000000
511.67444963    -0.00000000
512.34156104    -0.00000000
513.00867245    -0.00000000
513.67578386    -0.00000000
514.34289526    -0.00000000
515.01000667    -0.00000000
515.67711808    -0.00000000
516.34422949    -0.00000000
517.01134089    -0.00000000
517.67845230     0.00000000
518.34556371     0.00000000
519.01267512     0.00000000
519.67978652     0.00000000
520.34689793     0.00000000
521.01400934     0.00000000
521.68112075     0.00000000
522.34823215     0.00000000
523.01534356     0.00000000
523.68245497     0.00000000
524.34956638     0.00000000
525.01667779     0.00000000
525.68378919     0.00000000
526.35090060     0.00000000
527.01801201     0.00000000
527.68512342     0.00000000
528.35223482     0.00000000
529.01934623     0.00000000
529.68645764     0.00000000
530.35356905     0.00000000
531.02068045     0.00000000
531.68779186     0.00000000
532.35490327     0.00000000
533.02201468     0.00000000
533.68912608     0.00000000
534.35623749     0.00000000
535.02334890     0.00000000
535.69046031     0.00000000
536.35757171     0.00000000
537.02468312     0.00000000
537.69179453     0.00000000
538.35890594     0.00000000
539.02601734    -0.00000000
539.69312875    -0.00000000
540.36024016    -0.00000000
541.02735157    -0.00000000
541.69446298    -0.00000000
542.36157438    -0.00000000
543.02868579    -0.00000000
543.69579720    -0.00000000
544.36290861    -0.00000000
545.03002001    -0.00000000
545.69713142    -0.00000000
546.36424283    -0.00000000
547.03135424    -0.00000000
547.69846564    -0.00000000
548.36557705    -0.00000000
549.03268846    -0.00000000
549.69979987    -0.00000000
550.36691127    -0.00000000
551.03402268    -0.00000000
551.70113409    -0.00000000
552.36824550    -0.00000000
553.03535690    -0.00000000
553.70246831    -0.00000000
554.36957972    -0.00000000
555.03669113    -0.00000000
555.70380254    -0.00000000
556.37091394    -0.00000000
557.03802535    -0.00000000
557.70513676    -0.00000000
558.37224817    -0.00000000
559.03935957    -0.00000000
559.70647098    -0.00000000
560.37358239     0.00000000
561.04069380     0.00000000
561.70780520     0.00000000
562.37491661     0.00000000
563.04202802     0.00000000
563.70913943     0.00000000
564.37625083     0.00000000
565.04336224     0.00000000
565.71047365     0.00000000
566.37758506     0.00000000
567.04469646     0.00000000
567.71180787     0.00000000
568.37891928     0.00000000
569.04603069     0.00000000
569.71314209     0.00000000
570.38025350     0.00000000
571.04736491     0.00000000
571.71447632     0.00000000
572.38158773     0.00000000
573.04869913     0.00000000
573.71581054     0.00000000
574.38292195     0.00000000
575.05003336     0.00000000
575.71714476     0.00000000
576.38425617     0.00000000
577.05136758     0.00000000
577.71847899     0.00000000
578.38559039     0.00000000
579.05270180     0.00000000
579.71981321     0.00000000
580.38692462     0.00000000
581.05403602    -0.00000000
581.72114743    -0.00000000
582.38825884    -0.00000000
583.05537025    -0.00000000
583.72248165    -0.00000000
584.38959306    -0.00000000
585.05670447    -0.00000000
585.72381588    -0.00000000
586.39092728    -0.00000000
587.05803869    -0.00000000
587.72515010    -0.00000000
588.39226151    -0.00000000
589.05937292    -0.00000000
589.72648432    -0.00000000
590.39359573    -0.00000000
591.06070714    -0.00000000
591.72781855    -0.00000000
592.39492995    -0.00000000
593.06204136    -0.00000000
593.72915277    -0.00000000
594.39626418    -0.00000000
595.06337558    -0.00000000
595.73048699    -0.00000000
596.39759840    -0.00000000
597.06470981    -0.00000000
597.73182121    -0.00000000
598.39893262    -0.00000000
599.06604403    -0.00000000
599.73315544    -0.00000000
600.40026684    -0.00000000
601.06737825    -0.00000000
601.73448966     0.00000000
602.40160107     0.00000000
603.06871247     0.00000000
603.73582388     0.00000000
604.40293529     0.00000000
605.07004670     0.00000000
605.73715811     0.00000000
606.40426951     0.00000000
607.07138092     0.00000000
607.73849233     0.00000000
608.40560374     0.00000000
609.07271514     0.00000000
609.73982655     0.00000000
610.40693796     0.00000000
611.07404937     0.00000000
611.74116077     0.00000000
612.40827218     0.00000000
613.07538359     0.00000000
613.74249500     0.00000000
614.40960640     0.00000000
615.07671781     0.00000000
615.74382922     0.00000000
616.41094063     0.00000000
617.07805203     0.00000000
617.74516344     0.00000000
618.41227485     0.00000000
619.07938626     0.00000000
619.74649767     0.00000000
620.41360907     0.00000000
621.08072048     0.00000000
621.74783189    -0.00000000
622.41494330    -0.00000000
623.08205470    -0.00000000
623.74916611    -0.00000000
624.41627752    -0.00000000
625.08338893    -0.00000000
625.75050033    -0.00000000
626.41761174    -0.00000000
627.08472315    -0.00000000
627.75183456    -0.00000000
628.41894596    -0.00000000
629.08605737    -0.00000000
629.75316878    -0.00000000
630.42028019    -0.00000000
631.08739159    -0.00000000
631.75450300    -0.00000000
632.42161441    -0.00000000
633.08872582    -0.00000000
633.75583722    -0.00000000
634.42294863    -0.00000000
635.09006004    -0.00000000
635.75717145    -0.00000000
636.42428286    -0.00000000
637.09139426    -0.00000000
637.75850567    -0.00000000
638.42561708    -0.00000000
639.09272849    -0.00000000
639.75983989    -0.00000000
640.42695130    -0.00000000
641.09406271    -0.00000000
641.76117412    -0.00000000
642.42828552     0.00000000
643.09539693     0.00000000
643.76250834     0.00000000
644.42961975     0.00000000
645.09673115     0.00000000
645.76384256     0.00000000
646.43095397     0.00000000
647.09806538     0.00000000
647.76517678     0.00000000
648.43228819     0.00000000
649.09939960     0.00000000
649.76651101     0.00000000
650.43362241     0.00000000
651.10073382     0.00000000
651.76784523     0.00000000
652.43495664     0.00000000
653.10206805     0.00000000
653.76917945     0.00000000
654.43629086     0.00000000
655.10340227     0.00000000
655.77051368     0.00000000
656.43762508     0.00000000
657.10473649     0.00000000
657.77184790     0.00000000
658.43895931     0.00000000
659.10607071     0.00000000
659.77318212     0.00000000
660.44029353     0.00000000
661.10740494     0.00000000
661.77451634    -0.00000000
662.44162775    -0.00000000
663.10873916    -0.00000000
663.77585057    -0.00000000
664.44296197    -0.00000000
665.11007338    -0.00000000
665.77718479    -0.00000000
666.44429620    -0.00000000
667.11140761    -0.00000000
667.77851901    -0.00000000
668.44563042    -0.00000000
669.11274183    -0.00000000
669.77985324    -0.00000000
670.44696464    -0.00000000
671.11407605    -0.00000000
671.78118746    -0.00000000
672.44829887    -0.00000000
673.11541027    -0.00000000
673.78252168    -0.00000000
674.44963309    -0.00000000
675.11674450    -0.00000000
675.78385590    -0.00000000
676.45096731    -0.00000000
677.11807872    -0.00000000
677.78519013    -0.00000000
678.45230153    -0.00000000
679.11941294    -0.00000000
679.78652435    -0.00000000
680.45363576    -0.00000000
681.12074716    -0.00000000
681.78785857     0.00000000
682.45496998     0.00000000
683.12208139     0.00000000
683.78919280     0.00000000
684.45630420     0.00000000
685.12341561     0.00000000
685.79052702     0.00000000
686.45763843     0.00000000
687.12474983     0.00000000
687.79186124     0.00000000
688.45897265     0.00000000
689.12608406     0.00000000
689.79319546     0.00000000
690.46030687     0.00000000
691.12741828     0.00000000
691.79452969     0.00000000
692.46164109     0.00000000
693.12875250     0.00000000
693.79586391     0.00000000
694.46297532     0.00000000
695.13008672     0.00000000
695.79719813     0.00000000
696.46430954     0.00000000
697.13142095     0.00000000
697.79853235     0.00000000
698.46564376     0.00000000
699.13275517     0.00000000
699.79986658     0.00000000
700.46697799     0.00000000
701.13408939    -0.00000000
701.80120080    -0.00000000
702.46831221    -0.00000000
703.13542362    -0.00000000
703.80253502    -0.00000000
704.46964643    -0.00000000
705.13675784    -0.00000000
705.80386925    -0.00000000
706.47098065    -0.00000000
707.13809206    -0.00000000
707.80520347    -0.00000000
708.47231488    -0.00000000
709.13942628    -0.00000000
709.80653769    -0.00000000
710.47364910    -0.00000000
711.14076051    -0.00000000
711.80787191    -0.00000000
712.47498332    -0.00000000
713.14209473    -0.00000000
713.80920614    -0.00000000
714.47631755    -0.00000000
715.14342895    -0.00000000
715.81054036    -0.00000000
716.47765177    -0.00000000
717.14476318    -0.00000000
717.81187458    -0.00000000
718.47898599    -0.00000000
719.14609740    -0.00000000
719.81320881    -0.00000000
720.48032021     0.00000000
721.14743162     0.00000000
721.81454303     0.00000000
722.48165444     0.00000000
723.14876584     0.00000000
723.81587725     0.00000000
724.48298866     0.00000000
725.15010007     0.00000000
725.81721147     0.00000000
726.48432288     0.00000000
727.15143429     0.00000000
727.81854570     0.00000000
728.48565710     0.00000000
729.15276851     0.00000000
729.81987992     0.00000000
730.48699133     0.00000000
731.15410274     0.00000000
731.82121414     0.00000000
732.48832555     0.00000000
733.15543696     0.00000000
733.82254837     0.00000000
734.48965977     0.00000000
735.15677118     0.00000000
735.82388259     0.00000000
736.49099400     0.00000000
737.15810540     0.00000000
737.82521681     0.00000000
738.49232822     0.00000000
739.15943963     0.00000000
739.82655103    -0.00000000
740.49366244    -0.00000000
741.16077385    -0.00000000
741.82788526    -0.00000000
742.49499666    -0.00000000
743.16210807    -0.00000000
743.82921948    -0.00000000
744.49633089    -0.00000000
745.16344229    -0.00000000
745.83055370    -0.00000000
746.49766511    -0.00000000
747.16477652    -0.00000000
747.83188793    -0.00000000
748.49899933    -0.00000000
749.16611074    -0.00000000
749.83322215    -0.00000000
750.50033356    -0.00000000
751.16744496    -0.00000000
751.83455637    -0.00000000
752.50166778    -0.00000000
753.16877919    -0.00000000
753.83589059    -0.00000000
754.50300200    -0.00000000
755.17011341    -0.00000000
755.83722482    -0.00000000
756.50433622    -0.00000000
757.17144763    -0.00000000
757.83855904    -0.00000000
758.50567045    -0.00000000
759.17278185     0.00000000
759.83989326     0.00000000
760.50700467     0.00000000
761.17411608     0.00000000
761.84122748     0.00000000
762.50833889     0.00000000
763.17545030     0.00000000
763.84256171     0.00000000
764.50967312     0.00000000
765.17678452     0.00000000
765.84389593     0.00000000
766.51100734     0.00000000
767.17811875     0.00000000
767.84523015     0.00000000
768.51234156     0.00000000
769.17945297     0.00000000
769.84656438     0.00000000
770.51367578     0.00000000
771.18078719     0.00000000
771.84789860     0.00000000
772.51501001     0.00000000
773.18212141     0.00000000
773.84923282     0.00000000
774.51634423     0.00000000
775.18345564     0.00000000
775.85056704     0.00000000
776.51767845     0.00000000
777.18478986     0.00000000
777.85190127    -0.00000000
778.51901268    -0.00000000
779.18612408    -0.00000000
779.85323549    -0.00000000
780.52034690    -0.00000000
781.18745831    -0.00000000
781.85456971    -0.00000000
782.52168112    -0.00000000
783.18879253    -0.00000000
783.85590394    -0.00000000
784.52301534    -0.00000000
785.19012675    -0.00000000
785.85723816    -0.00000000
786.52434957    -0.00000000
787.19146097    -0.00000000
787.85857238    -0.00000000
788.52568379    -0.00000000
789.19279520    -0.00000000
789.85990660    -0.00000000
790.52701801    -0.00000000
791.19412942    -0.00000000
791.86124083    -0.00000000
792.52835223    -0.00000000
793.19546364    -0.00000000
793.86257505    -0.00000000
794.52968646    -0.00000000
795.19679787    -0.00000000
795.86390927    -0.00000000
796.53102068     0.00000000
797.19813209     0.00000000
797.86524350     0.00000000
798.53235490     0.00000000
799.19946631     0.00000000
799.86657772     0.00000000
800.53368913     0.00000000
801.20080053     0.00000000
801.86791194     0.00000000
802.53502335     0.00000000
803.20213476     0.00000000
803.86924616     0.00000000
804.53635757     0.00000000
805.20346898     0.00000000
805.87058039     0.00000000
806.53769179     0.00000000
807.20480320     0.00000000
807.87191461     0.00000000
808.53902602     0.00000000
809.20613742     0.00000000
809.87324883     0.00000000
810.54036024     0.00000000
811.20747165     0.00000000
811.87458306     0.00000000
812.54169446     0.00000000
813.20880587     0.00000000
813.87591728     0.00000000
814.54302869     0.00000000
815.21014009    -0.00000000
815.87725150    -0.00000000
816.54436291    -0.00000000
817.21147432    -0.00000000
817.87858572    -0.00000000
818.54569713    -0.00000000
819.21280854    -0.00000000
819.87991995    -0.00000000
820.54703135    -0.00000000
821.21414276    -0.00000000
821.88125417    -0.00000000
822.54836558    -0.00000000
823.21547698    -0.00000000
823.88258839    -0.00000000
824.54969980    -0.00000000
825.21681121    -0.00000000
825.88392262    -0.00000000
826.55103402    -0.00000000
827.21814543    -0.00000000
827.88525684    -0.00000000
828.55236825    -0.00000000
829.21947965    -0.00000000
829.88659106    -0.00000000
830.55370247    -0.00000000
831.22081388    -0.00000000
831.88792528    -0.00000000
832.55503669    -0.00000000
833.22214810    -0.00000000
833.88925951     0.00000000
834.55637091     0.00000000
835.22348232     0.00000000
835.89059373     0.00000000
836.55770514     0.00000000
837.22481654     0.00000000
837.89192795     0.00000000
838.55903936     0.00000000
839.22615077     0.00000000
839.89326217     0.00000000
840.56037358     0.00000000
841.22748499     0.00000000
841.89459640     0.00000000
842.56170781     0.00000000
843.22881921     0.00000000
843.89593062     0.00000000
844.56304203     0.00000000
845.23015344     0.00000000
845.89726484     0.00000000
846.56437625     0.00000000
847.23148766     0.00000000
847.89859907     0.00000000
848.56571047     0.00000000
849.23282188     0.00000000
849.89993329     0.00000000
850.56704470     0.00000000
851.23415610     0.00000000
851.90126751    -0.00000000
852.56837892    -0.00000000
853.23549033    -0.00000000
853.90260173    -0.00000000
854.56971314    -0.00000000
855.23682455    -0.00000000
855.90393596    -0.00000000
856.57104736    -0.00000000
857.23815877    -0.00000000
857.90527018    -0.00000000
858.57238159    -0.00000000
859.23949300    -0.00000000
859.90660440    -0.00000000
860.57371581    -0.00000000
861.24082722    -0.00000000
861.90793863    -0.00000000
862.57505003    -0.00000000
863.24216144    -0.00000000
863.90927285    -0.00000000
864.57638426    -0.00000000
865.24349566    -0.00000000
865.91060707    -0.00000000
866.57771848    -0.00000000
867.24482989    -0.00000000
867.91194129    -0.00000000
868.57905270    -0.00000000
869.24616411    -0.00000000
869.91327552     0.00000000
870.58038692     0.00000000
871.24749833     0.00000000
871.91460974     0.00000000
872.58172115     0.00000000
873.24883256     0.00000000
873.91594396     0.00000000
874.58305537     0.00000000
875.25016678     0.00000000
875.91727819     0.00000000
876.58438959     0.00000000
877.25150100     0.00000000
877.91861241     0.00000000
878.58572382     0.00000000
879.25283522     0.00000000
879.91994663     0.00000000
880.58705804     0.00000000
881.25416945     0.00000000
881.92128085     0.00000000
882.58839226     0.00000000
883.25550367     0.00000000
883.92261508     0.00000000
884.58972648     0.00000000
885.25683789     0.00000000
885.92394930     0.00000000
886.59106071     0.00000000
887.25817211     0.00000000
887.92528352    -0.00000000
888.59239493    -0.00000000
889.25950634    -0.00000000
889.92661775    -0.00000000
890.59372915    -0.00000000
891.26084056    -0.00000000
891.92795197    -0.00000000
892.59506338    -0.00000000
893.26217478    -0.00000000
893.92928619    -0.00000000
894.59639760    -0.00000000
895.26350901    -0.00000000
895.93062041    -0.00000000
896.59773182    -0.00000000
897.26484323    -0.00000000
897.93195464    -0.00000000
898.59906604    -0.00000000
899.26617745    -0.00000000
899.93328886    -0.00000000
900.60040027    -0.00000000
901.26751167    -0.00000000
901.93462308    -0.00000000
902.60173449    -0.00000000
903.26884590    -0.00000000
903.93595730    -0.00000000
904.60306871    -0.00000000
905.27018012    -0.00000000
905.93729153     0.00000000
906.60440294     0.00000000
907.27151434     0.00000000
907.93862575     0.00000000
908.60573716     0.00000000
909.27284857     0.00000000
909.93995997     0.00000000
910.60707138     0.00000000
911.27418279     0.00000000
911.94129420     0.00000000
912.60840560     0.00000000
913.27551701     0.00000000
913.94262842     0.00000000
914.60973983     0.00000000
915.27685123     0.00000000
915.94396264     0.00000000
916.61107405     0.00000000
917.27818546     0.00000000
917.94529686     0.00000000
918.61240827     0.00000000
919.27951968     0.00000000
919.94663109     0.00000000
920.61374249     0.00000000
921.28085390     0.00000000
921.94796531     0.00000000
922.61507672     0.00000000
923.28218813     0.00000000
923.94929953    -0.00000000
924.61641094    -0.00000000
925.28352235    -0.00000000
925.95063376    -0.00000000
926.61774516    -0.00000000
927.28485657    -0.00000000
927.95196798    -0.00000000
928.61907939    -0.00000000
929.28619079    -0.00000000
929.95330220    -0.00000000
930.62041361    -0.00000000
931.28752502    -0.00000000
931.95463642    -0.00000000
932.62174783    -0.00000000
933.28885924    -0.00000000
933.95597065    -0.00000000
934.62308205    -0.00000000
935.29019346    -0.00000000
935.95730487    -0.00000000
936.62441628    -0.00000000
937.29152769    -0.00000000
937.95863909    -0.00000000
938.62575050    -0.00000000
939.29286191    -0.00000000
939.95997332    -0.00000000
940.62708472    -0.00000000
941.29419613    -0.00000000
941.96130754     0.00000000
942.62841895     0.00000000
943.29553035     0.00000000
943.96264176     0.00000000
944.62975317     0.00000000
945.29686458     0.00000000
945.96397598     0.00000000
946.63108739     0.00000000
947.29819880     0.00000000
947.96531021     0.00000000
948.63242161     0.00000000
949.29953302     0.00000000
949.96664443     0.00000000
950.63375584     0.00000000
951.30086724     0.00000000
951.96797865     0.00000000
952.63509006     0.00000000
953.30220147     0.00000000
953.96931288     0.00000000
954.63642428     0.00000000
955.30353569     0.00000000
955.97064710     0.00000000
956.63775851     0.00000000
957.30486991     0.00000000
957.97198132     0.00000000
958.63909273     0.00000000
959.30620414    -0.00000000
959.97331554    -0.00000000
960.64042695    -0.00000000
961.30753836    -0.00000000
961.97464977    -0.00000000
962.64176117    -0.00000000
963.30887258    -0.00000000
963.97598399    -0.00000000
964.64309540    -0.00000000
965.31020680    -0.00000000
965.97731821    -0.00000000
966.64442962    -0.00000000
967.31154103    -0.00000000
967.97865243    -0.00000000
968.64576384    -0.00000000
969.31287525    -0.00000000
969.97998666    -0.00000000
970.64709807    -0.00000000
971.31420947    -0.00000000
971.98132088    -0.00000000
972.64843229    -0.00000000
973.31554370    -0.00000000
973.98265510    -0.00000000
974.64976651    -0.00000000
975.31687792    -0.00000000
975.98398933    -0.00000000
976.65110073     0.00000000
977.31821214     0.00000000
977.98532355     0.00000000
978.65243496     0.00000000
979.31954636     0.00000000
979.98665777     0.00000000
980.65376918     0.00000000
981.32088059     0.00000000
981.98799199     0.00000000
982.65510340     0.00000000
983.32221481     0.00000000
983.98932622     0.00000000
984.65643763     0.00000000
985.32354903     0.00000000
985.99066044     0.00000000
986.65777185     0.00000000
987.32488326     0.00000000
987.99199466     0.00000000
988.65910607     0.00000000
989.32621748     0.00000000
989.99332889     0.00000000
990.66044029     0.00000000
991.32755170     0.00000000
991.99466311     0.00000000
992.66177452     0.00000000
993.32888592     0.00000000
993.99599733     0.00000000
994.66310874     0.00000000
995.33022015     0.00000000
995.99733155     0.00000000
996.66444296     0.00000000
997.33155437     0.00000000
997.99866578     0.00000000
998.66577718    -0.00000000
999.33288859    -0.00000000
1000.00000000     0.00000000
